[2025-10-10T08:37:55.591+0000] {processor.py:186} INFO - Started process (PID=92) to work on /home/airflow/.local/lib/python3.12/site-packages/airflow/example_dags/example_sla_dag.py
[2025-10-10T08:37:55.594+0000] {processor.py:914} INFO - Processing file /home/airflow/.local/lib/python3.12/site-packages/airflow/example_dags/example_sla_dag.py for tasks to queue
[2025-10-10T08:37:55.600+0000] {logging_mixin.py:190} INFO - [2025-10-10T08:37:55.599+0000] {dagbag.py:587} INFO - Filling up the DagBag from /home/airflow/.local/lib/python3.12/site-packages/airflow/example_dags/example_sla_dag.py
[2025-10-10T08:37:55.628+0000] {processor.py:925} INFO - DAG(s) 'example_sla_dag' retrieved from /home/airflow/.local/lib/python3.12/site-packages/airflow/example_dags/example_sla_dag.py
[2025-10-10T08:37:55.674+0000] {logging_mixin.py:190} INFO - [2025-10-10T08:37:55.674+0000] {dag.py:3211} INFO - Sync 1 DAGs
[2025-10-10T08:37:55.729+0000] {logging_mixin.py:190} INFO - [2025-10-10T08:37:55.728+0000] {dag.py:4138} INFO - Setting next_dagrun for example_sla_dag to 2025-10-10 08:34:00+00:00, run_after=2025-10-10 08:36:00+00:00
[2025-10-10T08:37:55.768+0000] {processor.py:208} INFO - Processing /home/airflow/.local/lib/python3.12/site-packages/airflow/example_dags/example_sla_dag.py took 0.197 seconds
[2025-10-10T08:38:26.219+0000] {processor.py:186} INFO - Started process (PID=154) to work on /home/airflow/.local/lib/python3.12/site-packages/airflow/example_dags/example_sla_dag.py
[2025-10-10T08:38:26.225+0000] {processor.py:914} INFO - Processing file /home/airflow/.local/lib/python3.12/site-packages/airflow/example_dags/example_sla_dag.py for tasks to queue
[2025-10-10T08:38:26.243+0000] {logging_mixin.py:190} INFO - [2025-10-10T08:38:26.242+0000] {dagbag.py:587} INFO - Filling up the DagBag from /home/airflow/.local/lib/python3.12/site-packages/airflow/example_dags/example_sla_dag.py
[2025-10-10T08:38:26.296+0000] {processor.py:925} INFO - DAG(s) 'example_sla_dag' retrieved from /home/airflow/.local/lib/python3.12/site-packages/airflow/example_dags/example_sla_dag.py
[2025-10-10T08:38:26.402+0000] {logging_mixin.py:190} INFO - [2025-10-10T08:38:26.400+0000] {dag.py:3211} INFO - Sync 1 DAGs
[2025-10-10T08:38:26.502+0000] {logging_mixin.py:190} INFO - [2025-10-10T08:38:26.502+0000] {dag.py:4138} INFO - Setting next_dagrun for example_sla_dag to 2025-10-10 08:36:00+00:00, run_after=2025-10-10 08:38:00+00:00
[2025-10-10T08:38:26.583+0000] {processor.py:208} INFO - Processing /home/airflow/.local/lib/python3.12/site-packages/airflow/example_dags/example_sla_dag.py took 0.392 seconds
[2025-10-10T08:38:56.673+0000] {processor.py:186} INFO - Started process (PID=217) to work on /home/airflow/.local/lib/python3.12/site-packages/airflow/example_dags/example_sla_dag.py
[2025-10-10T08:38:56.676+0000] {processor.py:914} INFO - Processing file /home/airflow/.local/lib/python3.12/site-packages/airflow/example_dags/example_sla_dag.py for tasks to queue
[2025-10-10T08:38:56.682+0000] {logging_mixin.py:190} INFO - [2025-10-10T08:38:56.681+0000] {dagbag.py:587} INFO - Filling up the DagBag from /home/airflow/.local/lib/python3.12/site-packages/airflow/example_dags/example_sla_dag.py
[2025-10-10T08:38:56.710+0000] {processor.py:925} INFO - DAG(s) 'example_sla_dag' retrieved from /home/airflow/.local/lib/python3.12/site-packages/airflow/example_dags/example_sla_dag.py
[2025-10-10T08:38:56.778+0000] {logging_mixin.py:190} INFO - [2025-10-10T08:38:56.777+0000] {dag.py:3211} INFO - Sync 1 DAGs
[2025-10-10T08:38:56.853+0000] {logging_mixin.py:190} INFO - [2025-10-10T08:38:56.852+0000] {dag.py:4138} INFO - Setting next_dagrun for example_sla_dag to 2025-10-10 08:36:00+00:00, run_after=2025-10-10 08:38:00+00:00
[2025-10-10T08:38:56.905+0000] {processor.py:208} INFO - Processing /home/airflow/.local/lib/python3.12/site-packages/airflow/example_dags/example_sla_dag.py took 0.247 seconds
[2025-10-10T08:39:27.982+0000] {processor.py:186} INFO - Started process (PID=280) to work on /home/airflow/.local/lib/python3.12/site-packages/airflow/example_dags/example_sla_dag.py
[2025-10-10T08:39:27.985+0000] {processor.py:914} INFO - Processing file /home/airflow/.local/lib/python3.12/site-packages/airflow/example_dags/example_sla_dag.py for tasks to queue
[2025-10-10T08:39:27.992+0000] {logging_mixin.py:190} INFO - [2025-10-10T08:39:27.991+0000] {dagbag.py:587} INFO - Filling up the DagBag from /home/airflow/.local/lib/python3.12/site-packages/airflow/example_dags/example_sla_dag.py
[2025-10-10T08:39:28.018+0000] {processor.py:925} INFO - DAG(s) 'example_sla_dag' retrieved from /home/airflow/.local/lib/python3.12/site-packages/airflow/example_dags/example_sla_dag.py
[2025-10-10T08:39:28.106+0000] {logging_mixin.py:190} INFO - [2025-10-10T08:39:28.104+0000] {dag.py:3211} INFO - Sync 1 DAGs
[2025-10-10T08:39:28.181+0000] {logging_mixin.py:190} INFO - [2025-10-10T08:39:28.181+0000] {dag.py:4138} INFO - Setting next_dagrun for example_sla_dag to 2025-10-10 08:36:00+00:00, run_after=2025-10-10 08:38:00+00:00
[2025-10-10T08:39:28.231+0000] {processor.py:208} INFO - Processing /home/airflow/.local/lib/python3.12/site-packages/airflow/example_dags/example_sla_dag.py took 0.263 seconds
[2025-10-10T08:40:00.206+0000] {processor.py:186} INFO - Started process (PID=343) to work on /home/airflow/.local/lib/python3.12/site-packages/airflow/example_dags/example_sla_dag.py
[2025-10-10T08:40:00.208+0000] {processor.py:914} INFO - Processing file /home/airflow/.local/lib/python3.12/site-packages/airflow/example_dags/example_sla_dag.py for tasks to queue
[2025-10-10T08:40:00.215+0000] {logging_mixin.py:190} INFO - [2025-10-10T08:40:00.214+0000] {dagbag.py:587} INFO - Filling up the DagBag from /home/airflow/.local/lib/python3.12/site-packages/airflow/example_dags/example_sla_dag.py
[2025-10-10T08:40:00.251+0000] {processor.py:925} INFO - DAG(s) 'example_sla_dag' retrieved from /home/airflow/.local/lib/python3.12/site-packages/airflow/example_dags/example_sla_dag.py
[2025-10-10T08:40:00.380+0000] {logging_mixin.py:190} INFO - [2025-10-10T08:40:00.379+0000] {dag.py:3211} INFO - Sync 1 DAGs
[2025-10-10T08:40:00.587+0000] {logging_mixin.py:190} INFO - [2025-10-10T08:40:00.585+0000] {dag.py:4138} INFO - Setting next_dagrun for example_sla_dag to 2025-10-10 08:38:00+00:00, run_after=2025-10-10 08:40:00+00:00
[2025-10-10T08:40:00.663+0000] {processor.py:208} INFO - Processing /home/airflow/.local/lib/python3.12/site-packages/airflow/example_dags/example_sla_dag.py took 0.473 seconds
[2025-10-10T08:40:30.765+0000] {processor.py:186} INFO - Started process (PID=406) to work on /home/airflow/.local/lib/python3.12/site-packages/airflow/example_dags/example_sla_dag.py
[2025-10-10T08:40:30.768+0000] {processor.py:914} INFO - Processing file /home/airflow/.local/lib/python3.12/site-packages/airflow/example_dags/example_sla_dag.py for tasks to queue
[2025-10-10T08:40:30.778+0000] {logging_mixin.py:190} INFO - [2025-10-10T08:40:30.777+0000] {dagbag.py:587} INFO - Filling up the DagBag from /home/airflow/.local/lib/python3.12/site-packages/airflow/example_dags/example_sla_dag.py
[2025-10-10T08:40:30.810+0000] {processor.py:925} INFO - DAG(s) 'example_sla_dag' retrieved from /home/airflow/.local/lib/python3.12/site-packages/airflow/example_dags/example_sla_dag.py
[2025-10-10T08:40:30.867+0000] {logging_mixin.py:190} INFO - [2025-10-10T08:40:30.867+0000] {dag.py:3211} INFO - Sync 1 DAGs
[2025-10-10T08:40:30.938+0000] {logging_mixin.py:190} INFO - [2025-10-10T08:40:30.937+0000] {dag.py:4138} INFO - Setting next_dagrun for example_sla_dag to 2025-10-10 08:38:00+00:00, run_after=2025-10-10 08:40:00+00:00
[2025-10-10T08:40:30.985+0000] {processor.py:208} INFO - Processing /home/airflow/.local/lib/python3.12/site-packages/airflow/example_dags/example_sla_dag.py took 0.239 seconds
[2025-10-10T08:41:01.804+0000] {processor.py:186} INFO - Started process (PID=469) to work on /home/airflow/.local/lib/python3.12/site-packages/airflow/example_dags/example_sla_dag.py
[2025-10-10T08:41:01.808+0000] {processor.py:914} INFO - Processing file /home/airflow/.local/lib/python3.12/site-packages/airflow/example_dags/example_sla_dag.py for tasks to queue
[2025-10-10T08:41:01.815+0000] {logging_mixin.py:190} INFO - [2025-10-10T08:41:01.815+0000] {dagbag.py:587} INFO - Filling up the DagBag from /home/airflow/.local/lib/python3.12/site-packages/airflow/example_dags/example_sla_dag.py
[2025-10-10T08:41:01.843+0000] {processor.py:925} INFO - DAG(s) 'example_sla_dag' retrieved from /home/airflow/.local/lib/python3.12/site-packages/airflow/example_dags/example_sla_dag.py
[2025-10-10T08:41:01.896+0000] {logging_mixin.py:190} INFO - [2025-10-10T08:41:01.895+0000] {dag.py:3211} INFO - Sync 1 DAGs
[2025-10-10T08:41:01.973+0000] {logging_mixin.py:190} INFO - [2025-10-10T08:41:01.972+0000] {dag.py:4138} INFO - Setting next_dagrun for example_sla_dag to 2025-10-10 08:38:00+00:00, run_after=2025-10-10 08:40:00+00:00
[2025-10-10T08:41:02.021+0000] {processor.py:208} INFO - Processing /home/airflow/.local/lib/python3.12/site-packages/airflow/example_dags/example_sla_dag.py took 0.233 seconds
[2025-10-10T08:41:32.180+0000] {processor.py:186} INFO - Started process (PID=532) to work on /home/airflow/.local/lib/python3.12/site-packages/airflow/example_dags/example_sla_dag.py
[2025-10-10T08:41:32.183+0000] {processor.py:914} INFO - Processing file /home/airflow/.local/lib/python3.12/site-packages/airflow/example_dags/example_sla_dag.py for tasks to queue
[2025-10-10T08:41:32.189+0000] {logging_mixin.py:190} INFO - [2025-10-10T08:41:32.189+0000] {dagbag.py:587} INFO - Filling up the DagBag from /home/airflow/.local/lib/python3.12/site-packages/airflow/example_dags/example_sla_dag.py
[2025-10-10T08:41:32.221+0000] {processor.py:925} INFO - DAG(s) 'example_sla_dag' retrieved from /home/airflow/.local/lib/python3.12/site-packages/airflow/example_dags/example_sla_dag.py
[2025-10-10T08:41:32.273+0000] {logging_mixin.py:190} INFO - [2025-10-10T08:41:32.273+0000] {dag.py:3211} INFO - Sync 1 DAGs
[2025-10-10T08:41:32.341+0000] {logging_mixin.py:190} INFO - [2025-10-10T08:41:32.341+0000] {dag.py:4138} INFO - Setting next_dagrun for example_sla_dag to 2025-10-10 08:38:00+00:00, run_after=2025-10-10 08:40:00+00:00
[2025-10-10T08:41:32.388+0000] {processor.py:208} INFO - Processing /home/airflow/.local/lib/python3.12/site-packages/airflow/example_dags/example_sla_dag.py took 0.226 seconds
[2025-10-10T08:42:02.818+0000] {processor.py:186} INFO - Started process (PID=595) to work on /home/airflow/.local/lib/python3.12/site-packages/airflow/example_dags/example_sla_dag.py
[2025-10-10T08:42:02.820+0000] {processor.py:914} INFO - Processing file /home/airflow/.local/lib/python3.12/site-packages/airflow/example_dags/example_sla_dag.py for tasks to queue
[2025-10-10T08:42:02.828+0000] {logging_mixin.py:190} INFO - [2025-10-10T08:42:02.827+0000] {dagbag.py:587} INFO - Filling up the DagBag from /home/airflow/.local/lib/python3.12/site-packages/airflow/example_dags/example_sla_dag.py
[2025-10-10T08:42:02.848+0000] {processor.py:925} INFO - DAG(s) 'example_sla_dag' retrieved from /home/airflow/.local/lib/python3.12/site-packages/airflow/example_dags/example_sla_dag.py
[2025-10-10T08:42:02.894+0000] {logging_mixin.py:190} INFO - [2025-10-10T08:42:02.893+0000] {dag.py:3211} INFO - Sync 1 DAGs
[2025-10-10T08:42:02.955+0000] {logging_mixin.py:190} INFO - [2025-10-10T08:42:02.954+0000] {dag.py:4138} INFO - Setting next_dagrun for example_sla_dag to 2025-10-10 08:40:00+00:00, run_after=2025-10-10 08:42:00+00:00
[2025-10-10T08:42:03.002+0000] {processor.py:208} INFO - Processing /home/airflow/.local/lib/python3.12/site-packages/airflow/example_dags/example_sla_dag.py took 0.200 seconds
[2025-10-10T08:42:33.925+0000] {processor.py:186} INFO - Started process (PID=658) to work on /home/airflow/.local/lib/python3.12/site-packages/airflow/example_dags/example_sla_dag.py
[2025-10-10T08:42:33.929+0000] {processor.py:914} INFO - Processing file /home/airflow/.local/lib/python3.12/site-packages/airflow/example_dags/example_sla_dag.py for tasks to queue
[2025-10-10T08:42:33.939+0000] {logging_mixin.py:190} INFO - [2025-10-10T08:42:33.938+0000] {dagbag.py:587} INFO - Filling up the DagBag from /home/airflow/.local/lib/python3.12/site-packages/airflow/example_dags/example_sla_dag.py
[2025-10-10T08:42:33.969+0000] {processor.py:925} INFO - DAG(s) 'example_sla_dag' retrieved from /home/airflow/.local/lib/python3.12/site-packages/airflow/example_dags/example_sla_dag.py
[2025-10-10T08:42:34.026+0000] {logging_mixin.py:190} INFO - [2025-10-10T08:42:34.025+0000] {dag.py:3211} INFO - Sync 1 DAGs
[2025-10-10T08:42:34.105+0000] {logging_mixin.py:190} INFO - [2025-10-10T08:42:34.104+0000] {dag.py:4138} INFO - Setting next_dagrun for example_sla_dag to 2025-10-10 08:40:00+00:00, run_after=2025-10-10 08:42:00+00:00
[2025-10-10T08:42:34.154+0000] {processor.py:208} INFO - Processing /home/airflow/.local/lib/python3.12/site-packages/airflow/example_dags/example_sla_dag.py took 0.248 seconds
[2025-10-10T08:43:05.096+0000] {processor.py:186} INFO - Started process (PID=721) to work on /home/airflow/.local/lib/python3.12/site-packages/airflow/example_dags/example_sla_dag.py
[2025-10-10T08:43:05.100+0000] {processor.py:914} INFO - Processing file /home/airflow/.local/lib/python3.12/site-packages/airflow/example_dags/example_sla_dag.py for tasks to queue
[2025-10-10T08:43:05.111+0000] {logging_mixin.py:190} INFO - [2025-10-10T08:43:05.109+0000] {dagbag.py:587} INFO - Filling up the DagBag from /home/airflow/.local/lib/python3.12/site-packages/airflow/example_dags/example_sla_dag.py
[2025-10-10T08:43:05.155+0000] {processor.py:925} INFO - DAG(s) 'example_sla_dag' retrieved from /home/airflow/.local/lib/python3.12/site-packages/airflow/example_dags/example_sla_dag.py
[2025-10-10T08:43:05.224+0000] {logging_mixin.py:190} INFO - [2025-10-10T08:43:05.224+0000] {dag.py:3211} INFO - Sync 1 DAGs
[2025-10-10T08:43:05.315+0000] {logging_mixin.py:190} INFO - [2025-10-10T08:43:05.314+0000] {dag.py:4138} INFO - Setting next_dagrun for example_sla_dag to 2025-10-10 08:40:00+00:00, run_after=2025-10-10 08:42:00+00:00
[2025-10-10T08:43:05.420+0000] {processor.py:208} INFO - Processing /home/airflow/.local/lib/python3.12/site-packages/airflow/example_dags/example_sla_dag.py took 0.340 seconds
[2025-10-10T08:43:36.557+0000] {processor.py:186} INFO - Started process (PID=784) to work on /home/airflow/.local/lib/python3.12/site-packages/airflow/example_dags/example_sla_dag.py
[2025-10-10T08:43:36.560+0000] {processor.py:914} INFO - Processing file /home/airflow/.local/lib/python3.12/site-packages/airflow/example_dags/example_sla_dag.py for tasks to queue
[2025-10-10T08:43:36.567+0000] {logging_mixin.py:190} INFO - [2025-10-10T08:43:36.565+0000] {dagbag.py:587} INFO - Filling up the DagBag from /home/airflow/.local/lib/python3.12/site-packages/airflow/example_dags/example_sla_dag.py
[2025-10-10T08:43:36.596+0000] {processor.py:925} INFO - DAG(s) 'example_sla_dag' retrieved from /home/airflow/.local/lib/python3.12/site-packages/airflow/example_dags/example_sla_dag.py
[2025-10-10T08:43:36.693+0000] {logging_mixin.py:190} INFO - [2025-10-10T08:43:36.692+0000] {dag.py:3211} INFO - Sync 1 DAGs
[2025-10-10T08:43:36.848+0000] {logging_mixin.py:190} INFO - [2025-10-10T08:43:36.847+0000] {dag.py:4138} INFO - Setting next_dagrun for example_sla_dag to 2025-10-10 08:40:00+00:00, run_after=2025-10-10 08:42:00+00:00
[2025-10-10T08:43:36.941+0000] {processor.py:208} INFO - Processing /home/airflow/.local/lib/python3.12/site-packages/airflow/example_dags/example_sla_dag.py took 0.398 seconds
[2025-10-10T08:44:07.618+0000] {processor.py:186} INFO - Started process (PID=847) to work on /home/airflow/.local/lib/python3.12/site-packages/airflow/example_dags/example_sla_dag.py
[2025-10-10T08:44:07.622+0000] {processor.py:914} INFO - Processing file /home/airflow/.local/lib/python3.12/site-packages/airflow/example_dags/example_sla_dag.py for tasks to queue
[2025-10-10T08:44:07.631+0000] {logging_mixin.py:190} INFO - [2025-10-10T08:44:07.630+0000] {dagbag.py:587} INFO - Filling up the DagBag from /home/airflow/.local/lib/python3.12/site-packages/airflow/example_dags/example_sla_dag.py
[2025-10-10T08:44:07.661+0000] {processor.py:925} INFO - DAG(s) 'example_sla_dag' retrieved from /home/airflow/.local/lib/python3.12/site-packages/airflow/example_dags/example_sla_dag.py
[2025-10-10T08:44:07.710+0000] {logging_mixin.py:190} INFO - [2025-10-10T08:44:07.709+0000] {dag.py:3211} INFO - Sync 1 DAGs
[2025-10-10T08:44:07.797+0000] {logging_mixin.py:190} INFO - [2025-10-10T08:44:07.796+0000] {dag.py:4138} INFO - Setting next_dagrun for example_sla_dag to 2025-10-10 08:42:00+00:00, run_after=2025-10-10 08:44:00+00:00
[2025-10-10T08:44:07.858+0000] {processor.py:208} INFO - Processing /home/airflow/.local/lib/python3.12/site-packages/airflow/example_dags/example_sla_dag.py took 0.256 seconds
[2025-10-10T08:44:39.161+0000] {processor.py:186} INFO - Started process (PID=909) to work on /home/airflow/.local/lib/python3.12/site-packages/airflow/example_dags/example_sla_dag.py
[2025-10-10T08:44:39.164+0000] {processor.py:914} INFO - Processing file /home/airflow/.local/lib/python3.12/site-packages/airflow/example_dags/example_sla_dag.py for tasks to queue
[2025-10-10T08:44:39.171+0000] {logging_mixin.py:190} INFO - [2025-10-10T08:44:39.170+0000] {dagbag.py:587} INFO - Filling up the DagBag from /home/airflow/.local/lib/python3.12/site-packages/airflow/example_dags/example_sla_dag.py
[2025-10-10T08:44:39.197+0000] {processor.py:925} INFO - DAG(s) 'example_sla_dag' retrieved from /home/airflow/.local/lib/python3.12/site-packages/airflow/example_dags/example_sla_dag.py
[2025-10-10T08:44:39.252+0000] {logging_mixin.py:190} INFO - [2025-10-10T08:44:39.251+0000] {dag.py:3211} INFO - Sync 1 DAGs
[2025-10-10T08:44:39.325+0000] {logging_mixin.py:190} INFO - [2025-10-10T08:44:39.324+0000] {dag.py:4138} INFO - Setting next_dagrun for example_sla_dag to 2025-10-10 08:42:00+00:00, run_after=2025-10-10 08:44:00+00:00
[2025-10-10T08:44:39.380+0000] {processor.py:208} INFO - Processing /home/airflow/.local/lib/python3.12/site-packages/airflow/example_dags/example_sla_dag.py took 0.235 seconds
[2025-10-10T08:45:11.458+0000] {processor.py:186} INFO - Started process (PID=972) to work on /home/airflow/.local/lib/python3.12/site-packages/airflow/example_dags/example_sla_dag.py
[2025-10-10T08:45:11.462+0000] {processor.py:914} INFO - Processing file /home/airflow/.local/lib/python3.12/site-packages/airflow/example_dags/example_sla_dag.py for tasks to queue
[2025-10-10T08:45:11.469+0000] {logging_mixin.py:190} INFO - [2025-10-10T08:45:11.469+0000] {dagbag.py:587} INFO - Filling up the DagBag from /home/airflow/.local/lib/python3.12/site-packages/airflow/example_dags/example_sla_dag.py
[2025-10-10T08:45:11.499+0000] {processor.py:925} INFO - DAG(s) 'example_sla_dag' retrieved from /home/airflow/.local/lib/python3.12/site-packages/airflow/example_dags/example_sla_dag.py
[2025-10-10T08:45:11.567+0000] {logging_mixin.py:190} INFO - [2025-10-10T08:45:11.567+0000] {dag.py:3211} INFO - Sync 1 DAGs
[2025-10-10T08:45:11.653+0000] {logging_mixin.py:190} INFO - [2025-10-10T08:45:11.653+0000] {dag.py:4138} INFO - Setting next_dagrun for example_sla_dag to 2025-10-10 08:42:00+00:00, run_after=2025-10-10 08:44:00+00:00
[2025-10-10T08:45:11.697+0000] {processor.py:208} INFO - Processing /home/airflow/.local/lib/python3.12/site-packages/airflow/example_dags/example_sla_dag.py took 0.263 seconds
[2025-10-10T08:45:42.746+0000] {processor.py:186} INFO - Started process (PID=1041) to work on /home/airflow/.local/lib/python3.12/site-packages/airflow/example_dags/example_sla_dag.py
[2025-10-10T08:45:42.749+0000] {processor.py:914} INFO - Processing file /home/airflow/.local/lib/python3.12/site-packages/airflow/example_dags/example_sla_dag.py for tasks to queue
[2025-10-10T08:45:42.755+0000] {logging_mixin.py:190} INFO - [2025-10-10T08:45:42.754+0000] {dagbag.py:587} INFO - Filling up the DagBag from /home/airflow/.local/lib/python3.12/site-packages/airflow/example_dags/example_sla_dag.py
[2025-10-10T08:45:42.787+0000] {processor.py:925} INFO - DAG(s) 'example_sla_dag' retrieved from /home/airflow/.local/lib/python3.12/site-packages/airflow/example_dags/example_sla_dag.py
[2025-10-10T08:45:42.847+0000] {logging_mixin.py:190} INFO - [2025-10-10T08:45:42.846+0000] {dag.py:3211} INFO - Sync 1 DAGs
[2025-10-10T08:45:42.917+0000] {logging_mixin.py:190} INFO - [2025-10-10T08:45:42.917+0000] {dag.py:4138} INFO - Setting next_dagrun for example_sla_dag to 2025-10-10 08:42:00+00:00, run_after=2025-10-10 08:44:00+00:00
[2025-10-10T08:45:42.963+0000] {processor.py:208} INFO - Processing /home/airflow/.local/lib/python3.12/site-packages/airflow/example_dags/example_sla_dag.py took 0.242 seconds
[2025-10-10T08:46:13.982+0000] {processor.py:186} INFO - Started process (PID=1104) to work on /home/airflow/.local/lib/python3.12/site-packages/airflow/example_dags/example_sla_dag.py
[2025-10-10T08:46:13.993+0000] {processor.py:914} INFO - Processing file /home/airflow/.local/lib/python3.12/site-packages/airflow/example_dags/example_sla_dag.py for tasks to queue
[2025-10-10T08:46:14.016+0000] {logging_mixin.py:190} INFO - [2025-10-10T08:46:14.006+0000] {dagbag.py:587} INFO - Filling up the DagBag from /home/airflow/.local/lib/python3.12/site-packages/airflow/example_dags/example_sla_dag.py
[2025-10-10T08:46:14.108+0000] {processor.py:925} INFO - DAG(s) 'example_sla_dag' retrieved from /home/airflow/.local/lib/python3.12/site-packages/airflow/example_dags/example_sla_dag.py
[2025-10-10T08:46:14.259+0000] {logging_mixin.py:190} INFO - [2025-10-10T08:46:14.258+0000] {dag.py:3211} INFO - Sync 1 DAGs
[2025-10-10T08:46:14.518+0000] {logging_mixin.py:190} INFO - [2025-10-10T08:46:14.517+0000] {dag.py:4138} INFO - Setting next_dagrun for example_sla_dag to 2025-10-10 08:44:00+00:00, run_after=2025-10-10 08:46:00+00:00
[2025-10-10T08:46:14.664+0000] {processor.py:208} INFO - Processing /home/airflow/.local/lib/python3.12/site-packages/airflow/example_dags/example_sla_dag.py took 0.727 seconds
[2025-10-10T08:46:45.154+0000] {processor.py:186} INFO - Started process (PID=1167) to work on /home/airflow/.local/lib/python3.12/site-packages/airflow/example_dags/example_sla_dag.py
[2025-10-10T08:46:45.157+0000] {processor.py:914} INFO - Processing file /home/airflow/.local/lib/python3.12/site-packages/airflow/example_dags/example_sla_dag.py for tasks to queue
[2025-10-10T08:46:45.165+0000] {logging_mixin.py:190} INFO - [2025-10-10T08:46:45.164+0000] {dagbag.py:587} INFO - Filling up the DagBag from /home/airflow/.local/lib/python3.12/site-packages/airflow/example_dags/example_sla_dag.py
[2025-10-10T08:46:45.201+0000] {processor.py:925} INFO - DAG(s) 'example_sla_dag' retrieved from /home/airflow/.local/lib/python3.12/site-packages/airflow/example_dags/example_sla_dag.py
[2025-10-10T08:46:45.253+0000] {logging_mixin.py:190} INFO - [2025-10-10T08:46:45.253+0000] {dag.py:3211} INFO - Sync 1 DAGs
[2025-10-10T08:46:45.317+0000] {logging_mixin.py:190} INFO - [2025-10-10T08:46:45.316+0000] {dag.py:4138} INFO - Setting next_dagrun for example_sla_dag to 2025-10-10 08:44:00+00:00, run_after=2025-10-10 08:46:00+00:00
[2025-10-10T08:46:45.368+0000] {processor.py:208} INFO - Processing /home/airflow/.local/lib/python3.12/site-packages/airflow/example_dags/example_sla_dag.py took 0.228 seconds
[2025-10-10T08:47:16.685+0000] {processor.py:186} INFO - Started process (PID=1230) to work on /home/airflow/.local/lib/python3.12/site-packages/airflow/example_dags/example_sla_dag.py
[2025-10-10T08:47:16.689+0000] {processor.py:914} INFO - Processing file /home/airflow/.local/lib/python3.12/site-packages/airflow/example_dags/example_sla_dag.py for tasks to queue
[2025-10-10T08:47:16.702+0000] {logging_mixin.py:190} INFO - [2025-10-10T08:47:16.701+0000] {dagbag.py:587} INFO - Filling up the DagBag from /home/airflow/.local/lib/python3.12/site-packages/airflow/example_dags/example_sla_dag.py
[2025-10-10T08:47:16.738+0000] {processor.py:925} INFO - DAG(s) 'example_sla_dag' retrieved from /home/airflow/.local/lib/python3.12/site-packages/airflow/example_dags/example_sla_dag.py
[2025-10-10T08:47:16.793+0000] {logging_mixin.py:190} INFO - [2025-10-10T08:47:16.793+0000] {dag.py:3211} INFO - Sync 1 DAGs
[2025-10-10T08:47:16.872+0000] {logging_mixin.py:190} INFO - [2025-10-10T08:47:16.871+0000] {dag.py:4138} INFO - Setting next_dagrun for example_sla_dag to 2025-10-10 08:44:00+00:00, run_after=2025-10-10 08:46:00+00:00
[2025-10-10T08:47:16.929+0000] {processor.py:208} INFO - Processing /home/airflow/.local/lib/python3.12/site-packages/airflow/example_dags/example_sla_dag.py took 0.259 seconds
[2025-10-10T08:47:47.802+0000] {processor.py:186} INFO - Started process (PID=1293) to work on /home/airflow/.local/lib/python3.12/site-packages/airflow/example_dags/example_sla_dag.py
[2025-10-10T08:47:47.805+0000] {processor.py:914} INFO - Processing file /home/airflow/.local/lib/python3.12/site-packages/airflow/example_dags/example_sla_dag.py for tasks to queue
[2025-10-10T08:47:47.815+0000] {logging_mixin.py:190} INFO - [2025-10-10T08:47:47.814+0000] {dagbag.py:587} INFO - Filling up the DagBag from /home/airflow/.local/lib/python3.12/site-packages/airflow/example_dags/example_sla_dag.py
[2025-10-10T08:47:47.848+0000] {processor.py:925} INFO - DAG(s) 'example_sla_dag' retrieved from /home/airflow/.local/lib/python3.12/site-packages/airflow/example_dags/example_sla_dag.py
[2025-10-10T08:47:47.904+0000] {logging_mixin.py:190} INFO - [2025-10-10T08:47:47.904+0000] {dag.py:3211} INFO - Sync 1 DAGs
[2025-10-10T08:47:47.972+0000] {logging_mixin.py:190} INFO - [2025-10-10T08:47:47.972+0000] {dag.py:4138} INFO - Setting next_dagrun for example_sla_dag to 2025-10-10 08:44:00+00:00, run_after=2025-10-10 08:46:00+00:00
[2025-10-10T08:47:48.020+0000] {processor.py:208} INFO - Processing /home/airflow/.local/lib/python3.12/site-packages/airflow/example_dags/example_sla_dag.py took 0.242 seconds
[2025-10-10T08:48:18.734+0000] {processor.py:186} INFO - Started process (PID=1356) to work on /home/airflow/.local/lib/python3.12/site-packages/airflow/example_dags/example_sla_dag.py
[2025-10-10T08:48:18.740+0000] {processor.py:914} INFO - Processing file /home/airflow/.local/lib/python3.12/site-packages/airflow/example_dags/example_sla_dag.py for tasks to queue
[2025-10-10T08:48:18.758+0000] {logging_mixin.py:190} INFO - [2025-10-10T08:48:18.756+0000] {dagbag.py:587} INFO - Filling up the DagBag from /home/airflow/.local/lib/python3.12/site-packages/airflow/example_dags/example_sla_dag.py
[2025-10-10T08:48:18.810+0000] {processor.py:925} INFO - DAG(s) 'example_sla_dag' retrieved from /home/airflow/.local/lib/python3.12/site-packages/airflow/example_dags/example_sla_dag.py
[2025-10-10T08:48:18.871+0000] {logging_mixin.py:190} INFO - [2025-10-10T08:48:18.870+0000] {dag.py:3211} INFO - Sync 1 DAGs
[2025-10-10T08:48:18.957+0000] {logging_mixin.py:190} INFO - [2025-10-10T08:48:18.957+0000] {dag.py:4138} INFO - Setting next_dagrun for example_sla_dag to 2025-10-10 08:46:00+00:00, run_after=2025-10-10 08:48:00+00:00
[2025-10-10T08:48:19.014+0000] {processor.py:208} INFO - Processing /home/airflow/.local/lib/python3.12/site-packages/airflow/example_dags/example_sla_dag.py took 0.312 seconds
[2025-10-10T08:48:49.815+0000] {processor.py:186} INFO - Started process (PID=1419) to work on /home/airflow/.local/lib/python3.12/site-packages/airflow/example_dags/example_sla_dag.py
[2025-10-10T08:48:49.819+0000] {processor.py:914} INFO - Processing file /home/airflow/.local/lib/python3.12/site-packages/airflow/example_dags/example_sla_dag.py for tasks to queue
[2025-10-10T08:48:49.829+0000] {logging_mixin.py:190} INFO - [2025-10-10T08:48:49.828+0000] {dagbag.py:587} INFO - Filling up the DagBag from /home/airflow/.local/lib/python3.12/site-packages/airflow/example_dags/example_sla_dag.py
[2025-10-10T08:48:49.868+0000] {processor.py:925} INFO - DAG(s) 'example_sla_dag' retrieved from /home/airflow/.local/lib/python3.12/site-packages/airflow/example_dags/example_sla_dag.py
[2025-10-10T08:48:49.934+0000] {logging_mixin.py:190} INFO - [2025-10-10T08:48:49.933+0000] {dag.py:3211} INFO - Sync 1 DAGs
[2025-10-10T08:48:50.006+0000] {logging_mixin.py:190} INFO - [2025-10-10T08:48:50.006+0000] {dag.py:4138} INFO - Setting next_dagrun for example_sla_dag to 2025-10-10 08:46:00+00:00, run_after=2025-10-10 08:48:00+00:00
[2025-10-10T08:48:50.055+0000] {processor.py:208} INFO - Processing /home/airflow/.local/lib/python3.12/site-packages/airflow/example_dags/example_sla_dag.py took 0.264 seconds
[2025-10-10T08:49:22.515+0000] {processor.py:186} INFO - Started process (PID=1482) to work on /home/airflow/.local/lib/python3.12/site-packages/airflow/example_dags/example_sla_dag.py
[2025-10-10T08:49:22.519+0000] {processor.py:914} INFO - Processing file /home/airflow/.local/lib/python3.12/site-packages/airflow/example_dags/example_sla_dag.py for tasks to queue
[2025-10-10T08:49:22.529+0000] {logging_mixin.py:190} INFO - [2025-10-10T08:49:22.528+0000] {dagbag.py:587} INFO - Filling up the DagBag from /home/airflow/.local/lib/python3.12/site-packages/airflow/example_dags/example_sla_dag.py
[2025-10-10T08:49:22.559+0000] {processor.py:925} INFO - DAG(s) 'example_sla_dag' retrieved from /home/airflow/.local/lib/python3.12/site-packages/airflow/example_dags/example_sla_dag.py
[2025-10-10T08:49:22.655+0000] {logging_mixin.py:190} INFO - [2025-10-10T08:49:22.654+0000] {dag.py:3211} INFO - Sync 1 DAGs
[2025-10-10T08:49:22.780+0000] {logging_mixin.py:190} INFO - [2025-10-10T08:49:22.779+0000] {dag.py:4138} INFO - Setting next_dagrun for example_sla_dag to 2025-10-10 08:46:00+00:00, run_after=2025-10-10 08:48:00+00:00
[2025-10-10T08:49:22.883+0000] {processor.py:208} INFO - Processing /home/airflow/.local/lib/python3.12/site-packages/airflow/example_dags/example_sla_dag.py took 0.388 seconds
[2025-10-10T08:53:54.947+0000] {processor.py:186} INFO - Started process (PID=95) to work on /home/airflow/.local/lib/python3.12/site-packages/airflow/example_dags/example_sla_dag.py
[2025-10-10T08:53:54.949+0000] {processor.py:914} INFO - Processing file /home/airflow/.local/lib/python3.12/site-packages/airflow/example_dags/example_sla_dag.py for tasks to queue
[2025-10-10T08:53:54.955+0000] {logging_mixin.py:190} INFO - [2025-10-10T08:53:54.955+0000] {dagbag.py:587} INFO - Filling up the DagBag from /home/airflow/.local/lib/python3.12/site-packages/airflow/example_dags/example_sla_dag.py
[2025-10-10T08:53:54.978+0000] {processor.py:925} INFO - DAG(s) 'example_sla_dag' retrieved from /home/airflow/.local/lib/python3.12/site-packages/airflow/example_dags/example_sla_dag.py
[2025-10-10T08:53:55.038+0000] {logging_mixin.py:190} INFO - [2025-10-10T08:53:55.038+0000] {dag.py:3211} INFO - Sync 1 DAGs
[2025-10-10T08:53:55.166+0000] {logging_mixin.py:190} INFO - [2025-10-10T08:53:55.165+0000] {dag.py:4138} INFO - Setting next_dagrun for example_sla_dag to 2025-10-10 08:50:00+00:00, run_after=2025-10-10 08:52:00+00:00
[2025-10-10T08:53:55.272+0000] {processor.py:208} INFO - Processing /home/airflow/.local/lib/python3.12/site-packages/airflow/example_dags/example_sla_dag.py took 0.339 seconds
[2025-10-10T08:54:25.486+0000] {processor.py:186} INFO - Started process (PID=157) to work on /home/airflow/.local/lib/python3.12/site-packages/airflow/example_dags/example_sla_dag.py
[2025-10-10T08:54:25.488+0000] {processor.py:914} INFO - Processing file /home/airflow/.local/lib/python3.12/site-packages/airflow/example_dags/example_sla_dag.py for tasks to queue
[2025-10-10T08:54:25.496+0000] {logging_mixin.py:190} INFO - [2025-10-10T08:54:25.495+0000] {dagbag.py:587} INFO - Filling up the DagBag from /home/airflow/.local/lib/python3.12/site-packages/airflow/example_dags/example_sla_dag.py
[2025-10-10T08:54:25.525+0000] {processor.py:925} INFO - DAG(s) 'example_sla_dag' retrieved from /home/airflow/.local/lib/python3.12/site-packages/airflow/example_dags/example_sla_dag.py
[2025-10-10T08:54:25.587+0000] {logging_mixin.py:190} INFO - [2025-10-10T08:54:25.586+0000] {dag.py:3211} INFO - Sync 1 DAGs
[2025-10-10T08:54:25.669+0000] {logging_mixin.py:190} INFO - [2025-10-10T08:54:25.668+0000] {dag.py:4138} INFO - Setting next_dagrun for example_sla_dag to 2025-10-10 08:52:00+00:00, run_after=2025-10-10 08:54:00+00:00
[2025-10-10T08:54:25.722+0000] {processor.py:208} INFO - Processing /home/airflow/.local/lib/python3.12/site-packages/airflow/example_dags/example_sla_dag.py took 0.253 seconds
[2025-10-10T08:54:56.854+0000] {processor.py:186} INFO - Started process (PID=222) to work on /home/airflow/.local/lib/python3.12/site-packages/airflow/example_dags/example_sla_dag.py
[2025-10-10T08:54:56.856+0000] {processor.py:914} INFO - Processing file /home/airflow/.local/lib/python3.12/site-packages/airflow/example_dags/example_sla_dag.py for tasks to queue
[2025-10-10T08:54:56.863+0000] {logging_mixin.py:190} INFO - [2025-10-10T08:54:56.862+0000] {dagbag.py:587} INFO - Filling up the DagBag from /home/airflow/.local/lib/python3.12/site-packages/airflow/example_dags/example_sla_dag.py
[2025-10-10T08:54:56.886+0000] {processor.py:925} INFO - DAG(s) 'example_sla_dag' retrieved from /home/airflow/.local/lib/python3.12/site-packages/airflow/example_dags/example_sla_dag.py
[2025-10-10T08:54:56.932+0000] {logging_mixin.py:190} INFO - [2025-10-10T08:54:56.932+0000] {dag.py:3211} INFO - Sync 1 DAGs
[2025-10-10T08:54:57.036+0000] {logging_mixin.py:190} INFO - [2025-10-10T08:54:57.035+0000] {dag.py:4138} INFO - Setting next_dagrun for example_sla_dag to 2025-10-10 08:52:00+00:00, run_after=2025-10-10 08:54:00+00:00
[2025-10-10T08:54:57.100+0000] {processor.py:208} INFO - Processing /home/airflow/.local/lib/python3.12/site-packages/airflow/example_dags/example_sla_dag.py took 0.260 seconds
[2025-10-10T08:58:03.972+0000] {processor.py:186} INFO - Started process (PID=96) to work on /home/airflow/.local/lib/python3.12/site-packages/airflow/example_dags/example_sla_dag.py
[2025-10-10T08:58:03.975+0000] {processor.py:914} INFO - Processing file /home/airflow/.local/lib/python3.12/site-packages/airflow/example_dags/example_sla_dag.py for tasks to queue
[2025-10-10T08:58:03.982+0000] {logging_mixin.py:190} INFO - [2025-10-10T08:58:03.981+0000] {dagbag.py:587} INFO - Filling up the DagBag from /home/airflow/.local/lib/python3.12/site-packages/airflow/example_dags/example_sla_dag.py
[2025-10-10T08:58:04.016+0000] {processor.py:925} INFO - DAG(s) 'example_sla_dag' retrieved from /home/airflow/.local/lib/python3.12/site-packages/airflow/example_dags/example_sla_dag.py
[2025-10-10T08:58:04.081+0000] {logging_mixin.py:190} INFO - [2025-10-10T08:58:04.080+0000] {dag.py:3211} INFO - Sync 1 DAGs
[2025-10-10T08:58:04.161+0000] {logging_mixin.py:190} INFO - [2025-10-10T08:58:04.160+0000] {dag.py:4138} INFO - Setting next_dagrun for example_sla_dag to 2025-10-10 08:56:00+00:00, run_after=2025-10-10 08:58:00+00:00
[2025-10-10T08:58:04.288+0000] {processor.py:208} INFO - Processing /home/airflow/.local/lib/python3.12/site-packages/airflow/example_dags/example_sla_dag.py took 0.334 seconds
[2025-10-10T08:58:34.629+0000] {processor.py:186} INFO - Started process (PID=158) to work on /home/airflow/.local/lib/python3.12/site-packages/airflow/example_dags/example_sla_dag.py
[2025-10-10T08:58:34.631+0000] {processor.py:914} INFO - Processing file /home/airflow/.local/lib/python3.12/site-packages/airflow/example_dags/example_sla_dag.py for tasks to queue
[2025-10-10T08:58:34.637+0000] {logging_mixin.py:190} INFO - [2025-10-10T08:58:34.636+0000] {dagbag.py:587} INFO - Filling up the DagBag from /home/airflow/.local/lib/python3.12/site-packages/airflow/example_dags/example_sla_dag.py
[2025-10-10T08:58:34.676+0000] {processor.py:925} INFO - DAG(s) 'example_sla_dag' retrieved from /home/airflow/.local/lib/python3.12/site-packages/airflow/example_dags/example_sla_dag.py
[2025-10-10T08:58:34.734+0000] {logging_mixin.py:190} INFO - [2025-10-10T08:58:34.733+0000] {dag.py:3211} INFO - Sync 1 DAGs
[2025-10-10T08:58:34.829+0000] {logging_mixin.py:190} INFO - [2025-10-10T08:58:34.829+0000] {dag.py:4138} INFO - Setting next_dagrun for example_sla_dag to 2025-10-10 08:56:00+00:00, run_after=2025-10-10 08:58:00+00:00
[2025-10-10T08:58:35.113+0000] {processor.py:208} INFO - Processing /home/airflow/.local/lib/python3.12/site-packages/airflow/example_dags/example_sla_dag.py took 0.501 seconds
[2025-10-10T09:01:30.450+0000] {processor.py:186} INFO - Started process (PID=95) to work on /home/airflow/.local/lib/python3.12/site-packages/airflow/example_dags/example_sla_dag.py
[2025-10-10T09:01:30.453+0000] {processor.py:914} INFO - Processing file /home/airflow/.local/lib/python3.12/site-packages/airflow/example_dags/example_sla_dag.py for tasks to queue
[2025-10-10T09:01:30.459+0000] {logging_mixin.py:190} INFO - [2025-10-10T09:01:30.458+0000] {dagbag.py:587} INFO - Filling up the DagBag from /home/airflow/.local/lib/python3.12/site-packages/airflow/example_dags/example_sla_dag.py
[2025-10-10T09:01:30.486+0000] {processor.py:925} INFO - DAG(s) 'example_sla_dag' retrieved from /home/airflow/.local/lib/python3.12/site-packages/airflow/example_dags/example_sla_dag.py
[2025-10-10T09:01:30.544+0000] {logging_mixin.py:190} INFO - [2025-10-10T09:01:30.544+0000] {dag.py:3211} INFO - Sync 1 DAGs
[2025-10-10T09:01:30.606+0000] {logging_mixin.py:190} INFO - [2025-10-10T09:01:30.605+0000] {dag.py:4138} INFO - Setting next_dagrun for example_sla_dag to 2025-10-10 08:58:00+00:00, run_after=2025-10-10 09:00:00+00:00
[2025-10-10T09:01:30.718+0000] {processor.py:208} INFO - Processing /home/airflow/.local/lib/python3.12/site-packages/airflow/example_dags/example_sla_dag.py took 0.281 seconds
[2025-10-10T09:02:01.467+0000] {processor.py:186} INFO - Started process (PID=158) to work on /home/airflow/.local/lib/python3.12/site-packages/airflow/example_dags/example_sla_dag.py
[2025-10-10T09:02:01.469+0000] {processor.py:914} INFO - Processing file /home/airflow/.local/lib/python3.12/site-packages/airflow/example_dags/example_sla_dag.py for tasks to queue
[2025-10-10T09:02:01.476+0000] {logging_mixin.py:190} INFO - [2025-10-10T09:02:01.475+0000] {dagbag.py:587} INFO - Filling up the DagBag from /home/airflow/.local/lib/python3.12/site-packages/airflow/example_dags/example_sla_dag.py
[2025-10-10T09:02:01.502+0000] {processor.py:925} INFO - DAG(s) 'example_sla_dag' retrieved from /home/airflow/.local/lib/python3.12/site-packages/airflow/example_dags/example_sla_dag.py
[2025-10-10T09:02:01.564+0000] {logging_mixin.py:190} INFO - [2025-10-10T09:02:01.564+0000] {dag.py:3211} INFO - Sync 1 DAGs
[2025-10-10T09:02:01.639+0000] {logging_mixin.py:190} INFO - [2025-10-10T09:02:01.639+0000] {dag.py:4138} INFO - Setting next_dagrun for example_sla_dag to 2025-10-10 09:00:00+00:00, run_after=2025-10-10 09:02:00+00:00
[2025-10-10T09:02:01.700+0000] {processor.py:208} INFO - Processing /home/airflow/.local/lib/python3.12/site-packages/airflow/example_dags/example_sla_dag.py took 0.251 seconds
[2025-10-10T09:02:33.402+0000] {processor.py:186} INFO - Started process (PID=220) to work on /home/airflow/.local/lib/python3.12/site-packages/airflow/example_dags/example_sla_dag.py
[2025-10-10T09:02:33.408+0000] {processor.py:914} INFO - Processing file /home/airflow/.local/lib/python3.12/site-packages/airflow/example_dags/example_sla_dag.py for tasks to queue
[2025-10-10T09:02:33.422+0000] {logging_mixin.py:190} INFO - [2025-10-10T09:02:33.420+0000] {dagbag.py:587} INFO - Filling up the DagBag from /home/airflow/.local/lib/python3.12/site-packages/airflow/example_dags/example_sla_dag.py
[2025-10-10T09:02:33.481+0000] {processor.py:925} INFO - DAG(s) 'example_sla_dag' retrieved from /home/airflow/.local/lib/python3.12/site-packages/airflow/example_dags/example_sla_dag.py
[2025-10-10T09:02:33.595+0000] {logging_mixin.py:190} INFO - [2025-10-10T09:02:33.594+0000] {dag.py:3211} INFO - Sync 1 DAGs
[2025-10-10T09:02:33.725+0000] {logging_mixin.py:190} INFO - [2025-10-10T09:02:33.724+0000] {dag.py:4138} INFO - Setting next_dagrun for example_sla_dag to 2025-10-10 09:00:00+00:00, run_after=2025-10-10 09:02:00+00:00
[2025-10-10T09:02:33.821+0000] {processor.py:208} INFO - Processing /home/airflow/.local/lib/python3.12/site-packages/airflow/example_dags/example_sla_dag.py took 0.454 seconds
[2025-10-10T09:03:04.191+0000] {processor.py:186} INFO - Started process (PID=284) to work on /home/airflow/.local/lib/python3.12/site-packages/airflow/example_dags/example_sla_dag.py
[2025-10-10T09:03:04.195+0000] {processor.py:914} INFO - Processing file /home/airflow/.local/lib/python3.12/site-packages/airflow/example_dags/example_sla_dag.py for tasks to queue
[2025-10-10T09:03:04.205+0000] {logging_mixin.py:190} INFO - [2025-10-10T09:03:04.204+0000] {dagbag.py:587} INFO - Filling up the DagBag from /home/airflow/.local/lib/python3.12/site-packages/airflow/example_dags/example_sla_dag.py
[2025-10-10T09:03:04.237+0000] {processor.py:925} INFO - DAG(s) 'example_sla_dag' retrieved from /home/airflow/.local/lib/python3.12/site-packages/airflow/example_dags/example_sla_dag.py
[2025-10-10T09:03:04.321+0000] {logging_mixin.py:190} INFO - [2025-10-10T09:03:04.320+0000] {dag.py:3211} INFO - Sync 1 DAGs
[2025-10-10T09:03:04.406+0000] {logging_mixin.py:190} INFO - [2025-10-10T09:03:04.406+0000] {dag.py:4138} INFO - Setting next_dagrun for example_sla_dag to 2025-10-10 09:00:00+00:00, run_after=2025-10-10 09:02:00+00:00
[2025-10-10T09:03:04.472+0000] {processor.py:208} INFO - Processing /home/airflow/.local/lib/python3.12/site-packages/airflow/example_dags/example_sla_dag.py took 0.305 seconds
[2025-10-10T09:03:35.445+0000] {processor.py:186} INFO - Started process (PID=347) to work on /home/airflow/.local/lib/python3.12/site-packages/airflow/example_dags/example_sla_dag.py
[2025-10-10T09:03:35.449+0000] {processor.py:914} INFO - Processing file /home/airflow/.local/lib/python3.12/site-packages/airflow/example_dags/example_sla_dag.py for tasks to queue
[2025-10-10T09:03:35.459+0000] {logging_mixin.py:190} INFO - [2025-10-10T09:03:35.458+0000] {dagbag.py:587} INFO - Filling up the DagBag from /home/airflow/.local/lib/python3.12/site-packages/airflow/example_dags/example_sla_dag.py
[2025-10-10T09:03:35.505+0000] {processor.py:925} INFO - DAG(s) 'example_sla_dag' retrieved from /home/airflow/.local/lib/python3.12/site-packages/airflow/example_dags/example_sla_dag.py
[2025-10-10T09:03:35.592+0000] {logging_mixin.py:190} INFO - [2025-10-10T09:03:35.590+0000] {dag.py:3211} INFO - Sync 1 DAGs
[2025-10-10T09:03:35.684+0000] {logging_mixin.py:190} INFO - [2025-10-10T09:03:35.684+0000] {dag.py:4138} INFO - Setting next_dagrun for example_sla_dag to 2025-10-10 09:00:00+00:00, run_after=2025-10-10 09:02:00+00:00
[2025-10-10T09:03:35.762+0000] {processor.py:208} INFO - Processing /home/airflow/.local/lib/python3.12/site-packages/airflow/example_dags/example_sla_dag.py took 0.342 seconds
[2025-10-10T09:04:07.235+0000] {processor.py:186} INFO - Started process (PID=410) to work on /home/airflow/.local/lib/python3.12/site-packages/airflow/example_dags/example_sla_dag.py
[2025-10-10T09:04:07.238+0000] {processor.py:914} INFO - Processing file /home/airflow/.local/lib/python3.12/site-packages/airflow/example_dags/example_sla_dag.py for tasks to queue
[2025-10-10T09:04:07.245+0000] {logging_mixin.py:190} INFO - [2025-10-10T09:04:07.244+0000] {dagbag.py:587} INFO - Filling up the DagBag from /home/airflow/.local/lib/python3.12/site-packages/airflow/example_dags/example_sla_dag.py
[2025-10-10T09:04:07.272+0000] {processor.py:925} INFO - DAG(s) 'example_sla_dag' retrieved from /home/airflow/.local/lib/python3.12/site-packages/airflow/example_dags/example_sla_dag.py
[2025-10-10T09:04:07.324+0000] {logging_mixin.py:190} INFO - [2025-10-10T09:04:07.324+0000] {dag.py:3211} INFO - Sync 1 DAGs
[2025-10-10T09:04:07.379+0000] {logging_mixin.py:190} INFO - [2025-10-10T09:04:07.379+0000] {dag.py:4138} INFO - Setting next_dagrun for example_sla_dag to 2025-10-10 09:02:00+00:00, run_after=2025-10-10 09:04:00+00:00
[2025-10-10T09:04:07.435+0000] {processor.py:208} INFO - Processing /home/airflow/.local/lib/python3.12/site-packages/airflow/example_dags/example_sla_dag.py took 0.216 seconds
[2025-10-10T09:04:38.481+0000] {processor.py:186} INFO - Started process (PID=473) to work on /home/airflow/.local/lib/python3.12/site-packages/airflow/example_dags/example_sla_dag.py
[2025-10-10T09:04:38.484+0000] {processor.py:914} INFO - Processing file /home/airflow/.local/lib/python3.12/site-packages/airflow/example_dags/example_sla_dag.py for tasks to queue
[2025-10-10T09:04:38.492+0000] {logging_mixin.py:190} INFO - [2025-10-10T09:04:38.491+0000] {dagbag.py:587} INFO - Filling up the DagBag from /home/airflow/.local/lib/python3.12/site-packages/airflow/example_dags/example_sla_dag.py
[2025-10-10T09:04:38.533+0000] {processor.py:925} INFO - DAG(s) 'example_sla_dag' retrieved from /home/airflow/.local/lib/python3.12/site-packages/airflow/example_dags/example_sla_dag.py
[2025-10-10T09:04:38.600+0000] {logging_mixin.py:190} INFO - [2025-10-10T09:04:38.599+0000] {dag.py:3211} INFO - Sync 1 DAGs
[2025-10-10T09:04:38.678+0000] {logging_mixin.py:190} INFO - [2025-10-10T09:04:38.677+0000] {dag.py:4138} INFO - Setting next_dagrun for example_sla_dag to 2025-10-10 09:02:00+00:00, run_after=2025-10-10 09:04:00+00:00
[2025-10-10T09:04:38.741+0000] {processor.py:208} INFO - Processing /home/airflow/.local/lib/python3.12/site-packages/airflow/example_dags/example_sla_dag.py took 0.281 seconds
[2025-10-10T09:05:09.382+0000] {processor.py:186} INFO - Started process (PID=536) to work on /home/airflow/.local/lib/python3.12/site-packages/airflow/example_dags/example_sla_dag.py
[2025-10-10T09:05:09.385+0000] {processor.py:914} INFO - Processing file /home/airflow/.local/lib/python3.12/site-packages/airflow/example_dags/example_sla_dag.py for tasks to queue
[2025-10-10T09:05:09.391+0000] {logging_mixin.py:190} INFO - [2025-10-10T09:05:09.390+0000] {dagbag.py:587} INFO - Filling up the DagBag from /home/airflow/.local/lib/python3.12/site-packages/airflow/example_dags/example_sla_dag.py
[2025-10-10T09:05:09.413+0000] {processor.py:925} INFO - DAG(s) 'example_sla_dag' retrieved from /home/airflow/.local/lib/python3.12/site-packages/airflow/example_dags/example_sla_dag.py
[2025-10-10T09:05:09.473+0000] {logging_mixin.py:190} INFO - [2025-10-10T09:05:09.472+0000] {dag.py:3211} INFO - Sync 1 DAGs
[2025-10-10T09:05:09.556+0000] {logging_mixin.py:190} INFO - [2025-10-10T09:05:09.555+0000] {dag.py:4138} INFO - Setting next_dagrun for example_sla_dag to 2025-10-10 09:02:00+00:00, run_after=2025-10-10 09:04:00+00:00
[2025-10-10T09:05:09.612+0000] {processor.py:208} INFO - Processing /home/airflow/.local/lib/python3.12/site-packages/airflow/example_dags/example_sla_dag.py took 0.242 seconds
[2025-10-10T09:05:40.372+0000] {processor.py:186} INFO - Started process (PID=599) to work on /home/airflow/.local/lib/python3.12/site-packages/airflow/example_dags/example_sla_dag.py
[2025-10-10T09:05:40.375+0000] {processor.py:914} INFO - Processing file /home/airflow/.local/lib/python3.12/site-packages/airflow/example_dags/example_sla_dag.py for tasks to queue
[2025-10-10T09:05:40.383+0000] {logging_mixin.py:190} INFO - [2025-10-10T09:05:40.382+0000] {dagbag.py:587} INFO - Filling up the DagBag from /home/airflow/.local/lib/python3.12/site-packages/airflow/example_dags/example_sla_dag.py
[2025-10-10T09:05:40.416+0000] {processor.py:925} INFO - DAG(s) 'example_sla_dag' retrieved from /home/airflow/.local/lib/python3.12/site-packages/airflow/example_dags/example_sla_dag.py
[2025-10-10T09:05:40.471+0000] {logging_mixin.py:190} INFO - [2025-10-10T09:05:40.470+0000] {dag.py:3211} INFO - Sync 1 DAGs
[2025-10-10T09:05:40.534+0000] {logging_mixin.py:190} INFO - [2025-10-10T09:05:40.534+0000] {dag.py:4138} INFO - Setting next_dagrun for example_sla_dag to 2025-10-10 09:02:00+00:00, run_after=2025-10-10 09:04:00+00:00
[2025-10-10T09:05:40.581+0000] {processor.py:208} INFO - Processing /home/airflow/.local/lib/python3.12/site-packages/airflow/example_dags/example_sla_dag.py took 0.229 seconds
