[2025-10-10T08:37:59.619+0000] {processor.py:186} INFO - Started process (PID=112) to work on /home/airflow/.local/lib/python3.12/site-packages/airflow/example_dags/example_xcomargs.py
[2025-10-10T08:37:59.622+0000] {processor.py:914} INFO - Processing file /home/airflow/.local/lib/python3.12/site-packages/airflow/example_dags/example_xcomargs.py for tasks to queue
[2025-10-10T08:37:59.630+0000] {logging_mixin.py:190} INFO - [2025-10-10T08:37:59.629+0000] {dagbag.py:587} INFO - Filling up the DagBag from /home/airflow/.local/lib/python3.12/site-packages/airflow/example_dags/example_xcomargs.py
[2025-10-10T08:37:59.653+0000] {processor.py:925} INFO - DAG(s) 'example_xcom_args', 'example_xcom_args_with_operators' retrieved from /home/airflow/.local/lib/python3.12/site-packages/airflow/example_dags/example_xcomargs.py
[2025-10-10T08:37:59.702+0000] {logging_mixin.py:190} INFO - [2025-10-10T08:37:59.702+0000] {dag.py:3211} INFO - Sync 2 DAGs
[2025-10-10T08:37:59.739+0000] {logging_mixin.py:190} INFO - [2025-10-10T08:37:59.738+0000] {dag.py:4138} INFO - Setting next_dagrun for example_xcom_args to None, run_after=None
[2025-10-10T08:37:59.750+0000] {logging_mixin.py:190} INFO - [2025-10-10T08:37:59.750+0000] {dag.py:4138} INFO - Setting next_dagrun for example_xcom_args_with_operators to None, run_after=None
[2025-10-10T08:37:59.794+0000] {processor.py:208} INFO - Processing /home/airflow/.local/lib/python3.12/site-packages/airflow/example_dags/example_xcomargs.py took 0.189 seconds
[2025-10-10T08:38:30.742+0000] {processor.py:186} INFO - Started process (PID=175) to work on /home/airflow/.local/lib/python3.12/site-packages/airflow/example_dags/example_xcomargs.py
[2025-10-10T08:38:30.746+0000] {processor.py:914} INFO - Processing file /home/airflow/.local/lib/python3.12/site-packages/airflow/example_dags/example_xcomargs.py for tasks to queue
[2025-10-10T08:38:30.756+0000] {logging_mixin.py:190} INFO - [2025-10-10T08:38:30.755+0000] {dagbag.py:587} INFO - Filling up the DagBag from /home/airflow/.local/lib/python3.12/site-packages/airflow/example_dags/example_xcomargs.py
[2025-10-10T08:38:30.800+0000] {processor.py:925} INFO - DAG(s) 'example_xcom_args', 'example_xcom_args_with_operators' retrieved from /home/airflow/.local/lib/python3.12/site-packages/airflow/example_dags/example_xcomargs.py
[2025-10-10T08:38:30.887+0000] {logging_mixin.py:190} INFO - [2025-10-10T08:38:30.886+0000] {dag.py:3211} INFO - Sync 2 DAGs
[2025-10-10T08:38:30.954+0000] {logging_mixin.py:190} INFO - [2025-10-10T08:38:30.954+0000] {dag.py:4138} INFO - Setting next_dagrun for example_xcom_args to None, run_after=None
[2025-10-10T08:38:30.966+0000] {logging_mixin.py:190} INFO - [2025-10-10T08:38:30.965+0000] {dag.py:4138} INFO - Setting next_dagrun for example_xcom_args_with_operators to None, run_after=None
[2025-10-10T08:38:31.014+0000] {processor.py:208} INFO - Processing /home/airflow/.local/lib/python3.12/site-packages/airflow/example_dags/example_xcomargs.py took 0.292 seconds
[2025-10-10T08:39:02.365+0000] {processor.py:186} INFO - Started process (PID=238) to work on /home/airflow/.local/lib/python3.12/site-packages/airflow/example_dags/example_xcomargs.py
[2025-10-10T08:39:02.368+0000] {processor.py:914} INFO - Processing file /home/airflow/.local/lib/python3.12/site-packages/airflow/example_dags/example_xcomargs.py for tasks to queue
[2025-10-10T08:39:02.374+0000] {logging_mixin.py:190} INFO - [2025-10-10T08:39:02.373+0000] {dagbag.py:587} INFO - Filling up the DagBag from /home/airflow/.local/lib/python3.12/site-packages/airflow/example_dags/example_xcomargs.py
[2025-10-10T08:39:02.400+0000] {processor.py:925} INFO - DAG(s) 'example_xcom_args_with_operators', 'example_xcom_args' retrieved from /home/airflow/.local/lib/python3.12/site-packages/airflow/example_dags/example_xcomargs.py
[2025-10-10T08:39:02.457+0000] {logging_mixin.py:190} INFO - [2025-10-10T08:39:02.456+0000] {dag.py:3211} INFO - Sync 2 DAGs
[2025-10-10T08:39:02.492+0000] {logging_mixin.py:190} INFO - [2025-10-10T08:39:02.491+0000] {dag.py:4138} INFO - Setting next_dagrun for example_xcom_args to None, run_after=None
[2025-10-10T08:39:02.502+0000] {logging_mixin.py:190} INFO - [2025-10-10T08:39:02.501+0000] {dag.py:4138} INFO - Setting next_dagrun for example_xcom_args_with_operators to None, run_after=None
[2025-10-10T08:39:02.552+0000] {processor.py:208} INFO - Processing /home/airflow/.local/lib/python3.12/site-packages/airflow/example_dags/example_xcomargs.py took 0.200 seconds
[2025-10-10T08:39:32.899+0000] {processor.py:186} INFO - Started process (PID=301) to work on /home/airflow/.local/lib/python3.12/site-packages/airflow/example_dags/example_xcomargs.py
[2025-10-10T08:39:32.902+0000] {processor.py:914} INFO - Processing file /home/airflow/.local/lib/python3.12/site-packages/airflow/example_dags/example_xcomargs.py for tasks to queue
[2025-10-10T08:39:32.911+0000] {logging_mixin.py:190} INFO - [2025-10-10T08:39:32.910+0000] {dagbag.py:587} INFO - Filling up the DagBag from /home/airflow/.local/lib/python3.12/site-packages/airflow/example_dags/example_xcomargs.py
[2025-10-10T08:39:32.942+0000] {processor.py:925} INFO - DAG(s) 'example_xcom_args', 'example_xcom_args_with_operators' retrieved from /home/airflow/.local/lib/python3.12/site-packages/airflow/example_dags/example_xcomargs.py
[2025-10-10T08:39:33.020+0000] {logging_mixin.py:190} INFO - [2025-10-10T08:39:33.019+0000] {dag.py:3211} INFO - Sync 2 DAGs
[2025-10-10T08:39:33.067+0000] {logging_mixin.py:190} INFO - [2025-10-10T08:39:33.067+0000] {dag.py:4138} INFO - Setting next_dagrun for example_xcom_args to None, run_after=None
[2025-10-10T08:39:33.074+0000] {logging_mixin.py:190} INFO - [2025-10-10T08:39:33.074+0000] {dag.py:4138} INFO - Setting next_dagrun for example_xcom_args_with_operators to None, run_after=None
[2025-10-10T08:39:33.127+0000] {processor.py:208} INFO - Processing /home/airflow/.local/lib/python3.12/site-packages/airflow/example_dags/example_xcomargs.py took 0.243 seconds
[2025-10-10T08:40:05.870+0000] {processor.py:186} INFO - Started process (PID=364) to work on /home/airflow/.local/lib/python3.12/site-packages/airflow/example_dags/example_xcomargs.py
[2025-10-10T08:40:05.872+0000] {processor.py:914} INFO - Processing file /home/airflow/.local/lib/python3.12/site-packages/airflow/example_dags/example_xcomargs.py for tasks to queue
[2025-10-10T08:40:05.878+0000] {logging_mixin.py:190} INFO - [2025-10-10T08:40:05.877+0000] {dagbag.py:587} INFO - Filling up the DagBag from /home/airflow/.local/lib/python3.12/site-packages/airflow/example_dags/example_xcomargs.py
[2025-10-10T08:40:05.903+0000] {processor.py:925} INFO - DAG(s) 'example_xcom_args_with_operators', 'example_xcom_args' retrieved from /home/airflow/.local/lib/python3.12/site-packages/airflow/example_dags/example_xcomargs.py
[2025-10-10T08:40:05.969+0000] {logging_mixin.py:190} INFO - [2025-10-10T08:40:05.968+0000] {dag.py:3211} INFO - Sync 2 DAGs
[2025-10-10T08:40:06.011+0000] {logging_mixin.py:190} INFO - [2025-10-10T08:40:06.010+0000] {dag.py:4138} INFO - Setting next_dagrun for example_xcom_args to None, run_after=None
[2025-10-10T08:40:06.021+0000] {logging_mixin.py:190} INFO - [2025-10-10T08:40:06.020+0000] {dag.py:4138} INFO - Setting next_dagrun for example_xcom_args_with_operators to None, run_after=None
[2025-10-10T08:40:06.076+0000] {processor.py:208} INFO - Processing /home/airflow/.local/lib/python3.12/site-packages/airflow/example_dags/example_xcomargs.py took 0.221 seconds
[2025-10-10T08:40:37.181+0000] {processor.py:186} INFO - Started process (PID=427) to work on /home/airflow/.local/lib/python3.12/site-packages/airflow/example_dags/example_xcomargs.py
[2025-10-10T08:40:37.188+0000] {processor.py:914} INFO - Processing file /home/airflow/.local/lib/python3.12/site-packages/airflow/example_dags/example_xcomargs.py for tasks to queue
[2025-10-10T08:40:37.205+0000] {logging_mixin.py:190} INFO - [2025-10-10T08:40:37.203+0000] {dagbag.py:587} INFO - Filling up the DagBag from /home/airflow/.local/lib/python3.12/site-packages/airflow/example_dags/example_xcomargs.py
[2025-10-10T08:40:37.272+0000] {processor.py:925} INFO - DAG(s) 'example_xcom_args', 'example_xcom_args_with_operators' retrieved from /home/airflow/.local/lib/python3.12/site-packages/airflow/example_dags/example_xcomargs.py
[2025-10-10T08:40:37.402+0000] {logging_mixin.py:190} INFO - [2025-10-10T08:40:37.400+0000] {dag.py:3211} INFO - Sync 2 DAGs
[2025-10-10T08:40:37.474+0000] {logging_mixin.py:190} INFO - [2025-10-10T08:40:37.473+0000] {dag.py:4138} INFO - Setting next_dagrun for example_xcom_args to None, run_after=None
[2025-10-10T08:40:37.486+0000] {logging_mixin.py:190} INFO - [2025-10-10T08:40:37.486+0000] {dag.py:4138} INFO - Setting next_dagrun for example_xcom_args_with_operators to None, run_after=None
[2025-10-10T08:40:37.542+0000] {processor.py:208} INFO - Processing /home/airflow/.local/lib/python3.12/site-packages/airflow/example_dags/example_xcomargs.py took 0.404 seconds
[2025-10-10T08:41:08.783+0000] {processor.py:186} INFO - Started process (PID=490) to work on /home/airflow/.local/lib/python3.12/site-packages/airflow/example_dags/example_xcomargs.py
[2025-10-10T08:41:08.786+0000] {processor.py:914} INFO - Processing file /home/airflow/.local/lib/python3.12/site-packages/airflow/example_dags/example_xcomargs.py for tasks to queue
[2025-10-10T08:41:08.792+0000] {logging_mixin.py:190} INFO - [2025-10-10T08:41:08.792+0000] {dagbag.py:587} INFO - Filling up the DagBag from /home/airflow/.local/lib/python3.12/site-packages/airflow/example_dags/example_xcomargs.py
[2025-10-10T08:41:08.822+0000] {processor.py:925} INFO - DAG(s) 'example_xcom_args_with_operators', 'example_xcom_args' retrieved from /home/airflow/.local/lib/python3.12/site-packages/airflow/example_dags/example_xcomargs.py
[2025-10-10T08:41:08.900+0000] {logging_mixin.py:190} INFO - [2025-10-10T08:41:08.899+0000] {dag.py:3211} INFO - Sync 2 DAGs
[2025-10-10T08:41:08.959+0000] {logging_mixin.py:190} INFO - [2025-10-10T08:41:08.959+0000] {dag.py:4138} INFO - Setting next_dagrun for example_xcom_args to None, run_after=None
[2025-10-10T08:41:08.974+0000] {logging_mixin.py:190} INFO - [2025-10-10T08:41:08.973+0000] {dag.py:4138} INFO - Setting next_dagrun for example_xcom_args_with_operators to None, run_after=None
[2025-10-10T08:41:09.034+0000] {processor.py:208} INFO - Processing /home/airflow/.local/lib/python3.12/site-packages/airflow/example_dags/example_xcomargs.py took 0.267 seconds
[2025-10-10T08:41:40.062+0000] {processor.py:186} INFO - Started process (PID=559) to work on /home/airflow/.local/lib/python3.12/site-packages/airflow/example_dags/example_xcomargs.py
[2025-10-10T08:41:40.068+0000] {processor.py:914} INFO - Processing file /home/airflow/.local/lib/python3.12/site-packages/airflow/example_dags/example_xcomargs.py for tasks to queue
[2025-10-10T08:41:40.083+0000] {logging_mixin.py:190} INFO - [2025-10-10T08:41:40.081+0000] {dagbag.py:587} INFO - Filling up the DagBag from /home/airflow/.local/lib/python3.12/site-packages/airflow/example_dags/example_xcomargs.py
[2025-10-10T08:41:40.142+0000] {processor.py:925} INFO - DAG(s) 'example_xcom_args', 'example_xcom_args_with_operators' retrieved from /home/airflow/.local/lib/python3.12/site-packages/airflow/example_dags/example_xcomargs.py
[2025-10-10T08:41:40.274+0000] {logging_mixin.py:190} INFO - [2025-10-10T08:41:40.273+0000] {dag.py:3211} INFO - Sync 2 DAGs
[2025-10-10T08:41:40.412+0000] {logging_mixin.py:190} INFO - [2025-10-10T08:41:40.411+0000] {dag.py:4138} INFO - Setting next_dagrun for example_xcom_args to None, run_after=None
[2025-10-10T08:41:40.447+0000] {logging_mixin.py:190} INFO - [2025-10-10T08:41:40.446+0000] {dag.py:4138} INFO - Setting next_dagrun for example_xcom_args_with_operators to None, run_after=None
[2025-10-10T08:41:40.523+0000] {processor.py:208} INFO - Processing /home/airflow/.local/lib/python3.12/site-packages/airflow/example_dags/example_xcomargs.py took 0.495 seconds
[2025-10-10T08:42:11.759+0000] {processor.py:186} INFO - Started process (PID=622) to work on /home/airflow/.local/lib/python3.12/site-packages/airflow/example_dags/example_xcomargs.py
[2025-10-10T08:42:11.761+0000] {processor.py:914} INFO - Processing file /home/airflow/.local/lib/python3.12/site-packages/airflow/example_dags/example_xcomargs.py for tasks to queue
[2025-10-10T08:42:11.766+0000] {logging_mixin.py:190} INFO - [2025-10-10T08:42:11.766+0000] {dagbag.py:587} INFO - Filling up the DagBag from /home/airflow/.local/lib/python3.12/site-packages/airflow/example_dags/example_xcomargs.py
[2025-10-10T08:42:11.792+0000] {processor.py:925} INFO - DAG(s) 'example_xcom_args', 'example_xcom_args_with_operators' retrieved from /home/airflow/.local/lib/python3.12/site-packages/airflow/example_dags/example_xcomargs.py
[2025-10-10T08:42:11.841+0000] {logging_mixin.py:190} INFO - [2025-10-10T08:42:11.840+0000] {dag.py:3211} INFO - Sync 2 DAGs
[2025-10-10T08:42:11.870+0000] {logging_mixin.py:190} INFO - [2025-10-10T08:42:11.870+0000] {dag.py:4138} INFO - Setting next_dagrun for example_xcom_args to None, run_after=None
[2025-10-10T08:42:11.879+0000] {logging_mixin.py:190} INFO - [2025-10-10T08:42:11.878+0000] {dag.py:4138} INFO - Setting next_dagrun for example_xcom_args_with_operators to None, run_after=None
[2025-10-10T08:42:11.918+0000] {processor.py:208} INFO - Processing /home/airflow/.local/lib/python3.12/site-packages/airflow/example_dags/example_xcomargs.py took 0.172 seconds
[2025-10-10T08:42:42.621+0000] {processor.py:186} INFO - Started process (PID=685) to work on /home/airflow/.local/lib/python3.12/site-packages/airflow/example_dags/example_xcomargs.py
[2025-10-10T08:42:42.624+0000] {processor.py:914} INFO - Processing file /home/airflow/.local/lib/python3.12/site-packages/airflow/example_dags/example_xcomargs.py for tasks to queue
[2025-10-10T08:42:42.631+0000] {logging_mixin.py:190} INFO - [2025-10-10T08:42:42.630+0000] {dagbag.py:587} INFO - Filling up the DagBag from /home/airflow/.local/lib/python3.12/site-packages/airflow/example_dags/example_xcomargs.py
[2025-10-10T08:42:42.654+0000] {processor.py:925} INFO - DAG(s) 'example_xcom_args_with_operators', 'example_xcom_args' retrieved from /home/airflow/.local/lib/python3.12/site-packages/airflow/example_dags/example_xcomargs.py
[2025-10-10T08:42:42.707+0000] {logging_mixin.py:190} INFO - [2025-10-10T08:42:42.706+0000] {dag.py:3211} INFO - Sync 2 DAGs
[2025-10-10T08:42:42.738+0000] {logging_mixin.py:190} INFO - [2025-10-10T08:42:42.737+0000] {dag.py:4138} INFO - Setting next_dagrun for example_xcom_args to None, run_after=None
[2025-10-10T08:42:42.745+0000] {logging_mixin.py:190} INFO - [2025-10-10T08:42:42.745+0000] {dag.py:4138} INFO - Setting next_dagrun for example_xcom_args_with_operators to None, run_after=None
[2025-10-10T08:42:42.778+0000] {processor.py:208} INFO - Processing /home/airflow/.local/lib/python3.12/site-packages/airflow/example_dags/example_xcomargs.py took 0.172 seconds
[2025-10-10T08:43:12.898+0000] {processor.py:186} INFO - Started process (PID=748) to work on /home/airflow/.local/lib/python3.12/site-packages/airflow/example_dags/example_xcomargs.py
[2025-10-10T08:43:12.901+0000] {processor.py:914} INFO - Processing file /home/airflow/.local/lib/python3.12/site-packages/airflow/example_dags/example_xcomargs.py for tasks to queue
[2025-10-10T08:43:12.908+0000] {logging_mixin.py:190} INFO - [2025-10-10T08:43:12.907+0000] {dagbag.py:587} INFO - Filling up the DagBag from /home/airflow/.local/lib/python3.12/site-packages/airflow/example_dags/example_xcomargs.py
[2025-10-10T08:43:12.933+0000] {processor.py:925} INFO - DAG(s) 'example_xcom_args', 'example_xcom_args_with_operators' retrieved from /home/airflow/.local/lib/python3.12/site-packages/airflow/example_dags/example_xcomargs.py
[2025-10-10T08:43:12.991+0000] {logging_mixin.py:190} INFO - [2025-10-10T08:43:12.990+0000] {dag.py:3211} INFO - Sync 2 DAGs
[2025-10-10T08:43:13.021+0000] {logging_mixin.py:190} INFO - [2025-10-10T08:43:13.021+0000] {dag.py:4138} INFO - Setting next_dagrun for example_xcom_args to None, run_after=None
[2025-10-10T08:43:13.029+0000] {logging_mixin.py:190} INFO - [2025-10-10T08:43:13.029+0000] {dag.py:4138} INFO - Setting next_dagrun for example_xcom_args_with_operators to None, run_after=None
[2025-10-10T08:43:13.079+0000] {processor.py:208} INFO - Processing /home/airflow/.local/lib/python3.12/site-packages/airflow/example_dags/example_xcomargs.py took 0.197 seconds
[2025-10-10T08:43:44.174+0000] {processor.py:186} INFO - Started process (PID=811) to work on /home/airflow/.local/lib/python3.12/site-packages/airflow/example_dags/example_xcomargs.py
[2025-10-10T08:43:44.177+0000] {processor.py:914} INFO - Processing file /home/airflow/.local/lib/python3.12/site-packages/airflow/example_dags/example_xcomargs.py for tasks to queue
[2025-10-10T08:43:44.187+0000] {logging_mixin.py:190} INFO - [2025-10-10T08:43:44.185+0000] {dagbag.py:587} INFO - Filling up the DagBag from /home/airflow/.local/lib/python3.12/site-packages/airflow/example_dags/example_xcomargs.py
[2025-10-10T08:43:44.228+0000] {processor.py:925} INFO - DAG(s) 'example_xcom_args_with_operators', 'example_xcom_args' retrieved from /home/airflow/.local/lib/python3.12/site-packages/airflow/example_dags/example_xcomargs.py
[2025-10-10T08:43:44.314+0000] {logging_mixin.py:190} INFO - [2025-10-10T08:43:44.313+0000] {dag.py:3211} INFO - Sync 2 DAGs
[2025-10-10T08:43:44.393+0000] {logging_mixin.py:190} INFO - [2025-10-10T08:43:44.391+0000] {dag.py:4138} INFO - Setting next_dagrun for example_xcom_args to None, run_after=None
[2025-10-10T08:43:44.407+0000] {logging_mixin.py:190} INFO - [2025-10-10T08:43:44.406+0000] {dag.py:4138} INFO - Setting next_dagrun for example_xcom_args_with_operators to None, run_after=None
[2025-10-10T08:43:44.464+0000] {processor.py:208} INFO - Processing /home/airflow/.local/lib/python3.12/site-packages/airflow/example_dags/example_xcomargs.py took 0.307 seconds
[2025-10-10T08:44:15.085+0000] {processor.py:186} INFO - Started process (PID=873) to work on /home/airflow/.local/lib/python3.12/site-packages/airflow/example_dags/example_xcomargs.py
[2025-10-10T08:44:15.089+0000] {processor.py:914} INFO - Processing file /home/airflow/.local/lib/python3.12/site-packages/airflow/example_dags/example_xcomargs.py for tasks to queue
[2025-10-10T08:44:15.096+0000] {logging_mixin.py:190} INFO - [2025-10-10T08:44:15.095+0000] {dagbag.py:587} INFO - Filling up the DagBag from /home/airflow/.local/lib/python3.12/site-packages/airflow/example_dags/example_xcomargs.py
[2025-10-10T08:44:15.121+0000] {processor.py:925} INFO - DAG(s) 'example_xcom_args_with_operators', 'example_xcom_args' retrieved from /home/airflow/.local/lib/python3.12/site-packages/airflow/example_dags/example_xcomargs.py
[2025-10-10T08:44:15.178+0000] {logging_mixin.py:190} INFO - [2025-10-10T08:44:15.177+0000] {dag.py:3211} INFO - Sync 2 DAGs
[2025-10-10T08:44:15.217+0000] {logging_mixin.py:190} INFO - [2025-10-10T08:44:15.216+0000] {dag.py:4138} INFO - Setting next_dagrun for example_xcom_args to None, run_after=None
[2025-10-10T08:44:15.226+0000] {logging_mixin.py:190} INFO - [2025-10-10T08:44:15.225+0000] {dag.py:4138} INFO - Setting next_dagrun for example_xcom_args_with_operators to None, run_after=None
[2025-10-10T08:44:15.271+0000] {processor.py:208} INFO - Processing /home/airflow/.local/lib/python3.12/site-packages/airflow/example_dags/example_xcomargs.py took 0.200 seconds
[2025-10-10T08:44:47.636+0000] {processor.py:186} INFO - Started process (PID=936) to work on /home/airflow/.local/lib/python3.12/site-packages/airflow/example_dags/example_xcomargs.py
[2025-10-10T08:44:47.640+0000] {processor.py:914} INFO - Processing file /home/airflow/.local/lib/python3.12/site-packages/airflow/example_dags/example_xcomargs.py for tasks to queue
[2025-10-10T08:44:47.651+0000] {logging_mixin.py:190} INFO - [2025-10-10T08:44:47.648+0000] {dagbag.py:587} INFO - Filling up the DagBag from /home/airflow/.local/lib/python3.12/site-packages/airflow/example_dags/example_xcomargs.py
[2025-10-10T08:44:47.698+0000] {processor.py:925} INFO - DAG(s) 'example_xcom_args_with_operators', 'example_xcom_args' retrieved from /home/airflow/.local/lib/python3.12/site-packages/airflow/example_dags/example_xcomargs.py
[2025-10-10T08:44:47.777+0000] {logging_mixin.py:190} INFO - [2025-10-10T08:44:47.777+0000] {dag.py:3211} INFO - Sync 2 DAGs
[2025-10-10T08:44:47.833+0000] {logging_mixin.py:190} INFO - [2025-10-10T08:44:47.832+0000] {dag.py:4138} INFO - Setting next_dagrun for example_xcom_args to None, run_after=None
[2025-10-10T08:44:47.843+0000] {logging_mixin.py:190} INFO - [2025-10-10T08:44:47.843+0000] {dag.py:4138} INFO - Setting next_dagrun for example_xcom_args_with_operators to None, run_after=None
[2025-10-10T08:44:47.886+0000] {processor.py:208} INFO - Processing /home/airflow/.local/lib/python3.12/site-packages/airflow/example_dags/example_xcomargs.py took 0.277 seconds
[2025-10-10T08:45:18.258+0000] {processor.py:186} INFO - Started process (PID=999) to work on /home/airflow/.local/lib/python3.12/site-packages/airflow/example_dags/example_xcomargs.py
[2025-10-10T08:45:18.262+0000] {processor.py:914} INFO - Processing file /home/airflow/.local/lib/python3.12/site-packages/airflow/example_dags/example_xcomargs.py for tasks to queue
[2025-10-10T08:45:18.269+0000] {logging_mixin.py:190} INFO - [2025-10-10T08:45:18.268+0000] {dagbag.py:587} INFO - Filling up the DagBag from /home/airflow/.local/lib/python3.12/site-packages/airflow/example_dags/example_xcomargs.py
[2025-10-10T08:45:18.306+0000] {processor.py:925} INFO - DAG(s) 'example_xcom_args_with_operators', 'example_xcom_args' retrieved from /home/airflow/.local/lib/python3.12/site-packages/airflow/example_dags/example_xcomargs.py
[2025-10-10T08:45:18.365+0000] {logging_mixin.py:190} INFO - [2025-10-10T08:45:18.364+0000] {dag.py:3211} INFO - Sync 2 DAGs
[2025-10-10T08:45:18.398+0000] {logging_mixin.py:190} INFO - [2025-10-10T08:45:18.398+0000] {dag.py:4138} INFO - Setting next_dagrun for example_xcom_args to None, run_after=None
[2025-10-10T08:45:18.407+0000] {logging_mixin.py:190} INFO - [2025-10-10T08:45:18.406+0000] {dag.py:4138} INFO - Setting next_dagrun for example_xcom_args_with_operators to None, run_after=None
[2025-10-10T08:45:18.457+0000] {processor.py:208} INFO - Processing /home/airflow/.local/lib/python3.12/site-packages/airflow/example_dags/example_xcomargs.py took 0.218 seconds
[2025-10-10T08:45:49.569+0000] {processor.py:186} INFO - Started process (PID=1062) to work on /home/airflow/.local/lib/python3.12/site-packages/airflow/example_dags/example_xcomargs.py
[2025-10-10T08:45:49.572+0000] {processor.py:914} INFO - Processing file /home/airflow/.local/lib/python3.12/site-packages/airflow/example_dags/example_xcomargs.py for tasks to queue
[2025-10-10T08:45:49.579+0000] {logging_mixin.py:190} INFO - [2025-10-10T08:45:49.579+0000] {dagbag.py:587} INFO - Filling up the DagBag from /home/airflow/.local/lib/python3.12/site-packages/airflow/example_dags/example_xcomargs.py
[2025-10-10T08:45:49.608+0000] {processor.py:925} INFO - DAG(s) 'example_xcom_args', 'example_xcom_args_with_operators' retrieved from /home/airflow/.local/lib/python3.12/site-packages/airflow/example_dags/example_xcomargs.py
[2025-10-10T08:45:49.672+0000] {logging_mixin.py:190} INFO - [2025-10-10T08:45:49.671+0000] {dag.py:3211} INFO - Sync 2 DAGs
[2025-10-10T08:45:49.710+0000] {logging_mixin.py:190} INFO - [2025-10-10T08:45:49.709+0000] {dag.py:4138} INFO - Setting next_dagrun for example_xcom_args to None, run_after=None
[2025-10-10T08:45:49.719+0000] {logging_mixin.py:190} INFO - [2025-10-10T08:45:49.719+0000] {dag.py:4138} INFO - Setting next_dagrun for example_xcom_args_with_operators to None, run_after=None
[2025-10-10T08:45:49.762+0000] {processor.py:208} INFO - Processing /home/airflow/.local/lib/python3.12/site-packages/airflow/example_dags/example_xcomargs.py took 0.211 seconds
[2025-10-10T08:46:21.464+0000] {processor.py:186} INFO - Started process (PID=1125) to work on /home/airflow/.local/lib/python3.12/site-packages/airflow/example_dags/example_xcomargs.py
[2025-10-10T08:46:21.467+0000] {processor.py:914} INFO - Processing file /home/airflow/.local/lib/python3.12/site-packages/airflow/example_dags/example_xcomargs.py for tasks to queue
[2025-10-10T08:46:21.473+0000] {logging_mixin.py:190} INFO - [2025-10-10T08:46:21.473+0000] {dagbag.py:587} INFO - Filling up the DagBag from /home/airflow/.local/lib/python3.12/site-packages/airflow/example_dags/example_xcomargs.py
[2025-10-10T08:46:21.513+0000] {processor.py:925} INFO - DAG(s) 'example_xcom_args', 'example_xcom_args_with_operators' retrieved from /home/airflow/.local/lib/python3.12/site-packages/airflow/example_dags/example_xcomargs.py
[2025-10-10T08:46:21.649+0000] {logging_mixin.py:190} INFO - [2025-10-10T08:46:21.648+0000] {dag.py:3211} INFO - Sync 2 DAGs
[2025-10-10T08:46:21.745+0000] {logging_mixin.py:190} INFO - [2025-10-10T08:46:21.744+0000] {dag.py:4138} INFO - Setting next_dagrun for example_xcom_args to None, run_after=None
[2025-10-10T08:46:21.770+0000] {logging_mixin.py:190} INFO - [2025-10-10T08:46:21.769+0000] {dag.py:4138} INFO - Setting next_dagrun for example_xcom_args_with_operators to None, run_after=None
[2025-10-10T08:46:21.855+0000] {processor.py:208} INFO - Processing /home/airflow/.local/lib/python3.12/site-packages/airflow/example_dags/example_xcomargs.py took 0.410 seconds
[2025-10-10T08:46:52.431+0000] {processor.py:186} INFO - Started process (PID=1188) to work on /home/airflow/.local/lib/python3.12/site-packages/airflow/example_dags/example_xcomargs.py
[2025-10-10T08:46:52.434+0000] {processor.py:914} INFO - Processing file /home/airflow/.local/lib/python3.12/site-packages/airflow/example_dags/example_xcomargs.py for tasks to queue
[2025-10-10T08:46:52.442+0000] {logging_mixin.py:190} INFO - [2025-10-10T08:46:52.441+0000] {dagbag.py:587} INFO - Filling up the DagBag from /home/airflow/.local/lib/python3.12/site-packages/airflow/example_dags/example_xcomargs.py
[2025-10-10T08:46:52.474+0000] {processor.py:925} INFO - DAG(s) 'example_xcom_args', 'example_xcom_args_with_operators' retrieved from /home/airflow/.local/lib/python3.12/site-packages/airflow/example_dags/example_xcomargs.py
[2025-10-10T08:46:52.543+0000] {logging_mixin.py:190} INFO - [2025-10-10T08:46:52.543+0000] {dag.py:3211} INFO - Sync 2 DAGs
[2025-10-10T08:46:52.577+0000] {logging_mixin.py:190} INFO - [2025-10-10T08:46:52.576+0000] {dag.py:4138} INFO - Setting next_dagrun for example_xcom_args to None, run_after=None
[2025-10-10T08:46:52.586+0000] {logging_mixin.py:190} INFO - [2025-10-10T08:46:52.586+0000] {dag.py:4138} INFO - Setting next_dagrun for example_xcom_args_with_operators to None, run_after=None
[2025-10-10T08:46:52.622+0000] {processor.py:208} INFO - Processing /home/airflow/.local/lib/python3.12/site-packages/airflow/example_dags/example_xcomargs.py took 0.210 seconds
[2025-10-10T08:47:24.369+0000] {processor.py:186} INFO - Started process (PID=1251) to work on /home/airflow/.local/lib/python3.12/site-packages/airflow/example_dags/example_xcomargs.py
[2025-10-10T08:47:24.373+0000] {processor.py:914} INFO - Processing file /home/airflow/.local/lib/python3.12/site-packages/airflow/example_dags/example_xcomargs.py for tasks to queue
[2025-10-10T08:47:24.384+0000] {logging_mixin.py:190} INFO - [2025-10-10T08:47:24.383+0000] {dagbag.py:587} INFO - Filling up the DagBag from /home/airflow/.local/lib/python3.12/site-packages/airflow/example_dags/example_xcomargs.py
[2025-10-10T08:47:24.419+0000] {processor.py:925} INFO - DAG(s) 'example_xcom_args_with_operators', 'example_xcom_args' retrieved from /home/airflow/.local/lib/python3.12/site-packages/airflow/example_dags/example_xcomargs.py
[2025-10-10T08:47:24.481+0000] {logging_mixin.py:190} INFO - [2025-10-10T08:47:24.480+0000] {dag.py:3211} INFO - Sync 2 DAGs
[2025-10-10T08:47:24.530+0000] {logging_mixin.py:190} INFO - [2025-10-10T08:47:24.530+0000] {dag.py:4138} INFO - Setting next_dagrun for example_xcom_args to None, run_after=None
[2025-10-10T08:47:24.544+0000] {logging_mixin.py:190} INFO - [2025-10-10T08:47:24.544+0000] {dag.py:4138} INFO - Setting next_dagrun for example_xcom_args_with_operators to None, run_after=None
[2025-10-10T08:47:24.584+0000] {processor.py:208} INFO - Processing /home/airflow/.local/lib/python3.12/site-packages/airflow/example_dags/example_xcomargs.py took 0.234 seconds
[2025-10-10T08:47:54.896+0000] {processor.py:186} INFO - Started process (PID=1314) to work on /home/airflow/.local/lib/python3.12/site-packages/airflow/example_dags/example_xcomargs.py
[2025-10-10T08:47:54.899+0000] {processor.py:914} INFO - Processing file /home/airflow/.local/lib/python3.12/site-packages/airflow/example_dags/example_xcomargs.py for tasks to queue
[2025-10-10T08:47:54.905+0000] {logging_mixin.py:190} INFO - [2025-10-10T08:47:54.904+0000] {dagbag.py:587} INFO - Filling up the DagBag from /home/airflow/.local/lib/python3.12/site-packages/airflow/example_dags/example_xcomargs.py
[2025-10-10T08:47:54.929+0000] {processor.py:925} INFO - DAG(s) 'example_xcom_args_with_operators', 'example_xcom_args' retrieved from /home/airflow/.local/lib/python3.12/site-packages/airflow/example_dags/example_xcomargs.py
[2025-10-10T08:47:54.983+0000] {logging_mixin.py:190} INFO - [2025-10-10T08:47:54.983+0000] {dag.py:3211} INFO - Sync 2 DAGs
[2025-10-10T08:47:55.017+0000] {logging_mixin.py:190} INFO - [2025-10-10T08:47:55.016+0000] {dag.py:4138} INFO - Setting next_dagrun for example_xcom_args to None, run_after=None
[2025-10-10T08:47:55.026+0000] {logging_mixin.py:190} INFO - [2025-10-10T08:47:55.026+0000] {dag.py:4138} INFO - Setting next_dagrun for example_xcom_args_with_operators to None, run_after=None
[2025-10-10T08:47:55.065+0000] {processor.py:208} INFO - Processing /home/airflow/.local/lib/python3.12/site-packages/airflow/example_dags/example_xcomargs.py took 0.185 seconds
[2025-10-10T08:48:25.454+0000] {processor.py:186} INFO - Started process (PID=1377) to work on /home/airflow/.local/lib/python3.12/site-packages/airflow/example_dags/example_xcomargs.py
[2025-10-10T08:48:25.457+0000] {processor.py:914} INFO - Processing file /home/airflow/.local/lib/python3.12/site-packages/airflow/example_dags/example_xcomargs.py for tasks to queue
[2025-10-10T08:48:25.463+0000] {logging_mixin.py:190} INFO - [2025-10-10T08:48:25.463+0000] {dagbag.py:587} INFO - Filling up the DagBag from /home/airflow/.local/lib/python3.12/site-packages/airflow/example_dags/example_xcomargs.py
[2025-10-10T08:48:25.492+0000] {processor.py:925} INFO - DAG(s) 'example_xcom_args', 'example_xcom_args_with_operators' retrieved from /home/airflow/.local/lib/python3.12/site-packages/airflow/example_dags/example_xcomargs.py
[2025-10-10T08:48:25.556+0000] {logging_mixin.py:190} INFO - [2025-10-10T08:48:25.555+0000] {dag.py:3211} INFO - Sync 2 DAGs
[2025-10-10T08:48:25.596+0000] {logging_mixin.py:190} INFO - [2025-10-10T08:48:25.596+0000] {dag.py:4138} INFO - Setting next_dagrun for example_xcom_args to None, run_after=None
[2025-10-10T08:48:25.606+0000] {logging_mixin.py:190} INFO - [2025-10-10T08:48:25.606+0000] {dag.py:4138} INFO - Setting next_dagrun for example_xcom_args_with_operators to None, run_after=None
[2025-10-10T08:48:25.652+0000] {processor.py:208} INFO - Processing /home/airflow/.local/lib/python3.12/site-packages/airflow/example_dags/example_xcomargs.py took 0.214 seconds
[2025-10-10T08:48:56.577+0000] {processor.py:186} INFO - Started process (PID=1440) to work on /home/airflow/.local/lib/python3.12/site-packages/airflow/example_dags/example_xcomargs.py
[2025-10-10T08:48:56.579+0000] {processor.py:914} INFO - Processing file /home/airflow/.local/lib/python3.12/site-packages/airflow/example_dags/example_xcomargs.py for tasks to queue
[2025-10-10T08:48:56.586+0000] {logging_mixin.py:190} INFO - [2025-10-10T08:48:56.585+0000] {dagbag.py:587} INFO - Filling up the DagBag from /home/airflow/.local/lib/python3.12/site-packages/airflow/example_dags/example_xcomargs.py
[2025-10-10T08:48:56.613+0000] {processor.py:925} INFO - DAG(s) 'example_xcom_args', 'example_xcom_args_with_operators' retrieved from /home/airflow/.local/lib/python3.12/site-packages/airflow/example_dags/example_xcomargs.py
[2025-10-10T08:48:56.685+0000] {logging_mixin.py:190} INFO - [2025-10-10T08:48:56.684+0000] {dag.py:3211} INFO - Sync 2 DAGs
[2025-10-10T08:48:56.723+0000] {logging_mixin.py:190} INFO - [2025-10-10T08:48:56.722+0000] {dag.py:4138} INFO - Setting next_dagrun for example_xcom_args to None, run_after=None
[2025-10-10T08:48:56.732+0000] {logging_mixin.py:190} INFO - [2025-10-10T08:48:56.732+0000] {dag.py:4138} INFO - Setting next_dagrun for example_xcom_args_with_operators to None, run_after=None
[2025-10-10T08:48:56.776+0000] {processor.py:208} INFO - Processing /home/airflow/.local/lib/python3.12/site-packages/airflow/example_dags/example_xcomargs.py took 0.214 seconds
[2025-10-10T08:54:02.876+0000] {processor.py:186} INFO - Started process (PID=121) to work on /home/airflow/.local/lib/python3.12/site-packages/airflow/example_dags/example_xcomargs.py
[2025-10-10T08:54:02.881+0000] {processor.py:914} INFO - Processing file /home/airflow/.local/lib/python3.12/site-packages/airflow/example_dags/example_xcomargs.py for tasks to queue
[2025-10-10T08:54:02.904+0000] {logging_mixin.py:190} INFO - [2025-10-10T08:54:02.903+0000] {dagbag.py:587} INFO - Filling up the DagBag from /home/airflow/.local/lib/python3.12/site-packages/airflow/example_dags/example_xcomargs.py
[2025-10-10T08:54:02.960+0000] {processor.py:925} INFO - DAG(s) 'example_xcom_args_with_operators', 'example_xcom_args' retrieved from /home/airflow/.local/lib/python3.12/site-packages/airflow/example_dags/example_xcomargs.py
[2025-10-10T08:54:03.066+0000] {logging_mixin.py:190} INFO - [2025-10-10T08:54:03.065+0000] {dag.py:3211} INFO - Sync 2 DAGs
[2025-10-10T08:54:03.127+0000] {logging_mixin.py:190} INFO - [2025-10-10T08:54:03.127+0000] {dag.py:4138} INFO - Setting next_dagrun for example_xcom_args to None, run_after=None
[2025-10-10T08:54:03.136+0000] {logging_mixin.py:190} INFO - [2025-10-10T08:54:03.135+0000] {dag.py:4138} INFO - Setting next_dagrun for example_xcom_args_with_operators to None, run_after=None
[2025-10-10T08:54:03.179+0000] {processor.py:208} INFO - Processing /home/airflow/.local/lib/python3.12/site-packages/airflow/example_dags/example_xcomargs.py took 0.329 seconds
[2025-10-10T08:54:33.585+0000] {processor.py:186} INFO - Started process (PID=185) to work on /home/airflow/.local/lib/python3.12/site-packages/airflow/example_dags/example_xcomargs.py
[2025-10-10T08:54:33.588+0000] {processor.py:914} INFO - Processing file /home/airflow/.local/lib/python3.12/site-packages/airflow/example_dags/example_xcomargs.py for tasks to queue
[2025-10-10T08:54:33.593+0000] {logging_mixin.py:190} INFO - [2025-10-10T08:54:33.592+0000] {dagbag.py:587} INFO - Filling up the DagBag from /home/airflow/.local/lib/python3.12/site-packages/airflow/example_dags/example_xcomargs.py
[2025-10-10T08:54:33.614+0000] {processor.py:925} INFO - DAG(s) 'example_xcom_args_with_operators', 'example_xcom_args' retrieved from /home/airflow/.local/lib/python3.12/site-packages/airflow/example_dags/example_xcomargs.py
[2025-10-10T08:54:33.666+0000] {logging_mixin.py:190} INFO - [2025-10-10T08:54:33.666+0000] {dag.py:3211} INFO - Sync 2 DAGs
[2025-10-10T08:54:33.698+0000] {logging_mixin.py:190} INFO - [2025-10-10T08:54:33.697+0000] {dag.py:4138} INFO - Setting next_dagrun for example_xcom_args to None, run_after=None
[2025-10-10T08:54:33.706+0000] {logging_mixin.py:190} INFO - [2025-10-10T08:54:33.705+0000] {dag.py:4138} INFO - Setting next_dagrun for example_xcom_args_with_operators to None, run_after=None
[2025-10-10T08:54:33.748+0000] {processor.py:208} INFO - Processing /home/airflow/.local/lib/python3.12/site-packages/airflow/example_dags/example_xcomargs.py took 0.177 seconds
[2025-10-10T08:55:04.996+0000] {processor.py:186} INFO - Started process (PID=248) to work on /home/airflow/.local/lib/python3.12/site-packages/airflow/example_dags/example_xcomargs.py
[2025-10-10T08:55:04.999+0000] {processor.py:914} INFO - Processing file /home/airflow/.local/lib/python3.12/site-packages/airflow/example_dags/example_xcomargs.py for tasks to queue
[2025-10-10T08:55:05.005+0000] {logging_mixin.py:190} INFO - [2025-10-10T08:55:05.005+0000] {dagbag.py:587} INFO - Filling up the DagBag from /home/airflow/.local/lib/python3.12/site-packages/airflow/example_dags/example_xcomargs.py
[2025-10-10T08:55:05.031+0000] {processor.py:925} INFO - DAG(s) 'example_xcom_args', 'example_xcom_args_with_operators' retrieved from /home/airflow/.local/lib/python3.12/site-packages/airflow/example_dags/example_xcomargs.py
[2025-10-10T08:55:05.096+0000] {logging_mixin.py:190} INFO - [2025-10-10T08:55:05.096+0000] {dag.py:3211} INFO - Sync 2 DAGs
[2025-10-10T08:55:05.136+0000] {logging_mixin.py:190} INFO - [2025-10-10T08:55:05.136+0000] {dag.py:4138} INFO - Setting next_dagrun for example_xcom_args to None, run_after=None
[2025-10-10T08:55:05.146+0000] {logging_mixin.py:190} INFO - [2025-10-10T08:55:05.145+0000] {dag.py:4138} INFO - Setting next_dagrun for example_xcom_args_with_operators to None, run_after=None
[2025-10-10T08:55:05.195+0000] {processor.py:208} INFO - Processing /home/airflow/.local/lib/python3.12/site-packages/airflow/example_dags/example_xcomargs.py took 0.216 seconds
[2025-10-10T08:58:11.714+0000] {processor.py:186} INFO - Started process (PID=116) to work on /home/airflow/.local/lib/python3.12/site-packages/airflow/example_dags/example_xcomargs.py
[2025-10-10T08:58:11.749+0000] {processor.py:914} INFO - Processing file /home/airflow/.local/lib/python3.12/site-packages/airflow/example_dags/example_xcomargs.py for tasks to queue
[2025-10-10T08:58:11.789+0000] {logging_mixin.py:190} INFO - [2025-10-10T08:58:11.787+0000] {dagbag.py:587} INFO - Filling up the DagBag from /home/airflow/.local/lib/python3.12/site-packages/airflow/example_dags/example_xcomargs.py
[2025-10-10T08:58:11.923+0000] {processor.py:925} INFO - DAG(s) 'example_xcom_args_with_operators', 'example_xcom_args' retrieved from /home/airflow/.local/lib/python3.12/site-packages/airflow/example_dags/example_xcomargs.py
[2025-10-10T08:58:12.093+0000] {logging_mixin.py:190} INFO - [2025-10-10T08:58:12.092+0000] {dag.py:3211} INFO - Sync 2 DAGs
[2025-10-10T08:58:12.123+0000] {logging_mixin.py:190} INFO - [2025-10-10T08:58:12.122+0000] {dag.py:4138} INFO - Setting next_dagrun for example_xcom_args to None, run_after=None
[2025-10-10T08:58:12.129+0000] {logging_mixin.py:190} INFO - [2025-10-10T08:58:12.129+0000] {dag.py:4138} INFO - Setting next_dagrun for example_xcom_args_with_operators to None, run_after=None
[2025-10-10T08:58:12.357+0000] {processor.py:208} INFO - Processing /home/airflow/.local/lib/python3.12/site-packages/airflow/example_dags/example_xcomargs.py took 0.683 seconds
[2025-10-10T08:58:43.299+0000] {processor.py:186} INFO - Started process (PID=180) to work on /home/airflow/.local/lib/python3.12/site-packages/airflow/example_dags/example_xcomargs.py
[2025-10-10T08:58:43.303+0000] {processor.py:914} INFO - Processing file /home/airflow/.local/lib/python3.12/site-packages/airflow/example_dags/example_xcomargs.py for tasks to queue
[2025-10-10T08:58:43.315+0000] {logging_mixin.py:190} INFO - [2025-10-10T08:58:43.314+0000] {dagbag.py:587} INFO - Filling up the DagBag from /home/airflow/.local/lib/python3.12/site-packages/airflow/example_dags/example_xcomargs.py
[2025-10-10T08:58:43.349+0000] {processor.py:925} INFO - DAG(s) 'example_xcom_args_with_operators', 'example_xcom_args' retrieved from /home/airflow/.local/lib/python3.12/site-packages/airflow/example_dags/example_xcomargs.py
[2025-10-10T08:58:43.455+0000] {logging_mixin.py:190} INFO - [2025-10-10T08:58:43.455+0000] {dag.py:3211} INFO - Sync 2 DAGs
[2025-10-10T08:58:43.487+0000] {logging_mixin.py:190} INFO - [2025-10-10T08:58:43.486+0000] {dag.py:4138} INFO - Setting next_dagrun for example_xcom_args to None, run_after=None
[2025-10-10T08:58:43.497+0000] {logging_mixin.py:190} INFO - [2025-10-10T08:58:43.497+0000] {dag.py:4138} INFO - Setting next_dagrun for example_xcom_args_with_operators to None, run_after=None
[2025-10-10T08:58:43.534+0000] {processor.py:208} INFO - Processing /home/airflow/.local/lib/python3.12/site-packages/airflow/example_dags/example_xcomargs.py took 0.249 seconds
[2025-10-10T09:01:36.578+0000] {processor.py:186} INFO - Started process (PID=115) to work on /home/airflow/.local/lib/python3.12/site-packages/airflow/example_dags/example_xcomargs.py
[2025-10-10T09:01:36.580+0000] {processor.py:914} INFO - Processing file /home/airflow/.local/lib/python3.12/site-packages/airflow/example_dags/example_xcomargs.py for tasks to queue
[2025-10-10T09:01:36.586+0000] {logging_mixin.py:190} INFO - [2025-10-10T09:01:36.585+0000] {dagbag.py:587} INFO - Filling up the DagBag from /home/airflow/.local/lib/python3.12/site-packages/airflow/example_dags/example_xcomargs.py
[2025-10-10T09:01:36.614+0000] {processor.py:925} INFO - DAG(s) 'example_xcom_args_with_operators', 'example_xcom_args' retrieved from /home/airflow/.local/lib/python3.12/site-packages/airflow/example_dags/example_xcomargs.py
[2025-10-10T09:01:36.673+0000] {logging_mixin.py:190} INFO - [2025-10-10T09:01:36.672+0000] {dag.py:3211} INFO - Sync 2 DAGs
[2025-10-10T09:01:36.705+0000] {logging_mixin.py:190} INFO - [2025-10-10T09:01:36.705+0000] {dag.py:4138} INFO - Setting next_dagrun for example_xcom_args to None, run_after=None
[2025-10-10T09:01:36.712+0000] {logging_mixin.py:190} INFO - [2025-10-10T09:01:36.712+0000] {dag.py:4138} INFO - Setting next_dagrun for example_xcom_args_with_operators to None, run_after=None
[2025-10-10T09:01:36.748+0000] {processor.py:208} INFO - Processing /home/airflow/.local/lib/python3.12/site-packages/airflow/example_dags/example_xcomargs.py took 0.185 seconds
[2025-10-10T09:02:08.147+0000] {processor.py:186} INFO - Started process (PID=178) to work on /home/airflow/.local/lib/python3.12/site-packages/airflow/example_dags/example_xcomargs.py
[2025-10-10T09:02:08.150+0000] {processor.py:914} INFO - Processing file /home/airflow/.local/lib/python3.12/site-packages/airflow/example_dags/example_xcomargs.py for tasks to queue
[2025-10-10T09:02:08.160+0000] {logging_mixin.py:190} INFO - [2025-10-10T09:02:08.158+0000] {dagbag.py:587} INFO - Filling up the DagBag from /home/airflow/.local/lib/python3.12/site-packages/airflow/example_dags/example_xcomargs.py
[2025-10-10T09:02:08.198+0000] {processor.py:925} INFO - DAG(s) 'example_xcom_args_with_operators', 'example_xcom_args' retrieved from /home/airflow/.local/lib/python3.12/site-packages/airflow/example_dags/example_xcomargs.py
[2025-10-10T09:02:08.285+0000] {logging_mixin.py:190} INFO - [2025-10-10T09:02:08.285+0000] {dag.py:3211} INFO - Sync 2 DAGs
[2025-10-10T09:02:08.333+0000] {logging_mixin.py:190} INFO - [2025-10-10T09:02:08.333+0000] {dag.py:4138} INFO - Setting next_dagrun for example_xcom_args to None, run_after=None
[2025-10-10T09:02:08.350+0000] {logging_mixin.py:190} INFO - [2025-10-10T09:02:08.349+0000] {dag.py:4138} INFO - Setting next_dagrun for example_xcom_args_with_operators to None, run_after=None
[2025-10-10T09:02:08.569+0000] {processor.py:208} INFO - Processing /home/airflow/.local/lib/python3.12/site-packages/airflow/example_dags/example_xcomargs.py took 0.444 seconds
[2025-10-10T09:02:39.011+0000] {processor.py:186} INFO - Started process (PID=241) to work on /home/airflow/.local/lib/python3.12/site-packages/airflow/example_dags/example_xcomargs.py
[2025-10-10T09:02:39.022+0000] {processor.py:914} INFO - Processing file /home/airflow/.local/lib/python3.12/site-packages/airflow/example_dags/example_xcomargs.py for tasks to queue
[2025-10-10T09:02:39.048+0000] {logging_mixin.py:190} INFO - [2025-10-10T09:02:39.046+0000] {dagbag.py:587} INFO - Filling up the DagBag from /home/airflow/.local/lib/python3.12/site-packages/airflow/example_dags/example_xcomargs.py
[2025-10-10T09:02:39.085+0000] {processor.py:925} INFO - DAG(s) 'example_xcom_args_with_operators', 'example_xcom_args' retrieved from /home/airflow/.local/lib/python3.12/site-packages/airflow/example_dags/example_xcomargs.py
[2025-10-10T09:02:39.143+0000] {logging_mixin.py:190} INFO - [2025-10-10T09:02:39.142+0000] {dag.py:3211} INFO - Sync 2 DAGs
[2025-10-10T09:02:39.182+0000] {logging_mixin.py:190} INFO - [2025-10-10T09:02:39.181+0000] {dag.py:4138} INFO - Setting next_dagrun for example_xcom_args to None, run_after=None
[2025-10-10T09:02:39.194+0000] {logging_mixin.py:190} INFO - [2025-10-10T09:02:39.193+0000] {dag.py:4138} INFO - Setting next_dagrun for example_xcom_args_with_operators to None, run_after=None
[2025-10-10T09:02:39.243+0000] {processor.py:208} INFO - Processing /home/airflow/.local/lib/python3.12/site-packages/airflow/example_dags/example_xcomargs.py took 0.256 seconds
[2025-10-10T09:03:10.666+0000] {processor.py:186} INFO - Started process (PID=305) to work on /home/airflow/.local/lib/python3.12/site-packages/airflow/example_dags/example_xcomargs.py
[2025-10-10T09:03:10.670+0000] {processor.py:914} INFO - Processing file /home/airflow/.local/lib/python3.12/site-packages/airflow/example_dags/example_xcomargs.py for tasks to queue
[2025-10-10T09:03:10.679+0000] {logging_mixin.py:190} INFO - [2025-10-10T09:03:10.677+0000] {dagbag.py:587} INFO - Filling up the DagBag from /home/airflow/.local/lib/python3.12/site-packages/airflow/example_dags/example_xcomargs.py
[2025-10-10T09:03:10.714+0000] {processor.py:925} INFO - DAG(s) 'example_xcom_args', 'example_xcom_args_with_operators' retrieved from /home/airflow/.local/lib/python3.12/site-packages/airflow/example_dags/example_xcomargs.py
[2025-10-10T09:03:10.817+0000] {logging_mixin.py:190} INFO - [2025-10-10T09:03:10.816+0000] {dag.py:3211} INFO - Sync 2 DAGs
[2025-10-10T09:03:10.863+0000] {logging_mixin.py:190} INFO - [2025-10-10T09:03:10.863+0000] {dag.py:4138} INFO - Setting next_dagrun for example_xcom_args to None, run_after=None
[2025-10-10T09:03:10.874+0000] {logging_mixin.py:190} INFO - [2025-10-10T09:03:10.873+0000] {dag.py:4138} INFO - Setting next_dagrun for example_xcom_args_with_operators to None, run_after=None
[2025-10-10T09:03:10.915+0000] {processor.py:208} INFO - Processing /home/airflow/.local/lib/python3.12/site-packages/airflow/example_dags/example_xcomargs.py took 0.269 seconds
[2025-10-10T09:03:42.252+0000] {processor.py:186} INFO - Started process (PID=368) to work on /home/airflow/.local/lib/python3.12/site-packages/airflow/example_dags/example_xcomargs.py
[2025-10-10T09:03:42.255+0000] {processor.py:914} INFO - Processing file /home/airflow/.local/lib/python3.12/site-packages/airflow/example_dags/example_xcomargs.py for tasks to queue
[2025-10-10T09:03:42.261+0000] {logging_mixin.py:190} INFO - [2025-10-10T09:03:42.260+0000] {dagbag.py:587} INFO - Filling up the DagBag from /home/airflow/.local/lib/python3.12/site-packages/airflow/example_dags/example_xcomargs.py
[2025-10-10T09:03:42.295+0000] {processor.py:925} INFO - DAG(s) 'example_xcom_args_with_operators', 'example_xcom_args' retrieved from /home/airflow/.local/lib/python3.12/site-packages/airflow/example_dags/example_xcomargs.py
[2025-10-10T09:03:42.419+0000] {logging_mixin.py:190} INFO - [2025-10-10T09:03:42.419+0000] {dag.py:3211} INFO - Sync 2 DAGs
[2025-10-10T09:03:42.487+0000] {logging_mixin.py:190} INFO - [2025-10-10T09:03:42.486+0000] {dag.py:4138} INFO - Setting next_dagrun for example_xcom_args to None, run_after=None
[2025-10-10T09:03:42.518+0000] {logging_mixin.py:190} INFO - [2025-10-10T09:03:42.517+0000] {dag.py:4138} INFO - Setting next_dagrun for example_xcom_args_with_operators to None, run_after=None
[2025-10-10T09:03:42.627+0000] {processor.py:208} INFO - Processing /home/airflow/.local/lib/python3.12/site-packages/airflow/example_dags/example_xcomargs.py took 0.393 seconds
[2025-10-10T09:04:13.550+0000] {processor.py:186} INFO - Started process (PID=437) to work on /home/airflow/.local/lib/python3.12/site-packages/airflow/example_dags/example_xcomargs.py
[2025-10-10T09:04:13.553+0000] {processor.py:914} INFO - Processing file /home/airflow/.local/lib/python3.12/site-packages/airflow/example_dags/example_xcomargs.py for tasks to queue
[2025-10-10T09:04:13.559+0000] {logging_mixin.py:190} INFO - [2025-10-10T09:04:13.558+0000] {dagbag.py:587} INFO - Filling up the DagBag from /home/airflow/.local/lib/python3.12/site-packages/airflow/example_dags/example_xcomargs.py
[2025-10-10T09:04:13.609+0000] {processor.py:925} INFO - DAG(s) 'example_xcom_args_with_operators', 'example_xcom_args' retrieved from /home/airflow/.local/lib/python3.12/site-packages/airflow/example_dags/example_xcomargs.py
[2025-10-10T09:04:13.778+0000] {logging_mixin.py:190} INFO - [2025-10-10T09:04:13.778+0000] {dag.py:3211} INFO - Sync 2 DAGs
[2025-10-10T09:04:13.851+0000] {logging_mixin.py:190} INFO - [2025-10-10T09:04:13.851+0000] {dag.py:4138} INFO - Setting next_dagrun for example_xcom_args to None, run_after=None
[2025-10-10T09:04:13.872+0000] {logging_mixin.py:190} INFO - [2025-10-10T09:04:13.871+0000] {dag.py:4138} INFO - Setting next_dagrun for example_xcom_args_with_operators to None, run_after=None
[2025-10-10T09:04:13.939+0000] {processor.py:208} INFO - Processing /home/airflow/.local/lib/python3.12/site-packages/airflow/example_dags/example_xcomargs.py took 0.408 seconds
[2025-10-10T09:04:44.609+0000] {processor.py:186} INFO - Started process (PID=500) to work on /home/airflow/.local/lib/python3.12/site-packages/airflow/example_dags/example_xcomargs.py
[2025-10-10T09:04:44.612+0000] {processor.py:914} INFO - Processing file /home/airflow/.local/lib/python3.12/site-packages/airflow/example_dags/example_xcomargs.py for tasks to queue
[2025-10-10T09:04:44.620+0000] {logging_mixin.py:190} INFO - [2025-10-10T09:04:44.619+0000] {dagbag.py:587} INFO - Filling up the DagBag from /home/airflow/.local/lib/python3.12/site-packages/airflow/example_dags/example_xcomargs.py
[2025-10-10T09:04:44.652+0000] {processor.py:925} INFO - DAG(s) 'example_xcom_args_with_operators', 'example_xcom_args' retrieved from /home/airflow/.local/lib/python3.12/site-packages/airflow/example_dags/example_xcomargs.py
[2025-10-10T09:04:44.725+0000] {logging_mixin.py:190} INFO - [2025-10-10T09:04:44.724+0000] {dag.py:3211} INFO - Sync 2 DAGs
[2025-10-10T09:04:44.767+0000] {logging_mixin.py:190} INFO - [2025-10-10T09:04:44.766+0000] {dag.py:4138} INFO - Setting next_dagrun for example_xcom_args to None, run_after=None
[2025-10-10T09:04:44.777+0000] {logging_mixin.py:190} INFO - [2025-10-10T09:04:44.776+0000] {dag.py:4138} INFO - Setting next_dagrun for example_xcom_args_with_operators to None, run_after=None
[2025-10-10T09:04:44.825+0000] {processor.py:208} INFO - Processing /home/airflow/.local/lib/python3.12/site-packages/airflow/example_dags/example_xcomargs.py took 0.238 seconds
[2025-10-10T09:05:15.334+0000] {processor.py:186} INFO - Started process (PID=563) to work on /home/airflow/.local/lib/python3.12/site-packages/airflow/example_dags/example_xcomargs.py
[2025-10-10T09:05:15.337+0000] {processor.py:914} INFO - Processing file /home/airflow/.local/lib/python3.12/site-packages/airflow/example_dags/example_xcomargs.py for tasks to queue
[2025-10-10T09:05:15.344+0000] {logging_mixin.py:190} INFO - [2025-10-10T09:05:15.343+0000] {dagbag.py:587} INFO - Filling up the DagBag from /home/airflow/.local/lib/python3.12/site-packages/airflow/example_dags/example_xcomargs.py
[2025-10-10T09:05:15.381+0000] {processor.py:925} INFO - DAG(s) 'example_xcom_args', 'example_xcom_args_with_operators' retrieved from /home/airflow/.local/lib/python3.12/site-packages/airflow/example_dags/example_xcomargs.py
[2025-10-10T09:05:15.507+0000] {logging_mixin.py:190} INFO - [2025-10-10T09:05:15.506+0000] {dag.py:3211} INFO - Sync 2 DAGs
[2025-10-10T09:05:15.613+0000] {logging_mixin.py:190} INFO - [2025-10-10T09:05:15.612+0000] {dag.py:4138} INFO - Setting next_dagrun for example_xcom_args to None, run_after=None
[2025-10-10T09:05:15.641+0000] {logging_mixin.py:190} INFO - [2025-10-10T09:05:15.640+0000] {dag.py:4138} INFO - Setting next_dagrun for example_xcom_args_with_operators to None, run_after=None
[2025-10-10T09:05:15.735+0000] {processor.py:208} INFO - Processing /home/airflow/.local/lib/python3.12/site-packages/airflow/example_dags/example_xcomargs.py took 0.418 seconds
