[2025-10-10T08:37:57.008+0000] {processor.py:186} INFO - Started process (PID=99) to work on /home/airflow/.local/lib/python3.12/site-packages/airflow/example_dags/example_dag_decorator.py
[2025-10-10T08:37:57.012+0000] {processor.py:914} INFO - Processing file /home/airflow/.local/lib/python3.12/site-packages/airflow/example_dags/example_dag_decorator.py for tasks to queue
[2025-10-10T08:37:57.019+0000] {logging_mixin.py:190} INFO - [2025-10-10T08:37:57.018+0000] {dagbag.py:587} INFO - Filling up the DagBag from /home/airflow/.local/lib/python3.12/site-packages/airflow/example_dags/example_dag_decorator.py
[2025-10-10T08:37:57.066+0000] {processor.py:925} INFO - DAG(s) 'example_dag_decorator' retrieved from /home/airflow/.local/lib/python3.12/site-packages/airflow/example_dags/example_dag_decorator.py
[2025-10-10T08:37:57.392+0000] {logging_mixin.py:190} INFO - [2025-10-10T08:37:57.391+0000] {dag.py:3211} INFO - Sync 1 DAGs
[2025-10-10T08:37:57.430+0000] {logging_mixin.py:190} INFO - [2025-10-10T08:37:57.429+0000] {dag.py:4138} INFO - Setting next_dagrun for example_dag_decorator to None, run_after=None
[2025-10-10T08:37:57.484+0000] {processor.py:208} INFO - Processing /home/airflow/.local/lib/python3.12/site-packages/airflow/example_dags/example_dag_decorator.py took 0.492 seconds
[2025-10-10T08:38:28.186+0000] {processor.py:186} INFO - Started process (PID=163) to work on /home/airflow/.local/lib/python3.12/site-packages/airflow/example_dags/example_dag_decorator.py
[2025-10-10T08:38:28.190+0000] {processor.py:914} INFO - Processing file /home/airflow/.local/lib/python3.12/site-packages/airflow/example_dags/example_dag_decorator.py for tasks to queue
[2025-10-10T08:38:28.196+0000] {logging_mixin.py:190} INFO - [2025-10-10T08:38:28.195+0000] {dagbag.py:587} INFO - Filling up the DagBag from /home/airflow/.local/lib/python3.12/site-packages/airflow/example_dags/example_dag_decorator.py
[2025-10-10T08:38:28.236+0000] {processor.py:925} INFO - DAG(s) 'example_dag_decorator' retrieved from /home/airflow/.local/lib/python3.12/site-packages/airflow/example_dags/example_dag_decorator.py
[2025-10-10T08:38:28.312+0000] {logging_mixin.py:190} INFO - [2025-10-10T08:38:28.311+0000] {dag.py:3211} INFO - Sync 1 DAGs
[2025-10-10T08:38:28.347+0000] {logging_mixin.py:190} INFO - [2025-10-10T08:38:28.346+0000] {dag.py:4138} INFO - Setting next_dagrun for example_dag_decorator to None, run_after=None
[2025-10-10T08:38:28.391+0000] {processor.py:208} INFO - Processing /home/airflow/.local/lib/python3.12/site-packages/airflow/example_dags/example_dag_decorator.py took 0.219 seconds
[2025-10-10T08:38:59.026+0000] {processor.py:186} INFO - Started process (PID=225) to work on /home/airflow/.local/lib/python3.12/site-packages/airflow/example_dags/example_dag_decorator.py
[2025-10-10T08:38:59.029+0000] {processor.py:914} INFO - Processing file /home/airflow/.local/lib/python3.12/site-packages/airflow/example_dags/example_dag_decorator.py for tasks to queue
[2025-10-10T08:38:59.036+0000] {logging_mixin.py:190} INFO - [2025-10-10T08:38:59.035+0000] {dagbag.py:587} INFO - Filling up the DagBag from /home/airflow/.local/lib/python3.12/site-packages/airflow/example_dags/example_dag_decorator.py
[2025-10-10T08:38:59.065+0000] {processor.py:925} INFO - DAG(s) 'example_dag_decorator' retrieved from /home/airflow/.local/lib/python3.12/site-packages/airflow/example_dags/example_dag_decorator.py
[2025-10-10T08:38:59.366+0000] {logging_mixin.py:190} INFO - [2025-10-10T08:38:59.366+0000] {dag.py:3211} INFO - Sync 1 DAGs
[2025-10-10T08:38:59.393+0000] {logging_mixin.py:190} INFO - [2025-10-10T08:38:59.392+0000] {dag.py:4138} INFO - Setting next_dagrun for example_dag_decorator to None, run_after=None
[2025-10-10T08:38:59.441+0000] {processor.py:208} INFO - Processing /home/airflow/.local/lib/python3.12/site-packages/airflow/example_dags/example_dag_decorator.py took 0.431 seconds
[2025-10-10T08:39:29.894+0000] {processor.py:186} INFO - Started process (PID=288) to work on /home/airflow/.local/lib/python3.12/site-packages/airflow/example_dags/example_dag_decorator.py
[2025-10-10T08:39:29.896+0000] {processor.py:914} INFO - Processing file /home/airflow/.local/lib/python3.12/site-packages/airflow/example_dags/example_dag_decorator.py for tasks to queue
[2025-10-10T08:39:29.904+0000] {logging_mixin.py:190} INFO - [2025-10-10T08:39:29.903+0000] {dagbag.py:587} INFO - Filling up the DagBag from /home/airflow/.local/lib/python3.12/site-packages/airflow/example_dags/example_dag_decorator.py
[2025-10-10T08:39:29.935+0000] {processor.py:925} INFO - DAG(s) 'example_dag_decorator' retrieved from /home/airflow/.local/lib/python3.12/site-packages/airflow/example_dags/example_dag_decorator.py
[2025-10-10T08:39:30.368+0000] {logging_mixin.py:190} INFO - [2025-10-10T08:39:30.368+0000] {dag.py:3211} INFO - Sync 1 DAGs
[2025-10-10T08:39:30.469+0000] {logging_mixin.py:190} INFO - [2025-10-10T08:39:30.468+0000] {dag.py:4138} INFO - Setting next_dagrun for example_dag_decorator to None, run_after=None
[2025-10-10T08:39:30.591+0000] {processor.py:208} INFO - Processing /home/airflow/.local/lib/python3.12/site-packages/airflow/example_dags/example_dag_decorator.py took 0.714 seconds
[2025-10-10T08:40:02.055+0000] {processor.py:186} INFO - Started process (PID=351) to work on /home/airflow/.local/lib/python3.12/site-packages/airflow/example_dags/example_dag_decorator.py
[2025-10-10T08:40:02.058+0000] {processor.py:914} INFO - Processing file /home/airflow/.local/lib/python3.12/site-packages/airflow/example_dags/example_dag_decorator.py for tasks to queue
[2025-10-10T08:40:02.068+0000] {logging_mixin.py:190} INFO - [2025-10-10T08:40:02.066+0000] {dagbag.py:587} INFO - Filling up the DagBag from /home/airflow/.local/lib/python3.12/site-packages/airflow/example_dags/example_dag_decorator.py
[2025-10-10T08:40:02.115+0000] {processor.py:925} INFO - DAG(s) 'example_dag_decorator' retrieved from /home/airflow/.local/lib/python3.12/site-packages/airflow/example_dags/example_dag_decorator.py
[2025-10-10T08:40:02.451+0000] {logging_mixin.py:190} INFO - [2025-10-10T08:40:02.450+0000] {dag.py:3211} INFO - Sync 1 DAGs
[2025-10-10T08:40:02.493+0000] {logging_mixin.py:190} INFO - [2025-10-10T08:40:02.493+0000] {dag.py:4138} INFO - Setting next_dagrun for example_dag_decorator to None, run_after=None
[2025-10-10T08:40:02.563+0000] {processor.py:208} INFO - Processing /home/airflow/.local/lib/python3.12/site-packages/airflow/example_dags/example_dag_decorator.py took 0.525 seconds
[2025-10-10T08:40:33.448+0000] {processor.py:186} INFO - Started process (PID=414) to work on /home/airflow/.local/lib/python3.12/site-packages/airflow/example_dags/example_dag_decorator.py
[2025-10-10T08:40:33.452+0000] {processor.py:914} INFO - Processing file /home/airflow/.local/lib/python3.12/site-packages/airflow/example_dags/example_dag_decorator.py for tasks to queue
[2025-10-10T08:40:33.461+0000] {logging_mixin.py:190} INFO - [2025-10-10T08:40:33.459+0000] {dagbag.py:587} INFO - Filling up the DagBag from /home/airflow/.local/lib/python3.12/site-packages/airflow/example_dags/example_dag_decorator.py
[2025-10-10T08:40:33.503+0000] {processor.py:925} INFO - DAG(s) 'example_dag_decorator' retrieved from /home/airflow/.local/lib/python3.12/site-packages/airflow/example_dags/example_dag_decorator.py
[2025-10-10T08:40:33.841+0000] {logging_mixin.py:190} INFO - [2025-10-10T08:40:33.840+0000] {dag.py:3211} INFO - Sync 1 DAGs
[2025-10-10T08:40:33.864+0000] {logging_mixin.py:190} INFO - [2025-10-10T08:40:33.864+0000] {dag.py:4138} INFO - Setting next_dagrun for example_dag_decorator to None, run_after=None
[2025-10-10T08:40:33.905+0000] {processor.py:208} INFO - Processing /home/airflow/.local/lib/python3.12/site-packages/airflow/example_dags/example_dag_decorator.py took 0.480 seconds
[2025-10-10T08:41:04.931+0000] {processor.py:186} INFO - Started process (PID=477) to work on /home/airflow/.local/lib/python3.12/site-packages/airflow/example_dags/example_dag_decorator.py
[2025-10-10T08:41:04.934+0000] {processor.py:914} INFO - Processing file /home/airflow/.local/lib/python3.12/site-packages/airflow/example_dags/example_dag_decorator.py for tasks to queue
[2025-10-10T08:41:04.942+0000] {logging_mixin.py:190} INFO - [2025-10-10T08:41:04.941+0000] {dagbag.py:587} INFO - Filling up the DagBag from /home/airflow/.local/lib/python3.12/site-packages/airflow/example_dags/example_dag_decorator.py
[2025-10-10T08:41:04.976+0000] {processor.py:925} INFO - DAG(s) 'example_dag_decorator' retrieved from /home/airflow/.local/lib/python3.12/site-packages/airflow/example_dags/example_dag_decorator.py
[2025-10-10T08:41:05.632+0000] {logging_mixin.py:190} INFO - [2025-10-10T08:41:05.631+0000] {dag.py:3211} INFO - Sync 1 DAGs
[2025-10-10T08:41:05.704+0000] {logging_mixin.py:190} INFO - [2025-10-10T08:41:05.703+0000] {dag.py:4138} INFO - Setting next_dagrun for example_dag_decorator to None, run_after=None
[2025-10-10T08:41:05.806+0000] {processor.py:208} INFO - Processing /home/airflow/.local/lib/python3.12/site-packages/airflow/example_dags/example_dag_decorator.py took 0.892 seconds
[2025-10-10T08:41:36.310+0000] {processor.py:186} INFO - Started process (PID=540) to work on /home/airflow/.local/lib/python3.12/site-packages/airflow/example_dags/example_dag_decorator.py
[2025-10-10T08:41:36.314+0000] {processor.py:914} INFO - Processing file /home/airflow/.local/lib/python3.12/site-packages/airflow/example_dags/example_dag_decorator.py for tasks to queue
[2025-10-10T08:41:36.321+0000] {logging_mixin.py:190} INFO - [2025-10-10T08:41:36.320+0000] {dagbag.py:587} INFO - Filling up the DagBag from /home/airflow/.local/lib/python3.12/site-packages/airflow/example_dags/example_dag_decorator.py
[2025-10-10T08:41:36.355+0000] {processor.py:925} INFO - DAG(s) 'example_dag_decorator' retrieved from /home/airflow/.local/lib/python3.12/site-packages/airflow/example_dags/example_dag_decorator.py
[2025-10-10T08:41:36.582+0000] {logging_mixin.py:190} INFO - [2025-10-10T08:41:36.581+0000] {dag.py:3211} INFO - Sync 1 DAGs
[2025-10-10T08:41:36.610+0000] {logging_mixin.py:190} INFO - [2025-10-10T08:41:36.609+0000] {dag.py:4138} INFO - Setting next_dagrun for example_dag_decorator to None, run_after=None
[2025-10-10T08:41:36.662+0000] {processor.py:208} INFO - Processing /home/airflow/.local/lib/python3.12/site-packages/airflow/example_dags/example_dag_decorator.py took 0.369 seconds
[2025-10-10T08:42:07.023+0000] {processor.py:186} INFO - Started process (PID=604) to work on /home/airflow/.local/lib/python3.12/site-packages/airflow/example_dags/example_dag_decorator.py
[2025-10-10T08:42:07.025+0000] {processor.py:914} INFO - Processing file /home/airflow/.local/lib/python3.12/site-packages/airflow/example_dags/example_dag_decorator.py for tasks to queue
[2025-10-10T08:42:07.033+0000] {logging_mixin.py:190} INFO - [2025-10-10T08:42:07.032+0000] {dagbag.py:587} INFO - Filling up the DagBag from /home/airflow/.local/lib/python3.12/site-packages/airflow/example_dags/example_dag_decorator.py
[2025-10-10T08:42:07.067+0000] {processor.py:925} INFO - DAG(s) 'example_dag_decorator' retrieved from /home/airflow/.local/lib/python3.12/site-packages/airflow/example_dags/example_dag_decorator.py
[2025-10-10T08:42:07.400+0000] {logging_mixin.py:190} INFO - [2025-10-10T08:42:07.400+0000] {dag.py:3211} INFO - Sync 1 DAGs
[2025-10-10T08:42:07.427+0000] {logging_mixin.py:190} INFO - [2025-10-10T08:42:07.426+0000] {dag.py:4138} INFO - Setting next_dagrun for example_dag_decorator to None, run_after=None
[2025-10-10T08:42:07.486+0000] {processor.py:208} INFO - Processing /home/airflow/.local/lib/python3.12/site-packages/airflow/example_dags/example_dag_decorator.py took 0.481 seconds
[2025-10-10T08:42:38.200+0000] {processor.py:186} INFO - Started process (PID=666) to work on /home/airflow/.local/lib/python3.12/site-packages/airflow/example_dags/example_dag_decorator.py
[2025-10-10T08:42:38.204+0000] {processor.py:914} INFO - Processing file /home/airflow/.local/lib/python3.12/site-packages/airflow/example_dags/example_dag_decorator.py for tasks to queue
[2025-10-10T08:42:38.210+0000] {logging_mixin.py:190} INFO - [2025-10-10T08:42:38.209+0000] {dagbag.py:587} INFO - Filling up the DagBag from /home/airflow/.local/lib/python3.12/site-packages/airflow/example_dags/example_dag_decorator.py
[2025-10-10T08:42:38.240+0000] {processor.py:925} INFO - DAG(s) 'example_dag_decorator' retrieved from /home/airflow/.local/lib/python3.12/site-packages/airflow/example_dags/example_dag_decorator.py
[2025-10-10T08:42:38.697+0000] {logging_mixin.py:190} INFO - [2025-10-10T08:42:38.696+0000] {dag.py:3211} INFO - Sync 1 DAGs
[2025-10-10T08:42:38.792+0000] {logging_mixin.py:190} INFO - [2025-10-10T08:42:38.791+0000] {dag.py:4138} INFO - Setting next_dagrun for example_dag_decorator to None, run_after=None
[2025-10-10T08:42:38.868+0000] {processor.py:208} INFO - Processing /home/airflow/.local/lib/python3.12/site-packages/airflow/example_dags/example_dag_decorator.py took 0.684 seconds
[2025-10-10T08:43:09.372+0000] {processor.py:186} INFO - Started process (PID=729) to work on /home/airflow/.local/lib/python3.12/site-packages/airflow/example_dags/example_dag_decorator.py
[2025-10-10T08:43:09.375+0000] {processor.py:914} INFO - Processing file /home/airflow/.local/lib/python3.12/site-packages/airflow/example_dags/example_dag_decorator.py for tasks to queue
[2025-10-10T08:43:09.381+0000] {logging_mixin.py:190} INFO - [2025-10-10T08:43:09.381+0000] {dagbag.py:587} INFO - Filling up the DagBag from /home/airflow/.local/lib/python3.12/site-packages/airflow/example_dags/example_dag_decorator.py
[2025-10-10T08:43:09.408+0000] {processor.py:925} INFO - DAG(s) 'example_dag_decorator' retrieved from /home/airflow/.local/lib/python3.12/site-packages/airflow/example_dags/example_dag_decorator.py
[2025-10-10T08:43:09.845+0000] {logging_mixin.py:190} INFO - [2025-10-10T08:43:09.843+0000] {dag.py:3211} INFO - Sync 1 DAGs
[2025-10-10T08:43:09.901+0000] {logging_mixin.py:190} INFO - [2025-10-10T08:43:09.900+0000] {dag.py:4138} INFO - Setting next_dagrun for example_dag_decorator to None, run_after=None
[2025-10-10T08:43:09.988+0000] {processor.py:208} INFO - Processing /home/airflow/.local/lib/python3.12/site-packages/airflow/example_dags/example_dag_decorator.py took 0.635 seconds
[2025-10-10T08:43:40.272+0000] {processor.py:186} INFO - Started process (PID=792) to work on /home/airflow/.local/lib/python3.12/site-packages/airflow/example_dags/example_dag_decorator.py
[2025-10-10T08:43:40.278+0000] {processor.py:914} INFO - Processing file /home/airflow/.local/lib/python3.12/site-packages/airflow/example_dags/example_dag_decorator.py for tasks to queue
[2025-10-10T08:43:40.292+0000] {logging_mixin.py:190} INFO - [2025-10-10T08:43:40.290+0000] {dagbag.py:587} INFO - Filling up the DagBag from /home/airflow/.local/lib/python3.12/site-packages/airflow/example_dags/example_dag_decorator.py
[2025-10-10T08:43:40.359+0000] {processor.py:925} INFO - DAG(s) 'example_dag_decorator' retrieved from /home/airflow/.local/lib/python3.12/site-packages/airflow/example_dags/example_dag_decorator.py
[2025-10-10T08:43:40.496+0000] {logging_mixin.py:190} INFO - [2025-10-10T08:43:40.495+0000] {dag.py:3211} INFO - Sync 1 DAGs
[2025-10-10T08:43:40.594+0000] {logging_mixin.py:190} INFO - [2025-10-10T08:43:40.593+0000] {dag.py:4138} INFO - Setting next_dagrun for example_dag_decorator to None, run_after=None
[2025-10-10T08:43:40.736+0000] {processor.py:208} INFO - Processing /home/airflow/.local/lib/python3.12/site-packages/airflow/example_dags/example_dag_decorator.py took 0.496 seconds
[2025-10-10T08:44:12.067+0000] {processor.py:186} INFO - Started process (PID=860) to work on /home/airflow/.local/lib/python3.12/site-packages/airflow/example_dags/example_dag_decorator.py
[2025-10-10T08:44:12.071+0000] {processor.py:914} INFO - Processing file /home/airflow/.local/lib/python3.12/site-packages/airflow/example_dags/example_dag_decorator.py for tasks to queue
[2025-10-10T08:44:12.081+0000] {logging_mixin.py:190} INFO - [2025-10-10T08:44:12.078+0000] {dagbag.py:587} INFO - Filling up the DagBag from /home/airflow/.local/lib/python3.12/site-packages/airflow/example_dags/example_dag_decorator.py
[2025-10-10T08:44:12.123+0000] {processor.py:925} INFO - DAG(s) 'example_dag_decorator' retrieved from /home/airflow/.local/lib/python3.12/site-packages/airflow/example_dags/example_dag_decorator.py
[2025-10-10T08:44:12.498+0000] {logging_mixin.py:190} INFO - [2025-10-10T08:44:12.497+0000] {dag.py:3211} INFO - Sync 1 DAGs
[2025-10-10T08:44:12.526+0000] {logging_mixin.py:190} INFO - [2025-10-10T08:44:12.525+0000] {dag.py:4138} INFO - Setting next_dagrun for example_dag_decorator to None, run_after=None
[2025-10-10T08:44:12.575+0000] {processor.py:208} INFO - Processing /home/airflow/.local/lib/python3.12/site-packages/airflow/example_dags/example_dag_decorator.py took 0.536 seconds
[2025-10-10T08:44:43.535+0000] {processor.py:186} INFO - Started process (PID=923) to work on /home/airflow/.local/lib/python3.12/site-packages/airflow/example_dags/example_dag_decorator.py
[2025-10-10T08:44:43.538+0000] {processor.py:914} INFO - Processing file /home/airflow/.local/lib/python3.12/site-packages/airflow/example_dags/example_dag_decorator.py for tasks to queue
[2025-10-10T08:44:43.544+0000] {logging_mixin.py:190} INFO - [2025-10-10T08:44:43.543+0000] {dagbag.py:587} INFO - Filling up the DagBag from /home/airflow/.local/lib/python3.12/site-packages/airflow/example_dags/example_dag_decorator.py
[2025-10-10T08:44:43.585+0000] {processor.py:925} INFO - DAG(s) 'example_dag_decorator' retrieved from /home/airflow/.local/lib/python3.12/site-packages/airflow/example_dags/example_dag_decorator.py
[2025-10-10T08:44:44.033+0000] {logging_mixin.py:190} INFO - [2025-10-10T08:44:44.032+0000] {dag.py:3211} INFO - Sync 1 DAGs
[2025-10-10T08:44:44.104+0000] {logging_mixin.py:190} INFO - [2025-10-10T08:44:44.103+0000] {dag.py:4138} INFO - Setting next_dagrun for example_dag_decorator to None, run_after=None
[2025-10-10T08:44:44.179+0000] {processor.py:208} INFO - Processing /home/airflow/.local/lib/python3.12/site-packages/airflow/example_dags/example_dag_decorator.py took 0.664 seconds
[2025-10-10T08:45:14.517+0000] {processor.py:186} INFO - Started process (PID=987) to work on /home/airflow/.local/lib/python3.12/site-packages/airflow/example_dags/example_dag_decorator.py
[2025-10-10T08:45:14.520+0000] {processor.py:914} INFO - Processing file /home/airflow/.local/lib/python3.12/site-packages/airflow/example_dags/example_dag_decorator.py for tasks to queue
[2025-10-10T08:45:14.526+0000] {logging_mixin.py:190} INFO - [2025-10-10T08:45:14.525+0000] {dagbag.py:587} INFO - Filling up the DagBag from /home/airflow/.local/lib/python3.12/site-packages/airflow/example_dags/example_dag_decorator.py
[2025-10-10T08:45:14.562+0000] {processor.py:925} INFO - DAG(s) 'example_dag_decorator' retrieved from /home/airflow/.local/lib/python3.12/site-packages/airflow/example_dags/example_dag_decorator.py
[2025-10-10T08:45:14.826+0000] {logging_mixin.py:190} INFO - [2025-10-10T08:45:14.826+0000] {dag.py:3211} INFO - Sync 1 DAGs
[2025-10-10T08:45:14.851+0000] {logging_mixin.py:190} INFO - [2025-10-10T08:45:14.850+0000] {dag.py:4138} INFO - Setting next_dagrun for example_dag_decorator to None, run_after=None
[2025-10-10T08:45:14.890+0000] {processor.py:208} INFO - Processing /home/airflow/.local/lib/python3.12/site-packages/airflow/example_dags/example_dag_decorator.py took 0.391 seconds
[2025-10-10T08:45:46.074+0000] {processor.py:186} INFO - Started process (PID=1051) to work on /home/airflow/.local/lib/python3.12/site-packages/airflow/example_dags/example_dag_decorator.py
[2025-10-10T08:45:46.076+0000] {processor.py:914} INFO - Processing file /home/airflow/.local/lib/python3.12/site-packages/airflow/example_dags/example_dag_decorator.py for tasks to queue
[2025-10-10T08:45:46.082+0000] {logging_mixin.py:190} INFO - [2025-10-10T08:45:46.081+0000] {dagbag.py:587} INFO - Filling up the DagBag from /home/airflow/.local/lib/python3.12/site-packages/airflow/example_dags/example_dag_decorator.py
[2025-10-10T08:45:46.107+0000] {processor.py:925} INFO - DAG(s) 'example_dag_decorator' retrieved from /home/airflow/.local/lib/python3.12/site-packages/airflow/example_dags/example_dag_decorator.py
[2025-10-10T08:45:46.433+0000] {logging_mixin.py:190} INFO - [2025-10-10T08:45:46.432+0000] {dag.py:3211} INFO - Sync 1 DAGs
[2025-10-10T08:45:46.458+0000] {logging_mixin.py:190} INFO - [2025-10-10T08:45:46.458+0000] {dag.py:4138} INFO - Setting next_dagrun for example_dag_decorator to None, run_after=None
[2025-10-10T08:45:46.499+0000] {processor.py:208} INFO - Processing /home/airflow/.local/lib/python3.12/site-packages/airflow/example_dags/example_dag_decorator.py took 0.444 seconds
[2025-10-10T08:46:17.248+0000] {processor.py:186} INFO - Started process (PID=1113) to work on /home/airflow/.local/lib/python3.12/site-packages/airflow/example_dags/example_dag_decorator.py
[2025-10-10T08:46:17.255+0000] {processor.py:914} INFO - Processing file /home/airflow/.local/lib/python3.12/site-packages/airflow/example_dags/example_dag_decorator.py for tasks to queue
[2025-10-10T08:46:17.265+0000] {logging_mixin.py:190} INFO - [2025-10-10T08:46:17.264+0000] {dagbag.py:587} INFO - Filling up the DagBag from /home/airflow/.local/lib/python3.12/site-packages/airflow/example_dags/example_dag_decorator.py
[2025-10-10T08:46:17.305+0000] {processor.py:925} INFO - DAG(s) 'example_dag_decorator' retrieved from /home/airflow/.local/lib/python3.12/site-packages/airflow/example_dags/example_dag_decorator.py
[2025-10-10T08:46:17.631+0000] {logging_mixin.py:190} INFO - [2025-10-10T08:46:17.630+0000] {dag.py:3211} INFO - Sync 1 DAGs
[2025-10-10T08:46:17.666+0000] {logging_mixin.py:190} INFO - [2025-10-10T08:46:17.665+0000] {dag.py:4138} INFO - Setting next_dagrun for example_dag_decorator to None, run_after=None
[2025-10-10T08:46:17.722+0000] {processor.py:208} INFO - Processing /home/airflow/.local/lib/python3.12/site-packages/airflow/example_dags/example_dag_decorator.py took 0.502 seconds
[2025-10-10T08:46:48.426+0000] {processor.py:186} INFO - Started process (PID=1175) to work on /home/airflow/.local/lib/python3.12/site-packages/airflow/example_dags/example_dag_decorator.py
[2025-10-10T08:46:48.429+0000] {processor.py:914} INFO - Processing file /home/airflow/.local/lib/python3.12/site-packages/airflow/example_dags/example_dag_decorator.py for tasks to queue
[2025-10-10T08:46:48.438+0000] {logging_mixin.py:190} INFO - [2025-10-10T08:46:48.437+0000] {dagbag.py:587} INFO - Filling up the DagBag from /home/airflow/.local/lib/python3.12/site-packages/airflow/example_dags/example_dag_decorator.py
[2025-10-10T08:46:48.484+0000] {processor.py:925} INFO - DAG(s) 'example_dag_decorator' retrieved from /home/airflow/.local/lib/python3.12/site-packages/airflow/example_dags/example_dag_decorator.py
[2025-10-10T08:46:49.044+0000] {logging_mixin.py:190} INFO - [2025-10-10T08:46:49.043+0000] {dag.py:3211} INFO - Sync 1 DAGs
[2025-10-10T08:46:49.083+0000] {logging_mixin.py:190} INFO - [2025-10-10T08:46:49.082+0000] {dag.py:4138} INFO - Setting next_dagrun for example_dag_decorator to None, run_after=None
[2025-10-10T08:46:49.131+0000] {processor.py:208} INFO - Processing /home/airflow/.local/lib/python3.12/site-packages/airflow/example_dags/example_dag_decorator.py took 0.725 seconds
[2025-10-10T08:47:19.899+0000] {processor.py:186} INFO - Started process (PID=1238) to work on /home/airflow/.local/lib/python3.12/site-packages/airflow/example_dags/example_dag_decorator.py
[2025-10-10T08:47:19.904+0000] {processor.py:914} INFO - Processing file /home/airflow/.local/lib/python3.12/site-packages/airflow/example_dags/example_dag_decorator.py for tasks to queue
[2025-10-10T08:47:19.911+0000] {logging_mixin.py:190} INFO - [2025-10-10T08:47:19.910+0000] {dagbag.py:587} INFO - Filling up the DagBag from /home/airflow/.local/lib/python3.12/site-packages/airflow/example_dags/example_dag_decorator.py
[2025-10-10T08:47:19.938+0000] {processor.py:925} INFO - DAG(s) 'example_dag_decorator' retrieved from /home/airflow/.local/lib/python3.12/site-packages/airflow/example_dags/example_dag_decorator.py
[2025-10-10T08:47:20.243+0000] {logging_mixin.py:190} INFO - [2025-10-10T08:47:20.242+0000] {dag.py:3211} INFO - Sync 1 DAGs
[2025-10-10T08:47:20.298+0000] {logging_mixin.py:190} INFO - [2025-10-10T08:47:20.298+0000] {dag.py:4138} INFO - Setting next_dagrun for example_dag_decorator to None, run_after=None
[2025-10-10T08:47:20.358+0000] {processor.py:208} INFO - Processing /home/airflow/.local/lib/python3.12/site-packages/airflow/example_dags/example_dag_decorator.py took 0.472 seconds
[2025-10-10T08:47:50.894+0000] {processor.py:186} INFO - Started process (PID=1300) to work on /home/airflow/.local/lib/python3.12/site-packages/airflow/example_dags/example_dag_decorator.py
[2025-10-10T08:47:50.897+0000] {processor.py:914} INFO - Processing file /home/airflow/.local/lib/python3.12/site-packages/airflow/example_dags/example_dag_decorator.py for tasks to queue
[2025-10-10T08:47:50.904+0000] {logging_mixin.py:190} INFO - [2025-10-10T08:47:50.903+0000] {dagbag.py:587} INFO - Filling up the DagBag from /home/airflow/.local/lib/python3.12/site-packages/airflow/example_dags/example_dag_decorator.py
[2025-10-10T08:47:50.945+0000] {processor.py:925} INFO - DAG(s) 'example_dag_decorator' retrieved from /home/airflow/.local/lib/python3.12/site-packages/airflow/example_dags/example_dag_decorator.py
[2025-10-10T08:47:51.275+0000] {logging_mixin.py:190} INFO - [2025-10-10T08:47:51.274+0000] {dag.py:3211} INFO - Sync 1 DAGs
[2025-10-10T08:47:51.316+0000] {logging_mixin.py:190} INFO - [2025-10-10T08:47:51.315+0000] {dag.py:4138} INFO - Setting next_dagrun for example_dag_decorator to None, run_after=None
[2025-10-10T08:47:51.376+0000] {processor.py:208} INFO - Processing /home/airflow/.local/lib/python3.12/site-packages/airflow/example_dags/example_dag_decorator.py took 0.498 seconds
[2025-10-10T08:48:22.066+0000] {processor.py:186} INFO - Started process (PID=1363) to work on /home/airflow/.local/lib/python3.12/site-packages/airflow/example_dags/example_dag_decorator.py
[2025-10-10T08:48:22.068+0000] {processor.py:914} INFO - Processing file /home/airflow/.local/lib/python3.12/site-packages/airflow/example_dags/example_dag_decorator.py for tasks to queue
[2025-10-10T08:48:22.073+0000] {logging_mixin.py:190} INFO - [2025-10-10T08:48:22.072+0000] {dagbag.py:587} INFO - Filling up the DagBag from /home/airflow/.local/lib/python3.12/site-packages/airflow/example_dags/example_dag_decorator.py
[2025-10-10T08:48:22.094+0000] {processor.py:925} INFO - DAG(s) 'example_dag_decorator' retrieved from /home/airflow/.local/lib/python3.12/site-packages/airflow/example_dags/example_dag_decorator.py
[2025-10-10T08:48:22.400+0000] {logging_mixin.py:190} INFO - [2025-10-10T08:48:22.399+0000] {dag.py:3211} INFO - Sync 1 DAGs
[2025-10-10T08:48:22.424+0000] {logging_mixin.py:190} INFO - [2025-10-10T08:48:22.423+0000] {dag.py:4138} INFO - Setting next_dagrun for example_dag_decorator to None, run_after=None
[2025-10-10T08:48:22.468+0000] {processor.py:208} INFO - Processing /home/airflow/.local/lib/python3.12/site-packages/airflow/example_dags/example_dag_decorator.py took 0.413 seconds
[2025-10-10T08:48:52.970+0000] {processor.py:186} INFO - Started process (PID=1426) to work on /home/airflow/.local/lib/python3.12/site-packages/airflow/example_dags/example_dag_decorator.py
[2025-10-10T08:48:52.974+0000] {processor.py:914} INFO - Processing file /home/airflow/.local/lib/python3.12/site-packages/airflow/example_dags/example_dag_decorator.py for tasks to queue
[2025-10-10T08:48:52.987+0000] {logging_mixin.py:190} INFO - [2025-10-10T08:48:52.986+0000] {dagbag.py:587} INFO - Filling up the DagBag from /home/airflow/.local/lib/python3.12/site-packages/airflow/example_dags/example_dag_decorator.py
[2025-10-10T08:48:53.024+0000] {processor.py:925} INFO - DAG(s) 'example_dag_decorator' retrieved from /home/airflow/.local/lib/python3.12/site-packages/airflow/example_dags/example_dag_decorator.py
[2025-10-10T08:48:53.346+0000] {logging_mixin.py:190} INFO - [2025-10-10T08:48:53.345+0000] {dag.py:3211} INFO - Sync 1 DAGs
[2025-10-10T08:48:53.381+0000] {logging_mixin.py:190} INFO - [2025-10-10T08:48:53.381+0000] {dag.py:4138} INFO - Setting next_dagrun for example_dag_decorator to None, run_after=None
[2025-10-10T08:48:53.428+0000] {processor.py:208} INFO - Processing /home/airflow/.local/lib/python3.12/site-packages/airflow/example_dags/example_dag_decorator.py took 0.479 seconds
[2025-10-10T08:49:24.430+0000] {processor.py:186} INFO - Started process (PID=1490) to work on /home/airflow/.local/lib/python3.12/site-packages/airflow/example_dags/example_dag_decorator.py
[2025-10-10T08:49:24.433+0000] {processor.py:914} INFO - Processing file /home/airflow/.local/lib/python3.12/site-packages/airflow/example_dags/example_dag_decorator.py for tasks to queue
[2025-10-10T08:49:24.440+0000] {logging_mixin.py:190} INFO - [2025-10-10T08:49:24.439+0000] {dagbag.py:587} INFO - Filling up the DagBag from /home/airflow/.local/lib/python3.12/site-packages/airflow/example_dags/example_dag_decorator.py
[2025-10-10T08:49:24.483+0000] {processor.py:925} INFO - DAG(s) 'example_dag_decorator' retrieved from /home/airflow/.local/lib/python3.12/site-packages/airflow/example_dags/example_dag_decorator.py
[2025-10-10T08:49:24.746+0000] {logging_mixin.py:190} INFO - [2025-10-10T08:49:24.746+0000] {dag.py:3211} INFO - Sync 1 DAGs
[2025-10-10T08:49:24.771+0000] {logging_mixin.py:190} INFO - [2025-10-10T08:49:24.770+0000] {dag.py:4138} INFO - Setting next_dagrun for example_dag_decorator to None, run_after=None
[2025-10-10T08:49:24.825+0000] {processor.py:208} INFO - Processing /home/airflow/.local/lib/python3.12/site-packages/airflow/example_dags/example_dag_decorator.py took 0.410 seconds
[2025-10-10T08:53:58.234+0000] {processor.py:186} INFO - Started process (PID=102) to work on /home/airflow/.local/lib/python3.12/site-packages/airflow/example_dags/example_dag_decorator.py
[2025-10-10T08:53:58.241+0000] {processor.py:914} INFO - Processing file /home/airflow/.local/lib/python3.12/site-packages/airflow/example_dags/example_dag_decorator.py for tasks to queue
[2025-10-10T08:53:58.250+0000] {logging_mixin.py:190} INFO - [2025-10-10T08:53:58.249+0000] {dagbag.py:587} INFO - Filling up the DagBag from /home/airflow/.local/lib/python3.12/site-packages/airflow/example_dags/example_dag_decorator.py
[2025-10-10T08:53:58.310+0000] {processor.py:925} INFO - DAG(s) 'example_dag_decorator' retrieved from /home/airflow/.local/lib/python3.12/site-packages/airflow/example_dags/example_dag_decorator.py
[2025-10-10T08:53:58.828+0000] {logging_mixin.py:190} INFO - [2025-10-10T08:53:58.827+0000] {dag.py:3211} INFO - Sync 1 DAGs
[2025-10-10T08:53:58.925+0000] {logging_mixin.py:190} INFO - [2025-10-10T08:53:58.924+0000] {dag.py:4138} INFO - Setting next_dagrun for example_dag_decorator to None, run_after=None
[2025-10-10T08:53:59.003+0000] {processor.py:208} INFO - Processing /home/airflow/.local/lib/python3.12/site-packages/airflow/example_dags/example_dag_decorator.py took 0.797 seconds
[2025-10-10T08:54:29.200+0000] {processor.py:186} INFO - Started process (PID=165) to work on /home/airflow/.local/lib/python3.12/site-packages/airflow/example_dags/example_dag_decorator.py
[2025-10-10T08:54:29.207+0000] {processor.py:914} INFO - Processing file /home/airflow/.local/lib/python3.12/site-packages/airflow/example_dags/example_dag_decorator.py for tasks to queue
[2025-10-10T08:54:29.221+0000] {logging_mixin.py:190} INFO - [2025-10-10T08:54:29.219+0000] {dagbag.py:587} INFO - Filling up the DagBag from /home/airflow/.local/lib/python3.12/site-packages/airflow/example_dags/example_dag_decorator.py
[2025-10-10T08:54:29.293+0000] {processor.py:925} INFO - DAG(s) 'example_dag_decorator' retrieved from /home/airflow/.local/lib/python3.12/site-packages/airflow/example_dags/example_dag_decorator.py
[2025-10-10T08:54:29.433+0000] {logging_mixin.py:190} INFO - [2025-10-10T08:54:29.431+0000] {dag.py:3211} INFO - Sync 1 DAGs
[2025-10-10T08:54:29.509+0000] {logging_mixin.py:190} INFO - [2025-10-10T08:54:29.509+0000] {dag.py:4138} INFO - Setting next_dagrun for example_dag_decorator to None, run_after=None
[2025-10-10T08:54:29.559+0000] {processor.py:208} INFO - Processing /home/airflow/.local/lib/python3.12/site-packages/airflow/example_dags/example_dag_decorator.py took 0.392 seconds
[2025-10-10T08:54:59.792+0000] {processor.py:186} INFO - Started process (PID=229) to work on /home/airflow/.local/lib/python3.12/site-packages/airflow/example_dags/example_dag_decorator.py
[2025-10-10T08:54:59.795+0000] {processor.py:914} INFO - Processing file /home/airflow/.local/lib/python3.12/site-packages/airflow/example_dags/example_dag_decorator.py for tasks to queue
[2025-10-10T08:54:59.803+0000] {logging_mixin.py:190} INFO - [2025-10-10T08:54:59.802+0000] {dagbag.py:587} INFO - Filling up the DagBag from /home/airflow/.local/lib/python3.12/site-packages/airflow/example_dags/example_dag_decorator.py
[2025-10-10T08:54:59.838+0000] {processor.py:925} INFO - DAG(s) 'example_dag_decorator' retrieved from /home/airflow/.local/lib/python3.12/site-packages/airflow/example_dags/example_dag_decorator.py
[2025-10-10T08:55:00.243+0000] {logging_mixin.py:190} INFO - [2025-10-10T08:55:00.241+0000] {dag.py:3211} INFO - Sync 1 DAGs
[2025-10-10T08:55:00.303+0000] {logging_mixin.py:190} INFO - [2025-10-10T08:55:00.302+0000] {dag.py:4138} INFO - Setting next_dagrun for example_dag_decorator to None, run_after=None
[2025-10-10T08:55:00.422+0000] {processor.py:208} INFO - Processing /home/airflow/.local/lib/python3.12/site-packages/airflow/example_dags/example_dag_decorator.py took 0.664 seconds
[2025-10-10T08:58:05.983+0000] {processor.py:186} INFO - Started process (PID=103) to work on /home/airflow/.local/lib/python3.12/site-packages/airflow/example_dags/example_dag_decorator.py
[2025-10-10T08:58:05.986+0000] {processor.py:914} INFO - Processing file /home/airflow/.local/lib/python3.12/site-packages/airflow/example_dags/example_dag_decorator.py for tasks to queue
[2025-10-10T08:58:05.992+0000] {logging_mixin.py:190} INFO - [2025-10-10T08:58:05.991+0000] {dagbag.py:587} INFO - Filling up the DagBag from /home/airflow/.local/lib/python3.12/site-packages/airflow/example_dags/example_dag_decorator.py
[2025-10-10T08:58:06.031+0000] {processor.py:925} INFO - DAG(s) 'example_dag_decorator' retrieved from /home/airflow/.local/lib/python3.12/site-packages/airflow/example_dags/example_dag_decorator.py
[2025-10-10T08:58:06.416+0000] {logging_mixin.py:190} INFO - [2025-10-10T08:58:06.415+0000] {dag.py:3211} INFO - Sync 1 DAGs
[2025-10-10T08:58:06.481+0000] {logging_mixin.py:190} INFO - [2025-10-10T08:58:06.480+0000] {dag.py:4138} INFO - Setting next_dagrun for example_dag_decorator to None, run_after=None
[2025-10-10T08:58:06.545+0000] {processor.py:208} INFO - Processing /home/airflow/.local/lib/python3.12/site-packages/airflow/example_dags/example_dag_decorator.py took 0.580 seconds
[2025-10-10T08:58:37.436+0000] {processor.py:186} INFO - Started process (PID=167) to work on /home/airflow/.local/lib/python3.12/site-packages/airflow/example_dags/example_dag_decorator.py
[2025-10-10T08:58:37.439+0000] {processor.py:914} INFO - Processing file /home/airflow/.local/lib/python3.12/site-packages/airflow/example_dags/example_dag_decorator.py for tasks to queue
[2025-10-10T08:58:37.447+0000] {logging_mixin.py:190} INFO - [2025-10-10T08:58:37.446+0000] {dagbag.py:587} INFO - Filling up the DagBag from /home/airflow/.local/lib/python3.12/site-packages/airflow/example_dags/example_dag_decorator.py
[2025-10-10T08:58:37.485+0000] {processor.py:925} INFO - DAG(s) 'example_dag_decorator' retrieved from /home/airflow/.local/lib/python3.12/site-packages/airflow/example_dags/example_dag_decorator.py
[2025-10-10T08:58:37.554+0000] {logging_mixin.py:190} INFO - [2025-10-10T08:58:37.554+0000] {dag.py:3211} INFO - Sync 1 DAGs
[2025-10-10T08:58:37.595+0000] {logging_mixin.py:190} INFO - [2025-10-10T08:58:37.594+0000] {dag.py:4138} INFO - Setting next_dagrun for example_dag_decorator to None, run_after=None
[2025-10-10T08:58:37.663+0000] {processor.py:208} INFO - Processing /home/airflow/.local/lib/python3.12/site-packages/airflow/example_dags/example_dag_decorator.py took 0.245 seconds
[2025-10-10T09:01:31.804+0000] {processor.py:186} INFO - Started process (PID=102) to work on /home/airflow/.local/lib/python3.12/site-packages/airflow/example_dags/example_dag_decorator.py
[2025-10-10T09:01:31.807+0000] {processor.py:914} INFO - Processing file /home/airflow/.local/lib/python3.12/site-packages/airflow/example_dags/example_dag_decorator.py for tasks to queue
[2025-10-10T09:01:31.813+0000] {logging_mixin.py:190} INFO - [2025-10-10T09:01:31.812+0000] {dagbag.py:587} INFO - Filling up the DagBag from /home/airflow/.local/lib/python3.12/site-packages/airflow/example_dags/example_dag_decorator.py
[2025-10-10T09:01:31.842+0000] {processor.py:925} INFO - DAG(s) 'example_dag_decorator' retrieved from /home/airflow/.local/lib/python3.12/site-packages/airflow/example_dags/example_dag_decorator.py
[2025-10-10T09:01:32.457+0000] {logging_mixin.py:190} INFO - [2025-10-10T09:01:32.456+0000] {dag.py:3211} INFO - Sync 1 DAGs
[2025-10-10T09:01:32.528+0000] {logging_mixin.py:190} INFO - [2025-10-10T09:01:32.527+0000] {dag.py:4138} INFO - Setting next_dagrun for example_dag_decorator to None, run_after=None
[2025-10-10T09:01:32.634+0000] {processor.py:208} INFO - Processing /home/airflow/.local/lib/python3.12/site-packages/airflow/example_dags/example_dag_decorator.py took 0.846 seconds
[2025-10-10T09:02:03.529+0000] {processor.py:186} INFO - Started process (PID=165) to work on /home/airflow/.local/lib/python3.12/site-packages/airflow/example_dags/example_dag_decorator.py
[2025-10-10T09:02:03.535+0000] {processor.py:914} INFO - Processing file /home/airflow/.local/lib/python3.12/site-packages/airflow/example_dags/example_dag_decorator.py for tasks to queue
[2025-10-10T09:02:03.552+0000] {logging_mixin.py:190} INFO - [2025-10-10T09:02:03.550+0000] {dagbag.py:587} INFO - Filling up the DagBag from /home/airflow/.local/lib/python3.12/site-packages/airflow/example_dags/example_dag_decorator.py
[2025-10-10T09:02:03.613+0000] {processor.py:925} INFO - DAG(s) 'example_dag_decorator' retrieved from /home/airflow/.local/lib/python3.12/site-packages/airflow/example_dags/example_dag_decorator.py
[2025-10-10T09:02:04.197+0000] {logging_mixin.py:190} INFO - [2025-10-10T09:02:04.196+0000] {dag.py:3211} INFO - Sync 1 DAGs
[2025-10-10T09:02:04.234+0000] {logging_mixin.py:190} INFO - [2025-10-10T09:02:04.233+0000] {dag.py:4138} INFO - Setting next_dagrun for example_dag_decorator to None, run_after=None
[2025-10-10T09:02:04.380+0000] {processor.py:208} INFO - Processing /home/airflow/.local/lib/python3.12/site-packages/airflow/example_dags/example_dag_decorator.py took 0.886 seconds
[2025-10-10T09:02:35.638+0000] {processor.py:186} INFO - Started process (PID=228) to work on /home/airflow/.local/lib/python3.12/site-packages/airflow/example_dags/example_dag_decorator.py
[2025-10-10T09:02:35.642+0000] {processor.py:914} INFO - Processing file /home/airflow/.local/lib/python3.12/site-packages/airflow/example_dags/example_dag_decorator.py for tasks to queue
[2025-10-10T09:02:35.649+0000] {logging_mixin.py:190} INFO - [2025-10-10T09:02:35.648+0000] {dagbag.py:587} INFO - Filling up the DagBag from /home/airflow/.local/lib/python3.12/site-packages/airflow/example_dags/example_dag_decorator.py
[2025-10-10T09:02:35.683+0000] {processor.py:925} INFO - DAG(s) 'example_dag_decorator' retrieved from /home/airflow/.local/lib/python3.12/site-packages/airflow/example_dags/example_dag_decorator.py
[2025-10-10T09:02:36.022+0000] {logging_mixin.py:190} INFO - [2025-10-10T09:02:36.021+0000] {dag.py:3211} INFO - Sync 1 DAGs
[2025-10-10T09:02:36.052+0000] {logging_mixin.py:190} INFO - [2025-10-10T09:02:36.052+0000] {dag.py:4138} INFO - Setting next_dagrun for example_dag_decorator to None, run_after=None
[2025-10-10T09:02:36.102+0000] {processor.py:208} INFO - Processing /home/airflow/.local/lib/python3.12/site-packages/airflow/example_dags/example_dag_decorator.py took 0.481 seconds
[2025-10-10T09:03:06.421+0000] {processor.py:186} INFO - Started process (PID=292) to work on /home/airflow/.local/lib/python3.12/site-packages/airflow/example_dags/example_dag_decorator.py
[2025-10-10T09:03:06.424+0000] {processor.py:914} INFO - Processing file /home/airflow/.local/lib/python3.12/site-packages/airflow/example_dags/example_dag_decorator.py for tasks to queue
[2025-10-10T09:03:06.429+0000] {logging_mixin.py:190} INFO - [2025-10-10T09:03:06.428+0000] {dagbag.py:587} INFO - Filling up the DagBag from /home/airflow/.local/lib/python3.12/site-packages/airflow/example_dags/example_dag_decorator.py
[2025-10-10T09:03:06.459+0000] {processor.py:925} INFO - DAG(s) 'example_dag_decorator' retrieved from /home/airflow/.local/lib/python3.12/site-packages/airflow/example_dags/example_dag_decorator.py
[2025-10-10T09:03:06.783+0000] {logging_mixin.py:190} INFO - [2025-10-10T09:03:06.782+0000] {dag.py:3211} INFO - Sync 1 DAGs
[2025-10-10T09:03:06.826+0000] {logging_mixin.py:190} INFO - [2025-10-10T09:03:06.826+0000] {dag.py:4138} INFO - Setting next_dagrun for example_dag_decorator to None, run_after=None
[2025-10-10T09:03:06.873+0000] {processor.py:208} INFO - Processing /home/airflow/.local/lib/python3.12/site-packages/airflow/example_dags/example_dag_decorator.py took 0.465 seconds
[2025-10-10T09:03:37.528+0000] {processor.py:186} INFO - Started process (PID=355) to work on /home/airflow/.local/lib/python3.12/site-packages/airflow/example_dags/example_dag_decorator.py
[2025-10-10T09:03:37.531+0000] {processor.py:914} INFO - Processing file /home/airflow/.local/lib/python3.12/site-packages/airflow/example_dags/example_dag_decorator.py for tasks to queue
[2025-10-10T09:03:37.544+0000] {logging_mixin.py:190} INFO - [2025-10-10T09:03:37.543+0000] {dagbag.py:587} INFO - Filling up the DagBag from /home/airflow/.local/lib/python3.12/site-packages/airflow/example_dags/example_dag_decorator.py
[2025-10-10T09:03:37.584+0000] {processor.py:925} INFO - DAG(s) 'example_dag_decorator' retrieved from /home/airflow/.local/lib/python3.12/site-packages/airflow/example_dags/example_dag_decorator.py
[2025-10-10T09:03:37.662+0000] {logging_mixin.py:190} INFO - [2025-10-10T09:03:37.661+0000] {dag.py:3211} INFO - Sync 1 DAGs
[2025-10-10T09:03:37.700+0000] {logging_mixin.py:190} INFO - [2025-10-10T09:03:37.700+0000] {dag.py:4138} INFO - Setting next_dagrun for example_dag_decorator to None, run_after=None
[2025-10-10T09:03:37.766+0000] {processor.py:208} INFO - Processing /home/airflow/.local/lib/python3.12/site-packages/airflow/example_dags/example_dag_decorator.py took 0.257 seconds
[2025-10-10T09:04:09.412+0000] {processor.py:186} INFO - Started process (PID=418) to work on /home/airflow/.local/lib/python3.12/site-packages/airflow/example_dags/example_dag_decorator.py
[2025-10-10T09:04:09.415+0000] {processor.py:914} INFO - Processing file /home/airflow/.local/lib/python3.12/site-packages/airflow/example_dags/example_dag_decorator.py for tasks to queue
[2025-10-10T09:04:09.422+0000] {logging_mixin.py:190} INFO - [2025-10-10T09:04:09.420+0000] {dagbag.py:587} INFO - Filling up the DagBag from /home/airflow/.local/lib/python3.12/site-packages/airflow/example_dags/example_dag_decorator.py
[2025-10-10T09:04:09.462+0000] {processor.py:925} INFO - DAG(s) 'example_dag_decorator' retrieved from /home/airflow/.local/lib/python3.12/site-packages/airflow/example_dags/example_dag_decorator.py
[2025-10-10T09:04:09.555+0000] {logging_mixin.py:190} INFO - [2025-10-10T09:04:09.555+0000] {dag.py:3211} INFO - Sync 1 DAGs
[2025-10-10T09:04:09.609+0000] {logging_mixin.py:190} INFO - [2025-10-10T09:04:09.609+0000] {dag.py:4138} INFO - Setting next_dagrun for example_dag_decorator to None, run_after=None
[2025-10-10T09:04:09.689+0000] {processor.py:208} INFO - Processing /home/airflow/.local/lib/python3.12/site-packages/airflow/example_dags/example_dag_decorator.py took 0.295 seconds
[2025-10-10T09:04:40.486+0000] {processor.py:186} INFO - Started process (PID=481) to work on /home/airflow/.local/lib/python3.12/site-packages/airflow/example_dags/example_dag_decorator.py
[2025-10-10T09:04:40.489+0000] {processor.py:914} INFO - Processing file /home/airflow/.local/lib/python3.12/site-packages/airflow/example_dags/example_dag_decorator.py for tasks to queue
[2025-10-10T09:04:40.499+0000] {logging_mixin.py:190} INFO - [2025-10-10T09:04:40.498+0000] {dagbag.py:587} INFO - Filling up the DagBag from /home/airflow/.local/lib/python3.12/site-packages/airflow/example_dags/example_dag_decorator.py
[2025-10-10T09:04:40.547+0000] {processor.py:925} INFO - DAG(s) 'example_dag_decorator' retrieved from /home/airflow/.local/lib/python3.12/site-packages/airflow/example_dags/example_dag_decorator.py
[2025-10-10T09:04:40.919+0000] {logging_mixin.py:190} INFO - [2025-10-10T09:04:40.918+0000] {dag.py:3211} INFO - Sync 1 DAGs
[2025-10-10T09:04:40.952+0000] {logging_mixin.py:190} INFO - [2025-10-10T09:04:40.952+0000] {dag.py:4138} INFO - Setting next_dagrun for example_dag_decorator to None, run_after=None
[2025-10-10T09:04:41.007+0000] {processor.py:208} INFO - Processing /home/airflow/.local/lib/python3.12/site-packages/airflow/example_dags/example_dag_decorator.py took 0.538 seconds
[2025-10-10T09:05:12.256+0000] {processor.py:186} INFO - Started process (PID=544) to work on /home/airflow/.local/lib/python3.12/site-packages/airflow/example_dags/example_dag_decorator.py
[2025-10-10T09:05:12.259+0000] {processor.py:914} INFO - Processing file /home/airflow/.local/lib/python3.12/site-packages/airflow/example_dags/example_dag_decorator.py for tasks to queue
[2025-10-10T09:05:12.266+0000] {logging_mixin.py:190} INFO - [2025-10-10T09:05:12.265+0000] {dagbag.py:587} INFO - Filling up the DagBag from /home/airflow/.local/lib/python3.12/site-packages/airflow/example_dags/example_dag_decorator.py
[2025-10-10T09:05:12.311+0000] {processor.py:925} INFO - DAG(s) 'example_dag_decorator' retrieved from /home/airflow/.local/lib/python3.12/site-packages/airflow/example_dags/example_dag_decorator.py
[2025-10-10T09:05:12.758+0000] {logging_mixin.py:190} INFO - [2025-10-10T09:05:12.757+0000] {dag.py:3211} INFO - Sync 1 DAGs
[2025-10-10T09:05:12.792+0000] {logging_mixin.py:190} INFO - [2025-10-10T09:05:12.792+0000] {dag.py:4138} INFO - Setting next_dagrun for example_dag_decorator to None, run_after=None
[2025-10-10T09:05:12.849+0000] {processor.py:208} INFO - Processing /home/airflow/.local/lib/python3.12/site-packages/airflow/example_dags/example_dag_decorator.py took 0.612 seconds
[2025-10-10T09:05:43.662+0000] {processor.py:186} INFO - Started process (PID=607) to work on /home/airflow/.local/lib/python3.12/site-packages/airflow/example_dags/example_dag_decorator.py
[2025-10-10T09:05:43.708+0000] {processor.py:914} INFO - Processing file /home/airflow/.local/lib/python3.12/site-packages/airflow/example_dags/example_dag_decorator.py for tasks to queue
[2025-10-10T09:05:43.759+0000] {logging_mixin.py:190} INFO - [2025-10-10T09:05:43.758+0000] {dagbag.py:587} INFO - Filling up the DagBag from /home/airflow/.local/lib/python3.12/site-packages/airflow/example_dags/example_dag_decorator.py
[2025-10-10T09:05:43.878+0000] {processor.py:925} INFO - DAG(s) 'example_dag_decorator' retrieved from /home/airflow/.local/lib/python3.12/site-packages/airflow/example_dags/example_dag_decorator.py
[2025-10-10T09:05:44.010+0000] {logging_mixin.py:190} INFO - [2025-10-10T09:05:44.009+0000] {dag.py:3211} INFO - Sync 1 DAGs
[2025-10-10T09:05:44.101+0000] {logging_mixin.py:190} INFO - [2025-10-10T09:05:44.100+0000] {dag.py:4138} INFO - Setting next_dagrun for example_dag_decorator to None, run_after=None
[2025-10-10T09:05:44.183+0000] {processor.py:208} INFO - Processing /home/airflow/.local/lib/python3.12/site-packages/airflow/example_dags/example_dag_decorator.py took 0.561 seconds
