[2025-10-10T08:37:50.614+0000] {processor.py:186} INFO - Started process (PID=75) to work on /home/airflow/.local/lib/python3.12/site-packages/airflow/example_dags/example_sensors.py
[2025-10-10T08:37:50.643+0000] {processor.py:914} INFO - Processing file /home/airflow/.local/lib/python3.12/site-packages/airflow/example_dags/example_sensors.py for tasks to queue
[2025-10-10T08:37:50.677+0000] {logging_mixin.py:190} INFO - [2025-10-10T08:37:50.675+0000] {dagbag.py:587} INFO - Filling up the DagBag from /home/airflow/.local/lib/python3.12/site-packages/airflow/example_dags/example_sensors.py
[2025-10-10T08:37:50.775+0000] {processor.py:925} INFO - DAG(s) 'example_sensors' retrieved from /home/airflow/.local/lib/python3.12/site-packages/airflow/example_dags/example_sensors.py
[2025-10-10T08:37:50.929+0000] {logging_mixin.py:190} INFO - [2025-10-10T08:37:50.928+0000] {dag.py:3211} INFO - Sync 1 DAGs
[2025-10-10T08:37:51.037+0000] {logging_mixin.py:190} INFO - [2025-10-10T08:37:51.036+0000] {dag.py:4138} INFO - Setting next_dagrun for example_sensors to None, run_after=None
[2025-10-10T08:37:51.180+0000] {processor.py:208} INFO - Processing /home/airflow/.local/lib/python3.12/site-packages/airflow/example_dags/example_sensors.py took 0.617 seconds
[2025-10-10T08:38:21.365+0000] {processor.py:186} INFO - Started process (PID=138) to work on /home/airflow/.local/lib/python3.12/site-packages/airflow/example_dags/example_sensors.py
[2025-10-10T08:38:21.368+0000] {processor.py:914} INFO - Processing file /home/airflow/.local/lib/python3.12/site-packages/airflow/example_dags/example_sensors.py for tasks to queue
[2025-10-10T08:38:21.374+0000] {logging_mixin.py:190} INFO - [2025-10-10T08:38:21.373+0000] {dagbag.py:587} INFO - Filling up the DagBag from /home/airflow/.local/lib/python3.12/site-packages/airflow/example_dags/example_sensors.py
[2025-10-10T08:38:21.403+0000] {processor.py:925} INFO - DAG(s) 'example_sensors' retrieved from /home/airflow/.local/lib/python3.12/site-packages/airflow/example_dags/example_sensors.py
[2025-10-10T08:38:21.461+0000] {logging_mixin.py:190} INFO - [2025-10-10T08:38:21.461+0000] {dag.py:3211} INFO - Sync 1 DAGs
[2025-10-10T08:38:21.502+0000] {logging_mixin.py:190} INFO - [2025-10-10T08:38:21.501+0000] {dag.py:4138} INFO - Setting next_dagrun for example_sensors to None, run_after=None
[2025-10-10T08:38:21.546+0000] {processor.py:208} INFO - Processing /home/airflow/.local/lib/python3.12/site-packages/airflow/example_dags/example_sensors.py took 0.195 seconds
[2025-10-10T08:38:52.078+0000] {processor.py:186} INFO - Started process (PID=201) to work on /home/airflow/.local/lib/python3.12/site-packages/airflow/example_dags/example_sensors.py
[2025-10-10T08:38:52.082+0000] {processor.py:914} INFO - Processing file /home/airflow/.local/lib/python3.12/site-packages/airflow/example_dags/example_sensors.py for tasks to queue
[2025-10-10T08:38:52.089+0000] {logging_mixin.py:190} INFO - [2025-10-10T08:38:52.088+0000] {dagbag.py:587} INFO - Filling up the DagBag from /home/airflow/.local/lib/python3.12/site-packages/airflow/example_dags/example_sensors.py
[2025-10-10T08:38:52.132+0000] {processor.py:925} INFO - DAG(s) 'example_sensors' retrieved from /home/airflow/.local/lib/python3.12/site-packages/airflow/example_dags/example_sensors.py
[2025-10-10T08:38:52.203+0000] {logging_mixin.py:190} INFO - [2025-10-10T08:38:52.202+0000] {dag.py:3211} INFO - Sync 1 DAGs
[2025-10-10T08:38:52.232+0000] {logging_mixin.py:190} INFO - [2025-10-10T08:38:52.231+0000] {dag.py:4138} INFO - Setting next_dagrun for example_sensors to None, run_after=None
[2025-10-10T08:38:52.272+0000] {processor.py:208} INFO - Processing /home/airflow/.local/lib/python3.12/site-packages/airflow/example_dags/example_sensors.py took 0.212 seconds
[2025-10-10T08:39:24.018+0000] {processor.py:186} INFO - Started process (PID=264) to work on /home/airflow/.local/lib/python3.12/site-packages/airflow/example_dags/example_sensors.py
[2025-10-10T08:39:24.024+0000] {processor.py:914} INFO - Processing file /home/airflow/.local/lib/python3.12/site-packages/airflow/example_dags/example_sensors.py for tasks to queue
[2025-10-10T08:39:24.043+0000] {logging_mixin.py:190} INFO - [2025-10-10T08:39:24.042+0000] {dagbag.py:587} INFO - Filling up the DagBag from /home/airflow/.local/lib/python3.12/site-packages/airflow/example_dags/example_sensors.py
[2025-10-10T08:39:24.090+0000] {processor.py:925} INFO - DAG(s) 'example_sensors' retrieved from /home/airflow/.local/lib/python3.12/site-packages/airflow/example_dags/example_sensors.py
[2025-10-10T08:39:24.157+0000] {logging_mixin.py:190} INFO - [2025-10-10T08:39:24.157+0000] {dag.py:3211} INFO - Sync 1 DAGs
[2025-10-10T08:39:24.188+0000] {logging_mixin.py:190} INFO - [2025-10-10T08:39:24.188+0000] {dag.py:4138} INFO - Setting next_dagrun for example_sensors to None, run_after=None
[2025-10-10T08:39:24.227+0000] {processor.py:208} INFO - Processing /home/airflow/.local/lib/python3.12/site-packages/airflow/example_dags/example_sensors.py took 0.241 seconds
[2025-10-10T08:39:55.438+0000] {processor.py:186} INFO - Started process (PID=327) to work on /home/airflow/.local/lib/python3.12/site-packages/airflow/example_dags/example_sensors.py
[2025-10-10T08:39:55.442+0000] {processor.py:914} INFO - Processing file /home/airflow/.local/lib/python3.12/site-packages/airflow/example_dags/example_sensors.py for tasks to queue
[2025-10-10T08:39:55.449+0000] {logging_mixin.py:190} INFO - [2025-10-10T08:39:55.448+0000] {dagbag.py:587} INFO - Filling up the DagBag from /home/airflow/.local/lib/python3.12/site-packages/airflow/example_dags/example_sensors.py
[2025-10-10T08:39:55.496+0000] {processor.py:925} INFO - DAG(s) 'example_sensors' retrieved from /home/airflow/.local/lib/python3.12/site-packages/airflow/example_dags/example_sensors.py
[2025-10-10T08:39:55.627+0000] {logging_mixin.py:190} INFO - [2025-10-10T08:39:55.627+0000] {dag.py:3211} INFO - Sync 1 DAGs
[2025-10-10T08:39:55.662+0000] {logging_mixin.py:190} INFO - [2025-10-10T08:39:55.661+0000] {dag.py:4138} INFO - Setting next_dagrun for example_sensors to None, run_after=None
[2025-10-10T08:39:55.716+0000] {processor.py:208} INFO - Processing /home/airflow/.local/lib/python3.12/site-packages/airflow/example_dags/example_sensors.py took 0.299 seconds
[2025-10-10T08:40:25.849+0000] {processor.py:186} INFO - Started process (PID=390) to work on /home/airflow/.local/lib/python3.12/site-packages/airflow/example_dags/example_sensors.py
[2025-10-10T08:40:25.852+0000] {processor.py:914} INFO - Processing file /home/airflow/.local/lib/python3.12/site-packages/airflow/example_dags/example_sensors.py for tasks to queue
[2025-10-10T08:40:25.859+0000] {logging_mixin.py:190} INFO - [2025-10-10T08:40:25.858+0000] {dagbag.py:587} INFO - Filling up the DagBag from /home/airflow/.local/lib/python3.12/site-packages/airflow/example_dags/example_sensors.py
[2025-10-10T08:40:25.894+0000] {processor.py:925} INFO - DAG(s) 'example_sensors' retrieved from /home/airflow/.local/lib/python3.12/site-packages/airflow/example_dags/example_sensors.py
[2025-10-10T08:40:25.982+0000] {logging_mixin.py:190} INFO - [2025-10-10T08:40:25.981+0000] {dag.py:3211} INFO - Sync 1 DAGs
[2025-10-10T08:40:26.022+0000] {logging_mixin.py:190} INFO - [2025-10-10T08:40:26.021+0000] {dag.py:4138} INFO - Setting next_dagrun for example_sensors to None, run_after=None
[2025-10-10T08:40:26.082+0000] {processor.py:208} INFO - Processing /home/airflow/.local/lib/python3.12/site-packages/airflow/example_dags/example_sensors.py took 0.250 seconds
[2025-10-10T08:40:56.944+0000] {processor.py:186} INFO - Started process (PID=452) to work on /home/airflow/.local/lib/python3.12/site-packages/airflow/example_dags/example_sensors.py
[2025-10-10T08:40:56.949+0000] {processor.py:914} INFO - Processing file /home/airflow/.local/lib/python3.12/site-packages/airflow/example_dags/example_sensors.py for tasks to queue
[2025-10-10T08:40:56.960+0000] {logging_mixin.py:190} INFO - [2025-10-10T08:40:56.959+0000] {dagbag.py:587} INFO - Filling up the DagBag from /home/airflow/.local/lib/python3.12/site-packages/airflow/example_dags/example_sensors.py
[2025-10-10T08:40:56.995+0000] {processor.py:925} INFO - DAG(s) 'example_sensors' retrieved from /home/airflow/.local/lib/python3.12/site-packages/airflow/example_dags/example_sensors.py
[2025-10-10T08:40:57.064+0000] {logging_mixin.py:190} INFO - [2025-10-10T08:40:57.064+0000] {dag.py:3211} INFO - Sync 1 DAGs
[2025-10-10T08:40:57.103+0000] {logging_mixin.py:190} INFO - [2025-10-10T08:40:57.103+0000] {dag.py:4138} INFO - Setting next_dagrun for example_sensors to None, run_after=None
[2025-10-10T08:40:57.154+0000] {processor.py:208} INFO - Processing /home/airflow/.local/lib/python3.12/site-packages/airflow/example_dags/example_sensors.py took 0.239 seconds
[2025-10-10T08:41:27.562+0000] {processor.py:186} INFO - Started process (PID=515) to work on /home/airflow/.local/lib/python3.12/site-packages/airflow/example_dags/example_sensors.py
[2025-10-10T08:41:27.565+0000] {processor.py:914} INFO - Processing file /home/airflow/.local/lib/python3.12/site-packages/airflow/example_dags/example_sensors.py for tasks to queue
[2025-10-10T08:41:27.572+0000] {logging_mixin.py:190} INFO - [2025-10-10T08:41:27.571+0000] {dagbag.py:587} INFO - Filling up the DagBag from /home/airflow/.local/lib/python3.12/site-packages/airflow/example_dags/example_sensors.py
[2025-10-10T08:41:27.598+0000] {processor.py:925} INFO - DAG(s) 'example_sensors' retrieved from /home/airflow/.local/lib/python3.12/site-packages/airflow/example_dags/example_sensors.py
[2025-10-10T08:41:27.664+0000] {logging_mixin.py:190} INFO - [2025-10-10T08:41:27.663+0000] {dag.py:3211} INFO - Sync 1 DAGs
[2025-10-10T08:41:27.701+0000] {logging_mixin.py:190} INFO - [2025-10-10T08:41:27.700+0000] {dag.py:4138} INFO - Setting next_dagrun for example_sensors to None, run_after=None
[2025-10-10T08:41:27.745+0000] {processor.py:208} INFO - Processing /home/airflow/.local/lib/python3.12/site-packages/airflow/example_dags/example_sensors.py took 0.202 seconds
[2025-10-10T08:41:58.482+0000] {processor.py:186} INFO - Started process (PID=578) to work on /home/airflow/.local/lib/python3.12/site-packages/airflow/example_dags/example_sensors.py
[2025-10-10T08:41:58.486+0000] {processor.py:914} INFO - Processing file /home/airflow/.local/lib/python3.12/site-packages/airflow/example_dags/example_sensors.py for tasks to queue
[2025-10-10T08:41:58.493+0000] {logging_mixin.py:190} INFO - [2025-10-10T08:41:58.493+0000] {dagbag.py:587} INFO - Filling up the DagBag from /home/airflow/.local/lib/python3.12/site-packages/airflow/example_dags/example_sensors.py
[2025-10-10T08:41:58.522+0000] {processor.py:925} INFO - DAG(s) 'example_sensors' retrieved from /home/airflow/.local/lib/python3.12/site-packages/airflow/example_dags/example_sensors.py
[2025-10-10T08:41:58.602+0000] {logging_mixin.py:190} INFO - [2025-10-10T08:41:58.601+0000] {dag.py:3211} INFO - Sync 1 DAGs
[2025-10-10T08:41:58.648+0000] {logging_mixin.py:190} INFO - [2025-10-10T08:41:58.648+0000] {dag.py:4138} INFO - Setting next_dagrun for example_sensors to None, run_after=None
[2025-10-10T08:41:58.704+0000] {processor.py:208} INFO - Processing /home/airflow/.local/lib/python3.12/site-packages/airflow/example_dags/example_sensors.py took 0.237 seconds
[2025-10-10T08:42:29.302+0000] {processor.py:186} INFO - Started process (PID=641) to work on /home/airflow/.local/lib/python3.12/site-packages/airflow/example_dags/example_sensors.py
[2025-10-10T08:42:29.305+0000] {processor.py:914} INFO - Processing file /home/airflow/.local/lib/python3.12/site-packages/airflow/example_dags/example_sensors.py for tasks to queue
[2025-10-10T08:42:29.312+0000] {logging_mixin.py:190} INFO - [2025-10-10T08:42:29.311+0000] {dagbag.py:587} INFO - Filling up the DagBag from /home/airflow/.local/lib/python3.12/site-packages/airflow/example_dags/example_sensors.py
[2025-10-10T08:42:29.342+0000] {processor.py:925} INFO - DAG(s) 'example_sensors' retrieved from /home/airflow/.local/lib/python3.12/site-packages/airflow/example_dags/example_sensors.py
[2025-10-10T08:42:29.412+0000] {logging_mixin.py:190} INFO - [2025-10-10T08:42:29.412+0000] {dag.py:3211} INFO - Sync 1 DAGs
[2025-10-10T08:42:29.452+0000] {logging_mixin.py:190} INFO - [2025-10-10T08:42:29.451+0000] {dag.py:4138} INFO - Setting next_dagrun for example_sensors to None, run_after=None
[2025-10-10T08:42:29.533+0000] {processor.py:208} INFO - Processing /home/airflow/.local/lib/python3.12/site-packages/airflow/example_dags/example_sensors.py took 0.246 seconds
[2025-10-10T08:43:00.281+0000] {processor.py:186} INFO - Started process (PID=704) to work on /home/airflow/.local/lib/python3.12/site-packages/airflow/example_dags/example_sensors.py
[2025-10-10T08:43:00.286+0000] {processor.py:914} INFO - Processing file /home/airflow/.local/lib/python3.12/site-packages/airflow/example_dags/example_sensors.py for tasks to queue
[2025-10-10T08:43:00.296+0000] {logging_mixin.py:190} INFO - [2025-10-10T08:43:00.295+0000] {dagbag.py:587} INFO - Filling up the DagBag from /home/airflow/.local/lib/python3.12/site-packages/airflow/example_dags/example_sensors.py
[2025-10-10T08:43:00.335+0000] {processor.py:925} INFO - DAG(s) 'example_sensors' retrieved from /home/airflow/.local/lib/python3.12/site-packages/airflow/example_dags/example_sensors.py
[2025-10-10T08:43:00.488+0000] {logging_mixin.py:190} INFO - [2025-10-10T08:43:00.487+0000] {dag.py:3211} INFO - Sync 1 DAGs
[2025-10-10T08:43:00.604+0000] {logging_mixin.py:190} INFO - [2025-10-10T08:43:00.603+0000] {dag.py:4138} INFO - Setting next_dagrun for example_sensors to None, run_after=None
[2025-10-10T08:43:00.778+0000] {processor.py:208} INFO - Processing /home/airflow/.local/lib/python3.12/site-packages/airflow/example_dags/example_sensors.py took 0.523 seconds
[2025-10-10T08:43:31.570+0000] {processor.py:186} INFO - Started process (PID=767) to work on /home/airflow/.local/lib/python3.12/site-packages/airflow/example_dags/example_sensors.py
[2025-10-10T08:43:31.572+0000] {processor.py:914} INFO - Processing file /home/airflow/.local/lib/python3.12/site-packages/airflow/example_dags/example_sensors.py for tasks to queue
[2025-10-10T08:43:31.577+0000] {logging_mixin.py:190} INFO - [2025-10-10T08:43:31.576+0000] {dagbag.py:587} INFO - Filling up the DagBag from /home/airflow/.local/lib/python3.12/site-packages/airflow/example_dags/example_sensors.py
[2025-10-10T08:43:31.599+0000] {processor.py:925} INFO - DAG(s) 'example_sensors' retrieved from /home/airflow/.local/lib/python3.12/site-packages/airflow/example_dags/example_sensors.py
[2025-10-10T08:43:31.686+0000] {logging_mixin.py:190} INFO - [2025-10-10T08:43:31.685+0000] {dag.py:3211} INFO - Sync 1 DAGs
[2025-10-10T08:43:31.755+0000] {logging_mixin.py:190} INFO - [2025-10-10T08:43:31.754+0000] {dag.py:4138} INFO - Setting next_dagrun for example_sensors to None, run_after=None
[2025-10-10T08:43:31.840+0000] {processor.py:208} INFO - Processing /home/airflow/.local/lib/python3.12/site-packages/airflow/example_dags/example_sensors.py took 0.284 seconds
[2025-10-10T08:44:02.647+0000] {processor.py:186} INFO - Started process (PID=830) to work on /home/airflow/.local/lib/python3.12/site-packages/airflow/example_dags/example_sensors.py
[2025-10-10T08:44:02.650+0000] {processor.py:914} INFO - Processing file /home/airflow/.local/lib/python3.12/site-packages/airflow/example_dags/example_sensors.py for tasks to queue
[2025-10-10T08:44:02.661+0000] {logging_mixin.py:190} INFO - [2025-10-10T08:44:02.660+0000] {dagbag.py:587} INFO - Filling up the DagBag from /home/airflow/.local/lib/python3.12/site-packages/airflow/example_dags/example_sensors.py
[2025-10-10T08:44:02.724+0000] {processor.py:925} INFO - DAG(s) 'example_sensors' retrieved from /home/airflow/.local/lib/python3.12/site-packages/airflow/example_dags/example_sensors.py
[2025-10-10T08:44:02.848+0000] {logging_mixin.py:190} INFO - [2025-10-10T08:44:02.847+0000] {dag.py:3211} INFO - Sync 1 DAGs
[2025-10-10T08:44:02.907+0000] {logging_mixin.py:190} INFO - [2025-10-10T08:44:02.906+0000] {dag.py:4138} INFO - Setting next_dagrun for example_sensors to None, run_after=None
[2025-10-10T08:44:02.974+0000] {processor.py:208} INFO - Processing /home/airflow/.local/lib/python3.12/site-packages/airflow/example_dags/example_sensors.py took 0.363 seconds
[2025-10-10T08:44:33.724+0000] {processor.py:186} INFO - Started process (PID=892) to work on /home/airflow/.local/lib/python3.12/site-packages/airflow/example_dags/example_sensors.py
[2025-10-10T08:44:33.728+0000] {processor.py:914} INFO - Processing file /home/airflow/.local/lib/python3.12/site-packages/airflow/example_dags/example_sensors.py for tasks to queue
[2025-10-10T08:44:33.735+0000] {logging_mixin.py:190} INFO - [2025-10-10T08:44:33.734+0000] {dagbag.py:587} INFO - Filling up the DagBag from /home/airflow/.local/lib/python3.12/site-packages/airflow/example_dags/example_sensors.py
[2025-10-10T08:44:33.771+0000] {processor.py:925} INFO - DAG(s) 'example_sensors' retrieved from /home/airflow/.local/lib/python3.12/site-packages/airflow/example_dags/example_sensors.py
[2025-10-10T08:44:33.883+0000] {logging_mixin.py:190} INFO - [2025-10-10T08:44:33.882+0000] {dag.py:3211} INFO - Sync 1 DAGs
[2025-10-10T08:44:33.956+0000] {logging_mixin.py:190} INFO - [2025-10-10T08:44:33.955+0000] {dag.py:4138} INFO - Setting next_dagrun for example_sensors to None, run_after=None
[2025-10-10T08:44:34.026+0000] {processor.py:208} INFO - Processing /home/airflow/.local/lib/python3.12/site-packages/airflow/example_dags/example_sensors.py took 0.328 seconds
[2025-10-10T08:45:04.988+0000] {processor.py:186} INFO - Started process (PID=955) to work on /home/airflow/.local/lib/python3.12/site-packages/airflow/example_dags/example_sensors.py
[2025-10-10T08:45:04.992+0000] {processor.py:914} INFO - Processing file /home/airflow/.local/lib/python3.12/site-packages/airflow/example_dags/example_sensors.py for tasks to queue
[2025-10-10T08:45:04.999+0000] {logging_mixin.py:190} INFO - [2025-10-10T08:45:04.997+0000] {dagbag.py:587} INFO - Filling up the DagBag from /home/airflow/.local/lib/python3.12/site-packages/airflow/example_dags/example_sensors.py
[2025-10-10T08:45:05.032+0000] {processor.py:925} INFO - DAG(s) 'example_sensors' retrieved from /home/airflow/.local/lib/python3.12/site-packages/airflow/example_dags/example_sensors.py
[2025-10-10T08:45:05.106+0000] {logging_mixin.py:190} INFO - [2025-10-10T08:45:05.105+0000] {dag.py:3211} INFO - Sync 1 DAGs
[2025-10-10T08:45:05.160+0000] {logging_mixin.py:190} INFO - [2025-10-10T08:45:05.159+0000] {dag.py:4138} INFO - Setting next_dagrun for example_sensors to None, run_after=None
[2025-10-10T08:45:05.234+0000] {processor.py:208} INFO - Processing /home/airflow/.local/lib/python3.12/site-packages/airflow/example_dags/example_sensors.py took 0.272 seconds
[2025-10-10T08:45:36.073+0000] {processor.py:186} INFO - Started process (PID=1018) to work on /home/airflow/.local/lib/python3.12/site-packages/airflow/example_dags/example_sensors.py
[2025-10-10T08:45:36.076+0000] {processor.py:914} INFO - Processing file /home/airflow/.local/lib/python3.12/site-packages/airflow/example_dags/example_sensors.py for tasks to queue
[2025-10-10T08:45:36.083+0000] {logging_mixin.py:190} INFO - [2025-10-10T08:45:36.082+0000] {dagbag.py:587} INFO - Filling up the DagBag from /home/airflow/.local/lib/python3.12/site-packages/airflow/example_dags/example_sensors.py
[2025-10-10T08:45:36.147+0000] {processor.py:925} INFO - DAG(s) 'example_sensors' retrieved from /home/airflow/.local/lib/python3.12/site-packages/airflow/example_dags/example_sensors.py
[2025-10-10T08:45:36.245+0000] {logging_mixin.py:190} INFO - [2025-10-10T08:45:36.244+0000] {dag.py:3211} INFO - Sync 1 DAGs
[2025-10-10T08:45:36.292+0000] {logging_mixin.py:190} INFO - [2025-10-10T08:45:36.292+0000] {dag.py:4138} INFO - Setting next_dagrun for example_sensors to None, run_after=None
[2025-10-10T08:45:36.351+0000] {processor.py:208} INFO - Processing /home/airflow/.local/lib/python3.12/site-packages/airflow/example_dags/example_sensors.py took 0.296 seconds
[2025-10-10T08:46:07.043+0000] {processor.py:186} INFO - Started process (PID=1081) to work on /home/airflow/.local/lib/python3.12/site-packages/airflow/example_dags/example_sensors.py
[2025-10-10T08:46:07.046+0000] {processor.py:914} INFO - Processing file /home/airflow/.local/lib/python3.12/site-packages/airflow/example_dags/example_sensors.py for tasks to queue
[2025-10-10T08:46:07.055+0000] {logging_mixin.py:190} INFO - [2025-10-10T08:46:07.054+0000] {dagbag.py:587} INFO - Filling up the DagBag from /home/airflow/.local/lib/python3.12/site-packages/airflow/example_dags/example_sensors.py
[2025-10-10T08:46:07.091+0000] {processor.py:925} INFO - DAG(s) 'example_sensors' retrieved from /home/airflow/.local/lib/python3.12/site-packages/airflow/example_dags/example_sensors.py
[2025-10-10T08:46:07.170+0000] {logging_mixin.py:190} INFO - [2025-10-10T08:46:07.169+0000] {dag.py:3211} INFO - Sync 1 DAGs
[2025-10-10T08:46:07.212+0000] {logging_mixin.py:190} INFO - [2025-10-10T08:46:07.211+0000] {dag.py:4138} INFO - Setting next_dagrun for example_sensors to None, run_after=None
[2025-10-10T08:46:07.273+0000] {processor.py:208} INFO - Processing /home/airflow/.local/lib/python3.12/site-packages/airflow/example_dags/example_sensors.py took 0.251 seconds
[2025-10-10T08:46:37.727+0000] {processor.py:186} INFO - Started process (PID=1144) to work on /home/airflow/.local/lib/python3.12/site-packages/airflow/example_dags/example_sensors.py
[2025-10-10T08:46:37.730+0000] {processor.py:914} INFO - Processing file /home/airflow/.local/lib/python3.12/site-packages/airflow/example_dags/example_sensors.py for tasks to queue
[2025-10-10T08:46:37.740+0000] {logging_mixin.py:190} INFO - [2025-10-10T08:46:37.739+0000] {dagbag.py:587} INFO - Filling up the DagBag from /home/airflow/.local/lib/python3.12/site-packages/airflow/example_dags/example_sensors.py
[2025-10-10T08:46:37.766+0000] {processor.py:925} INFO - DAG(s) 'example_sensors' retrieved from /home/airflow/.local/lib/python3.12/site-packages/airflow/example_dags/example_sensors.py
[2025-10-10T08:46:37.854+0000] {logging_mixin.py:190} INFO - [2025-10-10T08:46:37.854+0000] {dag.py:3211} INFO - Sync 1 DAGs
[2025-10-10T08:46:37.902+0000] {logging_mixin.py:190} INFO - [2025-10-10T08:46:37.902+0000] {dag.py:4138} INFO - Setting next_dagrun for example_sensors to None, run_after=None
[2025-10-10T08:46:37.959+0000] {processor.py:208} INFO - Processing /home/airflow/.local/lib/python3.12/site-packages/airflow/example_dags/example_sensors.py took 0.252 seconds
[2025-10-10T08:47:08.088+0000] {processor.py:186} INFO - Started process (PID=1207) to work on /home/airflow/.local/lib/python3.12/site-packages/airflow/example_dags/example_sensors.py
[2025-10-10T08:47:08.091+0000] {processor.py:914} INFO - Processing file /home/airflow/.local/lib/python3.12/site-packages/airflow/example_dags/example_sensors.py for tasks to queue
[2025-10-10T08:47:08.096+0000] {logging_mixin.py:190} INFO - [2025-10-10T08:47:08.096+0000] {dagbag.py:587} INFO - Filling up the DagBag from /home/airflow/.local/lib/python3.12/site-packages/airflow/example_dags/example_sensors.py
[2025-10-10T08:47:08.120+0000] {processor.py:925} INFO - DAG(s) 'example_sensors' retrieved from /home/airflow/.local/lib/python3.12/site-packages/airflow/example_dags/example_sensors.py
[2025-10-10T08:47:08.178+0000] {logging_mixin.py:190} INFO - [2025-10-10T08:47:08.177+0000] {dag.py:3211} INFO - Sync 1 DAGs
[2025-10-10T08:47:08.220+0000] {logging_mixin.py:190} INFO - [2025-10-10T08:47:08.219+0000] {dag.py:4138} INFO - Setting next_dagrun for example_sensors to None, run_after=None
[2025-10-10T08:47:08.266+0000] {processor.py:208} INFO - Processing /home/airflow/.local/lib/python3.12/site-packages/airflow/example_dags/example_sensors.py took 0.191 seconds
[2025-10-10T08:47:38.555+0000] {processor.py:186} INFO - Started process (PID=1269) to work on /home/airflow/.local/lib/python3.12/site-packages/airflow/example_dags/example_sensors.py
[2025-10-10T08:47:38.559+0000] {processor.py:914} INFO - Processing file /home/airflow/.local/lib/python3.12/site-packages/airflow/example_dags/example_sensors.py for tasks to queue
[2025-10-10T08:47:38.566+0000] {logging_mixin.py:190} INFO - [2025-10-10T08:47:38.565+0000] {dagbag.py:587} INFO - Filling up the DagBag from /home/airflow/.local/lib/python3.12/site-packages/airflow/example_dags/example_sensors.py
[2025-10-10T08:47:38.614+0000] {processor.py:925} INFO - DAG(s) 'example_sensors' retrieved from /home/airflow/.local/lib/python3.12/site-packages/airflow/example_dags/example_sensors.py
[2025-10-10T08:47:38.698+0000] {logging_mixin.py:190} INFO - [2025-10-10T08:47:38.698+0000] {dag.py:3211} INFO - Sync 1 DAGs
[2025-10-10T08:47:38.741+0000] {logging_mixin.py:190} INFO - [2025-10-10T08:47:38.740+0000] {dag.py:4138} INFO - Setting next_dagrun for example_sensors to None, run_after=None
[2025-10-10T08:47:38.825+0000] {processor.py:208} INFO - Processing /home/airflow/.local/lib/python3.12/site-packages/airflow/example_dags/example_sensors.py took 0.286 seconds
[2025-10-10T08:48:09.561+0000] {processor.py:186} INFO - Started process (PID=1332) to work on /home/airflow/.local/lib/python3.12/site-packages/airflow/example_dags/example_sensors.py
[2025-10-10T08:48:09.564+0000] {processor.py:914} INFO - Processing file /home/airflow/.local/lib/python3.12/site-packages/airflow/example_dags/example_sensors.py for tasks to queue
[2025-10-10T08:48:09.571+0000] {logging_mixin.py:190} INFO - [2025-10-10T08:48:09.570+0000] {dagbag.py:587} INFO - Filling up the DagBag from /home/airflow/.local/lib/python3.12/site-packages/airflow/example_dags/example_sensors.py
[2025-10-10T08:48:09.609+0000] {processor.py:925} INFO - DAG(s) 'example_sensors' retrieved from /home/airflow/.local/lib/python3.12/site-packages/airflow/example_dags/example_sensors.py
[2025-10-10T08:48:09.660+0000] {logging_mixin.py:190} INFO - [2025-10-10T08:48:09.659+0000] {dag.py:3211} INFO - Sync 1 DAGs
[2025-10-10T08:48:09.689+0000] {logging_mixin.py:190} INFO - [2025-10-10T08:48:09.688+0000] {dag.py:4138} INFO - Setting next_dagrun for example_sensors to None, run_after=None
[2025-10-10T08:48:09.731+0000] {processor.py:208} INFO - Processing /home/airflow/.local/lib/python3.12/site-packages/airflow/example_dags/example_sensors.py took 0.188 seconds
[2025-10-10T08:48:39.985+0000] {processor.py:186} INFO - Started process (PID=1395) to work on /home/airflow/.local/lib/python3.12/site-packages/airflow/example_dags/example_sensors.py
[2025-10-10T08:48:39.988+0000] {processor.py:914} INFO - Processing file /home/airflow/.local/lib/python3.12/site-packages/airflow/example_dags/example_sensors.py for tasks to queue
[2025-10-10T08:48:39.995+0000] {logging_mixin.py:190} INFO - [2025-10-10T08:48:39.994+0000] {dagbag.py:587} INFO - Filling up the DagBag from /home/airflow/.local/lib/python3.12/site-packages/airflow/example_dags/example_sensors.py
[2025-10-10T08:48:40.025+0000] {processor.py:925} INFO - DAG(s) 'example_sensors' retrieved from /home/airflow/.local/lib/python3.12/site-packages/airflow/example_dags/example_sensors.py
[2025-10-10T08:48:40.107+0000] {logging_mixin.py:190} INFO - [2025-10-10T08:48:40.107+0000] {dag.py:3211} INFO - Sync 1 DAGs
[2025-10-10T08:48:40.150+0000] {logging_mixin.py:190} INFO - [2025-10-10T08:48:40.150+0000] {dag.py:4138} INFO - Setting next_dagrun for example_sensors to None, run_after=None
[2025-10-10T08:48:40.210+0000] {processor.py:208} INFO - Processing /home/airflow/.local/lib/python3.12/site-packages/airflow/example_dags/example_sensors.py took 0.242 seconds
[2025-10-10T08:49:11.706+0000] {processor.py:186} INFO - Started process (PID=1458) to work on /home/airflow/.local/lib/python3.12/site-packages/airflow/example_dags/example_sensors.py
[2025-10-10T08:49:11.715+0000] {processor.py:914} INFO - Processing file /home/airflow/.local/lib/python3.12/site-packages/airflow/example_dags/example_sensors.py for tasks to queue
[2025-10-10T08:49:11.737+0000] {logging_mixin.py:190} INFO - [2025-10-10T08:49:11.735+0000] {dagbag.py:587} INFO - Filling up the DagBag from /home/airflow/.local/lib/python3.12/site-packages/airflow/example_dags/example_sensors.py
[2025-10-10T08:49:11.801+0000] {processor.py:925} INFO - DAG(s) 'example_sensors' retrieved from /home/airflow/.local/lib/python3.12/site-packages/airflow/example_dags/example_sensors.py
[2025-10-10T08:49:11.895+0000] {logging_mixin.py:190} INFO - [2025-10-10T08:49:11.894+0000] {dag.py:3211} INFO - Sync 1 DAGs
[2025-10-10T08:49:11.944+0000] {logging_mixin.py:190} INFO - [2025-10-10T08:49:11.944+0000] {dag.py:4138} INFO - Setting next_dagrun for example_sensors to None, run_after=None
[2025-10-10T08:49:12.011+0000] {processor.py:208} INFO - Processing /home/airflow/.local/lib/python3.12/site-packages/airflow/example_dags/example_sensors.py took 0.342 seconds
[2025-10-10T08:53:48.461+0000] {processor.py:186} INFO - Started process (PID=78) to work on /home/airflow/.local/lib/python3.12/site-packages/airflow/example_dags/example_sensors.py
[2025-10-10T08:53:48.465+0000] {processor.py:914} INFO - Processing file /home/airflow/.local/lib/python3.12/site-packages/airflow/example_dags/example_sensors.py for tasks to queue
[2025-10-10T08:53:48.473+0000] {logging_mixin.py:190} INFO - [2025-10-10T08:53:48.472+0000] {dagbag.py:587} INFO - Filling up the DagBag from /home/airflow/.local/lib/python3.12/site-packages/airflow/example_dags/example_sensors.py
[2025-10-10T08:53:48.507+0000] {processor.py:925} INFO - DAG(s) 'example_sensors' retrieved from /home/airflow/.local/lib/python3.12/site-packages/airflow/example_dags/example_sensors.py
[2025-10-10T08:53:48.654+0000] {logging_mixin.py:190} INFO - [2025-10-10T08:53:48.654+0000] {dag.py:3211} INFO - Sync 1 DAGs
[2025-10-10T08:53:48.727+0000] {logging_mixin.py:190} INFO - [2025-10-10T08:53:48.727+0000] {dag.py:4138} INFO - Setting next_dagrun for example_sensors to None, run_after=None
[2025-10-10T08:53:48.825+0000] {processor.py:208} INFO - Processing /home/airflow/.local/lib/python3.12/site-packages/airflow/example_dags/example_sensors.py took 0.383 seconds
[2025-10-10T08:54:20.894+0000] {processor.py:186} INFO - Started process (PID=141) to work on /home/airflow/.local/lib/python3.12/site-packages/airflow/example_dags/example_sensors.py
[2025-10-10T08:54:20.949+0000] {processor.py:914} INFO - Processing file /home/airflow/.local/lib/python3.12/site-packages/airflow/example_dags/example_sensors.py for tasks to queue
[2025-10-10T08:54:20.976+0000] {logging_mixin.py:190} INFO - [2025-10-10T08:54:20.972+0000] {dagbag.py:587} INFO - Filling up the DagBag from /home/airflow/.local/lib/python3.12/site-packages/airflow/example_dags/example_sensors.py
[2025-10-10T08:54:21.154+0000] {processor.py:925} INFO - DAG(s) 'example_sensors' retrieved from /home/airflow/.local/lib/python3.12/site-packages/airflow/example_dags/example_sensors.py
[2025-10-10T08:54:21.309+0000] {logging_mixin.py:190} INFO - [2025-10-10T08:54:21.309+0000] {dag.py:3211} INFO - Sync 1 DAGs
[2025-10-10T08:54:21.342+0000] {logging_mixin.py:190} INFO - [2025-10-10T08:54:21.341+0000] {dag.py:4138} INFO - Setting next_dagrun for example_sensors to None, run_after=None
[2025-10-10T08:54:21.600+0000] {processor.py:208} INFO - Processing /home/airflow/.local/lib/python3.12/site-packages/airflow/example_dags/example_sensors.py took 0.733 seconds
[2025-10-10T08:54:52.498+0000] {processor.py:186} INFO - Started process (PID=205) to work on /home/airflow/.local/lib/python3.12/site-packages/airflow/example_dags/example_sensors.py
[2025-10-10T08:54:52.506+0000] {processor.py:914} INFO - Processing file /home/airflow/.local/lib/python3.12/site-packages/airflow/example_dags/example_sensors.py for tasks to queue
[2025-10-10T08:54:52.523+0000] {logging_mixin.py:190} INFO - [2025-10-10T08:54:52.521+0000] {dagbag.py:587} INFO - Filling up the DagBag from /home/airflow/.local/lib/python3.12/site-packages/airflow/example_dags/example_sensors.py
[2025-10-10T08:54:52.607+0000] {processor.py:925} INFO - DAG(s) 'example_sensors' retrieved from /home/airflow/.local/lib/python3.12/site-packages/airflow/example_dags/example_sensors.py
[2025-10-10T08:54:52.775+0000] {logging_mixin.py:190} INFO - [2025-10-10T08:54:52.774+0000] {dag.py:3211} INFO - Sync 1 DAGs
[2025-10-10T08:54:52.833+0000] {logging_mixin.py:190} INFO - [2025-10-10T08:54:52.832+0000] {dag.py:4138} INFO - Setting next_dagrun for example_sensors to None, run_after=None
[2025-10-10T08:54:53.108+0000] {processor.py:208} INFO - Processing /home/airflow/.local/lib/python3.12/site-packages/airflow/example_dags/example_sensors.py took 0.653 seconds
[2025-10-10T08:57:57.261+0000] {processor.py:186} INFO - Started process (PID=79) to work on /home/airflow/.local/lib/python3.12/site-packages/airflow/example_dags/example_sensors.py
[2025-10-10T08:57:57.283+0000] {processor.py:914} INFO - Processing file /home/airflow/.local/lib/python3.12/site-packages/airflow/example_dags/example_sensors.py for tasks to queue
[2025-10-10T08:57:57.339+0000] {logging_mixin.py:190} INFO - [2025-10-10T08:57:57.338+0000] {dagbag.py:587} INFO - Filling up the DagBag from /home/airflow/.local/lib/python3.12/site-packages/airflow/example_dags/example_sensors.py
[2025-10-10T08:57:57.429+0000] {processor.py:925} INFO - DAG(s) 'example_sensors' retrieved from /home/airflow/.local/lib/python3.12/site-packages/airflow/example_dags/example_sensors.py
[2025-10-10T08:57:57.627+0000] {logging_mixin.py:190} INFO - [2025-10-10T08:57:57.626+0000] {dag.py:3211} INFO - Sync 1 DAGs
[2025-10-10T08:57:57.712+0000] {logging_mixin.py:190} INFO - [2025-10-10T08:57:57.711+0000] {dag.py:4138} INFO - Setting next_dagrun for example_sensors to None, run_after=None
[2025-10-10T08:57:57.894+0000] {processor.py:208} INFO - Processing /home/airflow/.local/lib/python3.12/site-packages/airflow/example_dags/example_sensors.py took 0.669 seconds
[2025-10-10T08:58:29.026+0000] {processor.py:186} INFO - Started process (PID=142) to work on /home/airflow/.local/lib/python3.12/site-packages/airflow/example_dags/example_sensors.py
[2025-10-10T08:58:29.032+0000] {processor.py:914} INFO - Processing file /home/airflow/.local/lib/python3.12/site-packages/airflow/example_dags/example_sensors.py for tasks to queue
[2025-10-10T08:58:29.047+0000] {logging_mixin.py:190} INFO - [2025-10-10T08:58:29.045+0000] {dagbag.py:587} INFO - Filling up the DagBag from /home/airflow/.local/lib/python3.12/site-packages/airflow/example_dags/example_sensors.py
[2025-10-10T08:58:29.146+0000] {processor.py:925} INFO - DAG(s) 'example_sensors' retrieved from /home/airflow/.local/lib/python3.12/site-packages/airflow/example_dags/example_sensors.py
[2025-10-10T08:58:29.256+0000] {logging_mixin.py:190} INFO - [2025-10-10T08:58:29.255+0000] {dag.py:3211} INFO - Sync 1 DAGs
[2025-10-10T08:58:29.292+0000] {logging_mixin.py:190} INFO - [2025-10-10T08:58:29.291+0000] {dag.py:4138} INFO - Setting next_dagrun for example_sensors to None, run_after=None
[2025-10-10T08:58:29.352+0000] {processor.py:208} INFO - Processing /home/airflow/.local/lib/python3.12/site-packages/airflow/example_dags/example_sensors.py took 0.355 seconds
[2025-10-10T09:01:23.583+0000] {processor.py:186} INFO - Started process (PID=78) to work on /home/airflow/.local/lib/python3.12/site-packages/airflow/example_dags/example_sensors.py
[2025-10-10T09:01:23.585+0000] {processor.py:914} INFO - Processing file /home/airflow/.local/lib/python3.12/site-packages/airflow/example_dags/example_sensors.py for tasks to queue
[2025-10-10T09:01:23.672+0000] {logging_mixin.py:190} INFO - [2025-10-10T09:01:23.671+0000] {dagbag.py:587} INFO - Filling up the DagBag from /home/airflow/.local/lib/python3.12/site-packages/airflow/example_dags/example_sensors.py
[2025-10-10T09:01:23.796+0000] {processor.py:925} INFO - DAG(s) 'example_sensors' retrieved from /home/airflow/.local/lib/python3.12/site-packages/airflow/example_dags/example_sensors.py
[2025-10-10T09:01:24.386+0000] {logging_mixin.py:190} INFO - [2025-10-10T09:01:24.385+0000] {dag.py:3211} INFO - Sync 1 DAGs
[2025-10-10T09:01:24.772+0000] {logging_mixin.py:190} INFO - [2025-10-10T09:01:24.734+0000] {dag.py:4138} INFO - Setting next_dagrun for example_sensors to None, run_after=None
[2025-10-10T09:01:26.201+0000] {processor.py:208} INFO - Processing /home/airflow/.local/lib/python3.12/site-packages/airflow/example_dags/example_sensors.py took 2.643 seconds
[2025-10-10T09:01:56.935+0000] {processor.py:186} INFO - Started process (PID=141) to work on /home/airflow/.local/lib/python3.12/site-packages/airflow/example_dags/example_sensors.py
[2025-10-10T09:01:56.938+0000] {processor.py:914} INFO - Processing file /home/airflow/.local/lib/python3.12/site-packages/airflow/example_dags/example_sensors.py for tasks to queue
[2025-10-10T09:01:56.946+0000] {logging_mixin.py:190} INFO - [2025-10-10T09:01:56.945+0000] {dagbag.py:587} INFO - Filling up the DagBag from /home/airflow/.local/lib/python3.12/site-packages/airflow/example_dags/example_sensors.py
[2025-10-10T09:01:57.000+0000] {processor.py:925} INFO - DAG(s) 'example_sensors' retrieved from /home/airflow/.local/lib/python3.12/site-packages/airflow/example_dags/example_sensors.py
[2025-10-10T09:01:57.098+0000] {logging_mixin.py:190} INFO - [2025-10-10T09:01:57.098+0000] {dag.py:3211} INFO - Sync 1 DAGs
[2025-10-10T09:01:57.130+0000] {logging_mixin.py:190} INFO - [2025-10-10T09:01:57.130+0000] {dag.py:4138} INFO - Setting next_dagrun for example_sensors to None, run_after=None
[2025-10-10T09:01:57.182+0000] {processor.py:208} INFO - Processing /home/airflow/.local/lib/python3.12/site-packages/airflow/example_dags/example_sensors.py took 0.268 seconds
[2025-10-10T09:02:27.441+0000] {processor.py:186} INFO - Started process (PID=204) to work on /home/airflow/.local/lib/python3.12/site-packages/airflow/example_dags/example_sensors.py
[2025-10-10T09:02:27.448+0000] {processor.py:914} INFO - Processing file /home/airflow/.local/lib/python3.12/site-packages/airflow/example_dags/example_sensors.py for tasks to queue
[2025-10-10T09:02:27.460+0000] {logging_mixin.py:190} INFO - [2025-10-10T09:02:27.459+0000] {dagbag.py:587} INFO - Filling up the DagBag from /home/airflow/.local/lib/python3.12/site-packages/airflow/example_dags/example_sensors.py
[2025-10-10T09:02:27.567+0000] {processor.py:925} INFO - DAG(s) 'example_sensors' retrieved from /home/airflow/.local/lib/python3.12/site-packages/airflow/example_dags/example_sensors.py
[2025-10-10T09:02:27.860+0000] {logging_mixin.py:190} INFO - [2025-10-10T09:02:27.859+0000] {dag.py:3211} INFO - Sync 1 DAGs
[2025-10-10T09:02:27.897+0000] {logging_mixin.py:190} INFO - [2025-10-10T09:02:27.897+0000] {dag.py:4138} INFO - Setting next_dagrun for example_sensors to None, run_after=None
[2025-10-10T09:02:27.947+0000] {processor.py:208} INFO - Processing /home/airflow/.local/lib/python3.12/site-packages/airflow/example_dags/example_sensors.py took 0.524 seconds
[2025-10-10T09:02:58.117+0000] {processor.py:186} INFO - Started process (PID=268) to work on /home/airflow/.local/lib/python3.12/site-packages/airflow/example_dags/example_sensors.py
[2025-10-10T09:02:58.122+0000] {processor.py:914} INFO - Processing file /home/airflow/.local/lib/python3.12/site-packages/airflow/example_dags/example_sensors.py for tasks to queue
[2025-10-10T09:02:58.130+0000] {logging_mixin.py:190} INFO - [2025-10-10T09:02:58.129+0000] {dagbag.py:587} INFO - Filling up the DagBag from /home/airflow/.local/lib/python3.12/site-packages/airflow/example_dags/example_sensors.py
[2025-10-10T09:02:58.165+0000] {processor.py:925} INFO - DAG(s) 'example_sensors' retrieved from /home/airflow/.local/lib/python3.12/site-packages/airflow/example_dags/example_sensors.py
[2025-10-10T09:02:58.269+0000] {logging_mixin.py:190} INFO - [2025-10-10T09:02:58.268+0000] {dag.py:3211} INFO - Sync 1 DAGs
[2025-10-10T09:02:58.361+0000] {logging_mixin.py:190} INFO - [2025-10-10T09:02:58.360+0000] {dag.py:4138} INFO - Setting next_dagrun for example_sensors to None, run_after=None
[2025-10-10T09:02:58.432+0000] {processor.py:208} INFO - Processing /home/airflow/.local/lib/python3.12/site-packages/airflow/example_dags/example_sensors.py took 0.342 seconds
[2025-10-10T09:03:29.214+0000] {processor.py:186} INFO - Started process (PID=332) to work on /home/airflow/.local/lib/python3.12/site-packages/airflow/example_dags/example_sensors.py
[2025-10-10T09:03:29.217+0000] {processor.py:914} INFO - Processing file /home/airflow/.local/lib/python3.12/site-packages/airflow/example_dags/example_sensors.py for tasks to queue
[2025-10-10T09:03:29.228+0000] {logging_mixin.py:190} INFO - [2025-10-10T09:03:29.226+0000] {dagbag.py:587} INFO - Filling up the DagBag from /home/airflow/.local/lib/python3.12/site-packages/airflow/example_dags/example_sensors.py
[2025-10-10T09:03:29.276+0000] {processor.py:925} INFO - DAG(s) 'example_sensors' retrieved from /home/airflow/.local/lib/python3.12/site-packages/airflow/example_dags/example_sensors.py
[2025-10-10T09:03:29.339+0000] {logging_mixin.py:190} INFO - [2025-10-10T09:03:29.338+0000] {dag.py:3211} INFO - Sync 1 DAGs
[2025-10-10T09:03:29.374+0000] {logging_mixin.py:190} INFO - [2025-10-10T09:03:29.373+0000] {dag.py:4138} INFO - Setting next_dagrun for example_sensors to None, run_after=None
[2025-10-10T09:03:29.414+0000] {processor.py:208} INFO - Processing /home/airflow/.local/lib/python3.12/site-packages/airflow/example_dags/example_sensors.py took 0.222 seconds
[2025-10-10T09:04:00.227+0000] {processor.py:186} INFO - Started process (PID=394) to work on /home/airflow/.local/lib/python3.12/site-packages/airflow/example_dags/example_sensors.py
[2025-10-10T09:04:00.230+0000] {processor.py:914} INFO - Processing file /home/airflow/.local/lib/python3.12/site-packages/airflow/example_dags/example_sensors.py for tasks to queue
[2025-10-10T09:04:00.240+0000] {logging_mixin.py:190} INFO - [2025-10-10T09:04:00.238+0000] {dagbag.py:587} INFO - Filling up the DagBag from /home/airflow/.local/lib/python3.12/site-packages/airflow/example_dags/example_sensors.py
[2025-10-10T09:04:00.292+0000] {processor.py:925} INFO - DAG(s) 'example_sensors' retrieved from /home/airflow/.local/lib/python3.12/site-packages/airflow/example_dags/example_sensors.py
[2025-10-10T09:04:00.381+0000] {logging_mixin.py:190} INFO - [2025-10-10T09:04:00.381+0000] {dag.py:3211} INFO - Sync 1 DAGs
[2025-10-10T09:04:00.421+0000] {logging_mixin.py:190} INFO - [2025-10-10T09:04:00.420+0000] {dag.py:4138} INFO - Setting next_dagrun for example_sensors to None, run_after=None
[2025-10-10T09:04:00.469+0000] {processor.py:208} INFO - Processing /home/airflow/.local/lib/python3.12/site-packages/airflow/example_dags/example_sensors.py took 0.265 seconds
[2025-10-10T09:04:30.638+0000] {processor.py:186} INFO - Started process (PID=457) to work on /home/airflow/.local/lib/python3.12/site-packages/airflow/example_dags/example_sensors.py
[2025-10-10T09:04:30.649+0000] {processor.py:914} INFO - Processing file /home/airflow/.local/lib/python3.12/site-packages/airflow/example_dags/example_sensors.py for tasks to queue
[2025-10-10T09:04:30.657+0000] {logging_mixin.py:190} INFO - [2025-10-10T09:04:30.656+0000] {dagbag.py:587} INFO - Filling up the DagBag from /home/airflow/.local/lib/python3.12/site-packages/airflow/example_dags/example_sensors.py
[2025-10-10T09:04:30.727+0000] {processor.py:925} INFO - DAG(s) 'example_sensors' retrieved from /home/airflow/.local/lib/python3.12/site-packages/airflow/example_dags/example_sensors.py
[2025-10-10T09:04:30.847+0000] {logging_mixin.py:190} INFO - [2025-10-10T09:04:30.846+0000] {dag.py:3211} INFO - Sync 1 DAGs
[2025-10-10T09:04:30.883+0000] {logging_mixin.py:190} INFO - [2025-10-10T09:04:30.883+0000] {dag.py:4138} INFO - Setting next_dagrun for example_sensors to None, run_after=None
[2025-10-10T09:04:30.925+0000] {processor.py:208} INFO - Processing /home/airflow/.local/lib/python3.12/site-packages/airflow/example_dags/example_sensors.py took 0.310 seconds
[2025-10-10T09:05:01.089+0000] {processor.py:186} INFO - Started process (PID=520) to work on /home/airflow/.local/lib/python3.12/site-packages/airflow/example_dags/example_sensors.py
[2025-10-10T09:05:01.092+0000] {processor.py:914} INFO - Processing file /home/airflow/.local/lib/python3.12/site-packages/airflow/example_dags/example_sensors.py for tasks to queue
[2025-10-10T09:05:01.099+0000] {logging_mixin.py:190} INFO - [2025-10-10T09:05:01.097+0000] {dagbag.py:587} INFO - Filling up the DagBag from /home/airflow/.local/lib/python3.12/site-packages/airflow/example_dags/example_sensors.py
[2025-10-10T09:05:01.123+0000] {processor.py:925} INFO - DAG(s) 'example_sensors' retrieved from /home/airflow/.local/lib/python3.12/site-packages/airflow/example_dags/example_sensors.py
[2025-10-10T09:05:01.201+0000] {logging_mixin.py:190} INFO - [2025-10-10T09:05:01.200+0000] {dag.py:3211} INFO - Sync 1 DAGs
[2025-10-10T09:05:01.234+0000] {logging_mixin.py:190} INFO - [2025-10-10T09:05:01.234+0000] {dag.py:4138} INFO - Setting next_dagrun for example_sensors to None, run_after=None
[2025-10-10T09:05:01.276+0000] {processor.py:208} INFO - Processing /home/airflow/.local/lib/python3.12/site-packages/airflow/example_dags/example_sensors.py took 0.205 seconds
[2025-10-10T09:05:31.467+0000] {processor.py:186} INFO - Started process (PID=582) to work on /home/airflow/.local/lib/python3.12/site-packages/airflow/example_dags/example_sensors.py
[2025-10-10T09:05:31.471+0000] {processor.py:914} INFO - Processing file /home/airflow/.local/lib/python3.12/site-packages/airflow/example_dags/example_sensors.py for tasks to queue
[2025-10-10T09:05:31.481+0000] {logging_mixin.py:190} INFO - [2025-10-10T09:05:31.480+0000] {dagbag.py:587} INFO - Filling up the DagBag from /home/airflow/.local/lib/python3.12/site-packages/airflow/example_dags/example_sensors.py
[2025-10-10T09:05:31.515+0000] {processor.py:925} INFO - DAG(s) 'example_sensors' retrieved from /home/airflow/.local/lib/python3.12/site-packages/airflow/example_dags/example_sensors.py
[2025-10-10T09:05:31.630+0000] {logging_mixin.py:190} INFO - [2025-10-10T09:05:31.629+0000] {dag.py:3211} INFO - Sync 1 DAGs
[2025-10-10T09:05:31.723+0000] {logging_mixin.py:190} INFO - [2025-10-10T09:05:31.722+0000] {dag.py:4138} INFO - Setting next_dagrun for example_sensors to None, run_after=None
[2025-10-10T09:05:31.798+0000] {processor.py:208} INFO - Processing /home/airflow/.local/lib/python3.12/site-packages/airflow/example_dags/example_sensors.py took 0.358 seconds
