[2025-10-10T08:37:58.710+0000] {processor.py:186} INFO - Started process (PID=107) to work on /home/airflow/.local/lib/python3.12/site-packages/airflow/example_dags/example_branch_operator_decorator.py
[2025-10-10T08:37:58.713+0000] {processor.py:914} INFO - Processing file /home/airflow/.local/lib/python3.12/site-packages/airflow/example_dags/example_branch_operator_decorator.py for tasks to queue
[2025-10-10T08:37:58.721+0000] {logging_mixin.py:190} INFO - [2025-10-10T08:37:58.720+0000] {dagbag.py:587} INFO - Filling up the DagBag from /home/airflow/.local/lib/python3.12/site-packages/airflow/example_dags/example_branch_operator_decorator.py
[2025-10-10T08:37:58.777+0000] {processor.py:925} INFO - DAG(s) 'example_branch_python_operator_decorator' retrieved from /home/airflow/.local/lib/python3.12/site-packages/airflow/example_dags/example_branch_operator_decorator.py
[2025-10-10T08:37:59.049+0000] {logging_mixin.py:190} INFO - [2025-10-10T08:37:59.048+0000] {dag.py:3211} INFO - Sync 1 DAGs
[2025-10-10T08:37:59.105+0000] {logging_mixin.py:190} INFO - [2025-10-10T08:37:59.104+0000] {dag.py:4138} INFO - Setting next_dagrun for example_branch_python_operator_decorator to 2025-10-09 00:00:00+00:00, run_after=2025-10-10 00:00:00+00:00
[2025-10-10T08:37:59.152+0000] {processor.py:208} INFO - Processing /home/airflow/.local/lib/python3.12/site-packages/airflow/example_dags/example_branch_operator_decorator.py took 0.457 seconds
[2025-10-10T08:38:29.472+0000] {processor.py:186} INFO - Started process (PID=170) to work on /home/airflow/.local/lib/python3.12/site-packages/airflow/example_dags/example_branch_operator_decorator.py
[2025-10-10T08:38:29.476+0000] {processor.py:914} INFO - Processing file /home/airflow/.local/lib/python3.12/site-packages/airflow/example_dags/example_branch_operator_decorator.py for tasks to queue
[2025-10-10T08:38:29.483+0000] {logging_mixin.py:190} INFO - [2025-10-10T08:38:29.482+0000] {dagbag.py:587} INFO - Filling up the DagBag from /home/airflow/.local/lib/python3.12/site-packages/airflow/example_dags/example_branch_operator_decorator.py
[2025-10-10T08:38:29.547+0000] {processor.py:925} INFO - DAG(s) 'example_branch_python_operator_decorator' retrieved from /home/airflow/.local/lib/python3.12/site-packages/airflow/example_dags/example_branch_operator_decorator.py
[2025-10-10T08:38:29.630+0000] {logging_mixin.py:190} INFO - [2025-10-10T08:38:29.629+0000] {dag.py:3211} INFO - Sync 1 DAGs
[2025-10-10T08:38:29.711+0000] {logging_mixin.py:190} INFO - [2025-10-10T08:38:29.710+0000] {dag.py:4138} INFO - Setting next_dagrun for example_branch_python_operator_decorator to 2025-10-09 00:00:00+00:00, run_after=2025-10-10 00:00:00+00:00
[2025-10-10T08:38:29.791+0000] {processor.py:208} INFO - Processing /home/airflow/.local/lib/python3.12/site-packages/airflow/example_dags/example_branch_operator_decorator.py took 0.336 seconds
[2025-10-10T08:39:01.590+0000] {processor.py:186} INFO - Started process (PID=233) to work on /home/airflow/.local/lib/python3.12/site-packages/airflow/example_dags/example_branch_operator_decorator.py
[2025-10-10T08:39:01.593+0000] {processor.py:914} INFO - Processing file /home/airflow/.local/lib/python3.12/site-packages/airflow/example_dags/example_branch_operator_decorator.py for tasks to queue
[2025-10-10T08:39:01.600+0000] {logging_mixin.py:190} INFO - [2025-10-10T08:39:01.599+0000] {dagbag.py:587} INFO - Filling up the DagBag from /home/airflow/.local/lib/python3.12/site-packages/airflow/example_dags/example_branch_operator_decorator.py
[2025-10-10T08:39:01.672+0000] {processor.py:925} INFO - DAG(s) 'example_branch_python_operator_decorator' retrieved from /home/airflow/.local/lib/python3.12/site-packages/airflow/example_dags/example_branch_operator_decorator.py
[2025-10-10T08:39:01.762+0000] {logging_mixin.py:190} INFO - [2025-10-10T08:39:01.762+0000] {dag.py:3211} INFO - Sync 1 DAGs
[2025-10-10T08:39:01.833+0000] {logging_mixin.py:190} INFO - [2025-10-10T08:39:01.832+0000] {dag.py:4138} INFO - Setting next_dagrun for example_branch_python_operator_decorator to 2025-10-09 00:00:00+00:00, run_after=2025-10-10 00:00:00+00:00
[2025-10-10T08:39:01.883+0000] {processor.py:208} INFO - Processing /home/airflow/.local/lib/python3.12/site-packages/airflow/example_dags/example_branch_operator_decorator.py took 0.310 seconds
[2025-10-10T08:39:32.027+0000] {processor.py:186} INFO - Started process (PID=296) to work on /home/airflow/.local/lib/python3.12/site-packages/airflow/example_dags/example_branch_operator_decorator.py
[2025-10-10T08:39:32.030+0000] {processor.py:914} INFO - Processing file /home/airflow/.local/lib/python3.12/site-packages/airflow/example_dags/example_branch_operator_decorator.py for tasks to queue
[2025-10-10T08:39:32.037+0000] {logging_mixin.py:190} INFO - [2025-10-10T08:39:32.036+0000] {dagbag.py:587} INFO - Filling up the DagBag from /home/airflow/.local/lib/python3.12/site-packages/airflow/example_dags/example_branch_operator_decorator.py
[2025-10-10T08:39:32.103+0000] {processor.py:925} INFO - DAG(s) 'example_branch_python_operator_decorator' retrieved from /home/airflow/.local/lib/python3.12/site-packages/airflow/example_dags/example_branch_operator_decorator.py
[2025-10-10T08:39:32.194+0000] {logging_mixin.py:190} INFO - [2025-10-10T08:39:32.194+0000] {dag.py:3211} INFO - Sync 1 DAGs
[2025-10-10T08:39:32.269+0000] {logging_mixin.py:190} INFO - [2025-10-10T08:39:32.268+0000] {dag.py:4138} INFO - Setting next_dagrun for example_branch_python_operator_decorator to 2025-10-09 00:00:00+00:00, run_after=2025-10-10 00:00:00+00:00
[2025-10-10T08:39:32.324+0000] {processor.py:208} INFO - Processing /home/airflow/.local/lib/python3.12/site-packages/airflow/example_dags/example_branch_operator_decorator.py took 0.317 seconds
[2025-10-10T08:40:04.501+0000] {processor.py:186} INFO - Started process (PID=359) to work on /home/airflow/.local/lib/python3.12/site-packages/airflow/example_dags/example_branch_operator_decorator.py
[2025-10-10T08:40:04.507+0000] {processor.py:914} INFO - Processing file /home/airflow/.local/lib/python3.12/site-packages/airflow/example_dags/example_branch_operator_decorator.py for tasks to queue
[2025-10-10T08:40:04.521+0000] {logging_mixin.py:190} INFO - [2025-10-10T08:40:04.519+0000] {dagbag.py:587} INFO - Filling up the DagBag from /home/airflow/.local/lib/python3.12/site-packages/airflow/example_dags/example_branch_operator_decorator.py
[2025-10-10T08:40:04.654+0000] {processor.py:925} INFO - DAG(s) 'example_branch_python_operator_decorator' retrieved from /home/airflow/.local/lib/python3.12/site-packages/airflow/example_dags/example_branch_operator_decorator.py
[2025-10-10T08:40:04.816+0000] {logging_mixin.py:190} INFO - [2025-10-10T08:40:04.815+0000] {dag.py:3211} INFO - Sync 1 DAGs
[2025-10-10T08:40:04.966+0000] {logging_mixin.py:190} INFO - [2025-10-10T08:40:04.964+0000] {dag.py:4138} INFO - Setting next_dagrun for example_branch_python_operator_decorator to 2025-10-09 00:00:00+00:00, run_after=2025-10-10 00:00:00+00:00
[2025-10-10T08:40:05.075+0000] {processor.py:208} INFO - Processing /home/airflow/.local/lib/python3.12/site-packages/airflow/example_dags/example_branch_operator_decorator.py took 0.609 seconds
[2025-10-10T08:40:35.595+0000] {processor.py:186} INFO - Started process (PID=422) to work on /home/airflow/.local/lib/python3.12/site-packages/airflow/example_dags/example_branch_operator_decorator.py
[2025-10-10T08:40:35.598+0000] {processor.py:914} INFO - Processing file /home/airflow/.local/lib/python3.12/site-packages/airflow/example_dags/example_branch_operator_decorator.py for tasks to queue
[2025-10-10T08:40:35.606+0000] {logging_mixin.py:190} INFO - [2025-10-10T08:40:35.605+0000] {dagbag.py:587} INFO - Filling up the DagBag from /home/airflow/.local/lib/python3.12/site-packages/airflow/example_dags/example_branch_operator_decorator.py
[2025-10-10T08:40:35.691+0000] {processor.py:925} INFO - DAG(s) 'example_branch_python_operator_decorator' retrieved from /home/airflow/.local/lib/python3.12/site-packages/airflow/example_dags/example_branch_operator_decorator.py
[2025-10-10T08:40:35.824+0000] {logging_mixin.py:190} INFO - [2025-10-10T08:40:35.823+0000] {dag.py:3211} INFO - Sync 1 DAGs
[2025-10-10T08:40:35.940+0000] {logging_mixin.py:190} INFO - [2025-10-10T08:40:35.939+0000] {dag.py:4138} INFO - Setting next_dagrun for example_branch_python_operator_decorator to 2025-10-09 00:00:00+00:00, run_after=2025-10-10 00:00:00+00:00
[2025-10-10T08:40:36.027+0000] {processor.py:208} INFO - Processing /home/airflow/.local/lib/python3.12/site-packages/airflow/example_dags/example_branch_operator_decorator.py took 0.452 seconds
[2025-10-10T08:41:07.519+0000] {processor.py:186} INFO - Started process (PID=485) to work on /home/airflow/.local/lib/python3.12/site-packages/airflow/example_dags/example_branch_operator_decorator.py
[2025-10-10T08:41:07.525+0000] {processor.py:914} INFO - Processing file /home/airflow/.local/lib/python3.12/site-packages/airflow/example_dags/example_branch_operator_decorator.py for tasks to queue
[2025-10-10T08:41:07.539+0000] {logging_mixin.py:190} INFO - [2025-10-10T08:41:07.537+0000] {dagbag.py:587} INFO - Filling up the DagBag from /home/airflow/.local/lib/python3.12/site-packages/airflow/example_dags/example_branch_operator_decorator.py
[2025-10-10T08:41:07.655+0000] {processor.py:925} INFO - DAG(s) 'example_branch_python_operator_decorator' retrieved from /home/airflow/.local/lib/python3.12/site-packages/airflow/example_dags/example_branch_operator_decorator.py
[2025-10-10T08:41:07.812+0000] {logging_mixin.py:190} INFO - [2025-10-10T08:41:07.811+0000] {dag.py:3211} INFO - Sync 1 DAGs
[2025-10-10T08:41:07.960+0000] {logging_mixin.py:190} INFO - [2025-10-10T08:41:07.959+0000] {dag.py:4138} INFO - Setting next_dagrun for example_branch_python_operator_decorator to 2025-10-09 00:00:00+00:00, run_after=2025-10-10 00:00:00+00:00
[2025-10-10T08:41:08.061+0000] {processor.py:208} INFO - Processing /home/airflow/.local/lib/python3.12/site-packages/airflow/example_dags/example_branch_operator_decorator.py took 0.576 seconds
[2025-10-10T08:41:38.928+0000] {processor.py:186} INFO - Started process (PID=548) to work on /home/airflow/.local/lib/python3.12/site-packages/airflow/example_dags/example_branch_operator_decorator.py
[2025-10-10T08:41:38.931+0000] {processor.py:914} INFO - Processing file /home/airflow/.local/lib/python3.12/site-packages/airflow/example_dags/example_branch_operator_decorator.py for tasks to queue
[2025-10-10T08:41:38.946+0000] {logging_mixin.py:190} INFO - [2025-10-10T08:41:38.944+0000] {dagbag.py:587} INFO - Filling up the DagBag from /home/airflow/.local/lib/python3.12/site-packages/airflow/example_dags/example_branch_operator_decorator.py
[2025-10-10T08:41:39.024+0000] {processor.py:925} INFO - DAG(s) 'example_branch_python_operator_decorator' retrieved from /home/airflow/.local/lib/python3.12/site-packages/airflow/example_dags/example_branch_operator_decorator.py
[2025-10-10T08:41:39.108+0000] {logging_mixin.py:190} INFO - [2025-10-10T08:41:39.107+0000] {dag.py:3211} INFO - Sync 1 DAGs
[2025-10-10T08:41:39.162+0000] {logging_mixin.py:190} INFO - [2025-10-10T08:41:39.161+0000] {dag.py:4138} INFO - Setting next_dagrun for example_branch_python_operator_decorator to 2025-10-09 00:00:00+00:00, run_after=2025-10-10 00:00:00+00:00
[2025-10-10T08:41:39.208+0000] {processor.py:208} INFO - Processing /home/airflow/.local/lib/python3.12/site-packages/airflow/example_dags/example_branch_operator_decorator.py took 0.309 seconds
[2025-10-10T08:42:10.325+0000] {processor.py:186} INFO - Started process (PID=617) to work on /home/airflow/.local/lib/python3.12/site-packages/airflow/example_dags/example_branch_operator_decorator.py
[2025-10-10T08:42:10.329+0000] {processor.py:914} INFO - Processing file /home/airflow/.local/lib/python3.12/site-packages/airflow/example_dags/example_branch_operator_decorator.py for tasks to queue
[2025-10-10T08:42:10.336+0000] {logging_mixin.py:190} INFO - [2025-10-10T08:42:10.335+0000] {dagbag.py:587} INFO - Filling up the DagBag from /home/airflow/.local/lib/python3.12/site-packages/airflow/example_dags/example_branch_operator_decorator.py
[2025-10-10T08:42:10.500+0000] {processor.py:925} INFO - DAG(s) 'example_branch_python_operator_decorator' retrieved from /home/airflow/.local/lib/python3.12/site-packages/airflow/example_dags/example_branch_operator_decorator.py
[2025-10-10T08:42:10.651+0000] {logging_mixin.py:190} INFO - [2025-10-10T08:42:10.650+0000] {dag.py:3211} INFO - Sync 1 DAGs
[2025-10-10T08:42:10.873+0000] {logging_mixin.py:190} INFO - [2025-10-10T08:42:10.872+0000] {dag.py:4138} INFO - Setting next_dagrun for example_branch_python_operator_decorator to 2025-10-09 00:00:00+00:00, run_after=2025-10-10 00:00:00+00:00
[2025-10-10T08:42:10.980+0000] {processor.py:208} INFO - Processing /home/airflow/.local/lib/python3.12/site-packages/airflow/example_dags/example_branch_operator_decorator.py took 0.675 seconds
[2025-10-10T08:42:41.178+0000] {processor.py:186} INFO - Started process (PID=680) to work on /home/airflow/.local/lib/python3.12/site-packages/airflow/example_dags/example_branch_operator_decorator.py
[2025-10-10T08:42:41.182+0000] {processor.py:914} INFO - Processing file /home/airflow/.local/lib/python3.12/site-packages/airflow/example_dags/example_branch_operator_decorator.py for tasks to queue
[2025-10-10T08:42:41.191+0000] {logging_mixin.py:190} INFO - [2025-10-10T08:42:41.189+0000] {dagbag.py:587} INFO - Filling up the DagBag from /home/airflow/.local/lib/python3.12/site-packages/airflow/example_dags/example_branch_operator_decorator.py
[2025-10-10T08:42:41.263+0000] {processor.py:925} INFO - DAG(s) 'example_branch_python_operator_decorator' retrieved from /home/airflow/.local/lib/python3.12/site-packages/airflow/example_dags/example_branch_operator_decorator.py
[2025-10-10T08:42:41.340+0000] {logging_mixin.py:190} INFO - [2025-10-10T08:42:41.339+0000] {dag.py:3211} INFO - Sync 1 DAGs
[2025-10-10T08:42:41.393+0000] {logging_mixin.py:190} INFO - [2025-10-10T08:42:41.393+0000] {dag.py:4138} INFO - Setting next_dagrun for example_branch_python_operator_decorator to 2025-10-09 00:00:00+00:00, run_after=2025-10-10 00:00:00+00:00
[2025-10-10T08:42:41.449+0000] {processor.py:208} INFO - Processing /home/airflow/.local/lib/python3.12/site-packages/airflow/example_dags/example_branch_operator_decorator.py took 0.288 seconds
[2025-10-10T08:43:11.724+0000] {processor.py:186} INFO - Started process (PID=743) to work on /home/airflow/.local/lib/python3.12/site-packages/airflow/example_dags/example_branch_operator_decorator.py
[2025-10-10T08:43:11.726+0000] {processor.py:914} INFO - Processing file /home/airflow/.local/lib/python3.12/site-packages/airflow/example_dags/example_branch_operator_decorator.py for tasks to queue
[2025-10-10T08:43:11.732+0000] {logging_mixin.py:190} INFO - [2025-10-10T08:43:11.731+0000] {dagbag.py:587} INFO - Filling up the DagBag from /home/airflow/.local/lib/python3.12/site-packages/airflow/example_dags/example_branch_operator_decorator.py
[2025-10-10T08:43:11.787+0000] {processor.py:925} INFO - DAG(s) 'example_branch_python_operator_decorator' retrieved from /home/airflow/.local/lib/python3.12/site-packages/airflow/example_dags/example_branch_operator_decorator.py
[2025-10-10T08:43:11.850+0000] {logging_mixin.py:190} INFO - [2025-10-10T08:43:11.850+0000] {dag.py:3211} INFO - Sync 1 DAGs
[2025-10-10T08:43:11.897+0000] {logging_mixin.py:190} INFO - [2025-10-10T08:43:11.897+0000] {dag.py:4138} INFO - Setting next_dagrun for example_branch_python_operator_decorator to 2025-10-09 00:00:00+00:00, run_after=2025-10-10 00:00:00+00:00
[2025-10-10T08:43:11.938+0000] {processor.py:208} INFO - Processing /home/airflow/.local/lib/python3.12/site-packages/airflow/example_dags/example_branch_operator_decorator.py took 0.227 seconds
[2025-10-10T08:43:42.256+0000] {processor.py:186} INFO - Started process (PID=805) to work on /home/airflow/.local/lib/python3.12/site-packages/airflow/example_dags/example_branch_operator_decorator.py
[2025-10-10T08:43:42.259+0000] {processor.py:914} INFO - Processing file /home/airflow/.local/lib/python3.12/site-packages/airflow/example_dags/example_branch_operator_decorator.py for tasks to queue
[2025-10-10T08:43:42.266+0000] {logging_mixin.py:190} INFO - [2025-10-10T08:43:42.265+0000] {dagbag.py:587} INFO - Filling up the DagBag from /home/airflow/.local/lib/python3.12/site-packages/airflow/example_dags/example_branch_operator_decorator.py
[2025-10-10T08:43:42.323+0000] {processor.py:925} INFO - DAG(s) 'example_branch_python_operator_decorator' retrieved from /home/airflow/.local/lib/python3.12/site-packages/airflow/example_dags/example_branch_operator_decorator.py
[2025-10-10T08:43:42.408+0000] {logging_mixin.py:190} INFO - [2025-10-10T08:43:42.407+0000] {dag.py:3211} INFO - Sync 1 DAGs
[2025-10-10T08:43:42.538+0000] {logging_mixin.py:190} INFO - [2025-10-10T08:43:42.537+0000] {dag.py:4138} INFO - Setting next_dagrun for example_branch_python_operator_decorator to 2025-10-09 00:00:00+00:00, run_after=2025-10-10 00:00:00+00:00
[2025-10-10T08:43:42.661+0000] {processor.py:208} INFO - Processing /home/airflow/.local/lib/python3.12/site-packages/airflow/example_dags/example_branch_operator_decorator.py took 0.422 seconds
[2025-10-10T08:44:13.599+0000] {processor.py:186} INFO - Started process (PID=867) to work on /home/airflow/.local/lib/python3.12/site-packages/airflow/example_dags/example_branch_operator_decorator.py
[2025-10-10T08:44:13.603+0000] {processor.py:914} INFO - Processing file /home/airflow/.local/lib/python3.12/site-packages/airflow/example_dags/example_branch_operator_decorator.py for tasks to queue
[2025-10-10T08:44:13.609+0000] {logging_mixin.py:190} INFO - [2025-10-10T08:44:13.608+0000] {dagbag.py:587} INFO - Filling up the DagBag from /home/airflow/.local/lib/python3.12/site-packages/airflow/example_dags/example_branch_operator_decorator.py
[2025-10-10T08:44:13.686+0000] {processor.py:925} INFO - DAG(s) 'example_branch_python_operator_decorator' retrieved from /home/airflow/.local/lib/python3.12/site-packages/airflow/example_dags/example_branch_operator_decorator.py
[2025-10-10T08:44:13.810+0000] {logging_mixin.py:190} INFO - [2025-10-10T08:44:13.809+0000] {dag.py:3211} INFO - Sync 1 DAGs
[2025-10-10T08:44:13.903+0000] {logging_mixin.py:190} INFO - [2025-10-10T08:44:13.902+0000] {dag.py:4138} INFO - Setting next_dagrun for example_branch_python_operator_decorator to 2025-10-09 00:00:00+00:00, run_after=2025-10-10 00:00:00+00:00
[2025-10-10T08:44:13.969+0000] {processor.py:208} INFO - Processing /home/airflow/.local/lib/python3.12/site-packages/airflow/example_dags/example_branch_operator_decorator.py took 0.396 seconds
[2025-10-10T08:44:46.337+0000] {processor.py:186} INFO - Started process (PID=931) to work on /home/airflow/.local/lib/python3.12/site-packages/airflow/example_dags/example_branch_operator_decorator.py
[2025-10-10T08:44:46.339+0000] {processor.py:914} INFO - Processing file /home/airflow/.local/lib/python3.12/site-packages/airflow/example_dags/example_branch_operator_decorator.py for tasks to queue
[2025-10-10T08:44:46.346+0000] {logging_mixin.py:190} INFO - [2025-10-10T08:44:46.345+0000] {dagbag.py:587} INFO - Filling up the DagBag from /home/airflow/.local/lib/python3.12/site-packages/airflow/example_dags/example_branch_operator_decorator.py
[2025-10-10T08:44:46.412+0000] {processor.py:925} INFO - DAG(s) 'example_branch_python_operator_decorator' retrieved from /home/airflow/.local/lib/python3.12/site-packages/airflow/example_dags/example_branch_operator_decorator.py
[2025-10-10T08:44:46.503+0000] {logging_mixin.py:190} INFO - [2025-10-10T08:44:46.502+0000] {dag.py:3211} INFO - Sync 1 DAGs
[2025-10-10T08:44:46.564+0000] {logging_mixin.py:190} INFO - [2025-10-10T08:44:46.563+0000] {dag.py:4138} INFO - Setting next_dagrun for example_branch_python_operator_decorator to 2025-10-09 00:00:00+00:00, run_after=2025-10-10 00:00:00+00:00
[2025-10-10T08:44:46.617+0000] {processor.py:208} INFO - Processing /home/airflow/.local/lib/python3.12/site-packages/airflow/example_dags/example_branch_operator_decorator.py took 0.298 seconds
[2025-10-10T08:45:17.558+0000] {processor.py:186} INFO - Started process (PID=995) to work on /home/airflow/.local/lib/python3.12/site-packages/airflow/example_dags/example_branch_operator_decorator.py
[2025-10-10T08:45:17.562+0000] {processor.py:914} INFO - Processing file /home/airflow/.local/lib/python3.12/site-packages/airflow/example_dags/example_branch_operator_decorator.py for tasks to queue
[2025-10-10T08:45:17.570+0000] {logging_mixin.py:190} INFO - [2025-10-10T08:45:17.569+0000] {dagbag.py:587} INFO - Filling up the DagBag from /home/airflow/.local/lib/python3.12/site-packages/airflow/example_dags/example_branch_operator_decorator.py
[2025-10-10T08:45:17.648+0000] {processor.py:925} INFO - DAG(s) 'example_branch_python_operator_decorator' retrieved from /home/airflow/.local/lib/python3.12/site-packages/airflow/example_dags/example_branch_operator_decorator.py
[2025-10-10T08:45:17.750+0000] {logging_mixin.py:190} INFO - [2025-10-10T08:45:17.749+0000] {dag.py:3211} INFO - Sync 1 DAGs
[2025-10-10T08:45:17.824+0000] {logging_mixin.py:190} INFO - [2025-10-10T08:45:17.823+0000] {dag.py:4138} INFO - Setting next_dagrun for example_branch_python_operator_decorator to 2025-10-09 00:00:00+00:00, run_after=2025-10-10 00:00:00+00:00
[2025-10-10T08:45:17.877+0000] {processor.py:208} INFO - Processing /home/airflow/.local/lib/python3.12/site-packages/airflow/example_dags/example_branch_operator_decorator.py took 0.338 seconds
[2025-10-10T08:45:48.045+0000] {processor.py:186} INFO - Started process (PID=1057) to work on /home/airflow/.local/lib/python3.12/site-packages/airflow/example_dags/example_branch_operator_decorator.py
[2025-10-10T08:45:48.048+0000] {processor.py:914} INFO - Processing file /home/airflow/.local/lib/python3.12/site-packages/airflow/example_dags/example_branch_operator_decorator.py for tasks to queue
[2025-10-10T08:45:48.055+0000] {logging_mixin.py:190} INFO - [2025-10-10T08:45:48.054+0000] {dagbag.py:587} INFO - Filling up the DagBag from /home/airflow/.local/lib/python3.12/site-packages/airflow/example_dags/example_branch_operator_decorator.py
[2025-10-10T08:45:48.111+0000] {processor.py:925} INFO - DAG(s) 'example_branch_python_operator_decorator' retrieved from /home/airflow/.local/lib/python3.12/site-packages/airflow/example_dags/example_branch_operator_decorator.py
[2025-10-10T08:45:48.190+0000] {logging_mixin.py:190} INFO - [2025-10-10T08:45:48.190+0000] {dag.py:3211} INFO - Sync 1 DAGs
[2025-10-10T08:45:48.257+0000] {logging_mixin.py:190} INFO - [2025-10-10T08:45:48.257+0000] {dag.py:4138} INFO - Setting next_dagrun for example_branch_python_operator_decorator to 2025-10-09 00:00:00+00:00, run_after=2025-10-10 00:00:00+00:00
[2025-10-10T08:45:48.314+0000] {processor.py:208} INFO - Processing /home/airflow/.local/lib/python3.12/site-packages/airflow/example_dags/example_branch_operator_decorator.py took 0.290 seconds
[2025-10-10T08:46:19.286+0000] {processor.py:186} INFO - Started process (PID=1120) to work on /home/airflow/.local/lib/python3.12/site-packages/airflow/example_dags/example_branch_operator_decorator.py
[2025-10-10T08:46:19.289+0000] {processor.py:914} INFO - Processing file /home/airflow/.local/lib/python3.12/site-packages/airflow/example_dags/example_branch_operator_decorator.py for tasks to queue
[2025-10-10T08:46:19.298+0000] {logging_mixin.py:190} INFO - [2025-10-10T08:46:19.297+0000] {dagbag.py:587} INFO - Filling up the DagBag from /home/airflow/.local/lib/python3.12/site-packages/airflow/example_dags/example_branch_operator_decorator.py
[2025-10-10T08:46:19.373+0000] {processor.py:925} INFO - DAG(s) 'example_branch_python_operator_decorator' retrieved from /home/airflow/.local/lib/python3.12/site-packages/airflow/example_dags/example_branch_operator_decorator.py
[2025-10-10T08:46:19.444+0000] {logging_mixin.py:190} INFO - [2025-10-10T08:46:19.443+0000] {dag.py:3211} INFO - Sync 1 DAGs
[2025-10-10T08:46:19.507+0000] {logging_mixin.py:190} INFO - [2025-10-10T08:46:19.507+0000] {dag.py:4138} INFO - Setting next_dagrun for example_branch_python_operator_decorator to 2025-10-09 00:00:00+00:00, run_after=2025-10-10 00:00:00+00:00
[2025-10-10T08:46:19.769+0000] {processor.py:208} INFO - Processing /home/airflow/.local/lib/python3.12/site-packages/airflow/example_dags/example_branch_operator_decorator.py took 0.504 seconds
[2025-10-10T08:46:50.166+0000] {processor.py:186} INFO - Started process (PID=1183) to work on /home/airflow/.local/lib/python3.12/site-packages/airflow/example_dags/example_branch_operator_decorator.py
[2025-10-10T08:46:50.170+0000] {processor.py:914} INFO - Processing file /home/airflow/.local/lib/python3.12/site-packages/airflow/example_dags/example_branch_operator_decorator.py for tasks to queue
[2025-10-10T08:46:50.177+0000] {logging_mixin.py:190} INFO - [2025-10-10T08:46:50.176+0000] {dagbag.py:587} INFO - Filling up the DagBag from /home/airflow/.local/lib/python3.12/site-packages/airflow/example_dags/example_branch_operator_decorator.py
[2025-10-10T08:46:50.239+0000] {processor.py:925} INFO - DAG(s) 'example_branch_python_operator_decorator' retrieved from /home/airflow/.local/lib/python3.12/site-packages/airflow/example_dags/example_branch_operator_decorator.py
[2025-10-10T08:46:50.320+0000] {logging_mixin.py:190} INFO - [2025-10-10T08:46:50.319+0000] {dag.py:3211} INFO - Sync 1 DAGs
[2025-10-10T08:46:50.384+0000] {logging_mixin.py:190} INFO - [2025-10-10T08:46:50.383+0000] {dag.py:4138} INFO - Setting next_dagrun for example_branch_python_operator_decorator to 2025-10-09 00:00:00+00:00, run_after=2025-10-10 00:00:00+00:00
[2025-10-10T08:46:50.458+0000] {processor.py:208} INFO - Processing /home/airflow/.local/lib/python3.12/site-packages/airflow/example_dags/example_branch_operator_decorator.py took 0.312 seconds
[2025-10-10T08:47:22.941+0000] {processor.py:186} INFO - Started process (PID=1246) to work on /home/airflow/.local/lib/python3.12/site-packages/airflow/example_dags/example_branch_operator_decorator.py
[2025-10-10T08:47:22.944+0000] {processor.py:914} INFO - Processing file /home/airflow/.local/lib/python3.12/site-packages/airflow/example_dags/example_branch_operator_decorator.py for tasks to queue
[2025-10-10T08:47:22.950+0000] {logging_mixin.py:190} INFO - [2025-10-10T08:47:22.949+0000] {dagbag.py:587} INFO - Filling up the DagBag from /home/airflow/.local/lib/python3.12/site-packages/airflow/example_dags/example_branch_operator_decorator.py
[2025-10-10T08:47:23.000+0000] {processor.py:925} INFO - DAG(s) 'example_branch_python_operator_decorator' retrieved from /home/airflow/.local/lib/python3.12/site-packages/airflow/example_dags/example_branch_operator_decorator.py
[2025-10-10T08:47:23.081+0000] {logging_mixin.py:190} INFO - [2025-10-10T08:47:23.081+0000] {dag.py:3211} INFO - Sync 1 DAGs
[2025-10-10T08:47:23.139+0000] {logging_mixin.py:190} INFO - [2025-10-10T08:47:23.138+0000] {dag.py:4138} INFO - Setting next_dagrun for example_branch_python_operator_decorator to 2025-10-09 00:00:00+00:00, run_after=2025-10-10 00:00:00+00:00
[2025-10-10T08:47:23.180+0000] {processor.py:208} INFO - Processing /home/airflow/.local/lib/python3.12/site-packages/airflow/example_dags/example_branch_operator_decorator.py took 0.253 seconds
[2025-10-10T08:47:53.951+0000] {processor.py:186} INFO - Started process (PID=1309) to work on /home/airflow/.local/lib/python3.12/site-packages/airflow/example_dags/example_branch_operator_decorator.py
[2025-10-10T08:47:53.954+0000] {processor.py:914} INFO - Processing file /home/airflow/.local/lib/python3.12/site-packages/airflow/example_dags/example_branch_operator_decorator.py for tasks to queue
[2025-10-10T08:47:53.961+0000] {logging_mixin.py:190} INFO - [2025-10-10T08:47:53.960+0000] {dagbag.py:587} INFO - Filling up the DagBag from /home/airflow/.local/lib/python3.12/site-packages/airflow/example_dags/example_branch_operator_decorator.py
[2025-10-10T08:47:54.011+0000] {processor.py:925} INFO - DAG(s) 'example_branch_python_operator_decorator' retrieved from /home/airflow/.local/lib/python3.12/site-packages/airflow/example_dags/example_branch_operator_decorator.py
[2025-10-10T08:47:54.089+0000] {logging_mixin.py:190} INFO - [2025-10-10T08:47:54.088+0000] {dag.py:3211} INFO - Sync 1 DAGs
[2025-10-10T08:47:54.139+0000] {logging_mixin.py:190} INFO - [2025-10-10T08:47:54.138+0000] {dag.py:4138} INFO - Setting next_dagrun for example_branch_python_operator_decorator to 2025-10-09 00:00:00+00:00, run_after=2025-10-10 00:00:00+00:00
[2025-10-10T08:47:54.187+0000] {processor.py:208} INFO - Processing /home/airflow/.local/lib/python3.12/site-packages/airflow/example_dags/example_branch_operator_decorator.py took 0.251 seconds
[2025-10-10T08:48:24.572+0000] {processor.py:186} INFO - Started process (PID=1372) to work on /home/airflow/.local/lib/python3.12/site-packages/airflow/example_dags/example_branch_operator_decorator.py
[2025-10-10T08:48:24.575+0000] {processor.py:914} INFO - Processing file /home/airflow/.local/lib/python3.12/site-packages/airflow/example_dags/example_branch_operator_decorator.py for tasks to queue
[2025-10-10T08:48:24.584+0000] {logging_mixin.py:190} INFO - [2025-10-10T08:48:24.583+0000] {dagbag.py:587} INFO - Filling up the DagBag from /home/airflow/.local/lib/python3.12/site-packages/airflow/example_dags/example_branch_operator_decorator.py
[2025-10-10T08:48:24.666+0000] {processor.py:925} INFO - DAG(s) 'example_branch_python_operator_decorator' retrieved from /home/airflow/.local/lib/python3.12/site-packages/airflow/example_dags/example_branch_operator_decorator.py
[2025-10-10T08:48:24.738+0000] {logging_mixin.py:190} INFO - [2025-10-10T08:48:24.737+0000] {dag.py:3211} INFO - Sync 1 DAGs
[2025-10-10T08:48:24.781+0000] {logging_mixin.py:190} INFO - [2025-10-10T08:48:24.781+0000] {dag.py:4138} INFO - Setting next_dagrun for example_branch_python_operator_decorator to 2025-10-09 00:00:00+00:00, run_after=2025-10-10 00:00:00+00:00
[2025-10-10T08:48:24.819+0000] {processor.py:208} INFO - Processing /home/airflow/.local/lib/python3.12/site-packages/airflow/example_dags/example_branch_operator_decorator.py took 0.264 seconds
[2025-10-10T08:48:55.060+0000] {processor.py:186} INFO - Started process (PID=1434) to work on /home/airflow/.local/lib/python3.12/site-packages/airflow/example_dags/example_branch_operator_decorator.py
[2025-10-10T08:48:55.064+0000] {processor.py:914} INFO - Processing file /home/airflow/.local/lib/python3.12/site-packages/airflow/example_dags/example_branch_operator_decorator.py for tasks to queue
[2025-10-10T08:48:55.071+0000] {logging_mixin.py:190} INFO - [2025-10-10T08:48:55.070+0000] {dagbag.py:587} INFO - Filling up the DagBag from /home/airflow/.local/lib/python3.12/site-packages/airflow/example_dags/example_branch_operator_decorator.py
[2025-10-10T08:48:55.131+0000] {processor.py:925} INFO - DAG(s) 'example_branch_python_operator_decorator' retrieved from /home/airflow/.local/lib/python3.12/site-packages/airflow/example_dags/example_branch_operator_decorator.py
[2025-10-10T08:48:55.213+0000] {logging_mixin.py:190} INFO - [2025-10-10T08:48:55.212+0000] {dag.py:3211} INFO - Sync 1 DAGs
[2025-10-10T08:48:55.279+0000] {logging_mixin.py:190} INFO - [2025-10-10T08:48:55.279+0000] {dag.py:4138} INFO - Setting next_dagrun for example_branch_python_operator_decorator to 2025-10-09 00:00:00+00:00, run_after=2025-10-10 00:00:00+00:00
[2025-10-10T08:48:55.331+0000] {processor.py:208} INFO - Processing /home/airflow/.local/lib/python3.12/site-packages/airflow/example_dags/example_branch_operator_decorator.py took 0.288 seconds
[2025-10-10T08:54:01.530+0000] {processor.py:186} INFO - Started process (PID=116) to work on /home/airflow/.local/lib/python3.12/site-packages/airflow/example_dags/example_branch_operator_decorator.py
[2025-10-10T08:54:01.533+0000] {processor.py:914} INFO - Processing file /home/airflow/.local/lib/python3.12/site-packages/airflow/example_dags/example_branch_operator_decorator.py for tasks to queue
[2025-10-10T08:54:01.539+0000] {logging_mixin.py:190} INFO - [2025-10-10T08:54:01.539+0000] {dagbag.py:587} INFO - Filling up the DagBag from /home/airflow/.local/lib/python3.12/site-packages/airflow/example_dags/example_branch_operator_decorator.py
[2025-10-10T08:54:01.611+0000] {processor.py:925} INFO - DAG(s) 'example_branch_python_operator_decorator' retrieved from /home/airflow/.local/lib/python3.12/site-packages/airflow/example_dags/example_branch_operator_decorator.py
[2025-10-10T08:54:01.976+0000] {logging_mixin.py:190} INFO - [2025-10-10T08:54:01.976+0000] {dag.py:3211} INFO - Sync 1 DAGs
[2025-10-10T08:54:02.064+0000] {logging_mixin.py:190} INFO - [2025-10-10T08:54:02.063+0000] {dag.py:4138} INFO - Setting next_dagrun for example_branch_python_operator_decorator to 2025-10-09 00:00:00+00:00, run_after=2025-10-10 00:00:00+00:00
[2025-10-10T08:54:02.140+0000] {processor.py:208} INFO - Processing /home/airflow/.local/lib/python3.12/site-packages/airflow/example_dags/example_branch_operator_decorator.py took 0.627 seconds
[2025-10-10T08:54:32.517+0000] {processor.py:186} INFO - Started process (PID=180) to work on /home/airflow/.local/lib/python3.12/site-packages/airflow/example_dags/example_branch_operator_decorator.py
[2025-10-10T08:54:32.524+0000] {processor.py:914} INFO - Processing file /home/airflow/.local/lib/python3.12/site-packages/airflow/example_dags/example_branch_operator_decorator.py for tasks to queue
[2025-10-10T08:54:32.542+0000] {logging_mixin.py:190} INFO - [2025-10-10T08:54:32.540+0000] {dagbag.py:587} INFO - Filling up the DagBag from /home/airflow/.local/lib/python3.12/site-packages/airflow/example_dags/example_branch_operator_decorator.py
[2025-10-10T08:54:32.690+0000] {processor.py:925} INFO - DAG(s) 'example_branch_python_operator_decorator' retrieved from /home/airflow/.local/lib/python3.12/site-packages/airflow/example_dags/example_branch_operator_decorator.py
[2025-10-10T08:54:32.907+0000] {logging_mixin.py:190} INFO - [2025-10-10T08:54:32.906+0000] {dag.py:3211} INFO - Sync 1 DAGs
[2025-10-10T08:54:33.054+0000] {logging_mixin.py:190} INFO - [2025-10-10T08:54:33.053+0000] {dag.py:4138} INFO - Setting next_dagrun for example_branch_python_operator_decorator to 2025-10-09 00:00:00+00:00, run_after=2025-10-10 00:00:00+00:00
[2025-10-10T08:54:33.144+0000] {processor.py:208} INFO - Processing /home/airflow/.local/lib/python3.12/site-packages/airflow/example_dags/example_branch_operator_decorator.py took 0.668 seconds
[2025-10-10T08:55:04.102+0000] {processor.py:186} INFO - Started process (PID=243) to work on /home/airflow/.local/lib/python3.12/site-packages/airflow/example_dags/example_branch_operator_decorator.py
[2025-10-10T08:55:04.107+0000] {processor.py:914} INFO - Processing file /home/airflow/.local/lib/python3.12/site-packages/airflow/example_dags/example_branch_operator_decorator.py for tasks to queue
[2025-10-10T08:55:04.120+0000] {logging_mixin.py:190} INFO - [2025-10-10T08:55:04.118+0000] {dagbag.py:587} INFO - Filling up the DagBag from /home/airflow/.local/lib/python3.12/site-packages/airflow/example_dags/example_branch_operator_decorator.py
[2025-10-10T08:55:04.197+0000] {processor.py:925} INFO - DAG(s) 'example_branch_python_operator_decorator' retrieved from /home/airflow/.local/lib/python3.12/site-packages/airflow/example_dags/example_branch_operator_decorator.py
[2025-10-10T08:55:04.324+0000] {logging_mixin.py:190} INFO - [2025-10-10T08:55:04.324+0000] {dag.py:3211} INFO - Sync 1 DAGs
[2025-10-10T08:55:04.404+0000] {logging_mixin.py:190} INFO - [2025-10-10T08:55:04.403+0000] {dag.py:4138} INFO - Setting next_dagrun for example_branch_python_operator_decorator to 2025-10-09 00:00:00+00:00, run_after=2025-10-10 00:00:00+00:00
[2025-10-10T08:55:04.497+0000] {processor.py:208} INFO - Processing /home/airflow/.local/lib/python3.12/site-packages/airflow/example_dags/example_branch_operator_decorator.py took 0.427 seconds
[2025-10-10T08:58:08.184+0000] {processor.py:186} INFO - Started process (PID=111) to work on /home/airflow/.local/lib/python3.12/site-packages/airflow/example_dags/example_branch_operator_decorator.py
[2025-10-10T08:58:08.187+0000] {processor.py:914} INFO - Processing file /home/airflow/.local/lib/python3.12/site-packages/airflow/example_dags/example_branch_operator_decorator.py for tasks to queue
[2025-10-10T08:58:08.193+0000] {logging_mixin.py:190} INFO - [2025-10-10T08:58:08.192+0000] {dagbag.py:587} INFO - Filling up the DagBag from /home/airflow/.local/lib/python3.12/site-packages/airflow/example_dags/example_branch_operator_decorator.py
[2025-10-10T08:58:08.253+0000] {processor.py:925} INFO - DAG(s) 'example_branch_python_operator_decorator' retrieved from /home/airflow/.local/lib/python3.12/site-packages/airflow/example_dags/example_branch_operator_decorator.py
[2025-10-10T08:58:09.318+0000] {logging_mixin.py:190} INFO - [2025-10-10T08:58:09.316+0000] {dag.py:3211} INFO - Sync 1 DAGs
[2025-10-10T08:58:09.489+0000] {logging_mixin.py:190} INFO - [2025-10-10T08:58:09.489+0000] {dag.py:4138} INFO - Setting next_dagrun for example_branch_python_operator_decorator to 2025-10-09 00:00:00+00:00, run_after=2025-10-10 00:00:00+00:00
[2025-10-10T08:58:09.897+0000] {processor.py:208} INFO - Processing /home/airflow/.local/lib/python3.12/site-packages/airflow/example_dags/example_branch_operator_decorator.py took 1.726 seconds
[2025-10-10T08:58:40.239+0000] {processor.py:186} INFO - Started process (PID=175) to work on /home/airflow/.local/lib/python3.12/site-packages/airflow/example_dags/example_branch_operator_decorator.py
[2025-10-10T08:58:40.242+0000] {processor.py:914} INFO - Processing file /home/airflow/.local/lib/python3.12/site-packages/airflow/example_dags/example_branch_operator_decorator.py for tasks to queue
[2025-10-10T08:58:40.249+0000] {logging_mixin.py:190} INFO - [2025-10-10T08:58:40.248+0000] {dagbag.py:587} INFO - Filling up the DagBag from /home/airflow/.local/lib/python3.12/site-packages/airflow/example_dags/example_branch_operator_decorator.py
[2025-10-10T08:58:40.317+0000] {processor.py:925} INFO - DAG(s) 'example_branch_python_operator_decorator' retrieved from /home/airflow/.local/lib/python3.12/site-packages/airflow/example_dags/example_branch_operator_decorator.py
[2025-10-10T08:58:40.407+0000] {logging_mixin.py:190} INFO - [2025-10-10T08:58:40.407+0000] {dag.py:3211} INFO - Sync 1 DAGs
[2025-10-10T08:58:40.498+0000] {logging_mixin.py:190} INFO - [2025-10-10T08:58:40.497+0000] {dag.py:4138} INFO - Setting next_dagrun for example_branch_python_operator_decorator to 2025-10-09 00:00:00+00:00, run_after=2025-10-10 00:00:00+00:00
[2025-10-10T08:58:40.568+0000] {processor.py:208} INFO - Processing /home/airflow/.local/lib/python3.12/site-packages/airflow/example_dags/example_branch_operator_decorator.py took 0.357 seconds
[2025-10-10T09:01:35.097+0000] {processor.py:186} INFO - Started process (PID=110) to work on /home/airflow/.local/lib/python3.12/site-packages/airflow/example_dags/example_branch_operator_decorator.py
[2025-10-10T09:01:35.101+0000] {processor.py:914} INFO - Processing file /home/airflow/.local/lib/python3.12/site-packages/airflow/example_dags/example_branch_operator_decorator.py for tasks to queue
[2025-10-10T09:01:35.110+0000] {logging_mixin.py:190} INFO - [2025-10-10T09:01:35.109+0000] {dagbag.py:587} INFO - Filling up the DagBag from /home/airflow/.local/lib/python3.12/site-packages/airflow/example_dags/example_branch_operator_decorator.py
[2025-10-10T09:01:35.190+0000] {processor.py:925} INFO - DAG(s) 'example_branch_python_operator_decorator' retrieved from /home/airflow/.local/lib/python3.12/site-packages/airflow/example_dags/example_branch_operator_decorator.py
[2025-10-10T09:01:35.497+0000] {logging_mixin.py:190} INFO - [2025-10-10T09:01:35.496+0000] {dag.py:3211} INFO - Sync 1 DAGs
[2025-10-10T09:01:35.546+0000] {logging_mixin.py:190} INFO - [2025-10-10T09:01:35.545+0000] {dag.py:4138} INFO - Setting next_dagrun for example_branch_python_operator_decorator to 2025-10-09 00:00:00+00:00, run_after=2025-10-10 00:00:00+00:00
[2025-10-10T09:01:35.625+0000] {processor.py:208} INFO - Processing /home/airflow/.local/lib/python3.12/site-packages/airflow/example_dags/example_branch_operator_decorator.py took 0.557 seconds
[2025-10-10T09:02:06.808+0000] {processor.py:186} INFO - Started process (PID=173) to work on /home/airflow/.local/lib/python3.12/site-packages/airflow/example_dags/example_branch_operator_decorator.py
[2025-10-10T09:02:06.813+0000] {processor.py:914} INFO - Processing file /home/airflow/.local/lib/python3.12/site-packages/airflow/example_dags/example_branch_operator_decorator.py for tasks to queue
[2025-10-10T09:02:06.828+0000] {logging_mixin.py:190} INFO - [2025-10-10T09:02:06.826+0000] {dagbag.py:587} INFO - Filling up the DagBag from /home/airflow/.local/lib/python3.12/site-packages/airflow/example_dags/example_branch_operator_decorator.py
[2025-10-10T09:02:06.910+0000] {processor.py:925} INFO - DAG(s) 'example_branch_python_operator_decorator' retrieved from /home/airflow/.local/lib/python3.12/site-packages/airflow/example_dags/example_branch_operator_decorator.py
[2025-10-10T09:02:07.007+0000] {logging_mixin.py:190} INFO - [2025-10-10T09:02:07.006+0000] {dag.py:3211} INFO - Sync 1 DAGs
[2025-10-10T09:02:07.057+0000] {logging_mixin.py:190} INFO - [2025-10-10T09:02:07.057+0000] {dag.py:4138} INFO - Setting next_dagrun for example_branch_python_operator_decorator to 2025-10-09 00:00:00+00:00, run_after=2025-10-10 00:00:00+00:00
[2025-10-10T09:02:07.334+0000] {processor.py:208} INFO - Processing /home/airflow/.local/lib/python3.12/site-packages/airflow/example_dags/example_branch_operator_decorator.py took 0.559 seconds
[2025-10-10T09:02:37.920+0000] {processor.py:186} INFO - Started process (PID=236) to work on /home/airflow/.local/lib/python3.12/site-packages/airflow/example_dags/example_branch_operator_decorator.py
[2025-10-10T09:02:37.923+0000] {processor.py:914} INFO - Processing file /home/airflow/.local/lib/python3.12/site-packages/airflow/example_dags/example_branch_operator_decorator.py for tasks to queue
[2025-10-10T09:02:37.934+0000] {logging_mixin.py:190} INFO - [2025-10-10T09:02:37.933+0000] {dagbag.py:587} INFO - Filling up the DagBag from /home/airflow/.local/lib/python3.12/site-packages/airflow/example_dags/example_branch_operator_decorator.py
[2025-10-10T09:02:37.989+0000] {processor.py:925} INFO - DAG(s) 'example_branch_python_operator_decorator' retrieved from /home/airflow/.local/lib/python3.12/site-packages/airflow/example_dags/example_branch_operator_decorator.py
[2025-10-10T09:02:38.097+0000] {logging_mixin.py:190} INFO - [2025-10-10T09:02:38.096+0000] {dag.py:3211} INFO - Sync 1 DAGs
[2025-10-10T09:02:38.172+0000] {logging_mixin.py:190} INFO - [2025-10-10T09:02:38.172+0000] {dag.py:4138} INFO - Setting next_dagrun for example_branch_python_operator_decorator to 2025-10-09 00:00:00+00:00, run_after=2025-10-10 00:00:00+00:00
[2025-10-10T09:02:38.251+0000] {processor.py:208} INFO - Processing /home/airflow/.local/lib/python3.12/site-packages/airflow/example_dags/example_branch_operator_decorator.py took 0.349 seconds
[2025-10-10T09:03:08.742+0000] {processor.py:186} INFO - Started process (PID=300) to work on /home/airflow/.local/lib/python3.12/site-packages/airflow/example_dags/example_branch_operator_decorator.py
[2025-10-10T09:03:08.744+0000] {processor.py:914} INFO - Processing file /home/airflow/.local/lib/python3.12/site-packages/airflow/example_dags/example_branch_operator_decorator.py for tasks to queue
[2025-10-10T09:03:08.751+0000] {logging_mixin.py:190} INFO - [2025-10-10T09:03:08.750+0000] {dagbag.py:587} INFO - Filling up the DagBag from /home/airflow/.local/lib/python3.12/site-packages/airflow/example_dags/example_branch_operator_decorator.py
[2025-10-10T09:03:08.796+0000] {processor.py:925} INFO - DAG(s) 'example_branch_python_operator_decorator' retrieved from /home/airflow/.local/lib/python3.12/site-packages/airflow/example_dags/example_branch_operator_decorator.py
[2025-10-10T09:03:09.024+0000] {logging_mixin.py:190} INFO - [2025-10-10T09:03:09.023+0000] {dag.py:3211} INFO - Sync 1 DAGs
[2025-10-10T09:03:09.176+0000] {logging_mixin.py:190} INFO - [2025-10-10T09:03:09.175+0000] {dag.py:4138} INFO - Setting next_dagrun for example_branch_python_operator_decorator to 2025-10-09 00:00:00+00:00, run_after=2025-10-10 00:00:00+00:00
[2025-10-10T09:03:09.253+0000] {processor.py:208} INFO - Processing /home/airflow/.local/lib/python3.12/site-packages/airflow/example_dags/example_branch_operator_decorator.py took 0.530 seconds
[2025-10-10T09:03:40.701+0000] {processor.py:186} INFO - Started process (PID=363) to work on /home/airflow/.local/lib/python3.12/site-packages/airflow/example_dags/example_branch_operator_decorator.py
[2025-10-10T09:03:40.706+0000] {processor.py:914} INFO - Processing file /home/airflow/.local/lib/python3.12/site-packages/airflow/example_dags/example_branch_operator_decorator.py for tasks to queue
[2025-10-10T09:03:40.714+0000] {logging_mixin.py:190} INFO - [2025-10-10T09:03:40.713+0000] {dagbag.py:587} INFO - Filling up the DagBag from /home/airflow/.local/lib/python3.12/site-packages/airflow/example_dags/example_branch_operator_decorator.py
[2025-10-10T09:03:40.817+0000] {processor.py:925} INFO - DAG(s) 'example_branch_python_operator_decorator' retrieved from /home/airflow/.local/lib/python3.12/site-packages/airflow/example_dags/example_branch_operator_decorator.py
[2025-10-10T09:03:40.935+0000] {logging_mixin.py:190} INFO - [2025-10-10T09:03:40.934+0000] {dag.py:3211} INFO - Sync 1 DAGs
[2025-10-10T09:03:41.040+0000] {logging_mixin.py:190} INFO - [2025-10-10T09:03:41.039+0000] {dag.py:4138} INFO - Setting next_dagrun for example_branch_python_operator_decorator to 2025-10-09 00:00:00+00:00, run_after=2025-10-10 00:00:00+00:00
[2025-10-10T09:03:41.170+0000] {processor.py:208} INFO - Processing /home/airflow/.local/lib/python3.12/site-packages/airflow/example_dags/example_branch_operator_decorator.py took 0.490 seconds
[2025-10-10T09:04:11.890+0000] {processor.py:186} INFO - Started process (PID=426) to work on /home/airflow/.local/lib/python3.12/site-packages/airflow/example_dags/example_branch_operator_decorator.py
[2025-10-10T09:04:11.892+0000] {processor.py:914} INFO - Processing file /home/airflow/.local/lib/python3.12/site-packages/airflow/example_dags/example_branch_operator_decorator.py for tasks to queue
[2025-10-10T09:04:11.896+0000] {logging_mixin.py:190} INFO - [2025-10-10T09:04:11.896+0000] {dagbag.py:587} INFO - Filling up the DagBag from /home/airflow/.local/lib/python3.12/site-packages/airflow/example_dags/example_branch_operator_decorator.py
[2025-10-10T09:04:11.966+0000] {processor.py:925} INFO - DAG(s) 'example_branch_python_operator_decorator' retrieved from /home/airflow/.local/lib/python3.12/site-packages/airflow/example_dags/example_branch_operator_decorator.py
[2025-10-10T09:04:12.045+0000] {logging_mixin.py:190} INFO - [2025-10-10T09:04:12.045+0000] {dag.py:3211} INFO - Sync 1 DAGs
[2025-10-10T09:04:12.130+0000] {logging_mixin.py:190} INFO - [2025-10-10T09:04:12.130+0000] {dag.py:4138} INFO - Setting next_dagrun for example_branch_python_operator_decorator to 2025-10-09 00:00:00+00:00, run_after=2025-10-10 00:00:00+00:00
[2025-10-10T09:04:12.184+0000] {processor.py:208} INFO - Processing /home/airflow/.local/lib/python3.12/site-packages/airflow/example_dags/example_branch_operator_decorator.py took 0.309 seconds
[2025-10-10T09:04:42.476+0000] {processor.py:186} INFO - Started process (PID=488) to work on /home/airflow/.local/lib/python3.12/site-packages/airflow/example_dags/example_branch_operator_decorator.py
[2025-10-10T09:04:42.484+0000] {processor.py:914} INFO - Processing file /home/airflow/.local/lib/python3.12/site-packages/airflow/example_dags/example_branch_operator_decorator.py for tasks to queue
[2025-10-10T09:04:42.502+0000] {logging_mixin.py:190} INFO - [2025-10-10T09:04:42.500+0000] {dagbag.py:587} INFO - Filling up the DagBag from /home/airflow/.local/lib/python3.12/site-packages/airflow/example_dags/example_branch_operator_decorator.py
[2025-10-10T09:04:42.632+0000] {processor.py:925} INFO - DAG(s) 'example_branch_python_operator_decorator' retrieved from /home/airflow/.local/lib/python3.12/site-packages/airflow/example_dags/example_branch_operator_decorator.py
[2025-10-10T09:04:42.811+0000] {logging_mixin.py:190} INFO - [2025-10-10T09:04:42.810+0000] {dag.py:3211} INFO - Sync 1 DAGs
[2025-10-10T09:04:42.943+0000] {logging_mixin.py:190} INFO - [2025-10-10T09:04:42.941+0000] {dag.py:4138} INFO - Setting next_dagrun for example_branch_python_operator_decorator to 2025-10-09 00:00:00+00:00, run_after=2025-10-10 00:00:00+00:00
[2025-10-10T09:04:43.045+0000] {processor.py:208} INFO - Processing /home/airflow/.local/lib/python3.12/site-packages/airflow/example_dags/example_branch_operator_decorator.py took 0.619 seconds
[2025-10-10T09:05:13.926+0000] {processor.py:186} INFO - Started process (PID=557) to work on /home/airflow/.local/lib/python3.12/site-packages/airflow/example_dags/example_branch_operator_decorator.py
[2025-10-10T09:05:13.929+0000] {processor.py:914} INFO - Processing file /home/airflow/.local/lib/python3.12/site-packages/airflow/example_dags/example_branch_operator_decorator.py for tasks to queue
[2025-10-10T09:05:13.934+0000] {logging_mixin.py:190} INFO - [2025-10-10T09:05:13.933+0000] {dagbag.py:587} INFO - Filling up the DagBag from /home/airflow/.local/lib/python3.12/site-packages/airflow/example_dags/example_branch_operator_decorator.py
[2025-10-10T09:05:13.990+0000] {processor.py:925} INFO - DAG(s) 'example_branch_python_operator_decorator' retrieved from /home/airflow/.local/lib/python3.12/site-packages/airflow/example_dags/example_branch_operator_decorator.py
[2025-10-10T09:05:14.058+0000] {logging_mixin.py:190} INFO - [2025-10-10T09:05:14.057+0000] {dag.py:3211} INFO - Sync 1 DAGs
[2025-10-10T09:05:14.112+0000] {logging_mixin.py:190} INFO - [2025-10-10T09:05:14.111+0000] {dag.py:4138} INFO - Setting next_dagrun for example_branch_python_operator_decorator to 2025-10-09 00:00:00+00:00, run_after=2025-10-10 00:00:00+00:00
[2025-10-10T09:05:14.160+0000] {processor.py:208} INFO - Processing /home/airflow/.local/lib/python3.12/site-packages/airflow/example_dags/example_branch_operator_decorator.py took 0.255 seconds
