[2025-10-10T08:37:51.646+0000] {processor.py:186} INFO - Started process (PID=78) to work on /home/airflow/.local/lib/python3.12/site-packages/airflow/example_dags/example_skip_dag.py
[2025-10-10T08:37:51.653+0000] {processor.py:914} INFO - Processing file /home/airflow/.local/lib/python3.12/site-packages/airflow/example_dags/example_skip_dag.py for tasks to queue
[2025-10-10T08:37:51.678+0000] {logging_mixin.py:190} INFO - [2025-10-10T08:37:51.674+0000] {dagbag.py:587} INFO - Filling up the DagBag from /home/airflow/.local/lib/python3.12/site-packages/airflow/example_dags/example_skip_dag.py
[2025-10-10T08:37:51.727+0000] {processor.py:925} INFO - DAG(s) 'example_skip_dag' retrieved from /home/airflow/.local/lib/python3.12/site-packages/airflow/example_dags/example_skip_dag.py
[2025-10-10T08:37:51.848+0000] {logging_mixin.py:190} INFO - [2025-10-10T08:37:51.848+0000] {dag.py:3211} INFO - Sync 1 DAGs
[2025-10-10T08:37:51.921+0000] {logging_mixin.py:190} INFO - [2025-10-10T08:37:51.920+0000] {dag.py:4138} INFO - Setting next_dagrun for example_skip_dag to 2025-10-09 00:00:00+00:00, run_after=2025-10-10 00:00:00+00:00
[2025-10-10T08:37:52.006+0000] {processor.py:208} INFO - Processing /home/airflow/.local/lib/python3.12/site-packages/airflow/example_dags/example_skip_dag.py took 0.385 seconds
[2025-10-10T08:38:22.659+0000] {processor.py:186} INFO - Started process (PID=141) to work on /home/airflow/.local/lib/python3.12/site-packages/airflow/example_dags/example_skip_dag.py
[2025-10-10T08:38:22.661+0000] {processor.py:914} INFO - Processing file /home/airflow/.local/lib/python3.12/site-packages/airflow/example_dags/example_skip_dag.py for tasks to queue
[2025-10-10T08:38:22.666+0000] {logging_mixin.py:190} INFO - [2025-10-10T08:38:22.665+0000] {dagbag.py:587} INFO - Filling up the DagBag from /home/airflow/.local/lib/python3.12/site-packages/airflow/example_dags/example_skip_dag.py
[2025-10-10T08:38:22.681+0000] {processor.py:925} INFO - DAG(s) 'example_skip_dag' retrieved from /home/airflow/.local/lib/python3.12/site-packages/airflow/example_dags/example_skip_dag.py
[2025-10-10T08:38:22.726+0000] {logging_mixin.py:190} INFO - [2025-10-10T08:38:22.726+0000] {dag.py:3211} INFO - Sync 1 DAGs
[2025-10-10T08:38:22.782+0000] {logging_mixin.py:190} INFO - [2025-10-10T08:38:22.782+0000] {dag.py:4138} INFO - Setting next_dagrun for example_skip_dag to 2025-10-09 00:00:00+00:00, run_after=2025-10-10 00:00:00+00:00
[2025-10-10T08:38:22.826+0000] {processor.py:208} INFO - Processing /home/airflow/.local/lib/python3.12/site-packages/airflow/example_dags/example_skip_dag.py took 0.179 seconds
[2025-10-10T08:38:53.447+0000] {processor.py:186} INFO - Started process (PID=204) to work on /home/airflow/.local/lib/python3.12/site-packages/airflow/example_dags/example_skip_dag.py
[2025-10-10T08:38:53.451+0000] {processor.py:914} INFO - Processing file /home/airflow/.local/lib/python3.12/site-packages/airflow/example_dags/example_skip_dag.py for tasks to queue
[2025-10-10T08:38:53.459+0000] {logging_mixin.py:190} INFO - [2025-10-10T08:38:53.458+0000] {dagbag.py:587} INFO - Filling up the DagBag from /home/airflow/.local/lib/python3.12/site-packages/airflow/example_dags/example_skip_dag.py
[2025-10-10T08:38:53.484+0000] {processor.py:925} INFO - DAG(s) 'example_skip_dag' retrieved from /home/airflow/.local/lib/python3.12/site-packages/airflow/example_dags/example_skip_dag.py
[2025-10-10T08:38:53.542+0000] {logging_mixin.py:190} INFO - [2025-10-10T08:38:53.542+0000] {dag.py:3211} INFO - Sync 1 DAGs
[2025-10-10T08:38:53.616+0000] {logging_mixin.py:190} INFO - [2025-10-10T08:38:53.616+0000] {dag.py:4138} INFO - Setting next_dagrun for example_skip_dag to 2025-10-09 00:00:00+00:00, run_after=2025-10-10 00:00:00+00:00
[2025-10-10T08:38:53.664+0000] {processor.py:208} INFO - Processing /home/airflow/.local/lib/python3.12/site-packages/airflow/example_dags/example_skip_dag.py took 0.245 seconds
[2025-10-10T08:39:24.712+0000] {processor.py:186} INFO - Started process (PID=267) to work on /home/airflow/.local/lib/python3.12/site-packages/airflow/example_dags/example_skip_dag.py
[2025-10-10T08:39:24.714+0000] {processor.py:914} INFO - Processing file /home/airflow/.local/lib/python3.12/site-packages/airflow/example_dags/example_skip_dag.py for tasks to queue
[2025-10-10T08:39:24.720+0000] {logging_mixin.py:190} INFO - [2025-10-10T08:39:24.719+0000] {dagbag.py:587} INFO - Filling up the DagBag from /home/airflow/.local/lib/python3.12/site-packages/airflow/example_dags/example_skip_dag.py
[2025-10-10T08:39:24.738+0000] {processor.py:925} INFO - DAG(s) 'example_skip_dag' retrieved from /home/airflow/.local/lib/python3.12/site-packages/airflow/example_dags/example_skip_dag.py
[2025-10-10T08:39:24.796+0000] {logging_mixin.py:190} INFO - [2025-10-10T08:39:24.796+0000] {dag.py:3211} INFO - Sync 1 DAGs
[2025-10-10T08:39:24.885+0000] {logging_mixin.py:190} INFO - [2025-10-10T08:39:24.884+0000] {dag.py:4138} INFO - Setting next_dagrun for example_skip_dag to 2025-10-09 00:00:00+00:00, run_after=2025-10-10 00:00:00+00:00
[2025-10-10T08:39:24.964+0000] {processor.py:208} INFO - Processing /home/airflow/.local/lib/python3.12/site-packages/airflow/example_dags/example_skip_dag.py took 0.267 seconds
[2025-10-10T08:39:56.058+0000] {processor.py:186} INFO - Started process (PID=330) to work on /home/airflow/.local/lib/python3.12/site-packages/airflow/example_dags/example_skip_dag.py
[2025-10-10T08:39:56.061+0000] {processor.py:914} INFO - Processing file /home/airflow/.local/lib/python3.12/site-packages/airflow/example_dags/example_skip_dag.py for tasks to queue
[2025-10-10T08:39:56.076+0000] {logging_mixin.py:190} INFO - [2025-10-10T08:39:56.071+0000] {dagbag.py:587} INFO - Filling up the DagBag from /home/airflow/.local/lib/python3.12/site-packages/airflow/example_dags/example_skip_dag.py
[2025-10-10T08:39:56.141+0000] {processor.py:925} INFO - DAG(s) 'example_skip_dag' retrieved from /home/airflow/.local/lib/python3.12/site-packages/airflow/example_dags/example_skip_dag.py
[2025-10-10T08:39:56.260+0000] {logging_mixin.py:190} INFO - [2025-10-10T08:39:56.259+0000] {dag.py:3211} INFO - Sync 1 DAGs
[2025-10-10T08:39:56.374+0000] {logging_mixin.py:190} INFO - [2025-10-10T08:39:56.373+0000] {dag.py:4138} INFO - Setting next_dagrun for example_skip_dag to 2025-10-09 00:00:00+00:00, run_after=2025-10-10 00:00:00+00:00
[2025-10-10T08:39:56.462+0000] {processor.py:208} INFO - Processing /home/airflow/.local/lib/python3.12/site-packages/airflow/example_dags/example_skip_dag.py took 0.429 seconds
[2025-10-10T08:40:27.127+0000] {processor.py:186} INFO - Started process (PID=393) to work on /home/airflow/.local/lib/python3.12/site-packages/airflow/example_dags/example_skip_dag.py
[2025-10-10T08:40:27.133+0000] {processor.py:914} INFO - Processing file /home/airflow/.local/lib/python3.12/site-packages/airflow/example_dags/example_skip_dag.py for tasks to queue
[2025-10-10T08:40:27.147+0000] {logging_mixin.py:190} INFO - [2025-10-10T08:40:27.146+0000] {dagbag.py:587} INFO - Filling up the DagBag from /home/airflow/.local/lib/python3.12/site-packages/airflow/example_dags/example_skip_dag.py
[2025-10-10T08:40:27.191+0000] {processor.py:925} INFO - DAG(s) 'example_skip_dag' retrieved from /home/airflow/.local/lib/python3.12/site-packages/airflow/example_dags/example_skip_dag.py
[2025-10-10T08:40:27.353+0000] {logging_mixin.py:190} INFO - [2025-10-10T08:40:27.353+0000] {dag.py:3211} INFO - Sync 1 DAGs
[2025-10-10T08:40:27.428+0000] {logging_mixin.py:190} INFO - [2025-10-10T08:40:27.425+0000] {dag.py:4138} INFO - Setting next_dagrun for example_skip_dag to 2025-10-09 00:00:00+00:00, run_after=2025-10-10 00:00:00+00:00
[2025-10-10T08:40:27.480+0000] {processor.py:208} INFO - Processing /home/airflow/.local/lib/python3.12/site-packages/airflow/example_dags/example_skip_dag.py took 0.396 seconds
[2025-10-10T08:40:57.744+0000] {processor.py:186} INFO - Started process (PID=456) to work on /home/airflow/.local/lib/python3.12/site-packages/airflow/example_dags/example_skip_dag.py
[2025-10-10T08:40:57.749+0000] {processor.py:914} INFO - Processing file /home/airflow/.local/lib/python3.12/site-packages/airflow/example_dags/example_skip_dag.py for tasks to queue
[2025-10-10T08:40:57.759+0000] {logging_mixin.py:190} INFO - [2025-10-10T08:40:57.757+0000] {dagbag.py:587} INFO - Filling up the DagBag from /home/airflow/.local/lib/python3.12/site-packages/airflow/example_dags/example_skip_dag.py
[2025-10-10T08:40:57.796+0000] {processor.py:925} INFO - DAG(s) 'example_skip_dag' retrieved from /home/airflow/.local/lib/python3.12/site-packages/airflow/example_dags/example_skip_dag.py
[2025-10-10T08:40:57.856+0000] {logging_mixin.py:190} INFO - [2025-10-10T08:40:57.855+0000] {dag.py:3211} INFO - Sync 1 DAGs
[2025-10-10T08:40:57.911+0000] {logging_mixin.py:190} INFO - [2025-10-10T08:40:57.911+0000] {dag.py:4138} INFO - Setting next_dagrun for example_skip_dag to 2025-10-09 00:00:00+00:00, run_after=2025-10-10 00:00:00+00:00
[2025-10-10T08:40:57.987+0000] {processor.py:208} INFO - Processing /home/airflow/.local/lib/python3.12/site-packages/airflow/example_dags/example_skip_dag.py took 0.278 seconds
[2025-10-10T08:41:28.211+0000] {processor.py:186} INFO - Started process (PID=518) to work on /home/airflow/.local/lib/python3.12/site-packages/airflow/example_dags/example_skip_dag.py
[2025-10-10T08:41:28.216+0000] {processor.py:914} INFO - Processing file /home/airflow/.local/lib/python3.12/site-packages/airflow/example_dags/example_skip_dag.py for tasks to queue
[2025-10-10T08:41:28.227+0000] {logging_mixin.py:190} INFO - [2025-10-10T08:41:28.225+0000] {dagbag.py:587} INFO - Filling up the DagBag from /home/airflow/.local/lib/python3.12/site-packages/airflow/example_dags/example_skip_dag.py
[2025-10-10T08:41:28.273+0000] {processor.py:925} INFO - DAG(s) 'example_skip_dag' retrieved from /home/airflow/.local/lib/python3.12/site-packages/airflow/example_dags/example_skip_dag.py
[2025-10-10T08:41:28.356+0000] {logging_mixin.py:190} INFO - [2025-10-10T08:41:28.356+0000] {dag.py:3211} INFO - Sync 1 DAGs
[2025-10-10T08:41:28.457+0000] {logging_mixin.py:190} INFO - [2025-10-10T08:41:28.457+0000] {dag.py:4138} INFO - Setting next_dagrun for example_skip_dag to 2025-10-09 00:00:00+00:00, run_after=2025-10-10 00:00:00+00:00
[2025-10-10T08:41:28.514+0000] {processor.py:208} INFO - Processing /home/airflow/.local/lib/python3.12/site-packages/airflow/example_dags/example_skip_dag.py took 0.336 seconds
[2025-10-10T08:41:58.831+0000] {processor.py:186} INFO - Started process (PID=581) to work on /home/airflow/.local/lib/python3.12/site-packages/airflow/example_dags/example_skip_dag.py
[2025-10-10T08:41:58.833+0000] {processor.py:914} INFO - Processing file /home/airflow/.local/lib/python3.12/site-packages/airflow/example_dags/example_skip_dag.py for tasks to queue
[2025-10-10T08:41:58.839+0000] {logging_mixin.py:190} INFO - [2025-10-10T08:41:58.838+0000] {dagbag.py:587} INFO - Filling up the DagBag from /home/airflow/.local/lib/python3.12/site-packages/airflow/example_dags/example_skip_dag.py
[2025-10-10T08:41:58.871+0000] {processor.py:925} INFO - DAG(s) 'example_skip_dag' retrieved from /home/airflow/.local/lib/python3.12/site-packages/airflow/example_dags/example_skip_dag.py
[2025-10-10T08:41:58.964+0000] {logging_mixin.py:190} INFO - [2025-10-10T08:41:58.964+0000] {dag.py:3211} INFO - Sync 1 DAGs
[2025-10-10T08:41:59.042+0000] {logging_mixin.py:190} INFO - [2025-10-10T08:41:59.042+0000] {dag.py:4138} INFO - Setting next_dagrun for example_skip_dag to 2025-10-09 00:00:00+00:00, run_after=2025-10-10 00:00:00+00:00
[2025-10-10T08:41:59.089+0000] {processor.py:208} INFO - Processing /home/airflow/.local/lib/python3.12/site-packages/airflow/example_dags/example_skip_dag.py took 0.274 seconds
[2025-10-10T08:42:29.799+0000] {processor.py:186} INFO - Started process (PID=644) to work on /home/airflow/.local/lib/python3.12/site-packages/airflow/example_dags/example_skip_dag.py
[2025-10-10T08:42:29.802+0000] {processor.py:914} INFO - Processing file /home/airflow/.local/lib/python3.12/site-packages/airflow/example_dags/example_skip_dag.py for tasks to queue
[2025-10-10T08:42:29.812+0000] {logging_mixin.py:190} INFO - [2025-10-10T08:42:29.810+0000] {dagbag.py:587} INFO - Filling up the DagBag from /home/airflow/.local/lib/python3.12/site-packages/airflow/example_dags/example_skip_dag.py
[2025-10-10T08:42:29.836+0000] {processor.py:925} INFO - DAG(s) 'example_skip_dag' retrieved from /home/airflow/.local/lib/python3.12/site-packages/airflow/example_dags/example_skip_dag.py
[2025-10-10T08:42:29.879+0000] {logging_mixin.py:190} INFO - [2025-10-10T08:42:29.879+0000] {dag.py:3211} INFO - Sync 1 DAGs
[2025-10-10T08:42:29.929+0000] {logging_mixin.py:190} INFO - [2025-10-10T08:42:29.928+0000] {dag.py:4138} INFO - Setting next_dagrun for example_skip_dag to 2025-10-09 00:00:00+00:00, run_after=2025-10-10 00:00:00+00:00
[2025-10-10T08:42:29.978+0000] {processor.py:208} INFO - Processing /home/airflow/.local/lib/python3.12/site-packages/airflow/example_dags/example_skip_dag.py took 0.202 seconds
[2025-10-10T08:43:01.013+0000] {processor.py:186} INFO - Started process (PID=707) to work on /home/airflow/.local/lib/python3.12/site-packages/airflow/example_dags/example_skip_dag.py
[2025-10-10T08:43:01.016+0000] {processor.py:914} INFO - Processing file /home/airflow/.local/lib/python3.12/site-packages/airflow/example_dags/example_skip_dag.py for tasks to queue
[2025-10-10T08:43:01.026+0000] {logging_mixin.py:190} INFO - [2025-10-10T08:43:01.024+0000] {dagbag.py:587} INFO - Filling up the DagBag from /home/airflow/.local/lib/python3.12/site-packages/airflow/example_dags/example_skip_dag.py
[2025-10-10T08:43:01.055+0000] {processor.py:925} INFO - DAG(s) 'example_skip_dag' retrieved from /home/airflow/.local/lib/python3.12/site-packages/airflow/example_dags/example_skip_dag.py
[2025-10-10T08:43:01.129+0000] {logging_mixin.py:190} INFO - [2025-10-10T08:43:01.128+0000] {dag.py:3211} INFO - Sync 1 DAGs
[2025-10-10T08:43:01.242+0000] {logging_mixin.py:190} INFO - [2025-10-10T08:43:01.241+0000] {dag.py:4138} INFO - Setting next_dagrun for example_skip_dag to 2025-10-09 00:00:00+00:00, run_after=2025-10-10 00:00:00+00:00
[2025-10-10T08:43:01.345+0000] {processor.py:208} INFO - Processing /home/airflow/.local/lib/python3.12/site-packages/airflow/example_dags/example_skip_dag.py took 0.358 seconds
[2025-10-10T08:43:32.562+0000] {processor.py:186} INFO - Started process (PID=770) to work on /home/airflow/.local/lib/python3.12/site-packages/airflow/example_dags/example_skip_dag.py
[2025-10-10T08:43:32.567+0000] {processor.py:914} INFO - Processing file /home/airflow/.local/lib/python3.12/site-packages/airflow/example_dags/example_skip_dag.py for tasks to queue
[2025-10-10T08:43:32.577+0000] {logging_mixin.py:190} INFO - [2025-10-10T08:43:32.575+0000] {dagbag.py:587} INFO - Filling up the DagBag from /home/airflow/.local/lib/python3.12/site-packages/airflow/example_dags/example_skip_dag.py
[2025-10-10T08:43:32.616+0000] {processor.py:925} INFO - DAG(s) 'example_skip_dag' retrieved from /home/airflow/.local/lib/python3.12/site-packages/airflow/example_dags/example_skip_dag.py
[2025-10-10T08:43:32.697+0000] {logging_mixin.py:190} INFO - [2025-10-10T08:43:32.696+0000] {dag.py:3211} INFO - Sync 1 DAGs
[2025-10-10T08:43:32.771+0000] {logging_mixin.py:190} INFO - [2025-10-10T08:43:32.771+0000] {dag.py:4138} INFO - Setting next_dagrun for example_skip_dag to 2025-10-09 00:00:00+00:00, run_after=2025-10-10 00:00:00+00:00
[2025-10-10T08:43:32.844+0000] {processor.py:208} INFO - Processing /home/airflow/.local/lib/python3.12/site-packages/airflow/example_dags/example_skip_dag.py took 0.304 seconds
[2025-10-10T08:44:03.238+0000] {processor.py:186} INFO - Started process (PID=833) to work on /home/airflow/.local/lib/python3.12/site-packages/airflow/example_dags/example_skip_dag.py
[2025-10-10T08:44:03.240+0000] {processor.py:914} INFO - Processing file /home/airflow/.local/lib/python3.12/site-packages/airflow/example_dags/example_skip_dag.py for tasks to queue
[2025-10-10T08:44:03.250+0000] {logging_mixin.py:190} INFO - [2025-10-10T08:44:03.248+0000] {dagbag.py:587} INFO - Filling up the DagBag from /home/airflow/.local/lib/python3.12/site-packages/airflow/example_dags/example_skip_dag.py
[2025-10-10T08:44:03.272+0000] {processor.py:925} INFO - DAG(s) 'example_skip_dag' retrieved from /home/airflow/.local/lib/python3.12/site-packages/airflow/example_dags/example_skip_dag.py
[2025-10-10T08:44:03.335+0000] {logging_mixin.py:190} INFO - [2025-10-10T08:44:03.334+0000] {dag.py:3211} INFO - Sync 1 DAGs
[2025-10-10T08:44:03.411+0000] {logging_mixin.py:190} INFO - [2025-10-10T08:44:03.410+0000] {dag.py:4138} INFO - Setting next_dagrun for example_skip_dag to 2025-10-09 00:00:00+00:00, run_after=2025-10-10 00:00:00+00:00
[2025-10-10T08:44:03.461+0000] {processor.py:208} INFO - Processing /home/airflow/.local/lib/python3.12/site-packages/airflow/example_dags/example_skip_dag.py took 0.238 seconds
[2025-10-10T08:44:34.349+0000] {processor.py:186} INFO - Started process (PID=895) to work on /home/airflow/.local/lib/python3.12/site-packages/airflow/example_dags/example_skip_dag.py
[2025-10-10T08:44:34.352+0000] {processor.py:914} INFO - Processing file /home/airflow/.local/lib/python3.12/site-packages/airflow/example_dags/example_skip_dag.py for tasks to queue
[2025-10-10T08:44:34.362+0000] {logging_mixin.py:190} INFO - [2025-10-10T08:44:34.360+0000] {dagbag.py:587} INFO - Filling up the DagBag from /home/airflow/.local/lib/python3.12/site-packages/airflow/example_dags/example_skip_dag.py
[2025-10-10T08:44:34.397+0000] {processor.py:925} INFO - DAG(s) 'example_skip_dag' retrieved from /home/airflow/.local/lib/python3.12/site-packages/airflow/example_dags/example_skip_dag.py
[2025-10-10T08:44:34.474+0000] {logging_mixin.py:190} INFO - [2025-10-10T08:44:34.474+0000] {dag.py:3211} INFO - Sync 1 DAGs
[2025-10-10T08:44:34.578+0000] {logging_mixin.py:190} INFO - [2025-10-10T08:44:34.577+0000] {dag.py:4138} INFO - Setting next_dagrun for example_skip_dag to 2025-10-09 00:00:00+00:00, run_after=2025-10-10 00:00:00+00:00
[2025-10-10T08:44:34.668+0000] {processor.py:208} INFO - Processing /home/airflow/.local/lib/python3.12/site-packages/airflow/example_dags/example_skip_dag.py took 0.354 seconds
[2025-10-10T08:45:05.684+0000] {processor.py:186} INFO - Started process (PID=958) to work on /home/airflow/.local/lib/python3.12/site-packages/airflow/example_dags/example_skip_dag.py
[2025-10-10T08:45:05.699+0000] {processor.py:914} INFO - Processing file /home/airflow/.local/lib/python3.12/site-packages/airflow/example_dags/example_skip_dag.py for tasks to queue
[2025-10-10T08:45:05.717+0000] {logging_mixin.py:190} INFO - [2025-10-10T08:45:05.716+0000] {dagbag.py:587} INFO - Filling up the DagBag from /home/airflow/.local/lib/python3.12/site-packages/airflow/example_dags/example_skip_dag.py
[2025-10-10T08:45:05.792+0000] {processor.py:925} INFO - DAG(s) 'example_skip_dag' retrieved from /home/airflow/.local/lib/python3.12/site-packages/airflow/example_dags/example_skip_dag.py
[2025-10-10T08:45:05.867+0000] {logging_mixin.py:190} INFO - [2025-10-10T08:45:05.866+0000] {dag.py:3211} INFO - Sync 1 DAGs
[2025-10-10T08:45:05.993+0000] {logging_mixin.py:190} INFO - [2025-10-10T08:45:05.992+0000] {dag.py:4138} INFO - Setting next_dagrun for example_skip_dag to 2025-10-09 00:00:00+00:00, run_after=2025-10-10 00:00:00+00:00
[2025-10-10T08:45:06.032+0000] {processor.py:208} INFO - Processing /home/airflow/.local/lib/python3.12/site-packages/airflow/example_dags/example_skip_dag.py took 0.374 seconds
[2025-10-10T08:45:36.812+0000] {processor.py:186} INFO - Started process (PID=1021) to work on /home/airflow/.local/lib/python3.12/site-packages/airflow/example_dags/example_skip_dag.py
[2025-10-10T08:45:36.815+0000] {processor.py:914} INFO - Processing file /home/airflow/.local/lib/python3.12/site-packages/airflow/example_dags/example_skip_dag.py for tasks to queue
[2025-10-10T08:45:36.823+0000] {logging_mixin.py:190} INFO - [2025-10-10T08:45:36.822+0000] {dagbag.py:587} INFO - Filling up the DagBag from /home/airflow/.local/lib/python3.12/site-packages/airflow/example_dags/example_skip_dag.py
[2025-10-10T08:45:36.846+0000] {processor.py:925} INFO - DAG(s) 'example_skip_dag' retrieved from /home/airflow/.local/lib/python3.12/site-packages/airflow/example_dags/example_skip_dag.py
[2025-10-10T08:45:36.910+0000] {logging_mixin.py:190} INFO - [2025-10-10T08:45:36.909+0000] {dag.py:3211} INFO - Sync 1 DAGs
[2025-10-10T08:45:36.973+0000] {logging_mixin.py:190} INFO - [2025-10-10T08:45:36.972+0000] {dag.py:4138} INFO - Setting next_dagrun for example_skip_dag to 2025-10-09 00:00:00+00:00, run_after=2025-10-10 00:00:00+00:00
[2025-10-10T08:45:37.025+0000] {processor.py:208} INFO - Processing /home/airflow/.local/lib/python3.12/site-packages/airflow/example_dags/example_skip_dag.py took 0.230 seconds
[2025-10-10T08:46:07.671+0000] {processor.py:186} INFO - Started process (PID=1084) to work on /home/airflow/.local/lib/python3.12/site-packages/airflow/example_dags/example_skip_dag.py
[2025-10-10T08:46:07.675+0000] {processor.py:914} INFO - Processing file /home/airflow/.local/lib/python3.12/site-packages/airflow/example_dags/example_skip_dag.py for tasks to queue
[2025-10-10T08:46:07.682+0000] {logging_mixin.py:190} INFO - [2025-10-10T08:46:07.681+0000] {dagbag.py:587} INFO - Filling up the DagBag from /home/airflow/.local/lib/python3.12/site-packages/airflow/example_dags/example_skip_dag.py
[2025-10-10T08:46:07.711+0000] {processor.py:925} INFO - DAG(s) 'example_skip_dag' retrieved from /home/airflow/.local/lib/python3.12/site-packages/airflow/example_dags/example_skip_dag.py
[2025-10-10T08:46:07.767+0000] {logging_mixin.py:190} INFO - [2025-10-10T08:46:07.766+0000] {dag.py:3211} INFO - Sync 1 DAGs
[2025-10-10T08:46:07.826+0000] {logging_mixin.py:190} INFO - [2025-10-10T08:46:07.825+0000] {dag.py:4138} INFO - Setting next_dagrun for example_skip_dag to 2025-10-09 00:00:00+00:00, run_after=2025-10-10 00:00:00+00:00
[2025-10-10T08:46:07.875+0000] {processor.py:208} INFO - Processing /home/airflow/.local/lib/python3.12/site-packages/airflow/example_dags/example_skip_dag.py took 0.221 seconds
[2025-10-10T08:46:38.063+0000] {processor.py:186} INFO - Started process (PID=1147) to work on /home/airflow/.local/lib/python3.12/site-packages/airflow/example_dags/example_skip_dag.py
[2025-10-10T08:46:38.067+0000] {processor.py:914} INFO - Processing file /home/airflow/.local/lib/python3.12/site-packages/airflow/example_dags/example_skip_dag.py for tasks to queue
[2025-10-10T08:46:38.074+0000] {logging_mixin.py:190} INFO - [2025-10-10T08:46:38.073+0000] {dagbag.py:587} INFO - Filling up the DagBag from /home/airflow/.local/lib/python3.12/site-packages/airflow/example_dags/example_skip_dag.py
[2025-10-10T08:46:38.097+0000] {processor.py:925} INFO - DAG(s) 'example_skip_dag' retrieved from /home/airflow/.local/lib/python3.12/site-packages/airflow/example_dags/example_skip_dag.py
[2025-10-10T08:46:38.144+0000] {logging_mixin.py:190} INFO - [2025-10-10T08:46:38.144+0000] {dag.py:3211} INFO - Sync 1 DAGs
[2025-10-10T08:46:38.195+0000] {logging_mixin.py:190} INFO - [2025-10-10T08:46:38.194+0000] {dag.py:4138} INFO - Setting next_dagrun for example_skip_dag to 2025-10-09 00:00:00+00:00, run_after=2025-10-10 00:00:00+00:00
[2025-10-10T08:46:38.242+0000] {processor.py:208} INFO - Processing /home/airflow/.local/lib/python3.12/site-packages/airflow/example_dags/example_skip_dag.py took 0.203 seconds
[2025-10-10T08:47:09.070+0000] {processor.py:186} INFO - Started process (PID=1210) to work on /home/airflow/.local/lib/python3.12/site-packages/airflow/example_dags/example_skip_dag.py
[2025-10-10T08:47:09.074+0000] {processor.py:914} INFO - Processing file /home/airflow/.local/lib/python3.12/site-packages/airflow/example_dags/example_skip_dag.py for tasks to queue
[2025-10-10T08:47:09.081+0000] {logging_mixin.py:190} INFO - [2025-10-10T08:47:09.081+0000] {dagbag.py:587} INFO - Filling up the DagBag from /home/airflow/.local/lib/python3.12/site-packages/airflow/example_dags/example_skip_dag.py
[2025-10-10T08:47:09.099+0000] {processor.py:925} INFO - DAG(s) 'example_skip_dag' retrieved from /home/airflow/.local/lib/python3.12/site-packages/airflow/example_dags/example_skip_dag.py
[2025-10-10T08:47:09.145+0000] {logging_mixin.py:190} INFO - [2025-10-10T08:47:09.144+0000] {dag.py:3211} INFO - Sync 1 DAGs
[2025-10-10T08:47:09.194+0000] {logging_mixin.py:190} INFO - [2025-10-10T08:47:09.193+0000] {dag.py:4138} INFO - Setting next_dagrun for example_skip_dag to 2025-10-09 00:00:00+00:00, run_after=2025-10-10 00:00:00+00:00
[2025-10-10T08:47:09.237+0000] {processor.py:208} INFO - Processing /home/airflow/.local/lib/python3.12/site-packages/airflow/example_dags/example_skip_dag.py took 0.188 seconds
[2025-10-10T08:47:40.008+0000] {processor.py:186} INFO - Started process (PID=1273) to work on /home/airflow/.local/lib/python3.12/site-packages/airflow/example_dags/example_skip_dag.py
[2025-10-10T08:47:40.011+0000] {processor.py:914} INFO - Processing file /home/airflow/.local/lib/python3.12/site-packages/airflow/example_dags/example_skip_dag.py for tasks to queue
[2025-10-10T08:47:40.019+0000] {logging_mixin.py:190} INFO - [2025-10-10T08:47:40.018+0000] {dagbag.py:587} INFO - Filling up the DagBag from /home/airflow/.local/lib/python3.12/site-packages/airflow/example_dags/example_skip_dag.py
[2025-10-10T08:47:40.044+0000] {processor.py:925} INFO - DAG(s) 'example_skip_dag' retrieved from /home/airflow/.local/lib/python3.12/site-packages/airflow/example_dags/example_skip_dag.py
[2025-10-10T08:47:40.111+0000] {logging_mixin.py:190} INFO - [2025-10-10T08:47:40.110+0000] {dag.py:3211} INFO - Sync 1 DAGs
[2025-10-10T08:47:40.187+0000] {logging_mixin.py:190} INFO - [2025-10-10T08:47:40.187+0000] {dag.py:4138} INFO - Setting next_dagrun for example_skip_dag to 2025-10-09 00:00:00+00:00, run_after=2025-10-10 00:00:00+00:00
[2025-10-10T08:47:40.245+0000] {processor.py:208} INFO - Processing /home/airflow/.local/lib/python3.12/site-packages/airflow/example_dags/example_skip_dag.py took 0.256 seconds
[2025-10-10T08:48:12.890+0000] {processor.py:186} INFO - Started process (PID=1336) to work on /home/airflow/.local/lib/python3.12/site-packages/airflow/example_dags/example_skip_dag.py
[2025-10-10T08:48:12.893+0000] {processor.py:914} INFO - Processing file /home/airflow/.local/lib/python3.12/site-packages/airflow/example_dags/example_skip_dag.py for tasks to queue
[2025-10-10T08:48:12.898+0000] {logging_mixin.py:190} INFO - [2025-10-10T08:48:12.897+0000] {dagbag.py:587} INFO - Filling up the DagBag from /home/airflow/.local/lib/python3.12/site-packages/airflow/example_dags/example_skip_dag.py
[2025-10-10T08:48:12.914+0000] {processor.py:925} INFO - DAG(s) 'example_skip_dag' retrieved from /home/airflow/.local/lib/python3.12/site-packages/airflow/example_dags/example_skip_dag.py
[2025-10-10T08:48:12.958+0000] {logging_mixin.py:190} INFO - [2025-10-10T08:48:12.957+0000] {dag.py:3211} INFO - Sync 1 DAGs
[2025-10-10T08:48:13.011+0000] {logging_mixin.py:190} INFO - [2025-10-10T08:48:13.011+0000] {dag.py:4138} INFO - Setting next_dagrun for example_skip_dag to 2025-10-09 00:00:00+00:00, run_after=2025-10-10 00:00:00+00:00
[2025-10-10T08:48:13.056+0000] {processor.py:208} INFO - Processing /home/airflow/.local/lib/python3.12/site-packages/airflow/example_dags/example_skip_dag.py took 0.178 seconds
[2025-10-10T08:48:43.643+0000] {processor.py:186} INFO - Started process (PID=1399) to work on /home/airflow/.local/lib/python3.12/site-packages/airflow/example_dags/example_skip_dag.py
[2025-10-10T08:48:43.645+0000] {processor.py:914} INFO - Processing file /home/airflow/.local/lib/python3.12/site-packages/airflow/example_dags/example_skip_dag.py for tasks to queue
[2025-10-10T08:48:43.651+0000] {logging_mixin.py:190} INFO - [2025-10-10T08:48:43.650+0000] {dagbag.py:587} INFO - Filling up the DagBag from /home/airflow/.local/lib/python3.12/site-packages/airflow/example_dags/example_skip_dag.py
[2025-10-10T08:48:43.668+0000] {processor.py:925} INFO - DAG(s) 'example_skip_dag' retrieved from /home/airflow/.local/lib/python3.12/site-packages/airflow/example_dags/example_skip_dag.py
[2025-10-10T08:48:43.729+0000] {logging_mixin.py:190} INFO - [2025-10-10T08:48:43.728+0000] {dag.py:3211} INFO - Sync 1 DAGs
[2025-10-10T08:48:43.784+0000] {logging_mixin.py:190} INFO - [2025-10-10T08:48:43.783+0000] {dag.py:4138} INFO - Setting next_dagrun for example_skip_dag to 2025-10-09 00:00:00+00:00, run_after=2025-10-10 00:00:00+00:00
[2025-10-10T08:48:43.827+0000] {processor.py:208} INFO - Processing /home/airflow/.local/lib/python3.12/site-packages/airflow/example_dags/example_skip_dag.py took 0.199 seconds
[2025-10-10T08:49:14.977+0000] {processor.py:186} INFO - Started process (PID=1462) to work on /home/airflow/.local/lib/python3.12/site-packages/airflow/example_dags/example_skip_dag.py
[2025-10-10T08:49:14.993+0000] {processor.py:914} INFO - Processing file /home/airflow/.local/lib/python3.12/site-packages/airflow/example_dags/example_skip_dag.py for tasks to queue
[2025-10-10T08:49:15.005+0000] {logging_mixin.py:190} INFO - [2025-10-10T08:49:15.002+0000] {dagbag.py:587} INFO - Filling up the DagBag from /home/airflow/.local/lib/python3.12/site-packages/airflow/example_dags/example_skip_dag.py
[2025-10-10T08:49:15.065+0000] {processor.py:925} INFO - DAG(s) 'example_skip_dag' retrieved from /home/airflow/.local/lib/python3.12/site-packages/airflow/example_dags/example_skip_dag.py
[2025-10-10T08:49:15.195+0000] {logging_mixin.py:190} INFO - [2025-10-10T08:49:15.194+0000] {dag.py:3211} INFO - Sync 1 DAGs
[2025-10-10T08:49:15.323+0000] {logging_mixin.py:190} INFO - [2025-10-10T08:49:15.322+0000] {dag.py:4138} INFO - Setting next_dagrun for example_skip_dag to 2025-10-09 00:00:00+00:00, run_after=2025-10-10 00:00:00+00:00
[2025-10-10T08:49:15.446+0000] {processor.py:208} INFO - Processing /home/airflow/.local/lib/python3.12/site-packages/airflow/example_dags/example_skip_dag.py took 0.527 seconds
[2025-10-10T08:53:49.189+0000] {processor.py:186} INFO - Started process (PID=81) to work on /home/airflow/.local/lib/python3.12/site-packages/airflow/example_dags/example_skip_dag.py
[2025-10-10T08:53:49.198+0000] {processor.py:914} INFO - Processing file /home/airflow/.local/lib/python3.12/site-packages/airflow/example_dags/example_skip_dag.py for tasks to queue
[2025-10-10T08:53:49.225+0000] {logging_mixin.py:190} INFO - [2025-10-10T08:53:49.223+0000] {dagbag.py:587} INFO - Filling up the DagBag from /home/airflow/.local/lib/python3.12/site-packages/airflow/example_dags/example_skip_dag.py
[2025-10-10T08:53:49.297+0000] {processor.py:925} INFO - DAG(s) 'example_skip_dag' retrieved from /home/airflow/.local/lib/python3.12/site-packages/airflow/example_dags/example_skip_dag.py
[2025-10-10T08:53:49.504+0000] {logging_mixin.py:190} INFO - [2025-10-10T08:53:49.503+0000] {dag.py:3211} INFO - Sync 1 DAGs
[2025-10-10T08:53:49.611+0000] {logging_mixin.py:190} INFO - [2025-10-10T08:53:49.611+0000] {dag.py:4138} INFO - Setting next_dagrun for example_skip_dag to 2025-10-09 00:00:00+00:00, run_after=2025-10-10 00:00:00+00:00
[2025-10-10T08:53:49.698+0000] {processor.py:208} INFO - Processing /home/airflow/.local/lib/python3.12/site-packages/airflow/example_dags/example_skip_dag.py took 0.556 seconds
[2025-10-10T08:54:22.040+0000] {processor.py:186} INFO - Started process (PID=144) to work on /home/airflow/.local/lib/python3.12/site-packages/airflow/example_dags/example_skip_dag.py
[2025-10-10T08:54:22.099+0000] {processor.py:914} INFO - Processing file /home/airflow/.local/lib/python3.12/site-packages/airflow/example_dags/example_skip_dag.py for tasks to queue
[2025-10-10T08:54:22.110+0000] {logging_mixin.py:190} INFO - [2025-10-10T08:54:22.108+0000] {dagbag.py:587} INFO - Filling up the DagBag from /home/airflow/.local/lib/python3.12/site-packages/airflow/example_dags/example_skip_dag.py
[2025-10-10T08:54:22.179+0000] {processor.py:925} INFO - DAG(s) 'example_skip_dag' retrieved from /home/airflow/.local/lib/python3.12/site-packages/airflow/example_dags/example_skip_dag.py
[2025-10-10T08:54:22.270+0000] {logging_mixin.py:190} INFO - [2025-10-10T08:54:22.269+0000] {dag.py:3211} INFO - Sync 1 DAGs
[2025-10-10T08:54:22.368+0000] {logging_mixin.py:190} INFO - [2025-10-10T08:54:22.367+0000] {dag.py:4138} INFO - Setting next_dagrun for example_skip_dag to 2025-10-09 00:00:00+00:00, run_after=2025-10-10 00:00:00+00:00
[2025-10-10T08:54:22.725+0000] {processor.py:208} INFO - Processing /home/airflow/.local/lib/python3.12/site-packages/airflow/example_dags/example_skip_dag.py took 0.711 seconds
[2025-10-10T08:54:53.233+0000] {processor.py:186} INFO - Started process (PID=208) to work on /home/airflow/.local/lib/python3.12/site-packages/airflow/example_dags/example_skip_dag.py
[2025-10-10T08:54:53.236+0000] {processor.py:914} INFO - Processing file /home/airflow/.local/lib/python3.12/site-packages/airflow/example_dags/example_skip_dag.py for tasks to queue
[2025-10-10T08:54:53.242+0000] {logging_mixin.py:190} INFO - [2025-10-10T08:54:53.241+0000] {dagbag.py:587} INFO - Filling up the DagBag from /home/airflow/.local/lib/python3.12/site-packages/airflow/example_dags/example_skip_dag.py
[2025-10-10T08:54:53.264+0000] {processor.py:925} INFO - DAG(s) 'example_skip_dag' retrieved from /home/airflow/.local/lib/python3.12/site-packages/airflow/example_dags/example_skip_dag.py
[2025-10-10T08:54:53.308+0000] {logging_mixin.py:190} INFO - [2025-10-10T08:54:53.307+0000] {dag.py:3211} INFO - Sync 1 DAGs
[2025-10-10T08:54:53.358+0000] {logging_mixin.py:190} INFO - [2025-10-10T08:54:53.357+0000] {dag.py:4138} INFO - Setting next_dagrun for example_skip_dag to 2025-10-09 00:00:00+00:00, run_after=2025-10-10 00:00:00+00:00
[2025-10-10T08:54:53.416+0000] {processor.py:208} INFO - Processing /home/airflow/.local/lib/python3.12/site-packages/airflow/example_dags/example_skip_dag.py took 0.199 seconds
[2025-10-10T08:57:58.417+0000] {processor.py:186} INFO - Started process (PID=82) to work on /home/airflow/.local/lib/python3.12/site-packages/airflow/example_dags/example_skip_dag.py
[2025-10-10T08:57:58.421+0000] {processor.py:914} INFO - Processing file /home/airflow/.local/lib/python3.12/site-packages/airflow/example_dags/example_skip_dag.py for tasks to queue
[2025-10-10T08:57:58.437+0000] {logging_mixin.py:190} INFO - [2025-10-10T08:57:58.436+0000] {dagbag.py:587} INFO - Filling up the DagBag from /home/airflow/.local/lib/python3.12/site-packages/airflow/example_dags/example_skip_dag.py
[2025-10-10T08:57:58.497+0000] {processor.py:925} INFO - DAG(s) 'example_skip_dag' retrieved from /home/airflow/.local/lib/python3.12/site-packages/airflow/example_dags/example_skip_dag.py
[2025-10-10T08:57:58.637+0000] {logging_mixin.py:190} INFO - [2025-10-10T08:57:58.636+0000] {dag.py:3211} INFO - Sync 1 DAGs
[2025-10-10T08:57:58.708+0000] {logging_mixin.py:190} INFO - [2025-10-10T08:57:58.707+0000] {dag.py:4138} INFO - Setting next_dagrun for example_skip_dag to 2025-10-09 00:00:00+00:00, run_after=2025-10-10 00:00:00+00:00
[2025-10-10T08:57:58.766+0000] {processor.py:208} INFO - Processing /home/airflow/.local/lib/python3.12/site-packages/airflow/example_dags/example_skip_dag.py took 0.371 seconds
[2025-10-10T08:58:30.068+0000] {processor.py:186} INFO - Started process (PID=145) to work on /home/airflow/.local/lib/python3.12/site-packages/airflow/example_dags/example_skip_dag.py
[2025-10-10T08:58:30.073+0000] {processor.py:914} INFO - Processing file /home/airflow/.local/lib/python3.12/site-packages/airflow/example_dags/example_skip_dag.py for tasks to queue
[2025-10-10T08:58:30.085+0000] {logging_mixin.py:190} INFO - [2025-10-10T08:58:30.084+0000] {dagbag.py:587} INFO - Filling up the DagBag from /home/airflow/.local/lib/python3.12/site-packages/airflow/example_dags/example_skip_dag.py
[2025-10-10T08:58:30.118+0000] {processor.py:925} INFO - DAG(s) 'example_skip_dag' retrieved from /home/airflow/.local/lib/python3.12/site-packages/airflow/example_dags/example_skip_dag.py
[2025-10-10T08:58:30.168+0000] {logging_mixin.py:190} INFO - [2025-10-10T08:58:30.168+0000] {dag.py:3211} INFO - Sync 1 DAGs
[2025-10-10T08:58:30.225+0000] {logging_mixin.py:190} INFO - [2025-10-10T08:58:30.224+0000] {dag.py:4138} INFO - Setting next_dagrun for example_skip_dag to 2025-10-09 00:00:00+00:00, run_after=2025-10-10 00:00:00+00:00
[2025-10-10T08:58:30.274+0000] {processor.py:208} INFO - Processing /home/airflow/.local/lib/python3.12/site-packages/airflow/example_dags/example_skip_dag.py took 0.235 seconds
[2025-10-10T09:01:26.492+0000] {processor.py:186} INFO - Started process (PID=81) to work on /home/airflow/.local/lib/python3.12/site-packages/airflow/example_dags/example_skip_dag.py
[2025-10-10T09:01:26.498+0000] {processor.py:914} INFO - Processing file /home/airflow/.local/lib/python3.12/site-packages/airflow/example_dags/example_skip_dag.py for tasks to queue
[2025-10-10T09:01:26.513+0000] {logging_mixin.py:190} INFO - [2025-10-10T09:01:26.512+0000] {dagbag.py:587} INFO - Filling up the DagBag from /home/airflow/.local/lib/python3.12/site-packages/airflow/example_dags/example_skip_dag.py
[2025-10-10T09:01:26.558+0000] {processor.py:925} INFO - DAG(s) 'example_skip_dag' retrieved from /home/airflow/.local/lib/python3.12/site-packages/airflow/example_dags/example_skip_dag.py
[2025-10-10T09:01:26.709+0000] {logging_mixin.py:190} INFO - [2025-10-10T09:01:26.708+0000] {dag.py:3211} INFO - Sync 1 DAGs
[2025-10-10T09:01:26.932+0000] {logging_mixin.py:190} INFO - [2025-10-10T09:01:26.931+0000] {dag.py:4138} INFO - Setting next_dagrun for example_skip_dag to 2025-10-09 00:00:00+00:00, run_after=2025-10-10 00:00:00+00:00
[2025-10-10T09:01:27.002+0000] {processor.py:208} INFO - Processing /home/airflow/.local/lib/python3.12/site-packages/airflow/example_dags/example_skip_dag.py took 0.535 seconds
[2025-10-10T09:01:57.314+0000] {processor.py:186} INFO - Started process (PID=144) to work on /home/airflow/.local/lib/python3.12/site-packages/airflow/example_dags/example_skip_dag.py
[2025-10-10T09:01:57.317+0000] {processor.py:914} INFO - Processing file /home/airflow/.local/lib/python3.12/site-packages/airflow/example_dags/example_skip_dag.py for tasks to queue
[2025-10-10T09:01:57.325+0000] {logging_mixin.py:190} INFO - [2025-10-10T09:01:57.324+0000] {dagbag.py:587} INFO - Filling up the DagBag from /home/airflow/.local/lib/python3.12/site-packages/airflow/example_dags/example_skip_dag.py
[2025-10-10T09:01:57.352+0000] {processor.py:925} INFO - DAG(s) 'example_skip_dag' retrieved from /home/airflow/.local/lib/python3.12/site-packages/airflow/example_dags/example_skip_dag.py
[2025-10-10T09:01:57.420+0000] {logging_mixin.py:190} INFO - [2025-10-10T09:01:57.419+0000] {dag.py:3211} INFO - Sync 1 DAGs
[2025-10-10T09:01:57.500+0000] {logging_mixin.py:190} INFO - [2025-10-10T09:01:57.500+0000] {dag.py:4138} INFO - Setting next_dagrun for example_skip_dag to 2025-10-09 00:00:00+00:00, run_after=2025-10-10 00:00:00+00:00
[2025-10-10T09:01:57.583+0000] {processor.py:208} INFO - Processing /home/airflow/.local/lib/python3.12/site-packages/airflow/example_dags/example_skip_dag.py took 0.287 seconds
[2025-10-10T09:02:28.425+0000] {processor.py:186} INFO - Started process (PID=207) to work on /home/airflow/.local/lib/python3.12/site-packages/airflow/example_dags/example_skip_dag.py
[2025-10-10T09:02:28.427+0000] {processor.py:914} INFO - Processing file /home/airflow/.local/lib/python3.12/site-packages/airflow/example_dags/example_skip_dag.py for tasks to queue
[2025-10-10T09:02:28.433+0000] {logging_mixin.py:190} INFO - [2025-10-10T09:02:28.432+0000] {dagbag.py:587} INFO - Filling up the DagBag from /home/airflow/.local/lib/python3.12/site-packages/airflow/example_dags/example_skip_dag.py
[2025-10-10T09:02:28.451+0000] {processor.py:925} INFO - DAG(s) 'example_skip_dag' retrieved from /home/airflow/.local/lib/python3.12/site-packages/airflow/example_dags/example_skip_dag.py
[2025-10-10T09:02:28.501+0000] {logging_mixin.py:190} INFO - [2025-10-10T09:02:28.500+0000] {dag.py:3211} INFO - Sync 1 DAGs
[2025-10-10T09:02:28.576+0000] {logging_mixin.py:190} INFO - [2025-10-10T09:02:28.575+0000] {dag.py:4138} INFO - Setting next_dagrun for example_skip_dag to 2025-10-09 00:00:00+00:00, run_after=2025-10-10 00:00:00+00:00
[2025-10-10T09:02:28.628+0000] {processor.py:208} INFO - Processing /home/airflow/.local/lib/python3.12/site-packages/airflow/example_dags/example_skip_dag.py took 0.224 seconds
[2025-10-10T09:02:59.100+0000] {processor.py:186} INFO - Started process (PID=271) to work on /home/airflow/.local/lib/python3.12/site-packages/airflow/example_dags/example_skip_dag.py
[2025-10-10T09:02:59.107+0000] {processor.py:914} INFO - Processing file /home/airflow/.local/lib/python3.12/site-packages/airflow/example_dags/example_skip_dag.py for tasks to queue
[2025-10-10T09:02:59.123+0000] {logging_mixin.py:190} INFO - [2025-10-10T09:02:59.122+0000] {dagbag.py:587} INFO - Filling up the DagBag from /home/airflow/.local/lib/python3.12/site-packages/airflow/example_dags/example_skip_dag.py
[2025-10-10T09:02:59.174+0000] {processor.py:925} INFO - DAG(s) 'example_skip_dag' retrieved from /home/airflow/.local/lib/python3.12/site-packages/airflow/example_dags/example_skip_dag.py
[2025-10-10T09:02:59.329+0000] {logging_mixin.py:190} INFO - [2025-10-10T09:02:59.328+0000] {dag.py:3211} INFO - Sync 1 DAGs
[2025-10-10T09:02:59.474+0000] {logging_mixin.py:190} INFO - [2025-10-10T09:02:59.473+0000] {dag.py:4138} INFO - Setting next_dagrun for example_skip_dag to 2025-10-09 00:00:00+00:00, run_after=2025-10-10 00:00:00+00:00
[2025-10-10T09:02:59.568+0000] {processor.py:208} INFO - Processing /home/airflow/.local/lib/python3.12/site-packages/airflow/example_dags/example_skip_dag.py took 0.505 seconds
[2025-10-10T09:03:30.660+0000] {processor.py:186} INFO - Started process (PID=334) to work on /home/airflow/.local/lib/python3.12/site-packages/airflow/example_dags/example_skip_dag.py
[2025-10-10T09:03:30.662+0000] {processor.py:914} INFO - Processing file /home/airflow/.local/lib/python3.12/site-packages/airflow/example_dags/example_skip_dag.py for tasks to queue
[2025-10-10T09:03:30.669+0000] {logging_mixin.py:190} INFO - [2025-10-10T09:03:30.668+0000] {dagbag.py:587} INFO - Filling up the DagBag from /home/airflow/.local/lib/python3.12/site-packages/airflow/example_dags/example_skip_dag.py
[2025-10-10T09:03:30.686+0000] {processor.py:925} INFO - DAG(s) 'example_skip_dag' retrieved from /home/airflow/.local/lib/python3.12/site-packages/airflow/example_dags/example_skip_dag.py
[2025-10-10T09:03:30.731+0000] {logging_mixin.py:190} INFO - [2025-10-10T09:03:30.731+0000] {dag.py:3211} INFO - Sync 1 DAGs
[2025-10-10T09:03:30.784+0000] {logging_mixin.py:190} INFO - [2025-10-10T09:03:30.784+0000] {dag.py:4138} INFO - Setting next_dagrun for example_skip_dag to 2025-10-09 00:00:00+00:00, run_after=2025-10-10 00:00:00+00:00
[2025-10-10T09:03:30.829+0000] {processor.py:208} INFO - Processing /home/airflow/.local/lib/python3.12/site-packages/airflow/example_dags/example_skip_dag.py took 0.183 seconds
[2025-10-10T09:04:01.038+0000] {processor.py:186} INFO - Started process (PID=397) to work on /home/airflow/.local/lib/python3.12/site-packages/airflow/example_dags/example_skip_dag.py
[2025-10-10T09:04:01.043+0000] {processor.py:914} INFO - Processing file /home/airflow/.local/lib/python3.12/site-packages/airflow/example_dags/example_skip_dag.py for tasks to queue
[2025-10-10T09:04:01.056+0000] {logging_mixin.py:190} INFO - [2025-10-10T09:04:01.054+0000] {dagbag.py:587} INFO - Filling up the DagBag from /home/airflow/.local/lib/python3.12/site-packages/airflow/example_dags/example_skip_dag.py
[2025-10-10T09:04:01.107+0000] {processor.py:925} INFO - DAG(s) 'example_skip_dag' retrieved from /home/airflow/.local/lib/python3.12/site-packages/airflow/example_dags/example_skip_dag.py
[2025-10-10T09:04:01.200+0000] {logging_mixin.py:190} INFO - [2025-10-10T09:04:01.199+0000] {dag.py:3211} INFO - Sync 1 DAGs
[2025-10-10T09:04:01.295+0000] {logging_mixin.py:190} INFO - [2025-10-10T09:04:01.294+0000] {dag.py:4138} INFO - Setting next_dagrun for example_skip_dag to 2025-10-09 00:00:00+00:00, run_after=2025-10-10 00:00:00+00:00
[2025-10-10T09:04:01.370+0000] {processor.py:208} INFO - Processing /home/airflow/.local/lib/python3.12/site-packages/airflow/example_dags/example_skip_dag.py took 0.367 seconds
[2025-10-10T09:04:32.165+0000] {processor.py:186} INFO - Started process (PID=460) to work on /home/airflow/.local/lib/python3.12/site-packages/airflow/example_dags/example_skip_dag.py
[2025-10-10T09:04:32.167+0000] {processor.py:914} INFO - Processing file /home/airflow/.local/lib/python3.12/site-packages/airflow/example_dags/example_skip_dag.py for tasks to queue
[2025-10-10T09:04:32.172+0000] {logging_mixin.py:190} INFO - [2025-10-10T09:04:32.172+0000] {dagbag.py:587} INFO - Filling up the DagBag from /home/airflow/.local/lib/python3.12/site-packages/airflow/example_dags/example_skip_dag.py
[2025-10-10T09:04:32.189+0000] {processor.py:925} INFO - DAG(s) 'example_skip_dag' retrieved from /home/airflow/.local/lib/python3.12/site-packages/airflow/example_dags/example_skip_dag.py
[2025-10-10T09:04:32.236+0000] {logging_mixin.py:190} INFO - [2025-10-10T09:04:32.236+0000] {dag.py:3211} INFO - Sync 1 DAGs
[2025-10-10T09:04:32.295+0000] {logging_mixin.py:190} INFO - [2025-10-10T09:04:32.295+0000] {dag.py:4138} INFO - Setting next_dagrun for example_skip_dag to 2025-10-09 00:00:00+00:00, run_after=2025-10-10 00:00:00+00:00
[2025-10-10T09:04:32.354+0000] {processor.py:208} INFO - Processing /home/airflow/.local/lib/python3.12/site-packages/airflow/example_dags/example_skip_dag.py took 0.207 seconds
[2025-10-10T09:05:02.870+0000] {processor.py:186} INFO - Started process (PID=523) to work on /home/airflow/.local/lib/python3.12/site-packages/airflow/example_dags/example_skip_dag.py
[2025-10-10T09:05:02.872+0000] {processor.py:914} INFO - Processing file /home/airflow/.local/lib/python3.12/site-packages/airflow/example_dags/example_skip_dag.py for tasks to queue
[2025-10-10T09:05:02.878+0000] {logging_mixin.py:190} INFO - [2025-10-10T09:05:02.878+0000] {dagbag.py:587} INFO - Filling up the DagBag from /home/airflow/.local/lib/python3.12/site-packages/airflow/example_dags/example_skip_dag.py
[2025-10-10T09:05:02.902+0000] {processor.py:925} INFO - DAG(s) 'example_skip_dag' retrieved from /home/airflow/.local/lib/python3.12/site-packages/airflow/example_dags/example_skip_dag.py
[2025-10-10T09:05:02.952+0000] {logging_mixin.py:190} INFO - [2025-10-10T09:05:02.951+0000] {dag.py:3211} INFO - Sync 1 DAGs
[2025-10-10T09:05:03.009+0000] {logging_mixin.py:190} INFO - [2025-10-10T09:05:03.008+0000] {dag.py:4138} INFO - Setting next_dagrun for example_skip_dag to 2025-10-09 00:00:00+00:00, run_after=2025-10-10 00:00:00+00:00
[2025-10-10T09:05:03.050+0000] {processor.py:208} INFO - Processing /home/airflow/.local/lib/python3.12/site-packages/airflow/example_dags/example_skip_dag.py took 0.200 seconds
[2025-10-10T09:05:33.807+0000] {processor.py:186} INFO - Started process (PID=586) to work on /home/airflow/.local/lib/python3.12/site-packages/airflow/example_dags/example_skip_dag.py
[2025-10-10T09:05:33.810+0000] {processor.py:914} INFO - Processing file /home/airflow/.local/lib/python3.12/site-packages/airflow/example_dags/example_skip_dag.py for tasks to queue
[2025-10-10T09:05:33.817+0000] {logging_mixin.py:190} INFO - [2025-10-10T09:05:33.816+0000] {dagbag.py:587} INFO - Filling up the DagBag from /home/airflow/.local/lib/python3.12/site-packages/airflow/example_dags/example_skip_dag.py
[2025-10-10T09:05:33.840+0000] {processor.py:925} INFO - DAG(s) 'example_skip_dag' retrieved from /home/airflow/.local/lib/python3.12/site-packages/airflow/example_dags/example_skip_dag.py
[2025-10-10T09:05:33.900+0000] {logging_mixin.py:190} INFO - [2025-10-10T09:05:33.899+0000] {dag.py:3211} INFO - Sync 1 DAGs
[2025-10-10T09:05:33.968+0000] {logging_mixin.py:190} INFO - [2025-10-10T09:05:33.967+0000] {dag.py:4138} INFO - Setting next_dagrun for example_skip_dag to 2025-10-09 00:00:00+00:00, run_after=2025-10-10 00:00:00+00:00
[2025-10-10T09:05:34.025+0000] {processor.py:208} INFO - Processing /home/airflow/.local/lib/python3.12/site-packages/airflow/example_dags/example_skip_dag.py took 0.234 seconds
