[2025-10-10T08:37:49.918+0000] {processor.py:186} INFO - Started process (PID=73) to work on /home/airflow/.local/lib/python3.12/site-packages/airflow/example_dags/example_kubernetes_executor.py
[2025-10-10T08:37:49.921+0000] {processor.py:914} INFO - Processing file /home/airflow/.local/lib/python3.12/site-packages/airflow/example_dags/example_kubernetes_executor.py for tasks to queue
[2025-10-10T08:37:49.928+0000] {logging_mixin.py:190} INFO - [2025-10-10T08:37:49.928+0000] {dagbag.py:587} INFO - Filling up the DagBag from /home/airflow/.local/lib/python3.12/site-packages/airflow/example_dags/example_kubernetes_executor.py
[2025-10-10T08:37:49.989+0000] {processor.py:925} INFO - DAG(s) 'example_kubernetes_executor' retrieved from /home/airflow/.local/lib/python3.12/site-packages/airflow/example_dags/example_kubernetes_executor.py
[2025-10-10T08:37:50.133+0000] {logging_mixin.py:190} INFO - [2025-10-10T08:37:50.132+0000] {dag.py:3211} INFO - Sync 1 DAGs
[2025-10-10T08:37:50.246+0000] {logging_mixin.py:190} INFO - [2025-10-10T08:37:50.245+0000] {dag.py:4138} INFO - Setting next_dagrun for example_kubernetes_executor to None, run_after=None
[2025-10-10T08:37:50.336+0000] {processor.py:208} INFO - Processing /home/airflow/.local/lib/python3.12/site-packages/airflow/example_dags/example_kubernetes_executor.py took 0.435 seconds
[2025-10-10T08:38:21.048+0000] {processor.py:186} INFO - Started process (PID=136) to work on /home/airflow/.local/lib/python3.12/site-packages/airflow/example_dags/example_kubernetes_executor.py
[2025-10-10T08:38:21.051+0000] {processor.py:914} INFO - Processing file /home/airflow/.local/lib/python3.12/site-packages/airflow/example_dags/example_kubernetes_executor.py for tasks to queue
[2025-10-10T08:38:21.058+0000] {logging_mixin.py:190} INFO - [2025-10-10T08:38:21.058+0000] {dagbag.py:587} INFO - Filling up the DagBag from /home/airflow/.local/lib/python3.12/site-packages/airflow/example_dags/example_kubernetes_executor.py
[2025-10-10T08:38:21.094+0000] {processor.py:925} INFO - DAG(s) 'example_kubernetes_executor' retrieved from /home/airflow/.local/lib/python3.12/site-packages/airflow/example_dags/example_kubernetes_executor.py
[2025-10-10T08:38:21.181+0000] {logging_mixin.py:190} INFO - [2025-10-10T08:38:21.180+0000] {dag.py:3211} INFO - Sync 1 DAGs
[2025-10-10T08:38:21.213+0000] {logging_mixin.py:190} INFO - [2025-10-10T08:38:21.213+0000] {dag.py:4138} INFO - Setting next_dagrun for example_kubernetes_executor to None, run_after=None
[2025-10-10T08:38:21.263+0000] {processor.py:208} INFO - Processing /home/airflow/.local/lib/python3.12/site-packages/airflow/example_dags/example_kubernetes_executor.py took 0.235 seconds
[2025-10-10T08:38:51.461+0000] {processor.py:186} INFO - Started process (PID=199) to work on /home/airflow/.local/lib/python3.12/site-packages/airflow/example_dags/example_kubernetes_executor.py
[2025-10-10T08:38:51.463+0000] {processor.py:914} INFO - Processing file /home/airflow/.local/lib/python3.12/site-packages/airflow/example_dags/example_kubernetes_executor.py for tasks to queue
[2025-10-10T08:38:51.470+0000] {logging_mixin.py:190} INFO - [2025-10-10T08:38:51.469+0000] {dagbag.py:587} INFO - Filling up the DagBag from /home/airflow/.local/lib/python3.12/site-packages/airflow/example_dags/example_kubernetes_executor.py
[2025-10-10T08:38:51.506+0000] {processor.py:925} INFO - DAG(s) 'example_kubernetes_executor' retrieved from /home/airflow/.local/lib/python3.12/site-packages/airflow/example_dags/example_kubernetes_executor.py
[2025-10-10T08:38:51.620+0000] {logging_mixin.py:190} INFO - [2025-10-10T08:38:51.619+0000] {dag.py:3211} INFO - Sync 1 DAGs
[2025-10-10T08:38:51.668+0000] {logging_mixin.py:190} INFO - [2025-10-10T08:38:51.667+0000] {dag.py:4138} INFO - Setting next_dagrun for example_kubernetes_executor to None, run_after=None
[2025-10-10T08:38:51.728+0000] {processor.py:208} INFO - Processing /home/airflow/.local/lib/python3.12/site-packages/airflow/example_dags/example_kubernetes_executor.py took 0.281 seconds
[2025-10-10T08:39:23.209+0000] {processor.py:186} INFO - Started process (PID=262) to work on /home/airflow/.local/lib/python3.12/site-packages/airflow/example_dags/example_kubernetes_executor.py
[2025-10-10T08:39:23.216+0000] {processor.py:914} INFO - Processing file /home/airflow/.local/lib/python3.12/site-packages/airflow/example_dags/example_kubernetes_executor.py for tasks to queue
[2025-10-10T08:39:23.229+0000] {logging_mixin.py:190} INFO - [2025-10-10T08:39:23.226+0000] {dagbag.py:587} INFO - Filling up the DagBag from /home/airflow/.local/lib/python3.12/site-packages/airflow/example_dags/example_kubernetes_executor.py
[2025-10-10T08:39:23.302+0000] {processor.py:925} INFO - DAG(s) 'example_kubernetes_executor' retrieved from /home/airflow/.local/lib/python3.12/site-packages/airflow/example_dags/example_kubernetes_executor.py
[2025-10-10T08:39:23.453+0000] {logging_mixin.py:190} INFO - [2025-10-10T08:39:23.452+0000] {dag.py:3211} INFO - Sync 1 DAGs
[2025-10-10T08:39:23.506+0000] {logging_mixin.py:190} INFO - [2025-10-10T08:39:23.505+0000] {dag.py:4138} INFO - Setting next_dagrun for example_kubernetes_executor to None, run_after=None
[2025-10-10T08:39:23.575+0000] {processor.py:208} INFO - Processing /home/airflow/.local/lib/python3.12/site-packages/airflow/example_dags/example_kubernetes_executor.py took 0.396 seconds
[2025-10-10T08:39:54.578+0000] {processor.py:186} INFO - Started process (PID=325) to work on /home/airflow/.local/lib/python3.12/site-packages/airflow/example_dags/example_kubernetes_executor.py
[2025-10-10T08:39:54.584+0000] {processor.py:914} INFO - Processing file /home/airflow/.local/lib/python3.12/site-packages/airflow/example_dags/example_kubernetes_executor.py for tasks to queue
[2025-10-10T08:39:54.600+0000] {logging_mixin.py:190} INFO - [2025-10-10T08:39:54.598+0000] {dagbag.py:587} INFO - Filling up the DagBag from /home/airflow/.local/lib/python3.12/site-packages/airflow/example_dags/example_kubernetes_executor.py
[2025-10-10T08:39:54.676+0000] {processor.py:925} INFO - DAG(s) 'example_kubernetes_executor' retrieved from /home/airflow/.local/lib/python3.12/site-packages/airflow/example_dags/example_kubernetes_executor.py
[2025-10-10T08:39:54.868+0000] {logging_mixin.py:190} INFO - [2025-10-10T08:39:54.867+0000] {dag.py:3211} INFO - Sync 1 DAGs
[2025-10-10T08:39:54.913+0000] {logging_mixin.py:190} INFO - [2025-10-10T08:39:54.913+0000] {dag.py:4138} INFO - Setting next_dagrun for example_kubernetes_executor to None, run_after=None
[2025-10-10T08:39:54.969+0000] {processor.py:208} INFO - Processing /home/airflow/.local/lib/python3.12/site-packages/airflow/example_dags/example_kubernetes_executor.py took 0.435 seconds
[2025-10-10T08:40:25.485+0000] {processor.py:186} INFO - Started process (PID=387) to work on /home/airflow/.local/lib/python3.12/site-packages/airflow/example_dags/example_kubernetes_executor.py
[2025-10-10T08:40:25.490+0000] {processor.py:914} INFO - Processing file /home/airflow/.local/lib/python3.12/site-packages/airflow/example_dags/example_kubernetes_executor.py for tasks to queue
[2025-10-10T08:40:25.500+0000] {logging_mixin.py:190} INFO - [2025-10-10T08:40:25.499+0000] {dagbag.py:587} INFO - Filling up the DagBag from /home/airflow/.local/lib/python3.12/site-packages/airflow/example_dags/example_kubernetes_executor.py
[2025-10-10T08:40:25.542+0000] {processor.py:925} INFO - DAG(s) 'example_kubernetes_executor' retrieved from /home/airflow/.local/lib/python3.12/site-packages/airflow/example_dags/example_kubernetes_executor.py
[2025-10-10T08:40:25.621+0000] {logging_mixin.py:190} INFO - [2025-10-10T08:40:25.620+0000] {dag.py:3211} INFO - Sync 1 DAGs
[2025-10-10T08:40:25.660+0000] {logging_mixin.py:190} INFO - [2025-10-10T08:40:25.659+0000] {dag.py:4138} INFO - Setting next_dagrun for example_kubernetes_executor to None, run_after=None
[2025-10-10T08:40:25.731+0000] {processor.py:208} INFO - Processing /home/airflow/.local/lib/python3.12/site-packages/airflow/example_dags/example_kubernetes_executor.py took 0.272 seconds
[2025-10-10T08:40:56.659+0000] {processor.py:186} INFO - Started process (PID=450) to work on /home/airflow/.local/lib/python3.12/site-packages/airflow/example_dags/example_kubernetes_executor.py
[2025-10-10T08:40:56.661+0000] {processor.py:914} INFO - Processing file /home/airflow/.local/lib/python3.12/site-packages/airflow/example_dags/example_kubernetes_executor.py for tasks to queue
[2025-10-10T08:40:56.666+0000] {logging_mixin.py:190} INFO - [2025-10-10T08:40:56.665+0000] {dagbag.py:587} INFO - Filling up the DagBag from /home/airflow/.local/lib/python3.12/site-packages/airflow/example_dags/example_kubernetes_executor.py
[2025-10-10T08:40:56.696+0000] {processor.py:925} INFO - DAG(s) 'example_kubernetes_executor' retrieved from /home/airflow/.local/lib/python3.12/site-packages/airflow/example_dags/example_kubernetes_executor.py
[2025-10-10T08:40:56.784+0000] {logging_mixin.py:190} INFO - [2025-10-10T08:40:56.779+0000] {dag.py:3211} INFO - Sync 1 DAGs
[2025-10-10T08:40:56.832+0000] {logging_mixin.py:190} INFO - [2025-10-10T08:40:56.831+0000] {dag.py:4138} INFO - Setting next_dagrun for example_kubernetes_executor to None, run_after=None
[2025-10-10T08:40:56.913+0000] {processor.py:208} INFO - Processing /home/airflow/.local/lib/python3.12/site-packages/airflow/example_dags/example_kubernetes_executor.py took 0.264 seconds
[2025-10-10T08:41:27.229+0000] {processor.py:186} INFO - Started process (PID=513) to work on /home/airflow/.local/lib/python3.12/site-packages/airflow/example_dags/example_kubernetes_executor.py
[2025-10-10T08:41:27.231+0000] {processor.py:914} INFO - Processing file /home/airflow/.local/lib/python3.12/site-packages/airflow/example_dags/example_kubernetes_executor.py for tasks to queue
[2025-10-10T08:41:27.236+0000] {logging_mixin.py:190} INFO - [2025-10-10T08:41:27.236+0000] {dagbag.py:587} INFO - Filling up the DagBag from /home/airflow/.local/lib/python3.12/site-packages/airflow/example_dags/example_kubernetes_executor.py
[2025-10-10T08:41:27.276+0000] {processor.py:925} INFO - DAG(s) 'example_kubernetes_executor' retrieved from /home/airflow/.local/lib/python3.12/site-packages/airflow/example_dags/example_kubernetes_executor.py
[2025-10-10T08:41:27.421+0000] {logging_mixin.py:190} INFO - [2025-10-10T08:41:27.420+0000] {dag.py:3211} INFO - Sync 1 DAGs
[2025-10-10T08:41:27.468+0000] {logging_mixin.py:190} INFO - [2025-10-10T08:41:27.467+0000] {dag.py:4138} INFO - Setting next_dagrun for example_kubernetes_executor to None, run_after=None
[2025-10-10T08:41:27.519+0000] {processor.py:208} INFO - Processing /home/airflow/.local/lib/python3.12/site-packages/airflow/example_dags/example_kubernetes_executor.py took 0.308 seconds
[2025-10-10T08:41:58.086+0000] {processor.py:186} INFO - Started process (PID=576) to work on /home/airflow/.local/lib/python3.12/site-packages/airflow/example_dags/example_kubernetes_executor.py
[2025-10-10T08:41:58.090+0000] {processor.py:914} INFO - Processing file /home/airflow/.local/lib/python3.12/site-packages/airflow/example_dags/example_kubernetes_executor.py for tasks to queue
[2025-10-10T08:41:58.098+0000] {logging_mixin.py:190} INFO - [2025-10-10T08:41:58.097+0000] {dagbag.py:587} INFO - Filling up the DagBag from /home/airflow/.local/lib/python3.12/site-packages/airflow/example_dags/example_kubernetes_executor.py
[2025-10-10T08:41:58.137+0000] {processor.py:925} INFO - DAG(s) 'example_kubernetes_executor' retrieved from /home/airflow/.local/lib/python3.12/site-packages/airflow/example_dags/example_kubernetes_executor.py
[2025-10-10T08:41:58.259+0000] {logging_mixin.py:190} INFO - [2025-10-10T08:41:58.258+0000] {dag.py:3211} INFO - Sync 1 DAGs
[2025-10-10T08:41:58.315+0000] {logging_mixin.py:190} INFO - [2025-10-10T08:41:58.314+0000] {dag.py:4138} INFO - Setting next_dagrun for example_kubernetes_executor to None, run_after=None
[2025-10-10T08:41:58.375+0000] {processor.py:208} INFO - Processing /home/airflow/.local/lib/python3.12/site-packages/airflow/example_dags/example_kubernetes_executor.py took 0.312 seconds
[2025-10-10T08:42:29.022+0000] {processor.py:186} INFO - Started process (PID=639) to work on /home/airflow/.local/lib/python3.12/site-packages/airflow/example_dags/example_kubernetes_executor.py
[2025-10-10T08:42:29.030+0000] {processor.py:914} INFO - Processing file /home/airflow/.local/lib/python3.12/site-packages/airflow/example_dags/example_kubernetes_executor.py for tasks to queue
[2025-10-10T08:42:29.054+0000] {logging_mixin.py:190} INFO - [2025-10-10T08:42:29.052+0000] {dagbag.py:587} INFO - Filling up the DagBag from /home/airflow/.local/lib/python3.12/site-packages/airflow/example_dags/example_kubernetes_executor.py
[2025-10-10T08:42:29.113+0000] {processor.py:925} INFO - DAG(s) 'example_kubernetes_executor' retrieved from /home/airflow/.local/lib/python3.12/site-packages/airflow/example_dags/example_kubernetes_executor.py
[2025-10-10T08:42:29.202+0000] {logging_mixin.py:190} INFO - [2025-10-10T08:42:29.202+0000] {dag.py:3211} INFO - Sync 1 DAGs
[2025-10-10T08:42:29.232+0000] {logging_mixin.py:190} INFO - [2025-10-10T08:42:29.232+0000] {dag.py:4138} INFO - Setting next_dagrun for example_kubernetes_executor to None, run_after=None
[2025-10-10T08:42:29.274+0000] {processor.py:208} INFO - Processing /home/airflow/.local/lib/python3.12/site-packages/airflow/example_dags/example_kubernetes_executor.py took 0.304 seconds
[2025-10-10T08:42:59.793+0000] {processor.py:186} INFO - Started process (PID=702) to work on /home/airflow/.local/lib/python3.12/site-packages/airflow/example_dags/example_kubernetes_executor.py
[2025-10-10T08:42:59.796+0000] {processor.py:914} INFO - Processing file /home/airflow/.local/lib/python3.12/site-packages/airflow/example_dags/example_kubernetes_executor.py for tasks to queue
[2025-10-10T08:42:59.805+0000] {logging_mixin.py:190} INFO - [2025-10-10T08:42:59.804+0000] {dagbag.py:587} INFO - Filling up the DagBag from /home/airflow/.local/lib/python3.12/site-packages/airflow/example_dags/example_kubernetes_executor.py
[2025-10-10T08:42:59.862+0000] {processor.py:925} INFO - DAG(s) 'example_kubernetes_executor' retrieved from /home/airflow/.local/lib/python3.12/site-packages/airflow/example_dags/example_kubernetes_executor.py
[2025-10-10T08:43:00.034+0000] {logging_mixin.py:190} INFO - [2025-10-10T08:43:00.033+0000] {dag.py:3211} INFO - Sync 1 DAGs
[2025-10-10T08:43:00.094+0000] {logging_mixin.py:190} INFO - [2025-10-10T08:43:00.093+0000] {dag.py:4138} INFO - Setting next_dagrun for example_kubernetes_executor to None, run_after=None
[2025-10-10T08:43:00.157+0000] {processor.py:208} INFO - Processing /home/airflow/.local/lib/python3.12/site-packages/airflow/example_dags/example_kubernetes_executor.py took 0.391 seconds
[2025-10-10T08:43:31.170+0000] {processor.py:186} INFO - Started process (PID=765) to work on /home/airflow/.local/lib/python3.12/site-packages/airflow/example_dags/example_kubernetes_executor.py
[2025-10-10T08:43:31.173+0000] {processor.py:914} INFO - Processing file /home/airflow/.local/lib/python3.12/site-packages/airflow/example_dags/example_kubernetes_executor.py for tasks to queue
[2025-10-10T08:43:31.181+0000] {logging_mixin.py:190} INFO - [2025-10-10T08:43:31.180+0000] {dagbag.py:587} INFO - Filling up the DagBag from /home/airflow/.local/lib/python3.12/site-packages/airflow/example_dags/example_kubernetes_executor.py
[2025-10-10T08:43:31.254+0000] {processor.py:925} INFO - DAG(s) 'example_kubernetes_executor' retrieved from /home/airflow/.local/lib/python3.12/site-packages/airflow/example_dags/example_kubernetes_executor.py
[2025-10-10T08:43:31.383+0000] {logging_mixin.py:190} INFO - [2025-10-10T08:43:31.382+0000] {dag.py:3211} INFO - Sync 1 DAGs
[2025-10-10T08:43:31.438+0000] {logging_mixin.py:190} INFO - [2025-10-10T08:43:31.437+0000] {dag.py:4138} INFO - Setting next_dagrun for example_kubernetes_executor to None, run_after=None
[2025-10-10T08:43:31.478+0000] {processor.py:208} INFO - Processing /home/airflow/.local/lib/python3.12/site-packages/airflow/example_dags/example_kubernetes_executor.py took 0.335 seconds
[2025-10-10T08:44:01.876+0000] {processor.py:186} INFO - Started process (PID=828) to work on /home/airflow/.local/lib/python3.12/site-packages/airflow/example_dags/example_kubernetes_executor.py
[2025-10-10T08:44:01.880+0000] {processor.py:914} INFO - Processing file /home/airflow/.local/lib/python3.12/site-packages/airflow/example_dags/example_kubernetes_executor.py for tasks to queue
[2025-10-10T08:44:01.890+0000] {logging_mixin.py:190} INFO - [2025-10-10T08:44:01.888+0000] {dagbag.py:587} INFO - Filling up the DagBag from /home/airflow/.local/lib/python3.12/site-packages/airflow/example_dags/example_kubernetes_executor.py
[2025-10-10T08:44:01.993+0000] {processor.py:925} INFO - DAG(s) 'example_kubernetes_executor' retrieved from /home/airflow/.local/lib/python3.12/site-packages/airflow/example_dags/example_kubernetes_executor.py
[2025-10-10T08:44:02.157+0000] {logging_mixin.py:190} INFO - [2025-10-10T08:44:02.156+0000] {dag.py:3211} INFO - Sync 1 DAGs
[2025-10-10T08:44:02.211+0000] {logging_mixin.py:190} INFO - [2025-10-10T08:44:02.211+0000] {dag.py:4138} INFO - Setting next_dagrun for example_kubernetes_executor to None, run_after=None
[2025-10-10T08:44:02.290+0000] {processor.py:208} INFO - Processing /home/airflow/.local/lib/python3.12/site-packages/airflow/example_dags/example_kubernetes_executor.py took 0.441 seconds
[2025-10-10T08:44:32.631+0000] {processor.py:186} INFO - Started process (PID=890) to work on /home/airflow/.local/lib/python3.12/site-packages/airflow/example_dags/example_kubernetes_executor.py
[2025-10-10T08:44:32.634+0000] {processor.py:914} INFO - Processing file /home/airflow/.local/lib/python3.12/site-packages/airflow/example_dags/example_kubernetes_executor.py for tasks to queue
[2025-10-10T08:44:32.640+0000] {logging_mixin.py:190} INFO - [2025-10-10T08:44:32.639+0000] {dagbag.py:587} INFO - Filling up the DagBag from /home/airflow/.local/lib/python3.12/site-packages/airflow/example_dags/example_kubernetes_executor.py
[2025-10-10T08:44:32.692+0000] {processor.py:925} INFO - DAG(s) 'example_kubernetes_executor' retrieved from /home/airflow/.local/lib/python3.12/site-packages/airflow/example_dags/example_kubernetes_executor.py
[2025-10-10T08:44:32.840+0000] {logging_mixin.py:190} INFO - [2025-10-10T08:44:32.840+0000] {dag.py:3211} INFO - Sync 1 DAGs
[2025-10-10T08:44:32.885+0000] {logging_mixin.py:190} INFO - [2025-10-10T08:44:32.885+0000] {dag.py:4138} INFO - Setting next_dagrun for example_kubernetes_executor to None, run_after=None
[2025-10-10T08:44:33.017+0000] {processor.py:208} INFO - Processing /home/airflow/.local/lib/python3.12/site-packages/airflow/example_dags/example_kubernetes_executor.py took 0.405 seconds
[2025-10-10T08:45:03.892+0000] {processor.py:186} INFO - Started process (PID=953) to work on /home/airflow/.local/lib/python3.12/site-packages/airflow/example_dags/example_kubernetes_executor.py
[2025-10-10T08:45:03.895+0000] {processor.py:914} INFO - Processing file /home/airflow/.local/lib/python3.12/site-packages/airflow/example_dags/example_kubernetes_executor.py for tasks to queue
[2025-10-10T08:45:03.910+0000] {logging_mixin.py:190} INFO - [2025-10-10T08:45:03.909+0000] {dagbag.py:587} INFO - Filling up the DagBag from /home/airflow/.local/lib/python3.12/site-packages/airflow/example_dags/example_kubernetes_executor.py
[2025-10-10T08:45:03.990+0000] {processor.py:925} INFO - DAG(s) 'example_kubernetes_executor' retrieved from /home/airflow/.local/lib/python3.12/site-packages/airflow/example_dags/example_kubernetes_executor.py
[2025-10-10T08:45:04.235+0000] {logging_mixin.py:190} INFO - [2025-10-10T08:45:04.234+0000] {dag.py:3211} INFO - Sync 1 DAGs
[2025-10-10T08:45:04.322+0000] {logging_mixin.py:190} INFO - [2025-10-10T08:45:04.322+0000] {dag.py:4138} INFO - Setting next_dagrun for example_kubernetes_executor to None, run_after=None
[2025-10-10T08:45:04.393+0000] {processor.py:208} INFO - Processing /home/airflow/.local/lib/python3.12/site-packages/airflow/example_dags/example_kubernetes_executor.py took 0.521 seconds
[2025-10-10T08:45:35.319+0000] {processor.py:186} INFO - Started process (PID=1016) to work on /home/airflow/.local/lib/python3.12/site-packages/airflow/example_dags/example_kubernetes_executor.py
[2025-10-10T08:45:35.326+0000] {processor.py:914} INFO - Processing file /home/airflow/.local/lib/python3.12/site-packages/airflow/example_dags/example_kubernetes_executor.py for tasks to queue
[2025-10-10T08:45:35.344+0000] {logging_mixin.py:190} INFO - [2025-10-10T08:45:35.341+0000] {dagbag.py:587} INFO - Filling up the DagBag from /home/airflow/.local/lib/python3.12/site-packages/airflow/example_dags/example_kubernetes_executor.py
[2025-10-10T08:45:35.443+0000] {processor.py:925} INFO - DAG(s) 'example_kubernetes_executor' retrieved from /home/airflow/.local/lib/python3.12/site-packages/airflow/example_dags/example_kubernetes_executor.py
[2025-10-10T08:45:35.622+0000] {logging_mixin.py:190} INFO - [2025-10-10T08:45:35.621+0000] {dag.py:3211} INFO - Sync 1 DAGs
[2025-10-10T08:45:35.661+0000] {logging_mixin.py:190} INFO - [2025-10-10T08:45:35.660+0000] {dag.py:4138} INFO - Setting next_dagrun for example_kubernetes_executor to None, run_after=None
[2025-10-10T08:45:35.703+0000] {processor.py:208} INFO - Processing /home/airflow/.local/lib/python3.12/site-packages/airflow/example_dags/example_kubernetes_executor.py took 0.421 seconds
[2025-10-10T08:46:06.026+0000] {processor.py:186} INFO - Started process (PID=1078) to work on /home/airflow/.local/lib/python3.12/site-packages/airflow/example_dags/example_kubernetes_executor.py
[2025-10-10T08:46:06.028+0000] {processor.py:914} INFO - Processing file /home/airflow/.local/lib/python3.12/site-packages/airflow/example_dags/example_kubernetes_executor.py for tasks to queue
[2025-10-10T08:46:06.036+0000] {logging_mixin.py:190} INFO - [2025-10-10T08:46:06.035+0000] {dagbag.py:587} INFO - Filling up the DagBag from /home/airflow/.local/lib/python3.12/site-packages/airflow/example_dags/example_kubernetes_executor.py
[2025-10-10T08:46:06.077+0000] {processor.py:925} INFO - DAG(s) 'example_kubernetes_executor' retrieved from /home/airflow/.local/lib/python3.12/site-packages/airflow/example_dags/example_kubernetes_executor.py
[2025-10-10T08:46:06.160+0000] {logging_mixin.py:190} INFO - [2025-10-10T08:46:06.160+0000] {dag.py:3211} INFO - Sync 1 DAGs
[2025-10-10T08:46:06.197+0000] {logging_mixin.py:190} INFO - [2025-10-10T08:46:06.196+0000] {dag.py:4138} INFO - Setting next_dagrun for example_kubernetes_executor to None, run_after=None
[2025-10-10T08:46:06.237+0000] {processor.py:208} INFO - Processing /home/airflow/.local/lib/python3.12/site-packages/airflow/example_dags/example_kubernetes_executor.py took 0.230 seconds
[2025-10-10T08:46:36.572+0000] {processor.py:186} INFO - Started process (PID=1141) to work on /home/airflow/.local/lib/python3.12/site-packages/airflow/example_dags/example_kubernetes_executor.py
[2025-10-10T08:46:36.576+0000] {processor.py:914} INFO - Processing file /home/airflow/.local/lib/python3.12/site-packages/airflow/example_dags/example_kubernetes_executor.py for tasks to queue
[2025-10-10T08:46:36.584+0000] {logging_mixin.py:190} INFO - [2025-10-10T08:46:36.583+0000] {dagbag.py:587} INFO - Filling up the DagBag from /home/airflow/.local/lib/python3.12/site-packages/airflow/example_dags/example_kubernetes_executor.py
[2025-10-10T08:46:36.635+0000] {processor.py:925} INFO - DAG(s) 'example_kubernetes_executor' retrieved from /home/airflow/.local/lib/python3.12/site-packages/airflow/example_dags/example_kubernetes_executor.py
[2025-10-10T08:46:36.779+0000] {logging_mixin.py:190} INFO - [2025-10-10T08:46:36.778+0000] {dag.py:3211} INFO - Sync 1 DAGs
[2025-10-10T08:46:36.842+0000] {logging_mixin.py:190} INFO - [2025-10-10T08:46:36.841+0000] {dag.py:4138} INFO - Setting next_dagrun for example_kubernetes_executor to None, run_after=None
[2025-10-10T08:46:36.915+0000] {processor.py:208} INFO - Processing /home/airflow/.local/lib/python3.12/site-packages/airflow/example_dags/example_kubernetes_executor.py took 0.374 seconds
[2025-10-10T08:47:07.596+0000] {processor.py:186} INFO - Started process (PID=1204) to work on /home/airflow/.local/lib/python3.12/site-packages/airflow/example_dags/example_kubernetes_executor.py
[2025-10-10T08:47:07.600+0000] {processor.py:914} INFO - Processing file /home/airflow/.local/lib/python3.12/site-packages/airflow/example_dags/example_kubernetes_executor.py for tasks to queue
[2025-10-10T08:47:07.609+0000] {logging_mixin.py:190} INFO - [2025-10-10T08:47:07.608+0000] {dagbag.py:587} INFO - Filling up the DagBag from /home/airflow/.local/lib/python3.12/site-packages/airflow/example_dags/example_kubernetes_executor.py
[2025-10-10T08:47:07.671+0000] {processor.py:925} INFO - DAG(s) 'example_kubernetes_executor' retrieved from /home/airflow/.local/lib/python3.12/site-packages/airflow/example_dags/example_kubernetes_executor.py
[2025-10-10T08:47:07.823+0000] {logging_mixin.py:190} INFO - [2025-10-10T08:47:07.822+0000] {dag.py:3211} INFO - Sync 1 DAGs
[2025-10-10T08:47:07.893+0000] {logging_mixin.py:190} INFO - [2025-10-10T08:47:07.893+0000] {dag.py:4138} INFO - Setting next_dagrun for example_kubernetes_executor to None, run_after=None
[2025-10-10T08:47:07.964+0000] {processor.py:208} INFO - Processing /home/airflow/.local/lib/python3.12/site-packages/airflow/example_dags/example_kubernetes_executor.py took 0.389 seconds
[2025-10-10T08:47:38.274+0000] {processor.py:186} INFO - Started process (PID=1267) to work on /home/airflow/.local/lib/python3.12/site-packages/airflow/example_dags/example_kubernetes_executor.py
[2025-10-10T08:47:38.277+0000] {processor.py:914} INFO - Processing file /home/airflow/.local/lib/python3.12/site-packages/airflow/example_dags/example_kubernetes_executor.py for tasks to queue
[2025-10-10T08:47:38.289+0000] {logging_mixin.py:190} INFO - [2025-10-10T08:47:38.287+0000] {dagbag.py:587} INFO - Filling up the DagBag from /home/airflow/.local/lib/python3.12/site-packages/airflow/example_dags/example_kubernetes_executor.py
[2025-10-10T08:47:38.339+0000] {processor.py:925} INFO - DAG(s) 'example_kubernetes_executor' retrieved from /home/airflow/.local/lib/python3.12/site-packages/airflow/example_dags/example_kubernetes_executor.py
[2025-10-10T08:47:38.419+0000] {logging_mixin.py:190} INFO - [2025-10-10T08:47:38.418+0000] {dag.py:3211} INFO - Sync 1 DAGs
[2025-10-10T08:47:38.456+0000] {logging_mixin.py:190} INFO - [2025-10-10T08:47:38.456+0000] {dag.py:4138} INFO - Setting next_dagrun for example_kubernetes_executor to None, run_after=None
[2025-10-10T08:47:38.506+0000] {processor.py:208} INFO - Processing /home/airflow/.local/lib/python3.12/site-packages/airflow/example_dags/example_kubernetes_executor.py took 0.271 seconds
[2025-10-10T08:48:09.226+0000] {processor.py:186} INFO - Started process (PID=1330) to work on /home/airflow/.local/lib/python3.12/site-packages/airflow/example_dags/example_kubernetes_executor.py
[2025-10-10T08:48:09.230+0000] {processor.py:914} INFO - Processing file /home/airflow/.local/lib/python3.12/site-packages/airflow/example_dags/example_kubernetes_executor.py for tasks to queue
[2025-10-10T08:48:09.237+0000] {logging_mixin.py:190} INFO - [2025-10-10T08:48:09.236+0000] {dagbag.py:587} INFO - Filling up the DagBag from /home/airflow/.local/lib/python3.12/site-packages/airflow/example_dags/example_kubernetes_executor.py
[2025-10-10T08:48:09.294+0000] {processor.py:925} INFO - DAG(s) 'example_kubernetes_executor' retrieved from /home/airflow/.local/lib/python3.12/site-packages/airflow/example_dags/example_kubernetes_executor.py
[2025-10-10T08:48:09.429+0000] {logging_mixin.py:190} INFO - [2025-10-10T08:48:09.427+0000] {dag.py:3211} INFO - Sync 1 DAGs
[2025-10-10T08:48:09.487+0000] {logging_mixin.py:190} INFO - [2025-10-10T08:48:09.486+0000] {dag.py:4138} INFO - Setting next_dagrun for example_kubernetes_executor to None, run_after=None
[2025-10-10T08:48:09.541+0000] {processor.py:208} INFO - Processing /home/airflow/.local/lib/python3.12/site-packages/airflow/example_dags/example_kubernetes_executor.py took 0.333 seconds
[2025-10-10T08:48:39.722+0000] {processor.py:186} INFO - Started process (PID=1393) to work on /home/airflow/.local/lib/python3.12/site-packages/airflow/example_dags/example_kubernetes_executor.py
[2025-10-10T08:48:39.724+0000] {processor.py:914} INFO - Processing file /home/airflow/.local/lib/python3.12/site-packages/airflow/example_dags/example_kubernetes_executor.py for tasks to queue
[2025-10-10T08:48:39.730+0000] {logging_mixin.py:190} INFO - [2025-10-10T08:48:39.729+0000] {dagbag.py:587} INFO - Filling up the DagBag from /home/airflow/.local/lib/python3.12/site-packages/airflow/example_dags/example_kubernetes_executor.py
[2025-10-10T08:48:39.778+0000] {processor.py:925} INFO - DAG(s) 'example_kubernetes_executor' retrieved from /home/airflow/.local/lib/python3.12/site-packages/airflow/example_dags/example_kubernetes_executor.py
[2025-10-10T08:48:39.877+0000] {logging_mixin.py:190} INFO - [2025-10-10T08:48:39.876+0000] {dag.py:3211} INFO - Sync 1 DAGs
[2025-10-10T08:48:39.908+0000] {logging_mixin.py:190} INFO - [2025-10-10T08:48:39.908+0000] {dag.py:4138} INFO - Setting next_dagrun for example_kubernetes_executor to None, run_after=None
[2025-10-10T08:48:39.956+0000] {processor.py:208} INFO - Processing /home/airflow/.local/lib/python3.12/site-packages/airflow/example_dags/example_kubernetes_executor.py took 0.248 seconds
[2025-10-10T08:49:10.970+0000] {processor.py:186} INFO - Started process (PID=1456) to work on /home/airflow/.local/lib/python3.12/site-packages/airflow/example_dags/example_kubernetes_executor.py
[2025-10-10T08:49:10.976+0000] {processor.py:914} INFO - Processing file /home/airflow/.local/lib/python3.12/site-packages/airflow/example_dags/example_kubernetes_executor.py for tasks to queue
[2025-10-10T08:49:11.001+0000] {logging_mixin.py:190} INFO - [2025-10-10T08:49:10.995+0000] {dagbag.py:587} INFO - Filling up the DagBag from /home/airflow/.local/lib/python3.12/site-packages/airflow/example_dags/example_kubernetes_executor.py
[2025-10-10T08:49:11.101+0000] {processor.py:925} INFO - DAG(s) 'example_kubernetes_executor' retrieved from /home/airflow/.local/lib/python3.12/site-packages/airflow/example_dags/example_kubernetes_executor.py
[2025-10-10T08:49:11.436+0000] {logging_mixin.py:190} INFO - [2025-10-10T08:49:11.436+0000] {dag.py:3211} INFO - Sync 1 DAGs
[2025-10-10T08:49:11.524+0000] {logging_mixin.py:190} INFO - [2025-10-10T08:49:11.523+0000] {dag.py:4138} INFO - Setting next_dagrun for example_kubernetes_executor to None, run_after=None
[2025-10-10T08:49:11.684+0000] {processor.py:208} INFO - Processing /home/airflow/.local/lib/python3.12/site-packages/airflow/example_dags/example_kubernetes_executor.py took 0.744 seconds
[2025-10-10T08:53:47.921+0000] {processor.py:186} INFO - Started process (PID=76) to work on /home/airflow/.local/lib/python3.12/site-packages/airflow/example_dags/example_kubernetes_executor.py
[2025-10-10T08:53:47.946+0000] {processor.py:914} INFO - Processing file /home/airflow/.local/lib/python3.12/site-packages/airflow/example_dags/example_kubernetes_executor.py for tasks to queue
[2025-10-10T08:53:47.954+0000] {logging_mixin.py:190} INFO - [2025-10-10T08:53:47.954+0000] {dagbag.py:587} INFO - Filling up the DagBag from /home/airflow/.local/lib/python3.12/site-packages/airflow/example_dags/example_kubernetes_executor.py
[2025-10-10T08:53:48.029+0000] {processor.py:925} INFO - DAG(s) 'example_kubernetes_executor' retrieved from /home/airflow/.local/lib/python3.12/site-packages/airflow/example_dags/example_kubernetes_executor.py
[2025-10-10T08:53:48.188+0000] {logging_mixin.py:190} INFO - [2025-10-10T08:53:48.187+0000] {dag.py:3211} INFO - Sync 1 DAGs
[2025-10-10T08:53:48.254+0000] {logging_mixin.py:190} INFO - [2025-10-10T08:53:48.254+0000] {dag.py:4138} INFO - Setting next_dagrun for example_kubernetes_executor to None, run_after=None
[2025-10-10T08:53:48.330+0000] {processor.py:208} INFO - Processing /home/airflow/.local/lib/python3.12/site-packages/airflow/example_dags/example_kubernetes_executor.py took 0.449 seconds
[2025-10-10T08:54:20.001+0000] {processor.py:186} INFO - Started process (PID=139) to work on /home/airflow/.local/lib/python3.12/site-packages/airflow/example_dags/example_kubernetes_executor.py
[2025-10-10T08:54:20.047+0000] {processor.py:914} INFO - Processing file /home/airflow/.local/lib/python3.12/site-packages/airflow/example_dags/example_kubernetes_executor.py for tasks to queue
[2025-10-10T08:54:20.084+0000] {logging_mixin.py:190} INFO - [2025-10-10T08:54:20.080+0000] {dagbag.py:587} INFO - Filling up the DagBag from /home/airflow/.local/lib/python3.12/site-packages/airflow/example_dags/example_kubernetes_executor.py
[2025-10-10T08:54:20.195+0000] {processor.py:925} INFO - DAG(s) 'example_kubernetes_executor' retrieved from /home/airflow/.local/lib/python3.12/site-packages/airflow/example_dags/example_kubernetes_executor.py
[2025-10-10T08:54:20.340+0000] {logging_mixin.py:190} INFO - [2025-10-10T08:54:20.339+0000] {dag.py:3211} INFO - Sync 1 DAGs
[2025-10-10T08:54:20.374+0000] {logging_mixin.py:190} INFO - [2025-10-10T08:54:20.374+0000] {dag.py:4138} INFO - Setting next_dagrun for example_kubernetes_executor to None, run_after=None
[2025-10-10T08:54:20.596+0000] {processor.py:208} INFO - Processing /home/airflow/.local/lib/python3.12/site-packages/airflow/example_dags/example_kubernetes_executor.py took 0.637 seconds
[2025-10-10T08:54:50.752+0000] {processor.py:186} INFO - Started process (PID=203) to work on /home/airflow/.local/lib/python3.12/site-packages/airflow/example_dags/example_kubernetes_executor.py
[2025-10-10T08:54:50.755+0000] {processor.py:914} INFO - Processing file /home/airflow/.local/lib/python3.12/site-packages/airflow/example_dags/example_kubernetes_executor.py for tasks to queue
[2025-10-10T08:54:50.769+0000] {logging_mixin.py:190} INFO - [2025-10-10T08:54:50.768+0000] {dagbag.py:587} INFO - Filling up the DagBag from /home/airflow/.local/lib/python3.12/site-packages/airflow/example_dags/example_kubernetes_executor.py
[2025-10-10T08:54:50.837+0000] {processor.py:925} INFO - DAG(s) 'example_kubernetes_executor' retrieved from /home/airflow/.local/lib/python3.12/site-packages/airflow/example_dags/example_kubernetes_executor.py
[2025-10-10T08:54:50.979+0000] {logging_mixin.py:190} INFO - [2025-10-10T08:54:50.978+0000] {dag.py:3211} INFO - Sync 1 DAGs
[2025-10-10T08:54:51.025+0000] {logging_mixin.py:190} INFO - [2025-10-10T08:54:51.024+0000] {dag.py:4138} INFO - Setting next_dagrun for example_kubernetes_executor to None, run_after=None
[2025-10-10T08:54:51.102+0000] {processor.py:208} INFO - Processing /home/airflow/.local/lib/python3.12/site-packages/airflow/example_dags/example_kubernetes_executor.py took 0.373 seconds
[2025-10-10T08:57:56.252+0000] {processor.py:186} INFO - Started process (PID=77) to work on /home/airflow/.local/lib/python3.12/site-packages/airflow/example_dags/example_kubernetes_executor.py
[2025-10-10T08:57:56.258+0000] {processor.py:914} INFO - Processing file /home/airflow/.local/lib/python3.12/site-packages/airflow/example_dags/example_kubernetes_executor.py for tasks to queue
[2025-10-10T08:57:56.264+0000] {logging_mixin.py:190} INFO - [2025-10-10T08:57:56.263+0000] {dagbag.py:587} INFO - Filling up the DagBag from /home/airflow/.local/lib/python3.12/site-packages/airflow/example_dags/example_kubernetes_executor.py
[2025-10-10T08:57:56.373+0000] {processor.py:925} INFO - DAG(s) 'example_kubernetes_executor' retrieved from /home/airflow/.local/lib/python3.12/site-packages/airflow/example_dags/example_kubernetes_executor.py
[2025-10-10T08:57:56.727+0000] {logging_mixin.py:190} INFO - [2025-10-10T08:57:56.726+0000] {dag.py:3211} INFO - Sync 1 DAGs
[2025-10-10T08:57:56.843+0000] {logging_mixin.py:190} INFO - [2025-10-10T08:57:56.843+0000] {dag.py:4138} INFO - Setting next_dagrun for example_kubernetes_executor to None, run_after=None
[2025-10-10T08:57:56.931+0000] {processor.py:208} INFO - Processing /home/airflow/.local/lib/python3.12/site-packages/airflow/example_dags/example_kubernetes_executor.py took 0.705 seconds
[2025-10-10T08:58:27.491+0000] {processor.py:186} INFO - Started process (PID=140) to work on /home/airflow/.local/lib/python3.12/site-packages/airflow/example_dags/example_kubernetes_executor.py
[2025-10-10T08:58:27.494+0000] {processor.py:914} INFO - Processing file /home/airflow/.local/lib/python3.12/site-packages/airflow/example_dags/example_kubernetes_executor.py for tasks to queue
[2025-10-10T08:58:27.504+0000] {logging_mixin.py:190} INFO - [2025-10-10T08:58:27.502+0000] {dagbag.py:587} INFO - Filling up the DagBag from /home/airflow/.local/lib/python3.12/site-packages/airflow/example_dags/example_kubernetes_executor.py
[2025-10-10T08:58:27.549+0000] {processor.py:925} INFO - DAG(s) 'example_kubernetes_executor' retrieved from /home/airflow/.local/lib/python3.12/site-packages/airflow/example_dags/example_kubernetes_executor.py
[2025-10-10T08:58:27.676+0000] {logging_mixin.py:190} INFO - [2025-10-10T08:58:27.675+0000] {dag.py:3211} INFO - Sync 1 DAGs
[2025-10-10T08:58:27.723+0000] {logging_mixin.py:190} INFO - [2025-10-10T08:58:27.723+0000] {dag.py:4138} INFO - Setting next_dagrun for example_kubernetes_executor to None, run_after=None
[2025-10-10T08:58:27.787+0000] {processor.py:208} INFO - Processing /home/airflow/.local/lib/python3.12/site-packages/airflow/example_dags/example_kubernetes_executor.py took 0.314 seconds
[2025-10-10T09:01:21.858+0000] {processor.py:186} INFO - Started process (PID=76) to work on /home/airflow/.local/lib/python3.12/site-packages/airflow/example_dags/example_kubernetes_executor.py
[2025-10-10T09:01:21.901+0000] {processor.py:914} INFO - Processing file /home/airflow/.local/lib/python3.12/site-packages/airflow/example_dags/example_kubernetes_executor.py for tasks to queue
[2025-10-10T09:01:21.911+0000] {logging_mixin.py:190} INFO - [2025-10-10T09:01:21.910+0000] {dagbag.py:587} INFO - Filling up the DagBag from /home/airflow/.local/lib/python3.12/site-packages/airflow/example_dags/example_kubernetes_executor.py
[2025-10-10T09:01:21.981+0000] {processor.py:925} INFO - DAG(s) 'example_kubernetes_executor' retrieved from /home/airflow/.local/lib/python3.12/site-packages/airflow/example_dags/example_kubernetes_executor.py
[2025-10-10T09:01:22.147+0000] {logging_mixin.py:190} INFO - [2025-10-10T09:01:22.146+0000] {dag.py:3211} INFO - Sync 1 DAGs
[2025-10-10T09:01:22.188+0000] {logging_mixin.py:190} INFO - [2025-10-10T09:01:22.188+0000] {dag.py:4138} INFO - Setting next_dagrun for example_kubernetes_executor to None, run_after=None
[2025-10-10T09:01:23.302+0000] {processor.py:208} INFO - Processing /home/airflow/.local/lib/python3.12/site-packages/airflow/example_dags/example_kubernetes_executor.py took 1.463 seconds
[2025-10-10T09:01:54.202+0000] {processor.py:186} INFO - Started process (PID=139) to work on /home/airflow/.local/lib/python3.12/site-packages/airflow/example_dags/example_kubernetes_executor.py
[2025-10-10T09:01:54.207+0000] {processor.py:914} INFO - Processing file /home/airflow/.local/lib/python3.12/site-packages/airflow/example_dags/example_kubernetes_executor.py for tasks to queue
[2025-10-10T09:01:54.216+0000] {logging_mixin.py:190} INFO - [2025-10-10T09:01:54.215+0000] {dagbag.py:587} INFO - Filling up the DagBag from /home/airflow/.local/lib/python3.12/site-packages/airflow/example_dags/example_kubernetes_executor.py
[2025-10-10T09:01:54.272+0000] {processor.py:925} INFO - DAG(s) 'example_kubernetes_executor' retrieved from /home/airflow/.local/lib/python3.12/site-packages/airflow/example_dags/example_kubernetes_executor.py
[2025-10-10T09:01:54.529+0000] {logging_mixin.py:190} INFO - [2025-10-10T09:01:54.528+0000] {dag.py:3211} INFO - Sync 1 DAGs
[2025-10-10T09:01:54.625+0000] {logging_mixin.py:190} INFO - [2025-10-10T09:01:54.624+0000] {dag.py:4138} INFO - Setting next_dagrun for example_kubernetes_executor to None, run_after=None
[2025-10-10T09:01:54.762+0000] {processor.py:208} INFO - Processing /home/airflow/.local/lib/python3.12/site-packages/airflow/example_dags/example_kubernetes_executor.py took 0.582 seconds
[2025-10-10T09:02:25.194+0000] {processor.py:186} INFO - Started process (PID=203) to work on /home/airflow/.local/lib/python3.12/site-packages/airflow/example_dags/example_kubernetes_executor.py
[2025-10-10T09:02:25.199+0000] {processor.py:914} INFO - Processing file /home/airflow/.local/lib/python3.12/site-packages/airflow/example_dags/example_kubernetes_executor.py for tasks to queue
[2025-10-10T09:02:25.210+0000] {logging_mixin.py:190} INFO - [2025-10-10T09:02:25.209+0000] {dagbag.py:587} INFO - Filling up the DagBag from /home/airflow/.local/lib/python3.12/site-packages/airflow/example_dags/example_kubernetes_executor.py
[2025-10-10T09:02:25.263+0000] {processor.py:925} INFO - DAG(s) 'example_kubernetes_executor' retrieved from /home/airflow/.local/lib/python3.12/site-packages/airflow/example_dags/example_kubernetes_executor.py
[2025-10-10T09:02:25.374+0000] {logging_mixin.py:190} INFO - [2025-10-10T09:02:25.373+0000] {dag.py:3211} INFO - Sync 1 DAGs
[2025-10-10T09:02:25.416+0000] {logging_mixin.py:190} INFO - [2025-10-10T09:02:25.415+0000] {dag.py:4138} INFO - Setting next_dagrun for example_kubernetes_executor to None, run_after=None
[2025-10-10T09:02:25.485+0000] {processor.py:208} INFO - Processing /home/airflow/.local/lib/python3.12/site-packages/airflow/example_dags/example_kubernetes_executor.py took 0.314 seconds
[2025-10-10T09:02:56.254+0000] {processor.py:186} INFO - Started process (PID=266) to work on /home/airflow/.local/lib/python3.12/site-packages/airflow/example_dags/example_kubernetes_executor.py
[2025-10-10T09:02:56.257+0000] {processor.py:914} INFO - Processing file /home/airflow/.local/lib/python3.12/site-packages/airflow/example_dags/example_kubernetes_executor.py for tasks to queue
[2025-10-10T09:02:56.264+0000] {logging_mixin.py:190} INFO - [2025-10-10T09:02:56.263+0000] {dagbag.py:587} INFO - Filling up the DagBag from /home/airflow/.local/lib/python3.12/site-packages/airflow/example_dags/example_kubernetes_executor.py
[2025-10-10T09:02:56.306+0000] {processor.py:925} INFO - DAG(s) 'example_kubernetes_executor' retrieved from /home/airflow/.local/lib/python3.12/site-packages/airflow/example_dags/example_kubernetes_executor.py
[2025-10-10T09:02:56.402+0000] {logging_mixin.py:190} INFO - [2025-10-10T09:02:56.402+0000] {dag.py:3211} INFO - Sync 1 DAGs
[2025-10-10T09:02:56.447+0000] {logging_mixin.py:190} INFO - [2025-10-10T09:02:56.446+0000] {dag.py:4138} INFO - Setting next_dagrun for example_kubernetes_executor to None, run_after=None
[2025-10-10T09:02:56.511+0000] {processor.py:208} INFO - Processing /home/airflow/.local/lib/python3.12/site-packages/airflow/example_dags/example_kubernetes_executor.py took 0.273 seconds
[2025-10-10T09:03:26.873+0000] {processor.py:186} INFO - Started process (PID=328) to work on /home/airflow/.local/lib/python3.12/site-packages/airflow/example_dags/example_kubernetes_executor.py
[2025-10-10T09:03:26.876+0000] {processor.py:914} INFO - Processing file /home/airflow/.local/lib/python3.12/site-packages/airflow/example_dags/example_kubernetes_executor.py for tasks to queue
[2025-10-10T09:03:26.883+0000] {logging_mixin.py:190} INFO - [2025-10-10T09:03:26.882+0000] {dagbag.py:587} INFO - Filling up the DagBag from /home/airflow/.local/lib/python3.12/site-packages/airflow/example_dags/example_kubernetes_executor.py
[2025-10-10T09:03:26.923+0000] {processor.py:925} INFO - DAG(s) 'example_kubernetes_executor' retrieved from /home/airflow/.local/lib/python3.12/site-packages/airflow/example_dags/example_kubernetes_executor.py
[2025-10-10T09:03:27.022+0000] {logging_mixin.py:190} INFO - [2025-10-10T09:03:27.021+0000] {dag.py:3211} INFO - Sync 1 DAGs
[2025-10-10T09:03:27.062+0000] {logging_mixin.py:190} INFO - [2025-10-10T09:03:27.062+0000] {dag.py:4138} INFO - Setting next_dagrun for example_kubernetes_executor to None, run_after=None
[2025-10-10T09:03:27.113+0000] {processor.py:208} INFO - Processing /home/airflow/.local/lib/python3.12/site-packages/airflow/example_dags/example_kubernetes_executor.py took 0.257 seconds
[2025-10-10T09:03:57.505+0000] {processor.py:186} INFO - Started process (PID=391) to work on /home/airflow/.local/lib/python3.12/site-packages/airflow/example_dags/example_kubernetes_executor.py
[2025-10-10T09:03:57.507+0000] {processor.py:914} INFO - Processing file /home/airflow/.local/lib/python3.12/site-packages/airflow/example_dags/example_kubernetes_executor.py for tasks to queue
[2025-10-10T09:03:57.514+0000] {logging_mixin.py:190} INFO - [2025-10-10T09:03:57.513+0000] {dagbag.py:587} INFO - Filling up the DagBag from /home/airflow/.local/lib/python3.12/site-packages/airflow/example_dags/example_kubernetes_executor.py
[2025-10-10T09:03:57.554+0000] {processor.py:925} INFO - DAG(s) 'example_kubernetes_executor' retrieved from /home/airflow/.local/lib/python3.12/site-packages/airflow/example_dags/example_kubernetes_executor.py
[2025-10-10T09:03:57.645+0000] {logging_mixin.py:190} INFO - [2025-10-10T09:03:57.645+0000] {dag.py:3211} INFO - Sync 1 DAGs
[2025-10-10T09:03:57.681+0000] {logging_mixin.py:190} INFO - [2025-10-10T09:03:57.681+0000] {dag.py:4138} INFO - Setting next_dagrun for example_kubernetes_executor to None, run_after=None
[2025-10-10T09:03:57.726+0000] {processor.py:208} INFO - Processing /home/airflow/.local/lib/python3.12/site-packages/airflow/example_dags/example_kubernetes_executor.py took 0.237 seconds
[2025-10-10T09:04:27.932+0000] {processor.py:186} INFO - Started process (PID=454) to work on /home/airflow/.local/lib/python3.12/site-packages/airflow/example_dags/example_kubernetes_executor.py
[2025-10-10T09:04:27.934+0000] {processor.py:914} INFO - Processing file /home/airflow/.local/lib/python3.12/site-packages/airflow/example_dags/example_kubernetes_executor.py for tasks to queue
[2025-10-10T09:04:27.941+0000] {logging_mixin.py:190} INFO - [2025-10-10T09:04:27.940+0000] {dagbag.py:587} INFO - Filling up the DagBag from /home/airflow/.local/lib/python3.12/site-packages/airflow/example_dags/example_kubernetes_executor.py
[2025-10-10T09:04:27.978+0000] {processor.py:925} INFO - DAG(s) 'example_kubernetes_executor' retrieved from /home/airflow/.local/lib/python3.12/site-packages/airflow/example_dags/example_kubernetes_executor.py
[2025-10-10T09:04:28.067+0000] {logging_mixin.py:190} INFO - [2025-10-10T09:04:28.066+0000] {dag.py:3211} INFO - Sync 1 DAGs
[2025-10-10T09:04:28.106+0000] {logging_mixin.py:190} INFO - [2025-10-10T09:04:28.106+0000] {dag.py:4138} INFO - Setting next_dagrun for example_kubernetes_executor to None, run_after=None
[2025-10-10T09:04:28.168+0000] {processor.py:208} INFO - Processing /home/airflow/.local/lib/python3.12/site-packages/airflow/example_dags/example_kubernetes_executor.py took 0.250 seconds
[2025-10-10T09:04:58.467+0000] {processor.py:186} INFO - Started process (PID=517) to work on /home/airflow/.local/lib/python3.12/site-packages/airflow/example_dags/example_kubernetes_executor.py
[2025-10-10T09:04:58.469+0000] {processor.py:914} INFO - Processing file /home/airflow/.local/lib/python3.12/site-packages/airflow/example_dags/example_kubernetes_executor.py for tasks to queue
[2025-10-10T09:04:58.475+0000] {logging_mixin.py:190} INFO - [2025-10-10T09:04:58.474+0000] {dagbag.py:587} INFO - Filling up the DagBag from /home/airflow/.local/lib/python3.12/site-packages/airflow/example_dags/example_kubernetes_executor.py
[2025-10-10T09:04:58.503+0000] {processor.py:925} INFO - DAG(s) 'example_kubernetes_executor' retrieved from /home/airflow/.local/lib/python3.12/site-packages/airflow/example_dags/example_kubernetes_executor.py
[2025-10-10T09:04:58.594+0000] {logging_mixin.py:190} INFO - [2025-10-10T09:04:58.594+0000] {dag.py:3211} INFO - Sync 1 DAGs
[2025-10-10T09:04:58.632+0000] {logging_mixin.py:190} INFO - [2025-10-10T09:04:58.631+0000] {dag.py:4138} INFO - Setting next_dagrun for example_kubernetes_executor to None, run_after=None
[2025-10-10T09:04:58.679+0000] {processor.py:208} INFO - Processing /home/airflow/.local/lib/python3.12/site-packages/airflow/example_dags/example_kubernetes_executor.py took 0.224 seconds
[2025-10-10T09:05:29.426+0000] {processor.py:186} INFO - Started process (PID=580) to work on /home/airflow/.local/lib/python3.12/site-packages/airflow/example_dags/example_kubernetes_executor.py
[2025-10-10T09:05:29.431+0000] {processor.py:914} INFO - Processing file /home/airflow/.local/lib/python3.12/site-packages/airflow/example_dags/example_kubernetes_executor.py for tasks to queue
[2025-10-10T09:05:29.447+0000] {logging_mixin.py:190} INFO - [2025-10-10T09:05:29.446+0000] {dagbag.py:587} INFO - Filling up the DagBag from /home/airflow/.local/lib/python3.12/site-packages/airflow/example_dags/example_kubernetes_executor.py
[2025-10-10T09:05:29.498+0000] {processor.py:925} INFO - DAG(s) 'example_kubernetes_executor' retrieved from /home/airflow/.local/lib/python3.12/site-packages/airflow/example_dags/example_kubernetes_executor.py
[2025-10-10T09:05:29.654+0000] {logging_mixin.py:190} INFO - [2025-10-10T09:05:29.654+0000] {dag.py:3211} INFO - Sync 1 DAGs
[2025-10-10T09:05:29.750+0000] {logging_mixin.py:190} INFO - [2025-10-10T09:05:29.750+0000] {dag.py:4138} INFO - Setting next_dagrun for example_kubernetes_executor to None, run_after=None
[2025-10-10T09:05:29.852+0000] {processor.py:208} INFO - Processing /home/airflow/.local/lib/python3.12/site-packages/airflow/example_dags/example_kubernetes_executor.py took 0.461 seconds
