[2025-10-10T08:37:49.453+0000] {processor.py:186} INFO - Started process (PID=72) to work on /home/airflow/.local/lib/python3.12/site-packages/airflow/example_dags/example_setup_teardown.py
[2025-10-10T08:37:49.456+0000] {processor.py:914} INFO - Processing file /home/airflow/.local/lib/python3.12/site-packages/airflow/example_dags/example_setup_teardown.py for tasks to queue
[2025-10-10T08:37:49.463+0000] {logging_mixin.py:190} INFO - [2025-10-10T08:37:49.462+0000] {dagbag.py:587} INFO - Filling up the DagBag from /home/airflow/.local/lib/python3.12/site-packages/airflow/example_dags/example_setup_teardown.py
[2025-10-10T08:37:49.502+0000] {processor.py:925} INFO - DAG(s) 'example_setup_teardown' retrieved from /home/airflow/.local/lib/python3.12/site-packages/airflow/example_dags/example_setup_teardown.py
[2025-10-10T08:37:49.607+0000] {logging_mixin.py:190} INFO - [2025-10-10T08:37:49.606+0000] {dag.py:3211} INFO - Sync 1 DAGs
[2025-10-10T08:37:49.732+0000] {logging_mixin.py:190} INFO - [2025-10-10T08:37:49.731+0000] {dag.py:4138} INFO - Setting next_dagrun for example_setup_teardown to 2025-10-09 00:00:00+00:00, run_after=2025-10-10 00:00:00+00:00
[2025-10-10T08:37:49.804+0000] {processor.py:208} INFO - Processing /home/airflow/.local/lib/python3.12/site-packages/airflow/example_dags/example_setup_teardown.py took 0.371 seconds
[2025-10-10T08:38:20.678+0000] {processor.py:186} INFO - Started process (PID=135) to work on /home/airflow/.local/lib/python3.12/site-packages/airflow/example_dags/example_setup_teardown.py
[2025-10-10T08:38:20.680+0000] {processor.py:914} INFO - Processing file /home/airflow/.local/lib/python3.12/site-packages/airflow/example_dags/example_setup_teardown.py for tasks to queue
[2025-10-10T08:38:20.687+0000] {logging_mixin.py:190} INFO - [2025-10-10T08:38:20.686+0000] {dagbag.py:587} INFO - Filling up the DagBag from /home/airflow/.local/lib/python3.12/site-packages/airflow/example_dags/example_setup_teardown.py
[2025-10-10T08:38:20.710+0000] {processor.py:925} INFO - DAG(s) 'example_setup_teardown' retrieved from /home/airflow/.local/lib/python3.12/site-packages/airflow/example_dags/example_setup_teardown.py
[2025-10-10T08:38:20.776+0000] {logging_mixin.py:190} INFO - [2025-10-10T08:38:20.776+0000] {dag.py:3211} INFO - Sync 1 DAGs
[2025-10-10T08:38:20.863+0000] {logging_mixin.py:190} INFO - [2025-10-10T08:38:20.862+0000] {dag.py:4138} INFO - Setting next_dagrun for example_setup_teardown to 2025-10-09 00:00:00+00:00, run_after=2025-10-10 00:00:00+00:00
[2025-10-10T08:38:20.928+0000] {processor.py:208} INFO - Processing /home/airflow/.local/lib/python3.12/site-packages/airflow/example_dags/example_setup_teardown.py took 0.264 seconds
[2025-10-10T08:38:51.099+0000] {processor.py:186} INFO - Started process (PID=197) to work on /home/airflow/.local/lib/python3.12/site-packages/airflow/example_dags/example_setup_teardown.py
[2025-10-10T08:38:51.103+0000] {processor.py:914} INFO - Processing file /home/airflow/.local/lib/python3.12/site-packages/airflow/example_dags/example_setup_teardown.py for tasks to queue
[2025-10-10T08:38:51.119+0000] {logging_mixin.py:190} INFO - [2025-10-10T08:38:51.118+0000] {dagbag.py:587} INFO - Filling up the DagBag from /home/airflow/.local/lib/python3.12/site-packages/airflow/example_dags/example_setup_teardown.py
[2025-10-10T08:38:51.157+0000] {processor.py:925} INFO - DAG(s) 'example_setup_teardown' retrieved from /home/airflow/.local/lib/python3.12/site-packages/airflow/example_dags/example_setup_teardown.py
[2025-10-10T08:38:51.243+0000] {logging_mixin.py:190} INFO - [2025-10-10T08:38:51.243+0000] {dag.py:3211} INFO - Sync 1 DAGs
[2025-10-10T08:38:51.325+0000] {logging_mixin.py:190} INFO - [2025-10-10T08:38:51.325+0000] {dag.py:4138} INFO - Setting next_dagrun for example_setup_teardown to 2025-10-09 00:00:00+00:00, run_after=2025-10-10 00:00:00+00:00
[2025-10-10T08:38:51.371+0000] {processor.py:208} INFO - Processing /home/airflow/.local/lib/python3.12/site-packages/airflow/example_dags/example_setup_teardown.py took 0.308 seconds
[2025-10-10T08:39:22.102+0000] {processor.py:186} INFO - Started process (PID=260) to work on /home/airflow/.local/lib/python3.12/site-packages/airflow/example_dags/example_setup_teardown.py
[2025-10-10T08:39:22.106+0000] {processor.py:914} INFO - Processing file /home/airflow/.local/lib/python3.12/site-packages/airflow/example_dags/example_setup_teardown.py for tasks to queue
[2025-10-10T08:39:22.119+0000] {logging_mixin.py:190} INFO - [2025-10-10T08:39:22.118+0000] {dagbag.py:587} INFO - Filling up the DagBag from /home/airflow/.local/lib/python3.12/site-packages/airflow/example_dags/example_setup_teardown.py
[2025-10-10T08:39:22.149+0000] {processor.py:925} INFO - DAG(s) 'example_setup_teardown' retrieved from /home/airflow/.local/lib/python3.12/site-packages/airflow/example_dags/example_setup_teardown.py
[2025-10-10T08:39:22.233+0000] {logging_mixin.py:190} INFO - [2025-10-10T08:39:22.232+0000] {dag.py:3211} INFO - Sync 1 DAGs
[2025-10-10T08:39:22.305+0000] {logging_mixin.py:190} INFO - [2025-10-10T08:39:22.304+0000] {dag.py:4138} INFO - Setting next_dagrun for example_setup_teardown to 2025-10-09 00:00:00+00:00, run_after=2025-10-10 00:00:00+00:00
[2025-10-10T08:39:22.415+0000] {processor.py:208} INFO - Processing /home/airflow/.local/lib/python3.12/site-packages/airflow/example_dags/example_setup_teardown.py took 0.338 seconds
[2025-10-10T08:39:53.328+0000] {processor.py:186} INFO - Started process (PID=323) to work on /home/airflow/.local/lib/python3.12/site-packages/airflow/example_dags/example_setup_teardown.py
[2025-10-10T08:39:53.332+0000] {processor.py:914} INFO - Processing file /home/airflow/.local/lib/python3.12/site-packages/airflow/example_dags/example_setup_teardown.py for tasks to queue
[2025-10-10T08:39:53.345+0000] {logging_mixin.py:190} INFO - [2025-10-10T08:39:53.343+0000] {dagbag.py:587} INFO - Filling up the DagBag from /home/airflow/.local/lib/python3.12/site-packages/airflow/example_dags/example_setup_teardown.py
[2025-10-10T08:39:53.373+0000] {processor.py:925} INFO - DAG(s) 'example_setup_teardown' retrieved from /home/airflow/.local/lib/python3.12/site-packages/airflow/example_dags/example_setup_teardown.py
[2025-10-10T08:39:53.418+0000] {logging_mixin.py:190} INFO - [2025-10-10T08:39:53.418+0000] {dag.py:3211} INFO - Sync 1 DAGs
[2025-10-10T08:39:53.476+0000] {logging_mixin.py:190} INFO - [2025-10-10T08:39:53.475+0000] {dag.py:4138} INFO - Setting next_dagrun for example_setup_teardown to 2025-10-09 00:00:00+00:00, run_after=2025-10-10 00:00:00+00:00
[2025-10-10T08:39:53.545+0000] {processor.py:208} INFO - Processing /home/airflow/.local/lib/python3.12/site-packages/airflow/example_dags/example_setup_teardown.py took 0.243 seconds
[2025-10-10T08:40:24.107+0000] {processor.py:186} INFO - Started process (PID=386) to work on /home/airflow/.local/lib/python3.12/site-packages/airflow/example_dags/example_setup_teardown.py
[2025-10-10T08:40:24.111+0000] {processor.py:914} INFO - Processing file /home/airflow/.local/lib/python3.12/site-packages/airflow/example_dags/example_setup_teardown.py for tasks to queue
[2025-10-10T08:40:24.118+0000] {logging_mixin.py:190} INFO - [2025-10-10T08:40:24.117+0000] {dagbag.py:587} INFO - Filling up the DagBag from /home/airflow/.local/lib/python3.12/site-packages/airflow/example_dags/example_setup_teardown.py
[2025-10-10T08:40:24.142+0000] {processor.py:925} INFO - DAG(s) 'example_setup_teardown' retrieved from /home/airflow/.local/lib/python3.12/site-packages/airflow/example_dags/example_setup_teardown.py
[2025-10-10T08:40:24.190+0000] {logging_mixin.py:190} INFO - [2025-10-10T08:40:24.189+0000] {dag.py:3211} INFO - Sync 1 DAGs
[2025-10-10T08:40:24.238+0000] {logging_mixin.py:190} INFO - [2025-10-10T08:40:24.237+0000] {dag.py:4138} INFO - Setting next_dagrun for example_setup_teardown to 2025-10-09 00:00:00+00:00, run_after=2025-10-10 00:00:00+00:00
[2025-10-10T08:40:24.285+0000] {processor.py:208} INFO - Processing /home/airflow/.local/lib/python3.12/site-packages/airflow/example_dags/example_setup_teardown.py took 0.194 seconds
[2025-10-10T08:40:55.193+0000] {processor.py:186} INFO - Started process (PID=449) to work on /home/airflow/.local/lib/python3.12/site-packages/airflow/example_dags/example_setup_teardown.py
[2025-10-10T08:40:55.200+0000] {processor.py:914} INFO - Processing file /home/airflow/.local/lib/python3.12/site-packages/airflow/example_dags/example_setup_teardown.py for tasks to queue
[2025-10-10T08:40:55.213+0000] {logging_mixin.py:190} INFO - [2025-10-10T08:40:55.211+0000] {dagbag.py:587} INFO - Filling up the DagBag from /home/airflow/.local/lib/python3.12/site-packages/airflow/example_dags/example_setup_teardown.py
[2025-10-10T08:40:55.261+0000] {processor.py:925} INFO - DAG(s) 'example_setup_teardown' retrieved from /home/airflow/.local/lib/python3.12/site-packages/airflow/example_dags/example_setup_teardown.py
[2025-10-10T08:40:55.362+0000] {logging_mixin.py:190} INFO - [2025-10-10T08:40:55.361+0000] {dag.py:3211} INFO - Sync 1 DAGs
[2025-10-10T08:40:55.469+0000] {logging_mixin.py:190} INFO - [2025-10-10T08:40:55.468+0000] {dag.py:4138} INFO - Setting next_dagrun for example_setup_teardown to 2025-10-09 00:00:00+00:00, run_after=2025-10-10 00:00:00+00:00
[2025-10-10T08:40:55.559+0000] {processor.py:208} INFO - Processing /home/airflow/.local/lib/python3.12/site-packages/airflow/example_dags/example_setup_teardown.py took 0.402 seconds
[2025-10-10T08:41:26.196+0000] {processor.py:186} INFO - Started process (PID=512) to work on /home/airflow/.local/lib/python3.12/site-packages/airflow/example_dags/example_setup_teardown.py
[2025-10-10T08:41:26.199+0000] {processor.py:914} INFO - Processing file /home/airflow/.local/lib/python3.12/site-packages/airflow/example_dags/example_setup_teardown.py for tasks to queue
[2025-10-10T08:41:26.205+0000] {logging_mixin.py:190} INFO - [2025-10-10T08:41:26.205+0000] {dagbag.py:587} INFO - Filling up the DagBag from /home/airflow/.local/lib/python3.12/site-packages/airflow/example_dags/example_setup_teardown.py
[2025-10-10T08:41:26.223+0000] {processor.py:925} INFO - DAG(s) 'example_setup_teardown' retrieved from /home/airflow/.local/lib/python3.12/site-packages/airflow/example_dags/example_setup_teardown.py
[2025-10-10T08:41:26.261+0000] {logging_mixin.py:190} INFO - [2025-10-10T08:41:26.261+0000] {dag.py:3211} INFO - Sync 1 DAGs
[2025-10-10T08:41:26.305+0000] {logging_mixin.py:190} INFO - [2025-10-10T08:41:26.305+0000] {dag.py:4138} INFO - Setting next_dagrun for example_setup_teardown to 2025-10-09 00:00:00+00:00, run_after=2025-10-10 00:00:00+00:00
[2025-10-10T08:41:26.341+0000] {processor.py:208} INFO - Processing /home/airflow/.local/lib/python3.12/site-packages/airflow/example_dags/example_setup_teardown.py took 0.161 seconds
[2025-10-10T08:41:56.768+0000] {processor.py:186} INFO - Started process (PID=575) to work on /home/airflow/.local/lib/python3.12/site-packages/airflow/example_dags/example_setup_teardown.py
[2025-10-10T08:41:56.771+0000] {processor.py:914} INFO - Processing file /home/airflow/.local/lib/python3.12/site-packages/airflow/example_dags/example_setup_teardown.py for tasks to queue
[2025-10-10T08:41:56.778+0000] {logging_mixin.py:190} INFO - [2025-10-10T08:41:56.777+0000] {dagbag.py:587} INFO - Filling up the DagBag from /home/airflow/.local/lib/python3.12/site-packages/airflow/example_dags/example_setup_teardown.py
[2025-10-10T08:41:56.802+0000] {processor.py:925} INFO - DAG(s) 'example_setup_teardown' retrieved from /home/airflow/.local/lib/python3.12/site-packages/airflow/example_dags/example_setup_teardown.py
[2025-10-10T08:41:56.858+0000] {logging_mixin.py:190} INFO - [2025-10-10T08:41:56.857+0000] {dag.py:3211} INFO - Sync 1 DAGs
[2025-10-10T08:41:56.909+0000] {logging_mixin.py:190} INFO - [2025-10-10T08:41:56.909+0000] {dag.py:4138} INFO - Setting next_dagrun for example_setup_teardown to 2025-10-09 00:00:00+00:00, run_after=2025-10-10 00:00:00+00:00
[2025-10-10T08:41:56.949+0000] {processor.py:208} INFO - Processing /home/airflow/.local/lib/python3.12/site-packages/airflow/example_dags/example_setup_teardown.py took 0.196 seconds
[2025-10-10T08:42:27.936+0000] {processor.py:186} INFO - Started process (PID=638) to work on /home/airflow/.local/lib/python3.12/site-packages/airflow/example_dags/example_setup_teardown.py
[2025-10-10T08:42:27.944+0000] {processor.py:914} INFO - Processing file /home/airflow/.local/lib/python3.12/site-packages/airflow/example_dags/example_setup_teardown.py for tasks to queue
[2025-10-10T08:42:27.965+0000] {logging_mixin.py:190} INFO - [2025-10-10T08:42:27.963+0000] {dagbag.py:587} INFO - Filling up the DagBag from /home/airflow/.local/lib/python3.12/site-packages/airflow/example_dags/example_setup_teardown.py
[2025-10-10T08:42:28.026+0000] {processor.py:925} INFO - DAG(s) 'example_setup_teardown' retrieved from /home/airflow/.local/lib/python3.12/site-packages/airflow/example_dags/example_setup_teardown.py
[2025-10-10T08:42:28.106+0000] {logging_mixin.py:190} INFO - [2025-10-10T08:42:28.106+0000] {dag.py:3211} INFO - Sync 1 DAGs
[2025-10-10T08:42:28.167+0000] {logging_mixin.py:190} INFO - [2025-10-10T08:42:28.166+0000] {dag.py:4138} INFO - Setting next_dagrun for example_setup_teardown to 2025-10-09 00:00:00+00:00, run_after=2025-10-10 00:00:00+00:00
[2025-10-10T08:42:28.225+0000] {processor.py:208} INFO - Processing /home/airflow/.local/lib/python3.12/site-packages/airflow/example_dags/example_setup_teardown.py took 0.350 seconds
[2025-10-10T08:42:58.777+0000] {processor.py:186} INFO - Started process (PID=700) to work on /home/airflow/.local/lib/python3.12/site-packages/airflow/example_dags/example_setup_teardown.py
[2025-10-10T08:42:58.781+0000] {processor.py:914} INFO - Processing file /home/airflow/.local/lib/python3.12/site-packages/airflow/example_dags/example_setup_teardown.py for tasks to queue
[2025-10-10T08:42:58.789+0000] {logging_mixin.py:190} INFO - [2025-10-10T08:42:58.788+0000] {dagbag.py:587} INFO - Filling up the DagBag from /home/airflow/.local/lib/python3.12/site-packages/airflow/example_dags/example_setup_teardown.py
[2025-10-10T08:42:58.815+0000] {processor.py:925} INFO - DAG(s) 'example_setup_teardown' retrieved from /home/airflow/.local/lib/python3.12/site-packages/airflow/example_dags/example_setup_teardown.py
[2025-10-10T08:42:58.874+0000] {logging_mixin.py:190} INFO - [2025-10-10T08:42:58.873+0000] {dag.py:3211} INFO - Sync 1 DAGs
[2025-10-10T08:42:58.952+0000] {logging_mixin.py:190} INFO - [2025-10-10T08:42:58.951+0000] {dag.py:4138} INFO - Setting next_dagrun for example_setup_teardown to 2025-10-09 00:00:00+00:00, run_after=2025-10-10 00:00:00+00:00
[2025-10-10T08:42:59.025+0000] {processor.py:208} INFO - Processing /home/airflow/.local/lib/python3.12/site-packages/airflow/example_dags/example_setup_teardown.py took 0.265 seconds
[2025-10-10T08:43:29.834+0000] {processor.py:186} INFO - Started process (PID=763) to work on /home/airflow/.local/lib/python3.12/site-packages/airflow/example_dags/example_setup_teardown.py
[2025-10-10T08:43:29.837+0000] {processor.py:914} INFO - Processing file /home/airflow/.local/lib/python3.12/site-packages/airflow/example_dags/example_setup_teardown.py for tasks to queue
[2025-10-10T08:43:29.847+0000] {logging_mixin.py:190} INFO - [2025-10-10T08:43:29.846+0000] {dagbag.py:587} INFO - Filling up the DagBag from /home/airflow/.local/lib/python3.12/site-packages/airflow/example_dags/example_setup_teardown.py
[2025-10-10T08:43:29.876+0000] {processor.py:925} INFO - DAG(s) 'example_setup_teardown' retrieved from /home/airflow/.local/lib/python3.12/site-packages/airflow/example_dags/example_setup_teardown.py
[2025-10-10T08:43:29.940+0000] {logging_mixin.py:190} INFO - [2025-10-10T08:43:29.939+0000] {dag.py:3211} INFO - Sync 1 DAGs
[2025-10-10T08:43:30.009+0000] {logging_mixin.py:190} INFO - [2025-10-10T08:43:30.008+0000] {dag.py:4138} INFO - Setting next_dagrun for example_setup_teardown to 2025-10-09 00:00:00+00:00, run_after=2025-10-10 00:00:00+00:00
[2025-10-10T08:43:30.083+0000] {processor.py:208} INFO - Processing /home/airflow/.local/lib/python3.12/site-packages/airflow/example_dags/example_setup_teardown.py took 0.267 seconds
[2025-10-10T08:44:00.250+0000] {processor.py:186} INFO - Started process (PID=826) to work on /home/airflow/.local/lib/python3.12/site-packages/airflow/example_dags/example_setup_teardown.py
[2025-10-10T08:44:00.252+0000] {processor.py:914} INFO - Processing file /home/airflow/.local/lib/python3.12/site-packages/airflow/example_dags/example_setup_teardown.py for tasks to queue
[2025-10-10T08:44:00.257+0000] {logging_mixin.py:190} INFO - [2025-10-10T08:44:00.256+0000] {dagbag.py:587} INFO - Filling up the DagBag from /home/airflow/.local/lib/python3.12/site-packages/airflow/example_dags/example_setup_teardown.py
[2025-10-10T08:44:00.276+0000] {processor.py:925} INFO - DAG(s) 'example_setup_teardown' retrieved from /home/airflow/.local/lib/python3.12/site-packages/airflow/example_dags/example_setup_teardown.py
[2025-10-10T08:44:00.358+0000] {logging_mixin.py:190} INFO - [2025-10-10T08:44:00.358+0000] {dag.py:3211} INFO - Sync 1 DAGs
[2025-10-10T08:44:00.443+0000] {logging_mixin.py:190} INFO - [2025-10-10T08:44:00.442+0000] {dag.py:4138} INFO - Setting next_dagrun for example_setup_teardown to 2025-10-09 00:00:00+00:00, run_after=2025-10-10 00:00:00+00:00
[2025-10-10T08:44:00.587+0000] {processor.py:208} INFO - Processing /home/airflow/.local/lib/python3.12/site-packages/airflow/example_dags/example_setup_teardown.py took 0.356 seconds
[2025-10-10T08:44:31.315+0000] {processor.py:186} INFO - Started process (PID=888) to work on /home/airflow/.local/lib/python3.12/site-packages/airflow/example_dags/example_setup_teardown.py
[2025-10-10T08:44:31.318+0000] {processor.py:914} INFO - Processing file /home/airflow/.local/lib/python3.12/site-packages/airflow/example_dags/example_setup_teardown.py for tasks to queue
[2025-10-10T08:44:31.330+0000] {logging_mixin.py:190} INFO - [2025-10-10T08:44:31.328+0000] {dagbag.py:587} INFO - Filling up the DagBag from /home/airflow/.local/lib/python3.12/site-packages/airflow/example_dags/example_setup_teardown.py
[2025-10-10T08:44:31.358+0000] {processor.py:925} INFO - DAG(s) 'example_setup_teardown' retrieved from /home/airflow/.local/lib/python3.12/site-packages/airflow/example_dags/example_setup_teardown.py
[2025-10-10T08:44:31.397+0000] {logging_mixin.py:190} INFO - [2025-10-10T08:44:31.397+0000] {dag.py:3211} INFO - Sync 1 DAGs
[2025-10-10T08:44:31.448+0000] {logging_mixin.py:190} INFO - [2025-10-10T08:44:31.447+0000] {dag.py:4138} INFO - Setting next_dagrun for example_setup_teardown to 2025-10-09 00:00:00+00:00, run_after=2025-10-10 00:00:00+00:00
[2025-10-10T08:44:31.492+0000] {processor.py:208} INFO - Processing /home/airflow/.local/lib/python3.12/site-packages/airflow/example_dags/example_setup_teardown.py took 0.195 seconds
[2025-10-10T08:45:01.781+0000] {processor.py:186} INFO - Started process (PID=951) to work on /home/airflow/.local/lib/python3.12/site-packages/airflow/example_dags/example_setup_teardown.py
[2025-10-10T08:45:01.784+0000] {processor.py:914} INFO - Processing file /home/airflow/.local/lib/python3.12/site-packages/airflow/example_dags/example_setup_teardown.py for tasks to queue
[2025-10-10T08:45:01.791+0000] {logging_mixin.py:190} INFO - [2025-10-10T08:45:01.790+0000] {dagbag.py:587} INFO - Filling up the DagBag from /home/airflow/.local/lib/python3.12/site-packages/airflow/example_dags/example_setup_teardown.py
[2025-10-10T08:45:01.817+0000] {processor.py:925} INFO - DAG(s) 'example_setup_teardown' retrieved from /home/airflow/.local/lib/python3.12/site-packages/airflow/example_dags/example_setup_teardown.py
[2025-10-10T08:45:01.876+0000] {logging_mixin.py:190} INFO - [2025-10-10T08:45:01.875+0000] {dag.py:3211} INFO - Sync 1 DAGs
[2025-10-10T08:45:01.965+0000] {logging_mixin.py:190} INFO - [2025-10-10T08:45:01.965+0000] {dag.py:4138} INFO - Setting next_dagrun for example_setup_teardown to 2025-10-09 00:00:00+00:00, run_after=2025-10-10 00:00:00+00:00
[2025-10-10T08:45:02.024+0000] {processor.py:208} INFO - Processing /home/airflow/.local/lib/python3.12/site-packages/airflow/example_dags/example_setup_teardown.py took 0.268 seconds
[2025-10-10T08:45:33.044+0000] {processor.py:186} INFO - Started process (PID=1014) to work on /home/airflow/.local/lib/python3.12/site-packages/airflow/example_dags/example_setup_teardown.py
[2025-10-10T08:45:33.051+0000] {processor.py:914} INFO - Processing file /home/airflow/.local/lib/python3.12/site-packages/airflow/example_dags/example_setup_teardown.py for tasks to queue
[2025-10-10T08:45:33.060+0000] {logging_mixin.py:190} INFO - [2025-10-10T08:45:33.059+0000] {dagbag.py:587} INFO - Filling up the DagBag from /home/airflow/.local/lib/python3.12/site-packages/airflow/example_dags/example_setup_teardown.py
[2025-10-10T08:45:33.096+0000] {processor.py:925} INFO - DAG(s) 'example_setup_teardown' retrieved from /home/airflow/.local/lib/python3.12/site-packages/airflow/example_dags/example_setup_teardown.py
[2025-10-10T08:45:33.139+0000] {logging_mixin.py:190} INFO - [2025-10-10T08:45:33.139+0000] {dag.py:3211} INFO - Sync 1 DAGs
[2025-10-10T08:45:33.182+0000] {logging_mixin.py:190} INFO - [2025-10-10T08:45:33.181+0000] {dag.py:4138} INFO - Setting next_dagrun for example_setup_teardown to 2025-10-09 00:00:00+00:00, run_after=2025-10-10 00:00:00+00:00
[2025-10-10T08:45:33.294+0000] {processor.py:208} INFO - Processing /home/airflow/.local/lib/python3.12/site-packages/airflow/example_dags/example_setup_teardown.py took 0.272 seconds
[2025-10-10T08:46:03.654+0000] {processor.py:186} INFO - Started process (PID=1077) to work on /home/airflow/.local/lib/python3.12/site-packages/airflow/example_dags/example_setup_teardown.py
[2025-10-10T08:46:03.659+0000] {processor.py:914} INFO - Processing file /home/airflow/.local/lib/python3.12/site-packages/airflow/example_dags/example_setup_teardown.py for tasks to queue
[2025-10-10T08:46:03.670+0000] {logging_mixin.py:190} INFO - [2025-10-10T08:46:03.669+0000] {dagbag.py:587} INFO - Filling up the DagBag from /home/airflow/.local/lib/python3.12/site-packages/airflow/example_dags/example_setup_teardown.py
[2025-10-10T08:46:03.694+0000] {processor.py:925} INFO - DAG(s) 'example_setup_teardown' retrieved from /home/airflow/.local/lib/python3.12/site-packages/airflow/example_dags/example_setup_teardown.py
[2025-10-10T08:46:03.744+0000] {logging_mixin.py:190} INFO - [2025-10-10T08:46:03.743+0000] {dag.py:3211} INFO - Sync 1 DAGs
[2025-10-10T08:46:03.795+0000] {logging_mixin.py:190} INFO - [2025-10-10T08:46:03.795+0000] {dag.py:4138} INFO - Setting next_dagrun for example_setup_teardown to 2025-10-09 00:00:00+00:00, run_after=2025-10-10 00:00:00+00:00
[2025-10-10T08:46:03.833+0000] {processor.py:208} INFO - Processing /home/airflow/.local/lib/python3.12/site-packages/airflow/example_dags/example_setup_teardown.py took 0.202 seconds
[2025-10-10T08:46:34.443+0000] {processor.py:186} INFO - Started process (PID=1140) to work on /home/airflow/.local/lib/python3.12/site-packages/airflow/example_dags/example_setup_teardown.py
[2025-10-10T08:46:34.449+0000] {processor.py:914} INFO - Processing file /home/airflow/.local/lib/python3.12/site-packages/airflow/example_dags/example_setup_teardown.py for tasks to queue
[2025-10-10T08:46:34.460+0000] {logging_mixin.py:190} INFO - [2025-10-10T08:46:34.459+0000] {dagbag.py:587} INFO - Filling up the DagBag from /home/airflow/.local/lib/python3.12/site-packages/airflow/example_dags/example_setup_teardown.py
[2025-10-10T08:46:34.489+0000] {processor.py:925} INFO - DAG(s) 'example_setup_teardown' retrieved from /home/airflow/.local/lib/python3.12/site-packages/airflow/example_dags/example_setup_teardown.py
[2025-10-10T08:46:34.560+0000] {logging_mixin.py:190} INFO - [2025-10-10T08:46:34.559+0000] {dag.py:3211} INFO - Sync 1 DAGs
[2025-10-10T08:46:34.672+0000] {logging_mixin.py:190} INFO - [2025-10-10T08:46:34.671+0000] {dag.py:4138} INFO - Setting next_dagrun for example_setup_teardown to 2025-10-09 00:00:00+00:00, run_after=2025-10-10 00:00:00+00:00
[2025-10-10T08:46:34.754+0000] {processor.py:208} INFO - Processing /home/airflow/.local/lib/python3.12/site-packages/airflow/example_dags/example_setup_teardown.py took 0.329 seconds
[2025-10-10T08:47:05.479+0000] {processor.py:186} INFO - Started process (PID=1203) to work on /home/airflow/.local/lib/python3.12/site-packages/airflow/example_dags/example_setup_teardown.py
[2025-10-10T08:47:05.482+0000] {processor.py:914} INFO - Processing file /home/airflow/.local/lib/python3.12/site-packages/airflow/example_dags/example_setup_teardown.py for tasks to queue
[2025-10-10T08:47:05.488+0000] {logging_mixin.py:190} INFO - [2025-10-10T08:47:05.487+0000] {dagbag.py:587} INFO - Filling up the DagBag from /home/airflow/.local/lib/python3.12/site-packages/airflow/example_dags/example_setup_teardown.py
[2025-10-10T08:47:05.507+0000] {processor.py:925} INFO - DAG(s) 'example_setup_teardown' retrieved from /home/airflow/.local/lib/python3.12/site-packages/airflow/example_dags/example_setup_teardown.py
[2025-10-10T08:47:05.557+0000] {logging_mixin.py:190} INFO - [2025-10-10T08:47:05.556+0000] {dag.py:3211} INFO - Sync 1 DAGs
[2025-10-10T08:47:05.633+0000] {logging_mixin.py:190} INFO - [2025-10-10T08:47:05.632+0000] {dag.py:4138} INFO - Setting next_dagrun for example_setup_teardown to 2025-10-09 00:00:00+00:00, run_after=2025-10-10 00:00:00+00:00
[2025-10-10T08:47:05.680+0000] {processor.py:208} INFO - Processing /home/airflow/.local/lib/python3.12/site-packages/airflow/example_dags/example_setup_teardown.py took 0.216 seconds
[2025-10-10T08:47:36.526+0000] {processor.py:186} INFO - Started process (PID=1266) to work on /home/airflow/.local/lib/python3.12/site-packages/airflow/example_dags/example_setup_teardown.py
[2025-10-10T08:47:36.532+0000] {processor.py:914} INFO - Processing file /home/airflow/.local/lib/python3.12/site-packages/airflow/example_dags/example_setup_teardown.py for tasks to queue
[2025-10-10T08:47:36.546+0000] {logging_mixin.py:190} INFO - [2025-10-10T08:47:36.544+0000] {dagbag.py:587} INFO - Filling up the DagBag from /home/airflow/.local/lib/python3.12/site-packages/airflow/example_dags/example_setup_teardown.py
[2025-10-10T08:47:36.595+0000] {processor.py:925} INFO - DAG(s) 'example_setup_teardown' retrieved from /home/airflow/.local/lib/python3.12/site-packages/airflow/example_dags/example_setup_teardown.py
[2025-10-10T08:47:36.714+0000] {logging_mixin.py:190} INFO - [2025-10-10T08:47:36.713+0000] {dag.py:3211} INFO - Sync 1 DAGs
[2025-10-10T08:47:36.842+0000] {logging_mixin.py:190} INFO - [2025-10-10T08:47:36.841+0000] {dag.py:4138} INFO - Setting next_dagrun for example_setup_teardown to 2025-10-09 00:00:00+00:00, run_after=2025-10-10 00:00:00+00:00
[2025-10-10T08:47:36.977+0000] {processor.py:208} INFO - Processing /home/airflow/.local/lib/python3.12/site-packages/airflow/example_dags/example_setup_teardown.py took 0.482 seconds
[2025-10-10T08:48:07.828+0000] {processor.py:186} INFO - Started process (PID=1329) to work on /home/airflow/.local/lib/python3.12/site-packages/airflow/example_dags/example_setup_teardown.py
[2025-10-10T08:48:07.831+0000] {processor.py:914} INFO - Processing file /home/airflow/.local/lib/python3.12/site-packages/airflow/example_dags/example_setup_teardown.py for tasks to queue
[2025-10-10T08:48:07.835+0000] {logging_mixin.py:190} INFO - [2025-10-10T08:48:07.835+0000] {dagbag.py:587} INFO - Filling up the DagBag from /home/airflow/.local/lib/python3.12/site-packages/airflow/example_dags/example_setup_teardown.py
[2025-10-10T08:48:07.854+0000] {processor.py:925} INFO - DAG(s) 'example_setup_teardown' retrieved from /home/airflow/.local/lib/python3.12/site-packages/airflow/example_dags/example_setup_teardown.py
[2025-10-10T08:48:07.902+0000] {logging_mixin.py:190} INFO - [2025-10-10T08:48:07.902+0000] {dag.py:3211} INFO - Sync 1 DAGs
[2025-10-10T08:48:07.951+0000] {logging_mixin.py:190} INFO - [2025-10-10T08:48:07.950+0000] {dag.py:4138} INFO - Setting next_dagrun for example_setup_teardown to 2025-10-09 00:00:00+00:00, run_after=2025-10-10 00:00:00+00:00
[2025-10-10T08:48:07.993+0000] {processor.py:208} INFO - Processing /home/airflow/.local/lib/python3.12/site-packages/airflow/example_dags/example_setup_teardown.py took 0.179 seconds
[2025-10-10T08:48:38.347+0000] {processor.py:186} INFO - Started process (PID=1392) to work on /home/airflow/.local/lib/python3.12/site-packages/airflow/example_dags/example_setup_teardown.py
[2025-10-10T08:48:38.350+0000] {processor.py:914} INFO - Processing file /home/airflow/.local/lib/python3.12/site-packages/airflow/example_dags/example_setup_teardown.py for tasks to queue
[2025-10-10T08:48:38.355+0000] {logging_mixin.py:190} INFO - [2025-10-10T08:48:38.355+0000] {dagbag.py:587} INFO - Filling up the DagBag from /home/airflow/.local/lib/python3.12/site-packages/airflow/example_dags/example_setup_teardown.py
[2025-10-10T08:48:38.378+0000] {processor.py:925} INFO - DAG(s) 'example_setup_teardown' retrieved from /home/airflow/.local/lib/python3.12/site-packages/airflow/example_dags/example_setup_teardown.py
[2025-10-10T08:48:38.456+0000] {logging_mixin.py:190} INFO - [2025-10-10T08:48:38.455+0000] {dag.py:3211} INFO - Sync 1 DAGs
[2025-10-10T08:48:38.539+0000] {logging_mixin.py:190} INFO - [2025-10-10T08:48:38.538+0000] {dag.py:4138} INFO - Setting next_dagrun for example_setup_teardown to 2025-10-09 00:00:00+00:00, run_after=2025-10-10 00:00:00+00:00
[2025-10-10T08:48:38.604+0000] {processor.py:208} INFO - Processing /home/airflow/.local/lib/python3.12/site-packages/airflow/example_dags/example_setup_teardown.py took 0.269 seconds
[2025-10-10T08:49:09.037+0000] {processor.py:186} INFO - Started process (PID=1455) to work on /home/airflow/.local/lib/python3.12/site-packages/airflow/example_dags/example_setup_teardown.py
[2025-10-10T08:49:09.046+0000] {processor.py:914} INFO - Processing file /home/airflow/.local/lib/python3.12/site-packages/airflow/example_dags/example_setup_teardown.py for tasks to queue
[2025-10-10T08:49:09.060+0000] {logging_mixin.py:190} INFO - [2025-10-10T08:49:09.059+0000] {dagbag.py:587} INFO - Filling up the DagBag from /home/airflow/.local/lib/python3.12/site-packages/airflow/example_dags/example_setup_teardown.py
[2025-10-10T08:49:09.160+0000] {processor.py:925} INFO - DAG(s) 'example_setup_teardown' retrieved from /home/airflow/.local/lib/python3.12/site-packages/airflow/example_dags/example_setup_teardown.py
[2025-10-10T08:49:09.324+0000] {logging_mixin.py:190} INFO - [2025-10-10T08:49:09.323+0000] {dag.py:3211} INFO - Sync 1 DAGs
[2025-10-10T08:49:09.477+0000] {logging_mixin.py:190} INFO - [2025-10-10T08:49:09.477+0000] {dag.py:4138} INFO - Setting next_dagrun for example_setup_teardown to 2025-10-09 00:00:00+00:00, run_after=2025-10-10 00:00:00+00:00
[2025-10-10T08:49:09.662+0000] {processor.py:208} INFO - Processing /home/airflow/.local/lib/python3.12/site-packages/airflow/example_dags/example_setup_teardown.py took 0.678 seconds
[2025-10-10T08:53:47.462+0000] {processor.py:186} INFO - Started process (PID=75) to work on /home/airflow/.local/lib/python3.12/site-packages/airflow/example_dags/example_setup_teardown.py
[2025-10-10T08:53:47.475+0000] {processor.py:914} INFO - Processing file /home/airflow/.local/lib/python3.12/site-packages/airflow/example_dags/example_setup_teardown.py for tasks to queue
[2025-10-10T08:53:47.484+0000] {logging_mixin.py:190} INFO - [2025-10-10T08:53:47.483+0000] {dagbag.py:587} INFO - Filling up the DagBag from /home/airflow/.local/lib/python3.12/site-packages/airflow/example_dags/example_setup_teardown.py
[2025-10-10T08:53:47.608+0000] {processor.py:925} INFO - DAG(s) 'example_setup_teardown' retrieved from /home/airflow/.local/lib/python3.12/site-packages/airflow/example_dags/example_setup_teardown.py
[2025-10-10T08:53:47.742+0000] {logging_mixin.py:190} INFO - [2025-10-10T08:53:47.741+0000] {dag.py:3211} INFO - Sync 1 DAGs
[2025-10-10T08:53:47.866+0000] {logging_mixin.py:190} INFO - [2025-10-10T08:53:47.865+0000] {dag.py:4138} INFO - Setting next_dagrun for example_setup_teardown to 2025-10-09 00:00:00+00:00, run_after=2025-10-10 00:00:00+00:00
[2025-10-10T08:53:48.014+0000] {processor.py:208} INFO - Processing /home/airflow/.local/lib/python3.12/site-packages/airflow/example_dags/example_setup_teardown.py took 0.609 seconds
[2025-10-10T08:54:18.940+0000] {processor.py:186} INFO - Started process (PID=138) to work on /home/airflow/.local/lib/python3.12/site-packages/airflow/example_dags/example_setup_teardown.py
[2025-10-10T08:54:18.983+0000] {processor.py:914} INFO - Processing file /home/airflow/.local/lib/python3.12/site-packages/airflow/example_dags/example_setup_teardown.py for tasks to queue
[2025-10-10T08:54:19.043+0000] {logging_mixin.py:190} INFO - [2025-10-10T08:54:19.042+0000] {dagbag.py:587} INFO - Filling up the DagBag from /home/airflow/.local/lib/python3.12/site-packages/airflow/example_dags/example_setup_teardown.py
[2025-10-10T08:54:19.099+0000] {processor.py:925} INFO - DAG(s) 'example_setup_teardown' retrieved from /home/airflow/.local/lib/python3.12/site-packages/airflow/example_dags/example_setup_teardown.py
[2025-10-10T08:54:19.160+0000] {logging_mixin.py:190} INFO - [2025-10-10T08:54:19.160+0000] {dag.py:3211} INFO - Sync 1 DAGs
[2025-10-10T08:54:19.216+0000] {logging_mixin.py:190} INFO - [2025-10-10T08:54:19.216+0000] {dag.py:4138} INFO - Setting next_dagrun for example_setup_teardown to 2025-10-09 00:00:00+00:00, run_after=2025-10-10 00:00:00+00:00
[2025-10-10T08:54:19.566+0000] {processor.py:208} INFO - Processing /home/airflow/.local/lib/python3.12/site-packages/airflow/example_dags/example_setup_teardown.py took 0.642 seconds
[2025-10-10T08:54:50.290+0000] {processor.py:186} INFO - Started process (PID=202) to work on /home/airflow/.local/lib/python3.12/site-packages/airflow/example_dags/example_setup_teardown.py
[2025-10-10T08:54:50.305+0000] {processor.py:914} INFO - Processing file /home/airflow/.local/lib/python3.12/site-packages/airflow/example_dags/example_setup_teardown.py for tasks to queue
[2025-10-10T08:54:50.314+0000] {logging_mixin.py:190} INFO - [2025-10-10T08:54:50.313+0000] {dagbag.py:587} INFO - Filling up the DagBag from /home/airflow/.local/lib/python3.12/site-packages/airflow/example_dags/example_setup_teardown.py
[2025-10-10T08:54:50.350+0000] {processor.py:925} INFO - DAG(s) 'example_setup_teardown' retrieved from /home/airflow/.local/lib/python3.12/site-packages/airflow/example_dags/example_setup_teardown.py
[2025-10-10T08:54:50.460+0000] {logging_mixin.py:190} INFO - [2025-10-10T08:54:50.459+0000] {dag.py:3211} INFO - Sync 1 DAGs
[2025-10-10T08:54:50.573+0000] {logging_mixin.py:190} INFO - [2025-10-10T08:54:50.571+0000] {dag.py:4138} INFO - Setting next_dagrun for example_setup_teardown to 2025-10-09 00:00:00+00:00, run_after=2025-10-10 00:00:00+00:00
[2025-10-10T08:54:50.633+0000] {processor.py:208} INFO - Processing /home/airflow/.local/lib/python3.12/site-packages/airflow/example_dags/example_setup_teardown.py took 0.376 seconds
[2025-10-10T08:57:56.069+0000] {processor.py:186} INFO - Started process (PID=76) to work on /home/airflow/.local/lib/python3.12/site-packages/airflow/example_dags/example_setup_teardown.py
[2025-10-10T08:57:56.073+0000] {processor.py:914} INFO - Processing file /home/airflow/.local/lib/python3.12/site-packages/airflow/example_dags/example_setup_teardown.py for tasks to queue
[2025-10-10T08:57:56.088+0000] {logging_mixin.py:190} INFO - [2025-10-10T08:57:56.087+0000] {dagbag.py:587} INFO - Filling up the DagBag from /home/airflow/.local/lib/python3.12/site-packages/airflow/example_dags/example_setup_teardown.py
[2025-10-10T08:57:56.148+0000] {processor.py:925} INFO - DAG(s) 'example_setup_teardown' retrieved from /home/airflow/.local/lib/python3.12/site-packages/airflow/example_dags/example_setup_teardown.py
[2025-10-10T08:57:56.249+0000] {logging_mixin.py:190} INFO - [2025-10-10T08:57:56.248+0000] {dag.py:3211} INFO - Sync 1 DAGs
[2025-10-10T08:57:56.332+0000] {logging_mixin.py:190} INFO - [2025-10-10T08:57:56.332+0000] {dag.py:4138} INFO - Setting next_dagrun for example_setup_teardown to 2025-10-09 00:00:00+00:00, run_after=2025-10-10 00:00:00+00:00
[2025-10-10T08:57:56.436+0000] {processor.py:208} INFO - Processing /home/airflow/.local/lib/python3.12/site-packages/airflow/example_dags/example_setup_teardown.py took 0.401 seconds
[2025-10-10T08:58:27.224+0000] {processor.py:186} INFO - Started process (PID=139) to work on /home/airflow/.local/lib/python3.12/site-packages/airflow/example_dags/example_setup_teardown.py
[2025-10-10T08:58:27.229+0000] {processor.py:914} INFO - Processing file /home/airflow/.local/lib/python3.12/site-packages/airflow/example_dags/example_setup_teardown.py for tasks to queue
[2025-10-10T08:58:27.262+0000] {logging_mixin.py:190} INFO - [2025-10-10T08:58:27.260+0000] {dagbag.py:587} INFO - Filling up the DagBag from /home/airflow/.local/lib/python3.12/site-packages/airflow/example_dags/example_setup_teardown.py
[2025-10-10T08:58:27.327+0000] {processor.py:925} INFO - DAG(s) 'example_setup_teardown' retrieved from /home/airflow/.local/lib/python3.12/site-packages/airflow/example_dags/example_setup_teardown.py
[2025-10-10T08:58:27.425+0000] {logging_mixin.py:190} INFO - [2025-10-10T08:58:27.424+0000] {dag.py:3211} INFO - Sync 1 DAGs
[2025-10-10T08:58:27.512+0000] {logging_mixin.py:190} INFO - [2025-10-10T08:58:27.512+0000] {dag.py:4138} INFO - Setting next_dagrun for example_setup_teardown to 2025-10-09 00:00:00+00:00, run_after=2025-10-10 00:00:00+00:00
[2025-10-10T08:58:27.567+0000] {processor.py:208} INFO - Processing /home/airflow/.local/lib/python3.12/site-packages/airflow/example_dags/example_setup_teardown.py took 0.410 seconds
[2025-10-10T09:01:21.492+0000] {processor.py:186} INFO - Started process (PID=75) to work on /home/airflow/.local/lib/python3.12/site-packages/airflow/example_dags/example_setup_teardown.py
[2025-10-10T09:01:21.495+0000] {processor.py:914} INFO - Processing file /home/airflow/.local/lib/python3.12/site-packages/airflow/example_dags/example_setup_teardown.py for tasks to queue
[2025-10-10T09:01:21.503+0000] {logging_mixin.py:190} INFO - [2025-10-10T09:01:21.502+0000] {dagbag.py:587} INFO - Filling up the DagBag from /home/airflow/.local/lib/python3.12/site-packages/airflow/example_dags/example_setup_teardown.py
[2025-10-10T09:01:21.546+0000] {processor.py:925} INFO - DAG(s) 'example_setup_teardown' retrieved from /home/airflow/.local/lib/python3.12/site-packages/airflow/example_dags/example_setup_teardown.py
[2025-10-10T09:01:21.642+0000] {logging_mixin.py:190} INFO - [2025-10-10T09:01:21.641+0000] {dag.py:3211} INFO - Sync 1 DAGs
[2025-10-10T09:01:21.705+0000] {logging_mixin.py:190} INFO - [2025-10-10T09:01:21.705+0000] {dag.py:4138} INFO - Setting next_dagrun for example_setup_teardown to 2025-10-09 00:00:00+00:00, run_after=2025-10-10 00:00:00+00:00
[2025-10-10T09:01:21.753+0000] {processor.py:208} INFO - Processing /home/airflow/.local/lib/python3.12/site-packages/airflow/example_dags/example_setup_teardown.py took 0.277 seconds
[2025-10-10T09:01:52.806+0000] {processor.py:186} INFO - Started process (PID=138) to work on /home/airflow/.local/lib/python3.12/site-packages/airflow/example_dags/example_setup_teardown.py
[2025-10-10T09:01:52.808+0000] {processor.py:914} INFO - Processing file /home/airflow/.local/lib/python3.12/site-packages/airflow/example_dags/example_setup_teardown.py for tasks to queue
[2025-10-10T09:01:52.815+0000] {logging_mixin.py:190} INFO - [2025-10-10T09:01:52.814+0000] {dagbag.py:587} INFO - Filling up the DagBag from /home/airflow/.local/lib/python3.12/site-packages/airflow/example_dags/example_setup_teardown.py
[2025-10-10T09:01:52.840+0000] {processor.py:925} INFO - DAG(s) 'example_setup_teardown' retrieved from /home/airflow/.local/lib/python3.12/site-packages/airflow/example_dags/example_setup_teardown.py
[2025-10-10T09:01:52.889+0000] {logging_mixin.py:190} INFO - [2025-10-10T09:01:52.889+0000] {dag.py:3211} INFO - Sync 1 DAGs
[2025-10-10T09:01:52.975+0000] {logging_mixin.py:190} INFO - [2025-10-10T09:01:52.974+0000] {dag.py:4138} INFO - Setting next_dagrun for example_setup_teardown to 2025-10-09 00:00:00+00:00, run_after=2025-10-10 00:00:00+00:00
[2025-10-10T09:01:53.026+0000] {processor.py:208} INFO - Processing /home/airflow/.local/lib/python3.12/site-packages/airflow/example_dags/example_setup_teardown.py took 0.234 seconds
[2025-10-10T09:02:24.381+0000] {processor.py:186} INFO - Started process (PID=201) to work on /home/airflow/.local/lib/python3.12/site-packages/airflow/example_dags/example_setup_teardown.py
[2025-10-10T09:02:24.384+0000] {processor.py:914} INFO - Processing file /home/airflow/.local/lib/python3.12/site-packages/airflow/example_dags/example_setup_teardown.py for tasks to queue
[2025-10-10T09:02:24.397+0000] {logging_mixin.py:190} INFO - [2025-10-10T09:02:24.395+0000] {dagbag.py:587} INFO - Filling up the DagBag from /home/airflow/.local/lib/python3.12/site-packages/airflow/example_dags/example_setup_teardown.py
[2025-10-10T09:02:24.433+0000] {processor.py:925} INFO - DAG(s) 'example_setup_teardown' retrieved from /home/airflow/.local/lib/python3.12/site-packages/airflow/example_dags/example_setup_teardown.py
[2025-10-10T09:02:24.517+0000] {logging_mixin.py:190} INFO - [2025-10-10T09:02:24.516+0000] {dag.py:3211} INFO - Sync 1 DAGs
[2025-10-10T09:02:24.732+0000] {logging_mixin.py:190} INFO - [2025-10-10T09:02:24.732+0000] {dag.py:4138} INFO - Setting next_dagrun for example_setup_teardown to 2025-10-09 00:00:00+00:00, run_after=2025-10-10 00:00:00+00:00
[2025-10-10T09:02:24.836+0000] {processor.py:208} INFO - Processing /home/airflow/.local/lib/python3.12/site-packages/airflow/example_dags/example_setup_teardown.py took 0.478 seconds
[2025-10-10T09:02:55.933+0000] {processor.py:186} INFO - Started process (PID=265) to work on /home/airflow/.local/lib/python3.12/site-packages/airflow/example_dags/example_setup_teardown.py
[2025-10-10T09:02:55.936+0000] {processor.py:914} INFO - Processing file /home/airflow/.local/lib/python3.12/site-packages/airflow/example_dags/example_setup_teardown.py for tasks to queue
[2025-10-10T09:02:55.944+0000] {logging_mixin.py:190} INFO - [2025-10-10T09:02:55.944+0000] {dagbag.py:587} INFO - Filling up the DagBag from /home/airflow/.local/lib/python3.12/site-packages/airflow/example_dags/example_setup_teardown.py
[2025-10-10T09:02:55.968+0000] {processor.py:925} INFO - DAG(s) 'example_setup_teardown' retrieved from /home/airflow/.local/lib/python3.12/site-packages/airflow/example_dags/example_setup_teardown.py
[2025-10-10T09:02:56.025+0000] {logging_mixin.py:190} INFO - [2025-10-10T09:02:56.025+0000] {dag.py:3211} INFO - Sync 1 DAGs
[2025-10-10T09:02:56.084+0000] {logging_mixin.py:190} INFO - [2025-10-10T09:02:56.083+0000] {dag.py:4138} INFO - Setting next_dagrun for example_setup_teardown to 2025-10-09 00:00:00+00:00, run_after=2025-10-10 00:00:00+00:00
[2025-10-10T09:02:56.154+0000] {processor.py:208} INFO - Processing /home/airflow/.local/lib/python3.12/site-packages/airflow/example_dags/example_setup_teardown.py took 0.236 seconds
[2025-10-10T09:03:26.510+0000] {processor.py:186} INFO - Started process (PID=327) to work on /home/airflow/.local/lib/python3.12/site-packages/airflow/example_dags/example_setup_teardown.py
[2025-10-10T09:03:26.514+0000] {processor.py:914} INFO - Processing file /home/airflow/.local/lib/python3.12/site-packages/airflow/example_dags/example_setup_teardown.py for tasks to queue
[2025-10-10T09:03:26.523+0000] {logging_mixin.py:190} INFO - [2025-10-10T09:03:26.522+0000] {dagbag.py:587} INFO - Filling up the DagBag from /home/airflow/.local/lib/python3.12/site-packages/airflow/example_dags/example_setup_teardown.py
[2025-10-10T09:03:26.552+0000] {processor.py:925} INFO - DAG(s) 'example_setup_teardown' retrieved from /home/airflow/.local/lib/python3.12/site-packages/airflow/example_dags/example_setup_teardown.py
[2025-10-10T09:03:26.614+0000] {logging_mixin.py:190} INFO - [2025-10-10T09:03:26.613+0000] {dag.py:3211} INFO - Sync 1 DAGs
[2025-10-10T09:03:26.676+0000] {logging_mixin.py:190} INFO - [2025-10-10T09:03:26.676+0000] {dag.py:4138} INFO - Setting next_dagrun for example_setup_teardown to 2025-10-09 00:00:00+00:00, run_after=2025-10-10 00:00:00+00:00
[2025-10-10T09:03:26.731+0000] {processor.py:208} INFO - Processing /home/airflow/.local/lib/python3.12/site-packages/airflow/example_dags/example_setup_teardown.py took 0.242 seconds
[2025-10-10T09:03:57.095+0000] {processor.py:186} INFO - Started process (PID=390) to work on /home/airflow/.local/lib/python3.12/site-packages/airflow/example_dags/example_setup_teardown.py
[2025-10-10T09:03:57.098+0000] {processor.py:914} INFO - Processing file /home/airflow/.local/lib/python3.12/site-packages/airflow/example_dags/example_setup_teardown.py for tasks to queue
[2025-10-10T09:03:57.106+0000] {logging_mixin.py:190} INFO - [2025-10-10T09:03:57.105+0000] {dagbag.py:587} INFO - Filling up the DagBag from /home/airflow/.local/lib/python3.12/site-packages/airflow/example_dags/example_setup_teardown.py
[2025-10-10T09:03:57.143+0000] {processor.py:925} INFO - DAG(s) 'example_setup_teardown' retrieved from /home/airflow/.local/lib/python3.12/site-packages/airflow/example_dags/example_setup_teardown.py
[2025-10-10T09:03:57.258+0000] {logging_mixin.py:190} INFO - [2025-10-10T09:03:57.257+0000] {dag.py:3211} INFO - Sync 1 DAGs
[2025-10-10T09:03:57.350+0000] {logging_mixin.py:190} INFO - [2025-10-10T09:03:57.350+0000] {dag.py:4138} INFO - Setting next_dagrun for example_setup_teardown to 2025-10-09 00:00:00+00:00, run_after=2025-10-10 00:00:00+00:00
[2025-10-10T09:03:57.402+0000] {processor.py:208} INFO - Processing /home/airflow/.local/lib/python3.12/site-packages/airflow/example_dags/example_setup_teardown.py took 0.328 seconds
[2025-10-10T09:04:27.640+0000] {processor.py:186} INFO - Started process (PID=453) to work on /home/airflow/.local/lib/python3.12/site-packages/airflow/example_dags/example_setup_teardown.py
[2025-10-10T09:04:27.644+0000] {processor.py:914} INFO - Processing file /home/airflow/.local/lib/python3.12/site-packages/airflow/example_dags/example_setup_teardown.py for tasks to queue
[2025-10-10T09:04:27.651+0000] {logging_mixin.py:190} INFO - [2025-10-10T09:04:27.650+0000] {dagbag.py:587} INFO - Filling up the DagBag from /home/airflow/.local/lib/python3.12/site-packages/airflow/example_dags/example_setup_teardown.py
[2025-10-10T09:04:27.684+0000] {processor.py:925} INFO - DAG(s) 'example_setup_teardown' retrieved from /home/airflow/.local/lib/python3.12/site-packages/airflow/example_dags/example_setup_teardown.py
[2025-10-10T09:04:27.759+0000] {logging_mixin.py:190} INFO - [2025-10-10T09:04:27.758+0000] {dag.py:3211} INFO - Sync 1 DAGs
[2025-10-10T09:04:27.809+0000] {logging_mixin.py:190} INFO - [2025-10-10T09:04:27.808+0000] {dag.py:4138} INFO - Setting next_dagrun for example_setup_teardown to 2025-10-09 00:00:00+00:00, run_after=2025-10-10 00:00:00+00:00
[2025-10-10T09:04:27.853+0000] {processor.py:208} INFO - Processing /home/airflow/.local/lib/python3.12/site-packages/airflow/example_dags/example_setup_teardown.py took 0.235 seconds
[2025-10-10T09:04:58.189+0000] {processor.py:186} INFO - Started process (PID=515) to work on /home/airflow/.local/lib/python3.12/site-packages/airflow/example_dags/example_setup_teardown.py
[2025-10-10T09:04:58.193+0000] {processor.py:914} INFO - Processing file /home/airflow/.local/lib/python3.12/site-packages/airflow/example_dags/example_setup_teardown.py for tasks to queue
[2025-10-10T09:04:58.203+0000] {logging_mixin.py:190} INFO - [2025-10-10T09:04:58.202+0000] {dagbag.py:587} INFO - Filling up the DagBag from /home/airflow/.local/lib/python3.12/site-packages/airflow/example_dags/example_setup_teardown.py
[2025-10-10T09:04:58.234+0000] {processor.py:925} INFO - DAG(s) 'example_setup_teardown' retrieved from /home/airflow/.local/lib/python3.12/site-packages/airflow/example_dags/example_setup_teardown.py
[2025-10-10T09:04:58.288+0000] {logging_mixin.py:190} INFO - [2025-10-10T09:04:58.287+0000] {dag.py:3211} INFO - Sync 1 DAGs
[2025-10-10T09:04:58.332+0000] {logging_mixin.py:190} INFO - [2025-10-10T09:04:58.332+0000] {dag.py:4138} INFO - Setting next_dagrun for example_setup_teardown to 2025-10-09 00:00:00+00:00, run_after=2025-10-10 00:00:00+00:00
[2025-10-10T09:04:58.373+0000] {processor.py:208} INFO - Processing /home/airflow/.local/lib/python3.12/site-packages/airflow/example_dags/example_setup_teardown.py took 0.206 seconds
[2025-10-10T09:05:28.604+0000] {processor.py:186} INFO - Started process (PID=578) to work on /home/airflow/.local/lib/python3.12/site-packages/airflow/example_dags/example_setup_teardown.py
[2025-10-10T09:05:28.610+0000] {processor.py:914} INFO - Processing file /home/airflow/.local/lib/python3.12/site-packages/airflow/example_dags/example_setup_teardown.py for tasks to queue
[2025-10-10T09:05:28.627+0000] {logging_mixin.py:190} INFO - [2025-10-10T09:05:28.624+0000] {dagbag.py:587} INFO - Filling up the DagBag from /home/airflow/.local/lib/python3.12/site-packages/airflow/example_dags/example_setup_teardown.py
[2025-10-10T09:05:28.682+0000] {processor.py:925} INFO - DAG(s) 'example_setup_teardown' retrieved from /home/airflow/.local/lib/python3.12/site-packages/airflow/example_dags/example_setup_teardown.py
[2025-10-10T09:05:28.830+0000] {logging_mixin.py:190} INFO - [2025-10-10T09:05:28.829+0000] {dag.py:3211} INFO - Sync 1 DAGs
[2025-10-10T09:05:29.017+0000] {logging_mixin.py:190} INFO - [2025-10-10T09:05:29.016+0000] {dag.py:4138} INFO - Setting next_dagrun for example_setup_teardown to 2025-10-09 00:00:00+00:00, run_after=2025-10-10 00:00:00+00:00
[2025-10-10T09:05:29.118+0000] {processor.py:208} INFO - Processing /home/airflow/.local/lib/python3.12/site-packages/airflow/example_dags/example_setup_teardown.py took 0.559 seconds
