[2025-10-10T08:37:58.164+0000] {processor.py:186} INFO - Started process (PID=104) to work on /home/airflow/.local/lib/python3.12/site-packages/airflow/example_dags/example_short_circuit_operator.py
[2025-10-10T08:37:58.167+0000] {processor.py:914} INFO - Processing file /home/airflow/.local/lib/python3.12/site-packages/airflow/example_dags/example_short_circuit_operator.py for tasks to queue
[2025-10-10T08:37:58.173+0000] {logging_mixin.py:190} INFO - [2025-10-10T08:37:58.172+0000] {dagbag.py:587} INFO - Filling up the DagBag from /home/airflow/.local/lib/python3.12/site-packages/airflow/example_dags/example_short_circuit_operator.py
[2025-10-10T08:37:58.194+0000] {processor.py:925} INFO - DAG(s) 'example_short_circuit_operator' retrieved from /home/airflow/.local/lib/python3.12/site-packages/airflow/example_dags/example_short_circuit_operator.py
[2025-10-10T08:37:58.246+0000] {logging_mixin.py:190} INFO - [2025-10-10T08:37:58.246+0000] {dag.py:3211} INFO - Sync 1 DAGs
[2025-10-10T08:37:58.301+0000] {logging_mixin.py:190} INFO - [2025-10-10T08:37:58.300+0000] {dag.py:4138} INFO - Setting next_dagrun for example_short_circuit_operator to 2025-10-09 00:00:00+00:00, run_after=2025-10-10 00:00:00+00:00
[2025-10-10T08:37:58.350+0000] {processor.py:208} INFO - Processing /home/airflow/.local/lib/python3.12/site-packages/airflow/example_dags/example_short_circuit_operator.py took 0.199 seconds
[2025-10-10T08:38:29.080+0000] {processor.py:186} INFO - Started process (PID=167) to work on /home/airflow/.local/lib/python3.12/site-packages/airflow/example_dags/example_short_circuit_operator.py
[2025-10-10T08:38:29.082+0000] {processor.py:914} INFO - Processing file /home/airflow/.local/lib/python3.12/site-packages/airflow/example_dags/example_short_circuit_operator.py for tasks to queue
[2025-10-10T08:38:29.089+0000] {logging_mixin.py:190} INFO - [2025-10-10T08:38:29.088+0000] {dagbag.py:587} INFO - Filling up the DagBag from /home/airflow/.local/lib/python3.12/site-packages/airflow/example_dags/example_short_circuit_operator.py
[2025-10-10T08:38:29.110+0000] {processor.py:925} INFO - DAG(s) 'example_short_circuit_operator' retrieved from /home/airflow/.local/lib/python3.12/site-packages/airflow/example_dags/example_short_circuit_operator.py
[2025-10-10T08:38:29.163+0000] {logging_mixin.py:190} INFO - [2025-10-10T08:38:29.162+0000] {dag.py:3211} INFO - Sync 1 DAGs
[2025-10-10T08:38:29.235+0000] {logging_mixin.py:190} INFO - [2025-10-10T08:38:29.234+0000] {dag.py:4138} INFO - Setting next_dagrun for example_short_circuit_operator to 2025-10-09 00:00:00+00:00, run_after=2025-10-10 00:00:00+00:00
[2025-10-10T08:38:29.301+0000] {processor.py:208} INFO - Processing /home/airflow/.local/lib/python3.12/site-packages/airflow/example_dags/example_short_circuit_operator.py took 0.240 seconds
[2025-10-10T08:39:00.873+0000] {processor.py:186} INFO - Started process (PID=230) to work on /home/airflow/.local/lib/python3.12/site-packages/airflow/example_dags/example_short_circuit_operator.py
[2025-10-10T08:39:00.876+0000] {processor.py:914} INFO - Processing file /home/airflow/.local/lib/python3.12/site-packages/airflow/example_dags/example_short_circuit_operator.py for tasks to queue
[2025-10-10T08:39:00.884+0000] {logging_mixin.py:190} INFO - [2025-10-10T08:39:00.882+0000] {dagbag.py:587} INFO - Filling up the DagBag from /home/airflow/.local/lib/python3.12/site-packages/airflow/example_dags/example_short_circuit_operator.py
[2025-10-10T08:39:00.911+0000] {processor.py:925} INFO - DAG(s) 'example_short_circuit_operator' retrieved from /home/airflow/.local/lib/python3.12/site-packages/airflow/example_dags/example_short_circuit_operator.py
[2025-10-10T08:39:01.000+0000] {logging_mixin.py:190} INFO - [2025-10-10T08:39:00.999+0000] {dag.py:3211} INFO - Sync 1 DAGs
[2025-10-10T08:39:01.100+0000] {logging_mixin.py:190} INFO - [2025-10-10T08:39:01.099+0000] {dag.py:4138} INFO - Setting next_dagrun for example_short_circuit_operator to 2025-10-09 00:00:00+00:00, run_after=2025-10-10 00:00:00+00:00
[2025-10-10T08:39:01.221+0000] {processor.py:208} INFO - Processing /home/airflow/.local/lib/python3.12/site-packages/airflow/example_dags/example_short_circuit_operator.py took 0.366 seconds
[2025-10-10T08:39:31.655+0000] {processor.py:186} INFO - Started process (PID=293) to work on /home/airflow/.local/lib/python3.12/site-packages/airflow/example_dags/example_short_circuit_operator.py
[2025-10-10T08:39:31.658+0000] {processor.py:914} INFO - Processing file /home/airflow/.local/lib/python3.12/site-packages/airflow/example_dags/example_short_circuit_operator.py for tasks to queue
[2025-10-10T08:39:31.664+0000] {logging_mixin.py:190} INFO - [2025-10-10T08:39:31.664+0000] {dagbag.py:587} INFO - Filling up the DagBag from /home/airflow/.local/lib/python3.12/site-packages/airflow/example_dags/example_short_circuit_operator.py
[2025-10-10T08:39:31.688+0000] {processor.py:925} INFO - DAG(s) 'example_short_circuit_operator' retrieved from /home/airflow/.local/lib/python3.12/site-packages/airflow/example_dags/example_short_circuit_operator.py
[2025-10-10T08:39:31.754+0000] {logging_mixin.py:190} INFO - [2025-10-10T08:39:31.754+0000] {dag.py:3211} INFO - Sync 1 DAGs
[2025-10-10T08:39:31.804+0000] {logging_mixin.py:190} INFO - [2025-10-10T08:39:31.804+0000] {dag.py:4138} INFO - Setting next_dagrun for example_short_circuit_operator to 2025-10-09 00:00:00+00:00, run_after=2025-10-10 00:00:00+00:00
[2025-10-10T08:39:31.849+0000] {processor.py:208} INFO - Processing /home/airflow/.local/lib/python3.12/site-packages/airflow/example_dags/example_short_circuit_operator.py took 0.215 seconds
[2025-10-10T08:40:03.288+0000] {processor.py:186} INFO - Started process (PID=356) to work on /home/airflow/.local/lib/python3.12/site-packages/airflow/example_dags/example_short_circuit_operator.py
[2025-10-10T08:40:03.291+0000] {processor.py:914} INFO - Processing file /home/airflow/.local/lib/python3.12/site-packages/airflow/example_dags/example_short_circuit_operator.py for tasks to queue
[2025-10-10T08:40:03.298+0000] {logging_mixin.py:190} INFO - [2025-10-10T08:40:03.298+0000] {dagbag.py:587} INFO - Filling up the DagBag from /home/airflow/.local/lib/python3.12/site-packages/airflow/example_dags/example_short_circuit_operator.py
[2025-10-10T08:40:03.321+0000] {processor.py:925} INFO - DAG(s) 'example_short_circuit_operator' retrieved from /home/airflow/.local/lib/python3.12/site-packages/airflow/example_dags/example_short_circuit_operator.py
[2025-10-10T08:40:03.415+0000] {logging_mixin.py:190} INFO - [2025-10-10T08:40:03.414+0000] {dag.py:3211} INFO - Sync 1 DAGs
[2025-10-10T08:40:03.555+0000] {logging_mixin.py:190} INFO - [2025-10-10T08:40:03.554+0000] {dag.py:4138} INFO - Setting next_dagrun for example_short_circuit_operator to 2025-10-09 00:00:00+00:00, run_after=2025-10-10 00:00:00+00:00
[2025-10-10T08:40:03.696+0000] {processor.py:208} INFO - Processing /home/airflow/.local/lib/python3.12/site-packages/airflow/example_dags/example_short_circuit_operator.py took 0.431 seconds
[2025-10-10T08:40:34.970+0000] {processor.py:186} INFO - Started process (PID=419) to work on /home/airflow/.local/lib/python3.12/site-packages/airflow/example_dags/example_short_circuit_operator.py
[2025-10-10T08:40:34.973+0000] {processor.py:914} INFO - Processing file /home/airflow/.local/lib/python3.12/site-packages/airflow/example_dags/example_short_circuit_operator.py for tasks to queue
[2025-10-10T08:40:34.981+0000] {logging_mixin.py:190} INFO - [2025-10-10T08:40:34.979+0000] {dagbag.py:587} INFO - Filling up the DagBag from /home/airflow/.local/lib/python3.12/site-packages/airflow/example_dags/example_short_circuit_operator.py
[2025-10-10T08:40:35.004+0000] {processor.py:925} INFO - DAG(s) 'example_short_circuit_operator' retrieved from /home/airflow/.local/lib/python3.12/site-packages/airflow/example_dags/example_short_circuit_operator.py
[2025-10-10T08:40:35.070+0000] {logging_mixin.py:190} INFO - [2025-10-10T08:40:35.070+0000] {dag.py:3211} INFO - Sync 1 DAGs
[2025-10-10T08:40:35.137+0000] {logging_mixin.py:190} INFO - [2025-10-10T08:40:35.137+0000] {dag.py:4138} INFO - Setting next_dagrun for example_short_circuit_operator to 2025-10-09 00:00:00+00:00, run_after=2025-10-10 00:00:00+00:00
[2025-10-10T08:40:35.191+0000] {processor.py:208} INFO - Processing /home/airflow/.local/lib/python3.12/site-packages/airflow/example_dags/example_short_circuit_operator.py took 0.239 seconds
[2025-10-10T08:41:07.002+0000] {processor.py:186} INFO - Started process (PID=482) to work on /home/airflow/.local/lib/python3.12/site-packages/airflow/example_dags/example_short_circuit_operator.py
[2025-10-10T08:41:07.005+0000] {processor.py:914} INFO - Processing file /home/airflow/.local/lib/python3.12/site-packages/airflow/example_dags/example_short_circuit_operator.py for tasks to queue
[2025-10-10T08:41:07.013+0000] {logging_mixin.py:190} INFO - [2025-10-10T08:41:07.012+0000] {dagbag.py:587} INFO - Filling up the DagBag from /home/airflow/.local/lib/python3.12/site-packages/airflow/example_dags/example_short_circuit_operator.py
[2025-10-10T08:41:07.042+0000] {processor.py:925} INFO - DAG(s) 'example_short_circuit_operator' retrieved from /home/airflow/.local/lib/python3.12/site-packages/airflow/example_dags/example_short_circuit_operator.py
[2025-10-10T08:41:07.116+0000] {logging_mixin.py:190} INFO - [2025-10-10T08:41:07.115+0000] {dag.py:3211} INFO - Sync 1 DAGs
[2025-10-10T08:41:07.193+0000] {logging_mixin.py:190} INFO - [2025-10-10T08:41:07.193+0000] {dag.py:4138} INFO - Setting next_dagrun for example_short_circuit_operator to 2025-10-09 00:00:00+00:00, run_after=2025-10-10 00:00:00+00:00
[2025-10-10T08:41:07.253+0000] {processor.py:208} INFO - Processing /home/airflow/.local/lib/python3.12/site-packages/airflow/example_dags/example_short_circuit_operator.py took 0.271 seconds
[2025-10-10T08:41:38.305+0000] {processor.py:186} INFO - Started process (PID=545) to work on /home/airflow/.local/lib/python3.12/site-packages/airflow/example_dags/example_short_circuit_operator.py
[2025-10-10T08:41:38.307+0000] {processor.py:914} INFO - Processing file /home/airflow/.local/lib/python3.12/site-packages/airflow/example_dags/example_short_circuit_operator.py for tasks to queue
[2025-10-10T08:41:38.313+0000] {logging_mixin.py:190} INFO - [2025-10-10T08:41:38.312+0000] {dagbag.py:587} INFO - Filling up the DagBag from /home/airflow/.local/lib/python3.12/site-packages/airflow/example_dags/example_short_circuit_operator.py
[2025-10-10T08:41:38.332+0000] {processor.py:925} INFO - DAG(s) 'example_short_circuit_operator' retrieved from /home/airflow/.local/lib/python3.12/site-packages/airflow/example_dags/example_short_circuit_operator.py
[2025-10-10T08:41:38.388+0000] {logging_mixin.py:190} INFO - [2025-10-10T08:41:38.387+0000] {dag.py:3211} INFO - Sync 1 DAGs
[2025-10-10T08:41:38.448+0000] {logging_mixin.py:190} INFO - [2025-10-10T08:41:38.447+0000] {dag.py:4138} INFO - Setting next_dagrun for example_short_circuit_operator to 2025-10-09 00:00:00+00:00, run_after=2025-10-10 00:00:00+00:00
[2025-10-10T08:41:38.500+0000] {processor.py:208} INFO - Processing /home/airflow/.local/lib/python3.12/site-packages/airflow/example_dags/example_short_circuit_operator.py took 0.209 seconds
[2025-10-10T08:42:08.637+0000] {processor.py:186} INFO - Started process (PID=607) to work on /home/airflow/.local/lib/python3.12/site-packages/airflow/example_dags/example_short_circuit_operator.py
[2025-10-10T08:42:08.650+0000] {processor.py:914} INFO - Processing file /home/airflow/.local/lib/python3.12/site-packages/airflow/example_dags/example_short_circuit_operator.py for tasks to queue
[2025-10-10T08:42:08.689+0000] {logging_mixin.py:190} INFO - [2025-10-10T08:42:08.686+0000] {dagbag.py:587} INFO - Filling up the DagBag from /home/airflow/.local/lib/python3.12/site-packages/airflow/example_dags/example_short_circuit_operator.py
[2025-10-10T08:42:08.775+0000] {processor.py:925} INFO - DAG(s) 'example_short_circuit_operator' retrieved from /home/airflow/.local/lib/python3.12/site-packages/airflow/example_dags/example_short_circuit_operator.py
[2025-10-10T08:42:08.881+0000] {logging_mixin.py:190} INFO - [2025-10-10T08:42:08.880+0000] {dag.py:3211} INFO - Sync 1 DAGs
[2025-10-10T08:42:08.955+0000] {logging_mixin.py:190} INFO - [2025-10-10T08:42:08.954+0000] {dag.py:4138} INFO - Setting next_dagrun for example_short_circuit_operator to 2025-10-09 00:00:00+00:00, run_after=2025-10-10 00:00:00+00:00
[2025-10-10T08:42:09.000+0000] {processor.py:208} INFO - Processing /home/airflow/.local/lib/python3.12/site-packages/airflow/example_dags/example_short_circuit_operator.py took 0.385 seconds
[2025-10-10T08:42:39.513+0000] {processor.py:186} INFO - Started process (PID=670) to work on /home/airflow/.local/lib/python3.12/site-packages/airflow/example_dags/example_short_circuit_operator.py
[2025-10-10T08:42:39.520+0000] {processor.py:914} INFO - Processing file /home/airflow/.local/lib/python3.12/site-packages/airflow/example_dags/example_short_circuit_operator.py for tasks to queue
[2025-10-10T08:42:39.534+0000] {logging_mixin.py:190} INFO - [2025-10-10T08:42:39.532+0000] {dagbag.py:587} INFO - Filling up the DagBag from /home/airflow/.local/lib/python3.12/site-packages/airflow/example_dags/example_short_circuit_operator.py
[2025-10-10T08:42:39.590+0000] {processor.py:925} INFO - DAG(s) 'example_short_circuit_operator' retrieved from /home/airflow/.local/lib/python3.12/site-packages/airflow/example_dags/example_short_circuit_operator.py
[2025-10-10T08:42:39.738+0000] {logging_mixin.py:190} INFO - [2025-10-10T08:42:39.737+0000] {dag.py:3211} INFO - Sync 1 DAGs
[2025-10-10T08:42:39.877+0000] {logging_mixin.py:190} INFO - [2025-10-10T08:42:39.877+0000] {dag.py:4138} INFO - Setting next_dagrun for example_short_circuit_operator to 2025-10-09 00:00:00+00:00, run_after=2025-10-10 00:00:00+00:00
[2025-10-10T08:42:39.950+0000] {processor.py:208} INFO - Processing /home/airflow/.local/lib/python3.12/site-packages/airflow/example_dags/example_short_circuit_operator.py took 0.471 seconds
[2025-10-10T08:43:10.360+0000] {processor.py:186} INFO - Started process (PID=739) to work on /home/airflow/.local/lib/python3.12/site-packages/airflow/example_dags/example_short_circuit_operator.py
[2025-10-10T08:43:10.362+0000] {processor.py:914} INFO - Processing file /home/airflow/.local/lib/python3.12/site-packages/airflow/example_dags/example_short_circuit_operator.py for tasks to queue
[2025-10-10T08:43:10.369+0000] {logging_mixin.py:190} INFO - [2025-10-10T08:43:10.368+0000] {dagbag.py:587} INFO - Filling up the DagBag from /home/airflow/.local/lib/python3.12/site-packages/airflow/example_dags/example_short_circuit_operator.py
[2025-10-10T08:43:10.405+0000] {processor.py:925} INFO - DAG(s) 'example_short_circuit_operator' retrieved from /home/airflow/.local/lib/python3.12/site-packages/airflow/example_dags/example_short_circuit_operator.py
[2025-10-10T08:43:10.575+0000] {logging_mixin.py:190} INFO - [2025-10-10T08:43:10.574+0000] {dag.py:3211} INFO - Sync 1 DAGs
[2025-10-10T08:43:10.724+0000] {logging_mixin.py:190} INFO - [2025-10-10T08:43:10.723+0000] {dag.py:4138} INFO - Setting next_dagrun for example_short_circuit_operator to 2025-10-09 00:00:00+00:00, run_after=2025-10-10 00:00:00+00:00
[2025-10-10T08:43:10.823+0000] {processor.py:208} INFO - Processing /home/airflow/.local/lib/python3.12/site-packages/airflow/example_dags/example_short_circuit_operator.py took 0.481 seconds
[2025-10-10T08:43:41.432+0000] {processor.py:186} INFO - Started process (PID=802) to work on /home/airflow/.local/lib/python3.12/site-packages/airflow/example_dags/example_short_circuit_operator.py
[2025-10-10T08:43:41.435+0000] {processor.py:914} INFO - Processing file /home/airflow/.local/lib/python3.12/site-packages/airflow/example_dags/example_short_circuit_operator.py for tasks to queue
[2025-10-10T08:43:41.443+0000] {logging_mixin.py:190} INFO - [2025-10-10T08:43:41.441+0000] {dagbag.py:587} INFO - Filling up the DagBag from /home/airflow/.local/lib/python3.12/site-packages/airflow/example_dags/example_short_circuit_operator.py
[2025-10-10T08:43:41.470+0000] {processor.py:925} INFO - DAG(s) 'example_short_circuit_operator' retrieved from /home/airflow/.local/lib/python3.12/site-packages/airflow/example_dags/example_short_circuit_operator.py
[2025-10-10T08:43:41.559+0000] {logging_mixin.py:190} INFO - [2025-10-10T08:43:41.558+0000] {dag.py:3211} INFO - Sync 1 DAGs
[2025-10-10T08:43:41.669+0000] {logging_mixin.py:190} INFO - [2025-10-10T08:43:41.668+0000] {dag.py:4138} INFO - Setting next_dagrun for example_short_circuit_operator to 2025-10-09 00:00:00+00:00, run_after=2025-10-10 00:00:00+00:00
[2025-10-10T08:43:41.727+0000] {processor.py:208} INFO - Processing /home/airflow/.local/lib/python3.12/site-packages/airflow/example_dags/example_short_circuit_operator.py took 0.312 seconds
[2025-10-10T08:44:12.823+0000] {processor.py:186} INFO - Started process (PID=864) to work on /home/airflow/.local/lib/python3.12/site-packages/airflow/example_dags/example_short_circuit_operator.py
[2025-10-10T08:44:12.826+0000] {processor.py:914} INFO - Processing file /home/airflow/.local/lib/python3.12/site-packages/airflow/example_dags/example_short_circuit_operator.py for tasks to queue
[2025-10-10T08:44:12.834+0000] {logging_mixin.py:190} INFO - [2025-10-10T08:44:12.832+0000] {dagbag.py:587} INFO - Filling up the DagBag from /home/airflow/.local/lib/python3.12/site-packages/airflow/example_dags/example_short_circuit_operator.py
[2025-10-10T08:44:12.861+0000] {processor.py:925} INFO - DAG(s) 'example_short_circuit_operator' retrieved from /home/airflow/.local/lib/python3.12/site-packages/airflow/example_dags/example_short_circuit_operator.py
[2025-10-10T08:44:12.930+0000] {logging_mixin.py:190} INFO - [2025-10-10T08:44:12.930+0000] {dag.py:3211} INFO - Sync 1 DAGs
[2025-10-10T08:44:13.014+0000] {logging_mixin.py:190} INFO - [2025-10-10T08:44:13.013+0000] {dag.py:4138} INFO - Setting next_dagrun for example_short_circuit_operator to 2025-10-09 00:00:00+00:00, run_after=2025-10-10 00:00:00+00:00
[2025-10-10T08:44:13.077+0000] {processor.py:208} INFO - Processing /home/airflow/.local/lib/python3.12/site-packages/airflow/example_dags/example_short_circuit_operator.py took 0.275 seconds
[2025-10-10T08:44:44.599+0000] {processor.py:186} INFO - Started process (PID=927) to work on /home/airflow/.local/lib/python3.12/site-packages/airflow/example_dags/example_short_circuit_operator.py
[2025-10-10T08:44:44.673+0000] {processor.py:914} INFO - Processing file /home/airflow/.local/lib/python3.12/site-packages/airflow/example_dags/example_short_circuit_operator.py for tasks to queue
[2025-10-10T08:44:44.680+0000] {logging_mixin.py:190} INFO - [2025-10-10T08:44:44.679+0000] {dagbag.py:587} INFO - Filling up the DagBag from /home/airflow/.local/lib/python3.12/site-packages/airflow/example_dags/example_short_circuit_operator.py
[2025-10-10T08:44:44.710+0000] {processor.py:925} INFO - DAG(s) 'example_short_circuit_operator' retrieved from /home/airflow/.local/lib/python3.12/site-packages/airflow/example_dags/example_short_circuit_operator.py
[2025-10-10T08:44:44.809+0000] {logging_mixin.py:190} INFO - [2025-10-10T08:44:44.808+0000] {dag.py:3211} INFO - Sync 1 DAGs
[2025-10-10T08:44:44.892+0000] {logging_mixin.py:190} INFO - [2025-10-10T08:44:44.892+0000] {dag.py:4138} INFO - Setting next_dagrun for example_short_circuit_operator to 2025-10-09 00:00:00+00:00, run_after=2025-10-10 00:00:00+00:00
[2025-10-10T08:44:45.010+0000] {processor.py:208} INFO - Processing /home/airflow/.local/lib/python3.12/site-packages/airflow/example_dags/example_short_circuit_operator.py took 0.438 seconds
[2025-10-10T08:45:15.198+0000] {processor.py:186} INFO - Started process (PID=990) to work on /home/airflow/.local/lib/python3.12/site-packages/airflow/example_dags/example_short_circuit_operator.py
[2025-10-10T08:45:15.201+0000] {processor.py:914} INFO - Processing file /home/airflow/.local/lib/python3.12/site-packages/airflow/example_dags/example_short_circuit_operator.py for tasks to queue
[2025-10-10T08:45:15.209+0000] {logging_mixin.py:190} INFO - [2025-10-10T08:45:15.208+0000] {dagbag.py:587} INFO - Filling up the DagBag from /home/airflow/.local/lib/python3.12/site-packages/airflow/example_dags/example_short_circuit_operator.py
[2025-10-10T08:45:15.235+0000] {processor.py:925} INFO - DAG(s) 'example_short_circuit_operator' retrieved from /home/airflow/.local/lib/python3.12/site-packages/airflow/example_dags/example_short_circuit_operator.py
[2025-10-10T08:45:15.308+0000] {logging_mixin.py:190} INFO - [2025-10-10T08:45:15.306+0000] {dag.py:3211} INFO - Sync 1 DAGs
[2025-10-10T08:45:15.435+0000] {logging_mixin.py:190} INFO - [2025-10-10T08:45:15.434+0000] {dag.py:4138} INFO - Setting next_dagrun for example_short_circuit_operator to 2025-10-09 00:00:00+00:00, run_after=2025-10-10 00:00:00+00:00
[2025-10-10T08:45:15.566+0000] {processor.py:208} INFO - Processing /home/airflow/.local/lib/python3.12/site-packages/airflow/example_dags/example_short_circuit_operator.py took 0.386 seconds
[2025-10-10T08:45:46.579+0000] {processor.py:186} INFO - Started process (PID=1053) to work on /home/airflow/.local/lib/python3.12/site-packages/airflow/example_dags/example_short_circuit_operator.py
[2025-10-10T08:45:46.582+0000] {processor.py:914} INFO - Processing file /home/airflow/.local/lib/python3.12/site-packages/airflow/example_dags/example_short_circuit_operator.py for tasks to queue
[2025-10-10T08:45:46.588+0000] {logging_mixin.py:190} INFO - [2025-10-10T08:45:46.587+0000] {dagbag.py:587} INFO - Filling up the DagBag from /home/airflow/.local/lib/python3.12/site-packages/airflow/example_dags/example_short_circuit_operator.py
[2025-10-10T08:45:46.607+0000] {processor.py:925} INFO - DAG(s) 'example_short_circuit_operator' retrieved from /home/airflow/.local/lib/python3.12/site-packages/airflow/example_dags/example_short_circuit_operator.py
[2025-10-10T08:45:46.674+0000] {logging_mixin.py:190} INFO - [2025-10-10T08:45:46.673+0000] {dag.py:3211} INFO - Sync 1 DAGs
[2025-10-10T08:45:46.742+0000] {logging_mixin.py:190} INFO - [2025-10-10T08:45:46.742+0000] {dag.py:4138} INFO - Setting next_dagrun for example_short_circuit_operator to 2025-10-09 00:00:00+00:00, run_after=2025-10-10 00:00:00+00:00
[2025-10-10T08:45:46.820+0000] {processor.py:208} INFO - Processing /home/airflow/.local/lib/python3.12/site-packages/airflow/example_dags/example_short_circuit_operator.py took 0.255 seconds
[2025-10-10T08:46:18.171+0000] {processor.py:186} INFO - Started process (PID=1116) to work on /home/airflow/.local/lib/python3.12/site-packages/airflow/example_dags/example_short_circuit_operator.py
[2025-10-10T08:46:18.176+0000] {processor.py:914} INFO - Processing file /home/airflow/.local/lib/python3.12/site-packages/airflow/example_dags/example_short_circuit_operator.py for tasks to queue
[2025-10-10T08:46:18.190+0000] {logging_mixin.py:190} INFO - [2025-10-10T08:46:18.186+0000] {dagbag.py:587} INFO - Filling up the DagBag from /home/airflow/.local/lib/python3.12/site-packages/airflow/example_dags/example_short_circuit_operator.py
[2025-10-10T08:46:18.236+0000] {processor.py:925} INFO - DAG(s) 'example_short_circuit_operator' retrieved from /home/airflow/.local/lib/python3.12/site-packages/airflow/example_dags/example_short_circuit_operator.py
[2025-10-10T08:46:18.348+0000] {logging_mixin.py:190} INFO - [2025-10-10T08:46:18.347+0000] {dag.py:3211} INFO - Sync 1 DAGs
[2025-10-10T08:46:18.424+0000] {logging_mixin.py:190} INFO - [2025-10-10T08:46:18.424+0000] {dag.py:4138} INFO - Setting next_dagrun for example_short_circuit_operator to 2025-10-09 00:00:00+00:00, run_after=2025-10-10 00:00:00+00:00
[2025-10-10T08:46:18.607+0000] {processor.py:208} INFO - Processing /home/airflow/.local/lib/python3.12/site-packages/airflow/example_dags/example_short_circuit_operator.py took 0.469 seconds
[2025-10-10T08:46:49.475+0000] {processor.py:186} INFO - Started process (PID=1179) to work on /home/airflow/.local/lib/python3.12/site-packages/airflow/example_dags/example_short_circuit_operator.py
[2025-10-10T08:46:49.477+0000] {processor.py:914} INFO - Processing file /home/airflow/.local/lib/python3.12/site-packages/airflow/example_dags/example_short_circuit_operator.py for tasks to queue
[2025-10-10T08:46:49.483+0000] {logging_mixin.py:190} INFO - [2025-10-10T08:46:49.482+0000] {dagbag.py:587} INFO - Filling up the DagBag from /home/airflow/.local/lib/python3.12/site-packages/airflow/example_dags/example_short_circuit_operator.py
[2025-10-10T08:46:49.508+0000] {processor.py:925} INFO - DAG(s) 'example_short_circuit_operator' retrieved from /home/airflow/.local/lib/python3.12/site-packages/airflow/example_dags/example_short_circuit_operator.py
[2025-10-10T08:46:49.566+0000] {logging_mixin.py:190} INFO - [2025-10-10T08:46:49.566+0000] {dag.py:3211} INFO - Sync 1 DAGs
[2025-10-10T08:46:49.633+0000] {logging_mixin.py:190} INFO - [2025-10-10T08:46:49.633+0000] {dag.py:4138} INFO - Setting next_dagrun for example_short_circuit_operator to 2025-10-09 00:00:00+00:00, run_after=2025-10-10 00:00:00+00:00
[2025-10-10T08:46:49.697+0000] {processor.py:208} INFO - Processing /home/airflow/.local/lib/python3.12/site-packages/airflow/example_dags/example_short_circuit_operator.py took 0.240 seconds
[2025-10-10T08:47:21.567+0000] {processor.py:186} INFO - Started process (PID=1242) to work on /home/airflow/.local/lib/python3.12/site-packages/airflow/example_dags/example_short_circuit_operator.py
[2025-10-10T08:47:21.570+0000] {processor.py:914} INFO - Processing file /home/airflow/.local/lib/python3.12/site-packages/airflow/example_dags/example_short_circuit_operator.py for tasks to queue
[2025-10-10T08:47:21.581+0000] {logging_mixin.py:190} INFO - [2025-10-10T08:47:21.580+0000] {dagbag.py:587} INFO - Filling up the DagBag from /home/airflow/.local/lib/python3.12/site-packages/airflow/example_dags/example_short_circuit_operator.py
[2025-10-10T08:47:21.637+0000] {processor.py:925} INFO - DAG(s) 'example_short_circuit_operator' retrieved from /home/airflow/.local/lib/python3.12/site-packages/airflow/example_dags/example_short_circuit_operator.py
[2025-10-10T08:47:21.750+0000] {logging_mixin.py:190} INFO - [2025-10-10T08:47:21.750+0000] {dag.py:3211} INFO - Sync 1 DAGs
[2025-10-10T08:47:21.882+0000] {logging_mixin.py:190} INFO - [2025-10-10T08:47:21.881+0000] {dag.py:4138} INFO - Setting next_dagrun for example_short_circuit_operator to 2025-10-09 00:00:00+00:00, run_after=2025-10-10 00:00:00+00:00
[2025-10-10T08:47:21.953+0000] {processor.py:208} INFO - Processing /home/airflow/.local/lib/python3.12/site-packages/airflow/example_dags/example_short_circuit_operator.py took 0.408 seconds
[2025-10-10T08:47:52.539+0000] {processor.py:186} INFO - Started process (PID=1305) to work on /home/airflow/.local/lib/python3.12/site-packages/airflow/example_dags/example_short_circuit_operator.py
[2025-10-10T08:47:52.542+0000] {processor.py:914} INFO - Processing file /home/airflow/.local/lib/python3.12/site-packages/airflow/example_dags/example_short_circuit_operator.py for tasks to queue
[2025-10-10T08:47:52.552+0000] {logging_mixin.py:190} INFO - [2025-10-10T08:47:52.551+0000] {dagbag.py:587} INFO - Filling up the DagBag from /home/airflow/.local/lib/python3.12/site-packages/airflow/example_dags/example_short_circuit_operator.py
[2025-10-10T08:47:52.598+0000] {processor.py:925} INFO - DAG(s) 'example_short_circuit_operator' retrieved from /home/airflow/.local/lib/python3.12/site-packages/airflow/example_dags/example_short_circuit_operator.py
[2025-10-10T08:47:52.688+0000] {logging_mixin.py:190} INFO - [2025-10-10T08:47:52.688+0000] {dag.py:3211} INFO - Sync 1 DAGs
[2025-10-10T08:47:52.755+0000] {logging_mixin.py:190} INFO - [2025-10-10T08:47:52.755+0000] {dag.py:4138} INFO - Setting next_dagrun for example_short_circuit_operator to 2025-10-09 00:00:00+00:00, run_after=2025-10-10 00:00:00+00:00
[2025-10-10T08:47:52.807+0000] {processor.py:208} INFO - Processing /home/airflow/.local/lib/python3.12/site-packages/airflow/example_dags/example_short_circuit_operator.py took 0.291 seconds
[2025-10-10T08:48:23.171+0000] {processor.py:186} INFO - Started process (PID=1368) to work on /home/airflow/.local/lib/python3.12/site-packages/airflow/example_dags/example_short_circuit_operator.py
[2025-10-10T08:48:23.174+0000] {processor.py:914} INFO - Processing file /home/airflow/.local/lib/python3.12/site-packages/airflow/example_dags/example_short_circuit_operator.py for tasks to queue
[2025-10-10T08:48:23.181+0000] {logging_mixin.py:190} INFO - [2025-10-10T08:48:23.180+0000] {dagbag.py:587} INFO - Filling up the DagBag from /home/airflow/.local/lib/python3.12/site-packages/airflow/example_dags/example_short_circuit_operator.py
[2025-10-10T08:48:23.202+0000] {processor.py:925} INFO - DAG(s) 'example_short_circuit_operator' retrieved from /home/airflow/.local/lib/python3.12/site-packages/airflow/example_dags/example_short_circuit_operator.py
[2025-10-10T08:48:23.256+0000] {logging_mixin.py:190} INFO - [2025-10-10T08:48:23.256+0000] {dag.py:3211} INFO - Sync 1 DAGs
[2025-10-10T08:48:23.309+0000] {logging_mixin.py:190} INFO - [2025-10-10T08:48:23.309+0000] {dag.py:4138} INFO - Setting next_dagrun for example_short_circuit_operator to 2025-10-09 00:00:00+00:00, run_after=2025-10-10 00:00:00+00:00
[2025-10-10T08:48:23.355+0000] {processor.py:208} INFO - Processing /home/airflow/.local/lib/python3.12/site-packages/airflow/example_dags/example_short_circuit_operator.py took 0.198 seconds
[2025-10-10T08:48:54.032+0000] {processor.py:186} INFO - Started process (PID=1431) to work on /home/airflow/.local/lib/python3.12/site-packages/airflow/example_dags/example_short_circuit_operator.py
[2025-10-10T08:48:54.035+0000] {processor.py:914} INFO - Processing file /home/airflow/.local/lib/python3.12/site-packages/airflow/example_dags/example_short_circuit_operator.py for tasks to queue
[2025-10-10T08:48:54.042+0000] {logging_mixin.py:190} INFO - [2025-10-10T08:48:54.041+0000] {dagbag.py:587} INFO - Filling up the DagBag from /home/airflow/.local/lib/python3.12/site-packages/airflow/example_dags/example_short_circuit_operator.py
[2025-10-10T08:48:54.076+0000] {processor.py:925} INFO - DAG(s) 'example_short_circuit_operator' retrieved from /home/airflow/.local/lib/python3.12/site-packages/airflow/example_dags/example_short_circuit_operator.py
[2025-10-10T08:48:54.147+0000] {logging_mixin.py:190} INFO - [2025-10-10T08:48:54.147+0000] {dag.py:3211} INFO - Sync 1 DAGs
[2025-10-10T08:48:54.217+0000] {logging_mixin.py:190} INFO - [2025-10-10T08:48:54.216+0000] {dag.py:4138} INFO - Setting next_dagrun for example_short_circuit_operator to 2025-10-09 00:00:00+00:00, run_after=2025-10-10 00:00:00+00:00
[2025-10-10T08:48:54.270+0000] {processor.py:208} INFO - Processing /home/airflow/.local/lib/python3.12/site-packages/airflow/example_dags/example_short_circuit_operator.py took 0.275 seconds
[2025-10-10T08:49:27.085+0000] {processor.py:186} INFO - Started process (PID=1494) to work on /home/airflow/.local/lib/python3.12/site-packages/airflow/example_dags/example_short_circuit_operator.py
[2025-10-10T08:49:27.091+0000] {processor.py:914} INFO - Processing file /home/airflow/.local/lib/python3.12/site-packages/airflow/example_dags/example_short_circuit_operator.py for tasks to queue
[2025-10-10T08:49:27.105+0000] {logging_mixin.py:190} INFO - [2025-10-10T08:49:27.104+0000] {dagbag.py:587} INFO - Filling up the DagBag from /home/airflow/.local/lib/python3.12/site-packages/airflow/example_dags/example_short_circuit_operator.py
[2025-10-10T08:49:27.147+0000] {processor.py:925} INFO - DAG(s) 'example_short_circuit_operator' retrieved from /home/airflow/.local/lib/python3.12/site-packages/airflow/example_dags/example_short_circuit_operator.py
[2025-10-10T08:49:27.379+0000] {logging_mixin.py:190} INFO - [2025-10-10T08:49:27.379+0000] {dag.py:3211} INFO - Sync 1 DAGs
[2025-10-10T08:49:27.570+0000] {logging_mixin.py:190} INFO - [2025-10-10T08:49:27.570+0000] {dag.py:4138} INFO - Setting next_dagrun for example_short_circuit_operator to 2025-10-09 00:00:00+00:00, run_after=2025-10-10 00:00:00+00:00
[2025-10-10T08:49:27.736+0000] {processor.py:208} INFO - Processing /home/airflow/.local/lib/python3.12/site-packages/airflow/example_dags/example_short_circuit_operator.py took 0.709 seconds
[2025-10-10T08:54:00.609+0000] {processor.py:186} INFO - Started process (PID=113) to work on /home/airflow/.local/lib/python3.12/site-packages/airflow/example_dags/example_short_circuit_operator.py
[2025-10-10T08:54:00.613+0000] {processor.py:914} INFO - Processing file /home/airflow/.local/lib/python3.12/site-packages/airflow/example_dags/example_short_circuit_operator.py for tasks to queue
[2025-10-10T08:54:00.619+0000] {logging_mixin.py:190} INFO - [2025-10-10T08:54:00.619+0000] {dagbag.py:587} INFO - Filling up the DagBag from /home/airflow/.local/lib/python3.12/site-packages/airflow/example_dags/example_short_circuit_operator.py
[2025-10-10T08:54:00.651+0000] {processor.py:925} INFO - DAG(s) 'example_short_circuit_operator' retrieved from /home/airflow/.local/lib/python3.12/site-packages/airflow/example_dags/example_short_circuit_operator.py
[2025-10-10T08:54:00.709+0000] {logging_mixin.py:190} INFO - [2025-10-10T08:54:00.708+0000] {dag.py:3211} INFO - Sync 1 DAGs
[2025-10-10T08:54:00.762+0000] {logging_mixin.py:190} INFO - [2025-10-10T08:54:00.762+0000] {dag.py:4138} INFO - Setting next_dagrun for example_short_circuit_operator to 2025-10-09 00:00:00+00:00, run_after=2025-10-10 00:00:00+00:00
[2025-10-10T08:54:00.802+0000] {processor.py:208} INFO - Processing /home/airflow/.local/lib/python3.12/site-packages/airflow/example_dags/example_short_circuit_operator.py took 0.216 seconds
[2025-10-10T08:54:31.194+0000] {processor.py:186} INFO - Started process (PID=177) to work on /home/airflow/.local/lib/python3.12/site-packages/airflow/example_dags/example_short_circuit_operator.py
[2025-10-10T08:54:31.196+0000] {processor.py:914} INFO - Processing file /home/airflow/.local/lib/python3.12/site-packages/airflow/example_dags/example_short_circuit_operator.py for tasks to queue
[2025-10-10T08:54:31.200+0000] {logging_mixin.py:190} INFO - [2025-10-10T08:54:31.200+0000] {dagbag.py:587} INFO - Filling up the DagBag from /home/airflow/.local/lib/python3.12/site-packages/airflow/example_dags/example_short_circuit_operator.py
[2025-10-10T08:54:31.221+0000] {processor.py:925} INFO - DAG(s) 'example_short_circuit_operator' retrieved from /home/airflow/.local/lib/python3.12/site-packages/airflow/example_dags/example_short_circuit_operator.py
[2025-10-10T08:54:31.303+0000] {logging_mixin.py:190} INFO - [2025-10-10T08:54:31.302+0000] {dag.py:3211} INFO - Sync 1 DAGs
[2025-10-10T08:54:31.356+0000] {logging_mixin.py:190} INFO - [2025-10-10T08:54:31.356+0000] {dag.py:4138} INFO - Setting next_dagrun for example_short_circuit_operator to 2025-10-09 00:00:00+00:00, run_after=2025-10-10 00:00:00+00:00
[2025-10-10T08:54:31.398+0000] {processor.py:208} INFO - Processing /home/airflow/.local/lib/python3.12/site-packages/airflow/example_dags/example_short_circuit_operator.py took 0.214 seconds
[2025-10-10T08:55:02.046+0000] {processor.py:186} INFO - Started process (PID=240) to work on /home/airflow/.local/lib/python3.12/site-packages/airflow/example_dags/example_short_circuit_operator.py
[2025-10-10T08:55:02.050+0000] {processor.py:914} INFO - Processing file /home/airflow/.local/lib/python3.12/site-packages/airflow/example_dags/example_short_circuit_operator.py for tasks to queue
[2025-10-10T08:55:02.057+0000] {logging_mixin.py:190} INFO - [2025-10-10T08:55:02.056+0000] {dagbag.py:587} INFO - Filling up the DagBag from /home/airflow/.local/lib/python3.12/site-packages/airflow/example_dags/example_short_circuit_operator.py
[2025-10-10T08:55:02.080+0000] {processor.py:925} INFO - DAG(s) 'example_short_circuit_operator' retrieved from /home/airflow/.local/lib/python3.12/site-packages/airflow/example_dags/example_short_circuit_operator.py
[2025-10-10T08:55:02.146+0000] {logging_mixin.py:190} INFO - [2025-10-10T08:55:02.146+0000] {dag.py:3211} INFO - Sync 1 DAGs
[2025-10-10T08:55:02.199+0000] {logging_mixin.py:190} INFO - [2025-10-10T08:55:02.199+0000] {dag.py:4138} INFO - Setting next_dagrun for example_short_circuit_operator to 2025-10-09 00:00:00+00:00, run_after=2025-10-10 00:00:00+00:00
[2025-10-10T08:55:02.429+0000] {processor.py:208} INFO - Processing /home/airflow/.local/lib/python3.12/site-packages/airflow/example_dags/example_short_circuit_operator.py took 0.400 seconds
[2025-10-10T08:58:07.447+0000] {processor.py:186} INFO - Started process (PID=108) to work on /home/airflow/.local/lib/python3.12/site-packages/airflow/example_dags/example_short_circuit_operator.py
[2025-10-10T08:58:07.450+0000] {processor.py:914} INFO - Processing file /home/airflow/.local/lib/python3.12/site-packages/airflow/example_dags/example_short_circuit_operator.py for tasks to queue
[2025-10-10T08:58:07.457+0000] {logging_mixin.py:190} INFO - [2025-10-10T08:58:07.456+0000] {dagbag.py:587} INFO - Filling up the DagBag from /home/airflow/.local/lib/python3.12/site-packages/airflow/example_dags/example_short_circuit_operator.py
[2025-10-10T08:58:07.486+0000] {processor.py:925} INFO - DAG(s) 'example_short_circuit_operator' retrieved from /home/airflow/.local/lib/python3.12/site-packages/airflow/example_dags/example_short_circuit_operator.py
[2025-10-10T08:58:07.566+0000] {logging_mixin.py:190} INFO - [2025-10-10T08:58:07.566+0000] {dag.py:3211} INFO - Sync 1 DAGs
[2025-10-10T08:58:07.656+0000] {logging_mixin.py:190} INFO - [2025-10-10T08:58:07.655+0000] {dag.py:4138} INFO - Setting next_dagrun for example_short_circuit_operator to 2025-10-09 00:00:00+00:00, run_after=2025-10-10 00:00:00+00:00
[2025-10-10T08:58:07.745+0000] {processor.py:208} INFO - Processing /home/airflow/.local/lib/python3.12/site-packages/airflow/example_dags/example_short_circuit_operator.py took 0.315 seconds
[2025-10-10T08:58:38.689+0000] {processor.py:186} INFO - Started process (PID=172) to work on /home/airflow/.local/lib/python3.12/site-packages/airflow/example_dags/example_short_circuit_operator.py
[2025-10-10T08:58:38.692+0000] {processor.py:914} INFO - Processing file /home/airflow/.local/lib/python3.12/site-packages/airflow/example_dags/example_short_circuit_operator.py for tasks to queue
[2025-10-10T08:58:38.708+0000] {logging_mixin.py:190} INFO - [2025-10-10T08:58:38.707+0000] {dagbag.py:587} INFO - Filling up the DagBag from /home/airflow/.local/lib/python3.12/site-packages/airflow/example_dags/example_short_circuit_operator.py
[2025-10-10T08:58:38.748+0000] {processor.py:925} INFO - DAG(s) 'example_short_circuit_operator' retrieved from /home/airflow/.local/lib/python3.12/site-packages/airflow/example_dags/example_short_circuit_operator.py
[2025-10-10T08:58:38.830+0000] {logging_mixin.py:190} INFO - [2025-10-10T08:58:38.829+0000] {dag.py:3211} INFO - Sync 1 DAGs
[2025-10-10T08:58:38.905+0000] {logging_mixin.py:190} INFO - [2025-10-10T08:58:38.905+0000] {dag.py:4138} INFO - Setting next_dagrun for example_short_circuit_operator to 2025-10-09 00:00:00+00:00, run_after=2025-10-10 00:00:00+00:00
[2025-10-10T08:58:38.961+0000] {processor.py:208} INFO - Processing /home/airflow/.local/lib/python3.12/site-packages/airflow/example_dags/example_short_circuit_operator.py took 0.295 seconds
[2025-10-10T09:01:34.434+0000] {processor.py:186} INFO - Started process (PID=107) to work on /home/airflow/.local/lib/python3.12/site-packages/airflow/example_dags/example_short_circuit_operator.py
[2025-10-10T09:01:34.436+0000] {processor.py:914} INFO - Processing file /home/airflow/.local/lib/python3.12/site-packages/airflow/example_dags/example_short_circuit_operator.py for tasks to queue
[2025-10-10T09:01:34.444+0000] {logging_mixin.py:190} INFO - [2025-10-10T09:01:34.442+0000] {dagbag.py:587} INFO - Filling up the DagBag from /home/airflow/.local/lib/python3.12/site-packages/airflow/example_dags/example_short_circuit_operator.py
[2025-10-10T09:01:34.468+0000] {processor.py:925} INFO - DAG(s) 'example_short_circuit_operator' retrieved from /home/airflow/.local/lib/python3.12/site-packages/airflow/example_dags/example_short_circuit_operator.py
[2025-10-10T09:01:34.519+0000] {logging_mixin.py:190} INFO - [2025-10-10T09:01:34.519+0000] {dag.py:3211} INFO - Sync 1 DAGs
[2025-10-10T09:01:34.581+0000] {logging_mixin.py:190} INFO - [2025-10-10T09:01:34.580+0000] {dag.py:4138} INFO - Setting next_dagrun for example_short_circuit_operator to 2025-10-09 00:00:00+00:00, run_after=2025-10-10 00:00:00+00:00
[2025-10-10T09:01:34.634+0000] {processor.py:208} INFO - Processing /home/airflow/.local/lib/python3.12/site-packages/airflow/example_dags/example_short_circuit_operator.py took 0.213 seconds
[2025-10-10T09:02:05.378+0000] {processor.py:186} INFO - Started process (PID=170) to work on /home/airflow/.local/lib/python3.12/site-packages/airflow/example_dags/example_short_circuit_operator.py
[2025-10-10T09:02:05.382+0000] {processor.py:914} INFO - Processing file /home/airflow/.local/lib/python3.12/site-packages/airflow/example_dags/example_short_circuit_operator.py for tasks to queue
[2025-10-10T09:02:05.390+0000] {logging_mixin.py:190} INFO - [2025-10-10T09:02:05.389+0000] {dagbag.py:587} INFO - Filling up the DagBag from /home/airflow/.local/lib/python3.12/site-packages/airflow/example_dags/example_short_circuit_operator.py
[2025-10-10T09:02:05.429+0000] {processor.py:925} INFO - DAG(s) 'example_short_circuit_operator' retrieved from /home/airflow/.local/lib/python3.12/site-packages/airflow/example_dags/example_short_circuit_operator.py
[2025-10-10T09:02:05.519+0000] {logging_mixin.py:190} INFO - [2025-10-10T09:02:05.518+0000] {dag.py:3211} INFO - Sync 1 DAGs
[2025-10-10T09:02:05.612+0000] {logging_mixin.py:190} INFO - [2025-10-10T09:02:05.611+0000] {dag.py:4138} INFO - Setting next_dagrun for example_short_circuit_operator to 2025-10-09 00:00:00+00:00, run_after=2025-10-10 00:00:00+00:00
[2025-10-10T09:02:05.711+0000] {processor.py:208} INFO - Processing /home/airflow/.local/lib/python3.12/site-packages/airflow/example_dags/example_short_circuit_operator.py took 0.358 seconds
[2025-10-10T09:02:37.100+0000] {processor.py:186} INFO - Started process (PID=233) to work on /home/airflow/.local/lib/python3.12/site-packages/airflow/example_dags/example_short_circuit_operator.py
[2025-10-10T09:02:37.103+0000] {processor.py:914} INFO - Processing file /home/airflow/.local/lib/python3.12/site-packages/airflow/example_dags/example_short_circuit_operator.py for tasks to queue
[2025-10-10T09:02:37.110+0000] {logging_mixin.py:190} INFO - [2025-10-10T09:02:37.109+0000] {dagbag.py:587} INFO - Filling up the DagBag from /home/airflow/.local/lib/python3.12/site-packages/airflow/example_dags/example_short_circuit_operator.py
[2025-10-10T09:02:37.135+0000] {processor.py:925} INFO - DAG(s) 'example_short_circuit_operator' retrieved from /home/airflow/.local/lib/python3.12/site-packages/airflow/example_dags/example_short_circuit_operator.py
[2025-10-10T09:02:37.197+0000] {logging_mixin.py:190} INFO - [2025-10-10T09:02:37.196+0000] {dag.py:3211} INFO - Sync 1 DAGs
[2025-10-10T09:02:37.320+0000] {logging_mixin.py:190} INFO - [2025-10-10T09:02:37.320+0000] {dag.py:4138} INFO - Setting next_dagrun for example_short_circuit_operator to 2025-10-09 00:00:00+00:00, run_after=2025-10-10 00:00:00+00:00
[2025-10-10T09:02:37.369+0000] {processor.py:208} INFO - Processing /home/airflow/.local/lib/python3.12/site-packages/airflow/example_dags/example_short_circuit_operator.py took 0.288 seconds
[2025-10-10T09:03:07.543+0000] {processor.py:186} INFO - Started process (PID=296) to work on /home/airflow/.local/lib/python3.12/site-packages/airflow/example_dags/example_short_circuit_operator.py
[2025-10-10T09:03:07.547+0000] {processor.py:914} INFO - Processing file /home/airflow/.local/lib/python3.12/site-packages/airflow/example_dags/example_short_circuit_operator.py for tasks to queue
[2025-10-10T09:03:07.557+0000] {logging_mixin.py:190} INFO - [2025-10-10T09:03:07.555+0000] {dagbag.py:587} INFO - Filling up the DagBag from /home/airflow/.local/lib/python3.12/site-packages/airflow/example_dags/example_short_circuit_operator.py
[2025-10-10T09:03:07.592+0000] {processor.py:925} INFO - DAG(s) 'example_short_circuit_operator' retrieved from /home/airflow/.local/lib/python3.12/site-packages/airflow/example_dags/example_short_circuit_operator.py
[2025-10-10T09:03:07.665+0000] {logging_mixin.py:190} INFO - [2025-10-10T09:03:07.664+0000] {dag.py:3211} INFO - Sync 1 DAGs
[2025-10-10T09:03:07.723+0000] {logging_mixin.py:190} INFO - [2025-10-10T09:03:07.723+0000] {dag.py:4138} INFO - Setting next_dagrun for example_short_circuit_operator to 2025-10-09 00:00:00+00:00, run_after=2025-10-10 00:00:00+00:00
[2025-10-10T09:03:07.780+0000] {processor.py:208} INFO - Processing /home/airflow/.local/lib/python3.12/site-packages/airflow/example_dags/example_short_circuit_operator.py took 0.265 seconds
[2025-10-10T09:03:38.616+0000] {processor.py:186} INFO - Started process (PID=359) to work on /home/airflow/.local/lib/python3.12/site-packages/airflow/example_dags/example_short_circuit_operator.py
[2025-10-10T09:03:38.621+0000] {processor.py:914} INFO - Processing file /home/airflow/.local/lib/python3.12/site-packages/airflow/example_dags/example_short_circuit_operator.py for tasks to queue
[2025-10-10T09:03:38.633+0000] {logging_mixin.py:190} INFO - [2025-10-10T09:03:38.631+0000] {dagbag.py:587} INFO - Filling up the DagBag from /home/airflow/.local/lib/python3.12/site-packages/airflow/example_dags/example_short_circuit_operator.py
[2025-10-10T09:03:38.663+0000] {processor.py:925} INFO - DAG(s) 'example_short_circuit_operator' retrieved from /home/airflow/.local/lib/python3.12/site-packages/airflow/example_dags/example_short_circuit_operator.py
[2025-10-10T09:03:38.741+0000] {logging_mixin.py:190} INFO - [2025-10-10T09:03:38.741+0000] {dag.py:3211} INFO - Sync 1 DAGs
[2025-10-10T09:03:38.845+0000] {logging_mixin.py:190} INFO - [2025-10-10T09:03:38.844+0000] {dag.py:4138} INFO - Setting next_dagrun for example_short_circuit_operator to 2025-10-09 00:00:00+00:00, run_after=2025-10-10 00:00:00+00:00
[2025-10-10T09:03:38.990+0000] {processor.py:208} INFO - Processing /home/airflow/.local/lib/python3.12/site-packages/airflow/example_dags/example_short_circuit_operator.py took 0.391 seconds
[2025-10-10T09:04:10.036+0000] {processor.py:186} INFO - Started process (PID=422) to work on /home/airflow/.local/lib/python3.12/site-packages/airflow/example_dags/example_short_circuit_operator.py
[2025-10-10T09:04:10.039+0000] {processor.py:914} INFO - Processing file /home/airflow/.local/lib/python3.12/site-packages/airflow/example_dags/example_short_circuit_operator.py for tasks to queue
[2025-10-10T09:04:10.046+0000] {logging_mixin.py:190} INFO - [2025-10-10T09:04:10.045+0000] {dagbag.py:587} INFO - Filling up the DagBag from /home/airflow/.local/lib/python3.12/site-packages/airflow/example_dags/example_short_circuit_operator.py
[2025-10-10T09:04:10.071+0000] {processor.py:925} INFO - DAG(s) 'example_short_circuit_operator' retrieved from /home/airflow/.local/lib/python3.12/site-packages/airflow/example_dags/example_short_circuit_operator.py
[2025-10-10T09:04:10.130+0000] {logging_mixin.py:190} INFO - [2025-10-10T09:04:10.129+0000] {dag.py:3211} INFO - Sync 1 DAGs
[2025-10-10T09:04:10.196+0000] {logging_mixin.py:190} INFO - [2025-10-10T09:04:10.195+0000] {dag.py:4138} INFO - Setting next_dagrun for example_short_circuit_operator to 2025-10-09 00:00:00+00:00, run_after=2025-10-10 00:00:00+00:00
[2025-10-10T09:04:10.261+0000] {processor.py:208} INFO - Processing /home/airflow/.local/lib/python3.12/site-packages/airflow/example_dags/example_short_circuit_operator.py took 0.243 seconds
[2025-10-10T09:04:41.401+0000] {processor.py:186} INFO - Started process (PID=485) to work on /home/airflow/.local/lib/python3.12/site-packages/airflow/example_dags/example_short_circuit_operator.py
[2025-10-10T09:04:41.406+0000] {processor.py:914} INFO - Processing file /home/airflow/.local/lib/python3.12/site-packages/airflow/example_dags/example_short_circuit_operator.py for tasks to queue
[2025-10-10T09:04:41.419+0000] {logging_mixin.py:190} INFO - [2025-10-10T09:04:41.417+0000] {dagbag.py:587} INFO - Filling up the DagBag from /home/airflow/.local/lib/python3.12/site-packages/airflow/example_dags/example_short_circuit_operator.py
[2025-10-10T09:04:41.463+0000] {processor.py:925} INFO - DAG(s) 'example_short_circuit_operator' retrieved from /home/airflow/.local/lib/python3.12/site-packages/airflow/example_dags/example_short_circuit_operator.py
[2025-10-10T09:04:41.603+0000] {logging_mixin.py:190} INFO - [2025-10-10T09:04:41.602+0000] {dag.py:3211} INFO - Sync 1 DAGs
[2025-10-10T09:04:41.783+0000] {logging_mixin.py:190} INFO - [2025-10-10T09:04:41.782+0000] {dag.py:4138} INFO - Setting next_dagrun for example_short_circuit_operator to 2025-10-09 00:00:00+00:00, run_after=2025-10-10 00:00:00+00:00
[2025-10-10T09:04:41.850+0000] {processor.py:208} INFO - Processing /home/airflow/.local/lib/python3.12/site-packages/airflow/example_dags/example_short_circuit_operator.py took 0.480 seconds
[2025-10-10T09:05:13.322+0000] {processor.py:186} INFO - Started process (PID=548) to work on /home/airflow/.local/lib/python3.12/site-packages/airflow/example_dags/example_short_circuit_operator.py
[2025-10-10T09:05:13.326+0000] {processor.py:914} INFO - Processing file /home/airflow/.local/lib/python3.12/site-packages/airflow/example_dags/example_short_circuit_operator.py for tasks to queue
[2025-10-10T09:05:13.336+0000] {logging_mixin.py:190} INFO - [2025-10-10T09:05:13.334+0000] {dagbag.py:587} INFO - Filling up the DagBag from /home/airflow/.local/lib/python3.12/site-packages/airflow/example_dags/example_short_circuit_operator.py
[2025-10-10T09:05:13.375+0000] {processor.py:925} INFO - DAG(s) 'example_short_circuit_operator' retrieved from /home/airflow/.local/lib/python3.12/site-packages/airflow/example_dags/example_short_circuit_operator.py
[2025-10-10T09:05:13.464+0000] {logging_mixin.py:190} INFO - [2025-10-10T09:05:13.463+0000] {dag.py:3211} INFO - Sync 1 DAGs
[2025-10-10T09:05:13.567+0000] {logging_mixin.py:190} INFO - [2025-10-10T09:05:13.566+0000] {dag.py:4138} INFO - Setting next_dagrun for example_short_circuit_operator to 2025-10-09 00:00:00+00:00, run_after=2025-10-10 00:00:00+00:00
[2025-10-10T09:05:13.630+0000] {processor.py:208} INFO - Processing /home/airflow/.local/lib/python3.12/site-packages/airflow/example_dags/example_short_circuit_operator.py took 0.334 seconds
