[2025-10-10T08:37:58.447+0000] {processor.py:186} INFO - Started process (PID=106) to work on /home/airflow/.local/lib/python3.12/site-packages/airflow/example_dags/example_dynamic_task_mapping_with_no_taskflow_operators.py
[2025-10-10T08:37:58.450+0000] {processor.py:914} INFO - Processing file /home/airflow/.local/lib/python3.12/site-packages/airflow/example_dags/example_dynamic_task_mapping_with_no_taskflow_operators.py for tasks to queue
[2025-10-10T08:37:58.459+0000] {logging_mixin.py:190} INFO - [2025-10-10T08:37:58.457+0000] {dagbag.py:587} INFO - Filling up the DagBag from /home/airflow/.local/lib/python3.12/site-packages/airflow/example_dags/example_dynamic_task_mapping_with_no_taskflow_operators.py
[2025-10-10T08:37:58.485+0000] {processor.py:925} INFO - DAG(s) 'example_dynamic_task_mapping_with_no_taskflow_operators' retrieved from /home/airflow/.local/lib/python3.12/site-packages/airflow/example_dags/example_dynamic_task_mapping_with_no_taskflow_operators.py
[2025-10-10T08:37:58.535+0000] {logging_mixin.py:190} INFO - [2025-10-10T08:37:58.535+0000] {dag.py:3211} INFO - Sync 1 DAGs
[2025-10-10T08:37:58.587+0000] {logging_mixin.py:190} INFO - [2025-10-10T08:37:58.587+0000] {dag.py:4138} INFO - Setting next_dagrun for example_dynamic_task_mapping_with_no_taskflow_operators to 2025-10-09 00:00:00+00:00, run_after=2025-10-10 00:00:00+00:00
[2025-10-10T08:37:58.623+0000] {processor.py:208} INFO - Processing /home/airflow/.local/lib/python3.12/site-packages/airflow/example_dags/example_dynamic_task_mapping_with_no_taskflow_operators.py took 0.192 seconds
[2025-10-10T08:38:29.122+0000] {processor.py:186} INFO - Started process (PID=168) to work on /home/airflow/.local/lib/python3.12/site-packages/airflow/example_dags/example_dynamic_task_mapping_with_no_taskflow_operators.py
[2025-10-10T08:38:29.125+0000] {processor.py:914} INFO - Processing file /home/airflow/.local/lib/python3.12/site-packages/airflow/example_dags/example_dynamic_task_mapping_with_no_taskflow_operators.py for tasks to queue
[2025-10-10T08:38:29.131+0000] {logging_mixin.py:190} INFO - [2025-10-10T08:38:29.130+0000] {dagbag.py:587} INFO - Filling up the DagBag from /home/airflow/.local/lib/python3.12/site-packages/airflow/example_dags/example_dynamic_task_mapping_with_no_taskflow_operators.py
[2025-10-10T08:38:29.152+0000] {processor.py:925} INFO - DAG(s) 'example_dynamic_task_mapping_with_no_taskflow_operators' retrieved from /home/airflow/.local/lib/python3.12/site-packages/airflow/example_dags/example_dynamic_task_mapping_with_no_taskflow_operators.py
[2025-10-10T08:38:29.203+0000] {logging_mixin.py:190} INFO - [2025-10-10T08:38:29.203+0000] {dag.py:3211} INFO - Sync 1 DAGs
[2025-10-10T08:38:29.288+0000] {logging_mixin.py:190} INFO - [2025-10-10T08:38:29.287+0000] {dag.py:4138} INFO - Setting next_dagrun for example_dynamic_task_mapping_with_no_taskflow_operators to 2025-10-09 00:00:00+00:00, run_after=2025-10-10 00:00:00+00:00
[2025-10-10T08:38:29.355+0000] {processor.py:208} INFO - Processing /home/airflow/.local/lib/python3.12/site-packages/airflow/example_dags/example_dynamic_task_mapping_with_no_taskflow_operators.py took 0.248 seconds
[2025-10-10T08:39:01.199+0000] {processor.py:186} INFO - Started process (PID=231) to work on /home/airflow/.local/lib/python3.12/site-packages/airflow/example_dags/example_dynamic_task_mapping_with_no_taskflow_operators.py
[2025-10-10T08:39:01.203+0000] {processor.py:914} INFO - Processing file /home/airflow/.local/lib/python3.12/site-packages/airflow/example_dags/example_dynamic_task_mapping_with_no_taskflow_operators.py for tasks to queue
[2025-10-10T08:39:01.211+0000] {logging_mixin.py:190} INFO - [2025-10-10T08:39:01.210+0000] {dagbag.py:587} INFO - Filling up the DagBag from /home/airflow/.local/lib/python3.12/site-packages/airflow/example_dags/example_dynamic_task_mapping_with_no_taskflow_operators.py
[2025-10-10T08:39:01.237+0000] {processor.py:925} INFO - DAG(s) 'example_dynamic_task_mapping_with_no_taskflow_operators' retrieved from /home/airflow/.local/lib/python3.12/site-packages/airflow/example_dags/example_dynamic_task_mapping_with_no_taskflow_operators.py
[2025-10-10T08:39:01.307+0000] {logging_mixin.py:190} INFO - [2025-10-10T08:39:01.304+0000] {dag.py:3211} INFO - Sync 1 DAGs
[2025-10-10T08:39:01.407+0000] {logging_mixin.py:190} INFO - [2025-10-10T08:39:01.406+0000] {dag.py:4138} INFO - Setting next_dagrun for example_dynamic_task_mapping_with_no_taskflow_operators to 2025-10-09 00:00:00+00:00, run_after=2025-10-10 00:00:00+00:00
[2025-10-10T08:39:01.465+0000] {processor.py:208} INFO - Processing /home/airflow/.local/lib/python3.12/site-packages/airflow/example_dags/example_dynamic_task_mapping_with_no_taskflow_operators.py took 0.315 seconds
[2025-10-10T08:39:31.941+0000] {processor.py:186} INFO - Started process (PID=295) to work on /home/airflow/.local/lib/python3.12/site-packages/airflow/example_dags/example_dynamic_task_mapping_with_no_taskflow_operators.py
[2025-10-10T08:39:31.947+0000] {processor.py:914} INFO - Processing file /home/airflow/.local/lib/python3.12/site-packages/airflow/example_dags/example_dynamic_task_mapping_with_no_taskflow_operators.py for tasks to queue
[2025-10-10T08:39:31.958+0000] {logging_mixin.py:190} INFO - [2025-10-10T08:39:31.957+0000] {dagbag.py:587} INFO - Filling up the DagBag from /home/airflow/.local/lib/python3.12/site-packages/airflow/example_dags/example_dynamic_task_mapping_with_no_taskflow_operators.py
[2025-10-10T08:39:31.993+0000] {processor.py:925} INFO - DAG(s) 'example_dynamic_task_mapping_with_no_taskflow_operators' retrieved from /home/airflow/.local/lib/python3.12/site-packages/airflow/example_dags/example_dynamic_task_mapping_with_no_taskflow_operators.py
[2025-10-10T08:39:32.045+0000] {logging_mixin.py:190} INFO - [2025-10-10T08:39:32.045+0000] {dag.py:3211} INFO - Sync 1 DAGs
[2025-10-10T08:39:32.108+0000] {logging_mixin.py:190} INFO - [2025-10-10T08:39:32.107+0000] {dag.py:4138} INFO - Setting next_dagrun for example_dynamic_task_mapping_with_no_taskflow_operators to 2025-10-09 00:00:00+00:00, run_after=2025-10-10 00:00:00+00:00
[2025-10-10T08:39:32.155+0000] {processor.py:208} INFO - Processing /home/airflow/.local/lib/python3.12/site-packages/airflow/example_dags/example_dynamic_task_mapping_with_no_taskflow_operators.py took 0.235 seconds
[2025-10-10T08:40:04.365+0000] {processor.py:186} INFO - Started process (PID=358) to work on /home/airflow/.local/lib/python3.12/site-packages/airflow/example_dags/example_dynamic_task_mapping_with_no_taskflow_operators.py
[2025-10-10T08:40:04.372+0000] {processor.py:914} INFO - Processing file /home/airflow/.local/lib/python3.12/site-packages/airflow/example_dags/example_dynamic_task_mapping_with_no_taskflow_operators.py for tasks to queue
[2025-10-10T08:40:04.387+0000] {logging_mixin.py:190} INFO - [2025-10-10T08:40:04.386+0000] {dagbag.py:587} INFO - Filling up the DagBag from /home/airflow/.local/lib/python3.12/site-packages/airflow/example_dags/example_dynamic_task_mapping_with_no_taskflow_operators.py
[2025-10-10T08:40:04.439+0000] {processor.py:925} INFO - DAG(s) 'example_dynamic_task_mapping_with_no_taskflow_operators' retrieved from /home/airflow/.local/lib/python3.12/site-packages/airflow/example_dags/example_dynamic_task_mapping_with_no_taskflow_operators.py
[2025-10-10T08:40:04.543+0000] {logging_mixin.py:190} INFO - [2025-10-10T08:40:04.542+0000] {dag.py:3211} INFO - Sync 1 DAGs
[2025-10-10T08:40:04.669+0000] {logging_mixin.py:190} INFO - [2025-10-10T08:40:04.668+0000] {dag.py:4138} INFO - Setting next_dagrun for example_dynamic_task_mapping_with_no_taskflow_operators to 2025-10-09 00:00:00+00:00, run_after=2025-10-10 00:00:00+00:00
[2025-10-10T08:40:04.773+0000] {processor.py:208} INFO - Processing /home/airflow/.local/lib/python3.12/site-packages/airflow/example_dags/example_dynamic_task_mapping_with_no_taskflow_operators.py took 0.443 seconds
[2025-10-10T08:40:35.345+0000] {processor.py:186} INFO - Started process (PID=421) to work on /home/airflow/.local/lib/python3.12/site-packages/airflow/example_dags/example_dynamic_task_mapping_with_no_taskflow_operators.py
[2025-10-10T08:40:35.348+0000] {processor.py:914} INFO - Processing file /home/airflow/.local/lib/python3.12/site-packages/airflow/example_dags/example_dynamic_task_mapping_with_no_taskflow_operators.py for tasks to queue
[2025-10-10T08:40:35.356+0000] {logging_mixin.py:190} INFO - [2025-10-10T08:40:35.355+0000] {dagbag.py:587} INFO - Filling up the DagBag from /home/airflow/.local/lib/python3.12/site-packages/airflow/example_dags/example_dynamic_task_mapping_with_no_taskflow_operators.py
[2025-10-10T08:40:35.381+0000] {processor.py:925} INFO - DAG(s) 'example_dynamic_task_mapping_with_no_taskflow_operators' retrieved from /home/airflow/.local/lib/python3.12/site-packages/airflow/example_dags/example_dynamic_task_mapping_with_no_taskflow_operators.py
[2025-10-10T08:40:35.438+0000] {logging_mixin.py:190} INFO - [2025-10-10T08:40:35.437+0000] {dag.py:3211} INFO - Sync 1 DAGs
[2025-10-10T08:40:35.503+0000] {logging_mixin.py:190} INFO - [2025-10-10T08:40:35.502+0000] {dag.py:4138} INFO - Setting next_dagrun for example_dynamic_task_mapping_with_no_taskflow_operators to 2025-10-09 00:00:00+00:00, run_after=2025-10-10 00:00:00+00:00
[2025-10-10T08:40:35.554+0000] {processor.py:208} INFO - Processing /home/airflow/.local/lib/python3.12/site-packages/airflow/example_dags/example_dynamic_task_mapping_with_no_taskflow_operators.py took 0.226 seconds
[2025-10-10T08:41:07.376+0000] {processor.py:186} INFO - Started process (PID=484) to work on /home/airflow/.local/lib/python3.12/site-packages/airflow/example_dags/example_dynamic_task_mapping_with_no_taskflow_operators.py
[2025-10-10T08:41:07.383+0000] {processor.py:914} INFO - Processing file /home/airflow/.local/lib/python3.12/site-packages/airflow/example_dags/example_dynamic_task_mapping_with_no_taskflow_operators.py for tasks to queue
[2025-10-10T08:41:07.399+0000] {logging_mixin.py:190} INFO - [2025-10-10T08:41:07.396+0000] {dagbag.py:587} INFO - Filling up the DagBag from /home/airflow/.local/lib/python3.12/site-packages/airflow/example_dags/example_dynamic_task_mapping_with_no_taskflow_operators.py
[2025-10-10T08:41:07.449+0000] {processor.py:925} INFO - DAG(s) 'example_dynamic_task_mapping_with_no_taskflow_operators' retrieved from /home/airflow/.local/lib/python3.12/site-packages/airflow/example_dags/example_dynamic_task_mapping_with_no_taskflow_operators.py
[2025-10-10T08:41:07.553+0000] {logging_mixin.py:190} INFO - [2025-10-10T08:41:07.552+0000] {dag.py:3211} INFO - Sync 1 DAGs
[2025-10-10T08:41:07.674+0000] {logging_mixin.py:190} INFO - [2025-10-10T08:41:07.673+0000] {dag.py:4138} INFO - Setting next_dagrun for example_dynamic_task_mapping_with_no_taskflow_operators to 2025-10-09 00:00:00+00:00, run_after=2025-10-10 00:00:00+00:00
[2025-10-10T08:41:07.778+0000] {processor.py:208} INFO - Processing /home/airflow/.local/lib/python3.12/site-packages/airflow/example_dags/example_dynamic_task_mapping_with_no_taskflow_operators.py took 0.430 seconds
[2025-10-10T08:41:38.672+0000] {processor.py:186} INFO - Started process (PID=547) to work on /home/airflow/.local/lib/python3.12/site-packages/airflow/example_dags/example_dynamic_task_mapping_with_no_taskflow_operators.py
[2025-10-10T08:41:38.675+0000] {processor.py:914} INFO - Processing file /home/airflow/.local/lib/python3.12/site-packages/airflow/example_dags/example_dynamic_task_mapping_with_no_taskflow_operators.py for tasks to queue
[2025-10-10T08:41:38.682+0000] {logging_mixin.py:190} INFO - [2025-10-10T08:41:38.681+0000] {dagbag.py:587} INFO - Filling up the DagBag from /home/airflow/.local/lib/python3.12/site-packages/airflow/example_dags/example_dynamic_task_mapping_with_no_taskflow_operators.py
[2025-10-10T08:41:38.708+0000] {processor.py:925} INFO - DAG(s) 'example_dynamic_task_mapping_with_no_taskflow_operators' retrieved from /home/airflow/.local/lib/python3.12/site-packages/airflow/example_dags/example_dynamic_task_mapping_with_no_taskflow_operators.py
[2025-10-10T08:41:38.762+0000] {logging_mixin.py:190} INFO - [2025-10-10T08:41:38.762+0000] {dag.py:3211} INFO - Sync 1 DAGs
[2025-10-10T08:41:38.823+0000] {logging_mixin.py:190} INFO - [2025-10-10T08:41:38.823+0000] {dag.py:4138} INFO - Setting next_dagrun for example_dynamic_task_mapping_with_no_taskflow_operators to 2025-10-09 00:00:00+00:00, run_after=2025-10-10 00:00:00+00:00
[2025-10-10T08:41:38.883+0000] {processor.py:208} INFO - Processing /home/airflow/.local/lib/python3.12/site-packages/airflow/example_dags/example_dynamic_task_mapping_with_no_taskflow_operators.py took 0.230 seconds
[2025-10-10T08:42:09.895+0000] {processor.py:186} INFO - Started process (PID=616) to work on /home/airflow/.local/lib/python3.12/site-packages/airflow/example_dags/example_dynamic_task_mapping_with_no_taskflow_operators.py
[2025-10-10T08:42:09.898+0000] {processor.py:914} INFO - Processing file /home/airflow/.local/lib/python3.12/site-packages/airflow/example_dags/example_dynamic_task_mapping_with_no_taskflow_operators.py for tasks to queue
[2025-10-10T08:42:09.910+0000] {logging_mixin.py:190} INFO - [2025-10-10T08:42:09.908+0000] {dagbag.py:587} INFO - Filling up the DagBag from /home/airflow/.local/lib/python3.12/site-packages/airflow/example_dags/example_dynamic_task_mapping_with_no_taskflow_operators.py
[2025-10-10T08:42:09.953+0000] {processor.py:925} INFO - DAG(s) 'example_dynamic_task_mapping_with_no_taskflow_operators' retrieved from /home/airflow/.local/lib/python3.12/site-packages/airflow/example_dags/example_dynamic_task_mapping_with_no_taskflow_operators.py
[2025-10-10T08:42:10.099+0000] {logging_mixin.py:190} INFO - [2025-10-10T08:42:10.098+0000] {dag.py:3211} INFO - Sync 1 DAGs
[2025-10-10T08:42:10.228+0000] {logging_mixin.py:190} INFO - [2025-10-10T08:42:10.227+0000] {dag.py:4138} INFO - Setting next_dagrun for example_dynamic_task_mapping_with_no_taskflow_operators to 2025-10-09 00:00:00+00:00, run_after=2025-10-10 00:00:00+00:00
[2025-10-10T08:42:10.285+0000] {processor.py:208} INFO - Processing /home/airflow/.local/lib/python3.12/site-packages/airflow/example_dags/example_dynamic_task_mapping_with_no_taskflow_operators.py took 0.410 seconds
[2025-10-10T08:42:40.706+0000] {processor.py:186} INFO - Started process (PID=679) to work on /home/airflow/.local/lib/python3.12/site-packages/airflow/example_dags/example_dynamic_task_mapping_with_no_taskflow_operators.py
[2025-10-10T08:42:40.711+0000] {processor.py:914} INFO - Processing file /home/airflow/.local/lib/python3.12/site-packages/airflow/example_dags/example_dynamic_task_mapping_with_no_taskflow_operators.py for tasks to queue
[2025-10-10T08:42:40.726+0000] {logging_mixin.py:190} INFO - [2025-10-10T08:42:40.725+0000] {dagbag.py:587} INFO - Filling up the DagBag from /home/airflow/.local/lib/python3.12/site-packages/airflow/example_dags/example_dynamic_task_mapping_with_no_taskflow_operators.py
[2025-10-10T08:42:40.805+0000] {processor.py:925} INFO - DAG(s) 'example_dynamic_task_mapping_with_no_taskflow_operators' retrieved from /home/airflow/.local/lib/python3.12/site-packages/airflow/example_dags/example_dynamic_task_mapping_with_no_taskflow_operators.py
[2025-10-10T08:42:40.913+0000] {logging_mixin.py:190} INFO - [2025-10-10T08:42:40.912+0000] {dag.py:3211} INFO - Sync 1 DAGs
[2025-10-10T08:42:41.042+0000] {logging_mixin.py:190} INFO - [2025-10-10T08:42:41.042+0000] {dag.py:4138} INFO - Setting next_dagrun for example_dynamic_task_mapping_with_no_taskflow_operators to 2025-10-09 00:00:00+00:00, run_after=2025-10-10 00:00:00+00:00
[2025-10-10T08:42:41.097+0000] {processor.py:208} INFO - Processing /home/airflow/.local/lib/python3.12/site-packages/airflow/example_dags/example_dynamic_task_mapping_with_no_taskflow_operators.py took 0.431 seconds
[2025-10-10T08:43:11.392+0000] {processor.py:186} INFO - Started process (PID=741) to work on /home/airflow/.local/lib/python3.12/site-packages/airflow/example_dags/example_dynamic_task_mapping_with_no_taskflow_operators.py
[2025-10-10T08:43:11.395+0000] {processor.py:914} INFO - Processing file /home/airflow/.local/lib/python3.12/site-packages/airflow/example_dags/example_dynamic_task_mapping_with_no_taskflow_operators.py for tasks to queue
[2025-10-10T08:43:11.401+0000] {logging_mixin.py:190} INFO - [2025-10-10T08:43:11.400+0000] {dagbag.py:587} INFO - Filling up the DagBag from /home/airflow/.local/lib/python3.12/site-packages/airflow/example_dags/example_dynamic_task_mapping_with_no_taskflow_operators.py
[2025-10-10T08:43:11.426+0000] {processor.py:925} INFO - DAG(s) 'example_dynamic_task_mapping_with_no_taskflow_operators' retrieved from /home/airflow/.local/lib/python3.12/site-packages/airflow/example_dags/example_dynamic_task_mapping_with_no_taskflow_operators.py
[2025-10-10T08:43:11.475+0000] {logging_mixin.py:190} INFO - [2025-10-10T08:43:11.474+0000] {dag.py:3211} INFO - Sync 1 DAGs
[2025-10-10T08:43:11.570+0000] {logging_mixin.py:190} INFO - [2025-10-10T08:43:11.568+0000] {dag.py:4138} INFO - Setting next_dagrun for example_dynamic_task_mapping_with_no_taskflow_operators to 2025-10-09 00:00:00+00:00, run_after=2025-10-10 00:00:00+00:00
[2025-10-10T08:43:11.630+0000] {processor.py:208} INFO - Processing /home/airflow/.local/lib/python3.12/site-packages/airflow/example_dags/example_dynamic_task_mapping_with_no_taskflow_operators.py took 0.255 seconds
[2025-10-10T08:43:41.884+0000] {processor.py:186} INFO - Started process (PID=804) to work on /home/airflow/.local/lib/python3.12/site-packages/airflow/example_dags/example_dynamic_task_mapping_with_no_taskflow_operators.py
[2025-10-10T08:43:41.887+0000] {processor.py:914} INFO - Processing file /home/airflow/.local/lib/python3.12/site-packages/airflow/example_dags/example_dynamic_task_mapping_with_no_taskflow_operators.py for tasks to queue
[2025-10-10T08:43:41.894+0000] {logging_mixin.py:190} INFO - [2025-10-10T08:43:41.893+0000] {dagbag.py:587} INFO - Filling up the DagBag from /home/airflow/.local/lib/python3.12/site-packages/airflow/example_dags/example_dynamic_task_mapping_with_no_taskflow_operators.py
[2025-10-10T08:43:41.919+0000] {processor.py:925} INFO - DAG(s) 'example_dynamic_task_mapping_with_no_taskflow_operators' retrieved from /home/airflow/.local/lib/python3.12/site-packages/airflow/example_dags/example_dynamic_task_mapping_with_no_taskflow_operators.py
[2025-10-10T08:43:41.967+0000] {logging_mixin.py:190} INFO - [2025-10-10T08:43:41.966+0000] {dag.py:3211} INFO - Sync 1 DAGs
[2025-10-10T08:43:42.057+0000] {logging_mixin.py:190} INFO - [2025-10-10T08:43:42.056+0000] {dag.py:4138} INFO - Setting next_dagrun for example_dynamic_task_mapping_with_no_taskflow_operators to 2025-10-09 00:00:00+00:00, run_after=2025-10-10 00:00:00+00:00
[2025-10-10T08:43:42.135+0000] {processor.py:208} INFO - Processing /home/airflow/.local/lib/python3.12/site-packages/airflow/example_dags/example_dynamic_task_mapping_with_no_taskflow_operators.py took 0.276 seconds
[2025-10-10T08:44:13.202+0000] {processor.py:186} INFO - Started process (PID=866) to work on /home/airflow/.local/lib/python3.12/site-packages/airflow/example_dags/example_dynamic_task_mapping_with_no_taskflow_operators.py
[2025-10-10T08:44:13.206+0000] {processor.py:914} INFO - Processing file /home/airflow/.local/lib/python3.12/site-packages/airflow/example_dags/example_dynamic_task_mapping_with_no_taskflow_operators.py for tasks to queue
[2025-10-10T08:44:13.217+0000] {logging_mixin.py:190} INFO - [2025-10-10T08:44:13.215+0000] {dagbag.py:587} INFO - Filling up the DagBag from /home/airflow/.local/lib/python3.12/site-packages/airflow/example_dags/example_dynamic_task_mapping_with_no_taskflow_operators.py
[2025-10-10T08:44:13.252+0000] {processor.py:925} INFO - DAG(s) 'example_dynamic_task_mapping_with_no_taskflow_operators' retrieved from /home/airflow/.local/lib/python3.12/site-packages/airflow/example_dags/example_dynamic_task_mapping_with_no_taskflow_operators.py
[2025-10-10T08:44:13.349+0000] {logging_mixin.py:190} INFO - [2025-10-10T08:44:13.348+0000] {dag.py:3211} INFO - Sync 1 DAGs
[2025-10-10T08:44:13.520+0000] {logging_mixin.py:190} INFO - [2025-10-10T08:44:13.518+0000] {dag.py:4138} INFO - Setting next_dagrun for example_dynamic_task_mapping_with_no_taskflow_operators to 2025-10-09 00:00:00+00:00, run_after=2025-10-10 00:00:00+00:00
[2025-10-10T08:44:13.593+0000] {processor.py:208} INFO - Processing /home/airflow/.local/lib/python3.12/site-packages/airflow/example_dags/example_dynamic_task_mapping_with_no_taskflow_operators.py took 0.416 seconds
[2025-10-10T08:44:45.914+0000] {processor.py:186} INFO - Started process (PID=930) to work on /home/airflow/.local/lib/python3.12/site-packages/airflow/example_dags/example_dynamic_task_mapping_with_no_taskflow_operators.py
[2025-10-10T08:44:45.923+0000] {processor.py:914} INFO - Processing file /home/airflow/.local/lib/python3.12/site-packages/airflow/example_dags/example_dynamic_task_mapping_with_no_taskflow_operators.py for tasks to queue
[2025-10-10T08:44:45.932+0000] {logging_mixin.py:190} INFO - [2025-10-10T08:44:45.931+0000] {dagbag.py:587} INFO - Filling up the DagBag from /home/airflow/.local/lib/python3.12/site-packages/airflow/example_dags/example_dynamic_task_mapping_with_no_taskflow_operators.py
[2025-10-10T08:44:45.992+0000] {processor.py:925} INFO - DAG(s) 'example_dynamic_task_mapping_with_no_taskflow_operators' retrieved from /home/airflow/.local/lib/python3.12/site-packages/airflow/example_dags/example_dynamic_task_mapping_with_no_taskflow_operators.py
[2025-10-10T08:44:46.068+0000] {logging_mixin.py:190} INFO - [2025-10-10T08:44:46.068+0000] {dag.py:3211} INFO - Sync 1 DAGs
[2025-10-10T08:44:46.205+0000] {logging_mixin.py:190} INFO - [2025-10-10T08:44:46.205+0000] {dag.py:4138} INFO - Setting next_dagrun for example_dynamic_task_mapping_with_no_taskflow_operators to 2025-10-09 00:00:00+00:00, run_after=2025-10-10 00:00:00+00:00
[2025-10-10T08:44:46.264+0000] {processor.py:208} INFO - Processing /home/airflow/.local/lib/python3.12/site-packages/airflow/example_dags/example_dynamic_task_mapping_with_no_taskflow_operators.py took 0.375 seconds
[2025-10-10T08:45:16.837+0000] {processor.py:186} INFO - Started process (PID=993) to work on /home/airflow/.local/lib/python3.12/site-packages/airflow/example_dags/example_dynamic_task_mapping_with_no_taskflow_operators.py
[2025-10-10T08:45:16.840+0000] {processor.py:914} INFO - Processing file /home/airflow/.local/lib/python3.12/site-packages/airflow/example_dags/example_dynamic_task_mapping_with_no_taskflow_operators.py for tasks to queue
[2025-10-10T08:45:16.845+0000] {logging_mixin.py:190} INFO - [2025-10-10T08:45:16.844+0000] {dagbag.py:587} INFO - Filling up the DagBag from /home/airflow/.local/lib/python3.12/site-packages/airflow/example_dags/example_dynamic_task_mapping_with_no_taskflow_operators.py
[2025-10-10T08:45:16.883+0000] {processor.py:925} INFO - DAG(s) 'example_dynamic_task_mapping_with_no_taskflow_operators' retrieved from /home/airflow/.local/lib/python3.12/site-packages/airflow/example_dags/example_dynamic_task_mapping_with_no_taskflow_operators.py
[2025-10-10T08:45:16.946+0000] {logging_mixin.py:190} INFO - [2025-10-10T08:45:16.945+0000] {dag.py:3211} INFO - Sync 1 DAGs
[2025-10-10T08:45:17.035+0000] {logging_mixin.py:190} INFO - [2025-10-10T08:45:17.034+0000] {dag.py:4138} INFO - Setting next_dagrun for example_dynamic_task_mapping_with_no_taskflow_operators to 2025-10-09 00:00:00+00:00, run_after=2025-10-10 00:00:00+00:00
[2025-10-10T08:45:17.103+0000] {processor.py:208} INFO - Processing /home/airflow/.local/lib/python3.12/site-packages/airflow/example_dags/example_dynamic_task_mapping_with_no_taskflow_operators.py took 0.284 seconds
[2025-10-10T08:45:47.533+0000] {processor.py:186} INFO - Started process (PID=1055) to work on /home/airflow/.local/lib/python3.12/site-packages/airflow/example_dags/example_dynamic_task_mapping_with_no_taskflow_operators.py
[2025-10-10T08:45:47.539+0000] {processor.py:914} INFO - Processing file /home/airflow/.local/lib/python3.12/site-packages/airflow/example_dags/example_dynamic_task_mapping_with_no_taskflow_operators.py for tasks to queue
[2025-10-10T08:45:47.552+0000] {logging_mixin.py:190} INFO - [2025-10-10T08:45:47.550+0000] {dagbag.py:587} INFO - Filling up the DagBag from /home/airflow/.local/lib/python3.12/site-packages/airflow/example_dags/example_dynamic_task_mapping_with_no_taskflow_operators.py
[2025-10-10T08:45:47.603+0000] {processor.py:925} INFO - DAG(s) 'example_dynamic_task_mapping_with_no_taskflow_operators' retrieved from /home/airflow/.local/lib/python3.12/site-packages/airflow/example_dags/example_dynamic_task_mapping_with_no_taskflow_operators.py
[2025-10-10T08:45:47.703+0000] {logging_mixin.py:190} INFO - [2025-10-10T08:45:47.702+0000] {dag.py:3211} INFO - Sync 1 DAGs
[2025-10-10T08:45:47.854+0000] {logging_mixin.py:190} INFO - [2025-10-10T08:45:47.853+0000] {dag.py:4138} INFO - Setting next_dagrun for example_dynamic_task_mapping_with_no_taskflow_operators to 2025-10-09 00:00:00+00:00, run_after=2025-10-10 00:00:00+00:00
[2025-10-10T08:45:47.940+0000] {processor.py:208} INFO - Processing /home/airflow/.local/lib/python3.12/site-packages/airflow/example_dags/example_dynamic_task_mapping_with_no_taskflow_operators.py took 0.437 seconds
[2025-10-10T08:46:18.738+0000] {processor.py:186} INFO - Started process (PID=1118) to work on /home/airflow/.local/lib/python3.12/site-packages/airflow/example_dags/example_dynamic_task_mapping_with_no_taskflow_operators.py
[2025-10-10T08:46:18.741+0000] {processor.py:914} INFO - Processing file /home/airflow/.local/lib/python3.12/site-packages/airflow/example_dags/example_dynamic_task_mapping_with_no_taskflow_operators.py for tasks to queue
[2025-10-10T08:46:18.749+0000] {logging_mixin.py:190} INFO - [2025-10-10T08:46:18.748+0000] {dagbag.py:587} INFO - Filling up the DagBag from /home/airflow/.local/lib/python3.12/site-packages/airflow/example_dags/example_dynamic_task_mapping_with_no_taskflow_operators.py
[2025-10-10T08:46:18.783+0000] {processor.py:925} INFO - DAG(s) 'example_dynamic_task_mapping_with_no_taskflow_operators' retrieved from /home/airflow/.local/lib/python3.12/site-packages/airflow/example_dags/example_dynamic_task_mapping_with_no_taskflow_operators.py
[2025-10-10T08:46:18.861+0000] {logging_mixin.py:190} INFO - [2025-10-10T08:46:18.860+0000] {dag.py:3211} INFO - Sync 1 DAGs
[2025-10-10T08:46:18.943+0000] {logging_mixin.py:190} INFO - [2025-10-10T08:46:18.943+0000] {dag.py:4138} INFO - Setting next_dagrun for example_dynamic_task_mapping_with_no_taskflow_operators to 2025-10-09 00:00:00+00:00, run_after=2025-10-10 00:00:00+00:00
[2025-10-10T08:46:19.141+0000] {processor.py:208} INFO - Processing /home/airflow/.local/lib/python3.12/site-packages/airflow/example_dags/example_dynamic_task_mapping_with_no_taskflow_operators.py took 0.425 seconds
[2025-10-10T08:46:49.822+0000] {processor.py:186} INFO - Started process (PID=1181) to work on /home/airflow/.local/lib/python3.12/site-packages/airflow/example_dags/example_dynamic_task_mapping_with_no_taskflow_operators.py
[2025-10-10T08:46:49.825+0000] {processor.py:914} INFO - Processing file /home/airflow/.local/lib/python3.12/site-packages/airflow/example_dags/example_dynamic_task_mapping_with_no_taskflow_operators.py for tasks to queue
[2025-10-10T08:46:49.833+0000] {logging_mixin.py:190} INFO - [2025-10-10T08:46:49.832+0000] {dagbag.py:587} INFO - Filling up the DagBag from /home/airflow/.local/lib/python3.12/site-packages/airflow/example_dags/example_dynamic_task_mapping_with_no_taskflow_operators.py
[2025-10-10T08:46:49.864+0000] {processor.py:925} INFO - DAG(s) 'example_dynamic_task_mapping_with_no_taskflow_operators' retrieved from /home/airflow/.local/lib/python3.12/site-packages/airflow/example_dags/example_dynamic_task_mapping_with_no_taskflow_operators.py
[2025-10-10T08:46:49.930+0000] {logging_mixin.py:190} INFO - [2025-10-10T08:46:49.929+0000] {dag.py:3211} INFO - Sync 1 DAGs
[2025-10-10T08:46:50.003+0000] {logging_mixin.py:190} INFO - [2025-10-10T08:46:50.002+0000] {dag.py:4138} INFO - Setting next_dagrun for example_dynamic_task_mapping_with_no_taskflow_operators to 2025-10-09 00:00:00+00:00, run_after=2025-10-10 00:00:00+00:00
[2025-10-10T08:46:50.051+0000] {processor.py:208} INFO - Processing /home/airflow/.local/lib/python3.12/site-packages/airflow/example_dags/example_dynamic_task_mapping_with_no_taskflow_operators.py took 0.250 seconds
[2025-10-10T08:47:22.504+0000] {processor.py:186} INFO - Started process (PID=1245) to work on /home/airflow/.local/lib/python3.12/site-packages/airflow/example_dags/example_dynamic_task_mapping_with_no_taskflow_operators.py
[2025-10-10T08:47:22.508+0000] {processor.py:914} INFO - Processing file /home/airflow/.local/lib/python3.12/site-packages/airflow/example_dags/example_dynamic_task_mapping_with_no_taskflow_operators.py for tasks to queue
[2025-10-10T08:47:22.516+0000] {logging_mixin.py:190} INFO - [2025-10-10T08:47:22.515+0000] {dagbag.py:587} INFO - Filling up the DagBag from /home/airflow/.local/lib/python3.12/site-packages/airflow/example_dags/example_dynamic_task_mapping_with_no_taskflow_operators.py
[2025-10-10T08:47:22.545+0000] {processor.py:925} INFO - DAG(s) 'example_dynamic_task_mapping_with_no_taskflow_operators' retrieved from /home/airflow/.local/lib/python3.12/site-packages/airflow/example_dags/example_dynamic_task_mapping_with_no_taskflow_operators.py
[2025-10-10T08:47:22.645+0000] {logging_mixin.py:190} INFO - [2025-10-10T08:47:22.644+0000] {dag.py:3211} INFO - Sync 1 DAGs
[2025-10-10T08:47:22.730+0000] {logging_mixin.py:190} INFO - [2025-10-10T08:47:22.729+0000] {dag.py:4138} INFO - Setting next_dagrun for example_dynamic_task_mapping_with_no_taskflow_operators to 2025-10-09 00:00:00+00:00, run_after=2025-10-10 00:00:00+00:00
[2025-10-10T08:47:22.812+0000] {processor.py:208} INFO - Processing /home/airflow/.local/lib/python3.12/site-packages/airflow/example_dags/example_dynamic_task_mapping_with_no_taskflow_operators.py took 0.342 seconds
[2025-10-10T08:47:52.907+0000] {processor.py:186} INFO - Started process (PID=1307) to work on /home/airflow/.local/lib/python3.12/site-packages/airflow/example_dags/example_dynamic_task_mapping_with_no_taskflow_operators.py
[2025-10-10T08:47:52.910+0000] {processor.py:914} INFO - Processing file /home/airflow/.local/lib/python3.12/site-packages/airflow/example_dags/example_dynamic_task_mapping_with_no_taskflow_operators.py for tasks to queue
[2025-10-10T08:47:52.916+0000] {logging_mixin.py:190} INFO - [2025-10-10T08:47:52.915+0000] {dagbag.py:587} INFO - Filling up the DagBag from /home/airflow/.local/lib/python3.12/site-packages/airflow/example_dags/example_dynamic_task_mapping_with_no_taskflow_operators.py
[2025-10-10T08:47:52.938+0000] {processor.py:925} INFO - DAG(s) 'example_dynamic_task_mapping_with_no_taskflow_operators' retrieved from /home/airflow/.local/lib/python3.12/site-packages/airflow/example_dags/example_dynamic_task_mapping_with_no_taskflow_operators.py
[2025-10-10T08:47:52.986+0000] {logging_mixin.py:190} INFO - [2025-10-10T08:47:52.986+0000] {dag.py:3211} INFO - Sync 1 DAGs
[2025-10-10T08:47:53.042+0000] {logging_mixin.py:190} INFO - [2025-10-10T08:47:53.041+0000] {dag.py:4138} INFO - Setting next_dagrun for example_dynamic_task_mapping_with_no_taskflow_operators to 2025-10-09 00:00:00+00:00, run_after=2025-10-10 00:00:00+00:00
[2025-10-10T08:47:53.094+0000] {processor.py:208} INFO - Processing /home/airflow/.local/lib/python3.12/site-packages/airflow/example_dags/example_dynamic_task_mapping_with_no_taskflow_operators.py took 0.203 seconds
[2025-10-10T08:48:23.444+0000] {processor.py:186} INFO - Started process (PID=1370) to work on /home/airflow/.local/lib/python3.12/site-packages/airflow/example_dags/example_dynamic_task_mapping_with_no_taskflow_operators.py
[2025-10-10T08:48:23.446+0000] {processor.py:914} INFO - Processing file /home/airflow/.local/lib/python3.12/site-packages/airflow/example_dags/example_dynamic_task_mapping_with_no_taskflow_operators.py for tasks to queue
[2025-10-10T08:48:23.454+0000] {logging_mixin.py:190} INFO - [2025-10-10T08:48:23.453+0000] {dagbag.py:587} INFO - Filling up the DagBag from /home/airflow/.local/lib/python3.12/site-packages/airflow/example_dags/example_dynamic_task_mapping_with_no_taskflow_operators.py
[2025-10-10T08:48:23.477+0000] {processor.py:925} INFO - DAG(s) 'example_dynamic_task_mapping_with_no_taskflow_operators' retrieved from /home/airflow/.local/lib/python3.12/site-packages/airflow/example_dags/example_dynamic_task_mapping_with_no_taskflow_operators.py
[2025-10-10T08:48:23.521+0000] {logging_mixin.py:190} INFO - [2025-10-10T08:48:23.521+0000] {dag.py:3211} INFO - Sync 1 DAGs
[2025-10-10T08:48:23.578+0000] {logging_mixin.py:190} INFO - [2025-10-10T08:48:23.577+0000] {dag.py:4138} INFO - Setting next_dagrun for example_dynamic_task_mapping_with_no_taskflow_operators to 2025-10-09 00:00:00+00:00, run_after=2025-10-10 00:00:00+00:00
[2025-10-10T08:48:23.628+0000] {processor.py:208} INFO - Processing /home/airflow/.local/lib/python3.12/site-packages/airflow/example_dags/example_dynamic_task_mapping_with_no_taskflow_operators.py took 0.199 seconds
[2025-10-10T08:48:54.661+0000] {processor.py:186} INFO - Started process (PID=1433) to work on /home/airflow/.local/lib/python3.12/site-packages/airflow/example_dags/example_dynamic_task_mapping_with_no_taskflow_operators.py
[2025-10-10T08:48:54.664+0000] {processor.py:914} INFO - Processing file /home/airflow/.local/lib/python3.12/site-packages/airflow/example_dags/example_dynamic_task_mapping_with_no_taskflow_operators.py for tasks to queue
[2025-10-10T08:48:54.675+0000] {logging_mixin.py:190} INFO - [2025-10-10T08:48:54.674+0000] {dagbag.py:587} INFO - Filling up the DagBag from /home/airflow/.local/lib/python3.12/site-packages/airflow/example_dags/example_dynamic_task_mapping_with_no_taskflow_operators.py
[2025-10-10T08:48:54.705+0000] {processor.py:925} INFO - DAG(s) 'example_dynamic_task_mapping_with_no_taskflow_operators' retrieved from /home/airflow/.local/lib/python3.12/site-packages/airflow/example_dags/example_dynamic_task_mapping_with_no_taskflow_operators.py
[2025-10-10T08:48:54.759+0000] {logging_mixin.py:190} INFO - [2025-10-10T08:48:54.759+0000] {dag.py:3211} INFO - Sync 1 DAGs
[2025-10-10T08:48:54.810+0000] {logging_mixin.py:190} INFO - [2025-10-10T08:48:54.810+0000] {dag.py:4138} INFO - Setting next_dagrun for example_dynamic_task_mapping_with_no_taskflow_operators to 2025-10-09 00:00:00+00:00, run_after=2025-10-10 00:00:00+00:00
[2025-10-10T08:48:54.919+0000] {processor.py:208} INFO - Processing /home/airflow/.local/lib/python3.12/site-packages/airflow/example_dags/example_dynamic_task_mapping_with_no_taskflow_operators.py took 0.279 seconds
[2025-10-10T08:54:00.924+0000] {processor.py:186} INFO - Started process (PID=115) to work on /home/airflow/.local/lib/python3.12/site-packages/airflow/example_dags/example_dynamic_task_mapping_with_no_taskflow_operators.py
[2025-10-10T08:54:00.927+0000] {processor.py:914} INFO - Processing file /home/airflow/.local/lib/python3.12/site-packages/airflow/example_dags/example_dynamic_task_mapping_with_no_taskflow_operators.py for tasks to queue
[2025-10-10T08:54:00.933+0000] {logging_mixin.py:190} INFO - [2025-10-10T08:54:00.933+0000] {dagbag.py:587} INFO - Filling up the DagBag from /home/airflow/.local/lib/python3.12/site-packages/airflow/example_dags/example_dynamic_task_mapping_with_no_taskflow_operators.py
[2025-10-10T08:54:00.957+0000] {processor.py:925} INFO - DAG(s) 'example_dynamic_task_mapping_with_no_taskflow_operators' retrieved from /home/airflow/.local/lib/python3.12/site-packages/airflow/example_dags/example_dynamic_task_mapping_with_no_taskflow_operators.py
[2025-10-10T08:54:01.123+0000] {logging_mixin.py:190} INFO - [2025-10-10T08:54:01.122+0000] {dag.py:3211} INFO - Sync 1 DAGs
[2025-10-10T08:54:01.320+0000] {logging_mixin.py:190} INFO - [2025-10-10T08:54:01.320+0000] {dag.py:4138} INFO - Setting next_dagrun for example_dynamic_task_mapping_with_no_taskflow_operators to 2025-10-09 00:00:00+00:00, run_after=2025-10-10 00:00:00+00:00
[2025-10-10T08:54:01.389+0000] {processor.py:208} INFO - Processing /home/airflow/.local/lib/python3.12/site-packages/airflow/example_dags/example_dynamic_task_mapping_with_no_taskflow_operators.py took 0.404 seconds
[2025-10-10T08:54:31.504+0000] {processor.py:186} INFO - Started process (PID=178) to work on /home/airflow/.local/lib/python3.12/site-packages/airflow/example_dags/example_dynamic_task_mapping_with_no_taskflow_operators.py
[2025-10-10T08:54:31.508+0000] {processor.py:914} INFO - Processing file /home/airflow/.local/lib/python3.12/site-packages/airflow/example_dags/example_dynamic_task_mapping_with_no_taskflow_operators.py for tasks to queue
[2025-10-10T08:54:31.515+0000] {logging_mixin.py:190} INFO - [2025-10-10T08:54:31.515+0000] {dagbag.py:587} INFO - Filling up the DagBag from /home/airflow/.local/lib/python3.12/site-packages/airflow/example_dags/example_dynamic_task_mapping_with_no_taskflow_operators.py
[2025-10-10T08:54:31.543+0000] {processor.py:925} INFO - DAG(s) 'example_dynamic_task_mapping_with_no_taskflow_operators' retrieved from /home/airflow/.local/lib/python3.12/site-packages/airflow/example_dags/example_dynamic_task_mapping_with_no_taskflow_operators.py
[2025-10-10T08:54:31.595+0000] {logging_mixin.py:190} INFO - [2025-10-10T08:54:31.594+0000] {dag.py:3211} INFO - Sync 1 DAGs
[2025-10-10T08:54:31.671+0000] {logging_mixin.py:190} INFO - [2025-10-10T08:54:31.670+0000] {dag.py:4138} INFO - Setting next_dagrun for example_dynamic_task_mapping_with_no_taskflow_operators to 2025-10-09 00:00:00+00:00, run_after=2025-10-10 00:00:00+00:00
[2025-10-10T08:54:31.765+0000] {processor.py:208} INFO - Processing /home/airflow/.local/lib/python3.12/site-packages/airflow/example_dags/example_dynamic_task_mapping_with_no_taskflow_operators.py took 0.281 seconds
[2025-10-10T08:55:03.301+0000] {processor.py:186} INFO - Started process (PID=242) to work on /home/airflow/.local/lib/python3.12/site-packages/airflow/example_dags/example_dynamic_task_mapping_with_no_taskflow_operators.py
[2025-10-10T08:55:03.304+0000] {processor.py:914} INFO - Processing file /home/airflow/.local/lib/python3.12/site-packages/airflow/example_dags/example_dynamic_task_mapping_with_no_taskflow_operators.py for tasks to queue
[2025-10-10T08:55:03.311+0000] {logging_mixin.py:190} INFO - [2025-10-10T08:55:03.310+0000] {dagbag.py:587} INFO - Filling up the DagBag from /home/airflow/.local/lib/python3.12/site-packages/airflow/example_dags/example_dynamic_task_mapping_with_no_taskflow_operators.py
[2025-10-10T08:55:03.336+0000] {processor.py:925} INFO - DAG(s) 'example_dynamic_task_mapping_with_no_taskflow_operators' retrieved from /home/airflow/.local/lib/python3.12/site-packages/airflow/example_dags/example_dynamic_task_mapping_with_no_taskflow_operators.py
[2025-10-10T08:55:03.450+0000] {logging_mixin.py:190} INFO - [2025-10-10T08:55:03.448+0000] {dag.py:3211} INFO - Sync 1 DAGs
[2025-10-10T08:55:03.599+0000] {logging_mixin.py:190} INFO - [2025-10-10T08:55:03.598+0000] {dag.py:4138} INFO - Setting next_dagrun for example_dynamic_task_mapping_with_no_taskflow_operators to 2025-10-09 00:00:00+00:00, run_after=2025-10-10 00:00:00+00:00
[2025-10-10T08:55:03.871+0000] {processor.py:208} INFO - Processing /home/airflow/.local/lib/python3.12/site-packages/airflow/example_dags/example_dynamic_task_mapping_with_no_taskflow_operators.py took 0.587 seconds
[2025-10-10T08:58:07.906+0000] {processor.py:186} INFO - Started process (PID=110) to work on /home/airflow/.local/lib/python3.12/site-packages/airflow/example_dags/example_dynamic_task_mapping_with_no_taskflow_operators.py
[2025-10-10T08:58:07.909+0000] {processor.py:914} INFO - Processing file /home/airflow/.local/lib/python3.12/site-packages/airflow/example_dags/example_dynamic_task_mapping_with_no_taskflow_operators.py for tasks to queue
[2025-10-10T08:58:07.918+0000] {logging_mixin.py:190} INFO - [2025-10-10T08:58:07.917+0000] {dagbag.py:587} INFO - Filling up the DagBag from /home/airflow/.local/lib/python3.12/site-packages/airflow/example_dags/example_dynamic_task_mapping_with_no_taskflow_operators.py
[2025-10-10T08:58:07.949+0000] {processor.py:925} INFO - DAG(s) 'example_dynamic_task_mapping_with_no_taskflow_operators' retrieved from /home/airflow/.local/lib/python3.12/site-packages/airflow/example_dags/example_dynamic_task_mapping_with_no_taskflow_operators.py
[2025-10-10T08:58:07.996+0000] {logging_mixin.py:190} INFO - [2025-10-10T08:58:07.996+0000] {dag.py:3211} INFO - Sync 1 DAGs
[2025-10-10T08:58:08.061+0000] {logging_mixin.py:190} INFO - [2025-10-10T08:58:08.060+0000] {dag.py:4138} INFO - Setting next_dagrun for example_dynamic_task_mapping_with_no_taskflow_operators to 2025-10-09 00:00:00+00:00, run_after=2025-10-10 00:00:00+00:00
[2025-10-10T08:58:08.104+0000] {processor.py:208} INFO - Processing /home/airflow/.local/lib/python3.12/site-packages/airflow/example_dags/example_dynamic_task_mapping_with_no_taskflow_operators.py took 0.220 seconds
[2025-10-10T08:58:39.068+0000] {processor.py:186} INFO - Started process (PID=174) to work on /home/airflow/.local/lib/python3.12/site-packages/airflow/example_dags/example_dynamic_task_mapping_with_no_taskflow_operators.py
[2025-10-10T08:58:39.071+0000] {processor.py:914} INFO - Processing file /home/airflow/.local/lib/python3.12/site-packages/airflow/example_dags/example_dynamic_task_mapping_with_no_taskflow_operators.py for tasks to queue
[2025-10-10T08:58:39.078+0000] {logging_mixin.py:190} INFO - [2025-10-10T08:58:39.077+0000] {dagbag.py:587} INFO - Filling up the DagBag from /home/airflow/.local/lib/python3.12/site-packages/airflow/example_dags/example_dynamic_task_mapping_with_no_taskflow_operators.py
[2025-10-10T08:58:39.107+0000] {processor.py:925} INFO - DAG(s) 'example_dynamic_task_mapping_with_no_taskflow_operators' retrieved from /home/airflow/.local/lib/python3.12/site-packages/airflow/example_dags/example_dynamic_task_mapping_with_no_taskflow_operators.py
[2025-10-10T08:58:39.162+0000] {logging_mixin.py:190} INFO - [2025-10-10T08:58:39.161+0000] {dag.py:3211} INFO - Sync 1 DAGs
[2025-10-10T08:58:39.259+0000] {logging_mixin.py:190} INFO - [2025-10-10T08:58:39.257+0000] {dag.py:4138} INFO - Setting next_dagrun for example_dynamic_task_mapping_with_no_taskflow_operators to 2025-10-09 00:00:00+00:00, run_after=2025-10-10 00:00:00+00:00
[2025-10-10T08:58:39.345+0000] {processor.py:208} INFO - Processing /home/airflow/.local/lib/python3.12/site-packages/airflow/example_dags/example_dynamic_task_mapping_with_no_taskflow_operators.py took 0.295 seconds
[2025-10-10T09:01:34.757+0000] {processor.py:186} INFO - Started process (PID=109) to work on /home/airflow/.local/lib/python3.12/site-packages/airflow/example_dags/example_dynamic_task_mapping_with_no_taskflow_operators.py
[2025-10-10T09:01:34.761+0000] {processor.py:914} INFO - Processing file /home/airflow/.local/lib/python3.12/site-packages/airflow/example_dags/example_dynamic_task_mapping_with_no_taskflow_operators.py for tasks to queue
[2025-10-10T09:01:34.770+0000] {logging_mixin.py:190} INFO - [2025-10-10T09:01:34.769+0000] {dagbag.py:587} INFO - Filling up the DagBag from /home/airflow/.local/lib/python3.12/site-packages/airflow/example_dags/example_dynamic_task_mapping_with_no_taskflow_operators.py
[2025-10-10T09:01:34.808+0000] {processor.py:925} INFO - DAG(s) 'example_dynamic_task_mapping_with_no_taskflow_operators' retrieved from /home/airflow/.local/lib/python3.12/site-packages/airflow/example_dags/example_dynamic_task_mapping_with_no_taskflow_operators.py
[2025-10-10T09:01:34.879+0000] {logging_mixin.py:190} INFO - [2025-10-10T09:01:34.879+0000] {dag.py:3211} INFO - Sync 1 DAGs
[2025-10-10T09:01:34.964+0000] {logging_mixin.py:190} INFO - [2025-10-10T09:01:34.963+0000] {dag.py:4138} INFO - Setting next_dagrun for example_dynamic_task_mapping_with_no_taskflow_operators to 2025-10-09 00:00:00+00:00, run_after=2025-10-10 00:00:00+00:00
[2025-10-10T09:01:35.029+0000] {processor.py:208} INFO - Processing /home/airflow/.local/lib/python3.12/site-packages/airflow/example_dags/example_dynamic_task_mapping_with_no_taskflow_operators.py took 0.293 seconds
[2025-10-10T09:02:06.274+0000] {processor.py:186} INFO - Started process (PID=172) to work on /home/airflow/.local/lib/python3.12/site-packages/airflow/example_dags/example_dynamic_task_mapping_with_no_taskflow_operators.py
[2025-10-10T09:02:06.278+0000] {processor.py:914} INFO - Processing file /home/airflow/.local/lib/python3.12/site-packages/airflow/example_dags/example_dynamic_task_mapping_with_no_taskflow_operators.py for tasks to queue
[2025-10-10T09:02:06.285+0000] {logging_mixin.py:190} INFO - [2025-10-10T09:02:06.284+0000] {dagbag.py:587} INFO - Filling up the DagBag from /home/airflow/.local/lib/python3.12/site-packages/airflow/example_dags/example_dynamic_task_mapping_with_no_taskflow_operators.py
[2025-10-10T09:02:06.340+0000] {processor.py:925} INFO - DAG(s) 'example_dynamic_task_mapping_with_no_taskflow_operators' retrieved from /home/airflow/.local/lib/python3.12/site-packages/airflow/example_dags/example_dynamic_task_mapping_with_no_taskflow_operators.py
[2025-10-10T09:02:06.430+0000] {logging_mixin.py:190} INFO - [2025-10-10T09:02:06.429+0000] {dag.py:3211} INFO - Sync 1 DAGs
[2025-10-10T09:02:06.500+0000] {logging_mixin.py:190} INFO - [2025-10-10T09:02:06.499+0000] {dag.py:4138} INFO - Setting next_dagrun for example_dynamic_task_mapping_with_no_taskflow_operators to 2025-10-09 00:00:00+00:00, run_after=2025-10-10 00:00:00+00:00
[2025-10-10T09:02:06.637+0000] {processor.py:208} INFO - Processing /home/airflow/.local/lib/python3.12/site-packages/airflow/example_dags/example_dynamic_task_mapping_with_no_taskflow_operators.py took 0.386 seconds
[2025-10-10T09:02:37.791+0000] {processor.py:186} INFO - Started process (PID=235) to work on /home/airflow/.local/lib/python3.12/site-packages/airflow/example_dags/example_dynamic_task_mapping_with_no_taskflow_operators.py
[2025-10-10T09:02:37.794+0000] {processor.py:914} INFO - Processing file /home/airflow/.local/lib/python3.12/site-packages/airflow/example_dags/example_dynamic_task_mapping_with_no_taskflow_operators.py for tasks to queue
[2025-10-10T09:02:37.803+0000] {logging_mixin.py:190} INFO - [2025-10-10T09:02:37.801+0000] {dagbag.py:587} INFO - Filling up the DagBag from /home/airflow/.local/lib/python3.12/site-packages/airflow/example_dags/example_dynamic_task_mapping_with_no_taskflow_operators.py
[2025-10-10T09:02:37.836+0000] {processor.py:925} INFO - DAG(s) 'example_dynamic_task_mapping_with_no_taskflow_operators' retrieved from /home/airflow/.local/lib/python3.12/site-packages/airflow/example_dags/example_dynamic_task_mapping_with_no_taskflow_operators.py
[2025-10-10T09:02:37.898+0000] {logging_mixin.py:190} INFO - [2025-10-10T09:02:37.897+0000] {dag.py:3211} INFO - Sync 1 DAGs
[2025-10-10T09:02:37.966+0000] {logging_mixin.py:190} INFO - [2025-10-10T09:02:37.965+0000] {dag.py:4138} INFO - Setting next_dagrun for example_dynamic_task_mapping_with_no_taskflow_operators to 2025-10-09 00:00:00+00:00, run_after=2025-10-10 00:00:00+00:00
[2025-10-10T09:02:38.014+0000] {processor.py:208} INFO - Processing /home/airflow/.local/lib/python3.12/site-packages/airflow/example_dags/example_dynamic_task_mapping_with_no_taskflow_operators.py took 0.251 seconds
[2025-10-10T09:03:08.269+0000] {processor.py:186} INFO - Started process (PID=299) to work on /home/airflow/.local/lib/python3.12/site-packages/airflow/example_dags/example_dynamic_task_mapping_with_no_taskflow_operators.py
[2025-10-10T09:03:08.272+0000] {processor.py:914} INFO - Processing file /home/airflow/.local/lib/python3.12/site-packages/airflow/example_dags/example_dynamic_task_mapping_with_no_taskflow_operators.py for tasks to queue
[2025-10-10T09:03:08.280+0000] {logging_mixin.py:190} INFO - [2025-10-10T09:03:08.279+0000] {dagbag.py:587} INFO - Filling up the DagBag from /home/airflow/.local/lib/python3.12/site-packages/airflow/example_dags/example_dynamic_task_mapping_with_no_taskflow_operators.py
[2025-10-10T09:03:08.310+0000] {processor.py:925} INFO - DAG(s) 'example_dynamic_task_mapping_with_no_taskflow_operators' retrieved from /home/airflow/.local/lib/python3.12/site-packages/airflow/example_dags/example_dynamic_task_mapping_with_no_taskflow_operators.py
[2025-10-10T09:03:08.373+0000] {logging_mixin.py:190} INFO - [2025-10-10T09:03:08.372+0000] {dag.py:3211} INFO - Sync 1 DAGs
[2025-10-10T09:03:08.516+0000] {logging_mixin.py:190} INFO - [2025-10-10T09:03:08.516+0000] {dag.py:4138} INFO - Setting next_dagrun for example_dynamic_task_mapping_with_no_taskflow_operators to 2025-10-09 00:00:00+00:00, run_after=2025-10-10 00:00:00+00:00
[2025-10-10T09:03:08.593+0000] {processor.py:208} INFO - Processing /home/airflow/.local/lib/python3.12/site-packages/airflow/example_dags/example_dynamic_task_mapping_with_no_taskflow_operators.py took 0.342 seconds
[2025-10-10T09:03:39.455+0000] {processor.py:186} INFO - Started process (PID=361) to work on /home/airflow/.local/lib/python3.12/site-packages/airflow/example_dags/example_dynamic_task_mapping_with_no_taskflow_operators.py
[2025-10-10T09:03:39.469+0000] {processor.py:914} INFO - Processing file /home/airflow/.local/lib/python3.12/site-packages/airflow/example_dags/example_dynamic_task_mapping_with_no_taskflow_operators.py for tasks to queue
[2025-10-10T09:03:39.501+0000] {logging_mixin.py:190} INFO - [2025-10-10T09:03:39.495+0000] {dagbag.py:587} INFO - Filling up the DagBag from /home/airflow/.local/lib/python3.12/site-packages/airflow/example_dags/example_dynamic_task_mapping_with_no_taskflow_operators.py
[2025-10-10T09:03:39.591+0000] {processor.py:925} INFO - DAG(s) 'example_dynamic_task_mapping_with_no_taskflow_operators' retrieved from /home/airflow/.local/lib/python3.12/site-packages/airflow/example_dags/example_dynamic_task_mapping_with_no_taskflow_operators.py
[2025-10-10T09:03:39.734+0000] {logging_mixin.py:190} INFO - [2025-10-10T09:03:39.734+0000] {dag.py:3211} INFO - Sync 1 DAGs
[2025-10-10T09:03:39.913+0000] {logging_mixin.py:190} INFO - [2025-10-10T09:03:39.913+0000] {dag.py:4138} INFO - Setting next_dagrun for example_dynamic_task_mapping_with_no_taskflow_operators to 2025-10-09 00:00:00+00:00, run_after=2025-10-10 00:00:00+00:00
[2025-10-10T09:03:40.000+0000] {processor.py:208} INFO - Processing /home/airflow/.local/lib/python3.12/site-packages/airflow/example_dags/example_dynamic_task_mapping_with_no_taskflow_operators.py took 0.603 seconds
[2025-10-10T09:04:10.409+0000] {processor.py:186} INFO - Started process (PID=424) to work on /home/airflow/.local/lib/python3.12/site-packages/airflow/example_dags/example_dynamic_task_mapping_with_no_taskflow_operators.py
[2025-10-10T09:04:10.417+0000] {processor.py:914} INFO - Processing file /home/airflow/.local/lib/python3.12/site-packages/airflow/example_dags/example_dynamic_task_mapping_with_no_taskflow_operators.py for tasks to queue
[2025-10-10T09:04:10.435+0000] {logging_mixin.py:190} INFO - [2025-10-10T09:04:10.434+0000] {dagbag.py:587} INFO - Filling up the DagBag from /home/airflow/.local/lib/python3.12/site-packages/airflow/example_dags/example_dynamic_task_mapping_with_no_taskflow_operators.py
[2025-10-10T09:04:10.537+0000] {processor.py:925} INFO - DAG(s) 'example_dynamic_task_mapping_with_no_taskflow_operators' retrieved from /home/airflow/.local/lib/python3.12/site-packages/airflow/example_dags/example_dynamic_task_mapping_with_no_taskflow_operators.py
[2025-10-10T09:04:10.669+0000] {logging_mixin.py:190} INFO - [2025-10-10T09:04:10.668+0000] {dag.py:3211} INFO - Sync 1 DAGs
[2025-10-10T09:04:10.815+0000] {logging_mixin.py:190} INFO - [2025-10-10T09:04:10.805+0000] {dag.py:4138} INFO - Setting next_dagrun for example_dynamic_task_mapping_with_no_taskflow_operators to 2025-10-09 00:00:00+00:00, run_after=2025-10-10 00:00:00+00:00
[2025-10-10T09:04:10.929+0000] {processor.py:208} INFO - Processing /home/airflow/.local/lib/python3.12/site-packages/airflow/example_dags/example_dynamic_task_mapping_with_no_taskflow_operators.py took 0.571 seconds
[2025-10-10T09:04:41.990+0000] {processor.py:186} INFO - Started process (PID=487) to work on /home/airflow/.local/lib/python3.12/site-packages/airflow/example_dags/example_dynamic_task_mapping_with_no_taskflow_operators.py
[2025-10-10T09:04:41.993+0000] {processor.py:914} INFO - Processing file /home/airflow/.local/lib/python3.12/site-packages/airflow/example_dags/example_dynamic_task_mapping_with_no_taskflow_operators.py for tasks to queue
[2025-10-10T09:04:41.999+0000] {logging_mixin.py:190} INFO - [2025-10-10T09:04:41.998+0000] {dagbag.py:587} INFO - Filling up the DagBag from /home/airflow/.local/lib/python3.12/site-packages/airflow/example_dags/example_dynamic_task_mapping_with_no_taskflow_operators.py
[2025-10-10T09:04:42.023+0000] {processor.py:925} INFO - DAG(s) 'example_dynamic_task_mapping_with_no_taskflow_operators' retrieved from /home/airflow/.local/lib/python3.12/site-packages/airflow/example_dags/example_dynamic_task_mapping_with_no_taskflow_operators.py
[2025-10-10T09:04:42.068+0000] {logging_mixin.py:190} INFO - [2025-10-10T09:04:42.068+0000] {dag.py:3211} INFO - Sync 1 DAGs
[2025-10-10T09:04:42.128+0000] {logging_mixin.py:190} INFO - [2025-10-10T09:04:42.128+0000] {dag.py:4138} INFO - Setting next_dagrun for example_dynamic_task_mapping_with_no_taskflow_operators to 2025-10-09 00:00:00+00:00, run_after=2025-10-10 00:00:00+00:00
[2025-10-10T09:04:42.203+0000] {processor.py:208} INFO - Processing /home/airflow/.local/lib/python3.12/site-packages/airflow/example_dags/example_dynamic_task_mapping_with_no_taskflow_operators.py took 0.231 seconds
[2025-10-10T09:05:13.740+0000] {processor.py:186} INFO - Started process (PID=550) to work on /home/airflow/.local/lib/python3.12/site-packages/airflow/example_dags/example_dynamic_task_mapping_with_no_taskflow_operators.py
[2025-10-10T09:05:13.743+0000] {processor.py:914} INFO - Processing file /home/airflow/.local/lib/python3.12/site-packages/airflow/example_dags/example_dynamic_task_mapping_with_no_taskflow_operators.py for tasks to queue
[2025-10-10T09:05:13.749+0000] {logging_mixin.py:190} INFO - [2025-10-10T09:05:13.747+0000] {dagbag.py:587} INFO - Filling up the DagBag from /home/airflow/.local/lib/python3.12/site-packages/airflow/example_dags/example_dynamic_task_mapping_with_no_taskflow_operators.py
[2025-10-10T09:05:13.781+0000] {processor.py:925} INFO - DAG(s) 'example_dynamic_task_mapping_with_no_taskflow_operators' retrieved from /home/airflow/.local/lib/python3.12/site-packages/airflow/example_dags/example_dynamic_task_mapping_with_no_taskflow_operators.py
[2025-10-10T09:05:13.828+0000] {logging_mixin.py:190} INFO - [2025-10-10T09:05:13.827+0000] {dag.py:3211} INFO - Sync 1 DAGs
[2025-10-10T09:05:13.908+0000] {logging_mixin.py:190} INFO - [2025-10-10T09:05:13.907+0000] {dag.py:4138} INFO - Setting next_dagrun for example_dynamic_task_mapping_with_no_taskflow_operators to 2025-10-09 00:00:00+00:00, run_after=2025-10-10 00:00:00+00:00
[2025-10-10T09:05:13.958+0000] {processor.py:208} INFO - Processing /home/airflow/.local/lib/python3.12/site-packages/airflow/example_dags/example_dynamic_task_mapping_with_no_taskflow_operators.py took 0.239 seconds
