[2025-10-10T08:37:57.603+0000] {processor.py:186} INFO - Started process (PID=102) to work on /home/airflow/.local/lib/python3.12/site-packages/airflow/example_dags/example_sensor_decorator.py
[2025-10-10T08:37:57.606+0000] {processor.py:914} INFO - Processing file /home/airflow/.local/lib/python3.12/site-packages/airflow/example_dags/example_sensor_decorator.py for tasks to queue
[2025-10-10T08:37:57.616+0000] {logging_mixin.py:190} INFO - [2025-10-10T08:37:57.615+0000] {dagbag.py:587} INFO - Filling up the DagBag from /home/airflow/.local/lib/python3.12/site-packages/airflow/example_dags/example_sensor_decorator.py
[2025-10-10T08:37:57.648+0000] {processor.py:925} INFO - DAG(s) 'example_sensor_decorator' retrieved from /home/airflow/.local/lib/python3.12/site-packages/airflow/example_dags/example_sensor_decorator.py
[2025-10-10T08:37:57.715+0000] {logging_mixin.py:190} INFO - [2025-10-10T08:37:57.714+0000] {dag.py:3211} INFO - Sync 1 DAGs
[2025-10-10T08:37:57.751+0000] {logging_mixin.py:190} INFO - [2025-10-10T08:37:57.750+0000] {dag.py:4138} INFO - Setting next_dagrun for example_sensor_decorator to None, run_after=None
[2025-10-10T08:37:57.796+0000] {processor.py:208} INFO - Processing /home/airflow/.local/lib/python3.12/site-packages/airflow/example_dags/example_sensor_decorator.py took 0.215 seconds
[2025-10-10T08:38:28.476+0000] {processor.py:186} INFO - Started process (PID=165) to work on /home/airflow/.local/lib/python3.12/site-packages/airflow/example_dags/example_sensor_decorator.py
[2025-10-10T08:38:28.479+0000] {processor.py:914} INFO - Processing file /home/airflow/.local/lib/python3.12/site-packages/airflow/example_dags/example_sensor_decorator.py for tasks to queue
[2025-10-10T08:38:28.485+0000] {logging_mixin.py:190} INFO - [2025-10-10T08:38:28.484+0000] {dagbag.py:587} INFO - Filling up the DagBag from /home/airflow/.local/lib/python3.12/site-packages/airflow/example_dags/example_sensor_decorator.py
[2025-10-10T08:38:28.505+0000] {processor.py:925} INFO - DAG(s) 'example_sensor_decorator' retrieved from /home/airflow/.local/lib/python3.12/site-packages/airflow/example_dags/example_sensor_decorator.py
[2025-10-10T08:38:28.554+0000] {logging_mixin.py:190} INFO - [2025-10-10T08:38:28.554+0000] {dag.py:3211} INFO - Sync 1 DAGs
[2025-10-10T08:38:28.589+0000] {logging_mixin.py:190} INFO - [2025-10-10T08:38:28.589+0000] {dag.py:4138} INFO - Setting next_dagrun for example_sensor_decorator to None, run_after=None
[2025-10-10T08:38:28.642+0000] {processor.py:208} INFO - Processing /home/airflow/.local/lib/python3.12/site-packages/airflow/example_dags/example_sensor_decorator.py took 0.180 seconds
[2025-10-10T08:39:00.377+0000] {processor.py:186} INFO - Started process (PID=228) to work on /home/airflow/.local/lib/python3.12/site-packages/airflow/example_dags/example_sensor_decorator.py
[2025-10-10T08:39:00.387+0000] {processor.py:914} INFO - Processing file /home/airflow/.local/lib/python3.12/site-packages/airflow/example_dags/example_sensor_decorator.py for tasks to queue
[2025-10-10T08:39:00.396+0000] {logging_mixin.py:190} INFO - [2025-10-10T08:39:00.395+0000] {dagbag.py:587} INFO - Filling up the DagBag from /home/airflow/.local/lib/python3.12/site-packages/airflow/example_dags/example_sensor_decorator.py
[2025-10-10T08:39:00.430+0000] {processor.py:925} INFO - DAG(s) 'example_sensor_decorator' retrieved from /home/airflow/.local/lib/python3.12/site-packages/airflow/example_dags/example_sensor_decorator.py
[2025-10-10T08:39:00.552+0000] {logging_mixin.py:190} INFO - [2025-10-10T08:39:00.541+0000] {dag.py:3211} INFO - Sync 1 DAGs
[2025-10-10T08:39:00.658+0000] {logging_mixin.py:190} INFO - [2025-10-10T08:39:00.658+0000] {dag.py:4138} INFO - Setting next_dagrun for example_sensor_decorator to None, run_after=None
[2025-10-10T08:39:00.741+0000] {processor.py:208} INFO - Processing /home/airflow/.local/lib/python3.12/site-packages/airflow/example_dags/example_sensor_decorator.py took 0.394 seconds
[2025-10-10T08:39:31.354+0000] {processor.py:186} INFO - Started process (PID=291) to work on /home/airflow/.local/lib/python3.12/site-packages/airflow/example_dags/example_sensor_decorator.py
[2025-10-10T08:39:31.357+0000] {processor.py:914} INFO - Processing file /home/airflow/.local/lib/python3.12/site-packages/airflow/example_dags/example_sensor_decorator.py for tasks to queue
[2025-10-10T08:39:31.364+0000] {logging_mixin.py:190} INFO - [2025-10-10T08:39:31.363+0000] {dagbag.py:587} INFO - Filling up the DagBag from /home/airflow/.local/lib/python3.12/site-packages/airflow/example_dags/example_sensor_decorator.py
[2025-10-10T08:39:31.392+0000] {processor.py:925} INFO - DAG(s) 'example_sensor_decorator' retrieved from /home/airflow/.local/lib/python3.12/site-packages/airflow/example_dags/example_sensor_decorator.py
[2025-10-10T08:39:31.445+0000] {logging_mixin.py:190} INFO - [2025-10-10T08:39:31.445+0000] {dag.py:3211} INFO - Sync 1 DAGs
[2025-10-10T08:39:31.482+0000] {logging_mixin.py:190} INFO - [2025-10-10T08:39:31.482+0000] {dag.py:4138} INFO - Setting next_dagrun for example_sensor_decorator to None, run_after=None
[2025-10-10T08:39:31.549+0000] {processor.py:208} INFO - Processing /home/airflow/.local/lib/python3.12/site-packages/airflow/example_dags/example_sensor_decorator.py took 0.215 seconds
[2025-10-10T08:40:02.661+0000] {processor.py:186} INFO - Started process (PID=354) to work on /home/airflow/.local/lib/python3.12/site-packages/airflow/example_dags/example_sensor_decorator.py
[2025-10-10T08:40:02.664+0000] {processor.py:914} INFO - Processing file /home/airflow/.local/lib/python3.12/site-packages/airflow/example_dags/example_sensor_decorator.py for tasks to queue
[2025-10-10T08:40:02.669+0000] {logging_mixin.py:190} INFO - [2025-10-10T08:40:02.668+0000] {dagbag.py:587} INFO - Filling up the DagBag from /home/airflow/.local/lib/python3.12/site-packages/airflow/example_dags/example_sensor_decorator.py
[2025-10-10T08:40:02.686+0000] {processor.py:925} INFO - DAG(s) 'example_sensor_decorator' retrieved from /home/airflow/.local/lib/python3.12/site-packages/airflow/example_dags/example_sensor_decorator.py
[2025-10-10T08:40:02.731+0000] {logging_mixin.py:190} INFO - [2025-10-10T08:40:02.730+0000] {dag.py:3211} INFO - Sync 1 DAGs
[2025-10-10T08:40:02.760+0000] {logging_mixin.py:190} INFO - [2025-10-10T08:40:02.760+0000] {dag.py:4138} INFO - Setting next_dagrun for example_sensor_decorator to None, run_after=None
[2025-10-10T08:40:02.797+0000] {processor.py:208} INFO - Processing /home/airflow/.local/lib/python3.12/site-packages/airflow/example_dags/example_sensor_decorator.py took 0.149 seconds
[2025-10-10T08:40:34.037+0000] {processor.py:186} INFO - Started process (PID=416) to work on /home/airflow/.local/lib/python3.12/site-packages/airflow/example_dags/example_sensor_decorator.py
[2025-10-10T08:40:34.043+0000] {processor.py:914} INFO - Processing file /home/airflow/.local/lib/python3.12/site-packages/airflow/example_dags/example_sensor_decorator.py for tasks to queue
[2025-10-10T08:40:34.057+0000] {logging_mixin.py:190} INFO - [2025-10-10T08:40:34.055+0000] {dagbag.py:587} INFO - Filling up the DagBag from /home/airflow/.local/lib/python3.12/site-packages/airflow/example_dags/example_sensor_decorator.py
[2025-10-10T08:40:34.103+0000] {processor.py:925} INFO - DAG(s) 'example_sensor_decorator' retrieved from /home/airflow/.local/lib/python3.12/site-packages/airflow/example_dags/example_sensor_decorator.py
[2025-10-10T08:40:34.214+0000] {logging_mixin.py:190} INFO - [2025-10-10T08:40:34.212+0000] {dag.py:3211} INFO - Sync 1 DAGs
[2025-10-10T08:40:34.280+0000] {logging_mixin.py:190} INFO - [2025-10-10T08:40:34.279+0000] {dag.py:4138} INFO - Setting next_dagrun for example_sensor_decorator to None, run_after=None
[2025-10-10T08:40:34.354+0000] {processor.py:208} INFO - Processing /home/airflow/.local/lib/python3.12/site-packages/airflow/example_dags/example_sensor_decorator.py took 0.353 seconds
[2025-10-10T08:41:06.124+0000] {processor.py:186} INFO - Started process (PID=480) to work on /home/airflow/.local/lib/python3.12/site-packages/airflow/example_dags/example_sensor_decorator.py
[2025-10-10T08:41:06.132+0000] {processor.py:914} INFO - Processing file /home/airflow/.local/lib/python3.12/site-packages/airflow/example_dags/example_sensor_decorator.py for tasks to queue
[2025-10-10T08:41:06.148+0000] {logging_mixin.py:190} INFO - [2025-10-10T08:41:06.146+0000] {dagbag.py:587} INFO - Filling up the DagBag from /home/airflow/.local/lib/python3.12/site-packages/airflow/example_dags/example_sensor_decorator.py
[2025-10-10T08:41:06.203+0000] {processor.py:925} INFO - DAG(s) 'example_sensor_decorator' retrieved from /home/airflow/.local/lib/python3.12/site-packages/airflow/example_dags/example_sensor_decorator.py
[2025-10-10T08:41:06.261+0000] {logging_mixin.py:190} INFO - [2025-10-10T08:41:06.261+0000] {dag.py:3211} INFO - Sync 1 DAGs
[2025-10-10T08:41:06.302+0000] {logging_mixin.py:190} INFO - [2025-10-10T08:41:06.302+0000] {dag.py:4138} INFO - Setting next_dagrun for example_sensor_decorator to None, run_after=None
[2025-10-10T08:41:06.351+0000] {processor.py:208} INFO - Processing /home/airflow/.local/lib/python3.12/site-packages/airflow/example_dags/example_sensor_decorator.py took 0.266 seconds
[2025-10-10T08:41:36.567+0000] {processor.py:186} INFO - Started process (PID=542) to work on /home/airflow/.local/lib/python3.12/site-packages/airflow/example_dags/example_sensor_decorator.py
[2025-10-10T08:41:36.570+0000] {processor.py:914} INFO - Processing file /home/airflow/.local/lib/python3.12/site-packages/airflow/example_dags/example_sensor_decorator.py for tasks to queue
[2025-10-10T08:41:36.577+0000] {logging_mixin.py:190} INFO - [2025-10-10T08:41:36.576+0000] {dagbag.py:587} INFO - Filling up the DagBag from /home/airflow/.local/lib/python3.12/site-packages/airflow/example_dags/example_sensor_decorator.py
[2025-10-10T08:41:36.598+0000] {processor.py:925} INFO - DAG(s) 'example_sensor_decorator' retrieved from /home/airflow/.local/lib/python3.12/site-packages/airflow/example_dags/example_sensor_decorator.py
[2025-10-10T08:41:36.652+0000] {logging_mixin.py:190} INFO - [2025-10-10T08:41:36.652+0000] {dag.py:3211} INFO - Sync 1 DAGs
[2025-10-10T08:41:36.692+0000] {logging_mixin.py:190} INFO - [2025-10-10T08:41:36.692+0000] {dag.py:4138} INFO - Setting next_dagrun for example_sensor_decorator to None, run_after=None
[2025-10-10T08:41:36.751+0000] {processor.py:208} INFO - Processing /home/airflow/.local/lib/python3.12/site-packages/airflow/example_dags/example_sensor_decorator.py took 0.199 seconds
[2025-10-10T08:42:07.072+0000] {processor.py:186} INFO - Started process (PID=605) to work on /home/airflow/.local/lib/python3.12/site-packages/airflow/example_dags/example_sensor_decorator.py
[2025-10-10T08:42:07.077+0000] {processor.py:914} INFO - Processing file /home/airflow/.local/lib/python3.12/site-packages/airflow/example_dags/example_sensor_decorator.py for tasks to queue
[2025-10-10T08:42:07.084+0000] {logging_mixin.py:190} INFO - [2025-10-10T08:42:07.083+0000] {dagbag.py:587} INFO - Filling up the DagBag from /home/airflow/.local/lib/python3.12/site-packages/airflow/example_dags/example_sensor_decorator.py
[2025-10-10T08:42:07.108+0000] {processor.py:925} INFO - DAG(s) 'example_sensor_decorator' retrieved from /home/airflow/.local/lib/python3.12/site-packages/airflow/example_dags/example_sensor_decorator.py
[2025-10-10T08:42:07.164+0000] {logging_mixin.py:190} INFO - [2025-10-10T08:42:07.164+0000] {dag.py:3211} INFO - Sync 1 DAGs
[2025-10-10T08:42:07.200+0000] {logging_mixin.py:190} INFO - [2025-10-10T08:42:07.200+0000] {dag.py:4138} INFO - Setting next_dagrun for example_sensor_decorator to None, run_after=None
[2025-10-10T08:42:07.303+0000] {processor.py:208} INFO - Processing /home/airflow/.local/lib/python3.12/site-packages/airflow/example_dags/example_sensor_decorator.py took 0.252 seconds
[2025-10-10T08:42:39.012+0000] {processor.py:186} INFO - Started process (PID=668) to work on /home/airflow/.local/lib/python3.12/site-packages/airflow/example_dags/example_sensor_decorator.py
[2025-10-10T08:42:39.017+0000] {processor.py:914} INFO - Processing file /home/airflow/.local/lib/python3.12/site-packages/airflow/example_dags/example_sensor_decorator.py for tasks to queue
[2025-10-10T08:42:39.023+0000] {logging_mixin.py:190} INFO - [2025-10-10T08:42:39.022+0000] {dagbag.py:587} INFO - Filling up the DagBag from /home/airflow/.local/lib/python3.12/site-packages/airflow/example_dags/example_sensor_decorator.py
[2025-10-10T08:42:39.062+0000] {processor.py:925} INFO - DAG(s) 'example_sensor_decorator' retrieved from /home/airflow/.local/lib/python3.12/site-packages/airflow/example_dags/example_sensor_decorator.py
[2025-10-10T08:42:39.112+0000] {logging_mixin.py:190} INFO - [2025-10-10T08:42:39.111+0000] {dag.py:3211} INFO - Sync 1 DAGs
[2025-10-10T08:42:39.147+0000] {logging_mixin.py:190} INFO - [2025-10-10T08:42:39.146+0000] {dag.py:4138} INFO - Setting next_dagrun for example_sensor_decorator to None, run_after=None
[2025-10-10T08:42:39.242+0000] {processor.py:208} INFO - Processing /home/airflow/.local/lib/python3.12/site-packages/airflow/example_dags/example_sensor_decorator.py took 0.245 seconds
[2025-10-10T08:43:09.904+0000] {processor.py:186} INFO - Started process (PID=731) to work on /home/airflow/.local/lib/python3.12/site-packages/airflow/example_dags/example_sensor_decorator.py
[2025-10-10T08:43:09.910+0000] {processor.py:914} INFO - Processing file /home/airflow/.local/lib/python3.12/site-packages/airflow/example_dags/example_sensor_decorator.py for tasks to queue
[2025-10-10T08:43:09.924+0000] {logging_mixin.py:190} INFO - [2025-10-10T08:43:09.922+0000] {dagbag.py:587} INFO - Filling up the DagBag from /home/airflow/.local/lib/python3.12/site-packages/airflow/example_dags/example_sensor_decorator.py
[2025-10-10T08:43:09.964+0000] {processor.py:925} INFO - DAG(s) 'example_sensor_decorator' retrieved from /home/airflow/.local/lib/python3.12/site-packages/airflow/example_dags/example_sensor_decorator.py
[2025-10-10T08:43:10.063+0000] {logging_mixin.py:190} INFO - [2025-10-10T08:43:10.063+0000] {dag.py:3211} INFO - Sync 1 DAGs
[2025-10-10T08:43:10.130+0000] {logging_mixin.py:190} INFO - [2025-10-10T08:43:10.129+0000] {dag.py:4138} INFO - Setting next_dagrun for example_sensor_decorator to None, run_after=None
[2025-10-10T08:43:10.231+0000] {processor.py:208} INFO - Processing /home/airflow/.local/lib/python3.12/site-packages/airflow/example_dags/example_sensor_decorator.py took 0.356 seconds
[2025-10-10T08:43:41.221+0000] {processor.py:186} INFO - Started process (PID=800) to work on /home/airflow/.local/lib/python3.12/site-packages/airflow/example_dags/example_sensor_decorator.py
[2025-10-10T08:43:41.223+0000] {processor.py:914} INFO - Processing file /home/airflow/.local/lib/python3.12/site-packages/airflow/example_dags/example_sensor_decorator.py for tasks to queue
[2025-10-10T08:43:41.227+0000] {logging_mixin.py:190} INFO - [2025-10-10T08:43:41.227+0000] {dagbag.py:587} INFO - Filling up the DagBag from /home/airflow/.local/lib/python3.12/site-packages/airflow/example_dags/example_sensor_decorator.py
[2025-10-10T08:43:41.243+0000] {processor.py:925} INFO - DAG(s) 'example_sensor_decorator' retrieved from /home/airflow/.local/lib/python3.12/site-packages/airflow/example_dags/example_sensor_decorator.py
[2025-10-10T08:43:41.283+0000] {logging_mixin.py:190} INFO - [2025-10-10T08:43:41.283+0000] {dag.py:3211} INFO - Sync 1 DAGs
[2025-10-10T08:43:41.310+0000] {logging_mixin.py:190} INFO - [2025-10-10T08:43:41.309+0000] {dag.py:4138} INFO - Setting next_dagrun for example_sensor_decorator to None, run_after=None
[2025-10-10T08:43:41.349+0000] {processor.py:208} INFO - Processing /home/airflow/.local/lib/python3.12/site-packages/airflow/example_dags/example_sensor_decorator.py took 0.139 seconds
[2025-10-10T08:44:12.531+0000] {processor.py:186} INFO - Started process (PID=862) to work on /home/airflow/.local/lib/python3.12/site-packages/airflow/example_dags/example_sensor_decorator.py
[2025-10-10T08:44:12.534+0000] {processor.py:914} INFO - Processing file /home/airflow/.local/lib/python3.12/site-packages/airflow/example_dags/example_sensor_decorator.py for tasks to queue
[2025-10-10T08:44:12.540+0000] {logging_mixin.py:190} INFO - [2025-10-10T08:44:12.539+0000] {dagbag.py:587} INFO - Filling up the DagBag from /home/airflow/.local/lib/python3.12/site-packages/airflow/example_dags/example_sensor_decorator.py
[2025-10-10T08:44:12.560+0000] {processor.py:925} INFO - DAG(s) 'example_sensor_decorator' retrieved from /home/airflow/.local/lib/python3.12/site-packages/airflow/example_dags/example_sensor_decorator.py
[2025-10-10T08:44:12.620+0000] {logging_mixin.py:190} INFO - [2025-10-10T08:44:12.619+0000] {dag.py:3211} INFO - Sync 1 DAGs
[2025-10-10T08:44:12.657+0000] {logging_mixin.py:190} INFO - [2025-10-10T08:44:12.656+0000] {dag.py:4138} INFO - Setting next_dagrun for example_sensor_decorator to None, run_after=None
[2025-10-10T08:44:12.712+0000] {processor.py:208} INFO - Processing /home/airflow/.local/lib/python3.12/site-packages/airflow/example_dags/example_sensor_decorator.py took 0.194 seconds
[2025-10-10T08:44:44.231+0000] {processor.py:186} INFO - Started process (PID=925) to work on /home/airflow/.local/lib/python3.12/site-packages/airflow/example_dags/example_sensor_decorator.py
[2025-10-10T08:44:44.234+0000] {processor.py:914} INFO - Processing file /home/airflow/.local/lib/python3.12/site-packages/airflow/example_dags/example_sensor_decorator.py for tasks to queue
[2025-10-10T08:44:44.243+0000] {logging_mixin.py:190} INFO - [2025-10-10T08:44:44.242+0000] {dagbag.py:587} INFO - Filling up the DagBag from /home/airflow/.local/lib/python3.12/site-packages/airflow/example_dags/example_sensor_decorator.py
[2025-10-10T08:44:44.268+0000] {processor.py:925} INFO - DAG(s) 'example_sensor_decorator' retrieved from /home/airflow/.local/lib/python3.12/site-packages/airflow/example_dags/example_sensor_decorator.py
[2025-10-10T08:44:44.323+0000] {logging_mixin.py:190} INFO - [2025-10-10T08:44:44.323+0000] {dag.py:3211} INFO - Sync 1 DAGs
[2025-10-10T08:44:44.372+0000] {logging_mixin.py:190} INFO - [2025-10-10T08:44:44.372+0000] {dag.py:4138} INFO - Setting next_dagrun for example_sensor_decorator to None, run_after=None
[2025-10-10T08:44:44.464+0000] {processor.py:208} INFO - Processing /home/airflow/.local/lib/python3.12/site-packages/airflow/example_dags/example_sensor_decorator.py took 0.257 seconds
[2025-10-10T08:45:14.597+0000] {processor.py:186} INFO - Started process (PID=988) to work on /home/airflow/.local/lib/python3.12/site-packages/airflow/example_dags/example_sensor_decorator.py
[2025-10-10T08:45:14.600+0000] {processor.py:914} INFO - Processing file /home/airflow/.local/lib/python3.12/site-packages/airflow/example_dags/example_sensor_decorator.py for tasks to queue
[2025-10-10T08:45:14.606+0000] {logging_mixin.py:190} INFO - [2025-10-10T08:45:14.605+0000] {dagbag.py:587} INFO - Filling up the DagBag from /home/airflow/.local/lib/python3.12/site-packages/airflow/example_dags/example_sensor_decorator.py
[2025-10-10T08:45:14.633+0000] {processor.py:925} INFO - DAG(s) 'example_sensor_decorator' retrieved from /home/airflow/.local/lib/python3.12/site-packages/airflow/example_dags/example_sensor_decorator.py
[2025-10-10T08:45:14.684+0000] {logging_mixin.py:190} INFO - [2025-10-10T08:45:14.683+0000] {dag.py:3211} INFO - Sync 1 DAGs
[2025-10-10T08:45:14.711+0000] {logging_mixin.py:190} INFO - [2025-10-10T08:45:14.710+0000] {dag.py:4138} INFO - Setting next_dagrun for example_sensor_decorator to None, run_after=None
[2025-10-10T08:45:14.750+0000] {processor.py:208} INFO - Processing /home/airflow/.local/lib/python3.12/site-packages/airflow/example_dags/example_sensor_decorator.py took 0.175 seconds
[2025-10-10T08:45:45.934+0000] {processor.py:186} INFO - Started process (PID=1050) to work on /home/airflow/.local/lib/python3.12/site-packages/airflow/example_dags/example_sensor_decorator.py
[2025-10-10T08:45:45.938+0000] {processor.py:914} INFO - Processing file /home/airflow/.local/lib/python3.12/site-packages/airflow/example_dags/example_sensor_decorator.py for tasks to queue
[2025-10-10T08:45:45.946+0000] {logging_mixin.py:190} INFO - [2025-10-10T08:45:45.945+0000] {dagbag.py:587} INFO - Filling up the DagBag from /home/airflow/.local/lib/python3.12/site-packages/airflow/example_dags/example_sensor_decorator.py
[2025-10-10T08:45:45.972+0000] {processor.py:925} INFO - DAG(s) 'example_sensor_decorator' retrieved from /home/airflow/.local/lib/python3.12/site-packages/airflow/example_dags/example_sensor_decorator.py
[2025-10-10T08:45:46.030+0000] {logging_mixin.py:190} INFO - [2025-10-10T08:45:46.030+0000] {dag.py:3211} INFO - Sync 1 DAGs
[2025-10-10T08:45:46.073+0000] {logging_mixin.py:190} INFO - [2025-10-10T08:45:46.073+0000] {dag.py:4138} INFO - Setting next_dagrun for example_sensor_decorator to None, run_after=None
[2025-10-10T08:45:46.117+0000] {processor.py:208} INFO - Processing /home/airflow/.local/lib/python3.12/site-packages/airflow/example_dags/example_sensor_decorator.py took 0.206 seconds
[2025-10-10T08:46:17.821+0000] {processor.py:186} INFO - Started process (PID=1114) to work on /home/airflow/.local/lib/python3.12/site-packages/airflow/example_dags/example_sensor_decorator.py
[2025-10-10T08:46:17.824+0000] {processor.py:914} INFO - Processing file /home/airflow/.local/lib/python3.12/site-packages/airflow/example_dags/example_sensor_decorator.py for tasks to queue
[2025-10-10T08:46:17.833+0000] {logging_mixin.py:190} INFO - [2025-10-10T08:46:17.832+0000] {dagbag.py:587} INFO - Filling up the DagBag from /home/airflow/.local/lib/python3.12/site-packages/airflow/example_dags/example_sensor_decorator.py
[2025-10-10T08:46:17.859+0000] {processor.py:925} INFO - DAG(s) 'example_sensor_decorator' retrieved from /home/airflow/.local/lib/python3.12/site-packages/airflow/example_dags/example_sensor_decorator.py
[2025-10-10T08:46:17.921+0000] {logging_mixin.py:190} INFO - [2025-10-10T08:46:17.921+0000] {dag.py:3211} INFO - Sync 1 DAGs
[2025-10-10T08:46:17.967+0000] {logging_mixin.py:190} INFO - [2025-10-10T08:46:17.967+0000] {dag.py:4138} INFO - Setting next_dagrun for example_sensor_decorator to None, run_after=None
[2025-10-10T08:46:18.026+0000] {processor.py:208} INFO - Processing /home/airflow/.local/lib/python3.12/site-packages/airflow/example_dags/example_sensor_decorator.py took 0.224 seconds
[2025-10-10T08:46:49.224+0000] {processor.py:186} INFO - Started process (PID=1177) to work on /home/airflow/.local/lib/python3.12/site-packages/airflow/example_dags/example_sensor_decorator.py
[2025-10-10T08:46:49.226+0000] {processor.py:914} INFO - Processing file /home/airflow/.local/lib/python3.12/site-packages/airflow/example_dags/example_sensor_decorator.py for tasks to queue
[2025-10-10T08:46:49.231+0000] {logging_mixin.py:190} INFO - [2025-10-10T08:46:49.231+0000] {dagbag.py:587} INFO - Filling up the DagBag from /home/airflow/.local/lib/python3.12/site-packages/airflow/example_dags/example_sensor_decorator.py
[2025-10-10T08:46:49.248+0000] {processor.py:925} INFO - DAG(s) 'example_sensor_decorator' retrieved from /home/airflow/.local/lib/python3.12/site-packages/airflow/example_dags/example_sensor_decorator.py
[2025-10-10T08:46:49.295+0000] {logging_mixin.py:190} INFO - [2025-10-10T08:46:49.294+0000] {dag.py:3211} INFO - Sync 1 DAGs
[2025-10-10T08:46:49.336+0000] {logging_mixin.py:190} INFO - [2025-10-10T08:46:49.336+0000] {dag.py:4138} INFO - Setting next_dagrun for example_sensor_decorator to None, run_after=None
[2025-10-10T08:46:49.379+0000] {processor.py:208} INFO - Processing /home/airflow/.local/lib/python3.12/site-packages/airflow/example_dags/example_sensor_decorator.py took 0.168 seconds
[2025-10-10T08:47:21.053+0000] {processor.py:186} INFO - Started process (PID=1240) to work on /home/airflow/.local/lib/python3.12/site-packages/airflow/example_dags/example_sensor_decorator.py
[2025-10-10T08:47:21.056+0000] {processor.py:914} INFO - Processing file /home/airflow/.local/lib/python3.12/site-packages/airflow/example_dags/example_sensor_decorator.py for tasks to queue
[2025-10-10T08:47:21.074+0000] {logging_mixin.py:190} INFO - [2025-10-10T08:47:21.073+0000] {dagbag.py:587} INFO - Filling up the DagBag from /home/airflow/.local/lib/python3.12/site-packages/airflow/example_dags/example_sensor_decorator.py
[2025-10-10T08:47:21.145+0000] {processor.py:925} INFO - DAG(s) 'example_sensor_decorator' retrieved from /home/airflow/.local/lib/python3.12/site-packages/airflow/example_dags/example_sensor_decorator.py
[2025-10-10T08:47:21.257+0000] {logging_mixin.py:190} INFO - [2025-10-10T08:47:21.256+0000] {dag.py:3211} INFO - Sync 1 DAGs
[2025-10-10T08:47:21.336+0000] {logging_mixin.py:190} INFO - [2025-10-10T08:47:21.335+0000] {dag.py:4138} INFO - Setting next_dagrun for example_sensor_decorator to None, run_after=None
[2025-10-10T08:47:21.415+0000] {processor.py:208} INFO - Processing /home/airflow/.local/lib/python3.12/site-packages/airflow/example_dags/example_sensor_decorator.py took 0.413 seconds
[2025-10-10T08:47:51.926+0000] {processor.py:186} INFO - Started process (PID=1303) to work on /home/airflow/.local/lib/python3.12/site-packages/airflow/example_dags/example_sensor_decorator.py
[2025-10-10T08:47:51.938+0000] {processor.py:914} INFO - Processing file /home/airflow/.local/lib/python3.12/site-packages/airflow/example_dags/example_sensor_decorator.py for tasks to queue
[2025-10-10T08:47:51.953+0000] {logging_mixin.py:190} INFO - [2025-10-10T08:47:51.951+0000] {dagbag.py:587} INFO - Filling up the DagBag from /home/airflow/.local/lib/python3.12/site-packages/airflow/example_dags/example_sensor_decorator.py
[2025-10-10T08:47:52.020+0000] {processor.py:925} INFO - DAG(s) 'example_sensor_decorator' retrieved from /home/airflow/.local/lib/python3.12/site-packages/airflow/example_dags/example_sensor_decorator.py
[2025-10-10T08:47:52.169+0000] {logging_mixin.py:190} INFO - [2025-10-10T08:47:52.168+0000] {dag.py:3211} INFO - Sync 1 DAGs
[2025-10-10T08:47:52.248+0000] {logging_mixin.py:190} INFO - [2025-10-10T08:47:52.247+0000] {dag.py:4138} INFO - Setting next_dagrun for example_sensor_decorator to None, run_after=None
[2025-10-10T08:47:52.304+0000] {processor.py:208} INFO - Processing /home/airflow/.local/lib/python3.12/site-packages/airflow/example_dags/example_sensor_decorator.py took 0.435 seconds
[2025-10-10T08:48:22.601+0000] {processor.py:186} INFO - Started process (PID=1366) to work on /home/airflow/.local/lib/python3.12/site-packages/airflow/example_dags/example_sensor_decorator.py
[2025-10-10T08:48:22.605+0000] {processor.py:914} INFO - Processing file /home/airflow/.local/lib/python3.12/site-packages/airflow/example_dags/example_sensor_decorator.py for tasks to queue
[2025-10-10T08:48:22.614+0000] {logging_mixin.py:190} INFO - [2025-10-10T08:48:22.613+0000] {dagbag.py:587} INFO - Filling up the DagBag from /home/airflow/.local/lib/python3.12/site-packages/airflow/example_dags/example_sensor_decorator.py
[2025-10-10T08:48:22.648+0000] {processor.py:925} INFO - DAG(s) 'example_sensor_decorator' retrieved from /home/airflow/.local/lib/python3.12/site-packages/airflow/example_dags/example_sensor_decorator.py
[2025-10-10T08:48:22.708+0000] {logging_mixin.py:190} INFO - [2025-10-10T08:48:22.707+0000] {dag.py:3211} INFO - Sync 1 DAGs
[2025-10-10T08:48:22.739+0000] {logging_mixin.py:190} INFO - [2025-10-10T08:48:22.738+0000] {dag.py:4138} INFO - Setting next_dagrun for example_sensor_decorator to None, run_after=None
[2025-10-10T08:48:22.782+0000] {processor.py:208} INFO - Processing /home/airflow/.local/lib/python3.12/site-packages/airflow/example_dags/example_sensor_decorator.py took 0.206 seconds
[2025-10-10T08:48:53.313+0000] {processor.py:186} INFO - Started process (PID=1428) to work on /home/airflow/.local/lib/python3.12/site-packages/airflow/example_dags/example_sensor_decorator.py
[2025-10-10T08:48:53.320+0000] {processor.py:914} INFO - Processing file /home/airflow/.local/lib/python3.12/site-packages/airflow/example_dags/example_sensor_decorator.py for tasks to queue
[2025-10-10T08:48:53.327+0000] {logging_mixin.py:190} INFO - [2025-10-10T08:48:53.327+0000] {dagbag.py:587} INFO - Filling up the DagBag from /home/airflow/.local/lib/python3.12/site-packages/airflow/example_dags/example_sensor_decorator.py
[2025-10-10T08:48:53.348+0000] {processor.py:925} INFO - DAG(s) 'example_sensor_decorator' retrieved from /home/airflow/.local/lib/python3.12/site-packages/airflow/example_dags/example_sensor_decorator.py
[2025-10-10T08:48:53.397+0000] {logging_mixin.py:190} INFO - [2025-10-10T08:48:53.397+0000] {dag.py:3211} INFO - Sync 1 DAGs
[2025-10-10T08:48:53.437+0000] {logging_mixin.py:190} INFO - [2025-10-10T08:48:53.437+0000] {dag.py:4138} INFO - Setting next_dagrun for example_sensor_decorator to None, run_after=None
[2025-10-10T08:48:53.516+0000] {processor.py:208} INFO - Processing /home/airflow/.local/lib/python3.12/site-packages/airflow/example_dags/example_sensor_decorator.py took 0.220 seconds
[2025-10-10T08:49:25.302+0000] {processor.py:186} INFO - Started process (PID=1492) to work on /home/airflow/.local/lib/python3.12/site-packages/airflow/example_dags/example_sensor_decorator.py
[2025-10-10T08:49:25.316+0000] {processor.py:914} INFO - Processing file /home/airflow/.local/lib/python3.12/site-packages/airflow/example_dags/example_sensor_decorator.py for tasks to queue
[2025-10-10T08:49:25.324+0000] {logging_mixin.py:190} INFO - [2025-10-10T08:49:25.323+0000] {dagbag.py:587} INFO - Filling up the DagBag from /home/airflow/.local/lib/python3.12/site-packages/airflow/example_dags/example_sensor_decorator.py
[2025-10-10T08:49:25.376+0000] {processor.py:925} INFO - DAG(s) 'example_sensor_decorator' retrieved from /home/airflow/.local/lib/python3.12/site-packages/airflow/example_dags/example_sensor_decorator.py
[2025-10-10T08:49:26.563+0000] {logging_mixin.py:190} INFO - [2025-10-10T08:49:26.563+0000] {dag.py:3211} INFO - Sync 1 DAGs
[2025-10-10T08:49:26.666+0000] {logging_mixin.py:190} INFO - [2025-10-10T08:49:26.665+0000] {dag.py:4138} INFO - Setting next_dagrun for example_sensor_decorator to None, run_after=None
[2025-10-10T08:49:26.791+0000] {processor.py:208} INFO - Processing /home/airflow/.local/lib/python3.12/site-packages/airflow/example_dags/example_sensor_decorator.py took 0.461 seconds
[2025-10-10T08:53:59.163+0000] {processor.py:186} INFO - Started process (PID=105) to work on /home/airflow/.local/lib/python3.12/site-packages/airflow/example_dags/example_sensor_decorator.py
[2025-10-10T08:53:59.167+0000] {processor.py:914} INFO - Processing file /home/airflow/.local/lib/python3.12/site-packages/airflow/example_dags/example_sensor_decorator.py for tasks to queue
[2025-10-10T08:53:59.180+0000] {logging_mixin.py:190} INFO - [2025-10-10T08:53:59.179+0000] {dagbag.py:587} INFO - Filling up the DagBag from /home/airflow/.local/lib/python3.12/site-packages/airflow/example_dags/example_sensor_decorator.py
[2025-10-10T08:53:59.229+0000] {processor.py:925} INFO - DAG(s) 'example_sensor_decorator' retrieved from /home/airflow/.local/lib/python3.12/site-packages/airflow/example_dags/example_sensor_decorator.py
[2025-10-10T08:53:59.589+0000] {logging_mixin.py:190} INFO - [2025-10-10T08:53:59.588+0000] {dag.py:3211} INFO - Sync 1 DAGs
[2025-10-10T08:53:59.684+0000] {logging_mixin.py:190} INFO - [2025-10-10T08:53:59.683+0000] {dag.py:4138} INFO - Setting next_dagrun for example_sensor_decorator to None, run_after=None
[2025-10-10T08:53:59.822+0000] {processor.py:208} INFO - Processing /home/airflow/.local/lib/python3.12/site-packages/airflow/example_dags/example_sensor_decorator.py took 0.695 seconds
[2025-10-10T08:54:30.301+0000] {processor.py:186} INFO - Started process (PID=167) to work on /home/airflow/.local/lib/python3.12/site-packages/airflow/example_dags/example_sensor_decorator.py
[2025-10-10T08:54:30.307+0000] {processor.py:914} INFO - Processing file /home/airflow/.local/lib/python3.12/site-packages/airflow/example_dags/example_sensor_decorator.py for tasks to queue
[2025-10-10T08:54:30.319+0000] {logging_mixin.py:190} INFO - [2025-10-10T08:54:30.318+0000] {dagbag.py:587} INFO - Filling up the DagBag from /home/airflow/.local/lib/python3.12/site-packages/airflow/example_dags/example_sensor_decorator.py
[2025-10-10T08:54:30.348+0000] {processor.py:925} INFO - DAG(s) 'example_sensor_decorator' retrieved from /home/airflow/.local/lib/python3.12/site-packages/airflow/example_dags/example_sensor_decorator.py
[2025-10-10T08:54:30.406+0000] {logging_mixin.py:190} INFO - [2025-10-10T08:54:30.406+0000] {dag.py:3211} INFO - Sync 1 DAGs
[2025-10-10T08:54:30.453+0000] {logging_mixin.py:190} INFO - [2025-10-10T08:54:30.452+0000] {dag.py:4138} INFO - Setting next_dagrun for example_sensor_decorator to None, run_after=None
[2025-10-10T08:54:30.532+0000] {processor.py:208} INFO - Processing /home/airflow/.local/lib/python3.12/site-packages/airflow/example_dags/example_sensor_decorator.py took 0.260 seconds
[2025-10-10T08:55:01.665+0000] {processor.py:186} INFO - Started process (PID=237) to work on /home/airflow/.local/lib/python3.12/site-packages/airflow/example_dags/example_sensor_decorator.py
[2025-10-10T08:55:01.694+0000] {processor.py:914} INFO - Processing file /home/airflow/.local/lib/python3.12/site-packages/airflow/example_dags/example_sensor_decorator.py for tasks to queue
[2025-10-10T08:55:01.707+0000] {logging_mixin.py:190} INFO - [2025-10-10T08:55:01.705+0000] {dagbag.py:587} INFO - Filling up the DagBag from /home/airflow/.local/lib/python3.12/site-packages/airflow/example_dags/example_sensor_decorator.py
[2025-10-10T08:55:01.740+0000] {processor.py:925} INFO - DAG(s) 'example_sensor_decorator' retrieved from /home/airflow/.local/lib/python3.12/site-packages/airflow/example_dags/example_sensor_decorator.py
[2025-10-10T08:55:01.796+0000] {logging_mixin.py:190} INFO - [2025-10-10T08:55:01.796+0000] {dag.py:3211} INFO - Sync 1 DAGs
[2025-10-10T08:55:01.836+0000] {logging_mixin.py:190} INFO - [2025-10-10T08:55:01.836+0000] {dag.py:4138} INFO - Setting next_dagrun for example_sensor_decorator to None, run_after=None
[2025-10-10T08:55:01.892+0000] {processor.py:208} INFO - Processing /home/airflow/.local/lib/python3.12/site-packages/airflow/example_dags/example_sensor_decorator.py took 0.296 seconds
[2025-10-10T08:58:06.661+0000] {processor.py:186} INFO - Started process (PID=106) to work on /home/airflow/.local/lib/python3.12/site-packages/airflow/example_dags/example_sensor_decorator.py
[2025-10-10T08:58:06.663+0000] {processor.py:914} INFO - Processing file /home/airflow/.local/lib/python3.12/site-packages/airflow/example_dags/example_sensor_decorator.py for tasks to queue
[2025-10-10T08:58:06.669+0000] {logging_mixin.py:190} INFO - [2025-10-10T08:58:06.669+0000] {dagbag.py:587} INFO - Filling up the DagBag from /home/airflow/.local/lib/python3.12/site-packages/airflow/example_dags/example_sensor_decorator.py
[2025-10-10T08:58:06.693+0000] {processor.py:925} INFO - DAG(s) 'example_sensor_decorator' retrieved from /home/airflow/.local/lib/python3.12/site-packages/airflow/example_dags/example_sensor_decorator.py
[2025-10-10T08:58:06.750+0000] {logging_mixin.py:190} INFO - [2025-10-10T08:58:06.749+0000] {dag.py:3211} INFO - Sync 1 DAGs
[2025-10-10T08:58:06.813+0000] {logging_mixin.py:190} INFO - [2025-10-10T08:58:06.812+0000] {dag.py:4138} INFO - Setting next_dagrun for example_sensor_decorator to None, run_after=None
[2025-10-10T08:58:06.881+0000] {processor.py:208} INFO - Processing /home/airflow/.local/lib/python3.12/site-packages/airflow/example_dags/example_sensor_decorator.py took 0.241 seconds
[2025-10-10T08:58:38.015+0000] {processor.py:186} INFO - Started process (PID=170) to work on /home/airflow/.local/lib/python3.12/site-packages/airflow/example_dags/example_sensor_decorator.py
[2025-10-10T08:58:38.020+0000] {processor.py:914} INFO - Processing file /home/airflow/.local/lib/python3.12/site-packages/airflow/example_dags/example_sensor_decorator.py for tasks to queue
[2025-10-10T08:58:38.030+0000] {logging_mixin.py:190} INFO - [2025-10-10T08:58:38.029+0000] {dagbag.py:587} INFO - Filling up the DagBag from /home/airflow/.local/lib/python3.12/site-packages/airflow/example_dags/example_sensor_decorator.py
[2025-10-10T08:58:38.072+0000] {processor.py:925} INFO - DAG(s) 'example_sensor_decorator' retrieved from /home/airflow/.local/lib/python3.12/site-packages/airflow/example_dags/example_sensor_decorator.py
[2025-10-10T08:58:38.185+0000] {logging_mixin.py:190} INFO - [2025-10-10T08:58:38.184+0000] {dag.py:3211} INFO - Sync 1 DAGs
[2025-10-10T08:58:38.229+0000] {logging_mixin.py:190} INFO - [2025-10-10T08:58:38.229+0000] {dag.py:4138} INFO - Setting next_dagrun for example_sensor_decorator to None, run_after=None
[2025-10-10T08:58:38.286+0000] {processor.py:208} INFO - Processing /home/airflow/.local/lib/python3.12/site-packages/airflow/example_dags/example_sensor_decorator.py took 0.300 seconds
[2025-10-10T09:01:33.156+0000] {processor.py:186} INFO - Started process (PID=105) to work on /home/airflow/.local/lib/python3.12/site-packages/airflow/example_dags/example_sensor_decorator.py
[2025-10-10T09:01:33.193+0000] {processor.py:914} INFO - Processing file /home/airflow/.local/lib/python3.12/site-packages/airflow/example_dags/example_sensor_decorator.py for tasks to queue
[2025-10-10T09:01:33.215+0000] {logging_mixin.py:190} INFO - [2025-10-10T09:01:33.212+0000] {dagbag.py:587} INFO - Filling up the DagBag from /home/airflow/.local/lib/python3.12/site-packages/airflow/example_dags/example_sensor_decorator.py
[2025-10-10T09:01:33.261+0000] {processor.py:925} INFO - DAG(s) 'example_sensor_decorator' retrieved from /home/airflow/.local/lib/python3.12/site-packages/airflow/example_dags/example_sensor_decorator.py
[2025-10-10T09:01:33.374+0000] {logging_mixin.py:190} INFO - [2025-10-10T09:01:33.373+0000] {dag.py:3211} INFO - Sync 1 DAGs
[2025-10-10T09:01:33.426+0000] {logging_mixin.py:190} INFO - [2025-10-10T09:01:33.426+0000] {dag.py:4138} INFO - Setting next_dagrun for example_sensor_decorator to None, run_after=None
[2025-10-10T09:01:33.475+0000] {processor.py:208} INFO - Processing /home/airflow/.local/lib/python3.12/site-packages/airflow/example_dags/example_sensor_decorator.py took 0.369 seconds
[2025-10-10T09:02:04.264+0000] {processor.py:186} INFO - Started process (PID=167) to work on /home/airflow/.local/lib/python3.12/site-packages/airflow/example_dags/example_sensor_decorator.py
[2025-10-10T09:02:04.267+0000] {processor.py:914} INFO - Processing file /home/airflow/.local/lib/python3.12/site-packages/airflow/example_dags/example_sensor_decorator.py for tasks to queue
[2025-10-10T09:02:04.281+0000] {logging_mixin.py:190} INFO - [2025-10-10T09:02:04.280+0000] {dagbag.py:587} INFO - Filling up the DagBag from /home/airflow/.local/lib/python3.12/site-packages/airflow/example_dags/example_sensor_decorator.py
[2025-10-10T09:02:04.319+0000] {processor.py:925} INFO - DAG(s) 'example_sensor_decorator' retrieved from /home/airflow/.local/lib/python3.12/site-packages/airflow/example_dags/example_sensor_decorator.py
[2025-10-10T09:02:04.500+0000] {logging_mixin.py:190} INFO - [2025-10-10T09:02:04.500+0000] {dag.py:3211} INFO - Sync 1 DAGs
[2025-10-10T09:02:04.627+0000] {logging_mixin.py:190} INFO - [2025-10-10T09:02:04.626+0000] {dag.py:4138} INFO - Setting next_dagrun for example_sensor_decorator to None, run_after=None
[2025-10-10T09:02:04.733+0000] {processor.py:208} INFO - Processing /home/airflow/.local/lib/python3.12/site-packages/airflow/example_dags/example_sensor_decorator.py took 0.495 seconds
[2025-10-10T09:02:36.285+0000] {processor.py:186} INFO - Started process (PID=230) to work on /home/airflow/.local/lib/python3.12/site-packages/airflow/example_dags/example_sensor_decorator.py
[2025-10-10T09:02:36.291+0000] {processor.py:914} INFO - Processing file /home/airflow/.local/lib/python3.12/site-packages/airflow/example_dags/example_sensor_decorator.py for tasks to queue
[2025-10-10T09:02:36.307+0000] {logging_mixin.py:190} INFO - [2025-10-10T09:02:36.301+0000] {dagbag.py:587} INFO - Filling up the DagBag from /home/airflow/.local/lib/python3.12/site-packages/airflow/example_dags/example_sensor_decorator.py
[2025-10-10T09:02:36.349+0000] {processor.py:925} INFO - DAG(s) 'example_sensor_decorator' retrieved from /home/airflow/.local/lib/python3.12/site-packages/airflow/example_dags/example_sensor_decorator.py
[2025-10-10T09:02:36.444+0000] {logging_mixin.py:190} INFO - [2025-10-10T09:02:36.443+0000] {dag.py:3211} INFO - Sync 1 DAGs
[2025-10-10T09:02:36.528+0000] {logging_mixin.py:190} INFO - [2025-10-10T09:02:36.527+0000] {dag.py:4138} INFO - Setting next_dagrun for example_sensor_decorator to None, run_after=None
[2025-10-10T09:02:36.592+0000] {processor.py:208} INFO - Processing /home/airflow/.local/lib/python3.12/site-packages/airflow/example_dags/example_sensor_decorator.py took 0.341 seconds
[2025-10-10T09:03:06.861+0000] {processor.py:186} INFO - Started process (PID=294) to work on /home/airflow/.local/lib/python3.12/site-packages/airflow/example_dags/example_sensor_decorator.py
[2025-10-10T09:03:06.863+0000] {processor.py:914} INFO - Processing file /home/airflow/.local/lib/python3.12/site-packages/airflow/example_dags/example_sensor_decorator.py for tasks to queue
[2025-10-10T09:03:06.871+0000] {logging_mixin.py:190} INFO - [2025-10-10T09:03:06.870+0000] {dagbag.py:587} INFO - Filling up the DagBag from /home/airflow/.local/lib/python3.12/site-packages/airflow/example_dags/example_sensor_decorator.py
[2025-10-10T09:03:06.902+0000] {processor.py:925} INFO - DAG(s) 'example_sensor_decorator' retrieved from /home/airflow/.local/lib/python3.12/site-packages/airflow/example_dags/example_sensor_decorator.py
[2025-10-10T09:03:06.953+0000] {logging_mixin.py:190} INFO - [2025-10-10T09:03:06.953+0000] {dag.py:3211} INFO - Sync 1 DAGs
[2025-10-10T09:03:07.001+0000] {logging_mixin.py:190} INFO - [2025-10-10T09:03:06.999+0000] {dag.py:4138} INFO - Setting next_dagrun for example_sensor_decorator to None, run_after=None
[2025-10-10T09:03:07.049+0000] {processor.py:208} INFO - Processing /home/airflow/.local/lib/python3.12/site-packages/airflow/example_dags/example_sensor_decorator.py took 0.203 seconds
[2025-10-10T09:03:37.880+0000] {processor.py:186} INFO - Started process (PID=357) to work on /home/airflow/.local/lib/python3.12/site-packages/airflow/example_dags/example_sensor_decorator.py
[2025-10-10T09:03:37.883+0000] {processor.py:914} INFO - Processing file /home/airflow/.local/lib/python3.12/site-packages/airflow/example_dags/example_sensor_decorator.py for tasks to queue
[2025-10-10T09:03:37.891+0000] {logging_mixin.py:190} INFO - [2025-10-10T09:03:37.890+0000] {dagbag.py:587} INFO - Filling up the DagBag from /home/airflow/.local/lib/python3.12/site-packages/airflow/example_dags/example_sensor_decorator.py
[2025-10-10T09:03:37.915+0000] {processor.py:925} INFO - DAG(s) 'example_sensor_decorator' retrieved from /home/airflow/.local/lib/python3.12/site-packages/airflow/example_dags/example_sensor_decorator.py
[2025-10-10T09:03:37.975+0000] {logging_mixin.py:190} INFO - [2025-10-10T09:03:37.974+0000] {dag.py:3211} INFO - Sync 1 DAGs
[2025-10-10T09:03:38.015+0000] {logging_mixin.py:190} INFO - [2025-10-10T09:03:38.015+0000] {dag.py:4138} INFO - Setting next_dagrun for example_sensor_decorator to None, run_after=None
[2025-10-10T09:03:38.080+0000] {processor.py:208} INFO - Processing /home/airflow/.local/lib/python3.12/site-packages/airflow/example_dags/example_sensor_decorator.py took 0.219 seconds
[2025-10-10T09:04:09.778+0000] {processor.py:186} INFO - Started process (PID=420) to work on /home/airflow/.local/lib/python3.12/site-packages/airflow/example_dags/example_sensor_decorator.py
[2025-10-10T09:04:09.780+0000] {processor.py:914} INFO - Processing file /home/airflow/.local/lib/python3.12/site-packages/airflow/example_dags/example_sensor_decorator.py for tasks to queue
[2025-10-10T09:04:09.786+0000] {logging_mixin.py:190} INFO - [2025-10-10T09:04:09.785+0000] {dagbag.py:587} INFO - Filling up the DagBag from /home/airflow/.local/lib/python3.12/site-packages/airflow/example_dags/example_sensor_decorator.py
[2025-10-10T09:04:09.806+0000] {processor.py:925} INFO - DAG(s) 'example_sensor_decorator' retrieved from /home/airflow/.local/lib/python3.12/site-packages/airflow/example_dags/example_sensor_decorator.py
[2025-10-10T09:04:09.863+0000] {logging_mixin.py:190} INFO - [2025-10-10T09:04:09.862+0000] {dag.py:3211} INFO - Sync 1 DAGs
[2025-10-10T09:04:09.897+0000] {logging_mixin.py:190} INFO - [2025-10-10T09:04:09.896+0000] {dag.py:4138} INFO - Setting next_dagrun for example_sensor_decorator to None, run_after=None
[2025-10-10T09:04:09.942+0000] {processor.py:208} INFO - Processing /home/airflow/.local/lib/python3.12/site-packages/airflow/example_dags/example_sensor_decorator.py took 0.177 seconds
[2025-10-10T09:04:40.979+0000] {processor.py:186} INFO - Started process (PID=483) to work on /home/airflow/.local/lib/python3.12/site-packages/airflow/example_dags/example_sensor_decorator.py
[2025-10-10T09:04:40.983+0000] {processor.py:914} INFO - Processing file /home/airflow/.local/lib/python3.12/site-packages/airflow/example_dags/example_sensor_decorator.py for tasks to queue
[2025-10-10T09:04:40.993+0000] {logging_mixin.py:190} INFO - [2025-10-10T09:04:40.991+0000] {dagbag.py:587} INFO - Filling up the DagBag from /home/airflow/.local/lib/python3.12/site-packages/airflow/example_dags/example_sensor_decorator.py
[2025-10-10T09:04:41.017+0000] {processor.py:925} INFO - DAG(s) 'example_sensor_decorator' retrieved from /home/airflow/.local/lib/python3.12/site-packages/airflow/example_dags/example_sensor_decorator.py
[2025-10-10T09:04:41.085+0000] {logging_mixin.py:190} INFO - [2025-10-10T09:04:41.084+0000] {dag.py:3211} INFO - Sync 1 DAGs
[2025-10-10T09:04:41.126+0000] {logging_mixin.py:190} INFO - [2025-10-10T09:04:41.126+0000] {dag.py:4138} INFO - Setting next_dagrun for example_sensor_decorator to None, run_after=None
[2025-10-10T09:04:41.202+0000] {processor.py:208} INFO - Processing /home/airflow/.local/lib/python3.12/site-packages/airflow/example_dags/example_sensor_decorator.py took 0.245 seconds
[2025-10-10T09:05:12.962+0000] {processor.py:186} INFO - Started process (PID=546) to work on /home/airflow/.local/lib/python3.12/site-packages/airflow/example_dags/example_sensor_decorator.py
[2025-10-10T09:05:12.966+0000] {processor.py:914} INFO - Processing file /home/airflow/.local/lib/python3.12/site-packages/airflow/example_dags/example_sensor_decorator.py for tasks to queue
[2025-10-10T09:05:12.976+0000] {logging_mixin.py:190} INFO - [2025-10-10T09:05:12.975+0000] {dagbag.py:587} INFO - Filling up the DagBag from /home/airflow/.local/lib/python3.12/site-packages/airflow/example_dags/example_sensor_decorator.py
[2025-10-10T09:05:13.003+0000] {processor.py:925} INFO - DAG(s) 'example_sensor_decorator' retrieved from /home/airflow/.local/lib/python3.12/site-packages/airflow/example_dags/example_sensor_decorator.py
[2025-10-10T09:05:13.076+0000] {logging_mixin.py:190} INFO - [2025-10-10T09:05:13.075+0000] {dag.py:3211} INFO - Sync 1 DAGs
[2025-10-10T09:05:13.129+0000] {logging_mixin.py:190} INFO - [2025-10-10T09:05:13.128+0000] {dag.py:4138} INFO - Setting next_dagrun for example_sensor_decorator to None, run_after=None
[2025-10-10T09:05:13.194+0000] {processor.py:208} INFO - Processing /home/airflow/.local/lib/python3.12/site-packages/airflow/example_dags/example_sensor_decorator.py took 0.255 seconds
[2025-10-10T09:05:44.306+0000] {processor.py:186} INFO - Started process (PID=615) to work on /home/airflow/.local/lib/python3.12/site-packages/airflow/example_dags/example_sensor_decorator.py
[2025-10-10T09:05:44.310+0000] {processor.py:914} INFO - Processing file /home/airflow/.local/lib/python3.12/site-packages/airflow/example_dags/example_sensor_decorator.py for tasks to queue
[2025-10-10T09:05:44.318+0000] {logging_mixin.py:190} INFO - [2025-10-10T09:05:44.317+0000] {dagbag.py:587} INFO - Filling up the DagBag from /home/airflow/.local/lib/python3.12/site-packages/airflow/example_dags/example_sensor_decorator.py
[2025-10-10T09:05:44.352+0000] {processor.py:925} INFO - DAG(s) 'example_sensor_decorator' retrieved from /home/airflow/.local/lib/python3.12/site-packages/airflow/example_dags/example_sensor_decorator.py
[2025-10-10T09:05:44.456+0000] {logging_mixin.py:190} INFO - [2025-10-10T09:05:44.455+0000] {dag.py:3211} INFO - Sync 1 DAGs
[2025-10-10T09:05:44.526+0000] {logging_mixin.py:190} INFO - [2025-10-10T09:05:44.525+0000] {dag.py:4138} INFO - Setting next_dagrun for example_sensor_decorator to None, run_after=None
[2025-10-10T09:05:44.609+0000] {processor.py:208} INFO - Processing /home/airflow/.local/lib/python3.12/site-packages/airflow/example_dags/example_sensor_decorator.py took 0.327 seconds
