[2025-10-10T08:37:48.309+0000] {processor.py:186} INFO - Started process (PID=69) to work on /home/airflow/.local/lib/python3.12/site-packages/airflow/example_dags/example_task_group.py
[2025-10-10T08:37:48.314+0000] {processor.py:914} INFO - Processing file /home/airflow/.local/lib/python3.12/site-packages/airflow/example_dags/example_task_group.py for tasks to queue
[2025-10-10T08:37:48.322+0000] {logging_mixin.py:190} INFO - [2025-10-10T08:37:48.321+0000] {dagbag.py:587} INFO - Filling up the DagBag from /home/airflow/.local/lib/python3.12/site-packages/airflow/example_dags/example_task_group.py
[2025-10-10T08:37:48.355+0000] {processor.py:925} INFO - DAG(s) 'example_task_group' retrieved from /home/airflow/.local/lib/python3.12/site-packages/airflow/example_dags/example_task_group.py
[2025-10-10T08:37:48.473+0000] {logging_mixin.py:190} INFO - [2025-10-10T08:37:48.473+0000] {dag.py:3211} INFO - Sync 1 DAGs
[2025-10-10T08:37:48.630+0000] {logging_mixin.py:190} INFO - [2025-10-10T08:37:48.629+0000] {dag.py:4138} INFO - Setting next_dagrun for example_task_group to 2025-10-09 00:00:00+00:00, run_after=2025-10-10 00:00:00+00:00
[2025-10-10T08:37:48.746+0000] {processor.py:208} INFO - Processing /home/airflow/.local/lib/python3.12/site-packages/airflow/example_dags/example_task_group.py took 0.455 seconds
[2025-10-10T08:38:19.887+0000] {processor.py:186} INFO - Started process (PID=132) to work on /home/airflow/.local/lib/python3.12/site-packages/airflow/example_dags/example_task_group.py
[2025-10-10T08:38:19.891+0000] {processor.py:914} INFO - Processing file /home/airflow/.local/lib/python3.12/site-packages/airflow/example_dags/example_task_group.py for tasks to queue
[2025-10-10T08:38:19.899+0000] {logging_mixin.py:190} INFO - [2025-10-10T08:38:19.898+0000] {dagbag.py:587} INFO - Filling up the DagBag from /home/airflow/.local/lib/python3.12/site-packages/airflow/example_dags/example_task_group.py
[2025-10-10T08:38:19.925+0000] {processor.py:925} INFO - DAG(s) 'example_task_group' retrieved from /home/airflow/.local/lib/python3.12/site-packages/airflow/example_dags/example_task_group.py
[2025-10-10T08:38:19.983+0000] {logging_mixin.py:190} INFO - [2025-10-10T08:38:19.982+0000] {dag.py:3211} INFO - Sync 1 DAGs
[2025-10-10T08:38:20.033+0000] {logging_mixin.py:190} INFO - [2025-10-10T08:38:20.033+0000] {dag.py:4138} INFO - Setting next_dagrun for example_task_group to 2025-10-09 00:00:00+00:00, run_after=2025-10-10 00:00:00+00:00
[2025-10-10T08:38:20.076+0000] {processor.py:208} INFO - Processing /home/airflow/.local/lib/python3.12/site-packages/airflow/example_dags/example_task_group.py took 0.206 seconds
[2025-10-10T08:38:50.691+0000] {processor.py:186} INFO - Started process (PID=195) to work on /home/airflow/.local/lib/python3.12/site-packages/airflow/example_dags/example_task_group.py
[2025-10-10T08:38:50.694+0000] {processor.py:914} INFO - Processing file /home/airflow/.local/lib/python3.12/site-packages/airflow/example_dags/example_task_group.py for tasks to queue
[2025-10-10T08:38:50.703+0000] {logging_mixin.py:190} INFO - [2025-10-10T08:38:50.702+0000] {dagbag.py:587} INFO - Filling up the DagBag from /home/airflow/.local/lib/python3.12/site-packages/airflow/example_dags/example_task_group.py
[2025-10-10T08:38:50.731+0000] {processor.py:925} INFO - DAG(s) 'example_task_group' retrieved from /home/airflow/.local/lib/python3.12/site-packages/airflow/example_dags/example_task_group.py
[2025-10-10T08:38:50.801+0000] {logging_mixin.py:190} INFO - [2025-10-10T08:38:50.800+0000] {dag.py:3211} INFO - Sync 1 DAGs
[2025-10-10T08:38:50.899+0000] {logging_mixin.py:190} INFO - [2025-10-10T08:38:50.899+0000] {dag.py:4138} INFO - Setting next_dagrun for example_task_group to 2025-10-09 00:00:00+00:00, run_after=2025-10-10 00:00:00+00:00
[2025-10-10T08:38:50.959+0000] {processor.py:208} INFO - Processing /home/airflow/.local/lib/python3.12/site-packages/airflow/example_dags/example_task_group.py took 0.284 seconds
[2025-10-10T08:39:21.578+0000] {processor.py:186} INFO - Started process (PID=258) to work on /home/airflow/.local/lib/python3.12/site-packages/airflow/example_dags/example_task_group.py
[2025-10-10T08:39:21.581+0000] {processor.py:914} INFO - Processing file /home/airflow/.local/lib/python3.12/site-packages/airflow/example_dags/example_task_group.py for tasks to queue
[2025-10-10T08:39:21.590+0000] {logging_mixin.py:190} INFO - [2025-10-10T08:39:21.589+0000] {dagbag.py:587} INFO - Filling up the DagBag from /home/airflow/.local/lib/python3.12/site-packages/airflow/example_dags/example_task_group.py
[2025-10-10T08:39:21.624+0000] {processor.py:925} INFO - DAG(s) 'example_task_group' retrieved from /home/airflow/.local/lib/python3.12/site-packages/airflow/example_dags/example_task_group.py
[2025-10-10T08:39:21.733+0000] {logging_mixin.py:190} INFO - [2025-10-10T08:39:21.730+0000] {dag.py:3211} INFO - Sync 1 DAGs
[2025-10-10T08:39:21.842+0000] {logging_mixin.py:190} INFO - [2025-10-10T08:39:21.841+0000] {dag.py:4138} INFO - Setting next_dagrun for example_task_group to 2025-10-09 00:00:00+00:00, run_after=2025-10-10 00:00:00+00:00
[2025-10-10T08:39:21.921+0000] {processor.py:208} INFO - Processing /home/airflow/.local/lib/python3.12/site-packages/airflow/example_dags/example_task_group.py took 0.363 seconds
[2025-10-10T08:39:52.551+0000] {processor.py:186} INFO - Started process (PID=321) to work on /home/airflow/.local/lib/python3.12/site-packages/airflow/example_dags/example_task_group.py
[2025-10-10T08:39:52.554+0000] {processor.py:914} INFO - Processing file /home/airflow/.local/lib/python3.12/site-packages/airflow/example_dags/example_task_group.py for tasks to queue
[2025-10-10T08:39:52.562+0000] {logging_mixin.py:190} INFO - [2025-10-10T08:39:52.561+0000] {dagbag.py:587} INFO - Filling up the DagBag from /home/airflow/.local/lib/python3.12/site-packages/airflow/example_dags/example_task_group.py
[2025-10-10T08:39:52.590+0000] {processor.py:925} INFO - DAG(s) 'example_task_group' retrieved from /home/airflow/.local/lib/python3.12/site-packages/airflow/example_dags/example_task_group.py
[2025-10-10T08:39:52.654+0000] {logging_mixin.py:190} INFO - [2025-10-10T08:39:52.654+0000] {dag.py:3211} INFO - Sync 1 DAGs
[2025-10-10T08:39:52.734+0000] {logging_mixin.py:190} INFO - [2025-10-10T08:39:52.734+0000] {dag.py:4138} INFO - Setting next_dagrun for example_task_group to 2025-10-09 00:00:00+00:00, run_after=2025-10-10 00:00:00+00:00
[2025-10-10T08:39:52.813+0000] {processor.py:208} INFO - Processing /home/airflow/.local/lib/python3.12/site-packages/airflow/example_dags/example_task_group.py took 0.279 seconds
[2025-10-10T08:40:23.354+0000] {processor.py:186} INFO - Started process (PID=383) to work on /home/airflow/.local/lib/python3.12/site-packages/airflow/example_dags/example_task_group.py
[2025-10-10T08:40:23.363+0000] {processor.py:914} INFO - Processing file /home/airflow/.local/lib/python3.12/site-packages/airflow/example_dags/example_task_group.py for tasks to queue
[2025-10-10T08:40:23.379+0000] {logging_mixin.py:190} INFO - [2025-10-10T08:40:23.376+0000] {dagbag.py:587} INFO - Filling up the DagBag from /home/airflow/.local/lib/python3.12/site-packages/airflow/example_dags/example_task_group.py
[2025-10-10T08:40:23.451+0000] {processor.py:925} INFO - DAG(s) 'example_task_group' retrieved from /home/airflow/.local/lib/python3.12/site-packages/airflow/example_dags/example_task_group.py
[2025-10-10T08:40:23.558+0000] {logging_mixin.py:190} INFO - [2025-10-10T08:40:23.558+0000] {dag.py:3211} INFO - Sync 1 DAGs
[2025-10-10T08:40:23.618+0000] {logging_mixin.py:190} INFO - [2025-10-10T08:40:23.618+0000] {dag.py:4138} INFO - Setting next_dagrun for example_task_group to 2025-10-09 00:00:00+00:00, run_after=2025-10-10 00:00:00+00:00
[2025-10-10T08:40:23.675+0000] {processor.py:208} INFO - Processing /home/airflow/.local/lib/python3.12/site-packages/airflow/example_dags/example_task_group.py took 0.371 seconds
[2025-10-10T08:40:54.230+0000] {processor.py:186} INFO - Started process (PID=446) to work on /home/airflow/.local/lib/python3.12/site-packages/airflow/example_dags/example_task_group.py
[2025-10-10T08:40:54.234+0000] {processor.py:914} INFO - Processing file /home/airflow/.local/lib/python3.12/site-packages/airflow/example_dags/example_task_group.py for tasks to queue
[2025-10-10T08:40:54.241+0000] {logging_mixin.py:190} INFO - [2025-10-10T08:40:54.240+0000] {dagbag.py:587} INFO - Filling up the DagBag from /home/airflow/.local/lib/python3.12/site-packages/airflow/example_dags/example_task_group.py
[2025-10-10T08:40:54.264+0000] {processor.py:925} INFO - DAG(s) 'example_task_group' retrieved from /home/airflow/.local/lib/python3.12/site-packages/airflow/example_dags/example_task_group.py
[2025-10-10T08:40:54.329+0000] {logging_mixin.py:190} INFO - [2025-10-10T08:40:54.329+0000] {dag.py:3211} INFO - Sync 1 DAGs
[2025-10-10T08:40:54.413+0000] {logging_mixin.py:190} INFO - [2025-10-10T08:40:54.413+0000] {dag.py:4138} INFO - Setting next_dagrun for example_task_group to 2025-10-09 00:00:00+00:00, run_after=2025-10-10 00:00:00+00:00
[2025-10-10T08:40:54.490+0000] {processor.py:208} INFO - Processing /home/airflow/.local/lib/python3.12/site-packages/airflow/example_dags/example_task_group.py took 0.284 seconds
[2025-10-10T08:41:25.134+0000] {processor.py:186} INFO - Started process (PID=509) to work on /home/airflow/.local/lib/python3.12/site-packages/airflow/example_dags/example_task_group.py
[2025-10-10T08:41:25.141+0000] {processor.py:914} INFO - Processing file /home/airflow/.local/lib/python3.12/site-packages/airflow/example_dags/example_task_group.py for tasks to queue
[2025-10-10T08:41:25.155+0000] {logging_mixin.py:190} INFO - [2025-10-10T08:41:25.153+0000] {dagbag.py:587} INFO - Filling up the DagBag from /home/airflow/.local/lib/python3.12/site-packages/airflow/example_dags/example_task_group.py
[2025-10-10T08:41:25.202+0000] {processor.py:925} INFO - DAG(s) 'example_task_group' retrieved from /home/airflow/.local/lib/python3.12/site-packages/airflow/example_dags/example_task_group.py
[2025-10-10T08:41:25.339+0000] {logging_mixin.py:190} INFO - [2025-10-10T08:41:25.338+0000] {dag.py:3211} INFO - Sync 1 DAGs
[2025-10-10T08:41:25.454+0000] {logging_mixin.py:190} INFO - [2025-10-10T08:41:25.454+0000] {dag.py:4138} INFO - Setting next_dagrun for example_task_group to 2025-10-09 00:00:00+00:00, run_after=2025-10-10 00:00:00+00:00
[2025-10-10T08:41:25.509+0000] {processor.py:208} INFO - Processing /home/airflow/.local/lib/python3.12/site-packages/airflow/example_dags/example_task_group.py took 0.411 seconds
[2025-10-10T08:41:55.694+0000] {processor.py:186} INFO - Started process (PID=572) to work on /home/airflow/.local/lib/python3.12/site-packages/airflow/example_dags/example_task_group.py
[2025-10-10T08:41:55.696+0000] {processor.py:914} INFO - Processing file /home/airflow/.local/lib/python3.12/site-packages/airflow/example_dags/example_task_group.py for tasks to queue
[2025-10-10T08:41:55.701+0000] {logging_mixin.py:190} INFO - [2025-10-10T08:41:55.701+0000] {dagbag.py:587} INFO - Filling up the DagBag from /home/airflow/.local/lib/python3.12/site-packages/airflow/example_dags/example_task_group.py
[2025-10-10T08:41:55.721+0000] {processor.py:925} INFO - DAG(s) 'example_task_group' retrieved from /home/airflow/.local/lib/python3.12/site-packages/airflow/example_dags/example_task_group.py
[2025-10-10T08:41:55.762+0000] {logging_mixin.py:190} INFO - [2025-10-10T08:41:55.761+0000] {dag.py:3211} INFO - Sync 1 DAGs
[2025-10-10T08:41:55.805+0000] {logging_mixin.py:190} INFO - [2025-10-10T08:41:55.804+0000] {dag.py:4138} INFO - Setting next_dagrun for example_task_group to 2025-10-09 00:00:00+00:00, run_after=2025-10-10 00:00:00+00:00
[2025-10-10T08:41:55.844+0000] {processor.py:208} INFO - Processing /home/airflow/.local/lib/python3.12/site-packages/airflow/example_dags/example_task_group.py took 0.161 seconds
[2025-10-10T08:42:26.715+0000] {processor.py:186} INFO - Started process (PID=635) to work on /home/airflow/.local/lib/python3.12/site-packages/airflow/example_dags/example_task_group.py
[2025-10-10T08:42:26.717+0000] {processor.py:914} INFO - Processing file /home/airflow/.local/lib/python3.12/site-packages/airflow/example_dags/example_task_group.py for tasks to queue
[2025-10-10T08:42:26.725+0000] {logging_mixin.py:190} INFO - [2025-10-10T08:42:26.724+0000] {dagbag.py:587} INFO - Filling up the DagBag from /home/airflow/.local/lib/python3.12/site-packages/airflow/example_dags/example_task_group.py
[2025-10-10T08:42:26.747+0000] {processor.py:925} INFO - DAG(s) 'example_task_group' retrieved from /home/airflow/.local/lib/python3.12/site-packages/airflow/example_dags/example_task_group.py
[2025-10-10T08:42:26.798+0000] {logging_mixin.py:190} INFO - [2025-10-10T08:42:26.797+0000] {dag.py:3211} INFO - Sync 1 DAGs
[2025-10-10T08:42:26.862+0000] {logging_mixin.py:190} INFO - [2025-10-10T08:42:26.862+0000] {dag.py:4138} INFO - Setting next_dagrun for example_task_group to 2025-10-09 00:00:00+00:00, run_after=2025-10-10 00:00:00+00:00
[2025-10-10T08:42:26.927+0000] {processor.py:208} INFO - Processing /home/airflow/.local/lib/python3.12/site-packages/airflow/example_dags/example_task_group.py took 0.234 seconds
[2025-10-10T08:42:57.674+0000] {processor.py:186} INFO - Started process (PID=698) to work on /home/airflow/.local/lib/python3.12/site-packages/airflow/example_dags/example_task_group.py
[2025-10-10T08:42:57.680+0000] {processor.py:914} INFO - Processing file /home/airflow/.local/lib/python3.12/site-packages/airflow/example_dags/example_task_group.py for tasks to queue
[2025-10-10T08:42:57.695+0000] {logging_mixin.py:190} INFO - [2025-10-10T08:42:57.693+0000] {dagbag.py:587} INFO - Filling up the DagBag from /home/airflow/.local/lib/python3.12/site-packages/airflow/example_dags/example_task_group.py
[2025-10-10T08:42:57.753+0000] {processor.py:925} INFO - DAG(s) 'example_task_group' retrieved from /home/airflow/.local/lib/python3.12/site-packages/airflow/example_dags/example_task_group.py
[2025-10-10T08:42:57.899+0000] {logging_mixin.py:190} INFO - [2025-10-10T08:42:57.897+0000] {dag.py:3211} INFO - Sync 1 DAGs
[2025-10-10T08:42:58.012+0000] {logging_mixin.py:190} INFO - [2025-10-10T08:42:58.011+0000] {dag.py:4138} INFO - Setting next_dagrun for example_task_group to 2025-10-09 00:00:00+00:00, run_after=2025-10-10 00:00:00+00:00
[2025-10-10T08:42:58.071+0000] {processor.py:208} INFO - Processing /home/airflow/.local/lib/python3.12/site-packages/airflow/example_dags/example_task_group.py took 0.456 seconds
[2025-10-10T08:43:28.762+0000] {processor.py:186} INFO - Started process (PID=761) to work on /home/airflow/.local/lib/python3.12/site-packages/airflow/example_dags/example_task_group.py
[2025-10-10T08:43:28.764+0000] {processor.py:914} INFO - Processing file /home/airflow/.local/lib/python3.12/site-packages/airflow/example_dags/example_task_group.py for tasks to queue
[2025-10-10T08:43:28.769+0000] {logging_mixin.py:190} INFO - [2025-10-10T08:43:28.768+0000] {dagbag.py:587} INFO - Filling up the DagBag from /home/airflow/.local/lib/python3.12/site-packages/airflow/example_dags/example_task_group.py
[2025-10-10T08:43:28.786+0000] {processor.py:925} INFO - DAG(s) 'example_task_group' retrieved from /home/airflow/.local/lib/python3.12/site-packages/airflow/example_dags/example_task_group.py
[2025-10-10T08:43:28.830+0000] {logging_mixin.py:190} INFO - [2025-10-10T08:43:28.830+0000] {dag.py:3211} INFO - Sync 1 DAGs
[2025-10-10T08:43:28.885+0000] {logging_mixin.py:190} INFO - [2025-10-10T08:43:28.885+0000] {dag.py:4138} INFO - Setting next_dagrun for example_task_group to 2025-10-09 00:00:00+00:00, run_after=2025-10-10 00:00:00+00:00
[2025-10-10T08:43:28.937+0000] {processor.py:208} INFO - Processing /home/airflow/.local/lib/python3.12/site-packages/airflow/example_dags/example_task_group.py took 0.190 seconds
[2025-10-10T08:43:59.793+0000] {processor.py:186} INFO - Started process (PID=824) to work on /home/airflow/.local/lib/python3.12/site-packages/airflow/example_dags/example_task_group.py
[2025-10-10T08:43:59.797+0000] {processor.py:914} INFO - Processing file /home/airflow/.local/lib/python3.12/site-packages/airflow/example_dags/example_task_group.py for tasks to queue
[2025-10-10T08:43:59.807+0000] {logging_mixin.py:190} INFO - [2025-10-10T08:43:59.806+0000] {dagbag.py:587} INFO - Filling up the DagBag from /home/airflow/.local/lib/python3.12/site-packages/airflow/example_dags/example_task_group.py
[2025-10-10T08:43:59.835+0000] {processor.py:925} INFO - DAG(s) 'example_task_group' retrieved from /home/airflow/.local/lib/python3.12/site-packages/airflow/example_dags/example_task_group.py
[2025-10-10T08:43:59.926+0000] {logging_mixin.py:190} INFO - [2025-10-10T08:43:59.926+0000] {dag.py:3211} INFO - Sync 1 DAGs
[2025-10-10T08:44:00.048+0000] {logging_mixin.py:190} INFO - [2025-10-10T08:44:00.047+0000] {dag.py:4138} INFO - Setting next_dagrun for example_task_group to 2025-10-09 00:00:00+00:00, run_after=2025-10-10 00:00:00+00:00
[2025-10-10T08:44:00.119+0000] {processor.py:208} INFO - Processing /home/airflow/.local/lib/python3.12/site-packages/airflow/example_dags/example_task_group.py took 0.352 seconds
[2025-10-10T08:44:30.876+0000] {processor.py:186} INFO - Started process (PID=886) to work on /home/airflow/.local/lib/python3.12/site-packages/airflow/example_dags/example_task_group.py
[2025-10-10T08:44:30.883+0000] {processor.py:914} INFO - Processing file /home/airflow/.local/lib/python3.12/site-packages/airflow/example_dags/example_task_group.py for tasks to queue
[2025-10-10T08:44:30.890+0000] {logging_mixin.py:190} INFO - [2025-10-10T08:44:30.889+0000] {dagbag.py:587} INFO - Filling up the DagBag from /home/airflow/.local/lib/python3.12/site-packages/airflow/example_dags/example_task_group.py
[2025-10-10T08:44:30.921+0000] {processor.py:925} INFO - DAG(s) 'example_task_group' retrieved from /home/airflow/.local/lib/python3.12/site-packages/airflow/example_dags/example_task_group.py
[2025-10-10T08:44:30.998+0000] {logging_mixin.py:190} INFO - [2025-10-10T08:44:30.998+0000] {dag.py:3211} INFO - Sync 1 DAGs
[2025-10-10T08:44:31.081+0000] {logging_mixin.py:190} INFO - [2025-10-10T08:44:31.080+0000] {dag.py:4138} INFO - Setting next_dagrun for example_task_group to 2025-10-09 00:00:00+00:00, run_after=2025-10-10 00:00:00+00:00
[2025-10-10T08:44:31.147+0000] {processor.py:208} INFO - Processing /home/airflow/.local/lib/python3.12/site-packages/airflow/example_dags/example_task_group.py took 0.298 seconds
[2025-10-10T08:45:01.383+0000] {processor.py:186} INFO - Started process (PID=949) to work on /home/airflow/.local/lib/python3.12/site-packages/airflow/example_dags/example_task_group.py
[2025-10-10T08:45:01.389+0000] {processor.py:914} INFO - Processing file /home/airflow/.local/lib/python3.12/site-packages/airflow/example_dags/example_task_group.py for tasks to queue
[2025-10-10T08:45:01.407+0000] {logging_mixin.py:190} INFO - [2025-10-10T08:45:01.404+0000] {dagbag.py:587} INFO - Filling up the DagBag from /home/airflow/.local/lib/python3.12/site-packages/airflow/example_dags/example_task_group.py
[2025-10-10T08:45:01.486+0000] {processor.py:925} INFO - DAG(s) 'example_task_group' retrieved from /home/airflow/.local/lib/python3.12/site-packages/airflow/example_dags/example_task_group.py
[2025-10-10T08:45:01.539+0000] {logging_mixin.py:190} INFO - [2025-10-10T08:45:01.538+0000] {dag.py:3211} INFO - Sync 1 DAGs
[2025-10-10T08:45:01.596+0000] {logging_mixin.py:190} INFO - [2025-10-10T08:45:01.596+0000] {dag.py:4138} INFO - Setting next_dagrun for example_task_group to 2025-10-09 00:00:00+00:00, run_after=2025-10-10 00:00:00+00:00
[2025-10-10T08:45:01.643+0000] {processor.py:208} INFO - Processing /home/airflow/.local/lib/python3.12/site-packages/airflow/example_dags/example_task_group.py took 0.296 seconds
[2025-10-10T08:45:32.580+0000] {processor.py:186} INFO - Started process (PID=1012) to work on /home/airflow/.local/lib/python3.12/site-packages/airflow/example_dags/example_task_group.py
[2025-10-10T08:45:32.583+0000] {processor.py:914} INFO - Processing file /home/airflow/.local/lib/python3.12/site-packages/airflow/example_dags/example_task_group.py for tasks to queue
[2025-10-10T08:45:32.590+0000] {logging_mixin.py:190} INFO - [2025-10-10T08:45:32.589+0000] {dagbag.py:587} INFO - Filling up the DagBag from /home/airflow/.local/lib/python3.12/site-packages/airflow/example_dags/example_task_group.py
[2025-10-10T08:45:32.620+0000] {processor.py:925} INFO - DAG(s) 'example_task_group' retrieved from /home/airflow/.local/lib/python3.12/site-packages/airflow/example_dags/example_task_group.py
[2025-10-10T08:45:32.697+0000] {logging_mixin.py:190} INFO - [2025-10-10T08:45:32.696+0000] {dag.py:3211} INFO - Sync 1 DAGs
[2025-10-10T08:45:32.804+0000] {logging_mixin.py:190} INFO - [2025-10-10T08:45:32.804+0000] {dag.py:4138} INFO - Setting next_dagrun for example_task_group to 2025-10-09 00:00:00+00:00, run_after=2025-10-10 00:00:00+00:00
[2025-10-10T08:45:32.928+0000] {processor.py:208} INFO - Processing /home/airflow/.local/lib/python3.12/site-packages/airflow/example_dags/example_task_group.py took 0.367 seconds
[2025-10-10T08:46:03.183+0000] {processor.py:186} INFO - Started process (PID=1075) to work on /home/airflow/.local/lib/python3.12/site-packages/airflow/example_dags/example_task_group.py
[2025-10-10T08:46:03.187+0000] {processor.py:914} INFO - Processing file /home/airflow/.local/lib/python3.12/site-packages/airflow/example_dags/example_task_group.py for tasks to queue
[2025-10-10T08:46:03.196+0000] {logging_mixin.py:190} INFO - [2025-10-10T08:46:03.195+0000] {dagbag.py:587} INFO - Filling up the DagBag from /home/airflow/.local/lib/python3.12/site-packages/airflow/example_dags/example_task_group.py
[2025-10-10T08:46:03.257+0000] {processor.py:925} INFO - DAG(s) 'example_task_group' retrieved from /home/airflow/.local/lib/python3.12/site-packages/airflow/example_dags/example_task_group.py
[2025-10-10T08:46:03.343+0000] {logging_mixin.py:190} INFO - [2025-10-10T08:46:03.343+0000] {dag.py:3211} INFO - Sync 1 DAGs
[2025-10-10T08:46:03.435+0000] {logging_mixin.py:190} INFO - [2025-10-10T08:46:03.434+0000] {dag.py:4138} INFO - Setting next_dagrun for example_task_group to 2025-10-09 00:00:00+00:00, run_after=2025-10-10 00:00:00+00:00
[2025-10-10T08:46:03.511+0000] {processor.py:208} INFO - Processing /home/airflow/.local/lib/python3.12/site-packages/airflow/example_dags/example_task_group.py took 0.355 seconds
[2025-10-10T08:46:34.034+0000] {processor.py:186} INFO - Started process (PID=1138) to work on /home/airflow/.local/lib/python3.12/site-packages/airflow/example_dags/example_task_group.py
[2025-10-10T08:46:34.040+0000] {processor.py:914} INFO - Processing file /home/airflow/.local/lib/python3.12/site-packages/airflow/example_dags/example_task_group.py for tasks to queue
[2025-10-10T08:46:34.062+0000] {logging_mixin.py:190} INFO - [2025-10-10T08:46:34.059+0000] {dagbag.py:587} INFO - Filling up the DagBag from /home/airflow/.local/lib/python3.12/site-packages/airflow/example_dags/example_task_group.py
[2025-10-10T08:46:34.106+0000] {processor.py:925} INFO - DAG(s) 'example_task_group' retrieved from /home/airflow/.local/lib/python3.12/site-packages/airflow/example_dags/example_task_group.py
[2025-10-10T08:46:34.167+0000] {logging_mixin.py:190} INFO - [2025-10-10T08:46:34.166+0000] {dag.py:3211} INFO - Sync 1 DAGs
[2025-10-10T08:46:34.238+0000] {logging_mixin.py:190} INFO - [2025-10-10T08:46:34.237+0000] {dag.py:4138} INFO - Setting next_dagrun for example_task_group to 2025-10-09 00:00:00+00:00, run_after=2025-10-10 00:00:00+00:00
[2025-10-10T08:46:34.295+0000] {processor.py:208} INFO - Processing /home/airflow/.local/lib/python3.12/site-packages/airflow/example_dags/example_task_group.py took 0.302 seconds
[2025-10-10T08:47:04.470+0000] {processor.py:186} INFO - Started process (PID=1201) to work on /home/airflow/.local/lib/python3.12/site-packages/airflow/example_dags/example_task_group.py
[2025-10-10T08:47:04.473+0000] {processor.py:914} INFO - Processing file /home/airflow/.local/lib/python3.12/site-packages/airflow/example_dags/example_task_group.py for tasks to queue
[2025-10-10T08:47:04.481+0000] {logging_mixin.py:190} INFO - [2025-10-10T08:47:04.480+0000] {dagbag.py:587} INFO - Filling up the DagBag from /home/airflow/.local/lib/python3.12/site-packages/airflow/example_dags/example_task_group.py
[2025-10-10T08:47:04.511+0000] {processor.py:925} INFO - DAG(s) 'example_task_group' retrieved from /home/airflow/.local/lib/python3.12/site-packages/airflow/example_dags/example_task_group.py
[2025-10-10T08:47:04.573+0000] {logging_mixin.py:190} INFO - [2025-10-10T08:47:04.572+0000] {dag.py:3211} INFO - Sync 1 DAGs
[2025-10-10T08:47:04.630+0000] {logging_mixin.py:190} INFO - [2025-10-10T08:47:04.630+0000] {dag.py:4138} INFO - Setting next_dagrun for example_task_group to 2025-10-09 00:00:00+00:00, run_after=2025-10-10 00:00:00+00:00
[2025-10-10T08:47:04.685+0000] {processor.py:208} INFO - Processing /home/airflow/.local/lib/python3.12/site-packages/airflow/example_dags/example_task_group.py took 0.232 seconds
[2025-10-10T08:47:35.434+0000] {processor.py:186} INFO - Started process (PID=1264) to work on /home/airflow/.local/lib/python3.12/site-packages/airflow/example_dags/example_task_group.py
[2025-10-10T08:47:35.438+0000] {processor.py:914} INFO - Processing file /home/airflow/.local/lib/python3.12/site-packages/airflow/example_dags/example_task_group.py for tasks to queue
[2025-10-10T08:47:35.446+0000] {logging_mixin.py:190} INFO - [2025-10-10T08:47:35.445+0000] {dagbag.py:587} INFO - Filling up the DagBag from /home/airflow/.local/lib/python3.12/site-packages/airflow/example_dags/example_task_group.py
[2025-10-10T08:47:35.471+0000] {processor.py:925} INFO - DAG(s) 'example_task_group' retrieved from /home/airflow/.local/lib/python3.12/site-packages/airflow/example_dags/example_task_group.py
[2025-10-10T08:47:35.532+0000] {logging_mixin.py:190} INFO - [2025-10-10T08:47:35.532+0000] {dag.py:3211} INFO - Sync 1 DAGs
[2025-10-10T08:47:35.597+0000] {logging_mixin.py:190} INFO - [2025-10-10T08:47:35.597+0000] {dag.py:4138} INFO - Setting next_dagrun for example_task_group to 2025-10-09 00:00:00+00:00, run_after=2025-10-10 00:00:00+00:00
[2025-10-10T08:47:35.654+0000] {processor.py:208} INFO - Processing /home/airflow/.local/lib/python3.12/site-packages/airflow/example_dags/example_task_group.py took 0.242 seconds
[2025-10-10T08:48:05.768+0000] {processor.py:186} INFO - Started process (PID=1327) to work on /home/airflow/.local/lib/python3.12/site-packages/airflow/example_dags/example_task_group.py
[2025-10-10T08:48:05.771+0000] {processor.py:914} INFO - Processing file /home/airflow/.local/lib/python3.12/site-packages/airflow/example_dags/example_task_group.py for tasks to queue
[2025-10-10T08:48:05.776+0000] {logging_mixin.py:190} INFO - [2025-10-10T08:48:05.776+0000] {dagbag.py:587} INFO - Filling up the DagBag from /home/airflow/.local/lib/python3.12/site-packages/airflow/example_dags/example_task_group.py
[2025-10-10T08:48:05.792+0000] {processor.py:925} INFO - DAG(s) 'example_task_group' retrieved from /home/airflow/.local/lib/python3.12/site-packages/airflow/example_dags/example_task_group.py
[2025-10-10T08:48:05.842+0000] {logging_mixin.py:190} INFO - [2025-10-10T08:48:05.842+0000] {dag.py:3211} INFO - Sync 1 DAGs
[2025-10-10T08:48:05.919+0000] {logging_mixin.py:190} INFO - [2025-10-10T08:48:05.919+0000] {dag.py:4138} INFO - Setting next_dagrun for example_task_group to 2025-10-09 00:00:00+00:00, run_after=2025-10-10 00:00:00+00:00
[2025-10-10T08:48:05.955+0000] {processor.py:208} INFO - Processing /home/airflow/.local/lib/python3.12/site-packages/airflow/example_dags/example_task_group.py took 0.199 seconds
[2025-10-10T08:48:36.311+0000] {processor.py:186} INFO - Started process (PID=1390) to work on /home/airflow/.local/lib/python3.12/site-packages/airflow/example_dags/example_task_group.py
[2025-10-10T08:48:36.314+0000] {processor.py:914} INFO - Processing file /home/airflow/.local/lib/python3.12/site-packages/airflow/example_dags/example_task_group.py for tasks to queue
[2025-10-10T08:48:36.320+0000] {logging_mixin.py:190} INFO - [2025-10-10T08:48:36.319+0000] {dagbag.py:587} INFO - Filling up the DagBag from /home/airflow/.local/lib/python3.12/site-packages/airflow/example_dags/example_task_group.py
[2025-10-10T08:48:36.350+0000] {processor.py:925} INFO - DAG(s) 'example_task_group' retrieved from /home/airflow/.local/lib/python3.12/site-packages/airflow/example_dags/example_task_group.py
[2025-10-10T08:48:36.423+0000] {logging_mixin.py:190} INFO - [2025-10-10T08:48:36.423+0000] {dag.py:3211} INFO - Sync 1 DAGs
[2025-10-10T08:48:36.491+0000] {logging_mixin.py:190} INFO - [2025-10-10T08:48:36.490+0000] {dag.py:4138} INFO - Setting next_dagrun for example_task_group to 2025-10-09 00:00:00+00:00, run_after=2025-10-10 00:00:00+00:00
[2025-10-10T08:48:36.556+0000] {processor.py:208} INFO - Processing /home/airflow/.local/lib/python3.12/site-packages/airflow/example_dags/example_task_group.py took 0.260 seconds
[2025-10-10T08:49:07.491+0000] {processor.py:186} INFO - Started process (PID=1453) to work on /home/airflow/.local/lib/python3.12/site-packages/airflow/example_dags/example_task_group.py
[2025-10-10T08:49:07.494+0000] {processor.py:914} INFO - Processing file /home/airflow/.local/lib/python3.12/site-packages/airflow/example_dags/example_task_group.py for tasks to queue
[2025-10-10T08:49:07.499+0000] {logging_mixin.py:190} INFO - [2025-10-10T08:49:07.498+0000] {dagbag.py:587} INFO - Filling up the DagBag from /home/airflow/.local/lib/python3.12/site-packages/airflow/example_dags/example_task_group.py
[2025-10-10T08:49:07.518+0000] {processor.py:925} INFO - DAG(s) 'example_task_group' retrieved from /home/airflow/.local/lib/python3.12/site-packages/airflow/example_dags/example_task_group.py
[2025-10-10T08:49:07.574+0000] {logging_mixin.py:190} INFO - [2025-10-10T08:49:07.574+0000] {dag.py:3211} INFO - Sync 1 DAGs
[2025-10-10T08:49:07.680+0000] {logging_mixin.py:190} INFO - [2025-10-10T08:49:07.679+0000] {dag.py:4138} INFO - Setting next_dagrun for example_task_group to 2025-10-09 00:00:00+00:00, run_after=2025-10-10 00:00:00+00:00
[2025-10-10T08:49:07.857+0000] {processor.py:208} INFO - Processing /home/airflow/.local/lib/python3.12/site-packages/airflow/example_dags/example_task_group.py took 0.381 seconds
[2025-10-10T08:53:44.308+0000] {processor.py:186} INFO - Started process (PID=72) to work on /home/airflow/.local/lib/python3.12/site-packages/airflow/example_dags/example_task_group.py
[2025-10-10T08:53:44.355+0000] {processor.py:914} INFO - Processing file /home/airflow/.local/lib/python3.12/site-packages/airflow/example_dags/example_task_group.py for tasks to queue
[2025-10-10T08:53:44.390+0000] {logging_mixin.py:190} INFO - [2025-10-10T08:53:44.386+0000] {dagbag.py:587} INFO - Filling up the DagBag from /home/airflow/.local/lib/python3.12/site-packages/airflow/example_dags/example_task_group.py
[2025-10-10T08:53:44.626+0000] {processor.py:925} INFO - DAG(s) 'example_task_group' retrieved from /home/airflow/.local/lib/python3.12/site-packages/airflow/example_dags/example_task_group.py
[2025-10-10T08:53:46.090+0000] {logging_mixin.py:190} INFO - [2025-10-10T08:53:46.089+0000] {dag.py:3211} INFO - Sync 1 DAGs
[2025-10-10T08:53:46.263+0000] {logging_mixin.py:190} INFO - [2025-10-10T08:53:46.260+0000] {dag.py:4138} INFO - Setting next_dagrun for example_task_group to 2025-10-09 00:00:00+00:00, run_after=2025-10-10 00:00:00+00:00
[2025-10-10T08:53:46.349+0000] {processor.py:208} INFO - Processing /home/airflow/.local/lib/python3.12/site-packages/airflow/example_dags/example_task_group.py took 2.109 seconds
[2025-10-10T08:54:17.219+0000] {processor.py:186} INFO - Started process (PID=135) to work on /home/airflow/.local/lib/python3.12/site-packages/airflow/example_dags/example_task_group.py
[2025-10-10T08:54:17.273+0000] {processor.py:914} INFO - Processing file /home/airflow/.local/lib/python3.12/site-packages/airflow/example_dags/example_task_group.py for tasks to queue
[2025-10-10T08:54:17.282+0000] {logging_mixin.py:190} INFO - [2025-10-10T08:54:17.281+0000] {dagbag.py:587} INFO - Filling up the DagBag from /home/airflow/.local/lib/python3.12/site-packages/airflow/example_dags/example_task_group.py
[2025-10-10T08:54:17.365+0000] {processor.py:925} INFO - DAG(s) 'example_task_group' retrieved from /home/airflow/.local/lib/python3.12/site-packages/airflow/example_dags/example_task_group.py
[2025-10-10T08:54:17.434+0000] {logging_mixin.py:190} INFO - [2025-10-10T08:54:17.433+0000] {dag.py:3211} INFO - Sync 1 DAGs
[2025-10-10T08:54:17.510+0000] {logging_mixin.py:190} INFO - [2025-10-10T08:54:17.509+0000] {dag.py:4138} INFO - Setting next_dagrun for example_task_group to 2025-10-09 00:00:00+00:00, run_after=2025-10-10 00:00:00+00:00
[2025-10-10T08:54:17.762+0000] {processor.py:208} INFO - Processing /home/airflow/.local/lib/python3.12/site-packages/airflow/example_dags/example_task_group.py took 0.578 seconds
[2025-10-10T08:54:48.284+0000] {processor.py:186} INFO - Started process (PID=199) to work on /home/airflow/.local/lib/python3.12/site-packages/airflow/example_dags/example_task_group.py
[2025-10-10T08:54:48.297+0000] {processor.py:914} INFO - Processing file /home/airflow/.local/lib/python3.12/site-packages/airflow/example_dags/example_task_group.py for tasks to queue
[2025-10-10T08:54:48.352+0000] {logging_mixin.py:190} INFO - [2025-10-10T08:54:48.351+0000] {dagbag.py:587} INFO - Filling up the DagBag from /home/airflow/.local/lib/python3.12/site-packages/airflow/example_dags/example_task_group.py
[2025-10-10T08:54:48.532+0000] {processor.py:925} INFO - DAG(s) 'example_task_group' retrieved from /home/airflow/.local/lib/python3.12/site-packages/airflow/example_dags/example_task_group.py
[2025-10-10T08:54:48.674+0000] {logging_mixin.py:190} INFO - [2025-10-10T08:54:48.674+0000] {dag.py:3211} INFO - Sync 1 DAGs
[2025-10-10T08:54:48.921+0000] {logging_mixin.py:190} INFO - [2025-10-10T08:54:48.921+0000] {dag.py:4138} INFO - Setting next_dagrun for example_task_group to 2025-10-09 00:00:00+00:00, run_after=2025-10-10 00:00:00+00:00
[2025-10-10T08:54:49.031+0000] {processor.py:208} INFO - Processing /home/airflow/.local/lib/python3.12/site-packages/airflow/example_dags/example_task_group.py took 0.908 seconds
[2025-10-10T08:57:54.905+0000] {processor.py:186} INFO - Started process (PID=73) to work on /home/airflow/.local/lib/python3.12/site-packages/airflow/example_dags/example_task_group.py
[2025-10-10T08:57:54.937+0000] {processor.py:914} INFO - Processing file /home/airflow/.local/lib/python3.12/site-packages/airflow/example_dags/example_task_group.py for tasks to queue
[2025-10-10T08:57:54.945+0000] {logging_mixin.py:190} INFO - [2025-10-10T08:57:54.944+0000] {dagbag.py:587} INFO - Filling up the DagBag from /home/airflow/.local/lib/python3.12/site-packages/airflow/example_dags/example_task_group.py
[2025-10-10T08:57:54.976+0000] {processor.py:925} INFO - DAG(s) 'example_task_group' retrieved from /home/airflow/.local/lib/python3.12/site-packages/airflow/example_dags/example_task_group.py
[2025-10-10T08:57:55.056+0000] {logging_mixin.py:190} INFO - [2025-10-10T08:57:55.055+0000] {dag.py:3211} INFO - Sync 1 DAGs
[2025-10-10T08:57:55.130+0000] {logging_mixin.py:190} INFO - [2025-10-10T08:57:55.129+0000] {dag.py:4138} INFO - Setting next_dagrun for example_task_group to 2025-10-09 00:00:00+00:00, run_after=2025-10-10 00:00:00+00:00
[2025-10-10T08:57:55.343+0000] {processor.py:208} INFO - Processing /home/airflow/.local/lib/python3.12/site-packages/airflow/example_dags/example_task_group.py took 0.460 seconds
[2025-10-10T08:58:25.771+0000] {processor.py:186} INFO - Started process (PID=136) to work on /home/airflow/.local/lib/python3.12/site-packages/airflow/example_dags/example_task_group.py
[2025-10-10T08:58:25.779+0000] {processor.py:914} INFO - Processing file /home/airflow/.local/lib/python3.12/site-packages/airflow/example_dags/example_task_group.py for tasks to queue
[2025-10-10T08:58:25.785+0000] {logging_mixin.py:190} INFO - [2025-10-10T08:58:25.784+0000] {dagbag.py:587} INFO - Filling up the DagBag from /home/airflow/.local/lib/python3.12/site-packages/airflow/example_dags/example_task_group.py
[2025-10-10T08:58:25.821+0000] {processor.py:925} INFO - DAG(s) 'example_task_group' retrieved from /home/airflow/.local/lib/python3.12/site-packages/airflow/example_dags/example_task_group.py
[2025-10-10T08:58:25.874+0000] {logging_mixin.py:190} INFO - [2025-10-10T08:58:25.874+0000] {dag.py:3211} INFO - Sync 1 DAGs
[2025-10-10T08:58:25.946+0000] {logging_mixin.py:190} INFO - [2025-10-10T08:58:25.945+0000] {dag.py:4138} INFO - Setting next_dagrun for example_task_group to 2025-10-09 00:00:00+00:00, run_after=2025-10-10 00:00:00+00:00
[2025-10-10T08:58:26.010+0000] {processor.py:208} INFO - Processing /home/airflow/.local/lib/python3.12/site-packages/airflow/example_dags/example_task_group.py took 0.254 seconds
[2025-10-10T09:01:20.765+0000] {processor.py:186} INFO - Started process (PID=72) to work on /home/airflow/.local/lib/python3.12/site-packages/airflow/example_dags/example_task_group.py
[2025-10-10T09:01:20.769+0000] {processor.py:914} INFO - Processing file /home/airflow/.local/lib/python3.12/site-packages/airflow/example_dags/example_task_group.py for tasks to queue
[2025-10-10T09:01:20.776+0000] {logging_mixin.py:190} INFO - [2025-10-10T09:01:20.775+0000] {dagbag.py:587} INFO - Filling up the DagBag from /home/airflow/.local/lib/python3.12/site-packages/airflow/example_dags/example_task_group.py
[2025-10-10T09:01:20.814+0000] {processor.py:925} INFO - DAG(s) 'example_task_group' retrieved from /home/airflow/.local/lib/python3.12/site-packages/airflow/example_dags/example_task_group.py
[2025-10-10T09:01:20.941+0000] {logging_mixin.py:190} INFO - [2025-10-10T09:01:20.940+0000] {dag.py:3211} INFO - Sync 1 DAGs
[2025-10-10T09:01:21.005+0000] {logging_mixin.py:190} INFO - [2025-10-10T09:01:21.005+0000] {dag.py:4138} INFO - Setting next_dagrun for example_task_group to 2025-10-09 00:00:00+00:00, run_after=2025-10-10 00:00:00+00:00
[2025-10-10T09:01:21.043+0000] {processor.py:208} INFO - Processing /home/airflow/.local/lib/python3.12/site-packages/airflow/example_dags/example_task_group.py took 0.303 seconds
[2025-10-10T09:01:51.603+0000] {processor.py:186} INFO - Started process (PID=135) to work on /home/airflow/.local/lib/python3.12/site-packages/airflow/example_dags/example_task_group.py
[2025-10-10T09:01:51.606+0000] {processor.py:914} INFO - Processing file /home/airflow/.local/lib/python3.12/site-packages/airflow/example_dags/example_task_group.py for tasks to queue
[2025-10-10T09:01:51.617+0000] {logging_mixin.py:190} INFO - [2025-10-10T09:01:51.615+0000] {dagbag.py:587} INFO - Filling up the DagBag from /home/airflow/.local/lib/python3.12/site-packages/airflow/example_dags/example_task_group.py
[2025-10-10T09:01:51.649+0000] {processor.py:925} INFO - DAG(s) 'example_task_group' retrieved from /home/airflow/.local/lib/python3.12/site-packages/airflow/example_dags/example_task_group.py
[2025-10-10T09:01:51.744+0000] {logging_mixin.py:190} INFO - [2025-10-10T09:01:51.743+0000] {dag.py:3211} INFO - Sync 1 DAGs
[2025-10-10T09:01:51.864+0000] {logging_mixin.py:190} INFO - [2025-10-10T09:01:51.863+0000] {dag.py:4138} INFO - Setting next_dagrun for example_task_group to 2025-10-09 00:00:00+00:00, run_after=2025-10-10 00:00:00+00:00
[2025-10-10T09:01:52.018+0000] {processor.py:208} INFO - Processing /home/airflow/.local/lib/python3.12/site-packages/airflow/example_dags/example_task_group.py took 0.433 seconds
[2025-10-10T09:02:22.300+0000] {processor.py:186} INFO - Started process (PID=197) to work on /home/airflow/.local/lib/python3.12/site-packages/airflow/example_dags/example_task_group.py
[2025-10-10T09:02:22.304+0000] {processor.py:914} INFO - Processing file /home/airflow/.local/lib/python3.12/site-packages/airflow/example_dags/example_task_group.py for tasks to queue
[2025-10-10T09:02:22.313+0000] {logging_mixin.py:190} INFO - [2025-10-10T09:02:22.312+0000] {dagbag.py:587} INFO - Filling up the DagBag from /home/airflow/.local/lib/python3.12/site-packages/airflow/example_dags/example_task_group.py
[2025-10-10T09:02:22.353+0000] {processor.py:925} INFO - DAG(s) 'example_task_group' retrieved from /home/airflow/.local/lib/python3.12/site-packages/airflow/example_dags/example_task_group.py
[2025-10-10T09:02:22.436+0000] {logging_mixin.py:190} INFO - [2025-10-10T09:02:22.435+0000] {dag.py:3211} INFO - Sync 1 DAGs
[2025-10-10T09:02:22.512+0000] {logging_mixin.py:190} INFO - [2025-10-10T09:02:22.511+0000] {dag.py:4138} INFO - Setting next_dagrun for example_task_group to 2025-10-09 00:00:00+00:00, run_after=2025-10-10 00:00:00+00:00
[2025-10-10T09:02:22.586+0000] {processor.py:208} INFO - Processing /home/airflow/.local/lib/python3.12/site-packages/airflow/example_dags/example_task_group.py took 0.310 seconds
[2025-10-10T09:02:53.241+0000] {processor.py:186} INFO - Started process (PID=261) to work on /home/airflow/.local/lib/python3.12/site-packages/airflow/example_dags/example_task_group.py
[2025-10-10T09:02:53.247+0000] {processor.py:914} INFO - Processing file /home/airflow/.local/lib/python3.12/site-packages/airflow/example_dags/example_task_group.py for tasks to queue
[2025-10-10T09:02:53.260+0000] {logging_mixin.py:190} INFO - [2025-10-10T09:02:53.258+0000] {dagbag.py:587} INFO - Filling up the DagBag from /home/airflow/.local/lib/python3.12/site-packages/airflow/example_dags/example_task_group.py
[2025-10-10T09:02:53.310+0000] {processor.py:925} INFO - DAG(s) 'example_task_group' retrieved from /home/airflow/.local/lib/python3.12/site-packages/airflow/example_dags/example_task_group.py
[2025-10-10T09:02:53.428+0000] {logging_mixin.py:190} INFO - [2025-10-10T09:02:53.427+0000] {dag.py:3211} INFO - Sync 1 DAGs
[2025-10-10T09:02:53.556+0000] {logging_mixin.py:190} INFO - [2025-10-10T09:02:53.554+0000] {dag.py:4138} INFO - Setting next_dagrun for example_task_group to 2025-10-09 00:00:00+00:00, run_after=2025-10-10 00:00:00+00:00
[2025-10-10T09:02:53.667+0000] {processor.py:208} INFO - Processing /home/airflow/.local/lib/python3.12/site-packages/airflow/example_dags/example_task_group.py took 0.458 seconds
[2025-10-10T09:03:24.041+0000] {processor.py:186} INFO - Started process (PID=324) to work on /home/airflow/.local/lib/python3.12/site-packages/airflow/example_dags/example_task_group.py
[2025-10-10T09:03:24.044+0000] {processor.py:914} INFO - Processing file /home/airflow/.local/lib/python3.12/site-packages/airflow/example_dags/example_task_group.py for tasks to queue
[2025-10-10T09:03:24.051+0000] {logging_mixin.py:190} INFO - [2025-10-10T09:03:24.050+0000] {dagbag.py:587} INFO - Filling up the DagBag from /home/airflow/.local/lib/python3.12/site-packages/airflow/example_dags/example_task_group.py
[2025-10-10T09:03:24.080+0000] {processor.py:925} INFO - DAG(s) 'example_task_group' retrieved from /home/airflow/.local/lib/python3.12/site-packages/airflow/example_dags/example_task_group.py
[2025-10-10T09:03:24.200+0000] {logging_mixin.py:190} INFO - [2025-10-10T09:03:24.198+0000] {dag.py:3211} INFO - Sync 1 DAGs
[2025-10-10T09:03:24.311+0000] {logging_mixin.py:190} INFO - [2025-10-10T09:03:24.310+0000] {dag.py:4138} INFO - Setting next_dagrun for example_task_group to 2025-10-09 00:00:00+00:00, run_after=2025-10-10 00:00:00+00:00
[2025-10-10T09:03:24.405+0000] {processor.py:208} INFO - Processing /home/airflow/.local/lib/python3.12/site-packages/airflow/example_dags/example_task_group.py took 0.381 seconds
[2025-10-10T09:03:55.100+0000] {processor.py:186} INFO - Started process (PID=387) to work on /home/airflow/.local/lib/python3.12/site-packages/airflow/example_dags/example_task_group.py
[2025-10-10T09:03:55.106+0000] {processor.py:914} INFO - Processing file /home/airflow/.local/lib/python3.12/site-packages/airflow/example_dags/example_task_group.py for tasks to queue
[2025-10-10T09:03:55.121+0000] {logging_mixin.py:190} INFO - [2025-10-10T09:03:55.119+0000] {dagbag.py:587} INFO - Filling up the DagBag from /home/airflow/.local/lib/python3.12/site-packages/airflow/example_dags/example_task_group.py
[2025-10-10T09:03:55.174+0000] {processor.py:925} INFO - DAG(s) 'example_task_group' retrieved from /home/airflow/.local/lib/python3.12/site-packages/airflow/example_dags/example_task_group.py
[2025-10-10T09:03:55.303+0000] {logging_mixin.py:190} INFO - [2025-10-10T09:03:55.302+0000] {dag.py:3211} INFO - Sync 1 DAGs
[2025-10-10T09:03:55.430+0000] {logging_mixin.py:190} INFO - [2025-10-10T09:03:55.429+0000] {dag.py:4138} INFO - Setting next_dagrun for example_task_group to 2025-10-09 00:00:00+00:00, run_after=2025-10-10 00:00:00+00:00
[2025-10-10T09:03:55.535+0000] {processor.py:208} INFO - Processing /home/airflow/.local/lib/python3.12/site-packages/airflow/example_dags/example_task_group.py took 0.470 seconds
[2025-10-10T09:04:25.846+0000] {processor.py:186} INFO - Started process (PID=450) to work on /home/airflow/.local/lib/python3.12/site-packages/airflow/example_dags/example_task_group.py
[2025-10-10T09:04:25.857+0000] {processor.py:914} INFO - Processing file /home/airflow/.local/lib/python3.12/site-packages/airflow/example_dags/example_task_group.py for tasks to queue
[2025-10-10T09:04:25.894+0000] {logging_mixin.py:190} INFO - [2025-10-10T09:04:25.891+0000] {dagbag.py:587} INFO - Filling up the DagBag from /home/airflow/.local/lib/python3.12/site-packages/airflow/example_dags/example_task_group.py
[2025-10-10T09:04:25.990+0000] {processor.py:925} INFO - DAG(s) 'example_task_group' retrieved from /home/airflow/.local/lib/python3.12/site-packages/airflow/example_dags/example_task_group.py
[2025-10-10T09:04:26.207+0000] {logging_mixin.py:190} INFO - [2025-10-10T09:04:26.206+0000] {dag.py:3211} INFO - Sync 1 DAGs
[2025-10-10T09:04:26.355+0000] {logging_mixin.py:190} INFO - [2025-10-10T09:04:26.354+0000] {dag.py:4138} INFO - Setting next_dagrun for example_task_group to 2025-10-09 00:00:00+00:00, run_after=2025-10-10 00:00:00+00:00
[2025-10-10T09:04:26.449+0000] {processor.py:208} INFO - Processing /home/airflow/.local/lib/python3.12/site-packages/airflow/example_dags/example_task_group.py took 0.688 seconds
[2025-10-10T09:04:56.837+0000] {processor.py:186} INFO - Started process (PID=513) to work on /home/airflow/.local/lib/python3.12/site-packages/airflow/example_dags/example_task_group.py
[2025-10-10T09:04:56.839+0000] {processor.py:914} INFO - Processing file /home/airflow/.local/lib/python3.12/site-packages/airflow/example_dags/example_task_group.py for tasks to queue
[2025-10-10T09:04:56.844+0000] {logging_mixin.py:190} INFO - [2025-10-10T09:04:56.843+0000] {dagbag.py:587} INFO - Filling up the DagBag from /home/airflow/.local/lib/python3.12/site-packages/airflow/example_dags/example_task_group.py
[2025-10-10T09:04:56.861+0000] {processor.py:925} INFO - DAG(s) 'example_task_group' retrieved from /home/airflow/.local/lib/python3.12/site-packages/airflow/example_dags/example_task_group.py
[2025-10-10T09:04:56.901+0000] {logging_mixin.py:190} INFO - [2025-10-10T09:04:56.901+0000] {dag.py:3211} INFO - Sync 1 DAGs
[2025-10-10T09:04:56.946+0000] {logging_mixin.py:190} INFO - [2025-10-10T09:04:56.946+0000] {dag.py:4138} INFO - Setting next_dagrun for example_task_group to 2025-10-09 00:00:00+00:00, run_after=2025-10-10 00:00:00+00:00
[2025-10-10T09:04:56.988+0000] {processor.py:208} INFO - Processing /home/airflow/.local/lib/python3.12/site-packages/airflow/example_dags/example_task_group.py took 0.162 seconds
[2025-10-10T09:05:27.382+0000] {processor.py:186} INFO - Started process (PID=576) to work on /home/airflow/.local/lib/python3.12/site-packages/airflow/example_dags/example_task_group.py
[2025-10-10T09:05:27.388+0000] {processor.py:914} INFO - Processing file /home/airflow/.local/lib/python3.12/site-packages/airflow/example_dags/example_task_group.py for tasks to queue
[2025-10-10T09:05:27.405+0000] {logging_mixin.py:190} INFO - [2025-10-10T09:05:27.402+0000] {dagbag.py:587} INFO - Filling up the DagBag from /home/airflow/.local/lib/python3.12/site-packages/airflow/example_dags/example_task_group.py
[2025-10-10T09:05:27.465+0000] {processor.py:925} INFO - DAG(s) 'example_task_group' retrieved from /home/airflow/.local/lib/python3.12/site-packages/airflow/example_dags/example_task_group.py
[2025-10-10T09:05:27.617+0000] {logging_mixin.py:190} INFO - [2025-10-10T09:05:27.616+0000] {dag.py:3211} INFO - Sync 1 DAGs
[2025-10-10T09:05:27.697+0000] {logging_mixin.py:190} INFO - [2025-10-10T09:05:27.696+0000] {dag.py:4138} INFO - Setting next_dagrun for example_task_group to 2025-10-09 00:00:00+00:00, run_after=2025-10-10 00:00:00+00:00
[2025-10-10T09:05:27.753+0000] {processor.py:208} INFO - Processing /home/airflow/.local/lib/python3.12/site-packages/airflow/example_dags/example_task_group.py took 0.415 seconds
