[2025-10-10T08:37:50.886+0000] {processor.py:186} INFO - Started process (PID=76) to work on /home/airflow/.local/lib/python3.12/site-packages/airflow/example_dags/example_time_delta_sensor_async.py
[2025-10-10T08:37:50.889+0000] {processor.py:914} INFO - Processing file /home/airflow/.local/lib/python3.12/site-packages/airflow/example_dags/example_time_delta_sensor_async.py for tasks to queue
[2025-10-10T08:37:50.898+0000] {logging_mixin.py:190} INFO - [2025-10-10T08:37:50.897+0000] {dagbag.py:587} INFO - Filling up the DagBag from /home/airflow/.local/lib/python3.12/site-packages/airflow/example_dags/example_time_delta_sensor_async.py
[2025-10-10T08:37:50.933+0000] {processor.py:925} INFO - DAG(s) 'example_time_delta_sensor_async' retrieved from /home/airflow/.local/lib/python3.12/site-packages/airflow/example_dags/example_time_delta_sensor_async.py
[2025-10-10T08:37:51.112+0000] {logging_mixin.py:190} INFO - [2025-10-10T08:37:51.111+0000] {dag.py:3211} INFO - Sync 1 DAGs
[2025-10-10T08:37:51.243+0000] {logging_mixin.py:190} INFO - [2025-10-10T08:37:51.242+0000] {dag.py:4138} INFO - Setting next_dagrun for example_time_delta_sensor_async to None, run_after=None
[2025-10-10T08:37:51.392+0000] {processor.py:208} INFO - Processing /home/airflow/.local/lib/python3.12/site-packages/airflow/example_dags/example_time_delta_sensor_async.py took 0.528 seconds
[2025-10-10T08:38:21.536+0000] {processor.py:186} INFO - Started process (PID=139) to work on /home/airflow/.local/lib/python3.12/site-packages/airflow/example_dags/example_time_delta_sensor_async.py
[2025-10-10T08:38:21.539+0000] {processor.py:914} INFO - Processing file /home/airflow/.local/lib/python3.12/site-packages/airflow/example_dags/example_time_delta_sensor_async.py for tasks to queue
[2025-10-10T08:38:21.545+0000] {logging_mixin.py:190} INFO - [2025-10-10T08:38:21.544+0000] {dagbag.py:587} INFO - Filling up the DagBag from /home/airflow/.local/lib/python3.12/site-packages/airflow/example_dags/example_time_delta_sensor_async.py
[2025-10-10T08:38:21.565+0000] {processor.py:925} INFO - DAG(s) 'example_time_delta_sensor_async' retrieved from /home/airflow/.local/lib/python3.12/site-packages/airflow/example_dags/example_time_delta_sensor_async.py
[2025-10-10T08:38:21.611+0000] {logging_mixin.py:190} INFO - [2025-10-10T08:38:21.610+0000] {dag.py:3211} INFO - Sync 1 DAGs
[2025-10-10T08:38:21.645+0000] {logging_mixin.py:190} INFO - [2025-10-10T08:38:21.645+0000] {dag.py:4138} INFO - Setting next_dagrun for example_time_delta_sensor_async to None, run_after=None
[2025-10-10T08:38:21.691+0000] {processor.py:208} INFO - Processing /home/airflow/.local/lib/python3.12/site-packages/airflow/example_dags/example_time_delta_sensor_async.py took 0.173 seconds
[2025-10-10T08:38:52.218+0000] {processor.py:186} INFO - Started process (PID=202) to work on /home/airflow/.local/lib/python3.12/site-packages/airflow/example_dags/example_time_delta_sensor_async.py
[2025-10-10T08:38:52.221+0000] {processor.py:914} INFO - Processing file /home/airflow/.local/lib/python3.12/site-packages/airflow/example_dags/example_time_delta_sensor_async.py for tasks to queue
[2025-10-10T08:38:52.227+0000] {logging_mixin.py:190} INFO - [2025-10-10T08:38:52.226+0000] {dagbag.py:587} INFO - Filling up the DagBag from /home/airflow/.local/lib/python3.12/site-packages/airflow/example_dags/example_time_delta_sensor_async.py
[2025-10-10T08:38:52.242+0000] {processor.py:925} INFO - DAG(s) 'example_time_delta_sensor_async' retrieved from /home/airflow/.local/lib/python3.12/site-packages/airflow/example_dags/example_time_delta_sensor_async.py
[2025-10-10T08:38:52.290+0000] {logging_mixin.py:190} INFO - [2025-10-10T08:38:52.290+0000] {dag.py:3211} INFO - Sync 1 DAGs
[2025-10-10T08:38:52.338+0000] {logging_mixin.py:190} INFO - [2025-10-10T08:38:52.337+0000] {dag.py:4138} INFO - Setting next_dagrun for example_time_delta_sensor_async to None, run_after=None
[2025-10-10T08:38:52.380+0000] {processor.py:208} INFO - Processing /home/airflow/.local/lib/python3.12/site-packages/airflow/example_dags/example_time_delta_sensor_async.py took 0.175 seconds
[2025-10-10T08:39:24.108+0000] {processor.py:186} INFO - Started process (PID=265) to work on /home/airflow/.local/lib/python3.12/site-packages/airflow/example_dags/example_time_delta_sensor_async.py
[2025-10-10T08:39:24.112+0000] {processor.py:914} INFO - Processing file /home/airflow/.local/lib/python3.12/site-packages/airflow/example_dags/example_time_delta_sensor_async.py for tasks to queue
[2025-10-10T08:39:24.119+0000] {logging_mixin.py:190} INFO - [2025-10-10T08:39:24.118+0000] {dagbag.py:587} INFO - Filling up the DagBag from /home/airflow/.local/lib/python3.12/site-packages/airflow/example_dags/example_time_delta_sensor_async.py
[2025-10-10T08:39:24.136+0000] {processor.py:925} INFO - DAG(s) 'example_time_delta_sensor_async' retrieved from /home/airflow/.local/lib/python3.12/site-packages/airflow/example_dags/example_time_delta_sensor_async.py
[2025-10-10T08:39:24.179+0000] {logging_mixin.py:190} INFO - [2025-10-10T08:39:24.178+0000] {dag.py:3211} INFO - Sync 1 DAGs
[2025-10-10T08:39:24.209+0000] {logging_mixin.py:190} INFO - [2025-10-10T08:39:24.209+0000] {dag.py:4138} INFO - Setting next_dagrun for example_time_delta_sensor_async to None, run_after=None
[2025-10-10T08:39:24.253+0000] {processor.py:208} INFO - Processing /home/airflow/.local/lib/python3.12/site-packages/airflow/example_dags/example_time_delta_sensor_async.py took 0.168 seconds
[2025-10-10T08:39:55.752+0000] {processor.py:186} INFO - Started process (PID=328) to work on /home/airflow/.local/lib/python3.12/site-packages/airflow/example_dags/example_time_delta_sensor_async.py
[2025-10-10T08:39:55.756+0000] {processor.py:914} INFO - Processing file /home/airflow/.local/lib/python3.12/site-packages/airflow/example_dags/example_time_delta_sensor_async.py for tasks to queue
[2025-10-10T08:39:55.764+0000] {logging_mixin.py:190} INFO - [2025-10-10T08:39:55.763+0000] {dagbag.py:587} INFO - Filling up the DagBag from /home/airflow/.local/lib/python3.12/site-packages/airflow/example_dags/example_time_delta_sensor_async.py
[2025-10-10T08:39:55.783+0000] {processor.py:925} INFO - DAG(s) 'example_time_delta_sensor_async' retrieved from /home/airflow/.local/lib/python3.12/site-packages/airflow/example_dags/example_time_delta_sensor_async.py
[2025-10-10T08:39:55.842+0000] {logging_mixin.py:190} INFO - [2025-10-10T08:39:55.841+0000] {dag.py:3211} INFO - Sync 1 DAGs
[2025-10-10T08:39:55.885+0000] {logging_mixin.py:190} INFO - [2025-10-10T08:39:55.884+0000] {dag.py:4138} INFO - Setting next_dagrun for example_time_delta_sensor_async to None, run_after=None
[2025-10-10T08:39:55.937+0000] {processor.py:208} INFO - Processing /home/airflow/.local/lib/python3.12/site-packages/airflow/example_dags/example_time_delta_sensor_async.py took 0.205 seconds
[2025-10-10T08:40:26.184+0000] {processor.py:186} INFO - Started process (PID=391) to work on /home/airflow/.local/lib/python3.12/site-packages/airflow/example_dags/example_time_delta_sensor_async.py
[2025-10-10T08:40:26.187+0000] {processor.py:914} INFO - Processing file /home/airflow/.local/lib/python3.12/site-packages/airflow/example_dags/example_time_delta_sensor_async.py for tasks to queue
[2025-10-10T08:40:26.194+0000] {logging_mixin.py:190} INFO - [2025-10-10T08:40:26.193+0000] {dagbag.py:587} INFO - Filling up the DagBag from /home/airflow/.local/lib/python3.12/site-packages/airflow/example_dags/example_time_delta_sensor_async.py
[2025-10-10T08:40:26.214+0000] {processor.py:925} INFO - DAG(s) 'example_time_delta_sensor_async' retrieved from /home/airflow/.local/lib/python3.12/site-packages/airflow/example_dags/example_time_delta_sensor_async.py
[2025-10-10T08:40:26.270+0000] {logging_mixin.py:190} INFO - [2025-10-10T08:40:26.270+0000] {dag.py:3211} INFO - Sync 1 DAGs
[2025-10-10T08:40:26.309+0000] {logging_mixin.py:190} INFO - [2025-10-10T08:40:26.308+0000] {dag.py:4138} INFO - Setting next_dagrun for example_time_delta_sensor_async to None, run_after=None
[2025-10-10T08:40:26.373+0000] {processor.py:208} INFO - Processing /home/airflow/.local/lib/python3.12/site-packages/airflow/example_dags/example_time_delta_sensor_async.py took 0.205 seconds
[2025-10-10T08:40:57.025+0000] {processor.py:186} INFO - Started process (PID=453) to work on /home/airflow/.local/lib/python3.12/site-packages/airflow/example_dags/example_time_delta_sensor_async.py
[2025-10-10T08:40:57.027+0000] {processor.py:914} INFO - Processing file /home/airflow/.local/lib/python3.12/site-packages/airflow/example_dags/example_time_delta_sensor_async.py for tasks to queue
[2025-10-10T08:40:57.033+0000] {logging_mixin.py:190} INFO - [2025-10-10T08:40:57.032+0000] {dagbag.py:587} INFO - Filling up the DagBag from /home/airflow/.local/lib/python3.12/site-packages/airflow/example_dags/example_time_delta_sensor_async.py
[2025-10-10T08:40:57.051+0000] {processor.py:925} INFO - DAG(s) 'example_time_delta_sensor_async' retrieved from /home/airflow/.local/lib/python3.12/site-packages/airflow/example_dags/example_time_delta_sensor_async.py
[2025-10-10T08:40:57.109+0000] {logging_mixin.py:190} INFO - [2025-10-10T08:40:57.108+0000] {dag.py:3211} INFO - Sync 1 DAGs
[2025-10-10T08:40:57.147+0000] {logging_mixin.py:190} INFO - [2025-10-10T08:40:57.146+0000] {dag.py:4138} INFO - Setting next_dagrun for example_time_delta_sensor_async to None, run_after=None
[2025-10-10T08:40:57.204+0000] {processor.py:208} INFO - Processing /home/airflow/.local/lib/python3.12/site-packages/airflow/example_dags/example_time_delta_sensor_async.py took 0.197 seconds
[2025-10-10T08:41:27.615+0000] {processor.py:186} INFO - Started process (PID=516) to work on /home/airflow/.local/lib/python3.12/site-packages/airflow/example_dags/example_time_delta_sensor_async.py
[2025-10-10T08:41:27.617+0000] {processor.py:914} INFO - Processing file /home/airflow/.local/lib/python3.12/site-packages/airflow/example_dags/example_time_delta_sensor_async.py for tasks to queue
[2025-10-10T08:41:27.624+0000] {logging_mixin.py:190} INFO - [2025-10-10T08:41:27.623+0000] {dagbag.py:587} INFO - Filling up the DagBag from /home/airflow/.local/lib/python3.12/site-packages/airflow/example_dags/example_time_delta_sensor_async.py
[2025-10-10T08:41:27.641+0000] {processor.py:925} INFO - DAG(s) 'example_time_delta_sensor_async' retrieved from /home/airflow/.local/lib/python3.12/site-packages/airflow/example_dags/example_time_delta_sensor_async.py
[2025-10-10T08:41:27.690+0000] {logging_mixin.py:190} INFO - [2025-10-10T08:41:27.689+0000] {dag.py:3211} INFO - Sync 1 DAGs
[2025-10-10T08:41:27.721+0000] {logging_mixin.py:190} INFO - [2025-10-10T08:41:27.721+0000] {dag.py:4138} INFO - Setting next_dagrun for example_time_delta_sensor_async to None, run_after=None
[2025-10-10T08:41:27.767+0000] {processor.py:208} INFO - Processing /home/airflow/.local/lib/python3.12/site-packages/airflow/example_dags/example_time_delta_sensor_async.py took 0.169 seconds
[2025-10-10T08:41:58.483+0000] {processor.py:186} INFO - Started process (PID=579) to work on /home/airflow/.local/lib/python3.12/site-packages/airflow/example_dags/example_time_delta_sensor_async.py
[2025-10-10T08:41:58.486+0000] {processor.py:914} INFO - Processing file /home/airflow/.local/lib/python3.12/site-packages/airflow/example_dags/example_time_delta_sensor_async.py for tasks to queue
[2025-10-10T08:41:58.493+0000] {logging_mixin.py:190} INFO - [2025-10-10T08:41:58.493+0000] {dagbag.py:587} INFO - Filling up the DagBag from /home/airflow/.local/lib/python3.12/site-packages/airflow/example_dags/example_time_delta_sensor_async.py
[2025-10-10T08:41:58.516+0000] {processor.py:925} INFO - DAG(s) 'example_time_delta_sensor_async' retrieved from /home/airflow/.local/lib/python3.12/site-packages/airflow/example_dags/example_time_delta_sensor_async.py
[2025-10-10T08:41:58.572+0000] {logging_mixin.py:190} INFO - [2025-10-10T08:41:58.571+0000] {dag.py:3211} INFO - Sync 1 DAGs
[2025-10-10T08:41:58.611+0000] {logging_mixin.py:190} INFO - [2025-10-10T08:41:58.610+0000] {dag.py:4138} INFO - Setting next_dagrun for example_time_delta_sensor_async to None, run_after=None
[2025-10-10T08:41:58.661+0000] {processor.py:208} INFO - Processing /home/airflow/.local/lib/python3.12/site-packages/airflow/example_dags/example_time_delta_sensor_async.py took 0.193 seconds
[2025-10-10T08:42:29.369+0000] {processor.py:186} INFO - Started process (PID=642) to work on /home/airflow/.local/lib/python3.12/site-packages/airflow/example_dags/example_time_delta_sensor_async.py
[2025-10-10T08:42:29.372+0000] {processor.py:914} INFO - Processing file /home/airflow/.local/lib/python3.12/site-packages/airflow/example_dags/example_time_delta_sensor_async.py for tasks to queue
[2025-10-10T08:42:29.379+0000] {logging_mixin.py:190} INFO - [2025-10-10T08:42:29.379+0000] {dagbag.py:587} INFO - Filling up the DagBag from /home/airflow/.local/lib/python3.12/site-packages/airflow/example_dags/example_time_delta_sensor_async.py
[2025-10-10T08:42:29.398+0000] {processor.py:925} INFO - DAG(s) 'example_time_delta_sensor_async' retrieved from /home/airflow/.local/lib/python3.12/site-packages/airflow/example_dags/example_time_delta_sensor_async.py
[2025-10-10T08:42:29.456+0000] {logging_mixin.py:190} INFO - [2025-10-10T08:42:29.455+0000] {dag.py:3211} INFO - Sync 1 DAGs
[2025-10-10T08:42:29.521+0000] {logging_mixin.py:190} INFO - [2025-10-10T08:42:29.520+0000] {dag.py:4138} INFO - Setting next_dagrun for example_time_delta_sensor_async to None, run_after=None
[2025-10-10T08:42:29.623+0000] {processor.py:208} INFO - Processing /home/airflow/.local/lib/python3.12/site-packages/airflow/example_dags/example_time_delta_sensor_async.py took 0.272 seconds
[2025-10-10T08:43:00.477+0000] {processor.py:186} INFO - Started process (PID=705) to work on /home/airflow/.local/lib/python3.12/site-packages/airflow/example_dags/example_time_delta_sensor_async.py
[2025-10-10T08:43:00.488+0000] {processor.py:914} INFO - Processing file /home/airflow/.local/lib/python3.12/site-packages/airflow/example_dags/example_time_delta_sensor_async.py for tasks to queue
[2025-10-10T08:43:00.503+0000] {logging_mixin.py:190} INFO - [2025-10-10T08:43:00.497+0000] {dagbag.py:587} INFO - Filling up the DagBag from /home/airflow/.local/lib/python3.12/site-packages/airflow/example_dags/example_time_delta_sensor_async.py
[2025-10-10T08:43:00.552+0000] {processor.py:925} INFO - DAG(s) 'example_time_delta_sensor_async' retrieved from /home/airflow/.local/lib/python3.12/site-packages/airflow/example_dags/example_time_delta_sensor_async.py
[2025-10-10T08:43:00.665+0000] {logging_mixin.py:190} INFO - [2025-10-10T08:43:00.664+0000] {dag.py:3211} INFO - Sync 1 DAGs
[2025-10-10T08:43:00.754+0000] {logging_mixin.py:190} INFO - [2025-10-10T08:43:00.753+0000] {dag.py:4138} INFO - Setting next_dagrun for example_time_delta_sensor_async to None, run_after=None
[2025-10-10T08:43:00.879+0000] {processor.py:208} INFO - Processing /home/airflow/.local/lib/python3.12/site-packages/airflow/example_dags/example_time_delta_sensor_async.py took 0.446 seconds
[2025-10-10T08:43:32.089+0000] {processor.py:186} INFO - Started process (PID=768) to work on /home/airflow/.local/lib/python3.12/site-packages/airflow/example_dags/example_time_delta_sensor_async.py
[2025-10-10T08:43:32.096+0000] {processor.py:914} INFO - Processing file /home/airflow/.local/lib/python3.12/site-packages/airflow/example_dags/example_time_delta_sensor_async.py for tasks to queue
[2025-10-10T08:43:32.110+0000] {logging_mixin.py:190} INFO - [2025-10-10T08:43:32.108+0000] {dagbag.py:587} INFO - Filling up the DagBag from /home/airflow/.local/lib/python3.12/site-packages/airflow/example_dags/example_time_delta_sensor_async.py
[2025-10-10T08:43:32.150+0000] {processor.py:925} INFO - DAG(s) 'example_time_delta_sensor_async' retrieved from /home/airflow/.local/lib/python3.12/site-packages/airflow/example_dags/example_time_delta_sensor_async.py
[2025-10-10T08:43:32.268+0000] {logging_mixin.py:190} INFO - [2025-10-10T08:43:32.267+0000] {dag.py:3211} INFO - Sync 1 DAGs
[2025-10-10T08:43:32.324+0000] {logging_mixin.py:190} INFO - [2025-10-10T08:43:32.324+0000] {dag.py:4138} INFO - Setting next_dagrun for example_time_delta_sensor_async to None, run_after=None
[2025-10-10T08:43:32.382+0000] {processor.py:208} INFO - Processing /home/airflow/.local/lib/python3.12/site-packages/airflow/example_dags/example_time_delta_sensor_async.py took 0.327 seconds
[2025-10-10T08:44:02.897+0000] {processor.py:186} INFO - Started process (PID=831) to work on /home/airflow/.local/lib/python3.12/site-packages/airflow/example_dags/example_time_delta_sensor_async.py
[2025-10-10T08:44:02.900+0000] {processor.py:914} INFO - Processing file /home/airflow/.local/lib/python3.12/site-packages/airflow/example_dags/example_time_delta_sensor_async.py for tasks to queue
[2025-10-10T08:44:02.909+0000] {logging_mixin.py:190} INFO - [2025-10-10T08:44:02.908+0000] {dagbag.py:587} INFO - Filling up the DagBag from /home/airflow/.local/lib/python3.12/site-packages/airflow/example_dags/example_time_delta_sensor_async.py
[2025-10-10T08:44:02.935+0000] {processor.py:925} INFO - DAG(s) 'example_time_delta_sensor_async' retrieved from /home/airflow/.local/lib/python3.12/site-packages/airflow/example_dags/example_time_delta_sensor_async.py
[2025-10-10T08:44:03.014+0000] {logging_mixin.py:190} INFO - [2025-10-10T08:44:03.014+0000] {dag.py:3211} INFO - Sync 1 DAGs
[2025-10-10T08:44:03.080+0000] {logging_mixin.py:190} INFO - [2025-10-10T08:44:03.079+0000] {dag.py:4138} INFO - Setting next_dagrun for example_time_delta_sensor_async to None, run_after=None
[2025-10-10T08:44:03.132+0000] {processor.py:208} INFO - Processing /home/airflow/.local/lib/python3.12/site-packages/airflow/example_dags/example_time_delta_sensor_async.py took 0.260 seconds
[2025-10-10T08:44:33.844+0000] {processor.py:186} INFO - Started process (PID=893) to work on /home/airflow/.local/lib/python3.12/site-packages/airflow/example_dags/example_time_delta_sensor_async.py
[2025-10-10T08:44:33.848+0000] {processor.py:914} INFO - Processing file /home/airflow/.local/lib/python3.12/site-packages/airflow/example_dags/example_time_delta_sensor_async.py for tasks to queue
[2025-10-10T08:44:33.857+0000] {logging_mixin.py:190} INFO - [2025-10-10T08:44:33.856+0000] {dagbag.py:587} INFO - Filling up the DagBag from /home/airflow/.local/lib/python3.12/site-packages/airflow/example_dags/example_time_delta_sensor_async.py
[2025-10-10T08:44:33.885+0000] {processor.py:925} INFO - DAG(s) 'example_time_delta_sensor_async' retrieved from /home/airflow/.local/lib/python3.12/site-packages/airflow/example_dags/example_time_delta_sensor_async.py
[2025-10-10T08:44:33.974+0000] {logging_mixin.py:190} INFO - [2025-10-10T08:44:33.973+0000] {dag.py:3211} INFO - Sync 1 DAGs
[2025-10-10T08:44:34.039+0000] {logging_mixin.py:190} INFO - [2025-10-10T08:44:34.038+0000] {dag.py:4138} INFO - Setting next_dagrun for example_time_delta_sensor_async to None, run_after=None
[2025-10-10T08:44:34.127+0000] {processor.py:208} INFO - Processing /home/airflow/.local/lib/python3.12/site-packages/airflow/example_dags/example_time_delta_sensor_async.py took 0.307 seconds
[2025-10-10T08:45:05.368+0000] {processor.py:186} INFO - Started process (PID=956) to work on /home/airflow/.local/lib/python3.12/site-packages/airflow/example_dags/example_time_delta_sensor_async.py
[2025-10-10T08:45:05.371+0000] {processor.py:914} INFO - Processing file /home/airflow/.local/lib/python3.12/site-packages/airflow/example_dags/example_time_delta_sensor_async.py for tasks to queue
[2025-10-10T08:45:05.379+0000] {logging_mixin.py:190} INFO - [2025-10-10T08:45:05.378+0000] {dagbag.py:587} INFO - Filling up the DagBag from /home/airflow/.local/lib/python3.12/site-packages/airflow/example_dags/example_time_delta_sensor_async.py
[2025-10-10T08:45:05.400+0000] {processor.py:925} INFO - DAG(s) 'example_time_delta_sensor_async' retrieved from /home/airflow/.local/lib/python3.12/site-packages/airflow/example_dags/example_time_delta_sensor_async.py
[2025-10-10T08:45:05.475+0000] {logging_mixin.py:190} INFO - [2025-10-10T08:45:05.474+0000] {dag.py:3211} INFO - Sync 1 DAGs
[2025-10-10T08:45:05.515+0000] {logging_mixin.py:190} INFO - [2025-10-10T08:45:05.514+0000] {dag.py:4138} INFO - Setting next_dagrun for example_time_delta_sensor_async to None, run_after=None
[2025-10-10T08:45:05.568+0000] {processor.py:208} INFO - Processing /home/airflow/.local/lib/python3.12/site-packages/airflow/example_dags/example_time_delta_sensor_async.py took 0.219 seconds
[2025-10-10T08:45:36.450+0000] {processor.py:186} INFO - Started process (PID=1019) to work on /home/airflow/.local/lib/python3.12/site-packages/airflow/example_dags/example_time_delta_sensor_async.py
[2025-10-10T08:45:36.453+0000] {processor.py:914} INFO - Processing file /home/airflow/.local/lib/python3.12/site-packages/airflow/example_dags/example_time_delta_sensor_async.py for tasks to queue
[2025-10-10T08:45:36.460+0000] {logging_mixin.py:190} INFO - [2025-10-10T08:45:36.459+0000] {dagbag.py:587} INFO - Filling up the DagBag from /home/airflow/.local/lib/python3.12/site-packages/airflow/example_dags/example_time_delta_sensor_async.py
[2025-10-10T08:45:36.486+0000] {processor.py:925} INFO - DAG(s) 'example_time_delta_sensor_async' retrieved from /home/airflow/.local/lib/python3.12/site-packages/airflow/example_dags/example_time_delta_sensor_async.py
[2025-10-10T08:45:36.546+0000] {logging_mixin.py:190} INFO - [2025-10-10T08:45:36.545+0000] {dag.py:3211} INFO - Sync 1 DAGs
[2025-10-10T08:45:36.595+0000] {logging_mixin.py:190} INFO - [2025-10-10T08:45:36.594+0000] {dag.py:4138} INFO - Setting next_dagrun for example_time_delta_sensor_async to None, run_after=None
[2025-10-10T08:45:36.674+0000] {processor.py:208} INFO - Processing /home/airflow/.local/lib/python3.12/site-packages/airflow/example_dags/example_time_delta_sensor_async.py took 0.244 seconds
[2025-10-10T08:46:07.052+0000] {processor.py:186} INFO - Started process (PID=1082) to work on /home/airflow/.local/lib/python3.12/site-packages/airflow/example_dags/example_time_delta_sensor_async.py
[2025-10-10T08:46:07.055+0000] {processor.py:914} INFO - Processing file /home/airflow/.local/lib/python3.12/site-packages/airflow/example_dags/example_time_delta_sensor_async.py for tasks to queue
[2025-10-10T08:46:07.063+0000] {logging_mixin.py:190} INFO - [2025-10-10T08:46:07.061+0000] {dagbag.py:587} INFO - Filling up the DagBag from /home/airflow/.local/lib/python3.12/site-packages/airflow/example_dags/example_time_delta_sensor_async.py
[2025-10-10T08:46:07.095+0000] {processor.py:925} INFO - DAG(s) 'example_time_delta_sensor_async' retrieved from /home/airflow/.local/lib/python3.12/site-packages/airflow/example_dags/example_time_delta_sensor_async.py
[2025-10-10T08:46:07.156+0000] {logging_mixin.py:190} INFO - [2025-10-10T08:46:07.155+0000] {dag.py:3211} INFO - Sync 1 DAGs
[2025-10-10T08:46:07.197+0000] {logging_mixin.py:190} INFO - [2025-10-10T08:46:07.196+0000] {dag.py:4138} INFO - Setting next_dagrun for example_time_delta_sensor_async to None, run_after=None
[2025-10-10T08:46:07.256+0000] {processor.py:208} INFO - Processing /home/airflow/.local/lib/python3.12/site-packages/airflow/example_dags/example_time_delta_sensor_async.py took 0.227 seconds
[2025-10-10T08:46:37.730+0000] {processor.py:186} INFO - Started process (PID=1145) to work on /home/airflow/.local/lib/python3.12/site-packages/airflow/example_dags/example_time_delta_sensor_async.py
[2025-10-10T08:46:37.733+0000] {processor.py:914} INFO - Processing file /home/airflow/.local/lib/python3.12/site-packages/airflow/example_dags/example_time_delta_sensor_async.py for tasks to queue
[2025-10-10T08:46:37.740+0000] {logging_mixin.py:190} INFO - [2025-10-10T08:46:37.739+0000] {dagbag.py:587} INFO - Filling up the DagBag from /home/airflow/.local/lib/python3.12/site-packages/airflow/example_dags/example_time_delta_sensor_async.py
[2025-10-10T08:46:37.758+0000] {processor.py:925} INFO - DAG(s) 'example_time_delta_sensor_async' retrieved from /home/airflow/.local/lib/python3.12/site-packages/airflow/example_dags/example_time_delta_sensor_async.py
[2025-10-10T08:46:37.809+0000] {logging_mixin.py:190} INFO - [2025-10-10T08:46:37.808+0000] {dag.py:3211} INFO - Sync 1 DAGs
[2025-10-10T08:46:37.851+0000] {logging_mixin.py:190} INFO - [2025-10-10T08:46:37.851+0000] {dag.py:4138} INFO - Setting next_dagrun for example_time_delta_sensor_async to None, run_after=None
[2025-10-10T08:46:37.904+0000] {processor.py:208} INFO - Processing /home/airflow/.local/lib/python3.12/site-packages/airflow/example_dags/example_time_delta_sensor_async.py took 0.193 seconds
[2025-10-10T08:47:08.332+0000] {processor.py:186} INFO - Started process (PID=1208) to work on /home/airflow/.local/lib/python3.12/site-packages/airflow/example_dags/example_time_delta_sensor_async.py
[2025-10-10T08:47:08.335+0000] {processor.py:914} INFO - Processing file /home/airflow/.local/lib/python3.12/site-packages/airflow/example_dags/example_time_delta_sensor_async.py for tasks to queue
[2025-10-10T08:47:08.340+0000] {logging_mixin.py:190} INFO - [2025-10-10T08:47:08.339+0000] {dagbag.py:587} INFO - Filling up the DagBag from /home/airflow/.local/lib/python3.12/site-packages/airflow/example_dags/example_time_delta_sensor_async.py
[2025-10-10T08:47:08.357+0000] {processor.py:925} INFO - DAG(s) 'example_time_delta_sensor_async' retrieved from /home/airflow/.local/lib/python3.12/site-packages/airflow/example_dags/example_time_delta_sensor_async.py
[2025-10-10T08:47:08.403+0000] {logging_mixin.py:190} INFO - [2025-10-10T08:47:08.402+0000] {dag.py:3211} INFO - Sync 1 DAGs
[2025-10-10T08:47:08.438+0000] {logging_mixin.py:190} INFO - [2025-10-10T08:47:08.437+0000] {dag.py:4138} INFO - Setting next_dagrun for example_time_delta_sensor_async to None, run_after=None
[2025-10-10T08:47:08.495+0000] {processor.py:208} INFO - Processing /home/airflow/.local/lib/python3.12/site-packages/airflow/example_dags/example_time_delta_sensor_async.py took 0.174 seconds
[2025-10-10T08:47:38.632+0000] {processor.py:186} INFO - Started process (PID=1270) to work on /home/airflow/.local/lib/python3.12/site-packages/airflow/example_dags/example_time_delta_sensor_async.py
[2025-10-10T08:47:38.636+0000] {processor.py:914} INFO - Processing file /home/airflow/.local/lib/python3.12/site-packages/airflow/example_dags/example_time_delta_sensor_async.py for tasks to queue
[2025-10-10T08:47:38.643+0000] {logging_mixin.py:190} INFO - [2025-10-10T08:47:38.642+0000] {dagbag.py:587} INFO - Filling up the DagBag from /home/airflow/.local/lib/python3.12/site-packages/airflow/example_dags/example_time_delta_sensor_async.py
[2025-10-10T08:47:38.665+0000] {processor.py:925} INFO - DAG(s) 'example_time_delta_sensor_async' retrieved from /home/airflow/.local/lib/python3.12/site-packages/airflow/example_dags/example_time_delta_sensor_async.py
[2025-10-10T08:47:38.732+0000] {logging_mixin.py:190} INFO - [2025-10-10T08:47:38.731+0000] {dag.py:3211} INFO - Sync 1 DAGs
[2025-10-10T08:47:38.774+0000] {logging_mixin.py:190} INFO - [2025-10-10T08:47:38.774+0000] {dag.py:4138} INFO - Setting next_dagrun for example_time_delta_sensor_async to None, run_after=None
[2025-10-10T08:47:38.869+0000] {processor.py:208} INFO - Processing /home/airflow/.local/lib/python3.12/site-packages/airflow/example_dags/example_time_delta_sensor_async.py took 0.266 seconds
[2025-10-10T08:48:09.632+0000] {processor.py:186} INFO - Started process (PID=1333) to work on /home/airflow/.local/lib/python3.12/site-packages/airflow/example_dags/example_time_delta_sensor_async.py
[2025-10-10T08:48:09.634+0000] {processor.py:914} INFO - Processing file /home/airflow/.local/lib/python3.12/site-packages/airflow/example_dags/example_time_delta_sensor_async.py for tasks to queue
[2025-10-10T08:48:09.640+0000] {logging_mixin.py:190} INFO - [2025-10-10T08:48:09.639+0000] {dagbag.py:587} INFO - Filling up the DagBag from /home/airflow/.local/lib/python3.12/site-packages/airflow/example_dags/example_time_delta_sensor_async.py
[2025-10-10T08:48:09.655+0000] {processor.py:925} INFO - DAG(s) 'example_time_delta_sensor_async' retrieved from /home/airflow/.local/lib/python3.12/site-packages/airflow/example_dags/example_time_delta_sensor_async.py
[2025-10-10T08:48:09.697+0000] {logging_mixin.py:190} INFO - [2025-10-10T08:48:09.697+0000] {dag.py:3211} INFO - Sync 1 DAGs
[2025-10-10T08:48:09.729+0000] {logging_mixin.py:190} INFO - [2025-10-10T08:48:09.728+0000] {dag.py:4138} INFO - Setting next_dagrun for example_time_delta_sensor_async to None, run_after=None
[2025-10-10T08:48:09.785+0000] {processor.py:208} INFO - Processing /home/airflow/.local/lib/python3.12/site-packages/airflow/example_dags/example_time_delta_sensor_async.py took 0.166 seconds
[2025-10-10T08:48:40.055+0000] {processor.py:186} INFO - Started process (PID=1396) to work on /home/airflow/.local/lib/python3.12/site-packages/airflow/example_dags/example_time_delta_sensor_async.py
[2025-10-10T08:48:40.058+0000] {processor.py:914} INFO - Processing file /home/airflow/.local/lib/python3.12/site-packages/airflow/example_dags/example_time_delta_sensor_async.py for tasks to queue
[2025-10-10T08:48:40.068+0000] {logging_mixin.py:190} INFO - [2025-10-10T08:48:40.067+0000] {dagbag.py:587} INFO - Filling up the DagBag from /home/airflow/.local/lib/python3.12/site-packages/airflow/example_dags/example_time_delta_sensor_async.py
[2025-10-10T08:48:40.091+0000] {processor.py:925} INFO - DAG(s) 'example_time_delta_sensor_async' retrieved from /home/airflow/.local/lib/python3.12/site-packages/airflow/example_dags/example_time_delta_sensor_async.py
[2025-10-10T08:48:40.154+0000] {logging_mixin.py:190} INFO - [2025-10-10T08:48:40.153+0000] {dag.py:3211} INFO - Sync 1 DAGs
[2025-10-10T08:48:40.200+0000] {logging_mixin.py:190} INFO - [2025-10-10T08:48:40.200+0000] {dag.py:4138} INFO - Setting next_dagrun for example_time_delta_sensor_async to None, run_after=None
[2025-10-10T08:48:40.300+0000] {processor.py:208} INFO - Processing /home/airflow/.local/lib/python3.12/site-packages/airflow/example_dags/example_time_delta_sensor_async.py took 0.262 seconds
[2025-10-10T08:49:11.870+0000] {processor.py:186} INFO - Started process (PID=1459) to work on /home/airflow/.local/lib/python3.12/site-packages/airflow/example_dags/example_time_delta_sensor_async.py
[2025-10-10T08:49:11.874+0000] {processor.py:914} INFO - Processing file /home/airflow/.local/lib/python3.12/site-packages/airflow/example_dags/example_time_delta_sensor_async.py for tasks to queue
[2025-10-10T08:49:11.881+0000] {logging_mixin.py:190} INFO - [2025-10-10T08:49:11.880+0000] {dagbag.py:587} INFO - Filling up the DagBag from /home/airflow/.local/lib/python3.12/site-packages/airflow/example_dags/example_time_delta_sensor_async.py
[2025-10-10T08:49:11.902+0000] {processor.py:925} INFO - DAG(s) 'example_time_delta_sensor_async' retrieved from /home/airflow/.local/lib/python3.12/site-packages/airflow/example_dags/example_time_delta_sensor_async.py
[2025-10-10T08:49:11.967+0000] {logging_mixin.py:190} INFO - [2025-10-10T08:49:11.966+0000] {dag.py:3211} INFO - Sync 1 DAGs
[2025-10-10T08:49:12.019+0000] {logging_mixin.py:190} INFO - [2025-10-10T08:49:12.018+0000] {dag.py:4138} INFO - Setting next_dagrun for example_time_delta_sensor_async to None, run_after=None
[2025-10-10T08:49:12.085+0000] {processor.py:208} INFO - Processing /home/airflow/.local/lib/python3.12/site-packages/airflow/example_dags/example_time_delta_sensor_async.py took 0.235 seconds
[2025-10-10T08:53:48.669+0000] {processor.py:186} INFO - Started process (PID=79) to work on /home/airflow/.local/lib/python3.12/site-packages/airflow/example_dags/example_time_delta_sensor_async.py
[2025-10-10T08:53:48.679+0000] {processor.py:914} INFO - Processing file /home/airflow/.local/lib/python3.12/site-packages/airflow/example_dags/example_time_delta_sensor_async.py for tasks to queue
[2025-10-10T08:53:48.705+0000] {logging_mixin.py:190} INFO - [2025-10-10T08:53:48.703+0000] {dagbag.py:587} INFO - Filling up the DagBag from /home/airflow/.local/lib/python3.12/site-packages/airflow/example_dags/example_time_delta_sensor_async.py
[2025-10-10T08:53:48.761+0000] {processor.py:925} INFO - DAG(s) 'example_time_delta_sensor_async' retrieved from /home/airflow/.local/lib/python3.12/site-packages/airflow/example_dags/example_time_delta_sensor_async.py
[2025-10-10T08:53:48.894+0000] {logging_mixin.py:190} INFO - [2025-10-10T08:53:48.893+0000] {dag.py:3211} INFO - Sync 1 DAGs
[2025-10-10T08:53:48.951+0000] {logging_mixin.py:190} INFO - [2025-10-10T08:53:48.951+0000] {dag.py:4138} INFO - Setting next_dagrun for example_time_delta_sensor_async to None, run_after=None
[2025-10-10T08:53:49.032+0000] {processor.py:208} INFO - Processing /home/airflow/.local/lib/python3.12/site-packages/airflow/example_dags/example_time_delta_sensor_async.py took 0.431 seconds
[2025-10-10T08:54:21.358+0000] {processor.py:186} INFO - Started process (PID=142) to work on /home/airflow/.local/lib/python3.12/site-packages/airflow/example_dags/example_time_delta_sensor_async.py
[2025-10-10T08:54:21.395+0000] {processor.py:914} INFO - Processing file /home/airflow/.local/lib/python3.12/site-packages/airflow/example_dags/example_time_delta_sensor_async.py for tasks to queue
[2025-10-10T08:54:21.405+0000] {logging_mixin.py:190} INFO - [2025-10-10T08:54:21.403+0000] {dagbag.py:587} INFO - Filling up the DagBag from /home/airflow/.local/lib/python3.12/site-packages/airflow/example_dags/example_time_delta_sensor_async.py
[2025-10-10T08:54:21.433+0000] {processor.py:925} INFO - DAG(s) 'example_time_delta_sensor_async' retrieved from /home/airflow/.local/lib/python3.12/site-packages/airflow/example_dags/example_time_delta_sensor_async.py
[2025-10-10T08:54:21.521+0000] {logging_mixin.py:190} INFO - [2025-10-10T08:54:21.520+0000] {dag.py:3211} INFO - Sync 1 DAGs
[2025-10-10T08:54:21.582+0000] {logging_mixin.py:190} INFO - [2025-10-10T08:54:21.581+0000] {dag.py:4138} INFO - Setting next_dagrun for example_time_delta_sensor_async to None, run_after=None
[2025-10-10T08:54:21.810+0000] {processor.py:208} INFO - Processing /home/airflow/.local/lib/python3.12/site-packages/airflow/example_dags/example_time_delta_sensor_async.py took 0.468 seconds
[2025-10-10T08:54:52.510+0000] {processor.py:186} INFO - Started process (PID=206) to work on /home/airflow/.local/lib/python3.12/site-packages/airflow/example_dags/example_time_delta_sensor_async.py
[2025-10-10T08:54:52.516+0000] {processor.py:914} INFO - Processing file /home/airflow/.local/lib/python3.12/site-packages/airflow/example_dags/example_time_delta_sensor_async.py for tasks to queue
[2025-10-10T08:54:52.535+0000] {logging_mixin.py:190} INFO - [2025-10-10T08:54:52.531+0000] {dagbag.py:587} INFO - Filling up the DagBag from /home/airflow/.local/lib/python3.12/site-packages/airflow/example_dags/example_time_delta_sensor_async.py
[2025-10-10T08:54:52.599+0000] {processor.py:925} INFO - DAG(s) 'example_time_delta_sensor_async' retrieved from /home/airflow/.local/lib/python3.12/site-packages/airflow/example_dags/example_time_delta_sensor_async.py
[2025-10-10T08:54:52.689+0000] {logging_mixin.py:190} INFO - [2025-10-10T08:54:52.689+0000] {dag.py:3211} INFO - Sync 1 DAGs
[2025-10-10T08:54:52.729+0000] {logging_mixin.py:190} INFO - [2025-10-10T08:54:52.728+0000] {dag.py:4138} INFO - Setting next_dagrun for example_time_delta_sensor_async to None, run_after=None
[2025-10-10T08:54:52.974+0000] {processor.py:208} INFO - Processing /home/airflow/.local/lib/python3.12/site-packages/airflow/example_dags/example_time_delta_sensor_async.py took 0.507 seconds
[2025-10-10T08:57:57.550+0000] {processor.py:186} INFO - Started process (PID=80) to work on /home/airflow/.local/lib/python3.12/site-packages/airflow/example_dags/example_time_delta_sensor_async.py
[2025-10-10T08:57:57.554+0000] {processor.py:914} INFO - Processing file /home/airflow/.local/lib/python3.12/site-packages/airflow/example_dags/example_time_delta_sensor_async.py for tasks to queue
[2025-10-10T08:57:57.563+0000] {logging_mixin.py:190} INFO - [2025-10-10T08:57:57.562+0000] {dagbag.py:587} INFO - Filling up the DagBag from /home/airflow/.local/lib/python3.12/site-packages/airflow/example_dags/example_time_delta_sensor_async.py
[2025-10-10T08:57:57.624+0000] {processor.py:925} INFO - DAG(s) 'example_time_delta_sensor_async' retrieved from /home/airflow/.local/lib/python3.12/site-packages/airflow/example_dags/example_time_delta_sensor_async.py
[2025-10-10T08:57:57.797+0000] {logging_mixin.py:190} INFO - [2025-10-10T08:57:57.797+0000] {dag.py:3211} INFO - Sync 1 DAGs
[2025-10-10T08:57:58.231+0000] {logging_mixin.py:190} INFO - [2025-10-10T08:57:58.230+0000] {dag.py:4138} INFO - Setting next_dagrun for example_time_delta_sensor_async to None, run_after=None
[2025-10-10T08:57:58.286+0000] {processor.py:208} INFO - Processing /home/airflow/.local/lib/python3.12/site-packages/airflow/example_dags/example_time_delta_sensor_async.py took 0.771 seconds
[2025-10-10T08:58:29.030+0000] {processor.py:186} INFO - Started process (PID=143) to work on /home/airflow/.local/lib/python3.12/site-packages/airflow/example_dags/example_time_delta_sensor_async.py
[2025-10-10T08:58:29.037+0000] {processor.py:914} INFO - Processing file /home/airflow/.local/lib/python3.12/site-packages/airflow/example_dags/example_time_delta_sensor_async.py for tasks to queue
[2025-10-10T08:58:29.053+0000] {logging_mixin.py:190} INFO - [2025-10-10T08:58:29.052+0000] {dagbag.py:587} INFO - Filling up the DagBag from /home/airflow/.local/lib/python3.12/site-packages/airflow/example_dags/example_time_delta_sensor_async.py
[2025-10-10T08:58:29.121+0000] {processor.py:925} INFO - DAG(s) 'example_time_delta_sensor_async' retrieved from /home/airflow/.local/lib/python3.12/site-packages/airflow/example_dags/example_time_delta_sensor_async.py
[2025-10-10T08:58:29.243+0000] {logging_mixin.py:190} INFO - [2025-10-10T08:58:29.242+0000] {dag.py:3211} INFO - Sync 1 DAGs
[2025-10-10T08:58:29.284+0000] {logging_mixin.py:190} INFO - [2025-10-10T08:58:29.284+0000] {dag.py:4138} INFO - Setting next_dagrun for example_time_delta_sensor_async to None, run_after=None
[2025-10-10T08:58:29.342+0000] {processor.py:208} INFO - Processing /home/airflow/.local/lib/python3.12/site-packages/airflow/example_dags/example_time_delta_sensor_async.py took 0.339 seconds
[2025-10-10T09:01:24.389+0000] {processor.py:186} INFO - Started process (PID=79) to work on /home/airflow/.local/lib/python3.12/site-packages/airflow/example_dags/example_time_delta_sensor_async.py
[2025-10-10T09:01:24.396+0000] {processor.py:914} INFO - Processing file /home/airflow/.local/lib/python3.12/site-packages/airflow/example_dags/example_time_delta_sensor_async.py for tasks to queue
[2025-10-10T09:01:24.420+0000] {logging_mixin.py:190} INFO - [2025-10-10T09:01:24.415+0000] {dagbag.py:587} INFO - Filling up the DagBag from /home/airflow/.local/lib/python3.12/site-packages/airflow/example_dags/example_time_delta_sensor_async.py
[2025-10-10T09:01:24.774+0000] {processor.py:925} INFO - DAG(s) 'example_time_delta_sensor_async' retrieved from /home/airflow/.local/lib/python3.12/site-packages/airflow/example_dags/example_time_delta_sensor_async.py
[2025-10-10T09:01:26.093+0000] {logging_mixin.py:190} INFO - [2025-10-10T09:01:26.091+0000] {dag.py:3211} INFO - Sync 1 DAGs
[2025-10-10T09:01:26.253+0000] {logging_mixin.py:190} INFO - [2025-10-10T09:01:26.252+0000] {dag.py:4138} INFO - Setting next_dagrun for example_time_delta_sensor_async to None, run_after=None
[2025-10-10T09:01:26.331+0000] {processor.py:208} INFO - Processing /home/airflow/.local/lib/python3.12/site-packages/airflow/example_dags/example_time_delta_sensor_async.py took 2.130 seconds
[2025-10-10T09:01:56.935+0000] {processor.py:186} INFO - Started process (PID=142) to work on /home/airflow/.local/lib/python3.12/site-packages/airflow/example_dags/example_time_delta_sensor_async.py
[2025-10-10T09:01:56.938+0000] {processor.py:914} INFO - Processing file /home/airflow/.local/lib/python3.12/site-packages/airflow/example_dags/example_time_delta_sensor_async.py for tasks to queue
[2025-10-10T09:01:56.946+0000] {logging_mixin.py:190} INFO - [2025-10-10T09:01:56.945+0000] {dagbag.py:587} INFO - Filling up the DagBag from /home/airflow/.local/lib/python3.12/site-packages/airflow/example_dags/example_time_delta_sensor_async.py
[2025-10-10T09:01:56.978+0000] {processor.py:925} INFO - DAG(s) 'example_time_delta_sensor_async' retrieved from /home/airflow/.local/lib/python3.12/site-packages/airflow/example_dags/example_time_delta_sensor_async.py
[2025-10-10T09:01:57.054+0000] {logging_mixin.py:190} INFO - [2025-10-10T09:01:57.053+0000] {dag.py:3211} INFO - Sync 1 DAGs
[2025-10-10T09:01:57.103+0000] {logging_mixin.py:190} INFO - [2025-10-10T09:01:57.103+0000] {dag.py:4138} INFO - Setting next_dagrun for example_time_delta_sensor_async to None, run_after=None
[2025-10-10T09:01:57.148+0000] {processor.py:208} INFO - Processing /home/airflow/.local/lib/python3.12/site-packages/airflow/example_dags/example_time_delta_sensor_async.py took 0.233 seconds
[2025-10-10T09:02:27.448+0000] {processor.py:186} INFO - Started process (PID=205) to work on /home/airflow/.local/lib/python3.12/site-packages/airflow/example_dags/example_time_delta_sensor_async.py
[2025-10-10T09:02:27.454+0000] {processor.py:914} INFO - Processing file /home/airflow/.local/lib/python3.12/site-packages/airflow/example_dags/example_time_delta_sensor_async.py for tasks to queue
[2025-10-10T09:02:27.465+0000] {logging_mixin.py:190} INFO - [2025-10-10T09:02:27.464+0000] {dagbag.py:587} INFO - Filling up the DagBag from /home/airflow/.local/lib/python3.12/site-packages/airflow/example_dags/example_time_delta_sensor_async.py
[2025-10-10T09:02:27.565+0000] {processor.py:925} INFO - DAG(s) 'example_time_delta_sensor_async' retrieved from /home/airflow/.local/lib/python3.12/site-packages/airflow/example_dags/example_time_delta_sensor_async.py
[2025-10-10T09:02:27.833+0000] {logging_mixin.py:190} INFO - [2025-10-10T09:02:27.832+0000] {dag.py:3211} INFO - Sync 1 DAGs
[2025-10-10T09:02:27.888+0000] {logging_mixin.py:190} INFO - [2025-10-10T09:02:27.887+0000] {dag.py:4138} INFO - Setting next_dagrun for example_time_delta_sensor_async to None, run_after=None
[2025-10-10T09:02:27.938+0000] {processor.py:208} INFO - Processing /home/airflow/.local/lib/python3.12/site-packages/airflow/example_dags/example_time_delta_sensor_async.py took 0.506 seconds
[2025-10-10T09:02:58.123+0000] {processor.py:186} INFO - Started process (PID=269) to work on /home/airflow/.local/lib/python3.12/site-packages/airflow/example_dags/example_time_delta_sensor_async.py
[2025-10-10T09:02:58.126+0000] {processor.py:914} INFO - Processing file /home/airflow/.local/lib/python3.12/site-packages/airflow/example_dags/example_time_delta_sensor_async.py for tasks to queue
[2025-10-10T09:02:58.134+0000] {logging_mixin.py:190} INFO - [2025-10-10T09:02:58.133+0000] {dagbag.py:587} INFO - Filling up the DagBag from /home/airflow/.local/lib/python3.12/site-packages/airflow/example_dags/example_time_delta_sensor_async.py
[2025-10-10T09:02:58.155+0000] {processor.py:925} INFO - DAG(s) 'example_time_delta_sensor_async' retrieved from /home/airflow/.local/lib/python3.12/site-packages/airflow/example_dags/example_time_delta_sensor_async.py
[2025-10-10T09:02:58.216+0000] {logging_mixin.py:190} INFO - [2025-10-10T09:02:58.216+0000] {dag.py:3211} INFO - Sync 1 DAGs
[2025-10-10T09:02:58.313+0000] {logging_mixin.py:190} INFO - [2025-10-10T09:02:58.311+0000] {dag.py:4138} INFO - Setting next_dagrun for example_time_delta_sensor_async to None, run_after=None
[2025-10-10T09:02:58.386+0000] {processor.py:208} INFO - Processing /home/airflow/.local/lib/python3.12/site-packages/airflow/example_dags/example_time_delta_sensor_async.py took 0.293 seconds
[2025-10-10T09:03:28.691+0000] {processor.py:186} INFO - Started process (PID=331) to work on /home/airflow/.local/lib/python3.12/site-packages/airflow/example_dags/example_time_delta_sensor_async.py
[2025-10-10T09:03:28.699+0000] {processor.py:914} INFO - Processing file /home/airflow/.local/lib/python3.12/site-packages/airflow/example_dags/example_time_delta_sensor_async.py for tasks to queue
[2025-10-10T09:03:28.718+0000] {logging_mixin.py:190} INFO - [2025-10-10T09:03:28.716+0000] {dagbag.py:587} INFO - Filling up the DagBag from /home/airflow/.local/lib/python3.12/site-packages/airflow/example_dags/example_time_delta_sensor_async.py
[2025-10-10T09:03:28.785+0000] {processor.py:925} INFO - DAG(s) 'example_time_delta_sensor_async' retrieved from /home/airflow/.local/lib/python3.12/site-packages/airflow/example_dags/example_time_delta_sensor_async.py
[2025-10-10T09:03:28.959+0000] {logging_mixin.py:190} INFO - [2025-10-10T09:03:28.958+0000] {dag.py:3211} INFO - Sync 1 DAGs
[2025-10-10T09:03:29.110+0000] {logging_mixin.py:190} INFO - [2025-10-10T09:03:29.110+0000] {dag.py:4138} INFO - Setting next_dagrun for example_time_delta_sensor_async to None, run_after=None
[2025-10-10T09:03:29.211+0000] {processor.py:208} INFO - Processing /home/airflow/.local/lib/python3.12/site-packages/airflow/example_dags/example_time_delta_sensor_async.py took 0.580 seconds
[2025-10-10T09:04:00.230+0000] {processor.py:186} INFO - Started process (PID=395) to work on /home/airflow/.local/lib/python3.12/site-packages/airflow/example_dags/example_time_delta_sensor_async.py
[2025-10-10T09:04:00.234+0000] {processor.py:914} INFO - Processing file /home/airflow/.local/lib/python3.12/site-packages/airflow/example_dags/example_time_delta_sensor_async.py for tasks to queue
[2025-10-10T09:04:00.241+0000] {logging_mixin.py:190} INFO - [2025-10-10T09:04:00.240+0000] {dagbag.py:587} INFO - Filling up the DagBag from /home/airflow/.local/lib/python3.12/site-packages/airflow/example_dags/example_time_delta_sensor_async.py
[2025-10-10T09:04:00.276+0000] {processor.py:925} INFO - DAG(s) 'example_time_delta_sensor_async' retrieved from /home/airflow/.local/lib/python3.12/site-packages/airflow/example_dags/example_time_delta_sensor_async.py
[2025-10-10T09:04:00.352+0000] {logging_mixin.py:190} INFO - [2025-10-10T09:04:00.351+0000] {dag.py:3211} INFO - Sync 1 DAGs
[2025-10-10T09:04:00.398+0000] {logging_mixin.py:190} INFO - [2025-10-10T09:04:00.397+0000] {dag.py:4138} INFO - Setting next_dagrun for example_time_delta_sensor_async to None, run_after=None
[2025-10-10T09:04:00.451+0000] {processor.py:208} INFO - Processing /home/airflow/.local/lib/python3.12/site-packages/airflow/example_dags/example_time_delta_sensor_async.py took 0.244 seconds
[2025-10-10T09:04:30.801+0000] {processor.py:186} INFO - Started process (PID=458) to work on /home/airflow/.local/lib/python3.12/site-packages/airflow/example_dags/example_time_delta_sensor_async.py
[2025-10-10T09:04:30.806+0000] {processor.py:914} INFO - Processing file /home/airflow/.local/lib/python3.12/site-packages/airflow/example_dags/example_time_delta_sensor_async.py for tasks to queue
[2025-10-10T09:04:30.814+0000] {logging_mixin.py:190} INFO - [2025-10-10T09:04:30.813+0000] {dagbag.py:587} INFO - Filling up the DagBag from /home/airflow/.local/lib/python3.12/site-packages/airflow/example_dags/example_time_delta_sensor_async.py
[2025-10-10T09:04:30.838+0000] {processor.py:925} INFO - DAG(s) 'example_time_delta_sensor_async' retrieved from /home/airflow/.local/lib/python3.12/site-packages/airflow/example_dags/example_time_delta_sensor_async.py
[2025-10-10T09:04:30.900+0000] {logging_mixin.py:190} INFO - [2025-10-10T09:04:30.900+0000] {dag.py:3211} INFO - Sync 1 DAGs
[2025-10-10T09:04:30.942+0000] {logging_mixin.py:190} INFO - [2025-10-10T09:04:30.942+0000] {dag.py:4138} INFO - Setting next_dagrun for example_time_delta_sensor_async to None, run_after=None
[2025-10-10T09:04:30.989+0000] {processor.py:208} INFO - Processing /home/airflow/.local/lib/python3.12/site-packages/airflow/example_dags/example_time_delta_sensor_async.py took 0.210 seconds
[2025-10-10T09:05:01.348+0000] {processor.py:186} INFO - Started process (PID=521) to work on /home/airflow/.local/lib/python3.12/site-packages/airflow/example_dags/example_time_delta_sensor_async.py
[2025-10-10T09:05:01.350+0000] {processor.py:914} INFO - Processing file /home/airflow/.local/lib/python3.12/site-packages/airflow/example_dags/example_time_delta_sensor_async.py for tasks to queue
[2025-10-10T09:05:01.355+0000] {logging_mixin.py:190} INFO - [2025-10-10T09:05:01.354+0000] {dagbag.py:587} INFO - Filling up the DagBag from /home/airflow/.local/lib/python3.12/site-packages/airflow/example_dags/example_time_delta_sensor_async.py
[2025-10-10T09:05:01.369+0000] {processor.py:925} INFO - DAG(s) 'example_time_delta_sensor_async' retrieved from /home/airflow/.local/lib/python3.12/site-packages/airflow/example_dags/example_time_delta_sensor_async.py
[2025-10-10T09:05:01.422+0000] {logging_mixin.py:190} INFO - [2025-10-10T09:05:01.421+0000] {dag.py:3211} INFO - Sync 1 DAGs
[2025-10-10T09:05:01.449+0000] {logging_mixin.py:190} INFO - [2025-10-10T09:05:01.449+0000] {dag.py:4138} INFO - Setting next_dagrun for example_time_delta_sensor_async to None, run_after=None
[2025-10-10T09:05:01.490+0000] {processor.py:208} INFO - Processing /home/airflow/.local/lib/python3.12/site-packages/airflow/example_dags/example_time_delta_sensor_async.py took 0.158 seconds
[2025-10-10T09:05:31.940+0000] {processor.py:186} INFO - Started process (PID=584) to work on /home/airflow/.local/lib/python3.12/site-packages/airflow/example_dags/example_time_delta_sensor_async.py
[2025-10-10T09:05:31.943+0000] {processor.py:914} INFO - Processing file /home/airflow/.local/lib/python3.12/site-packages/airflow/example_dags/example_time_delta_sensor_async.py for tasks to queue
[2025-10-10T09:05:31.951+0000] {logging_mixin.py:190} INFO - [2025-10-10T09:05:31.950+0000] {dagbag.py:587} INFO - Filling up the DagBag from /home/airflow/.local/lib/python3.12/site-packages/airflow/example_dags/example_time_delta_sensor_async.py
[2025-10-10T09:05:31.973+0000] {processor.py:925} INFO - DAG(s) 'example_time_delta_sensor_async' retrieved from /home/airflow/.local/lib/python3.12/site-packages/airflow/example_dags/example_time_delta_sensor_async.py
[2025-10-10T09:05:32.056+0000] {logging_mixin.py:190} INFO - [2025-10-10T09:05:32.055+0000] {dag.py:3211} INFO - Sync 1 DAGs
[2025-10-10T09:05:32.181+0000] {logging_mixin.py:190} INFO - [2025-10-10T09:05:32.170+0000] {dag.py:4138} INFO - Setting next_dagrun for example_time_delta_sensor_async to None, run_after=None
[2025-10-10T09:05:32.305+0000] {processor.py:208} INFO - Processing /home/airflow/.local/lib/python3.12/site-packages/airflow/example_dags/example_time_delta_sensor_async.py took 0.382 seconds
