[2025-10-10T08:37:54.821+0000] {processor.py:186} INFO - Started process (PID=89) to work on /home/airflow/.local/lib/python3.12/site-packages/airflow/example_dags/example_external_task_marker_dag.py
[2025-10-10T08:37:54.824+0000] {processor.py:914} INFO - Processing file /home/airflow/.local/lib/python3.12/site-packages/airflow/example_dags/example_external_task_marker_dag.py for tasks to queue
[2025-10-10T08:37:54.832+0000] {logging_mixin.py:190} INFO - [2025-10-10T08:37:54.831+0000] {dagbag.py:587} INFO - Filling up the DagBag from /home/airflow/.local/lib/python3.12/site-packages/airflow/example_dags/example_external_task_marker_dag.py
[2025-10-10T08:37:54.857+0000] {processor.py:925} INFO - DAG(s) 'example_external_task_marker_parent', 'example_external_task_marker_child' retrieved from /home/airflow/.local/lib/python3.12/site-packages/airflow/example_dags/example_external_task_marker_dag.py
[2025-10-10T08:37:54.924+0000] {logging_mixin.py:190} INFO - [2025-10-10T08:37:54.923+0000] {dag.py:3211} INFO - Sync 2 DAGs
[2025-10-10T08:37:54.961+0000] {logging_mixin.py:190} INFO - [2025-10-10T08:37:54.960+0000] {dag.py:4138} INFO - Setting next_dagrun for example_external_task_marker_child to None, run_after=None
[2025-10-10T08:37:54.969+0000] {logging_mixin.py:190} INFO - [2025-10-10T08:37:54.969+0000] {dag.py:4138} INFO - Setting next_dagrun for example_external_task_marker_parent to None, run_after=None
[2025-10-10T08:37:55.012+0000] {processor.py:208} INFO - Processing /home/airflow/.local/lib/python3.12/site-packages/airflow/example_dags/example_external_task_marker_dag.py took 0.206 seconds
[2025-10-10T08:38:25.841+0000] {processor.py:186} INFO - Started process (PID=152) to work on /home/airflow/.local/lib/python3.12/site-packages/airflow/example_dags/example_external_task_marker_dag.py
[2025-10-10T08:38:25.844+0000] {processor.py:914} INFO - Processing file /home/airflow/.local/lib/python3.12/site-packages/airflow/example_dags/example_external_task_marker_dag.py for tasks to queue
[2025-10-10T08:38:25.853+0000] {logging_mixin.py:190} INFO - [2025-10-10T08:38:25.852+0000] {dagbag.py:587} INFO - Filling up the DagBag from /home/airflow/.local/lib/python3.12/site-packages/airflow/example_dags/example_external_task_marker_dag.py
[2025-10-10T08:38:25.882+0000] {processor.py:925} INFO - DAG(s) 'example_external_task_marker_child', 'example_external_task_marker_parent' retrieved from /home/airflow/.local/lib/python3.12/site-packages/airflow/example_dags/example_external_task_marker_dag.py
[2025-10-10T08:38:25.958+0000] {logging_mixin.py:190} INFO - [2025-10-10T08:38:25.957+0000] {dag.py:3211} INFO - Sync 2 DAGs
[2025-10-10T08:38:26.018+0000] {logging_mixin.py:190} INFO - [2025-10-10T08:38:26.017+0000] {dag.py:4138} INFO - Setting next_dagrun for example_external_task_marker_child to None, run_after=None
[2025-10-10T08:38:26.030+0000] {logging_mixin.py:190} INFO - [2025-10-10T08:38:26.030+0000] {dag.py:4138} INFO - Setting next_dagrun for example_external_task_marker_parent to None, run_after=None
[2025-10-10T08:38:26.091+0000] {processor.py:208} INFO - Processing /home/airflow/.local/lib/python3.12/site-packages/airflow/example_dags/example_external_task_marker_dag.py took 0.270 seconds
[2025-10-10T08:38:56.417+0000] {processor.py:186} INFO - Started process (PID=215) to work on /home/airflow/.local/lib/python3.12/site-packages/airflow/example_dags/example_external_task_marker_dag.py
[2025-10-10T08:38:56.420+0000] {processor.py:914} INFO - Processing file /home/airflow/.local/lib/python3.12/site-packages/airflow/example_dags/example_external_task_marker_dag.py for tasks to queue
[2025-10-10T08:38:56.427+0000] {logging_mixin.py:190} INFO - [2025-10-10T08:38:56.426+0000] {dagbag.py:587} INFO - Filling up the DagBag from /home/airflow/.local/lib/python3.12/site-packages/airflow/example_dags/example_external_task_marker_dag.py
[2025-10-10T08:38:56.451+0000] {processor.py:925} INFO - DAG(s) 'example_external_task_marker_parent', 'example_external_task_marker_child' retrieved from /home/airflow/.local/lib/python3.12/site-packages/airflow/example_dags/example_external_task_marker_dag.py
[2025-10-10T08:38:56.504+0000] {logging_mixin.py:190} INFO - [2025-10-10T08:38:56.504+0000] {dag.py:3211} INFO - Sync 2 DAGs
[2025-10-10T08:38:56.543+0000] {logging_mixin.py:190} INFO - [2025-10-10T08:38:56.542+0000] {dag.py:4138} INFO - Setting next_dagrun for example_external_task_marker_child to None, run_after=None
[2025-10-10T08:38:56.551+0000] {logging_mixin.py:190} INFO - [2025-10-10T08:38:56.551+0000] {dag.py:4138} INFO - Setting next_dagrun for example_external_task_marker_parent to None, run_after=None
[2025-10-10T08:38:56.592+0000] {processor.py:208} INFO - Processing /home/airflow/.local/lib/python3.12/site-packages/airflow/example_dags/example_external_task_marker_dag.py took 0.191 seconds
[2025-10-10T08:39:27.725+0000] {processor.py:186} INFO - Started process (PID=278) to work on /home/airflow/.local/lib/python3.12/site-packages/airflow/example_dags/example_external_task_marker_dag.py
[2025-10-10T08:39:27.728+0000] {processor.py:914} INFO - Processing file /home/airflow/.local/lib/python3.12/site-packages/airflow/example_dags/example_external_task_marker_dag.py for tasks to queue
[2025-10-10T08:39:27.734+0000] {logging_mixin.py:190} INFO - [2025-10-10T08:39:27.733+0000] {dagbag.py:587} INFO - Filling up the DagBag from /home/airflow/.local/lib/python3.12/site-packages/airflow/example_dags/example_external_task_marker_dag.py
[2025-10-10T08:39:27.753+0000] {processor.py:925} INFO - DAG(s) 'example_external_task_marker_child', 'example_external_task_marker_parent' retrieved from /home/airflow/.local/lib/python3.12/site-packages/airflow/example_dags/example_external_task_marker_dag.py
[2025-10-10T08:39:27.811+0000] {logging_mixin.py:190} INFO - [2025-10-10T08:39:27.810+0000] {dag.py:3211} INFO - Sync 2 DAGs
[2025-10-10T08:39:27.843+0000] {logging_mixin.py:190} INFO - [2025-10-10T08:39:27.843+0000] {dag.py:4138} INFO - Setting next_dagrun for example_external_task_marker_child to None, run_after=None
[2025-10-10T08:39:27.852+0000] {logging_mixin.py:190} INFO - [2025-10-10T08:39:27.851+0000] {dag.py:4138} INFO - Setting next_dagrun for example_external_task_marker_parent to None, run_after=None
[2025-10-10T08:39:27.891+0000] {processor.py:208} INFO - Processing /home/airflow/.local/lib/python3.12/site-packages/airflow/example_dags/example_external_task_marker_dag.py took 0.179 seconds
[2025-10-10T08:39:59.823+0000] {processor.py:186} INFO - Started process (PID=341) to work on /home/airflow/.local/lib/python3.12/site-packages/airflow/example_dags/example_external_task_marker_dag.py
[2025-10-10T08:39:59.827+0000] {processor.py:914} INFO - Processing file /home/airflow/.local/lib/python3.12/site-packages/airflow/example_dags/example_external_task_marker_dag.py for tasks to queue
[2025-10-10T08:39:59.837+0000] {logging_mixin.py:190} INFO - [2025-10-10T08:39:59.836+0000] {dagbag.py:587} INFO - Filling up the DagBag from /home/airflow/.local/lib/python3.12/site-packages/airflow/example_dags/example_external_task_marker_dag.py
[2025-10-10T08:39:59.868+0000] {processor.py:925} INFO - DAG(s) 'example_external_task_marker_parent', 'example_external_task_marker_child' retrieved from /home/airflow/.local/lib/python3.12/site-packages/airflow/example_dags/example_external_task_marker_dag.py
[2025-10-10T08:39:59.958+0000] {logging_mixin.py:190} INFO - [2025-10-10T08:39:59.957+0000] {dag.py:3211} INFO - Sync 2 DAGs
[2025-10-10T08:40:00.022+0000] {logging_mixin.py:190} INFO - [2025-10-10T08:40:00.021+0000] {dag.py:4138} INFO - Setting next_dagrun for example_external_task_marker_child to None, run_after=None
[2025-10-10T08:40:00.038+0000] {logging_mixin.py:190} INFO - [2025-10-10T08:40:00.037+0000] {dag.py:4138} INFO - Setting next_dagrun for example_external_task_marker_parent to None, run_after=None
[2025-10-10T08:40:00.097+0000] {processor.py:208} INFO - Processing /home/airflow/.local/lib/python3.12/site-packages/airflow/example_dags/example_external_task_marker_dag.py took 0.301 seconds
[2025-10-10T08:40:30.438+0000] {processor.py:186} INFO - Started process (PID=404) to work on /home/airflow/.local/lib/python3.12/site-packages/airflow/example_dags/example_external_task_marker_dag.py
[2025-10-10T08:40:30.440+0000] {processor.py:914} INFO - Processing file /home/airflow/.local/lib/python3.12/site-packages/airflow/example_dags/example_external_task_marker_dag.py for tasks to queue
[2025-10-10T08:40:30.453+0000] {logging_mixin.py:190} INFO - [2025-10-10T08:40:30.452+0000] {dagbag.py:587} INFO - Filling up the DagBag from /home/airflow/.local/lib/python3.12/site-packages/airflow/example_dags/example_external_task_marker_dag.py
[2025-10-10T08:40:30.491+0000] {processor.py:925} INFO - DAG(s) 'example_external_task_marker_child', 'example_external_task_marker_parent' retrieved from /home/airflow/.local/lib/python3.12/site-packages/airflow/example_dags/example_external_task_marker_dag.py
[2025-10-10T08:40:30.583+0000] {logging_mixin.py:190} INFO - [2025-10-10T08:40:30.582+0000] {dag.py:3211} INFO - Sync 2 DAGs
[2025-10-10T08:40:30.617+0000] {logging_mixin.py:190} INFO - [2025-10-10T08:40:30.616+0000] {dag.py:4138} INFO - Setting next_dagrun for example_external_task_marker_child to None, run_after=None
[2025-10-10T08:40:30.627+0000] {logging_mixin.py:190} INFO - [2025-10-10T08:40:30.626+0000] {dag.py:4138} INFO - Setting next_dagrun for example_external_task_marker_parent to None, run_after=None
[2025-10-10T08:40:30.665+0000] {processor.py:208} INFO - Processing /home/airflow/.local/lib/python3.12/site-packages/airflow/example_dags/example_external_task_marker_dag.py took 0.251 seconds
[2025-10-10T08:41:01.493+0000] {processor.py:186} INFO - Started process (PID=467) to work on /home/airflow/.local/lib/python3.12/site-packages/airflow/example_dags/example_external_task_marker_dag.py
[2025-10-10T08:41:01.498+0000] {processor.py:914} INFO - Processing file /home/airflow/.local/lib/python3.12/site-packages/airflow/example_dags/example_external_task_marker_dag.py for tasks to queue
[2025-10-10T08:41:01.510+0000] {logging_mixin.py:190} INFO - [2025-10-10T08:41:01.508+0000] {dagbag.py:587} INFO - Filling up the DagBag from /home/airflow/.local/lib/python3.12/site-packages/airflow/example_dags/example_external_task_marker_dag.py
[2025-10-10T08:41:01.541+0000] {processor.py:925} INFO - DAG(s) 'example_external_task_marker_parent', 'example_external_task_marker_child' retrieved from /home/airflow/.local/lib/python3.12/site-packages/airflow/example_dags/example_external_task_marker_dag.py
[2025-10-10T08:41:01.610+0000] {logging_mixin.py:190} INFO - [2025-10-10T08:41:01.609+0000] {dag.py:3211} INFO - Sync 2 DAGs
[2025-10-10T08:41:01.652+0000] {logging_mixin.py:190} INFO - [2025-10-10T08:41:01.651+0000] {dag.py:4138} INFO - Setting next_dagrun for example_external_task_marker_child to None, run_after=None
[2025-10-10T08:41:01.662+0000] {logging_mixin.py:190} INFO - [2025-10-10T08:41:01.661+0000] {dag.py:4138} INFO - Setting next_dagrun for example_external_task_marker_parent to None, run_after=None
[2025-10-10T08:41:01.706+0000] {processor.py:208} INFO - Processing /home/airflow/.local/lib/python3.12/site-packages/airflow/example_dags/example_external_task_marker_dag.py took 0.238 seconds
[2025-10-10T08:41:31.852+0000] {processor.py:186} INFO - Started process (PID=530) to work on /home/airflow/.local/lib/python3.12/site-packages/airflow/example_dags/example_external_task_marker_dag.py
[2025-10-10T08:41:31.855+0000] {processor.py:914} INFO - Processing file /home/airflow/.local/lib/python3.12/site-packages/airflow/example_dags/example_external_task_marker_dag.py for tasks to queue
[2025-10-10T08:41:31.863+0000] {logging_mixin.py:190} INFO - [2025-10-10T08:41:31.862+0000] {dagbag.py:587} INFO - Filling up the DagBag from /home/airflow/.local/lib/python3.12/site-packages/airflow/example_dags/example_external_task_marker_dag.py
[2025-10-10T08:41:31.883+0000] {processor.py:925} INFO - DAG(s) 'example_external_task_marker_parent', 'example_external_task_marker_child' retrieved from /home/airflow/.local/lib/python3.12/site-packages/airflow/example_dags/example_external_task_marker_dag.py
[2025-10-10T08:41:31.960+0000] {logging_mixin.py:190} INFO - [2025-10-10T08:41:31.960+0000] {dag.py:3211} INFO - Sync 2 DAGs
[2025-10-10T08:41:32.011+0000] {logging_mixin.py:190} INFO - [2025-10-10T08:41:32.011+0000] {dag.py:4138} INFO - Setting next_dagrun for example_external_task_marker_child to None, run_after=None
[2025-10-10T08:41:32.025+0000] {logging_mixin.py:190} INFO - [2025-10-10T08:41:32.025+0000] {dag.py:4138} INFO - Setting next_dagrun for example_external_task_marker_parent to None, run_after=None
[2025-10-10T08:41:32.072+0000] {processor.py:208} INFO - Processing /home/airflow/.local/lib/python3.12/site-packages/airflow/example_dags/example_external_task_marker_dag.py took 0.239 seconds
[2025-10-10T08:42:02.542+0000] {processor.py:186} INFO - Started process (PID=593) to work on /home/airflow/.local/lib/python3.12/site-packages/airflow/example_dags/example_external_task_marker_dag.py
[2025-10-10T08:42:02.545+0000] {processor.py:914} INFO - Processing file /home/airflow/.local/lib/python3.12/site-packages/airflow/example_dags/example_external_task_marker_dag.py for tasks to queue
[2025-10-10T08:42:02.553+0000] {logging_mixin.py:190} INFO - [2025-10-10T08:42:02.552+0000] {dagbag.py:587} INFO - Filling up the DagBag from /home/airflow/.local/lib/python3.12/site-packages/airflow/example_dags/example_external_task_marker_dag.py
[2025-10-10T08:42:02.579+0000] {processor.py:925} INFO - DAG(s) 'example_external_task_marker_child', 'example_external_task_marker_parent' retrieved from /home/airflow/.local/lib/python3.12/site-packages/airflow/example_dags/example_external_task_marker_dag.py
[2025-10-10T08:42:02.637+0000] {logging_mixin.py:190} INFO - [2025-10-10T08:42:02.637+0000] {dag.py:3211} INFO - Sync 2 DAGs
[2025-10-10T08:42:02.674+0000] {logging_mixin.py:190} INFO - [2025-10-10T08:42:02.673+0000] {dag.py:4138} INFO - Setting next_dagrun for example_external_task_marker_child to None, run_after=None
[2025-10-10T08:42:02.683+0000] {logging_mixin.py:190} INFO - [2025-10-10T08:42:02.683+0000] {dag.py:4138} INFO - Setting next_dagrun for example_external_task_marker_parent to None, run_after=None
[2025-10-10T08:42:02.724+0000] {processor.py:208} INFO - Processing /home/airflow/.local/lib/python3.12/site-packages/airflow/example_dags/example_external_task_marker_dag.py took 0.201 seconds
[2025-10-10T08:42:33.611+0000] {processor.py:186} INFO - Started process (PID=656) to work on /home/airflow/.local/lib/python3.12/site-packages/airflow/example_dags/example_external_task_marker_dag.py
[2025-10-10T08:42:33.614+0000] {processor.py:914} INFO - Processing file /home/airflow/.local/lib/python3.12/site-packages/airflow/example_dags/example_external_task_marker_dag.py for tasks to queue
[2025-10-10T08:42:33.621+0000] {logging_mixin.py:190} INFO - [2025-10-10T08:42:33.619+0000] {dagbag.py:587} INFO - Filling up the DagBag from /home/airflow/.local/lib/python3.12/site-packages/airflow/example_dags/example_external_task_marker_dag.py
[2025-10-10T08:42:33.639+0000] {processor.py:925} INFO - DAG(s) 'example_external_task_marker_child', 'example_external_task_marker_parent' retrieved from /home/airflow/.local/lib/python3.12/site-packages/airflow/example_dags/example_external_task_marker_dag.py
[2025-10-10T08:42:33.695+0000] {logging_mixin.py:190} INFO - [2025-10-10T08:42:33.694+0000] {dag.py:3211} INFO - Sync 2 DAGs
[2025-10-10T08:42:33.733+0000] {logging_mixin.py:190} INFO - [2025-10-10T08:42:33.732+0000] {dag.py:4138} INFO - Setting next_dagrun for example_external_task_marker_child to None, run_after=None
[2025-10-10T08:42:33.745+0000] {logging_mixin.py:190} INFO - [2025-10-10T08:42:33.745+0000] {dag.py:4138} INFO - Setting next_dagrun for example_external_task_marker_parent to None, run_after=None
[2025-10-10T08:42:33.813+0000] {processor.py:208} INFO - Processing /home/airflow/.local/lib/python3.12/site-packages/airflow/example_dags/example_external_task_marker_dag.py took 0.216 seconds
[2025-10-10T08:43:04.805+0000] {processor.py:186} INFO - Started process (PID=719) to work on /home/airflow/.local/lib/python3.12/site-packages/airflow/example_dags/example_external_task_marker_dag.py
[2025-10-10T08:43:04.809+0000] {processor.py:914} INFO - Processing file /home/airflow/.local/lib/python3.12/site-packages/airflow/example_dags/example_external_task_marker_dag.py for tasks to queue
[2025-10-10T08:43:04.817+0000] {logging_mixin.py:190} INFO - [2025-10-10T08:43:04.815+0000] {dagbag.py:587} INFO - Filling up the DagBag from /home/airflow/.local/lib/python3.12/site-packages/airflow/example_dags/example_external_task_marker_dag.py
[2025-10-10T08:43:04.839+0000] {processor.py:925} INFO - DAG(s) 'example_external_task_marker_child', 'example_external_task_marker_parent' retrieved from /home/airflow/.local/lib/python3.12/site-packages/airflow/example_dags/example_external_task_marker_dag.py
[2025-10-10T08:43:04.901+0000] {logging_mixin.py:190} INFO - [2025-10-10T08:43:04.901+0000] {dag.py:3211} INFO - Sync 2 DAGs
[2025-10-10T08:43:04.938+0000] {logging_mixin.py:190} INFO - [2025-10-10T08:43:04.938+0000] {dag.py:4138} INFO - Setting next_dagrun for example_external_task_marker_child to None, run_after=None
[2025-10-10T08:43:04.947+0000] {logging_mixin.py:190} INFO - [2025-10-10T08:43:04.947+0000] {dag.py:4138} INFO - Setting next_dagrun for example_external_task_marker_parent to None, run_after=None
[2025-10-10T08:43:04.991+0000] {processor.py:208} INFO - Processing /home/airflow/.local/lib/python3.12/site-packages/airflow/example_dags/example_external_task_marker_dag.py took 0.204 seconds
[2025-10-10T08:43:36.296+0000] {processor.py:186} INFO - Started process (PID=782) to work on /home/airflow/.local/lib/python3.12/site-packages/airflow/example_dags/example_external_task_marker_dag.py
[2025-10-10T08:43:36.300+0000] {processor.py:914} INFO - Processing file /home/airflow/.local/lib/python3.12/site-packages/airflow/example_dags/example_external_task_marker_dag.py for tasks to queue
[2025-10-10T08:43:36.310+0000] {logging_mixin.py:190} INFO - [2025-10-10T08:43:36.308+0000] {dagbag.py:587} INFO - Filling up the DagBag from /home/airflow/.local/lib/python3.12/site-packages/airflow/example_dags/example_external_task_marker_dag.py
[2025-10-10T08:43:36.336+0000] {processor.py:925} INFO - DAG(s) 'example_external_task_marker_parent', 'example_external_task_marker_child' retrieved from /home/airflow/.local/lib/python3.12/site-packages/airflow/example_dags/example_external_task_marker_dag.py
[2025-10-10T08:43:36.396+0000] {logging_mixin.py:190} INFO - [2025-10-10T08:43:36.396+0000] {dag.py:3211} INFO - Sync 2 DAGs
[2025-10-10T08:43:36.431+0000] {logging_mixin.py:190} INFO - [2025-10-10T08:43:36.430+0000] {dag.py:4138} INFO - Setting next_dagrun for example_external_task_marker_child to None, run_after=None
[2025-10-10T08:43:36.438+0000] {logging_mixin.py:190} INFO - [2025-10-10T08:43:36.438+0000] {dag.py:4138} INFO - Setting next_dagrun for example_external_task_marker_parent to None, run_after=None
[2025-10-10T08:43:36.471+0000] {processor.py:208} INFO - Processing /home/airflow/.local/lib/python3.12/site-packages/airflow/example_dags/example_external_task_marker_dag.py took 0.195 seconds
[2025-10-10T08:44:07.319+0000] {processor.py:186} INFO - Started process (PID=845) to work on /home/airflow/.local/lib/python3.12/site-packages/airflow/example_dags/example_external_task_marker_dag.py
[2025-10-10T08:44:07.322+0000] {processor.py:914} INFO - Processing file /home/airflow/.local/lib/python3.12/site-packages/airflow/example_dags/example_external_task_marker_dag.py for tasks to queue
[2025-10-10T08:44:07.329+0000] {logging_mixin.py:190} INFO - [2025-10-10T08:44:07.328+0000] {dagbag.py:587} INFO - Filling up the DagBag from /home/airflow/.local/lib/python3.12/site-packages/airflow/example_dags/example_external_task_marker_dag.py
[2025-10-10T08:44:07.350+0000] {processor.py:925} INFO - DAG(s) 'example_external_task_marker_parent', 'example_external_task_marker_child' retrieved from /home/airflow/.local/lib/python3.12/site-packages/airflow/example_dags/example_external_task_marker_dag.py
[2025-10-10T08:44:07.413+0000] {logging_mixin.py:190} INFO - [2025-10-10T08:44:07.413+0000] {dag.py:3211} INFO - Sync 2 DAGs
[2025-10-10T08:44:07.452+0000] {logging_mixin.py:190} INFO - [2025-10-10T08:44:07.451+0000] {dag.py:4138} INFO - Setting next_dagrun for example_external_task_marker_child to None, run_after=None
[2025-10-10T08:44:07.463+0000] {logging_mixin.py:190} INFO - [2025-10-10T08:44:07.463+0000] {dag.py:4138} INFO - Setting next_dagrun for example_external_task_marker_parent to None, run_after=None
[2025-10-10T08:44:07.508+0000] {processor.py:208} INFO - Processing /home/airflow/.local/lib/python3.12/site-packages/airflow/example_dags/example_external_task_marker_dag.py took 0.203 seconds
[2025-10-10T08:44:38.827+0000] {processor.py:186} INFO - Started process (PID=907) to work on /home/airflow/.local/lib/python3.12/site-packages/airflow/example_dags/example_external_task_marker_dag.py
[2025-10-10T08:44:38.831+0000] {processor.py:914} INFO - Processing file /home/airflow/.local/lib/python3.12/site-packages/airflow/example_dags/example_external_task_marker_dag.py for tasks to queue
[2025-10-10T08:44:38.841+0000] {logging_mixin.py:190} INFO - [2025-10-10T08:44:38.840+0000] {dagbag.py:587} INFO - Filling up the DagBag from /home/airflow/.local/lib/python3.12/site-packages/airflow/example_dags/example_external_task_marker_dag.py
[2025-10-10T08:44:38.867+0000] {processor.py:925} INFO - DAG(s) 'example_external_task_marker_parent', 'example_external_task_marker_child' retrieved from /home/airflow/.local/lib/python3.12/site-packages/airflow/example_dags/example_external_task_marker_dag.py
[2025-10-10T08:44:38.929+0000] {logging_mixin.py:190} INFO - [2025-10-10T08:44:38.928+0000] {dag.py:3211} INFO - Sync 2 DAGs
[2025-10-10T08:44:38.999+0000] {logging_mixin.py:190} INFO - [2025-10-10T08:44:38.998+0000] {dag.py:4138} INFO - Setting next_dagrun for example_external_task_marker_child to None, run_after=None
[2025-10-10T08:44:39.010+0000] {logging_mixin.py:190} INFO - [2025-10-10T08:44:39.009+0000] {dag.py:4138} INFO - Setting next_dagrun for example_external_task_marker_parent to None, run_after=None
[2025-10-10T08:44:39.060+0000] {processor.py:208} INFO - Processing /home/airflow/.local/lib/python3.12/site-packages/airflow/example_dags/example_external_task_marker_dag.py took 0.251 seconds
[2025-10-10T08:45:11.063+0000] {processor.py:186} INFO - Started process (PID=970) to work on /home/airflow/.local/lib/python3.12/site-packages/airflow/example_dags/example_external_task_marker_dag.py
[2025-10-10T08:45:11.067+0000] {processor.py:914} INFO - Processing file /home/airflow/.local/lib/python3.12/site-packages/airflow/example_dags/example_external_task_marker_dag.py for tasks to queue
[2025-10-10T08:45:11.077+0000] {logging_mixin.py:190} INFO - [2025-10-10T08:45:11.076+0000] {dagbag.py:587} INFO - Filling up the DagBag from /home/airflow/.local/lib/python3.12/site-packages/airflow/example_dags/example_external_task_marker_dag.py
[2025-10-10T08:45:11.127+0000] {processor.py:925} INFO - DAG(s) 'example_external_task_marker_child', 'example_external_task_marker_parent' retrieved from /home/airflow/.local/lib/python3.12/site-packages/airflow/example_dags/example_external_task_marker_dag.py
[2025-10-10T08:45:11.237+0000] {logging_mixin.py:190} INFO - [2025-10-10T08:45:11.236+0000] {dag.py:3211} INFO - Sync 2 DAGs
[2025-10-10T08:45:11.288+0000] {logging_mixin.py:190} INFO - [2025-10-10T08:45:11.287+0000] {dag.py:4138} INFO - Setting next_dagrun for example_external_task_marker_child to None, run_after=None
[2025-10-10T08:45:11.298+0000] {logging_mixin.py:190} INFO - [2025-10-10T08:45:11.297+0000] {dag.py:4138} INFO - Setting next_dagrun for example_external_task_marker_parent to None, run_after=None
[2025-10-10T08:45:11.343+0000] {processor.py:208} INFO - Processing /home/airflow/.local/lib/python3.12/site-packages/airflow/example_dags/example_external_task_marker_dag.py took 0.313 seconds
[2025-10-10T08:45:42.347+0000] {processor.py:186} INFO - Started process (PID=1039) to work on /home/airflow/.local/lib/python3.12/site-packages/airflow/example_dags/example_external_task_marker_dag.py
[2025-10-10T08:45:42.350+0000] {processor.py:914} INFO - Processing file /home/airflow/.local/lib/python3.12/site-packages/airflow/example_dags/example_external_task_marker_dag.py for tasks to queue
[2025-10-10T08:45:42.360+0000] {logging_mixin.py:190} INFO - [2025-10-10T08:45:42.358+0000] {dagbag.py:587} INFO - Filling up the DagBag from /home/airflow/.local/lib/python3.12/site-packages/airflow/example_dags/example_external_task_marker_dag.py
[2025-10-10T08:45:42.383+0000] {processor.py:925} INFO - DAG(s) 'example_external_task_marker_parent', 'example_external_task_marker_child' retrieved from /home/airflow/.local/lib/python3.12/site-packages/airflow/example_dags/example_external_task_marker_dag.py
[2025-10-10T08:45:42.478+0000] {logging_mixin.py:190} INFO - [2025-10-10T08:45:42.477+0000] {dag.py:3211} INFO - Sync 2 DAGs
[2025-10-10T08:45:42.535+0000] {logging_mixin.py:190} INFO - [2025-10-10T08:45:42.534+0000] {dag.py:4138} INFO - Setting next_dagrun for example_external_task_marker_child to None, run_after=None
[2025-10-10T08:45:42.547+0000] {logging_mixin.py:190} INFO - [2025-10-10T08:45:42.547+0000] {dag.py:4138} INFO - Setting next_dagrun for example_external_task_marker_parent to None, run_after=None
[2025-10-10T08:45:42.610+0000] {processor.py:208} INFO - Processing /home/airflow/.local/lib/python3.12/site-packages/airflow/example_dags/example_external_task_marker_dag.py took 0.281 seconds
[2025-10-10T08:46:13.507+0000] {processor.py:186} INFO - Started process (PID=1102) to work on /home/airflow/.local/lib/python3.12/site-packages/airflow/example_dags/example_external_task_marker_dag.py
[2025-10-10T08:46:13.509+0000] {processor.py:914} INFO - Processing file /home/airflow/.local/lib/python3.12/site-packages/airflow/example_dags/example_external_task_marker_dag.py for tasks to queue
[2025-10-10T08:46:13.520+0000] {logging_mixin.py:190} INFO - [2025-10-10T08:46:13.519+0000] {dagbag.py:587} INFO - Filling up the DagBag from /home/airflow/.local/lib/python3.12/site-packages/airflow/example_dags/example_external_task_marker_dag.py
[2025-10-10T08:46:13.543+0000] {processor.py:925} INFO - DAG(s) 'example_external_task_marker_parent', 'example_external_task_marker_child' retrieved from /home/airflow/.local/lib/python3.12/site-packages/airflow/example_dags/example_external_task_marker_dag.py
[2025-10-10T08:46:13.605+0000] {logging_mixin.py:190} INFO - [2025-10-10T08:46:13.605+0000] {dag.py:3211} INFO - Sync 2 DAGs
[2025-10-10T08:46:13.659+0000] {logging_mixin.py:190} INFO - [2025-10-10T08:46:13.659+0000] {dag.py:4138} INFO - Setting next_dagrun for example_external_task_marker_child to None, run_after=None
[2025-10-10T08:46:13.686+0000] {logging_mixin.py:190} INFO - [2025-10-10T08:46:13.685+0000] {dag.py:4138} INFO - Setting next_dagrun for example_external_task_marker_parent to None, run_after=None
[2025-10-10T08:46:13.769+0000] {processor.py:208} INFO - Processing /home/airflow/.local/lib/python3.12/site-packages/airflow/example_dags/example_external_task_marker_dag.py took 0.279 seconds
[2025-10-10T08:46:44.904+0000] {processor.py:186} INFO - Started process (PID=1165) to work on /home/airflow/.local/lib/python3.12/site-packages/airflow/example_dags/example_external_task_marker_dag.py
[2025-10-10T08:46:44.906+0000] {processor.py:914} INFO - Processing file /home/airflow/.local/lib/python3.12/site-packages/airflow/example_dags/example_external_task_marker_dag.py for tasks to queue
[2025-10-10T08:46:44.913+0000] {logging_mixin.py:190} INFO - [2025-10-10T08:46:44.912+0000] {dagbag.py:587} INFO - Filling up the DagBag from /home/airflow/.local/lib/python3.12/site-packages/airflow/example_dags/example_external_task_marker_dag.py
[2025-10-10T08:46:44.931+0000] {processor.py:925} INFO - DAG(s) 'example_external_task_marker_child', 'example_external_task_marker_parent' retrieved from /home/airflow/.local/lib/python3.12/site-packages/airflow/example_dags/example_external_task_marker_dag.py
[2025-10-10T08:46:44.982+0000] {logging_mixin.py:190} INFO - [2025-10-10T08:46:44.982+0000] {dag.py:3211} INFO - Sync 2 DAGs
[2025-10-10T08:46:45.015+0000] {logging_mixin.py:190} INFO - [2025-10-10T08:46:45.015+0000] {dag.py:4138} INFO - Setting next_dagrun for example_external_task_marker_child to None, run_after=None
[2025-10-10T08:46:45.023+0000] {logging_mixin.py:190} INFO - [2025-10-10T08:46:45.023+0000] {dag.py:4138} INFO - Setting next_dagrun for example_external_task_marker_parent to None, run_after=None
[2025-10-10T08:46:45.066+0000] {processor.py:208} INFO - Processing /home/airflow/.local/lib/python3.12/site-packages/airflow/example_dags/example_external_task_marker_dag.py took 0.177 seconds
[2025-10-10T08:47:16.164+0000] {processor.py:186} INFO - Started process (PID=1228) to work on /home/airflow/.local/lib/python3.12/site-packages/airflow/example_dags/example_external_task_marker_dag.py
[2025-10-10T08:47:16.166+0000] {processor.py:914} INFO - Processing file /home/airflow/.local/lib/python3.12/site-packages/airflow/example_dags/example_external_task_marker_dag.py for tasks to queue
[2025-10-10T08:47:16.173+0000] {logging_mixin.py:190} INFO - [2025-10-10T08:47:16.172+0000] {dagbag.py:587} INFO - Filling up the DagBag from /home/airflow/.local/lib/python3.12/site-packages/airflow/example_dags/example_external_task_marker_dag.py
[2025-10-10T08:47:16.194+0000] {processor.py:925} INFO - DAG(s) 'example_external_task_marker_parent', 'example_external_task_marker_child' retrieved from /home/airflow/.local/lib/python3.12/site-packages/airflow/example_dags/example_external_task_marker_dag.py
[2025-10-10T08:47:16.266+0000] {logging_mixin.py:190} INFO - [2025-10-10T08:47:16.266+0000] {dag.py:3211} INFO - Sync 2 DAGs
[2025-10-10T08:47:16.312+0000] {logging_mixin.py:190} INFO - [2025-10-10T08:47:16.310+0000] {dag.py:4138} INFO - Setting next_dagrun for example_external_task_marker_child to None, run_after=None
[2025-10-10T08:47:16.325+0000] {logging_mixin.py:190} INFO - [2025-10-10T08:47:16.325+0000] {dag.py:4138} INFO - Setting next_dagrun for example_external_task_marker_parent to None, run_after=None
[2025-10-10T08:47:16.532+0000] {processor.py:208} INFO - Processing /home/airflow/.local/lib/python3.12/site-packages/airflow/example_dags/example_external_task_marker_dag.py took 0.385 seconds
[2025-10-10T08:47:47.501+0000] {processor.py:186} INFO - Started process (PID=1291) to work on /home/airflow/.local/lib/python3.12/site-packages/airflow/example_dags/example_external_task_marker_dag.py
[2025-10-10T08:47:47.503+0000] {processor.py:914} INFO - Processing file /home/airflow/.local/lib/python3.12/site-packages/airflow/example_dags/example_external_task_marker_dag.py for tasks to queue
[2025-10-10T08:47:47.509+0000] {logging_mixin.py:190} INFO - [2025-10-10T08:47:47.509+0000] {dagbag.py:587} INFO - Filling up the DagBag from /home/airflow/.local/lib/python3.12/site-packages/airflow/example_dags/example_external_task_marker_dag.py
[2025-10-10T08:47:47.535+0000] {processor.py:925} INFO - DAG(s) 'example_external_task_marker_child', 'example_external_task_marker_parent' retrieved from /home/airflow/.local/lib/python3.12/site-packages/airflow/example_dags/example_external_task_marker_dag.py
[2025-10-10T08:47:47.592+0000] {logging_mixin.py:190} INFO - [2025-10-10T08:47:47.592+0000] {dag.py:3211} INFO - Sync 2 DAGs
[2025-10-10T08:47:47.627+0000] {logging_mixin.py:190} INFO - [2025-10-10T08:47:47.627+0000] {dag.py:4138} INFO - Setting next_dagrun for example_external_task_marker_child to None, run_after=None
[2025-10-10T08:47:47.639+0000] {logging_mixin.py:190} INFO - [2025-10-10T08:47:47.639+0000] {dag.py:4138} INFO - Setting next_dagrun for example_external_task_marker_parent to None, run_after=None
[2025-10-10T08:47:47.690+0000] {processor.py:208} INFO - Processing /home/airflow/.local/lib/python3.12/site-packages/airflow/example_dags/example_external_task_marker_dag.py took 0.204 seconds
[2025-10-10T08:48:18.376+0000] {processor.py:186} INFO - Started process (PID=1354) to work on /home/airflow/.local/lib/python3.12/site-packages/airflow/example_dags/example_external_task_marker_dag.py
[2025-10-10T08:48:18.379+0000] {processor.py:914} INFO - Processing file /home/airflow/.local/lib/python3.12/site-packages/airflow/example_dags/example_external_task_marker_dag.py for tasks to queue
[2025-10-10T08:48:18.385+0000] {logging_mixin.py:190} INFO - [2025-10-10T08:48:18.384+0000] {dagbag.py:587} INFO - Filling up the DagBag from /home/airflow/.local/lib/python3.12/site-packages/airflow/example_dags/example_external_task_marker_dag.py
[2025-10-10T08:48:18.402+0000] {processor.py:925} INFO - DAG(s) 'example_external_task_marker_child', 'example_external_task_marker_parent' retrieved from /home/airflow/.local/lib/python3.12/site-packages/airflow/example_dags/example_external_task_marker_dag.py
[2025-10-10T08:48:18.457+0000] {logging_mixin.py:190} INFO - [2025-10-10T08:48:18.457+0000] {dag.py:3211} INFO - Sync 2 DAGs
[2025-10-10T08:48:18.497+0000] {logging_mixin.py:190} INFO - [2025-10-10T08:48:18.497+0000] {dag.py:4138} INFO - Setting next_dagrun for example_external_task_marker_child to None, run_after=None
[2025-10-10T08:48:18.507+0000] {logging_mixin.py:190} INFO - [2025-10-10T08:48:18.506+0000] {dag.py:4138} INFO - Setting next_dagrun for example_external_task_marker_parent to None, run_after=None
[2025-10-10T08:48:18.567+0000] {processor.py:208} INFO - Processing /home/airflow/.local/lib/python3.12/site-packages/airflow/example_dags/example_external_task_marker_dag.py took 0.203 seconds
[2025-10-10T08:48:49.493+0000] {processor.py:186} INFO - Started process (PID=1417) to work on /home/airflow/.local/lib/python3.12/site-packages/airflow/example_dags/example_external_task_marker_dag.py
[2025-10-10T08:48:49.496+0000] {processor.py:914} INFO - Processing file /home/airflow/.local/lib/python3.12/site-packages/airflow/example_dags/example_external_task_marker_dag.py for tasks to queue
[2025-10-10T08:48:49.503+0000] {logging_mixin.py:190} INFO - [2025-10-10T08:48:49.502+0000] {dagbag.py:587} INFO - Filling up the DagBag from /home/airflow/.local/lib/python3.12/site-packages/airflow/example_dags/example_external_task_marker_dag.py
[2025-10-10T08:48:49.522+0000] {processor.py:925} INFO - DAG(s) 'example_external_task_marker_parent', 'example_external_task_marker_child' retrieved from /home/airflow/.local/lib/python3.12/site-packages/airflow/example_dags/example_external_task_marker_dag.py
[2025-10-10T08:48:49.588+0000] {logging_mixin.py:190} INFO - [2025-10-10T08:48:49.588+0000] {dag.py:3211} INFO - Sync 2 DAGs
[2025-10-10T08:48:49.633+0000] {logging_mixin.py:190} INFO - [2025-10-10T08:48:49.633+0000] {dag.py:4138} INFO - Setting next_dagrun for example_external_task_marker_child to None, run_after=None
[2025-10-10T08:48:49.644+0000] {logging_mixin.py:190} INFO - [2025-10-10T08:48:49.644+0000] {dag.py:4138} INFO - Setting next_dagrun for example_external_task_marker_parent to None, run_after=None
[2025-10-10T08:48:49.698+0000] {processor.py:208} INFO - Processing /home/airflow/.local/lib/python3.12/site-packages/airflow/example_dags/example_external_task_marker_dag.py took 0.219 seconds
[2025-10-10T08:49:22.054+0000] {processor.py:186} INFO - Started process (PID=1480) to work on /home/airflow/.local/lib/python3.12/site-packages/airflow/example_dags/example_external_task_marker_dag.py
[2025-10-10T08:49:22.057+0000] {processor.py:914} INFO - Processing file /home/airflow/.local/lib/python3.12/site-packages/airflow/example_dags/example_external_task_marker_dag.py for tasks to queue
[2025-10-10T08:49:22.065+0000] {logging_mixin.py:190} INFO - [2025-10-10T08:49:22.064+0000] {dagbag.py:587} INFO - Filling up the DagBag from /home/airflow/.local/lib/python3.12/site-packages/airflow/example_dags/example_external_task_marker_dag.py
[2025-10-10T08:49:22.091+0000] {processor.py:925} INFO - DAG(s) 'example_external_task_marker_child', 'example_external_task_marker_parent' retrieved from /home/airflow/.local/lib/python3.12/site-packages/airflow/example_dags/example_external_task_marker_dag.py
[2025-10-10T08:49:22.166+0000] {logging_mixin.py:190} INFO - [2025-10-10T08:49:22.166+0000] {dag.py:3211} INFO - Sync 2 DAGs
[2025-10-10T08:49:22.219+0000] {logging_mixin.py:190} INFO - [2025-10-10T08:49:22.218+0000] {dag.py:4138} INFO - Setting next_dagrun for example_external_task_marker_child to None, run_after=None
[2025-10-10T08:49:22.236+0000] {logging_mixin.py:190} INFO - [2025-10-10T08:49:22.235+0000] {dag.py:4138} INFO - Setting next_dagrun for example_external_task_marker_parent to None, run_after=None
[2025-10-10T08:49:22.311+0000] {processor.py:208} INFO - Processing /home/airflow/.local/lib/python3.12/site-packages/airflow/example_dags/example_external_task_marker_dag.py took 0.276 seconds
[2025-10-10T08:53:54.346+0000] {processor.py:186} INFO - Started process (PID=92) to work on /home/airflow/.local/lib/python3.12/site-packages/airflow/example_dags/example_external_task_marker_dag.py
[2025-10-10T08:53:54.349+0000] {processor.py:914} INFO - Processing file /home/airflow/.local/lib/python3.12/site-packages/airflow/example_dags/example_external_task_marker_dag.py for tasks to queue
[2025-10-10T08:53:54.357+0000] {logging_mixin.py:190} INFO - [2025-10-10T08:53:54.356+0000] {dagbag.py:587} INFO - Filling up the DagBag from /home/airflow/.local/lib/python3.12/site-packages/airflow/example_dags/example_external_task_marker_dag.py
[2025-10-10T08:53:54.395+0000] {processor.py:925} INFO - DAG(s) 'example_external_task_marker_parent', 'example_external_task_marker_child' retrieved from /home/airflow/.local/lib/python3.12/site-packages/airflow/example_dags/example_external_task_marker_dag.py
[2025-10-10T08:53:54.490+0000] {logging_mixin.py:190} INFO - [2025-10-10T08:53:54.489+0000] {dag.py:3211} INFO - Sync 2 DAGs
[2025-10-10T08:53:54.582+0000] {logging_mixin.py:190} INFO - [2025-10-10T08:53:54.581+0000] {dag.py:4138} INFO - Setting next_dagrun for example_external_task_marker_child to None, run_after=None
[2025-10-10T08:53:54.598+0000] {logging_mixin.py:190} INFO - [2025-10-10T08:53:54.598+0000] {dag.py:4138} INFO - Setting next_dagrun for example_external_task_marker_parent to None, run_after=None
[2025-10-10T08:53:54.667+0000] {processor.py:208} INFO - Processing /home/airflow/.local/lib/python3.12/site-packages/airflow/example_dags/example_external_task_marker_dag.py took 0.338 seconds
[2025-10-10T08:54:25.130+0000] {processor.py:186} INFO - Started process (PID=155) to work on /home/airflow/.local/lib/python3.12/site-packages/airflow/example_dags/example_external_task_marker_dag.py
[2025-10-10T08:54:25.134+0000] {processor.py:914} INFO - Processing file /home/airflow/.local/lib/python3.12/site-packages/airflow/example_dags/example_external_task_marker_dag.py for tasks to queue
[2025-10-10T08:54:25.141+0000] {logging_mixin.py:190} INFO - [2025-10-10T08:54:25.140+0000] {dagbag.py:587} INFO - Filling up the DagBag from /home/airflow/.local/lib/python3.12/site-packages/airflow/example_dags/example_external_task_marker_dag.py
[2025-10-10T08:54:25.165+0000] {processor.py:925} INFO - DAG(s) 'example_external_task_marker_child', 'example_external_task_marker_parent' retrieved from /home/airflow/.local/lib/python3.12/site-packages/airflow/example_dags/example_external_task_marker_dag.py
[2025-10-10T08:54:25.234+0000] {logging_mixin.py:190} INFO - [2025-10-10T08:54:25.233+0000] {dag.py:3211} INFO - Sync 2 DAGs
[2025-10-10T08:54:25.290+0000] {logging_mixin.py:190} INFO - [2025-10-10T08:54:25.289+0000] {dag.py:4138} INFO - Setting next_dagrun for example_external_task_marker_child to None, run_after=None
[2025-10-10T08:54:25.304+0000] {logging_mixin.py:190} INFO - [2025-10-10T08:54:25.303+0000] {dag.py:4138} INFO - Setting next_dagrun for example_external_task_marker_parent to None, run_after=None
[2025-10-10T08:54:25.367+0000] {processor.py:208} INFO - Processing /home/airflow/.local/lib/python3.12/site-packages/airflow/example_dags/example_external_task_marker_dag.py took 0.258 seconds
[2025-10-10T08:54:56.412+0000] {processor.py:186} INFO - Started process (PID=219) to work on /home/airflow/.local/lib/python3.12/site-packages/airflow/example_dags/example_external_task_marker_dag.py
[2025-10-10T08:54:56.415+0000] {processor.py:914} INFO - Processing file /home/airflow/.local/lib/python3.12/site-packages/airflow/example_dags/example_external_task_marker_dag.py for tasks to queue
[2025-10-10T08:54:56.423+0000] {logging_mixin.py:190} INFO - [2025-10-10T08:54:56.422+0000] {dagbag.py:587} INFO - Filling up the DagBag from /home/airflow/.local/lib/python3.12/site-packages/airflow/example_dags/example_external_task_marker_dag.py
[2025-10-10T08:54:56.446+0000] {processor.py:925} INFO - DAG(s) 'example_external_task_marker_child', 'example_external_task_marker_parent' retrieved from /home/airflow/.local/lib/python3.12/site-packages/airflow/example_dags/example_external_task_marker_dag.py
[2025-10-10T08:54:56.506+0000] {logging_mixin.py:190} INFO - [2025-10-10T08:54:56.505+0000] {dag.py:3211} INFO - Sync 2 DAGs
[2025-10-10T08:54:56.545+0000] {logging_mixin.py:190} INFO - [2025-10-10T08:54:56.544+0000] {dag.py:4138} INFO - Setting next_dagrun for example_external_task_marker_child to None, run_after=None
[2025-10-10T08:54:56.554+0000] {logging_mixin.py:190} INFO - [2025-10-10T08:54:56.553+0000] {dag.py:4138} INFO - Setting next_dagrun for example_external_task_marker_parent to None, run_after=None
[2025-10-10T08:54:56.598+0000] {processor.py:208} INFO - Processing /home/airflow/.local/lib/python3.12/site-packages/airflow/example_dags/example_external_task_marker_dag.py took 0.222 seconds
[2025-10-10T08:58:03.332+0000] {processor.py:186} INFO - Started process (PID=93) to work on /home/airflow/.local/lib/python3.12/site-packages/airflow/example_dags/example_external_task_marker_dag.py
[2025-10-10T08:58:03.335+0000] {processor.py:914} INFO - Processing file /home/airflow/.local/lib/python3.12/site-packages/airflow/example_dags/example_external_task_marker_dag.py for tasks to queue
[2025-10-10T08:58:03.346+0000] {logging_mixin.py:190} INFO - [2025-10-10T08:58:03.345+0000] {dagbag.py:587} INFO - Filling up the DagBag from /home/airflow/.local/lib/python3.12/site-packages/airflow/example_dags/example_external_task_marker_dag.py
[2025-10-10T08:58:03.371+0000] {processor.py:925} INFO - DAG(s) 'example_external_task_marker_parent', 'example_external_task_marker_child' retrieved from /home/airflow/.local/lib/python3.12/site-packages/airflow/example_dags/example_external_task_marker_dag.py
[2025-10-10T08:58:03.461+0000] {logging_mixin.py:190} INFO - [2025-10-10T08:58:03.461+0000] {dag.py:3211} INFO - Sync 2 DAGs
[2025-10-10T08:58:03.505+0000] {logging_mixin.py:190} INFO - [2025-10-10T08:58:03.505+0000] {dag.py:4138} INFO - Setting next_dagrun for example_external_task_marker_child to None, run_after=None
[2025-10-10T08:58:03.512+0000] {logging_mixin.py:190} INFO - [2025-10-10T08:58:03.512+0000] {dag.py:4138} INFO - Setting next_dagrun for example_external_task_marker_parent to None, run_after=None
[2025-10-10T08:58:03.566+0000] {processor.py:208} INFO - Processing /home/airflow/.local/lib/python3.12/site-packages/airflow/example_dags/example_external_task_marker_dag.py took 0.253 seconds
[2025-10-10T08:58:33.922+0000] {processor.py:186} INFO - Started process (PID=156) to work on /home/airflow/.local/lib/python3.12/site-packages/airflow/example_dags/example_external_task_marker_dag.py
[2025-10-10T08:58:33.926+0000] {processor.py:914} INFO - Processing file /home/airflow/.local/lib/python3.12/site-packages/airflow/example_dags/example_external_task_marker_dag.py for tasks to queue
[2025-10-10T08:58:33.934+0000] {logging_mixin.py:190} INFO - [2025-10-10T08:58:33.932+0000] {dagbag.py:587} INFO - Filling up the DagBag from /home/airflow/.local/lib/python3.12/site-packages/airflow/example_dags/example_external_task_marker_dag.py
[2025-10-10T08:58:33.963+0000] {processor.py:925} INFO - DAG(s) 'example_external_task_marker_child', 'example_external_task_marker_parent' retrieved from /home/airflow/.local/lib/python3.12/site-packages/airflow/example_dags/example_external_task_marker_dag.py
[2025-10-10T08:58:34.047+0000] {logging_mixin.py:190} INFO - [2025-10-10T08:58:34.046+0000] {dag.py:3211} INFO - Sync 2 DAGs
[2025-10-10T08:58:34.123+0000] {logging_mixin.py:190} INFO - [2025-10-10T08:58:34.122+0000] {dag.py:4138} INFO - Setting next_dagrun for example_external_task_marker_child to None, run_after=None
[2025-10-10T08:58:34.138+0000] {logging_mixin.py:190} INFO - [2025-10-10T08:58:34.137+0000] {dag.py:4138} INFO - Setting next_dagrun for example_external_task_marker_parent to None, run_after=None
[2025-10-10T08:58:34.424+0000] {processor.py:208} INFO - Processing /home/airflow/.local/lib/python3.12/site-packages/airflow/example_dags/example_external_task_marker_dag.py took 0.528 seconds
[2025-10-10T09:01:29.880+0000] {processor.py:186} INFO - Started process (PID=92) to work on /home/airflow/.local/lib/python3.12/site-packages/airflow/example_dags/example_external_task_marker_dag.py
[2025-10-10T09:01:29.883+0000] {processor.py:914} INFO - Processing file /home/airflow/.local/lib/python3.12/site-packages/airflow/example_dags/example_external_task_marker_dag.py for tasks to queue
[2025-10-10T09:01:29.888+0000] {logging_mixin.py:190} INFO - [2025-10-10T09:01:29.887+0000] {dagbag.py:587} INFO - Filling up the DagBag from /home/airflow/.local/lib/python3.12/site-packages/airflow/example_dags/example_external_task_marker_dag.py
[2025-10-10T09:01:29.912+0000] {processor.py:925} INFO - DAG(s) 'example_external_task_marker_child', 'example_external_task_marker_parent' retrieved from /home/airflow/.local/lib/python3.12/site-packages/airflow/example_dags/example_external_task_marker_dag.py
[2025-10-10T09:01:29.992+0000] {logging_mixin.py:190} INFO - [2025-10-10T09:01:29.991+0000] {dag.py:3211} INFO - Sync 2 DAGs
[2025-10-10T09:01:30.042+0000] {logging_mixin.py:190} INFO - [2025-10-10T09:01:30.042+0000] {dag.py:4138} INFO - Setting next_dagrun for example_external_task_marker_child to None, run_after=None
[2025-10-10T09:01:30.049+0000] {logging_mixin.py:190} INFO - [2025-10-10T09:01:30.049+0000] {dag.py:4138} INFO - Setting next_dagrun for example_external_task_marker_parent to None, run_after=None
[2025-10-10T09:01:30.092+0000] {processor.py:208} INFO - Processing /home/airflow/.local/lib/python3.12/site-packages/airflow/example_dags/example_external_task_marker_dag.py took 0.225 seconds
[2025-10-10T09:02:00.805+0000] {processor.py:186} INFO - Started process (PID=154) to work on /home/airflow/.local/lib/python3.12/site-packages/airflow/example_dags/example_external_task_marker_dag.py
[2025-10-10T09:02:00.810+0000] {processor.py:914} INFO - Processing file /home/airflow/.local/lib/python3.12/site-packages/airflow/example_dags/example_external_task_marker_dag.py for tasks to queue
[2025-10-10T09:02:00.823+0000] {logging_mixin.py:190} INFO - [2025-10-10T09:02:00.822+0000] {dagbag.py:587} INFO - Filling up the DagBag from /home/airflow/.local/lib/python3.12/site-packages/airflow/example_dags/example_external_task_marker_dag.py
[2025-10-10T09:02:00.854+0000] {processor.py:925} INFO - DAG(s) 'example_external_task_marker_parent', 'example_external_task_marker_child' retrieved from /home/airflow/.local/lib/python3.12/site-packages/airflow/example_dags/example_external_task_marker_dag.py
[2025-10-10T09:02:00.922+0000] {logging_mixin.py:190} INFO - [2025-10-10T09:02:00.921+0000] {dag.py:3211} INFO - Sync 2 DAGs
[2025-10-10T09:02:00.973+0000] {logging_mixin.py:190} INFO - [2025-10-10T09:02:00.972+0000] {dag.py:4138} INFO - Setting next_dagrun for example_external_task_marker_child to None, run_after=None
[2025-10-10T09:02:00.984+0000] {logging_mixin.py:190} INFO - [2025-10-10T09:02:00.983+0000] {dag.py:4138} INFO - Setting next_dagrun for example_external_task_marker_parent to None, run_after=None
[2025-10-10T09:02:01.037+0000] {processor.py:208} INFO - Processing /home/airflow/.local/lib/python3.12/site-packages/airflow/example_dags/example_external_task_marker_dag.py took 0.256 seconds
[2025-10-10T09:02:32.756+0000] {processor.py:186} INFO - Started process (PID=218) to work on /home/airflow/.local/lib/python3.12/site-packages/airflow/example_dags/example_external_task_marker_dag.py
[2025-10-10T09:02:32.761+0000] {processor.py:914} INFO - Processing file /home/airflow/.local/lib/python3.12/site-packages/airflow/example_dags/example_external_task_marker_dag.py for tasks to queue
[2025-10-10T09:02:32.776+0000] {logging_mixin.py:190} INFO - [2025-10-10T09:02:32.774+0000] {dagbag.py:587} INFO - Filling up the DagBag from /home/airflow/.local/lib/python3.12/site-packages/airflow/example_dags/example_external_task_marker_dag.py
[2025-10-10T09:02:32.821+0000] {processor.py:925} INFO - DAG(s) 'example_external_task_marker_parent', 'example_external_task_marker_child' retrieved from /home/airflow/.local/lib/python3.12/site-packages/airflow/example_dags/example_external_task_marker_dag.py
[2025-10-10T09:02:32.955+0000] {logging_mixin.py:190} INFO - [2025-10-10T09:02:32.954+0000] {dag.py:3211} INFO - Sync 2 DAGs
[2025-10-10T09:02:33.043+0000] {logging_mixin.py:190} INFO - [2025-10-10T09:02:33.042+0000] {dag.py:4138} INFO - Setting next_dagrun for example_external_task_marker_child to None, run_after=None
[2025-10-10T09:02:33.066+0000] {logging_mixin.py:190} INFO - [2025-10-10T09:02:33.065+0000] {dag.py:4138} INFO - Setting next_dagrun for example_external_task_marker_parent to None, run_after=None
[2025-10-10T09:02:33.163+0000] {processor.py:208} INFO - Processing /home/airflow/.local/lib/python3.12/site-packages/airflow/example_dags/example_external_task_marker_dag.py took 0.442 seconds
[2025-10-10T09:03:03.825+0000] {processor.py:186} INFO - Started process (PID=282) to work on /home/airflow/.local/lib/python3.12/site-packages/airflow/example_dags/example_external_task_marker_dag.py
[2025-10-10T09:03:03.828+0000] {processor.py:914} INFO - Processing file /home/airflow/.local/lib/python3.12/site-packages/airflow/example_dags/example_external_task_marker_dag.py for tasks to queue
[2025-10-10T09:03:03.839+0000] {logging_mixin.py:190} INFO - [2025-10-10T09:03:03.838+0000] {dagbag.py:587} INFO - Filling up the DagBag from /home/airflow/.local/lib/python3.12/site-packages/airflow/example_dags/example_external_task_marker_dag.py
[2025-10-10T09:03:03.865+0000] {processor.py:925} INFO - DAG(s) 'example_external_task_marker_parent', 'example_external_task_marker_child' retrieved from /home/airflow/.local/lib/python3.12/site-packages/airflow/example_dags/example_external_task_marker_dag.py
[2025-10-10T09:03:03.953+0000] {logging_mixin.py:190} INFO - [2025-10-10T09:03:03.952+0000] {dag.py:3211} INFO - Sync 2 DAGs
[2025-10-10T09:03:03.996+0000] {logging_mixin.py:190} INFO - [2025-10-10T09:03:03.995+0000] {dag.py:4138} INFO - Setting next_dagrun for example_external_task_marker_child to None, run_after=None
[2025-10-10T09:03:04.009+0000] {logging_mixin.py:190} INFO - [2025-10-10T09:03:04.009+0000] {dag.py:4138} INFO - Setting next_dagrun for example_external_task_marker_parent to None, run_after=None
[2025-10-10T09:03:04.072+0000] {processor.py:208} INFO - Processing /home/airflow/.local/lib/python3.12/site-packages/airflow/example_dags/example_external_task_marker_dag.py took 0.270 seconds
[2025-10-10T09:03:35.015+0000] {processor.py:186} INFO - Started process (PID=345) to work on /home/airflow/.local/lib/python3.12/site-packages/airflow/example_dags/example_external_task_marker_dag.py
[2025-10-10T09:03:35.024+0000] {processor.py:914} INFO - Processing file /home/airflow/.local/lib/python3.12/site-packages/airflow/example_dags/example_external_task_marker_dag.py for tasks to queue
[2025-10-10T09:03:35.035+0000] {logging_mixin.py:190} INFO - [2025-10-10T09:03:35.034+0000] {dagbag.py:587} INFO - Filling up the DagBag from /home/airflow/.local/lib/python3.12/site-packages/airflow/example_dags/example_external_task_marker_dag.py
[2025-10-10T09:03:35.067+0000] {processor.py:925} INFO - DAG(s) 'example_external_task_marker_parent', 'example_external_task_marker_child' retrieved from /home/airflow/.local/lib/python3.12/site-packages/airflow/example_dags/example_external_task_marker_dag.py
[2025-10-10T09:03:35.153+0000] {logging_mixin.py:190} INFO - [2025-10-10T09:03:35.152+0000] {dag.py:3211} INFO - Sync 2 DAGs
[2025-10-10T09:03:35.206+0000] {logging_mixin.py:190} INFO - [2025-10-10T09:03:35.206+0000] {dag.py:4138} INFO - Setting next_dagrun for example_external_task_marker_child to None, run_after=None
[2025-10-10T09:03:35.220+0000] {logging_mixin.py:190} INFO - [2025-10-10T09:03:35.219+0000] {dag.py:4138} INFO - Setting next_dagrun for example_external_task_marker_parent to None, run_after=None
[2025-10-10T09:03:35.309+0000] {processor.py:208} INFO - Processing /home/airflow/.local/lib/python3.12/site-packages/airflow/example_dags/example_external_task_marker_dag.py took 0.319 seconds
[2025-10-10T09:04:06.746+0000] {processor.py:186} INFO - Started process (PID=408) to work on /home/airflow/.local/lib/python3.12/site-packages/airflow/example_dags/example_external_task_marker_dag.py
[2025-10-10T09:04:06.748+0000] {processor.py:914} INFO - Processing file /home/airflow/.local/lib/python3.12/site-packages/airflow/example_dags/example_external_task_marker_dag.py for tasks to queue
[2025-10-10T09:04:06.754+0000] {logging_mixin.py:190} INFO - [2025-10-10T09:04:06.753+0000] {dagbag.py:587} INFO - Filling up the DagBag from /home/airflow/.local/lib/python3.12/site-packages/airflow/example_dags/example_external_task_marker_dag.py
[2025-10-10T09:04:06.774+0000] {processor.py:925} INFO - DAG(s) 'example_external_task_marker_parent', 'example_external_task_marker_child' retrieved from /home/airflow/.local/lib/python3.12/site-packages/airflow/example_dags/example_external_task_marker_dag.py
[2025-10-10T09:04:06.833+0000] {logging_mixin.py:190} INFO - [2025-10-10T09:04:06.833+0000] {dag.py:3211} INFO - Sync 2 DAGs
[2025-10-10T09:04:06.899+0000] {logging_mixin.py:190} INFO - [2025-10-10T09:04:06.898+0000] {dag.py:4138} INFO - Setting next_dagrun for example_external_task_marker_child to None, run_after=None
[2025-10-10T09:04:06.922+0000] {logging_mixin.py:190} INFO - [2025-10-10T09:04:06.921+0000] {dag.py:4138} INFO - Setting next_dagrun for example_external_task_marker_parent to None, run_after=None
[2025-10-10T09:04:07.018+0000] {processor.py:208} INFO - Processing /home/airflow/.local/lib/python3.12/site-packages/airflow/example_dags/example_external_task_marker_dag.py took 0.288 seconds
[2025-10-10T09:04:37.840+0000] {processor.py:186} INFO - Started process (PID=471) to work on /home/airflow/.local/lib/python3.12/site-packages/airflow/example_dags/example_external_task_marker_dag.py
[2025-10-10T09:04:37.843+0000] {processor.py:914} INFO - Processing file /home/airflow/.local/lib/python3.12/site-packages/airflow/example_dags/example_external_task_marker_dag.py for tasks to queue
[2025-10-10T09:04:37.850+0000] {logging_mixin.py:190} INFO - [2025-10-10T09:04:37.849+0000] {dagbag.py:587} INFO - Filling up the DagBag from /home/airflow/.local/lib/python3.12/site-packages/airflow/example_dags/example_external_task_marker_dag.py
[2025-10-10T09:04:37.871+0000] {processor.py:925} INFO - DAG(s) 'example_external_task_marker_child', 'example_external_task_marker_parent' retrieved from /home/airflow/.local/lib/python3.12/site-packages/airflow/example_dags/example_external_task_marker_dag.py
[2025-10-10T09:04:37.925+0000] {logging_mixin.py:190} INFO - [2025-10-10T09:04:37.924+0000] {dag.py:3211} INFO - Sync 2 DAGs
[2025-10-10T09:04:37.960+0000] {logging_mixin.py:190} INFO - [2025-10-10T09:04:37.960+0000] {dag.py:4138} INFO - Setting next_dagrun for example_external_task_marker_child to None, run_after=None
[2025-10-10T09:04:37.969+0000] {logging_mixin.py:190} INFO - [2025-10-10T09:04:37.968+0000] {dag.py:4138} INFO - Setting next_dagrun for example_external_task_marker_parent to None, run_after=None
[2025-10-10T09:04:38.009+0000] {processor.py:208} INFO - Processing /home/airflow/.local/lib/python3.12/site-packages/airflow/example_dags/example_external_task_marker_dag.py took 0.193 seconds
[2025-10-10T09:05:08.861+0000] {processor.py:186} INFO - Started process (PID=534) to work on /home/airflow/.local/lib/python3.12/site-packages/airflow/example_dags/example_external_task_marker_dag.py
[2025-10-10T09:05:08.867+0000] {processor.py:914} INFO - Processing file /home/airflow/.local/lib/python3.12/site-packages/airflow/example_dags/example_external_task_marker_dag.py for tasks to queue
[2025-10-10T09:05:08.877+0000] {logging_mixin.py:190} INFO - [2025-10-10T09:05:08.876+0000] {dagbag.py:587} INFO - Filling up the DagBag from /home/airflow/.local/lib/python3.12/site-packages/airflow/example_dags/example_external_task_marker_dag.py
[2025-10-10T09:05:08.918+0000] {processor.py:925} INFO - DAG(s) 'example_external_task_marker_parent', 'example_external_task_marker_child' retrieved from /home/airflow/.local/lib/python3.12/site-packages/airflow/example_dags/example_external_task_marker_dag.py
[2025-10-10T09:05:09.098+0000] {logging_mixin.py:190} INFO - [2025-10-10T09:05:09.098+0000] {dag.py:3211} INFO - Sync 2 DAGs
[2025-10-10T09:05:09.205+0000] {logging_mixin.py:190} INFO - [2025-10-10T09:05:09.204+0000] {dag.py:4138} INFO - Setting next_dagrun for example_external_task_marker_child to None, run_after=None
[2025-10-10T09:05:09.234+0000] {logging_mixin.py:190} INFO - [2025-10-10T09:05:09.233+0000] {dag.py:4138} INFO - Setting next_dagrun for example_external_task_marker_parent to None, run_after=None
[2025-10-10T09:05:09.274+0000] {processor.py:208} INFO - Processing /home/airflow/.local/lib/python3.12/site-packages/airflow/example_dags/example_external_task_marker_dag.py took 0.447 seconds
[2025-10-10T09:05:39.632+0000] {processor.py:186} INFO - Started process (PID=597) to work on /home/airflow/.local/lib/python3.12/site-packages/airflow/example_dags/example_external_task_marker_dag.py
[2025-10-10T09:05:39.639+0000] {processor.py:914} INFO - Processing file /home/airflow/.local/lib/python3.12/site-packages/airflow/example_dags/example_external_task_marker_dag.py for tasks to queue
[2025-10-10T09:05:39.649+0000] {logging_mixin.py:190} INFO - [2025-10-10T09:05:39.648+0000] {dagbag.py:587} INFO - Filling up the DagBag from /home/airflow/.local/lib/python3.12/site-packages/airflow/example_dags/example_external_task_marker_dag.py
[2025-10-10T09:05:39.678+0000] {processor.py:925} INFO - DAG(s) 'example_external_task_marker_child', 'example_external_task_marker_parent' retrieved from /home/airflow/.local/lib/python3.12/site-packages/airflow/example_dags/example_external_task_marker_dag.py
[2025-10-10T09:05:39.791+0000] {logging_mixin.py:190} INFO - [2025-10-10T09:05:39.790+0000] {dag.py:3211} INFO - Sync 2 DAGs
[2025-10-10T09:05:39.850+0000] {logging_mixin.py:190} INFO - [2025-10-10T09:05:39.849+0000] {dag.py:4138} INFO - Setting next_dagrun for example_external_task_marker_child to None, run_after=None
[2025-10-10T09:05:39.863+0000] {logging_mixin.py:190} INFO - [2025-10-10T09:05:39.862+0000] {dag.py:4138} INFO - Setting next_dagrun for example_external_task_marker_parent to None, run_after=None
[2025-10-10T09:05:39.935+0000] {processor.py:208} INFO - Processing /home/airflow/.local/lib/python3.12/site-packages/airflow/example_dags/example_external_task_marker_dag.py took 0.335 seconds
