[2025-10-10T08:37:55.853+0000] {processor.py:186} INFO - Started process (PID=93) to work on /home/airflow/.local/lib/python3.12/site-packages/airflow/example_dags/example_branch_day_of_week_operator.py
[2025-10-10T08:37:55.856+0000] {processor.py:914} INFO - Processing file /home/airflow/.local/lib/python3.12/site-packages/airflow/example_dags/example_branch_day_of_week_operator.py for tasks to queue
[2025-10-10T08:37:55.861+0000] {logging_mixin.py:190} INFO - [2025-10-10T08:37:55.860+0000] {dagbag.py:587} INFO - Filling up the DagBag from /home/airflow/.local/lib/python3.12/site-packages/airflow/example_dags/example_branch_day_of_week_operator.py
[2025-10-10T08:37:55.881+0000] {processor.py:925} INFO - DAG(s) 'example_weekday_branch_operator' retrieved from /home/airflow/.local/lib/python3.12/site-packages/airflow/example_dags/example_branch_day_of_week_operator.py
[2025-10-10T08:37:55.928+0000] {logging_mixin.py:190} INFO - [2025-10-10T08:37:55.927+0000] {dag.py:3211} INFO - Sync 1 DAGs
[2025-10-10T08:37:55.979+0000] {logging_mixin.py:190} INFO - [2025-10-10T08:37:55.979+0000] {dag.py:4138} INFO - Setting next_dagrun for example_weekday_branch_operator to 2025-10-09 00:00:00+00:00, run_after=2025-10-10 00:00:00+00:00
[2025-10-10T08:37:56.026+0000] {processor.py:208} INFO - Processing /home/airflow/.local/lib/python3.12/site-packages/airflow/example_dags/example_branch_day_of_week_operator.py took 0.184 seconds
[2025-10-10T08:38:26.745+0000] {processor.py:186} INFO - Started process (PID=156) to work on /home/airflow/.local/lib/python3.12/site-packages/airflow/example_dags/example_branch_day_of_week_operator.py
[2025-10-10T08:38:26.748+0000] {processor.py:914} INFO - Processing file /home/airflow/.local/lib/python3.12/site-packages/airflow/example_dags/example_branch_day_of_week_operator.py for tasks to queue
[2025-10-10T08:38:26.761+0000] {logging_mixin.py:190} INFO - [2025-10-10T08:38:26.760+0000] {dagbag.py:587} INFO - Filling up the DagBag from /home/airflow/.local/lib/python3.12/site-packages/airflow/example_dags/example_branch_day_of_week_operator.py
[2025-10-10T08:38:26.799+0000] {processor.py:925} INFO - DAG(s) 'example_weekday_branch_operator' retrieved from /home/airflow/.local/lib/python3.12/site-packages/airflow/example_dags/example_branch_day_of_week_operator.py
[2025-10-10T08:38:26.872+0000] {logging_mixin.py:190} INFO - [2025-10-10T08:38:26.871+0000] {dag.py:3211} INFO - Sync 1 DAGs
[2025-10-10T08:38:26.955+0000] {logging_mixin.py:190} INFO - [2025-10-10T08:38:26.955+0000] {dag.py:4138} INFO - Setting next_dagrun for example_weekday_branch_operator to 2025-10-09 00:00:00+00:00, run_after=2025-10-10 00:00:00+00:00
[2025-10-10T08:38:27.031+0000] {processor.py:208} INFO - Processing /home/airflow/.local/lib/python3.12/site-packages/airflow/example_dags/example_branch_day_of_week_operator.py took 0.329 seconds
[2025-10-10T08:38:57.865+0000] {processor.py:186} INFO - Started process (PID=219) to work on /home/airflow/.local/lib/python3.12/site-packages/airflow/example_dags/example_branch_day_of_week_operator.py
[2025-10-10T08:38:57.875+0000] {processor.py:914} INFO - Processing file /home/airflow/.local/lib/python3.12/site-packages/airflow/example_dags/example_branch_day_of_week_operator.py for tasks to queue
[2025-10-10T08:38:57.891+0000] {logging_mixin.py:190} INFO - [2025-10-10T08:38:57.889+0000] {dagbag.py:587} INFO - Filling up the DagBag from /home/airflow/.local/lib/python3.12/site-packages/airflow/example_dags/example_branch_day_of_week_operator.py
[2025-10-10T08:38:57.927+0000] {processor.py:925} INFO - DAG(s) 'example_weekday_branch_operator' retrieved from /home/airflow/.local/lib/python3.12/site-packages/airflow/example_dags/example_branch_day_of_week_operator.py
[2025-10-10T08:38:57.995+0000] {logging_mixin.py:190} INFO - [2025-10-10T08:38:57.994+0000] {dag.py:3211} INFO - Sync 1 DAGs
[2025-10-10T08:38:58.056+0000] {logging_mixin.py:190} INFO - [2025-10-10T08:38:58.056+0000] {dag.py:4138} INFO - Setting next_dagrun for example_weekday_branch_operator to 2025-10-09 00:00:00+00:00, run_after=2025-10-10 00:00:00+00:00
[2025-10-10T08:38:58.106+0000] {processor.py:208} INFO - Processing /home/airflow/.local/lib/python3.12/site-packages/airflow/example_dags/example_branch_day_of_week_operator.py took 0.272 seconds
[2025-10-10T08:39:28.434+0000] {processor.py:186} INFO - Started process (PID=281) to work on /home/airflow/.local/lib/python3.12/site-packages/airflow/example_dags/example_branch_day_of_week_operator.py
[2025-10-10T08:39:28.438+0000] {processor.py:914} INFO - Processing file /home/airflow/.local/lib/python3.12/site-packages/airflow/example_dags/example_branch_day_of_week_operator.py for tasks to queue
[2025-10-10T08:39:28.448+0000] {logging_mixin.py:190} INFO - [2025-10-10T08:39:28.447+0000] {dagbag.py:587} INFO - Filling up the DagBag from /home/airflow/.local/lib/python3.12/site-packages/airflow/example_dags/example_branch_day_of_week_operator.py
[2025-10-10T08:39:28.485+0000] {processor.py:925} INFO - DAG(s) 'example_weekday_branch_operator' retrieved from /home/airflow/.local/lib/python3.12/site-packages/airflow/example_dags/example_branch_day_of_week_operator.py
[2025-10-10T08:39:28.537+0000] {logging_mixin.py:190} INFO - [2025-10-10T08:39:28.536+0000] {dag.py:3211} INFO - Sync 1 DAGs
[2025-10-10T08:39:28.594+0000] {logging_mixin.py:190} INFO - [2025-10-10T08:39:28.594+0000] {dag.py:4138} INFO - Setting next_dagrun for example_weekday_branch_operator to 2025-10-09 00:00:00+00:00, run_after=2025-10-10 00:00:00+00:00
[2025-10-10T08:39:28.637+0000] {processor.py:208} INFO - Processing /home/airflow/.local/lib/python3.12/site-packages/airflow/example_dags/example_branch_day_of_week_operator.py took 0.230 seconds
[2025-10-10T08:40:00.775+0000] {processor.py:186} INFO - Started process (PID=345) to work on /home/airflow/.local/lib/python3.12/site-packages/airflow/example_dags/example_branch_day_of_week_operator.py
[2025-10-10T08:40:00.778+0000] {processor.py:914} INFO - Processing file /home/airflow/.local/lib/python3.12/site-packages/airflow/example_dags/example_branch_day_of_week_operator.py for tasks to queue
[2025-10-10T08:40:00.785+0000] {logging_mixin.py:190} INFO - [2025-10-10T08:40:00.784+0000] {dagbag.py:587} INFO - Filling up the DagBag from /home/airflow/.local/lib/python3.12/site-packages/airflow/example_dags/example_branch_day_of_week_operator.py
[2025-10-10T08:40:00.817+0000] {processor.py:925} INFO - DAG(s) 'example_weekday_branch_operator' retrieved from /home/airflow/.local/lib/python3.12/site-packages/airflow/example_dags/example_branch_day_of_week_operator.py
[2025-10-10T08:40:00.892+0000] {logging_mixin.py:190} INFO - [2025-10-10T08:40:00.890+0000] {dag.py:3211} INFO - Sync 1 DAGs
[2025-10-10T08:40:00.999+0000] {logging_mixin.py:190} INFO - [2025-10-10T08:40:00.998+0000] {dag.py:4138} INFO - Setting next_dagrun for example_weekday_branch_operator to 2025-10-09 00:00:00+00:00, run_after=2025-10-10 00:00:00+00:00
[2025-10-10T08:40:01.070+0000] {processor.py:208} INFO - Processing /home/airflow/.local/lib/python3.12/site-packages/airflow/example_dags/example_branch_day_of_week_operator.py took 0.311 seconds
[2025-10-10T08:40:32.170+0000] {processor.py:186} INFO - Started process (PID=408) to work on /home/airflow/.local/lib/python3.12/site-packages/airflow/example_dags/example_branch_day_of_week_operator.py
[2025-10-10T08:40:32.175+0000] {processor.py:914} INFO - Processing file /home/airflow/.local/lib/python3.12/site-packages/airflow/example_dags/example_branch_day_of_week_operator.py for tasks to queue
[2025-10-10T08:40:32.193+0000] {logging_mixin.py:190} INFO - [2025-10-10T08:40:32.190+0000] {dagbag.py:587} INFO - Filling up the DagBag from /home/airflow/.local/lib/python3.12/site-packages/airflow/example_dags/example_branch_day_of_week_operator.py
[2025-10-10T08:40:32.243+0000] {processor.py:925} INFO - DAG(s) 'example_weekday_branch_operator' retrieved from /home/airflow/.local/lib/python3.12/site-packages/airflow/example_dags/example_branch_day_of_week_operator.py
[2025-10-10T08:40:32.290+0000] {logging_mixin.py:190} INFO - [2025-10-10T08:40:32.290+0000] {dag.py:3211} INFO - Sync 1 DAGs
[2025-10-10T08:40:32.342+0000] {logging_mixin.py:190} INFO - [2025-10-10T08:40:32.342+0000] {dag.py:4138} INFO - Setting next_dagrun for example_weekday_branch_operator to 2025-10-09 00:00:00+00:00, run_after=2025-10-10 00:00:00+00:00
[2025-10-10T08:40:32.387+0000] {processor.py:208} INFO - Processing /home/airflow/.local/lib/python3.12/site-packages/airflow/example_dags/example_branch_day_of_week_operator.py took 0.247 seconds
[2025-10-10T08:41:03.068+0000] {processor.py:186} INFO - Started process (PID=470) to work on /home/airflow/.local/lib/python3.12/site-packages/airflow/example_dags/example_branch_day_of_week_operator.py
[2025-10-10T08:41:03.071+0000] {processor.py:914} INFO - Processing file /home/airflow/.local/lib/python3.12/site-packages/airflow/example_dags/example_branch_day_of_week_operator.py for tasks to queue
[2025-10-10T08:41:03.079+0000] {logging_mixin.py:190} INFO - [2025-10-10T08:41:03.078+0000] {dagbag.py:587} INFO - Filling up the DagBag from /home/airflow/.local/lib/python3.12/site-packages/airflow/example_dags/example_branch_day_of_week_operator.py
[2025-10-10T08:41:03.105+0000] {processor.py:925} INFO - DAG(s) 'example_weekday_branch_operator' retrieved from /home/airflow/.local/lib/python3.12/site-packages/airflow/example_dags/example_branch_day_of_week_operator.py
[2025-10-10T08:41:03.168+0000] {logging_mixin.py:190} INFO - [2025-10-10T08:41:03.168+0000] {dag.py:3211} INFO - Sync 1 DAGs
[2025-10-10T08:41:03.228+0000] {logging_mixin.py:190} INFO - [2025-10-10T08:41:03.227+0000] {dag.py:4138} INFO - Setting next_dagrun for example_weekday_branch_operator to 2025-10-09 00:00:00+00:00, run_after=2025-10-10 00:00:00+00:00
[2025-10-10T08:41:03.270+0000] {processor.py:208} INFO - Processing /home/airflow/.local/lib/python3.12/site-packages/airflow/example_dags/example_branch_day_of_week_operator.py took 0.222 seconds
[2025-10-10T08:41:33.377+0000] {processor.py:186} INFO - Started process (PID=533) to work on /home/airflow/.local/lib/python3.12/site-packages/airflow/example_dags/example_branch_day_of_week_operator.py
[2025-10-10T08:41:33.379+0000] {processor.py:914} INFO - Processing file /home/airflow/.local/lib/python3.12/site-packages/airflow/example_dags/example_branch_day_of_week_operator.py for tasks to queue
[2025-10-10T08:41:33.384+0000] {logging_mixin.py:190} INFO - [2025-10-10T08:41:33.383+0000] {dagbag.py:587} INFO - Filling up the DagBag from /home/airflow/.local/lib/python3.12/site-packages/airflow/example_dags/example_branch_day_of_week_operator.py
[2025-10-10T08:41:33.401+0000] {processor.py:925} INFO - DAG(s) 'example_weekday_branch_operator' retrieved from /home/airflow/.local/lib/python3.12/site-packages/airflow/example_dags/example_branch_day_of_week_operator.py
[2025-10-10T08:41:33.446+0000] {logging_mixin.py:190} INFO - [2025-10-10T08:41:33.445+0000] {dag.py:3211} INFO - Sync 1 DAGs
[2025-10-10T08:41:33.488+0000] {logging_mixin.py:190} INFO - [2025-10-10T08:41:33.487+0000] {dag.py:4138} INFO - Setting next_dagrun for example_weekday_branch_operator to 2025-10-09 00:00:00+00:00, run_after=2025-10-10 00:00:00+00:00
[2025-10-10T08:41:33.534+0000] {processor.py:208} INFO - Processing /home/airflow/.local/lib/python3.12/site-packages/airflow/example_dags/example_branch_day_of_week_operator.py took 0.168 seconds
[2025-10-10T08:42:04.040+0000] {processor.py:186} INFO - Started process (PID=596) to work on /home/airflow/.local/lib/python3.12/site-packages/airflow/example_dags/example_branch_day_of_week_operator.py
[2025-10-10T08:42:04.046+0000] {processor.py:914} INFO - Processing file /home/airflow/.local/lib/python3.12/site-packages/airflow/example_dags/example_branch_day_of_week_operator.py for tasks to queue
[2025-10-10T08:42:04.059+0000] {logging_mixin.py:190} INFO - [2025-10-10T08:42:04.057+0000] {dagbag.py:587} INFO - Filling up the DagBag from /home/airflow/.local/lib/python3.12/site-packages/airflow/example_dags/example_branch_day_of_week_operator.py
[2025-10-10T08:42:04.118+0000] {processor.py:925} INFO - DAG(s) 'example_weekday_branch_operator' retrieved from /home/airflow/.local/lib/python3.12/site-packages/airflow/example_dags/example_branch_day_of_week_operator.py
[2025-10-10T08:42:04.190+0000] {logging_mixin.py:190} INFO - [2025-10-10T08:42:04.189+0000] {dag.py:3211} INFO - Sync 1 DAGs
[2025-10-10T08:42:04.305+0000] {logging_mixin.py:190} INFO - [2025-10-10T08:42:04.305+0000] {dag.py:4138} INFO - Setting next_dagrun for example_weekday_branch_operator to 2025-10-09 00:00:00+00:00, run_after=2025-10-10 00:00:00+00:00
[2025-10-10T08:42:04.359+0000] {processor.py:208} INFO - Processing /home/airflow/.local/lib/python3.12/site-packages/airflow/example_dags/example_branch_day_of_week_operator.py took 0.341 seconds
[2025-10-10T08:42:35.295+0000] {processor.py:186} INFO - Started process (PID=659) to work on /home/airflow/.local/lib/python3.12/site-packages/airflow/example_dags/example_branch_day_of_week_operator.py
[2025-10-10T08:42:35.299+0000] {processor.py:914} INFO - Processing file /home/airflow/.local/lib/python3.12/site-packages/airflow/example_dags/example_branch_day_of_week_operator.py for tasks to queue
[2025-10-10T08:42:35.312+0000] {logging_mixin.py:190} INFO - [2025-10-10T08:42:35.311+0000] {dagbag.py:587} INFO - Filling up the DagBag from /home/airflow/.local/lib/python3.12/site-packages/airflow/example_dags/example_branch_day_of_week_operator.py
[2025-10-10T08:42:35.364+0000] {processor.py:925} INFO - DAG(s) 'example_weekday_branch_operator' retrieved from /home/airflow/.local/lib/python3.12/site-packages/airflow/example_dags/example_branch_day_of_week_operator.py
[2025-10-10T08:42:35.493+0000] {logging_mixin.py:190} INFO - [2025-10-10T08:42:35.492+0000] {dag.py:3211} INFO - Sync 1 DAGs
[2025-10-10T08:42:35.612+0000] {logging_mixin.py:190} INFO - [2025-10-10T08:42:35.610+0000] {dag.py:4138} INFO - Setting next_dagrun for example_weekday_branch_operator to 2025-10-09 00:00:00+00:00, run_after=2025-10-10 00:00:00+00:00
[2025-10-10T08:42:35.660+0000] {processor.py:208} INFO - Processing /home/airflow/.local/lib/python3.12/site-packages/airflow/example_dags/example_branch_day_of_week_operator.py took 0.404 seconds
[2025-10-10T08:43:06.530+0000] {processor.py:186} INFO - Started process (PID=722) to work on /home/airflow/.local/lib/python3.12/site-packages/airflow/example_dags/example_branch_day_of_week_operator.py
[2025-10-10T08:43:06.538+0000] {processor.py:914} INFO - Processing file /home/airflow/.local/lib/python3.12/site-packages/airflow/example_dags/example_branch_day_of_week_operator.py for tasks to queue
[2025-10-10T08:43:06.554+0000] {logging_mixin.py:190} INFO - [2025-10-10T08:43:06.552+0000] {dagbag.py:587} INFO - Filling up the DagBag from /home/airflow/.local/lib/python3.12/site-packages/airflow/example_dags/example_branch_day_of_week_operator.py
[2025-10-10T08:43:06.608+0000] {processor.py:925} INFO - DAG(s) 'example_weekday_branch_operator' retrieved from /home/airflow/.local/lib/python3.12/site-packages/airflow/example_dags/example_branch_day_of_week_operator.py
[2025-10-10T08:43:06.724+0000] {logging_mixin.py:190} INFO - [2025-10-10T08:43:06.723+0000] {dag.py:3211} INFO - Sync 1 DAGs
[2025-10-10T08:43:06.876+0000] {logging_mixin.py:190} INFO - [2025-10-10T08:43:06.875+0000] {dag.py:4138} INFO - Setting next_dagrun for example_weekday_branch_operator to 2025-10-09 00:00:00+00:00, run_after=2025-10-10 00:00:00+00:00
[2025-10-10T08:43:06.992+0000] {processor.py:208} INFO - Processing /home/airflow/.local/lib/python3.12/site-packages/airflow/example_dags/example_branch_day_of_week_operator.py took 0.502 seconds
[2025-10-10T08:43:37.552+0000] {processor.py:186} INFO - Started process (PID=786) to work on /home/airflow/.local/lib/python3.12/site-packages/airflow/example_dags/example_branch_day_of_week_operator.py
[2025-10-10T08:43:37.556+0000] {processor.py:914} INFO - Processing file /home/airflow/.local/lib/python3.12/site-packages/airflow/example_dags/example_branch_day_of_week_operator.py for tasks to queue
[2025-10-10T08:43:37.565+0000] {logging_mixin.py:190} INFO - [2025-10-10T08:43:37.564+0000] {dagbag.py:587} INFO - Filling up the DagBag from /home/airflow/.local/lib/python3.12/site-packages/airflow/example_dags/example_branch_day_of_week_operator.py
[2025-10-10T08:43:37.594+0000] {processor.py:925} INFO - DAG(s) 'example_weekday_branch_operator' retrieved from /home/airflow/.local/lib/python3.12/site-packages/airflow/example_dags/example_branch_day_of_week_operator.py
[2025-10-10T08:43:37.658+0000] {logging_mixin.py:190} INFO - [2025-10-10T08:43:37.657+0000] {dag.py:3211} INFO - Sync 1 DAGs
[2025-10-10T08:43:37.734+0000] {logging_mixin.py:190} INFO - [2025-10-10T08:43:37.733+0000] {dag.py:4138} INFO - Setting next_dagrun for example_weekday_branch_operator to 2025-10-09 00:00:00+00:00, run_after=2025-10-10 00:00:00+00:00
[2025-10-10T08:43:37.812+0000] {processor.py:208} INFO - Processing /home/airflow/.local/lib/python3.12/site-packages/airflow/example_dags/example_branch_day_of_week_operator.py took 0.277 seconds
[2025-10-10T08:44:08.471+0000] {processor.py:186} INFO - Started process (PID=849) to work on /home/airflow/.local/lib/python3.12/site-packages/airflow/example_dags/example_branch_day_of_week_operator.py
[2025-10-10T08:44:08.473+0000] {processor.py:914} INFO - Processing file /home/airflow/.local/lib/python3.12/site-packages/airflow/example_dags/example_branch_day_of_week_operator.py for tasks to queue
[2025-10-10T08:44:08.482+0000] {logging_mixin.py:190} INFO - [2025-10-10T08:44:08.481+0000] {dagbag.py:587} INFO - Filling up the DagBag from /home/airflow/.local/lib/python3.12/site-packages/airflow/example_dags/example_branch_day_of_week_operator.py
[2025-10-10T08:44:08.542+0000] {processor.py:925} INFO - DAG(s) 'example_weekday_branch_operator' retrieved from /home/airflow/.local/lib/python3.12/site-packages/airflow/example_dags/example_branch_day_of_week_operator.py
[2025-10-10T08:44:08.630+0000] {logging_mixin.py:190} INFO - [2025-10-10T08:44:08.629+0000] {dag.py:3211} INFO - Sync 1 DAGs
[2025-10-10T08:44:08.753+0000] {logging_mixin.py:190} INFO - [2025-10-10T08:44:08.752+0000] {dag.py:4138} INFO - Setting next_dagrun for example_weekday_branch_operator to 2025-10-09 00:00:00+00:00, run_after=2025-10-10 00:00:00+00:00
[2025-10-10T08:44:08.822+0000] {processor.py:208} INFO - Processing /home/airflow/.local/lib/python3.12/site-packages/airflow/example_dags/example_branch_day_of_week_operator.py took 0.374 seconds
[2025-10-10T08:44:39.503+0000] {processor.py:186} INFO - Started process (PID=911) to work on /home/airflow/.local/lib/python3.12/site-packages/airflow/example_dags/example_branch_day_of_week_operator.py
[2025-10-10T08:44:39.506+0000] {processor.py:914} INFO - Processing file /home/airflow/.local/lib/python3.12/site-packages/airflow/example_dags/example_branch_day_of_week_operator.py for tasks to queue
[2025-10-10T08:44:39.514+0000] {logging_mixin.py:190} INFO - [2025-10-10T08:44:39.513+0000] {dagbag.py:587} INFO - Filling up the DagBag from /home/airflow/.local/lib/python3.12/site-packages/airflow/example_dags/example_branch_day_of_week_operator.py
[2025-10-10T08:44:39.555+0000] {processor.py:925} INFO - DAG(s) 'example_weekday_branch_operator' retrieved from /home/airflow/.local/lib/python3.12/site-packages/airflow/example_dags/example_branch_day_of_week_operator.py
[2025-10-10T08:44:39.638+0000] {logging_mixin.py:190} INFO - [2025-10-10T08:44:39.638+0000] {dag.py:3211} INFO - Sync 1 DAGs
[2025-10-10T08:44:39.707+0000] {logging_mixin.py:190} INFO - [2025-10-10T08:44:39.707+0000] {dag.py:4138} INFO - Setting next_dagrun for example_weekday_branch_operator to 2025-10-09 00:00:00+00:00, run_after=2025-10-10 00:00:00+00:00
[2025-10-10T08:44:39.764+0000] {processor.py:208} INFO - Processing /home/airflow/.local/lib/python3.12/site-packages/airflow/example_dags/example_branch_day_of_week_operator.py took 0.281 seconds
[2025-10-10T08:45:11.792+0000] {processor.py:186} INFO - Started process (PID=979) to work on /home/airflow/.local/lib/python3.12/site-packages/airflow/example_dags/example_branch_day_of_week_operator.py
[2025-10-10T08:45:11.795+0000] {processor.py:914} INFO - Processing file /home/airflow/.local/lib/python3.12/site-packages/airflow/example_dags/example_branch_day_of_week_operator.py for tasks to queue
[2025-10-10T08:45:11.804+0000] {logging_mixin.py:190} INFO - [2025-10-10T08:45:11.801+0000] {dagbag.py:587} INFO - Filling up the DagBag from /home/airflow/.local/lib/python3.12/site-packages/airflow/example_dags/example_branch_day_of_week_operator.py
[2025-10-10T08:45:11.834+0000] {processor.py:925} INFO - DAG(s) 'example_weekday_branch_operator' retrieved from /home/airflow/.local/lib/python3.12/site-packages/airflow/example_dags/example_branch_day_of_week_operator.py
[2025-10-10T08:45:11.929+0000] {logging_mixin.py:190} INFO - [2025-10-10T08:45:11.928+0000] {dag.py:3211} INFO - Sync 1 DAGs
[2025-10-10T08:45:12.027+0000] {logging_mixin.py:190} INFO - [2025-10-10T08:45:12.027+0000] {dag.py:4138} INFO - Setting next_dagrun for example_weekday_branch_operator to 2025-10-09 00:00:00+00:00, run_after=2025-10-10 00:00:00+00:00
[2025-10-10T08:45:12.074+0000] {processor.py:208} INFO - Processing /home/airflow/.local/lib/python3.12/site-packages/airflow/example_dags/example_branch_day_of_week_operator.py took 0.297 seconds
[2025-10-10T08:45:42.920+0000] {processor.py:186} INFO - Started process (PID=1042) to work on /home/airflow/.local/lib/python3.12/site-packages/airflow/example_dags/example_branch_day_of_week_operator.py
[2025-10-10T08:45:42.923+0000] {processor.py:914} INFO - Processing file /home/airflow/.local/lib/python3.12/site-packages/airflow/example_dags/example_branch_day_of_week_operator.py for tasks to queue
[2025-10-10T08:45:42.930+0000] {logging_mixin.py:190} INFO - [2025-10-10T08:45:42.929+0000] {dagbag.py:587} INFO - Filling up the DagBag from /home/airflow/.local/lib/python3.12/site-packages/airflow/example_dags/example_branch_day_of_week_operator.py
[2025-10-10T08:45:42.957+0000] {processor.py:925} INFO - DAG(s) 'example_weekday_branch_operator' retrieved from /home/airflow/.local/lib/python3.12/site-packages/airflow/example_dags/example_branch_day_of_week_operator.py
[2025-10-10T08:45:43.012+0000] {logging_mixin.py:190} INFO - [2025-10-10T08:45:43.011+0000] {dag.py:3211} INFO - Sync 1 DAGs
[2025-10-10T08:45:43.077+0000] {logging_mixin.py:190} INFO - [2025-10-10T08:45:43.077+0000] {dag.py:4138} INFO - Setting next_dagrun for example_weekday_branch_operator to 2025-10-09 00:00:00+00:00, run_after=2025-10-10 00:00:00+00:00
[2025-10-10T08:45:43.131+0000] {processor.py:208} INFO - Processing /home/airflow/.local/lib/python3.12/site-packages/airflow/example_dags/example_branch_day_of_week_operator.py took 0.225 seconds
[2025-10-10T08:46:14.388+0000] {processor.py:186} INFO - Started process (PID=1105) to work on /home/airflow/.local/lib/python3.12/site-packages/airflow/example_dags/example_branch_day_of_week_operator.py
[2025-10-10T08:46:14.398+0000] {processor.py:914} INFO - Processing file /home/airflow/.local/lib/python3.12/site-packages/airflow/example_dags/example_branch_day_of_week_operator.py for tasks to queue
[2025-10-10T08:46:14.409+0000] {logging_mixin.py:190} INFO - [2025-10-10T08:46:14.408+0000] {dagbag.py:587} INFO - Filling up the DagBag from /home/airflow/.local/lib/python3.12/site-packages/airflow/example_dags/example_branch_day_of_week_operator.py
[2025-10-10T08:46:14.530+0000] {processor.py:925} INFO - DAG(s) 'example_weekday_branch_operator' retrieved from /home/airflow/.local/lib/python3.12/site-packages/airflow/example_dags/example_branch_day_of_week_operator.py
[2025-10-10T08:46:14.770+0000] {logging_mixin.py:190} INFO - [2025-10-10T08:46:14.769+0000] {dag.py:3211} INFO - Sync 1 DAGs
[2025-10-10T08:46:15.034+0000] {logging_mixin.py:190} INFO - [2025-10-10T08:46:15.032+0000] {dag.py:4138} INFO - Setting next_dagrun for example_weekday_branch_operator to 2025-10-09 00:00:00+00:00, run_after=2025-10-10 00:00:00+00:00
[2025-10-10T08:46:15.213+0000] {processor.py:208} INFO - Processing /home/airflow/.local/lib/python3.12/site-packages/airflow/example_dags/example_branch_day_of_week_operator.py took 0.881 seconds
[2025-10-10T08:46:45.502+0000] {processor.py:186} INFO - Started process (PID=1168) to work on /home/airflow/.local/lib/python3.12/site-packages/airflow/example_dags/example_branch_day_of_week_operator.py
[2025-10-10T08:46:45.505+0000] {processor.py:914} INFO - Processing file /home/airflow/.local/lib/python3.12/site-packages/airflow/example_dags/example_branch_day_of_week_operator.py for tasks to queue
[2025-10-10T08:46:45.512+0000] {logging_mixin.py:190} INFO - [2025-10-10T08:46:45.511+0000] {dagbag.py:587} INFO - Filling up the DagBag from /home/airflow/.local/lib/python3.12/site-packages/airflow/example_dags/example_branch_day_of_week_operator.py
[2025-10-10T08:46:45.540+0000] {processor.py:925} INFO - DAG(s) 'example_weekday_branch_operator' retrieved from /home/airflow/.local/lib/python3.12/site-packages/airflow/example_dags/example_branch_day_of_week_operator.py
[2025-10-10T08:46:45.603+0000] {logging_mixin.py:190} INFO - [2025-10-10T08:46:45.602+0000] {dag.py:3211} INFO - Sync 1 DAGs
[2025-10-10T08:46:45.712+0000] {logging_mixin.py:190} INFO - [2025-10-10T08:46:45.711+0000] {dag.py:4138} INFO - Setting next_dagrun for example_weekday_branch_operator to 2025-10-09 00:00:00+00:00, run_after=2025-10-10 00:00:00+00:00
[2025-10-10T08:46:45.781+0000] {processor.py:208} INFO - Processing /home/airflow/.local/lib/python3.12/site-packages/airflow/example_dags/example_branch_day_of_week_operator.py took 0.300 seconds
[2025-10-10T08:47:16.772+0000] {processor.py:186} INFO - Started process (PID=1231) to work on /home/airflow/.local/lib/python3.12/site-packages/airflow/example_dags/example_branch_day_of_week_operator.py
[2025-10-10T08:47:16.777+0000] {processor.py:914} INFO - Processing file /home/airflow/.local/lib/python3.12/site-packages/airflow/example_dags/example_branch_day_of_week_operator.py for tasks to queue
[2025-10-10T08:47:16.783+0000] {logging_mixin.py:190} INFO - [2025-10-10T08:47:16.782+0000] {dagbag.py:587} INFO - Filling up the DagBag from /home/airflow/.local/lib/python3.12/site-packages/airflow/example_dags/example_branch_day_of_week_operator.py
[2025-10-10T08:47:16.815+0000] {processor.py:925} INFO - DAG(s) 'example_weekday_branch_operator' retrieved from /home/airflow/.local/lib/python3.12/site-packages/airflow/example_dags/example_branch_day_of_week_operator.py
[2025-10-10T08:47:16.880+0000] {logging_mixin.py:190} INFO - [2025-10-10T08:47:16.880+0000] {dag.py:3211} INFO - Sync 1 DAGs
[2025-10-10T08:47:16.992+0000] {logging_mixin.py:190} INFO - [2025-10-10T08:47:16.991+0000] {dag.py:4138} INFO - Setting next_dagrun for example_weekday_branch_operator to 2025-10-09 00:00:00+00:00, run_after=2025-10-10 00:00:00+00:00
[2025-10-10T08:47:17.061+0000] {processor.py:208} INFO - Processing /home/airflow/.local/lib/python3.12/site-packages/airflow/example_dags/example_branch_day_of_week_operator.py took 0.306 seconds
[2025-10-10T08:47:47.869+0000] {processor.py:186} INFO - Started process (PID=1294) to work on /home/airflow/.local/lib/python3.12/site-packages/airflow/example_dags/example_branch_day_of_week_operator.py
[2025-10-10T08:47:47.872+0000] {processor.py:914} INFO - Processing file /home/airflow/.local/lib/python3.12/site-packages/airflow/example_dags/example_branch_day_of_week_operator.py for tasks to queue
[2025-10-10T08:47:47.881+0000] {logging_mixin.py:190} INFO - [2025-10-10T08:47:47.880+0000] {dagbag.py:587} INFO - Filling up the DagBag from /home/airflow/.local/lib/python3.12/site-packages/airflow/example_dags/example_branch_day_of_week_operator.py
[2025-10-10T08:47:47.912+0000] {processor.py:925} INFO - DAG(s) 'example_weekday_branch_operator' retrieved from /home/airflow/.local/lib/python3.12/site-packages/airflow/example_dags/example_branch_day_of_week_operator.py
[2025-10-10T08:47:47.972+0000] {logging_mixin.py:190} INFO - [2025-10-10T08:47:47.972+0000] {dag.py:3211} INFO - Sync 1 DAGs
[2025-10-10T08:47:48.033+0000] {logging_mixin.py:190} INFO - [2025-10-10T08:47:48.032+0000] {dag.py:4138} INFO - Setting next_dagrun for example_weekday_branch_operator to 2025-10-09 00:00:00+00:00, run_after=2025-10-10 00:00:00+00:00
[2025-10-10T08:47:48.080+0000] {processor.py:208} INFO - Processing /home/airflow/.local/lib/python3.12/site-packages/airflow/example_dags/example_branch_day_of_week_operator.py took 0.229 seconds
[2025-10-10T08:48:18.858+0000] {processor.py:186} INFO - Started process (PID=1357) to work on /home/airflow/.local/lib/python3.12/site-packages/airflow/example_dags/example_branch_day_of_week_operator.py
[2025-10-10T08:48:18.861+0000] {processor.py:914} INFO - Processing file /home/airflow/.local/lib/python3.12/site-packages/airflow/example_dags/example_branch_day_of_week_operator.py for tasks to queue
[2025-10-10T08:48:18.869+0000] {logging_mixin.py:190} INFO - [2025-10-10T08:48:18.868+0000] {dagbag.py:587} INFO - Filling up the DagBag from /home/airflow/.local/lib/python3.12/site-packages/airflow/example_dags/example_branch_day_of_week_operator.py
[2025-10-10T08:48:18.906+0000] {processor.py:925} INFO - DAG(s) 'example_weekday_branch_operator' retrieved from /home/airflow/.local/lib/python3.12/site-packages/airflow/example_dags/example_branch_day_of_week_operator.py
[2025-10-10T08:48:18.976+0000] {logging_mixin.py:190} INFO - [2025-10-10T08:48:18.975+0000] {dag.py:3211} INFO - Sync 1 DAGs
[2025-10-10T08:48:19.058+0000] {logging_mixin.py:190} INFO - [2025-10-10T08:48:19.058+0000] {dag.py:4138} INFO - Setting next_dagrun for example_weekday_branch_operator to 2025-10-09 00:00:00+00:00, run_after=2025-10-10 00:00:00+00:00
[2025-10-10T08:48:19.121+0000] {processor.py:208} INFO - Processing /home/airflow/.local/lib/python3.12/site-packages/airflow/example_dags/example_branch_day_of_week_operator.py took 0.283 seconds
[2025-10-10T08:48:50.006+0000] {processor.py:186} INFO - Started process (PID=1420) to work on /home/airflow/.local/lib/python3.12/site-packages/airflow/example_dags/example_branch_day_of_week_operator.py
[2025-10-10T08:48:50.009+0000] {processor.py:914} INFO - Processing file /home/airflow/.local/lib/python3.12/site-packages/airflow/example_dags/example_branch_day_of_week_operator.py for tasks to queue
[2025-10-10T08:48:50.016+0000] {logging_mixin.py:190} INFO - [2025-10-10T08:48:50.015+0000] {dagbag.py:587} INFO - Filling up the DagBag from /home/airflow/.local/lib/python3.12/site-packages/airflow/example_dags/example_branch_day_of_week_operator.py
[2025-10-10T08:48:50.043+0000] {processor.py:925} INFO - DAG(s) 'example_weekday_branch_operator' retrieved from /home/airflow/.local/lib/python3.12/site-packages/airflow/example_dags/example_branch_day_of_week_operator.py
[2025-10-10T08:48:50.106+0000] {logging_mixin.py:190} INFO - [2025-10-10T08:48:50.106+0000] {dag.py:3211} INFO - Sync 1 DAGs
[2025-10-10T08:48:50.173+0000] {logging_mixin.py:190} INFO - [2025-10-10T08:48:50.173+0000] {dag.py:4138} INFO - Setting next_dagrun for example_weekday_branch_operator to 2025-10-09 00:00:00+00:00, run_after=2025-10-10 00:00:00+00:00
[2025-10-10T08:48:50.226+0000] {processor.py:208} INFO - Processing /home/airflow/.local/lib/python3.12/site-packages/airflow/example_dags/example_branch_day_of_week_operator.py took 0.238 seconds
[2025-10-10T08:49:23.070+0000] {processor.py:186} INFO - Started process (PID=1483) to work on /home/airflow/.local/lib/python3.12/site-packages/airflow/example_dags/example_branch_day_of_week_operator.py
[2025-10-10T08:49:23.074+0000] {processor.py:914} INFO - Processing file /home/airflow/.local/lib/python3.12/site-packages/airflow/example_dags/example_branch_day_of_week_operator.py for tasks to queue
[2025-10-10T08:49:23.086+0000] {logging_mixin.py:190} INFO - [2025-10-10T08:49:23.083+0000] {dagbag.py:587} INFO - Filling up the DagBag from /home/airflow/.local/lib/python3.12/site-packages/airflow/example_dags/example_branch_day_of_week_operator.py
[2025-10-10T08:49:23.131+0000] {processor.py:925} INFO - DAG(s) 'example_weekday_branch_operator' retrieved from /home/airflow/.local/lib/python3.12/site-packages/airflow/example_dags/example_branch_day_of_week_operator.py
[2025-10-10T08:49:23.222+0000] {logging_mixin.py:190} INFO - [2025-10-10T08:49:23.222+0000] {dag.py:3211} INFO - Sync 1 DAGs
[2025-10-10T08:49:23.327+0000] {logging_mixin.py:190} INFO - [2025-10-10T08:49:23.327+0000] {dag.py:4138} INFO - Setting next_dagrun for example_weekday_branch_operator to 2025-10-09 00:00:00+00:00, run_after=2025-10-10 00:00:00+00:00
[2025-10-10T08:49:23.404+0000] {processor.py:208} INFO - Processing /home/airflow/.local/lib/python3.12/site-packages/airflow/example_dags/example_branch_day_of_week_operator.py took 0.361 seconds
[2025-10-10T08:53:55.394+0000] {processor.py:186} INFO - Started process (PID=96) to work on /home/airflow/.local/lib/python3.12/site-packages/airflow/example_dags/example_branch_day_of_week_operator.py
[2025-10-10T08:53:55.397+0000] {processor.py:914} INFO - Processing file /home/airflow/.local/lib/python3.12/site-packages/airflow/example_dags/example_branch_day_of_week_operator.py for tasks to queue
[2025-10-10T08:53:55.403+0000] {logging_mixin.py:190} INFO - [2025-10-10T08:53:55.402+0000] {dagbag.py:587} INFO - Filling up the DagBag from /home/airflow/.local/lib/python3.12/site-packages/airflow/example_dags/example_branch_day_of_week_operator.py
[2025-10-10T08:53:55.433+0000] {processor.py:925} INFO - DAG(s) 'example_weekday_branch_operator' retrieved from /home/airflow/.local/lib/python3.12/site-packages/airflow/example_dags/example_branch_day_of_week_operator.py
[2025-10-10T08:53:55.561+0000] {logging_mixin.py:190} INFO - [2025-10-10T08:53:55.560+0000] {dag.py:3211} INFO - Sync 1 DAGs
[2025-10-10T08:53:55.695+0000] {logging_mixin.py:190} INFO - [2025-10-10T08:53:55.695+0000] {dag.py:4138} INFO - Setting next_dagrun for example_weekday_branch_operator to 2025-10-09 00:00:00+00:00, run_after=2025-10-10 00:00:00+00:00
[2025-10-10T08:53:56.043+0000] {processor.py:208} INFO - Processing /home/airflow/.local/lib/python3.12/site-packages/airflow/example_dags/example_branch_day_of_week_operator.py took 0.664 seconds
[2025-10-10T08:54:26.535+0000] {processor.py:186} INFO - Started process (PID=159) to work on /home/airflow/.local/lib/python3.12/site-packages/airflow/example_dags/example_branch_day_of_week_operator.py
[2025-10-10T08:54:26.538+0000] {processor.py:914} INFO - Processing file /home/airflow/.local/lib/python3.12/site-packages/airflow/example_dags/example_branch_day_of_week_operator.py for tasks to queue
[2025-10-10T08:54:26.545+0000] {logging_mixin.py:190} INFO - [2025-10-10T08:54:26.545+0000] {dagbag.py:587} INFO - Filling up the DagBag from /home/airflow/.local/lib/python3.12/site-packages/airflow/example_dags/example_branch_day_of_week_operator.py
[2025-10-10T08:54:26.577+0000] {processor.py:925} INFO - DAG(s) 'example_weekday_branch_operator' retrieved from /home/airflow/.local/lib/python3.12/site-packages/airflow/example_dags/example_branch_day_of_week_operator.py
[2025-10-10T08:54:26.699+0000] {logging_mixin.py:190} INFO - [2025-10-10T08:54:26.697+0000] {dag.py:3211} INFO - Sync 1 DAGs
[2025-10-10T08:54:26.839+0000] {logging_mixin.py:190} INFO - [2025-10-10T08:54:26.839+0000] {dag.py:4138} INFO - Setting next_dagrun for example_weekday_branch_operator to 2025-10-09 00:00:00+00:00, run_after=2025-10-10 00:00:00+00:00
[2025-10-10T08:54:26.979+0000] {processor.py:208} INFO - Processing /home/airflow/.local/lib/python3.12/site-packages/airflow/example_dags/example_branch_day_of_week_operator.py took 0.462 seconds
[2025-10-10T08:54:57.271+0000] {processor.py:186} INFO - Started process (PID=223) to work on /home/airflow/.local/lib/python3.12/site-packages/airflow/example_dags/example_branch_day_of_week_operator.py
[2025-10-10T08:54:57.278+0000] {processor.py:914} INFO - Processing file /home/airflow/.local/lib/python3.12/site-packages/airflow/example_dags/example_branch_day_of_week_operator.py for tasks to queue
[2025-10-10T08:54:57.288+0000] {logging_mixin.py:190} INFO - [2025-10-10T08:54:57.287+0000] {dagbag.py:587} INFO - Filling up the DagBag from /home/airflow/.local/lib/python3.12/site-packages/airflow/example_dags/example_branch_day_of_week_operator.py
[2025-10-10T08:54:57.334+0000] {processor.py:925} INFO - DAG(s) 'example_weekday_branch_operator' retrieved from /home/airflow/.local/lib/python3.12/site-packages/airflow/example_dags/example_branch_day_of_week_operator.py
[2025-10-10T08:54:57.431+0000] {logging_mixin.py:190} INFO - [2025-10-10T08:54:57.430+0000] {dag.py:3211} INFO - Sync 1 DAGs
[2025-10-10T08:54:57.592+0000] {logging_mixin.py:190} INFO - [2025-10-10T08:54:57.592+0000] {dag.py:4138} INFO - Setting next_dagrun for example_weekday_branch_operator to 2025-10-09 00:00:00+00:00, run_after=2025-10-10 00:00:00+00:00
[2025-10-10T08:54:57.728+0000] {processor.py:208} INFO - Processing /home/airflow/.local/lib/python3.12/site-packages/airflow/example_dags/example_branch_day_of_week_operator.py took 0.496 seconds
[2025-10-10T08:58:04.414+0000] {processor.py:186} INFO - Started process (PID=97) to work on /home/airflow/.local/lib/python3.12/site-packages/airflow/example_dags/example_branch_day_of_week_operator.py
[2025-10-10T08:58:04.417+0000] {processor.py:914} INFO - Processing file /home/airflow/.local/lib/python3.12/site-packages/airflow/example_dags/example_branch_day_of_week_operator.py for tasks to queue
[2025-10-10T08:58:04.424+0000] {logging_mixin.py:190} INFO - [2025-10-10T08:58:04.423+0000] {dagbag.py:587} INFO - Filling up the DagBag from /home/airflow/.local/lib/python3.12/site-packages/airflow/example_dags/example_branch_day_of_week_operator.py
[2025-10-10T08:58:04.453+0000] {processor.py:925} INFO - DAG(s) 'example_weekday_branch_operator' retrieved from /home/airflow/.local/lib/python3.12/site-packages/airflow/example_dags/example_branch_day_of_week_operator.py
[2025-10-10T08:58:04.541+0000] {logging_mixin.py:190} INFO - [2025-10-10T08:58:04.540+0000] {dag.py:3211} INFO - Sync 1 DAGs
[2025-10-10T08:58:04.700+0000] {logging_mixin.py:190} INFO - [2025-10-10T08:58:04.699+0000] {dag.py:4138} INFO - Setting next_dagrun for example_weekday_branch_operator to 2025-10-09 00:00:00+00:00, run_after=2025-10-10 00:00:00+00:00
[2025-10-10T08:58:04.759+0000] {processor.py:208} INFO - Processing /home/airflow/.local/lib/python3.12/site-packages/airflow/example_dags/example_branch_day_of_week_operator.py took 0.364 seconds
[2025-10-10T08:58:35.805+0000] {processor.py:186} INFO - Started process (PID=160) to work on /home/airflow/.local/lib/python3.12/site-packages/airflow/example_dags/example_branch_day_of_week_operator.py
[2025-10-10T08:58:35.809+0000] {processor.py:914} INFO - Processing file /home/airflow/.local/lib/python3.12/site-packages/airflow/example_dags/example_branch_day_of_week_operator.py for tasks to queue
[2025-10-10T08:58:35.816+0000] {logging_mixin.py:190} INFO - [2025-10-10T08:58:35.815+0000] {dagbag.py:587} INFO - Filling up the DagBag from /home/airflow/.local/lib/python3.12/site-packages/airflow/example_dags/example_branch_day_of_week_operator.py
[2025-10-10T08:58:35.852+0000] {processor.py:925} INFO - DAG(s) 'example_weekday_branch_operator' retrieved from /home/airflow/.local/lib/python3.12/site-packages/airflow/example_dags/example_branch_day_of_week_operator.py
[2025-10-10T08:58:35.918+0000] {logging_mixin.py:190} INFO - [2025-10-10T08:58:35.918+0000] {dag.py:3211} INFO - Sync 1 DAGs
[2025-10-10T08:58:36.002+0000] {logging_mixin.py:190} INFO - [2025-10-10T08:58:36.002+0000] {dag.py:4138} INFO - Setting next_dagrun for example_weekday_branch_operator to 2025-10-09 00:00:00+00:00, run_after=2025-10-10 00:00:00+00:00
[2025-10-10T08:58:36.088+0000] {processor.py:208} INFO - Processing /home/airflow/.local/lib/python3.12/site-packages/airflow/example_dags/example_branch_day_of_week_operator.py took 0.362 seconds
[2025-10-10T09:01:30.840+0000] {processor.py:186} INFO - Started process (PID=96) to work on /home/airflow/.local/lib/python3.12/site-packages/airflow/example_dags/example_branch_day_of_week_operator.py
[2025-10-10T09:01:30.844+0000] {processor.py:914} INFO - Processing file /home/airflow/.local/lib/python3.12/site-packages/airflow/example_dags/example_branch_day_of_week_operator.py for tasks to queue
[2025-10-10T09:01:30.850+0000] {logging_mixin.py:190} INFO - [2025-10-10T09:01:30.849+0000] {dagbag.py:587} INFO - Filling up the DagBag from /home/airflow/.local/lib/python3.12/site-packages/airflow/example_dags/example_branch_day_of_week_operator.py
[2025-10-10T09:01:30.875+0000] {processor.py:925} INFO - DAG(s) 'example_weekday_branch_operator' retrieved from /home/airflow/.local/lib/python3.12/site-packages/airflow/example_dags/example_branch_day_of_week_operator.py
[2025-10-10T09:01:30.928+0000] {logging_mixin.py:190} INFO - [2025-10-10T09:01:30.928+0000] {dag.py:3211} INFO - Sync 1 DAGs
[2025-10-10T09:01:30.987+0000] {logging_mixin.py:190} INFO - [2025-10-10T09:01:30.987+0000] {dag.py:4138} INFO - Setting next_dagrun for example_weekday_branch_operator to 2025-10-09 00:00:00+00:00, run_after=2025-10-10 00:00:00+00:00
[2025-10-10T09:01:31.033+0000] {processor.py:208} INFO - Processing /home/airflow/.local/lib/python3.12/site-packages/airflow/example_dags/example_branch_day_of_week_operator.py took 0.215 seconds
[2025-10-10T09:02:01.813+0000] {processor.py:186} INFO - Started process (PID=159) to work on /home/airflow/.local/lib/python3.12/site-packages/airflow/example_dags/example_branch_day_of_week_operator.py
[2025-10-10T09:02:01.816+0000] {processor.py:914} INFO - Processing file /home/airflow/.local/lib/python3.12/site-packages/airflow/example_dags/example_branch_day_of_week_operator.py for tasks to queue
[2025-10-10T09:02:01.824+0000] {logging_mixin.py:190} INFO - [2025-10-10T09:02:01.823+0000] {dagbag.py:587} INFO - Filling up the DagBag from /home/airflow/.local/lib/python3.12/site-packages/airflow/example_dags/example_branch_day_of_week_operator.py
[2025-10-10T09:02:01.869+0000] {processor.py:925} INFO - DAG(s) 'example_weekday_branch_operator' retrieved from /home/airflow/.local/lib/python3.12/site-packages/airflow/example_dags/example_branch_day_of_week_operator.py
[2025-10-10T09:02:01.939+0000] {logging_mixin.py:190} INFO - [2025-10-10T09:02:01.938+0000] {dag.py:3211} INFO - Sync 1 DAGs
[2025-10-10T09:02:02.011+0000] {logging_mixin.py:190} INFO - [2025-10-10T09:02:02.010+0000] {dag.py:4138} INFO - Setting next_dagrun for example_weekday_branch_operator to 2025-10-09 00:00:00+00:00, run_after=2025-10-10 00:00:00+00:00
[2025-10-10T09:02:02.091+0000] {processor.py:208} INFO - Processing /home/airflow/.local/lib/python3.12/site-packages/airflow/example_dags/example_branch_day_of_week_operator.py took 0.296 seconds
[2025-10-10T09:02:34.086+0000] {processor.py:186} INFO - Started process (PID=222) to work on /home/airflow/.local/lib/python3.12/site-packages/airflow/example_dags/example_branch_day_of_week_operator.py
[2025-10-10T09:02:34.091+0000] {processor.py:914} INFO - Processing file /home/airflow/.local/lib/python3.12/site-packages/airflow/example_dags/example_branch_day_of_week_operator.py for tasks to queue
[2025-10-10T09:02:34.105+0000] {logging_mixin.py:190} INFO - [2025-10-10T09:02:34.103+0000] {dagbag.py:587} INFO - Filling up the DagBag from /home/airflow/.local/lib/python3.12/site-packages/airflow/example_dags/example_branch_day_of_week_operator.py
[2025-10-10T09:02:34.170+0000] {processor.py:925} INFO - DAG(s) 'example_weekday_branch_operator' retrieved from /home/airflow/.local/lib/python3.12/site-packages/airflow/example_dags/example_branch_day_of_week_operator.py
[2025-10-10T09:02:34.274+0000] {logging_mixin.py:190} INFO - [2025-10-10T09:02:34.273+0000] {dag.py:3211} INFO - Sync 1 DAGs
[2025-10-10T09:02:34.385+0000] {logging_mixin.py:190} INFO - [2025-10-10T09:02:34.384+0000] {dag.py:4138} INFO - Setting next_dagrun for example_weekday_branch_operator to 2025-10-09 00:00:00+00:00, run_after=2025-10-10 00:00:00+00:00
[2025-10-10T09:02:34.472+0000] {processor.py:208} INFO - Processing /home/airflow/.local/lib/python3.12/site-packages/airflow/example_dags/example_branch_day_of_week_operator.py took 0.420 seconds
[2025-10-10T09:03:04.652+0000] {processor.py:186} INFO - Started process (PID=285) to work on /home/airflow/.local/lib/python3.12/site-packages/airflow/example_dags/example_branch_day_of_week_operator.py
[2025-10-10T09:03:04.655+0000] {processor.py:914} INFO - Processing file /home/airflow/.local/lib/python3.12/site-packages/airflow/example_dags/example_branch_day_of_week_operator.py for tasks to queue
[2025-10-10T09:03:04.664+0000] {logging_mixin.py:190} INFO - [2025-10-10T09:03:04.663+0000] {dagbag.py:587} INFO - Filling up the DagBag from /home/airflow/.local/lib/python3.12/site-packages/airflow/example_dags/example_branch_day_of_week_operator.py
[2025-10-10T09:03:04.696+0000] {processor.py:925} INFO - DAG(s) 'example_weekday_branch_operator' retrieved from /home/airflow/.local/lib/python3.12/site-packages/airflow/example_dags/example_branch_day_of_week_operator.py
[2025-10-10T09:03:04.744+0000] {logging_mixin.py:190} INFO - [2025-10-10T09:03:04.744+0000] {dag.py:3211} INFO - Sync 1 DAGs
[2025-10-10T09:03:04.802+0000] {logging_mixin.py:190} INFO - [2025-10-10T09:03:04.801+0000] {dag.py:4138} INFO - Setting next_dagrun for example_weekday_branch_operator to 2025-10-09 00:00:00+00:00, run_after=2025-10-10 00:00:00+00:00
[2025-10-10T09:03:04.862+0000] {processor.py:208} INFO - Processing /home/airflow/.local/lib/python3.12/site-packages/airflow/example_dags/example_branch_day_of_week_operator.py took 0.230 seconds
[2025-10-10T09:03:35.621+0000] {processor.py:186} INFO - Started process (PID=348) to work on /home/airflow/.local/lib/python3.12/site-packages/airflow/example_dags/example_branch_day_of_week_operator.py
[2025-10-10T09:03:35.625+0000] {processor.py:914} INFO - Processing file /home/airflow/.local/lib/python3.12/site-packages/airflow/example_dags/example_branch_day_of_week_operator.py for tasks to queue
[2025-10-10T09:03:35.633+0000] {logging_mixin.py:190} INFO - [2025-10-10T09:03:35.632+0000] {dagbag.py:587} INFO - Filling up the DagBag from /home/airflow/.local/lib/python3.12/site-packages/airflow/example_dags/example_branch_day_of_week_operator.py
[2025-10-10T09:03:35.675+0000] {processor.py:925} INFO - DAG(s) 'example_weekday_branch_operator' retrieved from /home/airflow/.local/lib/python3.12/site-packages/airflow/example_dags/example_branch_day_of_week_operator.py
[2025-10-10T09:03:35.761+0000] {logging_mixin.py:190} INFO - [2025-10-10T09:03:35.760+0000] {dag.py:3211} INFO - Sync 1 DAGs
[2025-10-10T09:03:35.871+0000] {logging_mixin.py:190} INFO - [2025-10-10T09:03:35.870+0000] {dag.py:4138} INFO - Setting next_dagrun for example_weekday_branch_operator to 2025-10-09 00:00:00+00:00, run_after=2025-10-10 00:00:00+00:00
[2025-10-10T09:03:35.944+0000] {processor.py:208} INFO - Processing /home/airflow/.local/lib/python3.12/site-packages/airflow/example_dags/example_branch_day_of_week_operator.py took 0.348 seconds
[2025-10-10T09:04:07.523+0000] {processor.py:186} INFO - Started process (PID=411) to work on /home/airflow/.local/lib/python3.12/site-packages/airflow/example_dags/example_branch_day_of_week_operator.py
[2025-10-10T09:04:07.526+0000] {processor.py:914} INFO - Processing file /home/airflow/.local/lib/python3.12/site-packages/airflow/example_dags/example_branch_day_of_week_operator.py for tasks to queue
[2025-10-10T09:04:07.533+0000] {logging_mixin.py:190} INFO - [2025-10-10T09:04:07.532+0000] {dagbag.py:587} INFO - Filling up the DagBag from /home/airflow/.local/lib/python3.12/site-packages/airflow/example_dags/example_branch_day_of_week_operator.py
[2025-10-10T09:04:07.563+0000] {processor.py:925} INFO - DAG(s) 'example_weekday_branch_operator' retrieved from /home/airflow/.local/lib/python3.12/site-packages/airflow/example_dags/example_branch_day_of_week_operator.py
[2025-10-10T09:04:07.627+0000] {logging_mixin.py:190} INFO - [2025-10-10T09:04:07.627+0000] {dag.py:3211} INFO - Sync 1 DAGs
[2025-10-10T09:04:07.704+0000] {logging_mixin.py:190} INFO - [2025-10-10T09:04:07.703+0000] {dag.py:4138} INFO - Setting next_dagrun for example_weekday_branch_operator to 2025-10-09 00:00:00+00:00, run_after=2025-10-10 00:00:00+00:00
[2025-10-10T09:04:07.785+0000] {processor.py:208} INFO - Processing /home/airflow/.local/lib/python3.12/site-packages/airflow/example_dags/example_branch_day_of_week_operator.py took 0.280 seconds
[2025-10-10T09:04:38.482+0000] {processor.py:186} INFO - Started process (PID=474) to work on /home/airflow/.local/lib/python3.12/site-packages/airflow/example_dags/example_branch_day_of_week_operator.py
[2025-10-10T09:04:38.485+0000] {processor.py:914} INFO - Processing file /home/airflow/.local/lib/python3.12/site-packages/airflow/example_dags/example_branch_day_of_week_operator.py for tasks to queue
[2025-10-10T09:04:38.493+0000] {logging_mixin.py:190} INFO - [2025-10-10T09:04:38.491+0000] {dagbag.py:587} INFO - Filling up the DagBag from /home/airflow/.local/lib/python3.12/site-packages/airflow/example_dags/example_branch_day_of_week_operator.py
[2025-10-10T09:04:38.527+0000] {processor.py:925} INFO - DAG(s) 'example_weekday_branch_operator' retrieved from /home/airflow/.local/lib/python3.12/site-packages/airflow/example_dags/example_branch_day_of_week_operator.py
[2025-10-10T09:04:38.594+0000] {logging_mixin.py:190} INFO - [2025-10-10T09:04:38.593+0000] {dag.py:3211} INFO - Sync 1 DAGs
[2025-10-10T09:04:38.670+0000] {logging_mixin.py:190} INFO - [2025-10-10T09:04:38.670+0000] {dag.py:4138} INFO - Setting next_dagrun for example_weekday_branch_operator to 2025-10-09 00:00:00+00:00, run_after=2025-10-10 00:00:00+00:00
[2025-10-10T09:04:38.735+0000] {processor.py:208} INFO - Processing /home/airflow/.local/lib/python3.12/site-packages/airflow/example_dags/example_branch_day_of_week_operator.py took 0.275 seconds
[2025-10-10T09:05:09.840+0000] {processor.py:186} INFO - Started process (PID=537) to work on /home/airflow/.local/lib/python3.12/site-packages/airflow/example_dags/example_branch_day_of_week_operator.py
[2025-10-10T09:05:09.895+0000] {processor.py:914} INFO - Processing file /home/airflow/.local/lib/python3.12/site-packages/airflow/example_dags/example_branch_day_of_week_operator.py for tasks to queue
[2025-10-10T09:05:09.928+0000] {logging_mixin.py:190} INFO - [2025-10-10T09:05:09.927+0000] {dagbag.py:587} INFO - Filling up the DagBag from /home/airflow/.local/lib/python3.12/site-packages/airflow/example_dags/example_branch_day_of_week_operator.py
[2025-10-10T09:05:09.956+0000] {processor.py:925} INFO - DAG(s) 'example_weekday_branch_operator' retrieved from /home/airflow/.local/lib/python3.12/site-packages/airflow/example_dags/example_branch_day_of_week_operator.py
[2025-10-10T09:05:10.004+0000] {logging_mixin.py:190} INFO - [2025-10-10T09:05:10.004+0000] {dag.py:3211} INFO - Sync 1 DAGs
[2025-10-10T09:05:10.108+0000] {logging_mixin.py:190} INFO - [2025-10-10T09:05:10.107+0000] {dag.py:4138} INFO - Setting next_dagrun for example_weekday_branch_operator to 2025-10-09 00:00:00+00:00, run_after=2025-10-10 00:00:00+00:00
[2025-10-10T09:05:10.224+0000] {processor.py:208} INFO - Processing /home/airflow/.local/lib/python3.12/site-packages/airflow/example_dags/example_branch_day_of_week_operator.py took 0.465 seconds
[2025-10-10T09:05:40.428+0000] {processor.py:186} INFO - Started process (PID=600) to work on /home/airflow/.local/lib/python3.12/site-packages/airflow/example_dags/example_branch_day_of_week_operator.py
[2025-10-10T09:05:40.431+0000] {processor.py:914} INFO - Processing file /home/airflow/.local/lib/python3.12/site-packages/airflow/example_dags/example_branch_day_of_week_operator.py for tasks to queue
[2025-10-10T09:05:40.437+0000] {logging_mixin.py:190} INFO - [2025-10-10T09:05:40.436+0000] {dagbag.py:587} INFO - Filling up the DagBag from /home/airflow/.local/lib/python3.12/site-packages/airflow/example_dags/example_branch_day_of_week_operator.py
[2025-10-10T09:05:40.466+0000] {processor.py:925} INFO - DAG(s) 'example_weekday_branch_operator' retrieved from /home/airflow/.local/lib/python3.12/site-packages/airflow/example_dags/example_branch_day_of_week_operator.py
[2025-10-10T09:05:40.528+0000] {logging_mixin.py:190} INFO - [2025-10-10T09:05:40.527+0000] {dag.py:3211} INFO - Sync 1 DAGs
[2025-10-10T09:05:40.597+0000] {logging_mixin.py:190} INFO - [2025-10-10T09:05:40.596+0000] {dag.py:4138} INFO - Setting next_dagrun for example_weekday_branch_operator to 2025-10-09 00:00:00+00:00, run_after=2025-10-10 00:00:00+00:00
[2025-10-10T09:05:40.664+0000] {processor.py:208} INFO - Processing /home/airflow/.local/lib/python3.12/site-packages/airflow/example_dags/example_branch_day_of_week_operator.py took 0.255 seconds
