[2025-10-10T08:37:47.486+0000] {processor.py:186} INFO - Started process (PID=67) to work on /home/airflow/.local/lib/python3.12/site-packages/airflow/example_dags/example_inlet_event_extra.py
[2025-10-10T08:37:47.489+0000] {processor.py:914} INFO - Processing file /home/airflow/.local/lib/python3.12/site-packages/airflow/example_dags/example_inlet_event_extra.py for tasks to queue
[2025-10-10T08:37:47.501+0000] {logging_mixin.py:190} INFO - [2025-10-10T08:37:47.500+0000] {dagbag.py:587} INFO - Filling up the DagBag from /home/airflow/.local/lib/python3.12/site-packages/airflow/example_dags/example_inlet_event_extra.py
[2025-10-10T08:37:48.404+0000] {processor.py:925} INFO - DAG(s) 'read_dataset_event', 'read_dataset_event_from_classic' retrieved from /home/airflow/.local/lib/python3.12/site-packages/airflow/example_dags/example_inlet_event_extra.py
[2025-10-10T08:37:48.496+0000] {logging_mixin.py:190} INFO - [2025-10-10T08:37:48.495+0000] {dag.py:3211} INFO - Sync 2 DAGs
[2025-10-10T08:37:48.736+0000] {logging_mixin.py:190} INFO - [2025-10-10T08:37:48.733+0000] {dag.py:4138} INFO - Setting next_dagrun for read_dataset_event to 2025-10-09 00:00:00+00:00, run_after=2025-10-10 00:00:00+00:00
[2025-10-10T08:37:48.758+0000] {logging_mixin.py:190} INFO - [2025-10-10T08:37:48.757+0000] {dag.py:4138} INFO - Setting next_dagrun for read_dataset_event_from_classic to 2025-10-09 00:00:00+00:00, run_after=2025-10-10 00:00:00+00:00
[2025-10-10T08:37:48.820+0000] {processor.py:208} INFO - Processing /home/airflow/.local/lib/python3.12/site-packages/airflow/example_dags/example_inlet_event_extra.py took 1.355 seconds
[2025-10-10T08:38:19.262+0000] {processor.py:186} INFO - Started process (PID=131) to work on /home/airflow/.local/lib/python3.12/site-packages/airflow/example_dags/example_inlet_event_extra.py
[2025-10-10T08:38:19.265+0000] {processor.py:914} INFO - Processing file /home/airflow/.local/lib/python3.12/site-packages/airflow/example_dags/example_inlet_event_extra.py for tasks to queue
[2025-10-10T08:38:19.271+0000] {logging_mixin.py:190} INFO - [2025-10-10T08:38:19.270+0000] {dagbag.py:587} INFO - Filling up the DagBag from /home/airflow/.local/lib/python3.12/site-packages/airflow/example_dags/example_inlet_event_extra.py
[2025-10-10T08:38:19.597+0000] {processor.py:925} INFO - DAG(s) 'read_dataset_event_from_classic', 'read_dataset_event' retrieved from /home/airflow/.local/lib/python3.12/site-packages/airflow/example_dags/example_inlet_event_extra.py
[2025-10-10T08:38:19.657+0000] {logging_mixin.py:190} INFO - [2025-10-10T08:38:19.656+0000] {dag.py:3211} INFO - Sync 2 DAGs
[2025-10-10T08:38:19.719+0000] {logging_mixin.py:190} INFO - [2025-10-10T08:38:19.718+0000] {dag.py:4138} INFO - Setting next_dagrun for read_dataset_event to 2025-10-09 00:00:00+00:00, run_after=2025-10-10 00:00:00+00:00
[2025-10-10T08:38:19.730+0000] {logging_mixin.py:190} INFO - [2025-10-10T08:38:19.729+0000] {dag.py:4138} INFO - Setting next_dagrun for read_dataset_event_from_classic to 2025-10-09 00:00:00+00:00, run_after=2025-10-10 00:00:00+00:00
[2025-10-10T08:38:19.773+0000] {processor.py:208} INFO - Processing /home/airflow/.local/lib/python3.12/site-packages/airflow/example_dags/example_inlet_event_extra.py took 0.528 seconds
[2025-10-10T08:38:50.019+0000] {processor.py:186} INFO - Started process (PID=194) to work on /home/airflow/.local/lib/python3.12/site-packages/airflow/example_dags/example_inlet_event_extra.py
[2025-10-10T08:38:50.023+0000] {processor.py:914} INFO - Processing file /home/airflow/.local/lib/python3.12/site-packages/airflow/example_dags/example_inlet_event_extra.py for tasks to queue
[2025-10-10T08:38:50.031+0000] {logging_mixin.py:190} INFO - [2025-10-10T08:38:50.031+0000] {dagbag.py:587} INFO - Filling up the DagBag from /home/airflow/.local/lib/python3.12/site-packages/airflow/example_dags/example_inlet_event_extra.py
[2025-10-10T08:38:50.548+0000] {processor.py:925} INFO - DAG(s) 'read_dataset_event', 'read_dataset_event_from_classic' retrieved from /home/airflow/.local/lib/python3.12/site-packages/airflow/example_dags/example_inlet_event_extra.py
[2025-10-10T08:38:50.596+0000] {logging_mixin.py:190} INFO - [2025-10-10T08:38:50.596+0000] {dag.py:3211} INFO - Sync 2 DAGs
[2025-10-10T08:38:50.663+0000] {logging_mixin.py:190} INFO - [2025-10-10T08:38:50.663+0000] {dag.py:4138} INFO - Setting next_dagrun for read_dataset_event to 2025-10-09 00:00:00+00:00, run_after=2025-10-10 00:00:00+00:00
[2025-10-10T08:38:50.677+0000] {logging_mixin.py:190} INFO - [2025-10-10T08:38:50.677+0000] {dag.py:4138} INFO - Setting next_dagrun for read_dataset_event_from_classic to 2025-10-09 00:00:00+00:00, run_after=2025-10-10 00:00:00+00:00
[2025-10-10T08:38:50.719+0000] {processor.py:208} INFO - Processing /home/airflow/.local/lib/python3.12/site-packages/airflow/example_dags/example_inlet_event_extra.py took 0.716 seconds
[2025-10-10T08:39:20.976+0000] {processor.py:186} INFO - Started process (PID=257) to work on /home/airflow/.local/lib/python3.12/site-packages/airflow/example_dags/example_inlet_event_extra.py
[2025-10-10T08:39:20.979+0000] {processor.py:914} INFO - Processing file /home/airflow/.local/lib/python3.12/site-packages/airflow/example_dags/example_inlet_event_extra.py for tasks to queue
[2025-10-10T08:39:20.989+0000] {logging_mixin.py:190} INFO - [2025-10-10T08:39:20.987+0000] {dagbag.py:587} INFO - Filling up the DagBag from /home/airflow/.local/lib/python3.12/site-packages/airflow/example_dags/example_inlet_event_extra.py
[2025-10-10T08:39:21.561+0000] {processor.py:925} INFO - DAG(s) 'read_dataset_event', 'read_dataset_event_from_classic' retrieved from /home/airflow/.local/lib/python3.12/site-packages/airflow/example_dags/example_inlet_event_extra.py
[2025-10-10T08:39:21.639+0000] {logging_mixin.py:190} INFO - [2025-10-10T08:39:21.635+0000] {dag.py:3211} INFO - Sync 2 DAGs
[2025-10-10T08:39:21.754+0000] {logging_mixin.py:190} INFO - [2025-10-10T08:39:21.751+0000] {dag.py:4138} INFO - Setting next_dagrun for read_dataset_event to 2025-10-09 00:00:00+00:00, run_after=2025-10-10 00:00:00+00:00
[2025-10-10T08:39:21.775+0000] {logging_mixin.py:190} INFO - [2025-10-10T08:39:21.775+0000] {dag.py:4138} INFO - Setting next_dagrun for read_dataset_event_from_classic to 2025-10-09 00:00:00+00:00, run_after=2025-10-10 00:00:00+00:00
[2025-10-10T08:39:21.860+0000] {processor.py:208} INFO - Processing /home/airflow/.local/lib/python3.12/site-packages/airflow/example_dags/example_inlet_event_extra.py took 0.913 seconds
[2025-10-10T08:39:52.548+0000] {processor.py:186} INFO - Started process (PID=320) to work on /home/airflow/.local/lib/python3.12/site-packages/airflow/example_dags/example_inlet_event_extra.py
[2025-10-10T08:39:52.550+0000] {processor.py:914} INFO - Processing file /home/airflow/.local/lib/python3.12/site-packages/airflow/example_dags/example_inlet_event_extra.py for tasks to queue
[2025-10-10T08:39:52.557+0000] {logging_mixin.py:190} INFO - [2025-10-10T08:39:52.556+0000] {dagbag.py:587} INFO - Filling up the DagBag from /home/airflow/.local/lib/python3.12/site-packages/airflow/example_dags/example_inlet_event_extra.py
[2025-10-10T08:39:53.032+0000] {processor.py:925} INFO - DAG(s) 'read_dataset_event_from_classic', 'read_dataset_event' retrieved from /home/airflow/.local/lib/python3.12/site-packages/airflow/example_dags/example_inlet_event_extra.py
[2025-10-10T08:39:53.107+0000] {logging_mixin.py:190} INFO - [2025-10-10T08:39:53.106+0000] {dag.py:3211} INFO - Sync 2 DAGs
[2025-10-10T08:39:53.216+0000] {logging_mixin.py:190} INFO - [2025-10-10T08:39:53.216+0000] {dag.py:4138} INFO - Setting next_dagrun for read_dataset_event to 2025-10-09 00:00:00+00:00, run_after=2025-10-10 00:00:00+00:00
[2025-10-10T08:39:53.238+0000] {logging_mixin.py:190} INFO - [2025-10-10T08:39:53.238+0000] {dag.py:4138} INFO - Setting next_dagrun for read_dataset_event_from_classic to 2025-10-09 00:00:00+00:00, run_after=2025-10-10 00:00:00+00:00
[2025-10-10T08:39:53.301+0000] {processor.py:208} INFO - Processing /home/airflow/.local/lib/python3.12/site-packages/airflow/example_dags/example_inlet_event_extra.py took 0.772 seconds
[2025-10-10T08:40:23.784+0000] {processor.py:186} INFO - Started process (PID=384) to work on /home/airflow/.local/lib/python3.12/site-packages/airflow/example_dags/example_inlet_event_extra.py
[2025-10-10T08:40:23.787+0000] {processor.py:914} INFO - Processing file /home/airflow/.local/lib/python3.12/site-packages/airflow/example_dags/example_inlet_event_extra.py for tasks to queue
[2025-10-10T08:40:23.794+0000] {logging_mixin.py:190} INFO - [2025-10-10T08:40:23.793+0000] {dagbag.py:587} INFO - Filling up the DagBag from /home/airflow/.local/lib/python3.12/site-packages/airflow/example_dags/example_inlet_event_extra.py
[2025-10-10T08:40:24.168+0000] {processor.py:925} INFO - DAG(s) 'read_dataset_event', 'read_dataset_event_from_classic' retrieved from /home/airflow/.local/lib/python3.12/site-packages/airflow/example_dags/example_inlet_event_extra.py
[2025-10-10T08:40:24.218+0000] {logging_mixin.py:190} INFO - [2025-10-10T08:40:24.218+0000] {dag.py:3211} INFO - Sync 2 DAGs
[2025-10-10T08:40:24.270+0000] {logging_mixin.py:190} INFO - [2025-10-10T08:40:24.269+0000] {dag.py:4138} INFO - Setting next_dagrun for read_dataset_event to 2025-10-09 00:00:00+00:00, run_after=2025-10-10 00:00:00+00:00
[2025-10-10T08:40:24.279+0000] {logging_mixin.py:190} INFO - [2025-10-10T08:40:24.279+0000] {dag.py:4138} INFO - Setting next_dagrun for read_dataset_event_from_classic to 2025-10-09 00:00:00+00:00, run_after=2025-10-10 00:00:00+00:00
[2025-10-10T08:40:24.316+0000] {processor.py:208} INFO - Processing /home/airflow/.local/lib/python3.12/site-packages/airflow/example_dags/example_inlet_event_extra.py took 0.547 seconds
[2025-10-10T08:40:54.618+0000] {processor.py:186} INFO - Started process (PID=448) to work on /home/airflow/.local/lib/python3.12/site-packages/airflow/example_dags/example_inlet_event_extra.py
[2025-10-10T08:40:54.621+0000] {processor.py:914} INFO - Processing file /home/airflow/.local/lib/python3.12/site-packages/airflow/example_dags/example_inlet_event_extra.py for tasks to queue
[2025-10-10T08:40:54.631+0000] {logging_mixin.py:190} INFO - [2025-10-10T08:40:54.630+0000] {dagbag.py:587} INFO - Filling up the DagBag from /home/airflow/.local/lib/python3.12/site-packages/airflow/example_dags/example_inlet_event_extra.py
[2025-10-10T08:40:54.887+0000] {processor.py:925} INFO - DAG(s) 'read_dataset_event', 'read_dataset_event_from_classic' retrieved from /home/airflow/.local/lib/python3.12/site-packages/airflow/example_dags/example_inlet_event_extra.py
[2025-10-10T08:40:54.930+0000] {logging_mixin.py:190} INFO - [2025-10-10T08:40:54.930+0000] {dag.py:3211} INFO - Sync 2 DAGs
[2025-10-10T08:40:54.983+0000] {logging_mixin.py:190} INFO - [2025-10-10T08:40:54.982+0000] {dag.py:4138} INFO - Setting next_dagrun for read_dataset_event to 2025-10-09 00:00:00+00:00, run_after=2025-10-10 00:00:00+00:00
[2025-10-10T08:40:54.992+0000] {logging_mixin.py:190} INFO - [2025-10-10T08:40:54.991+0000] {dag.py:4138} INFO - Setting next_dagrun for read_dataset_event_from_classic to 2025-10-09 00:00:00+00:00, run_after=2025-10-10 00:00:00+00:00
[2025-10-10T08:40:55.037+0000] {processor.py:208} INFO - Processing /home/airflow/.local/lib/python3.12/site-packages/airflow/example_dags/example_inlet_event_extra.py took 0.438 seconds
[2025-10-10T08:41:25.604+0000] {processor.py:186} INFO - Started process (PID=511) to work on /home/airflow/.local/lib/python3.12/site-packages/airflow/example_dags/example_inlet_event_extra.py
[2025-10-10T08:41:25.606+0000] {processor.py:914} INFO - Processing file /home/airflow/.local/lib/python3.12/site-packages/airflow/example_dags/example_inlet_event_extra.py for tasks to queue
[2025-10-10T08:41:25.611+0000] {logging_mixin.py:190} INFO - [2025-10-10T08:41:25.610+0000] {dagbag.py:587} INFO - Filling up the DagBag from /home/airflow/.local/lib/python3.12/site-packages/airflow/example_dags/example_inlet_event_extra.py
[2025-10-10T08:41:25.883+0000] {processor.py:925} INFO - DAG(s) 'read_dataset_event', 'read_dataset_event_from_classic' retrieved from /home/airflow/.local/lib/python3.12/site-packages/airflow/example_dags/example_inlet_event_extra.py
[2025-10-10T08:41:25.943+0000] {logging_mixin.py:190} INFO - [2025-10-10T08:41:25.942+0000] {dag.py:3211} INFO - Sync 2 DAGs
[2025-10-10T08:41:26.010+0000] {logging_mixin.py:190} INFO - [2025-10-10T08:41:26.009+0000] {dag.py:4138} INFO - Setting next_dagrun for read_dataset_event to 2025-10-09 00:00:00+00:00, run_after=2025-10-10 00:00:00+00:00
[2025-10-10T08:41:26.023+0000] {logging_mixin.py:190} INFO - [2025-10-10T08:41:26.022+0000] {dag.py:4138} INFO - Setting next_dagrun for read_dataset_event_from_classic to 2025-10-09 00:00:00+00:00, run_after=2025-10-10 00:00:00+00:00
[2025-10-10T08:41:26.067+0000] {processor.py:208} INFO - Processing /home/airflow/.local/lib/python3.12/site-packages/airflow/example_dags/example_inlet_event_extra.py took 0.474 seconds
[2025-10-10T08:41:56.767+0000] {processor.py:186} INFO - Started process (PID=574) to work on /home/airflow/.local/lib/python3.12/site-packages/airflow/example_dags/example_inlet_event_extra.py
[2025-10-10T08:41:56.770+0000] {processor.py:914} INFO - Processing file /home/airflow/.local/lib/python3.12/site-packages/airflow/example_dags/example_inlet_event_extra.py for tasks to queue
[2025-10-10T08:41:56.776+0000] {logging_mixin.py:190} INFO - [2025-10-10T08:41:56.775+0000] {dagbag.py:587} INFO - Filling up the DagBag from /home/airflow/.local/lib/python3.12/site-packages/airflow/example_dags/example_inlet_event_extra.py
[2025-10-10T08:41:57.143+0000] {processor.py:925} INFO - DAG(s) 'read_dataset_event', 'read_dataset_event_from_classic' retrieved from /home/airflow/.local/lib/python3.12/site-packages/airflow/example_dags/example_inlet_event_extra.py
[2025-10-10T08:41:57.185+0000] {logging_mixin.py:190} INFO - [2025-10-10T08:41:57.185+0000] {dag.py:3211} INFO - Sync 2 DAGs
[2025-10-10T08:41:57.230+0000] {logging_mixin.py:190} INFO - [2025-10-10T08:41:57.229+0000] {dag.py:4138} INFO - Setting next_dagrun for read_dataset_event to 2025-10-09 00:00:00+00:00, run_after=2025-10-10 00:00:00+00:00
[2025-10-10T08:41:57.239+0000] {logging_mixin.py:190} INFO - [2025-10-10T08:41:57.239+0000] {dag.py:4138} INFO - Setting next_dagrun for read_dataset_event_from_classic to 2025-10-09 00:00:00+00:00, run_after=2025-10-10 00:00:00+00:00
[2025-10-10T08:41:57.276+0000] {processor.py:208} INFO - Processing /home/airflow/.local/lib/python3.12/site-packages/airflow/example_dags/example_inlet_event_extra.py took 0.526 seconds
[2025-10-10T08:42:27.926+0000] {processor.py:186} INFO - Started process (PID=637) to work on /home/airflow/.local/lib/python3.12/site-packages/airflow/example_dags/example_inlet_event_extra.py
[2025-10-10T08:42:27.936+0000] {processor.py:914} INFO - Processing file /home/airflow/.local/lib/python3.12/site-packages/airflow/example_dags/example_inlet_event_extra.py for tasks to queue
[2025-10-10T08:42:27.957+0000] {logging_mixin.py:190} INFO - [2025-10-10T08:42:27.954+0000] {dagbag.py:587} INFO - Filling up the DagBag from /home/airflow/.local/lib/python3.12/site-packages/airflow/example_dags/example_inlet_event_extra.py
[2025-10-10T08:42:28.460+0000] {processor.py:925} INFO - DAG(s) 'read_dataset_event', 'read_dataset_event_from_classic' retrieved from /home/airflow/.local/lib/python3.12/site-packages/airflow/example_dags/example_inlet_event_extra.py
[2025-10-10T08:42:28.544+0000] {logging_mixin.py:190} INFO - [2025-10-10T08:42:28.543+0000] {dag.py:3211} INFO - Sync 2 DAGs
[2025-10-10T08:42:28.649+0000] {logging_mixin.py:190} INFO - [2025-10-10T08:42:28.649+0000] {dag.py:4138} INFO - Setting next_dagrun for read_dataset_event to 2025-10-09 00:00:00+00:00, run_after=2025-10-10 00:00:00+00:00
[2025-10-10T08:42:28.668+0000] {logging_mixin.py:190} INFO - [2025-10-10T08:42:28.667+0000] {dag.py:4138} INFO - Setting next_dagrun for read_dataset_event_from_classic to 2025-10-09 00:00:00+00:00, run_after=2025-10-10 00:00:00+00:00
[2025-10-10T08:42:28.751+0000] {processor.py:208} INFO - Processing /home/airflow/.local/lib/python3.12/site-packages/airflow/example_dags/example_inlet_event_extra.py took 0.882 seconds
[2025-10-10T08:42:59.170+0000] {processor.py:186} INFO - Started process (PID=701) to work on /home/airflow/.local/lib/python3.12/site-packages/airflow/example_dags/example_inlet_event_extra.py
[2025-10-10T08:42:59.173+0000] {processor.py:914} INFO - Processing file /home/airflow/.local/lib/python3.12/site-packages/airflow/example_dags/example_inlet_event_extra.py for tasks to queue
[2025-10-10T08:42:59.181+0000] {logging_mixin.py:190} INFO - [2025-10-10T08:42:59.180+0000] {dagbag.py:587} INFO - Filling up the DagBag from /home/airflow/.local/lib/python3.12/site-packages/airflow/example_dags/example_inlet_event_extra.py
[2025-10-10T08:42:59.677+0000] {processor.py:925} INFO - DAG(s) 'read_dataset_event_from_classic', 'read_dataset_event' retrieved from /home/airflow/.local/lib/python3.12/site-packages/airflow/example_dags/example_inlet_event_extra.py
[2025-10-10T08:42:59.746+0000] {logging_mixin.py:190} INFO - [2025-10-10T08:42:59.745+0000] {dag.py:3211} INFO - Sync 2 DAGs
[2025-10-10T08:42:59.816+0000] {logging_mixin.py:190} INFO - [2025-10-10T08:42:59.816+0000] {dag.py:4138} INFO - Setting next_dagrun for read_dataset_event to 2025-10-09 00:00:00+00:00, run_after=2025-10-10 00:00:00+00:00
[2025-10-10T08:42:59.832+0000] {logging_mixin.py:190} INFO - [2025-10-10T08:42:59.831+0000] {dag.py:4138} INFO - Setting next_dagrun for read_dataset_event_from_classic to 2025-10-09 00:00:00+00:00, run_after=2025-10-10 00:00:00+00:00
[2025-10-10T08:42:59.884+0000] {processor.py:208} INFO - Processing /home/airflow/.local/lib/python3.12/site-packages/airflow/example_dags/example_inlet_event_extra.py took 0.735 seconds
[2025-10-10T08:43:30.062+0000] {processor.py:186} INFO - Started process (PID=764) to work on /home/airflow/.local/lib/python3.12/site-packages/airflow/example_dags/example_inlet_event_extra.py
[2025-10-10T08:43:30.066+0000] {processor.py:914} INFO - Processing file /home/airflow/.local/lib/python3.12/site-packages/airflow/example_dags/example_inlet_event_extra.py for tasks to queue
[2025-10-10T08:43:30.076+0000] {logging_mixin.py:190} INFO - [2025-10-10T08:43:30.074+0000] {dagbag.py:587} INFO - Filling up the DagBag from /home/airflow/.local/lib/python3.12/site-packages/airflow/example_dags/example_inlet_event_extra.py
[2025-10-10T08:43:30.566+0000] {processor.py:925} INFO - DAG(s) 'read_dataset_event_from_classic', 'read_dataset_event' retrieved from /home/airflow/.local/lib/python3.12/site-packages/airflow/example_dags/example_inlet_event_extra.py
[2025-10-10T08:43:30.744+0000] {logging_mixin.py:190} INFO - [2025-10-10T08:43:30.744+0000] {dag.py:3211} INFO - Sync 2 DAGs
[2025-10-10T08:43:30.900+0000] {logging_mixin.py:190} INFO - [2025-10-10T08:43:30.899+0000] {dag.py:4138} INFO - Setting next_dagrun for read_dataset_event to 2025-10-09 00:00:00+00:00, run_after=2025-10-10 00:00:00+00:00
[2025-10-10T08:43:30.929+0000] {logging_mixin.py:190} INFO - [2025-10-10T08:43:30.928+0000] {dag.py:4138} INFO - Setting next_dagrun for read_dataset_event_from_classic to 2025-10-09 00:00:00+00:00, run_after=2025-10-10 00:00:00+00:00
[2025-10-10T08:43:30.989+0000] {processor.py:208} INFO - Processing /home/airflow/.local/lib/python3.12/site-packages/airflow/example_dags/example_inlet_event_extra.py took 0.951 seconds
[2025-10-10T08:44:01.341+0000] {processor.py:186} INFO - Started process (PID=827) to work on /home/airflow/.local/lib/python3.12/site-packages/airflow/example_dags/example_inlet_event_extra.py
[2025-10-10T08:44:01.354+0000] {processor.py:914} INFO - Processing file /home/airflow/.local/lib/python3.12/site-packages/airflow/example_dags/example_inlet_event_extra.py for tasks to queue
[2025-10-10T08:44:01.367+0000] {logging_mixin.py:190} INFO - [2025-10-10T08:44:01.365+0000] {dagbag.py:587} INFO - Filling up the DagBag from /home/airflow/.local/lib/python3.12/site-packages/airflow/example_dags/example_inlet_event_extra.py
[2025-10-10T08:44:02.139+0000] {processor.py:925} INFO - DAG(s) 'read_dataset_event_from_classic', 'read_dataset_event' retrieved from /home/airflow/.local/lib/python3.12/site-packages/airflow/example_dags/example_inlet_event_extra.py
[2025-10-10T08:44:02.218+0000] {logging_mixin.py:190} INFO - [2025-10-10T08:44:02.217+0000] {dag.py:3211} INFO - Sync 2 DAGs
[2025-10-10T08:44:02.338+0000] {logging_mixin.py:190} INFO - [2025-10-10T08:44:02.337+0000] {dag.py:4138} INFO - Setting next_dagrun for read_dataset_event to 2025-10-09 00:00:00+00:00, run_after=2025-10-10 00:00:00+00:00
[2025-10-10T08:44:02.366+0000] {logging_mixin.py:190} INFO - [2025-10-10T08:44:02.365+0000] {dag.py:4138} INFO - Setting next_dagrun for read_dataset_event_from_classic to 2025-10-09 00:00:00+00:00, run_after=2025-10-10 00:00:00+00:00
[2025-10-10T08:44:02.433+0000] {processor.py:208} INFO - Processing /home/airflow/.local/lib/python3.12/site-packages/airflow/example_dags/example_inlet_event_extra.py took 1.127 seconds
[2025-10-10T08:44:32.627+0000] {processor.py:186} INFO - Started process (PID=889) to work on /home/airflow/.local/lib/python3.12/site-packages/airflow/example_dags/example_inlet_event_extra.py
[2025-10-10T08:44:32.629+0000] {processor.py:914} INFO - Processing file /home/airflow/.local/lib/python3.12/site-packages/airflow/example_dags/example_inlet_event_extra.py for tasks to queue
[2025-10-10T08:44:32.636+0000] {logging_mixin.py:190} INFO - [2025-10-10T08:44:32.635+0000] {dagbag.py:587} INFO - Filling up the DagBag from /home/airflow/.local/lib/python3.12/site-packages/airflow/example_dags/example_inlet_event_extra.py
[2025-10-10T08:44:33.363+0000] {processor.py:925} INFO - DAG(s) 'read_dataset_event_from_classic', 'read_dataset_event' retrieved from /home/airflow/.local/lib/python3.12/site-packages/airflow/example_dags/example_inlet_event_extra.py
[2025-10-10T08:44:33.465+0000] {logging_mixin.py:190} INFO - [2025-10-10T08:44:33.464+0000] {dag.py:3211} INFO - Sync 2 DAGs
[2025-10-10T08:44:33.577+0000] {logging_mixin.py:190} INFO - [2025-10-10T08:44:33.576+0000] {dag.py:4138} INFO - Setting next_dagrun for read_dataset_event to 2025-10-09 00:00:00+00:00, run_after=2025-10-10 00:00:00+00:00
[2025-10-10T08:44:33.608+0000] {logging_mixin.py:190} INFO - [2025-10-10T08:44:33.607+0000] {dag.py:4138} INFO - Setting next_dagrun for read_dataset_event_from_classic to 2025-10-09 00:00:00+00:00, run_after=2025-10-10 00:00:00+00:00
[2025-10-10T08:44:33.711+0000] {processor.py:208} INFO - Processing /home/airflow/.local/lib/python3.12/site-packages/airflow/example_dags/example_inlet_event_extra.py took 1.100 seconds
[2025-10-10T08:45:03.876+0000] {processor.py:186} INFO - Started process (PID=952) to work on /home/airflow/.local/lib/python3.12/site-packages/airflow/example_dags/example_inlet_event_extra.py
[2025-10-10T08:45:03.878+0000] {processor.py:914} INFO - Processing file /home/airflow/.local/lib/python3.12/site-packages/airflow/example_dags/example_inlet_event_extra.py for tasks to queue
[2025-10-10T08:45:03.885+0000] {logging_mixin.py:190} INFO - [2025-10-10T08:45:03.884+0000] {dagbag.py:587} INFO - Filling up the DagBag from /home/airflow/.local/lib/python3.12/site-packages/airflow/example_dags/example_inlet_event_extra.py
[2025-10-10T08:45:04.547+0000] {processor.py:925} INFO - DAG(s) 'read_dataset_event', 'read_dataset_event_from_classic' retrieved from /home/airflow/.local/lib/python3.12/site-packages/airflow/example_dags/example_inlet_event_extra.py
[2025-10-10T08:45:04.633+0000] {logging_mixin.py:190} INFO - [2025-10-10T08:45:04.632+0000] {dag.py:3211} INFO - Sync 2 DAGs
[2025-10-10T08:45:04.744+0000] {logging_mixin.py:190} INFO - [2025-10-10T08:45:04.744+0000] {dag.py:4138} INFO - Setting next_dagrun for read_dataset_event to 2025-10-09 00:00:00+00:00, run_after=2025-10-10 00:00:00+00:00
[2025-10-10T08:45:04.763+0000] {logging_mixin.py:190} INFO - [2025-10-10T08:45:04.762+0000] {dag.py:4138} INFO - Setting next_dagrun for read_dataset_event_from_classic to 2025-10-09 00:00:00+00:00, run_after=2025-10-10 00:00:00+00:00
[2025-10-10T08:45:04.824+0000] {processor.py:208} INFO - Processing /home/airflow/.local/lib/python3.12/site-packages/airflow/example_dags/example_inlet_event_extra.py took 0.965 seconds
[2025-10-10T08:45:35.308+0000] {processor.py:186} INFO - Started process (PID=1015) to work on /home/airflow/.local/lib/python3.12/site-packages/airflow/example_dags/example_inlet_event_extra.py
[2025-10-10T08:45:35.315+0000] {processor.py:914} INFO - Processing file /home/airflow/.local/lib/python3.12/site-packages/airflow/example_dags/example_inlet_event_extra.py for tasks to queue
[2025-10-10T08:45:35.331+0000] {logging_mixin.py:190} INFO - [2025-10-10T08:45:35.329+0000] {dagbag.py:587} INFO - Filling up the DagBag from /home/airflow/.local/lib/python3.12/site-packages/airflow/example_dags/example_inlet_event_extra.py
[2025-10-10T08:45:35.797+0000] {processor.py:925} INFO - DAG(s) 'read_dataset_event_from_classic', 'read_dataset_event' retrieved from /home/airflow/.local/lib/python3.12/site-packages/airflow/example_dags/example_inlet_event_extra.py
[2025-10-10T08:45:35.846+0000] {logging_mixin.py:190} INFO - [2025-10-10T08:45:35.845+0000] {dag.py:3211} INFO - Sync 2 DAGs
[2025-10-10T08:45:35.896+0000] {logging_mixin.py:190} INFO - [2025-10-10T08:45:35.895+0000] {dag.py:4138} INFO - Setting next_dagrun for read_dataset_event to 2025-10-09 00:00:00+00:00, run_after=2025-10-10 00:00:00+00:00
[2025-10-10T08:45:35.908+0000] {logging_mixin.py:190} INFO - [2025-10-10T08:45:35.907+0000] {dag.py:4138} INFO - Setting next_dagrun for read_dataset_event_from_classic to 2025-10-09 00:00:00+00:00, run_after=2025-10-10 00:00:00+00:00
[2025-10-10T08:45:35.954+0000] {processor.py:208} INFO - Processing /home/airflow/.local/lib/python3.12/site-packages/airflow/example_dags/example_inlet_event_extra.py took 0.684 seconds
[2025-10-10T08:46:06.353+0000] {processor.py:186} INFO - Started process (PID=1080) to work on /home/airflow/.local/lib/python3.12/site-packages/airflow/example_dags/example_inlet_event_extra.py
[2025-10-10T08:46:06.357+0000] {processor.py:914} INFO - Processing file /home/airflow/.local/lib/python3.12/site-packages/airflow/example_dags/example_inlet_event_extra.py for tasks to queue
[2025-10-10T08:46:06.366+0000] {logging_mixin.py:190} INFO - [2025-10-10T08:46:06.365+0000] {dagbag.py:587} INFO - Filling up the DagBag from /home/airflow/.local/lib/python3.12/site-packages/airflow/example_dags/example_inlet_event_extra.py
[2025-10-10T08:46:06.704+0000] {processor.py:925} INFO - DAG(s) 'read_dataset_event', 'read_dataset_event_from_classic' retrieved from /home/airflow/.local/lib/python3.12/site-packages/airflow/example_dags/example_inlet_event_extra.py
[2025-10-10T08:46:06.766+0000] {logging_mixin.py:190} INFO - [2025-10-10T08:46:06.766+0000] {dag.py:3211} INFO - Sync 2 DAGs
[2025-10-10T08:46:06.835+0000] {logging_mixin.py:190} INFO - [2025-10-10T08:46:06.835+0000] {dag.py:4138} INFO - Setting next_dagrun for read_dataset_event to 2025-10-09 00:00:00+00:00, run_after=2025-10-10 00:00:00+00:00
[2025-10-10T08:46:06.848+0000] {logging_mixin.py:190} INFO - [2025-10-10T08:46:06.848+0000] {dag.py:4138} INFO - Setting next_dagrun for read_dataset_event_from_classic to 2025-10-09 00:00:00+00:00, run_after=2025-10-10 00:00:00+00:00
[2025-10-10T08:46:06.901+0000] {processor.py:208} INFO - Processing /home/airflow/.local/lib/python3.12/site-packages/airflow/example_dags/example_inlet_event_extra.py took 0.570 seconds
[2025-10-10T08:46:37.041+0000] {processor.py:186} INFO - Started process (PID=1143) to work on /home/airflow/.local/lib/python3.12/site-packages/airflow/example_dags/example_inlet_event_extra.py
[2025-10-10T08:46:37.044+0000] {processor.py:914} INFO - Processing file /home/airflow/.local/lib/python3.12/site-packages/airflow/example_dags/example_inlet_event_extra.py for tasks to queue
[2025-10-10T08:46:37.051+0000] {logging_mixin.py:190} INFO - [2025-10-10T08:46:37.050+0000] {dagbag.py:587} INFO - Filling up the DagBag from /home/airflow/.local/lib/python3.12/site-packages/airflow/example_dags/example_inlet_event_extra.py
[2025-10-10T08:46:37.434+0000] {processor.py:925} INFO - DAG(s) 'read_dataset_event_from_classic', 'read_dataset_event' retrieved from /home/airflow/.local/lib/python3.12/site-packages/airflow/example_dags/example_inlet_event_extra.py
[2025-10-10T08:46:37.487+0000] {logging_mixin.py:190} INFO - [2025-10-10T08:46:37.486+0000] {dag.py:3211} INFO - Sync 2 DAGs
[2025-10-10T08:46:37.544+0000] {logging_mixin.py:190} INFO - [2025-10-10T08:46:37.543+0000] {dag.py:4138} INFO - Setting next_dagrun for read_dataset_event to 2025-10-09 00:00:00+00:00, run_after=2025-10-10 00:00:00+00:00
[2025-10-10T08:46:37.556+0000] {logging_mixin.py:190} INFO - [2025-10-10T08:46:37.556+0000] {dag.py:4138} INFO - Setting next_dagrun for read_dataset_event_from_classic to 2025-10-09 00:00:00+00:00, run_after=2025-10-10 00:00:00+00:00
[2025-10-10T08:46:37.604+0000] {processor.py:208} INFO - Processing /home/airflow/.local/lib/python3.12/site-packages/airflow/example_dags/example_inlet_event_extra.py took 0.579 seconds
[2025-10-10T08:47:07.974+0000] {processor.py:186} INFO - Started process (PID=1206) to work on /home/airflow/.local/lib/python3.12/site-packages/airflow/example_dags/example_inlet_event_extra.py
[2025-10-10T08:47:07.978+0000] {processor.py:914} INFO - Processing file /home/airflow/.local/lib/python3.12/site-packages/airflow/example_dags/example_inlet_event_extra.py for tasks to queue
[2025-10-10T08:47:07.988+0000] {logging_mixin.py:190} INFO - [2025-10-10T08:47:07.986+0000] {dagbag.py:587} INFO - Filling up the DagBag from /home/airflow/.local/lib/python3.12/site-packages/airflow/example_dags/example_inlet_event_extra.py
[2025-10-10T08:47:08.337+0000] {processor.py:925} INFO - DAG(s) 'read_dataset_event_from_classic', 'read_dataset_event' retrieved from /home/airflow/.local/lib/python3.12/site-packages/airflow/example_dags/example_inlet_event_extra.py
[2025-10-10T08:47:08.385+0000] {logging_mixin.py:190} INFO - [2025-10-10T08:47:08.385+0000] {dag.py:3211} INFO - Sync 2 DAGs
[2025-10-10T08:47:08.441+0000] {logging_mixin.py:190} INFO - [2025-10-10T08:47:08.440+0000] {dag.py:4138} INFO - Setting next_dagrun for read_dataset_event to 2025-10-09 00:00:00+00:00, run_after=2025-10-10 00:00:00+00:00
[2025-10-10T08:47:08.453+0000] {logging_mixin.py:190} INFO - [2025-10-10T08:47:08.453+0000] {dag.py:4138} INFO - Setting next_dagrun for read_dataset_event_from_classic to 2025-10-09 00:00:00+00:00, run_after=2025-10-10 00:00:00+00:00
[2025-10-10T08:47:08.504+0000] {processor.py:208} INFO - Processing /home/airflow/.local/lib/python3.12/site-packages/airflow/example_dags/example_inlet_event_extra.py took 0.554 seconds
[2025-10-10T08:47:39.107+0000] {processor.py:186} INFO - Started process (PID=1271) to work on /home/airflow/.local/lib/python3.12/site-packages/airflow/example_dags/example_inlet_event_extra.py
[2025-10-10T08:47:39.120+0000] {processor.py:914} INFO - Processing file /home/airflow/.local/lib/python3.12/site-packages/airflow/example_dags/example_inlet_event_extra.py for tasks to queue
[2025-10-10T08:47:39.147+0000] {logging_mixin.py:190} INFO - [2025-10-10T08:47:39.145+0000] {dagbag.py:587} INFO - Filling up the DagBag from /home/airflow/.local/lib/python3.12/site-packages/airflow/example_dags/example_inlet_event_extra.py
[2025-10-10T08:47:39.690+0000] {processor.py:925} INFO - DAG(s) 'read_dataset_event', 'read_dataset_event_from_classic' retrieved from /home/airflow/.local/lib/python3.12/site-packages/airflow/example_dags/example_inlet_event_extra.py
[2025-10-10T08:47:39.767+0000] {logging_mixin.py:190} INFO - [2025-10-10T08:47:39.766+0000] {dag.py:3211} INFO - Sync 2 DAGs
[2025-10-10T08:47:39.843+0000] {logging_mixin.py:190} INFO - [2025-10-10T08:47:39.842+0000] {dag.py:4138} INFO - Setting next_dagrun for read_dataset_event to 2025-10-09 00:00:00+00:00, run_after=2025-10-10 00:00:00+00:00
[2025-10-10T08:47:39.856+0000] {logging_mixin.py:190} INFO - [2025-10-10T08:47:39.856+0000] {dag.py:4138} INFO - Setting next_dagrun for read_dataset_event_from_classic to 2025-10-09 00:00:00+00:00, run_after=2025-10-10 00:00:00+00:00
[2025-10-10T08:47:39.903+0000] {processor.py:208} INFO - Processing /home/airflow/.local/lib/python3.12/site-packages/airflow/example_dags/example_inlet_event_extra.py took 0.838 seconds
[2025-10-10T08:48:12.654+0000] {processor.py:186} INFO - Started process (PID=1334) to work on /home/airflow/.local/lib/python3.12/site-packages/airflow/example_dags/example_inlet_event_extra.py
[2025-10-10T08:48:12.657+0000] {processor.py:914} INFO - Processing file /home/airflow/.local/lib/python3.12/site-packages/airflow/example_dags/example_inlet_event_extra.py for tasks to queue
[2025-10-10T08:48:12.665+0000] {logging_mixin.py:190} INFO - [2025-10-10T08:48:12.664+0000] {dagbag.py:587} INFO - Filling up the DagBag from /home/airflow/.local/lib/python3.12/site-packages/airflow/example_dags/example_inlet_event_extra.py
[2025-10-10T08:48:12.961+0000] {processor.py:925} INFO - DAG(s) 'read_dataset_event', 'read_dataset_event_from_classic' retrieved from /home/airflow/.local/lib/python3.12/site-packages/airflow/example_dags/example_inlet_event_extra.py
[2025-10-10T08:48:13.013+0000] {logging_mixin.py:190} INFO - [2025-10-10T08:48:13.012+0000] {dag.py:3211} INFO - Sync 2 DAGs
[2025-10-10T08:48:13.072+0000] {logging_mixin.py:190} INFO - [2025-10-10T08:48:13.071+0000] {dag.py:4138} INFO - Setting next_dagrun for read_dataset_event to 2025-10-09 00:00:00+00:00, run_after=2025-10-10 00:00:00+00:00
[2025-10-10T08:48:13.085+0000] {logging_mixin.py:190} INFO - [2025-10-10T08:48:13.085+0000] {dag.py:4138} INFO - Setting next_dagrun for read_dataset_event_from_classic to 2025-10-09 00:00:00+00:00, run_after=2025-10-10 00:00:00+00:00
[2025-10-10T08:48:13.125+0000] {processor.py:208} INFO - Processing /home/airflow/.local/lib/python3.12/site-packages/airflow/example_dags/example_inlet_event_extra.py took 0.492 seconds
[2025-10-10T08:48:43.386+0000] {processor.py:186} INFO - Started process (PID=1397) to work on /home/airflow/.local/lib/python3.12/site-packages/airflow/example_dags/example_inlet_event_extra.py
[2025-10-10T08:48:43.388+0000] {processor.py:914} INFO - Processing file /home/airflow/.local/lib/python3.12/site-packages/airflow/example_dags/example_inlet_event_extra.py for tasks to queue
[2025-10-10T08:48:43.394+0000] {logging_mixin.py:190} INFO - [2025-10-10T08:48:43.393+0000] {dagbag.py:587} INFO - Filling up the DagBag from /home/airflow/.local/lib/python3.12/site-packages/airflow/example_dags/example_inlet_event_extra.py
[2025-10-10T08:48:43.753+0000] {processor.py:925} INFO - DAG(s) 'read_dataset_event_from_classic', 'read_dataset_event' retrieved from /home/airflow/.local/lib/python3.12/site-packages/airflow/example_dags/example_inlet_event_extra.py
[2025-10-10T08:48:43.802+0000] {logging_mixin.py:190} INFO - [2025-10-10T08:48:43.802+0000] {dag.py:3211} INFO - Sync 2 DAGs
[2025-10-10T08:48:43.868+0000] {logging_mixin.py:190} INFO - [2025-10-10T08:48:43.867+0000] {dag.py:4138} INFO - Setting next_dagrun for read_dataset_event to 2025-10-09 00:00:00+00:00, run_after=2025-10-10 00:00:00+00:00
[2025-10-10T08:48:43.878+0000] {logging_mixin.py:190} INFO - [2025-10-10T08:48:43.878+0000] {dag.py:4138} INFO - Setting next_dagrun for read_dataset_event_from_classic to 2025-10-09 00:00:00+00:00, run_after=2025-10-10 00:00:00+00:00
[2025-10-10T08:48:43.918+0000] {processor.py:208} INFO - Processing /home/airflow/.local/lib/python3.12/site-packages/airflow/example_dags/example_inlet_event_extra.py took 0.544 seconds
[2025-10-10T08:49:14.215+0000] {processor.py:186} INFO - Started process (PID=1460) to work on /home/airflow/.local/lib/python3.12/site-packages/airflow/example_dags/example_inlet_event_extra.py
[2025-10-10T08:49:14.230+0000] {processor.py:914} INFO - Processing file /home/airflow/.local/lib/python3.12/site-packages/airflow/example_dags/example_inlet_event_extra.py for tasks to queue
[2025-10-10T08:49:14.249+0000] {logging_mixin.py:190} INFO - [2025-10-10T08:49:14.245+0000] {dagbag.py:587} INFO - Filling up the DagBag from /home/airflow/.local/lib/python3.12/site-packages/airflow/example_dags/example_inlet_event_extra.py
[2025-10-10T08:49:15.838+0000] {processor.py:925} INFO - DAG(s) 'read_dataset_event_from_classic', 'read_dataset_event' retrieved from /home/airflow/.local/lib/python3.12/site-packages/airflow/example_dags/example_inlet_event_extra.py
[2025-10-10T08:49:16.013+0000] {logging_mixin.py:190} INFO - [2025-10-10T08:49:16.012+0000] {dag.py:3211} INFO - Sync 2 DAGs
[2025-10-10T08:49:16.291+0000] {logging_mixin.py:190} INFO - [2025-10-10T08:49:16.290+0000] {dag.py:4138} INFO - Setting next_dagrun for read_dataset_event to 2025-10-09 00:00:00+00:00, run_after=2025-10-10 00:00:00+00:00
[2025-10-10T08:49:16.343+0000] {logging_mixin.py:190} INFO - [2025-10-10T08:49:16.342+0000] {dag.py:4138} INFO - Setting next_dagrun for read_dataset_event_from_classic to 2025-10-09 00:00:00+00:00, run_after=2025-10-10 00:00:00+00:00
[2025-10-10T08:49:16.486+0000] {processor.py:208} INFO - Processing /home/airflow/.local/lib/python3.12/site-packages/airflow/example_dags/example_inlet_event_extra.py took 2.305 seconds
[2025-10-10T08:53:43.073+0000] {processor.py:186} INFO - Started process (PID=70) to work on /home/airflow/.local/lib/python3.12/site-packages/airflow/example_dags/example_inlet_event_extra.py
[2025-10-10T08:53:43.077+0000] {processor.py:914} INFO - Processing file /home/airflow/.local/lib/python3.12/site-packages/airflow/example_dags/example_inlet_event_extra.py for tasks to queue
[2025-10-10T08:53:43.086+0000] {logging_mixin.py:190} INFO - [2025-10-10T08:53:43.085+0000] {dagbag.py:587} INFO - Filling up the DagBag from /home/airflow/.local/lib/python3.12/site-packages/airflow/example_dags/example_inlet_event_extra.py
[2025-10-10T08:53:44.395+0000] {processor.py:925} INFO - DAG(s) 'read_dataset_event_from_classic', 'read_dataset_event' retrieved from /home/airflow/.local/lib/python3.12/site-packages/airflow/example_dags/example_inlet_event_extra.py
[2025-10-10T08:53:44.653+0000] {logging_mixin.py:190} INFO - [2025-10-10T08:53:44.652+0000] {dag.py:3211} INFO - Sync 2 DAGs
[2025-10-10T08:53:45.558+0000] {logging_mixin.py:190} INFO - [2025-10-10T08:53:45.549+0000] {dag.py:4138} INFO - Setting next_dagrun for read_dataset_event to 2025-10-09 00:00:00+00:00, run_after=2025-10-10 00:00:00+00:00
[2025-10-10T08:53:45.606+0000] {logging_mixin.py:190} INFO - [2025-10-10T08:53:45.604+0000] {dag.py:4138} INFO - Setting next_dagrun for read_dataset_event_from_classic to 2025-10-09 00:00:00+00:00, run_after=2025-10-10 00:00:00+00:00
[2025-10-10T08:53:45.763+0000] {processor.py:208} INFO - Processing /home/airflow/.local/lib/python3.12/site-packages/airflow/example_dags/example_inlet_event_extra.py took 2.717 seconds
[2025-10-10T08:54:16.165+0000] {processor.py:186} INFO - Started process (PID=134) to work on /home/airflow/.local/lib/python3.12/site-packages/airflow/example_dags/example_inlet_event_extra.py
[2025-10-10T08:54:16.168+0000] {processor.py:914} INFO - Processing file /home/airflow/.local/lib/python3.12/site-packages/airflow/example_dags/example_inlet_event_extra.py for tasks to queue
[2025-10-10T08:54:16.179+0000] {logging_mixin.py:190} INFO - [2025-10-10T08:54:16.178+0000] {dagbag.py:587} INFO - Filling up the DagBag from /home/airflow/.local/lib/python3.12/site-packages/airflow/example_dags/example_inlet_event_extra.py
[2025-10-10T08:54:16.832+0000] {processor.py:925} INFO - DAG(s) 'read_dataset_event_from_classic', 'read_dataset_event' retrieved from /home/airflow/.local/lib/python3.12/site-packages/airflow/example_dags/example_inlet_event_extra.py
[2025-10-10T08:54:16.908+0000] {logging_mixin.py:190} INFO - [2025-10-10T08:54:16.908+0000] {dag.py:3211} INFO - Sync 2 DAGs
[2025-10-10T08:54:16.985+0000] {logging_mixin.py:190} INFO - [2025-10-10T08:54:16.985+0000] {dag.py:4138} INFO - Setting next_dagrun for read_dataset_event to 2025-10-09 00:00:00+00:00, run_after=2025-10-10 00:00:00+00:00
[2025-10-10T08:54:17.001+0000] {logging_mixin.py:190} INFO - [2025-10-10T08:54:17.001+0000] {dag.py:4138} INFO - Setting next_dagrun for read_dataset_event_from_classic to 2025-10-09 00:00:00+00:00, run_after=2025-10-10 00:00:00+00:00
[2025-10-10T08:54:17.165+0000] {processor.py:208} INFO - Processing /home/airflow/.local/lib/python3.12/site-packages/airflow/example_dags/example_inlet_event_extra.py took 1.020 seconds
[2025-10-10T08:54:48.286+0000] {processor.py:186} INFO - Started process (PID=198) to work on /home/airflow/.local/lib/python3.12/site-packages/airflow/example_dags/example_inlet_event_extra.py
[2025-10-10T08:54:48.314+0000] {processor.py:914} INFO - Processing file /home/airflow/.local/lib/python3.12/site-packages/airflow/example_dags/example_inlet_event_extra.py for tasks to queue
[2025-10-10T08:54:48.446+0000] {logging_mixin.py:190} INFO - [2025-10-10T08:54:48.444+0000] {dagbag.py:587} INFO - Filling up the DagBag from /home/airflow/.local/lib/python3.12/site-packages/airflow/example_dags/example_inlet_event_extra.py
[2025-10-10T08:54:49.405+0000] {processor.py:925} INFO - DAG(s) 'read_dataset_event', 'read_dataset_event_from_classic' retrieved from /home/airflow/.local/lib/python3.12/site-packages/airflow/example_dags/example_inlet_event_extra.py
[2025-10-10T08:54:49.495+0000] {logging_mixin.py:190} INFO - [2025-10-10T08:54:49.494+0000] {dag.py:3211} INFO - Sync 2 DAGs
[2025-10-10T08:54:49.672+0000] {logging_mixin.py:190} INFO - [2025-10-10T08:54:49.670+0000] {dag.py:4138} INFO - Setting next_dagrun for read_dataset_event to 2025-10-09 00:00:00+00:00, run_after=2025-10-10 00:00:00+00:00
[2025-10-10T08:54:49.692+0000] {logging_mixin.py:190} INFO - [2025-10-10T08:54:49.692+0000] {dag.py:4138} INFO - Setting next_dagrun for read_dataset_event_from_classic to 2025-10-09 00:00:00+00:00, run_after=2025-10-10 00:00:00+00:00
[2025-10-10T08:54:49.772+0000] {processor.py:208} INFO - Processing /home/airflow/.local/lib/python3.12/site-packages/airflow/example_dags/example_inlet_event_extra.py took 1.654 seconds
[2025-10-10T08:57:53.701+0000] {processor.py:186} INFO - Started process (PID=71) to work on /home/airflow/.local/lib/python3.12/site-packages/airflow/example_dags/example_inlet_event_extra.py
[2025-10-10T08:57:53.721+0000] {processor.py:914} INFO - Processing file /home/airflow/.local/lib/python3.12/site-packages/airflow/example_dags/example_inlet_event_extra.py for tasks to queue
[2025-10-10T08:57:53.727+0000] {logging_mixin.py:190} INFO - [2025-10-10T08:57:53.726+0000] {dagbag.py:587} INFO - Filling up the DagBag from /home/airflow/.local/lib/python3.12/site-packages/airflow/example_dags/example_inlet_event_extra.py
[2025-10-10T08:57:54.236+0000] {processor.py:925} INFO - DAG(s) 'read_dataset_event_from_classic', 'read_dataset_event' retrieved from /home/airflow/.local/lib/python3.12/site-packages/airflow/example_dags/example_inlet_event_extra.py
[2025-10-10T08:57:54.349+0000] {logging_mixin.py:190} INFO - [2025-10-10T08:57:54.344+0000] {dag.py:3211} INFO - Sync 2 DAGs
[2025-10-10T08:57:54.533+0000] {logging_mixin.py:190} INFO - [2025-10-10T08:57:54.533+0000] {dag.py:4138} INFO - Setting next_dagrun for read_dataset_event to 2025-10-09 00:00:00+00:00, run_after=2025-10-10 00:00:00+00:00
[2025-10-10T08:57:54.546+0000] {logging_mixin.py:190} INFO - [2025-10-10T08:57:54.546+0000] {dag.py:4138} INFO - Setting next_dagrun for read_dataset_event_from_classic to 2025-10-09 00:00:00+00:00, run_after=2025-10-10 00:00:00+00:00
[2025-10-10T08:57:54.800+0000] {processor.py:208} INFO - Processing /home/airflow/.local/lib/python3.12/site-packages/airflow/example_dags/example_inlet_event_extra.py took 1.115 seconds
[2025-10-10T08:58:24.983+0000] {processor.py:186} INFO - Started process (PID=134) to work on /home/airflow/.local/lib/python3.12/site-packages/airflow/example_dags/example_inlet_event_extra.py
[2025-10-10T08:58:24.986+0000] {processor.py:914} INFO - Processing file /home/airflow/.local/lib/python3.12/site-packages/airflow/example_dags/example_inlet_event_extra.py for tasks to queue
[2025-10-10T08:58:24.995+0000] {logging_mixin.py:190} INFO - [2025-10-10T08:58:24.995+0000] {dagbag.py:587} INFO - Filling up the DagBag from /home/airflow/.local/lib/python3.12/site-packages/airflow/example_dags/example_inlet_event_extra.py
[2025-10-10T08:58:25.490+0000] {processor.py:925} INFO - DAG(s) 'read_dataset_event_from_classic', 'read_dataset_event' retrieved from /home/airflow/.local/lib/python3.12/site-packages/airflow/example_dags/example_inlet_event_extra.py
[2025-10-10T08:58:25.569+0000] {logging_mixin.py:190} INFO - [2025-10-10T08:58:25.568+0000] {dag.py:3211} INFO - Sync 2 DAGs
[2025-10-10T08:58:25.673+0000] {logging_mixin.py:190} INFO - [2025-10-10T08:58:25.673+0000] {dag.py:4138} INFO - Setting next_dagrun for read_dataset_event to 2025-10-09 00:00:00+00:00, run_after=2025-10-10 00:00:00+00:00
[2025-10-10T08:58:25.691+0000] {logging_mixin.py:190} INFO - [2025-10-10T08:58:25.690+0000] {dag.py:4138} INFO - Setting next_dagrun for read_dataset_event_from_classic to 2025-10-09 00:00:00+00:00, run_after=2025-10-10 00:00:00+00:00
[2025-10-10T08:58:25.742+0000] {processor.py:208} INFO - Processing /home/airflow/.local/lib/python3.12/site-packages/airflow/example_dags/example_inlet_event_extra.py took 0.773 seconds
[2025-10-10T09:01:20.168+0000] {processor.py:186} INFO - Started process (PID=70) to work on /home/airflow/.local/lib/python3.12/site-packages/airflow/example_dags/example_inlet_event_extra.py
[2025-10-10T09:01:20.171+0000] {processor.py:914} INFO - Processing file /home/airflow/.local/lib/python3.12/site-packages/airflow/example_dags/example_inlet_event_extra.py for tasks to queue
[2025-10-10T09:01:20.178+0000] {logging_mixin.py:190} INFO - [2025-10-10T09:01:20.178+0000] {dagbag.py:587} INFO - Filling up the DagBag from /home/airflow/.local/lib/python3.12/site-packages/airflow/example_dags/example_inlet_event_extra.py
[2025-10-10T09:01:20.650+0000] {processor.py:925} INFO - DAG(s) 'read_dataset_event_from_classic', 'read_dataset_event' retrieved from /home/airflow/.local/lib/python3.12/site-packages/airflow/example_dags/example_inlet_event_extra.py
[2025-10-10T09:01:20.725+0000] {logging_mixin.py:190} INFO - [2025-10-10T09:01:20.725+0000] {dag.py:3211} INFO - Sync 2 DAGs
[2025-10-10T09:01:20.803+0000] {logging_mixin.py:190} INFO - [2025-10-10T09:01:20.802+0000] {dag.py:4138} INFO - Setting next_dagrun for read_dataset_event to 2025-10-09 00:00:00+00:00, run_after=2025-10-10 00:00:00+00:00
[2025-10-10T09:01:20.815+0000] {logging_mixin.py:190} INFO - [2025-10-10T09:01:20.815+0000] {dag.py:4138} INFO - Setting next_dagrun for read_dataset_event_from_classic to 2025-10-09 00:00:00+00:00, run_after=2025-10-10 00:00:00+00:00
[2025-10-10T09:01:20.878+0000] {processor.py:208} INFO - Processing /home/airflow/.local/lib/python3.12/site-packages/airflow/example_dags/example_inlet_event_extra.py took 0.732 seconds
[2025-10-10T09:01:51.420+0000] {processor.py:186} INFO - Started process (PID=134) to work on /home/airflow/.local/lib/python3.12/site-packages/airflow/example_dags/example_inlet_event_extra.py
[2025-10-10T09:01:51.422+0000] {processor.py:914} INFO - Processing file /home/airflow/.local/lib/python3.12/site-packages/airflow/example_dags/example_inlet_event_extra.py for tasks to queue
[2025-10-10T09:01:51.430+0000] {logging_mixin.py:190} INFO - [2025-10-10T09:01:51.429+0000] {dagbag.py:587} INFO - Filling up the DagBag from /home/airflow/.local/lib/python3.12/site-packages/airflow/example_dags/example_inlet_event_extra.py
[2025-10-10T09:01:52.117+0000] {processor.py:925} INFO - DAG(s) 'read_dataset_event_from_classic', 'read_dataset_event' retrieved from /home/airflow/.local/lib/python3.12/site-packages/airflow/example_dags/example_inlet_event_extra.py
[2025-10-10T09:01:52.184+0000] {logging_mixin.py:190} INFO - [2025-10-10T09:01:52.183+0000] {dag.py:3211} INFO - Sync 2 DAGs
[2025-10-10T09:01:52.310+0000] {logging_mixin.py:190} INFO - [2025-10-10T09:01:52.310+0000] {dag.py:4138} INFO - Setting next_dagrun for read_dataset_event to 2025-10-09 00:00:00+00:00, run_after=2025-10-10 00:00:00+00:00
[2025-10-10T09:01:52.329+0000] {logging_mixin.py:190} INFO - [2025-10-10T09:01:52.328+0000] {dag.py:4138} INFO - Setting next_dagrun for read_dataset_event_from_classic to 2025-10-09 00:00:00+00:00, run_after=2025-10-10 00:00:00+00:00
[2025-10-10T09:01:52.394+0000] {processor.py:208} INFO - Processing /home/airflow/.local/lib/python3.12/site-packages/airflow/example_dags/example_inlet_event_extra.py took 0.986 seconds
[2025-10-10T09:02:22.742+0000] {processor.py:186} INFO - Started process (PID=198) to work on /home/airflow/.local/lib/python3.12/site-packages/airflow/example_dags/example_inlet_event_extra.py
[2025-10-10T09:02:22.745+0000] {processor.py:914} INFO - Processing file /home/airflow/.local/lib/python3.12/site-packages/airflow/example_dags/example_inlet_event_extra.py for tasks to queue
[2025-10-10T09:02:22.755+0000] {logging_mixin.py:190} INFO - [2025-10-10T09:02:22.754+0000] {dagbag.py:587} INFO - Filling up the DagBag from /home/airflow/.local/lib/python3.12/site-packages/airflow/example_dags/example_inlet_event_extra.py
[2025-10-10T09:02:23.320+0000] {processor.py:925} INFO - DAG(s) 'read_dataset_event', 'read_dataset_event_from_classic' retrieved from /home/airflow/.local/lib/python3.12/site-packages/airflow/example_dags/example_inlet_event_extra.py
[2025-10-10T09:02:23.404+0000] {logging_mixin.py:190} INFO - [2025-10-10T09:02:23.403+0000] {dag.py:3211} INFO - Sync 2 DAGs
[2025-10-10T09:02:23.497+0000] {logging_mixin.py:190} INFO - [2025-10-10T09:02:23.496+0000] {dag.py:4138} INFO - Setting next_dagrun for read_dataset_event to 2025-10-09 00:00:00+00:00, run_after=2025-10-10 00:00:00+00:00
[2025-10-10T09:02:23.512+0000] {logging_mixin.py:190} INFO - [2025-10-10T09:02:23.512+0000] {dag.py:4138} INFO - Setting next_dagrun for read_dataset_event_from_classic to 2025-10-09 00:00:00+00:00, run_after=2025-10-10 00:00:00+00:00
[2025-10-10T09:02:23.564+0000] {processor.py:208} INFO - Processing /home/airflow/.local/lib/python3.12/site-packages/airflow/example_dags/example_inlet_event_extra.py took 0.847 seconds
[2025-10-10T09:02:53.902+0000] {processor.py:186} INFO - Started process (PID=262) to work on /home/airflow/.local/lib/python3.12/site-packages/airflow/example_dags/example_inlet_event_extra.py
[2025-10-10T09:02:53.909+0000] {processor.py:914} INFO - Processing file /home/airflow/.local/lib/python3.12/site-packages/airflow/example_dags/example_inlet_event_extra.py for tasks to queue
[2025-10-10T09:02:53.920+0000] {logging_mixin.py:190} INFO - [2025-10-10T09:02:53.919+0000] {dagbag.py:587} INFO - Filling up the DagBag from /home/airflow/.local/lib/python3.12/site-packages/airflow/example_dags/example_inlet_event_extra.py
[2025-10-10T09:02:54.618+0000] {processor.py:925} INFO - DAG(s) 'read_dataset_event_from_classic', 'read_dataset_event' retrieved from /home/airflow/.local/lib/python3.12/site-packages/airflow/example_dags/example_inlet_event_extra.py
[2025-10-10T09:02:54.661+0000] {logging_mixin.py:190} INFO - [2025-10-10T09:02:54.661+0000] {dag.py:3211} INFO - Sync 2 DAGs
[2025-10-10T09:02:54.711+0000] {logging_mixin.py:190} INFO - [2025-10-10T09:02:54.711+0000] {dag.py:4138} INFO - Setting next_dagrun for read_dataset_event to 2025-10-09 00:00:00+00:00, run_after=2025-10-10 00:00:00+00:00
[2025-10-10T09:02:54.721+0000] {logging_mixin.py:190} INFO - [2025-10-10T09:02:54.721+0000] {dag.py:4138} INFO - Setting next_dagrun for read_dataset_event_from_classic to 2025-10-09 00:00:00+00:00, run_after=2025-10-10 00:00:00+00:00
[2025-10-10T09:02:54.756+0000] {processor.py:208} INFO - Processing /home/airflow/.local/lib/python3.12/site-packages/airflow/example_dags/example_inlet_event_extra.py took 0.882 seconds
[2025-10-10T09:03:25.064+0000] {processor.py:186} INFO - Started process (PID=325) to work on /home/airflow/.local/lib/python3.12/site-packages/airflow/example_dags/example_inlet_event_extra.py
[2025-10-10T09:03:25.068+0000] {processor.py:914} INFO - Processing file /home/airflow/.local/lib/python3.12/site-packages/airflow/example_dags/example_inlet_event_extra.py for tasks to queue
[2025-10-10T09:03:25.075+0000] {logging_mixin.py:190} INFO - [2025-10-10T09:03:25.074+0000] {dagbag.py:587} INFO - Filling up the DagBag from /home/airflow/.local/lib/python3.12/site-packages/airflow/example_dags/example_inlet_event_extra.py
[2025-10-10T09:03:25.505+0000] {processor.py:925} INFO - DAG(s) 'read_dataset_event', 'read_dataset_event_from_classic' retrieved from /home/airflow/.local/lib/python3.12/site-packages/airflow/example_dags/example_inlet_event_extra.py
[2025-10-10T09:03:25.563+0000] {logging_mixin.py:190} INFO - [2025-10-10T09:03:25.562+0000] {dag.py:3211} INFO - Sync 2 DAGs
[2025-10-10T09:03:25.633+0000] {logging_mixin.py:190} INFO - [2025-10-10T09:03:25.633+0000] {dag.py:4138} INFO - Setting next_dagrun for read_dataset_event to 2025-10-09 00:00:00+00:00, run_after=2025-10-10 00:00:00+00:00
[2025-10-10T09:03:25.646+0000] {logging_mixin.py:190} INFO - [2025-10-10T09:03:25.646+0000] {dag.py:4138} INFO - Setting next_dagrun for read_dataset_event_from_classic to 2025-10-09 00:00:00+00:00, run_after=2025-10-10 00:00:00+00:00
[2025-10-10T09:03:25.692+0000] {processor.py:208} INFO - Processing /home/airflow/.local/lib/python3.12/site-packages/airflow/example_dags/example_inlet_event_extra.py took 0.646 seconds
[2025-10-10T09:03:56.256+0000] {processor.py:186} INFO - Started process (PID=389) to work on /home/airflow/.local/lib/python3.12/site-packages/airflow/example_dags/example_inlet_event_extra.py
[2025-10-10T09:03:56.259+0000] {processor.py:914} INFO - Processing file /home/airflow/.local/lib/python3.12/site-packages/airflow/example_dags/example_inlet_event_extra.py for tasks to queue
[2025-10-10T09:03:56.267+0000] {logging_mixin.py:190} INFO - [2025-10-10T09:03:56.266+0000] {dagbag.py:587} INFO - Filling up the DagBag from /home/airflow/.local/lib/python3.12/site-packages/airflow/example_dags/example_inlet_event_extra.py
[2025-10-10T09:03:56.697+0000] {processor.py:925} INFO - DAG(s) 'read_dataset_event', 'read_dataset_event_from_classic' retrieved from /home/airflow/.local/lib/python3.12/site-packages/airflow/example_dags/example_inlet_event_extra.py
[2025-10-10T09:03:56.794+0000] {logging_mixin.py:190} INFO - [2025-10-10T09:03:56.793+0000] {dag.py:3211} INFO - Sync 2 DAGs
[2025-10-10T09:03:56.885+0000] {logging_mixin.py:190} INFO - [2025-10-10T09:03:56.884+0000] {dag.py:4138} INFO - Setting next_dagrun for read_dataset_event to 2025-10-09 00:00:00+00:00, run_after=2025-10-10 00:00:00+00:00
[2025-10-10T09:03:56.897+0000] {logging_mixin.py:190} INFO - [2025-10-10T09:03:56.896+0000] {dag.py:4138} INFO - Setting next_dagrun for read_dataset_event_from_classic to 2025-10-09 00:00:00+00:00, run_after=2025-10-10 00:00:00+00:00
[2025-10-10T09:03:56.951+0000] {processor.py:208} INFO - Processing /home/airflow/.local/lib/python3.12/site-packages/airflow/example_dags/example_inlet_event_extra.py took 0.712 seconds
[2025-10-10T09:04:27.640+0000] {processor.py:186} INFO - Started process (PID=452) to work on /home/airflow/.local/lib/python3.12/site-packages/airflow/example_dags/example_inlet_event_extra.py
[2025-10-10T09:04:27.644+0000] {processor.py:914} INFO - Processing file /home/airflow/.local/lib/python3.12/site-packages/airflow/example_dags/example_inlet_event_extra.py for tasks to queue
[2025-10-10T09:04:27.657+0000] {logging_mixin.py:190} INFO - [2025-10-10T09:04:27.655+0000] {dagbag.py:587} INFO - Filling up the DagBag from /home/airflow/.local/lib/python3.12/site-packages/airflow/example_dags/example_inlet_event_extra.py
[2025-10-10T09:04:28.039+0000] {processor.py:925} INFO - DAG(s) 'read_dataset_event', 'read_dataset_event_from_classic' retrieved from /home/airflow/.local/lib/python3.12/site-packages/airflow/example_dags/example_inlet_event_extra.py
[2025-10-10T09:04:28.094+0000] {logging_mixin.py:190} INFO - [2025-10-10T09:04:28.093+0000] {dag.py:3211} INFO - Sync 2 DAGs
[2025-10-10T09:04:28.174+0000] {logging_mixin.py:190} INFO - [2025-10-10T09:04:28.174+0000] {dag.py:4138} INFO - Setting next_dagrun for read_dataset_event to 2025-10-09 00:00:00+00:00, run_after=2025-10-10 00:00:00+00:00
[2025-10-10T09:04:28.188+0000] {logging_mixin.py:190} INFO - [2025-10-10T09:04:28.187+0000] {dag.py:4138} INFO - Setting next_dagrun for read_dataset_event_from_classic to 2025-10-09 00:00:00+00:00, run_after=2025-10-10 00:00:00+00:00
[2025-10-10T09:04:28.244+0000] {processor.py:208} INFO - Processing /home/airflow/.local/lib/python3.12/site-packages/airflow/example_dags/example_inlet_event_extra.py took 0.631 seconds
[2025-10-10T09:04:58.464+0000] {processor.py:186} INFO - Started process (PID=516) to work on /home/airflow/.local/lib/python3.12/site-packages/airflow/example_dags/example_inlet_event_extra.py
[2025-10-10T09:04:58.467+0000] {processor.py:914} INFO - Processing file /home/airflow/.local/lib/python3.12/site-packages/airflow/example_dags/example_inlet_event_extra.py for tasks to queue
[2025-10-10T09:04:58.472+0000] {logging_mixin.py:190} INFO - [2025-10-10T09:04:58.471+0000] {dagbag.py:587} INFO - Filling up the DagBag from /home/airflow/.local/lib/python3.12/site-packages/airflow/example_dags/example_inlet_event_extra.py
[2025-10-10T09:04:58.795+0000] {processor.py:925} INFO - DAG(s) 'read_dataset_event', 'read_dataset_event_from_classic' retrieved from /home/airflow/.local/lib/python3.12/site-packages/airflow/example_dags/example_inlet_event_extra.py
[2025-10-10T09:04:58.840+0000] {logging_mixin.py:190} INFO - [2025-10-10T09:04:58.840+0000] {dag.py:3211} INFO - Sync 2 DAGs
[2025-10-10T09:04:58.889+0000] {logging_mixin.py:190} INFO - [2025-10-10T09:04:58.888+0000] {dag.py:4138} INFO - Setting next_dagrun for read_dataset_event to 2025-10-09 00:00:00+00:00, run_after=2025-10-10 00:00:00+00:00
[2025-10-10T09:04:58.897+0000] {logging_mixin.py:190} INFO - [2025-10-10T09:04:58.897+0000] {dag.py:4138} INFO - Setting next_dagrun for read_dataset_event_from_classic to 2025-10-09 00:00:00+00:00, run_after=2025-10-10 00:00:00+00:00
[2025-10-10T09:04:58.961+0000] {processor.py:208} INFO - Processing /home/airflow/.local/lib/python3.12/site-packages/airflow/example_dags/example_inlet_event_extra.py took 0.509 seconds
[2025-10-10T09:05:29.404+0000] {processor.py:186} INFO - Started process (PID=579) to work on /home/airflow/.local/lib/python3.12/site-packages/airflow/example_dags/example_inlet_event_extra.py
[2025-10-10T09:05:29.409+0000] {processor.py:914} INFO - Processing file /home/airflow/.local/lib/python3.12/site-packages/airflow/example_dags/example_inlet_event_extra.py for tasks to queue
[2025-10-10T09:05:29.419+0000] {logging_mixin.py:190} INFO - [2025-10-10T09:05:29.418+0000] {dagbag.py:587} INFO - Filling up the DagBag from /home/airflow/.local/lib/python3.12/site-packages/airflow/example_dags/example_inlet_event_extra.py
[2025-10-10T09:05:30.111+0000] {processor.py:925} INFO - DAG(s) 'read_dataset_event_from_classic', 'read_dataset_event' retrieved from /home/airflow/.local/lib/python3.12/site-packages/airflow/example_dags/example_inlet_event_extra.py
[2025-10-10T09:05:30.162+0000] {logging_mixin.py:190} INFO - [2025-10-10T09:05:30.162+0000] {dag.py:3211} INFO - Sync 2 DAGs
[2025-10-10T09:05:30.222+0000] {logging_mixin.py:190} INFO - [2025-10-10T09:05:30.221+0000] {dag.py:4138} INFO - Setting next_dagrun for read_dataset_event to 2025-10-09 00:00:00+00:00, run_after=2025-10-10 00:00:00+00:00
[2025-10-10T09:05:30.233+0000] {logging_mixin.py:190} INFO - [2025-10-10T09:05:30.233+0000] {dag.py:4138} INFO - Setting next_dagrun for read_dataset_event_from_classic to 2025-10-09 00:00:00+00:00, run_after=2025-10-10 00:00:00+00:00
[2025-10-10T09:05:30.274+0000] {processor.py:208} INFO - Processing /home/airflow/.local/lib/python3.12/site-packages/airflow/example_dags/example_inlet_event_extra.py took 0.892 seconds
