[2025-10-10T08:37:59.525+0000] {processor.py:186} INFO - Started process (PID=111) to work on /home/airflow/.local/lib/python3.12/site-packages/airflow/example_dags/example_setup_teardown_taskflow.py
[2025-10-10T08:37:59.527+0000] {processor.py:914} INFO - Processing file /home/airflow/.local/lib/python3.12/site-packages/airflow/example_dags/example_setup_teardown_taskflow.py for tasks to queue
[2025-10-10T08:37:59.534+0000] {logging_mixin.py:190} INFO - [2025-10-10T08:37:59.533+0000] {dagbag.py:587} INFO - Filling up the DagBag from /home/airflow/.local/lib/python3.12/site-packages/airflow/example_dags/example_setup_teardown_taskflow.py
[2025-10-10T08:37:59.567+0000] {processor.py:925} INFO - DAG(s) 'example_setup_teardown_taskflow' retrieved from /home/airflow/.local/lib/python3.12/site-packages/airflow/example_dags/example_setup_teardown_taskflow.py
[2025-10-10T08:37:59.622+0000] {logging_mixin.py:190} INFO - [2025-10-10T08:37:59.622+0000] {dag.py:3211} INFO - Sync 1 DAGs
[2025-10-10T08:37:59.672+0000] {logging_mixin.py:190} INFO - [2025-10-10T08:37:59.672+0000] {dag.py:4138} INFO - Setting next_dagrun for example_setup_teardown_taskflow to 2025-10-09 00:00:00+00:00, run_after=2025-10-10 00:00:00+00:00
[2025-10-10T08:37:59.712+0000] {processor.py:208} INFO - Processing /home/airflow/.local/lib/python3.12/site-packages/airflow/example_dags/example_setup_teardown_taskflow.py took 0.200 seconds
[2025-10-10T08:38:30.415+0000] {processor.py:186} INFO - Started process (PID=174) to work on /home/airflow/.local/lib/python3.12/site-packages/airflow/example_dags/example_setup_teardown_taskflow.py
[2025-10-10T08:38:30.428+0000] {processor.py:914} INFO - Processing file /home/airflow/.local/lib/python3.12/site-packages/airflow/example_dags/example_setup_teardown_taskflow.py for tasks to queue
[2025-10-10T08:38:30.441+0000] {logging_mixin.py:190} INFO - [2025-10-10T08:38:30.440+0000] {dagbag.py:587} INFO - Filling up the DagBag from /home/airflow/.local/lib/python3.12/site-packages/airflow/example_dags/example_setup_teardown_taskflow.py
[2025-10-10T08:38:30.515+0000] {processor.py:925} INFO - DAG(s) 'example_setup_teardown_taskflow' retrieved from /home/airflow/.local/lib/python3.12/site-packages/airflow/example_dags/example_setup_teardown_taskflow.py
[2025-10-10T08:38:30.628+0000] {logging_mixin.py:190} INFO - [2025-10-10T08:38:30.627+0000] {dag.py:3211} INFO - Sync 1 DAGs
[2025-10-10T08:38:30.709+0000] {logging_mixin.py:190} INFO - [2025-10-10T08:38:30.708+0000] {dag.py:4138} INFO - Setting next_dagrun for example_setup_teardown_taskflow to 2025-10-09 00:00:00+00:00, run_after=2025-10-10 00:00:00+00:00
[2025-10-10T08:38:30.761+0000] {processor.py:208} INFO - Processing /home/airflow/.local/lib/python3.12/site-packages/airflow/example_dags/example_setup_teardown_taskflow.py took 0.371 seconds
[2025-10-10T08:39:02.322+0000] {processor.py:186} INFO - Started process (PID=237) to work on /home/airflow/.local/lib/python3.12/site-packages/airflow/example_dags/example_setup_teardown_taskflow.py
[2025-10-10T08:39:02.324+0000] {processor.py:914} INFO - Processing file /home/airflow/.local/lib/python3.12/site-packages/airflow/example_dags/example_setup_teardown_taskflow.py for tasks to queue
[2025-10-10T08:39:02.331+0000] {logging_mixin.py:190} INFO - [2025-10-10T08:39:02.330+0000] {dagbag.py:587} INFO - Filling up the DagBag from /home/airflow/.local/lib/python3.12/site-packages/airflow/example_dags/example_setup_teardown_taskflow.py
[2025-10-10T08:39:02.363+0000] {processor.py:925} INFO - DAG(s) 'example_setup_teardown_taskflow' retrieved from /home/airflow/.local/lib/python3.12/site-packages/airflow/example_dags/example_setup_teardown_taskflow.py
[2025-10-10T08:39:02.421+0000] {logging_mixin.py:190} INFO - [2025-10-10T08:39:02.421+0000] {dag.py:3211} INFO - Sync 1 DAGs
[2025-10-10T08:39:02.487+0000] {logging_mixin.py:190} INFO - [2025-10-10T08:39:02.487+0000] {dag.py:4138} INFO - Setting next_dagrun for example_setup_teardown_taskflow to 2025-10-09 00:00:00+00:00, run_after=2025-10-10 00:00:00+00:00
[2025-10-10T08:39:02.536+0000] {processor.py:208} INFO - Processing /home/airflow/.local/lib/python3.12/site-packages/airflow/example_dags/example_setup_teardown_taskflow.py took 0.227 seconds
[2025-10-10T08:39:32.754+0000] {processor.py:186} INFO - Started process (PID=300) to work on /home/airflow/.local/lib/python3.12/site-packages/airflow/example_dags/example_setup_teardown_taskflow.py
[2025-10-10T08:39:32.757+0000] {processor.py:914} INFO - Processing file /home/airflow/.local/lib/python3.12/site-packages/airflow/example_dags/example_setup_teardown_taskflow.py for tasks to queue
[2025-10-10T08:39:32.763+0000] {logging_mixin.py:190} INFO - [2025-10-10T08:39:32.763+0000] {dagbag.py:587} INFO - Filling up the DagBag from /home/airflow/.local/lib/python3.12/site-packages/airflow/example_dags/example_setup_teardown_taskflow.py
[2025-10-10T08:39:32.791+0000] {processor.py:925} INFO - DAG(s) 'example_setup_teardown_taskflow' retrieved from /home/airflow/.local/lib/python3.12/site-packages/airflow/example_dags/example_setup_teardown_taskflow.py
[2025-10-10T08:39:32.858+0000] {logging_mixin.py:190} INFO - [2025-10-10T08:39:32.858+0000] {dag.py:3211} INFO - Sync 1 DAGs
[2025-10-10T08:39:32.935+0000] {logging_mixin.py:190} INFO - [2025-10-10T08:39:32.934+0000] {dag.py:4138} INFO - Setting next_dagrun for example_setup_teardown_taskflow to 2025-10-09 00:00:00+00:00, run_after=2025-10-10 00:00:00+00:00
[2025-10-10T08:39:32.983+0000] {processor.py:208} INFO - Processing /home/airflow/.local/lib/python3.12/site-packages/airflow/example_dags/example_setup_teardown_taskflow.py took 0.245 seconds
[2025-10-10T08:40:05.722+0000] {processor.py:186} INFO - Started process (PID=363) to work on /home/airflow/.local/lib/python3.12/site-packages/airflow/example_dags/example_setup_teardown_taskflow.py
[2025-10-10T08:40:05.724+0000] {processor.py:914} INFO - Processing file /home/airflow/.local/lib/python3.12/site-packages/airflow/example_dags/example_setup_teardown_taskflow.py for tasks to queue
[2025-10-10T08:40:05.741+0000] {logging_mixin.py:190} INFO - [2025-10-10T08:40:05.730+0000] {dagbag.py:587} INFO - Filling up the DagBag from /home/airflow/.local/lib/python3.12/site-packages/airflow/example_dags/example_setup_teardown_taskflow.py
[2025-10-10T08:40:05.768+0000] {processor.py:925} INFO - DAG(s) 'example_setup_teardown_taskflow' retrieved from /home/airflow/.local/lib/python3.12/site-packages/airflow/example_dags/example_setup_teardown_taskflow.py
[2025-10-10T08:40:05.827+0000] {logging_mixin.py:190} INFO - [2025-10-10T08:40:05.827+0000] {dag.py:3211} INFO - Sync 1 DAGs
[2025-10-10T08:40:05.882+0000] {logging_mixin.py:190} INFO - [2025-10-10T08:40:05.882+0000] {dag.py:4138} INFO - Setting next_dagrun for example_setup_teardown_taskflow to 2025-10-09 00:00:00+00:00, run_after=2025-10-10 00:00:00+00:00
[2025-10-10T08:40:05.930+0000] {processor.py:208} INFO - Processing /home/airflow/.local/lib/python3.12/site-packages/airflow/example_dags/example_setup_teardown_taskflow.py took 0.242 seconds
[2025-10-10T08:40:36.652+0000] {processor.py:186} INFO - Started process (PID=426) to work on /home/airflow/.local/lib/python3.12/site-packages/airflow/example_dags/example_setup_teardown_taskflow.py
[2025-10-10T08:40:36.658+0000] {processor.py:914} INFO - Processing file /home/airflow/.local/lib/python3.12/site-packages/airflow/example_dags/example_setup_teardown_taskflow.py for tasks to queue
[2025-10-10T08:40:36.672+0000] {logging_mixin.py:190} INFO - [2025-10-10T08:40:36.670+0000] {dagbag.py:587} INFO - Filling up the DagBag from /home/airflow/.local/lib/python3.12/site-packages/airflow/example_dags/example_setup_teardown_taskflow.py
[2025-10-10T08:40:36.754+0000] {processor.py:925} INFO - DAG(s) 'example_setup_teardown_taskflow' retrieved from /home/airflow/.local/lib/python3.12/site-packages/airflow/example_dags/example_setup_teardown_taskflow.py
[2025-10-10T08:40:36.909+0000] {logging_mixin.py:190} INFO - [2025-10-10T08:40:36.908+0000] {dag.py:3211} INFO - Sync 1 DAGs
[2025-10-10T08:40:36.976+0000] {logging_mixin.py:190} INFO - [2025-10-10T08:40:36.975+0000] {dag.py:4138} INFO - Setting next_dagrun for example_setup_teardown_taskflow to 2025-10-09 00:00:00+00:00, run_after=2025-10-10 00:00:00+00:00
[2025-10-10T08:40:37.025+0000] {processor.py:208} INFO - Processing /home/airflow/.local/lib/python3.12/site-packages/airflow/example_dags/example_setup_teardown_taskflow.py took 0.410 seconds
[2025-10-10T08:41:08.646+0000] {processor.py:186} INFO - Started process (PID=489) to work on /home/airflow/.local/lib/python3.12/site-packages/airflow/example_dags/example_setup_teardown_taskflow.py
[2025-10-10T08:41:08.648+0000] {processor.py:914} INFO - Processing file /home/airflow/.local/lib/python3.12/site-packages/airflow/example_dags/example_setup_teardown_taskflow.py for tasks to queue
[2025-10-10T08:41:08.653+0000] {logging_mixin.py:190} INFO - [2025-10-10T08:41:08.652+0000] {dagbag.py:587} INFO - Filling up the DagBag from /home/airflow/.local/lib/python3.12/site-packages/airflow/example_dags/example_setup_teardown_taskflow.py
[2025-10-10T08:41:08.677+0000] {processor.py:925} INFO - DAG(s) 'example_setup_teardown_taskflow' retrieved from /home/airflow/.local/lib/python3.12/site-packages/airflow/example_dags/example_setup_teardown_taskflow.py
[2025-10-10T08:41:08.741+0000] {logging_mixin.py:190} INFO - [2025-10-10T08:41:08.740+0000] {dag.py:3211} INFO - Sync 1 DAGs
[2025-10-10T08:41:08.812+0000] {logging_mixin.py:190} INFO - [2025-10-10T08:41:08.811+0000] {dag.py:4138} INFO - Setting next_dagrun for example_setup_teardown_taskflow to 2025-10-09 00:00:00+00:00, run_after=2025-10-10 00:00:00+00:00
[2025-10-10T08:41:08.865+0000] {processor.py:208} INFO - Processing /home/airflow/.local/lib/python3.12/site-packages/airflow/example_dags/example_setup_teardown_taskflow.py took 0.233 seconds
[2025-10-10T08:41:39.682+0000] {processor.py:186} INFO - Started process (PID=558) to work on /home/airflow/.local/lib/python3.12/site-packages/airflow/example_dags/example_setup_teardown_taskflow.py
[2025-10-10T08:41:39.686+0000] {processor.py:914} INFO - Processing file /home/airflow/.local/lib/python3.12/site-packages/airflow/example_dags/example_setup_teardown_taskflow.py for tasks to queue
[2025-10-10T08:41:39.694+0000] {logging_mixin.py:190} INFO - [2025-10-10T08:41:39.693+0000] {dagbag.py:587} INFO - Filling up the DagBag from /home/airflow/.local/lib/python3.12/site-packages/airflow/example_dags/example_setup_teardown_taskflow.py
[2025-10-10T08:41:39.727+0000] {processor.py:925} INFO - DAG(s) 'example_setup_teardown_taskflow' retrieved from /home/airflow/.local/lib/python3.12/site-packages/airflow/example_dags/example_setup_teardown_taskflow.py
[2025-10-10T08:41:39.792+0000] {logging_mixin.py:190} INFO - [2025-10-10T08:41:39.791+0000] {dag.py:3211} INFO - Sync 1 DAGs
[2025-10-10T08:41:39.869+0000] {logging_mixin.py:190} INFO - [2025-10-10T08:41:39.868+0000] {dag.py:4138} INFO - Setting next_dagrun for example_setup_teardown_taskflow to 2025-10-09 00:00:00+00:00, run_after=2025-10-10 00:00:00+00:00
[2025-10-10T08:41:39.924+0000] {processor.py:208} INFO - Processing /home/airflow/.local/lib/python3.12/site-packages/airflow/example_dags/example_setup_teardown_taskflow.py took 0.265 seconds
[2025-10-10T08:42:11.649+0000] {processor.py:186} INFO - Started process (PID=621) to work on /home/airflow/.local/lib/python3.12/site-packages/airflow/example_dags/example_setup_teardown_taskflow.py
[2025-10-10T08:42:11.656+0000] {processor.py:914} INFO - Processing file /home/airflow/.local/lib/python3.12/site-packages/airflow/example_dags/example_setup_teardown_taskflow.py for tasks to queue
[2025-10-10T08:42:11.664+0000] {logging_mixin.py:190} INFO - [2025-10-10T08:42:11.662+0000] {dagbag.py:587} INFO - Filling up the DagBag from /home/airflow/.local/lib/python3.12/site-packages/airflow/example_dags/example_setup_teardown_taskflow.py
[2025-10-10T08:42:11.693+0000] {processor.py:925} INFO - DAG(s) 'example_setup_teardown_taskflow' retrieved from /home/airflow/.local/lib/python3.12/site-packages/airflow/example_dags/example_setup_teardown_taskflow.py
[2025-10-10T08:42:11.753+0000] {logging_mixin.py:190} INFO - [2025-10-10T08:42:11.752+0000] {dag.py:3211} INFO - Sync 1 DAGs
[2025-10-10T08:42:11.802+0000] {logging_mixin.py:190} INFO - [2025-10-10T08:42:11.802+0000] {dag.py:4138} INFO - Setting next_dagrun for example_setup_teardown_taskflow to 2025-10-09 00:00:00+00:00, run_after=2025-10-10 00:00:00+00:00
[2025-10-10T08:42:11.841+0000] {processor.py:208} INFO - Processing /home/airflow/.local/lib/python3.12/site-packages/airflow/example_dags/example_setup_teardown_taskflow.py took 0.210 seconds
[2025-10-10T08:42:42.303+0000] {processor.py:186} INFO - Started process (PID=684) to work on /home/airflow/.local/lib/python3.12/site-packages/airflow/example_dags/example_setup_teardown_taskflow.py
[2025-10-10T08:42:42.306+0000] {processor.py:914} INFO - Processing file /home/airflow/.local/lib/python3.12/site-packages/airflow/example_dags/example_setup_teardown_taskflow.py for tasks to queue
[2025-10-10T08:42:42.313+0000] {logging_mixin.py:190} INFO - [2025-10-10T08:42:42.312+0000] {dagbag.py:587} INFO - Filling up the DagBag from /home/airflow/.local/lib/python3.12/site-packages/airflow/example_dags/example_setup_teardown_taskflow.py
[2025-10-10T08:42:42.365+0000] {processor.py:925} INFO - DAG(s) 'example_setup_teardown_taskflow' retrieved from /home/airflow/.local/lib/python3.12/site-packages/airflow/example_dags/example_setup_teardown_taskflow.py
[2025-10-10T08:42:42.431+0000] {logging_mixin.py:190} INFO - [2025-10-10T08:42:42.431+0000] {dag.py:3211} INFO - Sync 1 DAGs
[2025-10-10T08:42:42.484+0000] {logging_mixin.py:190} INFO - [2025-10-10T08:42:42.484+0000] {dag.py:4138} INFO - Setting next_dagrun for example_setup_teardown_taskflow to 2025-10-09 00:00:00+00:00, run_after=2025-10-10 00:00:00+00:00
[2025-10-10T08:42:42.526+0000] {processor.py:208} INFO - Processing /home/airflow/.local/lib/python3.12/site-packages/airflow/example_dags/example_setup_teardown_taskflow.py took 0.243 seconds
[2025-10-10T08:43:12.636+0000] {processor.py:186} INFO - Started process (PID=747) to work on /home/airflow/.local/lib/python3.12/site-packages/airflow/example_dags/example_setup_teardown_taskflow.py
[2025-10-10T08:43:12.638+0000] {processor.py:914} INFO - Processing file /home/airflow/.local/lib/python3.12/site-packages/airflow/example_dags/example_setup_teardown_taskflow.py for tasks to queue
[2025-10-10T08:43:12.643+0000] {logging_mixin.py:190} INFO - [2025-10-10T08:43:12.642+0000] {dagbag.py:587} INFO - Filling up the DagBag from /home/airflow/.local/lib/python3.12/site-packages/airflow/example_dags/example_setup_teardown_taskflow.py
[2025-10-10T08:43:12.664+0000] {processor.py:925} INFO - DAG(s) 'example_setup_teardown_taskflow' retrieved from /home/airflow/.local/lib/python3.12/site-packages/airflow/example_dags/example_setup_teardown_taskflow.py
[2025-10-10T08:43:12.713+0000] {logging_mixin.py:190} INFO - [2025-10-10T08:43:12.712+0000] {dag.py:3211} INFO - Sync 1 DAGs
[2025-10-10T08:43:12.759+0000] {logging_mixin.py:190} INFO - [2025-10-10T08:43:12.758+0000] {dag.py:4138} INFO - Setting next_dagrun for example_setup_teardown_taskflow to 2025-10-09 00:00:00+00:00, run_after=2025-10-10 00:00:00+00:00
[2025-10-10T08:43:12.795+0000] {processor.py:208} INFO - Processing /home/airflow/.local/lib/python3.12/site-packages/airflow/example_dags/example_setup_teardown_taskflow.py took 0.171 seconds
[2025-10-10T08:43:44.013+0000] {processor.py:186} INFO - Started process (PID=810) to work on /home/airflow/.local/lib/python3.12/site-packages/airflow/example_dags/example_setup_teardown_taskflow.py
[2025-10-10T08:43:44.017+0000] {processor.py:914} INFO - Processing file /home/airflow/.local/lib/python3.12/site-packages/airflow/example_dags/example_setup_teardown_taskflow.py for tasks to queue
[2025-10-10T08:43:44.025+0000] {logging_mixin.py:190} INFO - [2025-10-10T08:43:44.024+0000] {dagbag.py:587} INFO - Filling up the DagBag from /home/airflow/.local/lib/python3.12/site-packages/airflow/example_dags/example_setup_teardown_taskflow.py
[2025-10-10T08:43:44.068+0000] {processor.py:925} INFO - DAG(s) 'example_setup_teardown_taskflow' retrieved from /home/airflow/.local/lib/python3.12/site-packages/airflow/example_dags/example_setup_teardown_taskflow.py
[2025-10-10T08:43:44.152+0000] {logging_mixin.py:190} INFO - [2025-10-10T08:43:44.151+0000] {dag.py:3211} INFO - Sync 1 DAGs
[2025-10-10T08:43:44.235+0000] {logging_mixin.py:190} INFO - [2025-10-10T08:43:44.234+0000] {dag.py:4138} INFO - Setting next_dagrun for example_setup_teardown_taskflow to 2025-10-09 00:00:00+00:00, run_after=2025-10-10 00:00:00+00:00
[2025-10-10T08:43:44.295+0000] {processor.py:208} INFO - Processing /home/airflow/.local/lib/python3.12/site-packages/airflow/example_dags/example_setup_teardown_taskflow.py took 0.302 seconds
[2025-10-10T08:44:15.030+0000] {processor.py:186} INFO - Started process (PID=872) to work on /home/airflow/.local/lib/python3.12/site-packages/airflow/example_dags/example_setup_teardown_taskflow.py
[2025-10-10T08:44:15.033+0000] {processor.py:914} INFO - Processing file /home/airflow/.local/lib/python3.12/site-packages/airflow/example_dags/example_setup_teardown_taskflow.py for tasks to queue
[2025-10-10T08:44:15.041+0000] {logging_mixin.py:190} INFO - [2025-10-10T08:44:15.040+0000] {dagbag.py:587} INFO - Filling up the DagBag from /home/airflow/.local/lib/python3.12/site-packages/airflow/example_dags/example_setup_teardown_taskflow.py
[2025-10-10T08:44:15.076+0000] {processor.py:925} INFO - DAG(s) 'example_setup_teardown_taskflow' retrieved from /home/airflow/.local/lib/python3.12/site-packages/airflow/example_dags/example_setup_teardown_taskflow.py
[2025-10-10T08:44:15.129+0000] {logging_mixin.py:190} INFO - [2025-10-10T08:44:15.128+0000] {dag.py:3211} INFO - Sync 1 DAGs
[2025-10-10T08:44:15.183+0000] {logging_mixin.py:190} INFO - [2025-10-10T08:44:15.183+0000] {dag.py:4138} INFO - Setting next_dagrun for example_setup_teardown_taskflow to 2025-10-09 00:00:00+00:00, run_after=2025-10-10 00:00:00+00:00
[2025-10-10T08:44:15.230+0000] {processor.py:208} INFO - Processing /home/airflow/.local/lib/python3.12/site-packages/airflow/example_dags/example_setup_teardown_taskflow.py took 0.216 seconds
[2025-10-10T08:44:47.222+0000] {processor.py:186} INFO - Started process (PID=935) to work on /home/airflow/.local/lib/python3.12/site-packages/airflow/example_dags/example_setup_teardown_taskflow.py
[2025-10-10T08:44:47.225+0000] {processor.py:914} INFO - Processing file /home/airflow/.local/lib/python3.12/site-packages/airflow/example_dags/example_setup_teardown_taskflow.py for tasks to queue
[2025-10-10T08:44:47.233+0000] {logging_mixin.py:190} INFO - [2025-10-10T08:44:47.232+0000] {dagbag.py:587} INFO - Filling up the DagBag from /home/airflow/.local/lib/python3.12/site-packages/airflow/example_dags/example_setup_teardown_taskflow.py
[2025-10-10T08:44:47.265+0000] {processor.py:925} INFO - DAG(s) 'example_setup_teardown_taskflow' retrieved from /home/airflow/.local/lib/python3.12/site-packages/airflow/example_dags/example_setup_teardown_taskflow.py
[2025-10-10T08:44:47.340+0000] {logging_mixin.py:190} INFO - [2025-10-10T08:44:47.339+0000] {dag.py:3211} INFO - Sync 1 DAGs
[2025-10-10T08:44:47.409+0000] {logging_mixin.py:190} INFO - [2025-10-10T08:44:47.408+0000] {dag.py:4138} INFO - Setting next_dagrun for example_setup_teardown_taskflow to 2025-10-09 00:00:00+00:00, run_after=2025-10-10 00:00:00+00:00
[2025-10-10T08:44:47.490+0000] {processor.py:208} INFO - Processing /home/airflow/.local/lib/python3.12/site-packages/airflow/example_dags/example_setup_teardown_taskflow.py took 0.288 seconds
[2025-10-10T08:45:18.065+0000] {processor.py:186} INFO - Started process (PID=998) to work on /home/airflow/.local/lib/python3.12/site-packages/airflow/example_dags/example_setup_teardown_taskflow.py
[2025-10-10T08:45:18.068+0000] {processor.py:914} INFO - Processing file /home/airflow/.local/lib/python3.12/site-packages/airflow/example_dags/example_setup_teardown_taskflow.py for tasks to queue
[2025-10-10T08:45:18.076+0000] {logging_mixin.py:190} INFO - [2025-10-10T08:45:18.074+0000] {dagbag.py:587} INFO - Filling up the DagBag from /home/airflow/.local/lib/python3.12/site-packages/airflow/example_dags/example_setup_teardown_taskflow.py
[2025-10-10T08:45:18.108+0000] {processor.py:925} INFO - DAG(s) 'example_setup_teardown_taskflow' retrieved from /home/airflow/.local/lib/python3.12/site-packages/airflow/example_dags/example_setup_teardown_taskflow.py
[2025-10-10T08:45:18.157+0000] {logging_mixin.py:190} INFO - [2025-10-10T08:45:18.157+0000] {dag.py:3211} INFO - Sync 1 DAGs
[2025-10-10T08:45:18.217+0000] {logging_mixin.py:190} INFO - [2025-10-10T08:45:18.216+0000] {dag.py:4138} INFO - Setting next_dagrun for example_setup_teardown_taskflow to 2025-10-09 00:00:00+00:00, run_after=2025-10-10 00:00:00+00:00
[2025-10-10T08:45:18.268+0000] {processor.py:208} INFO - Processing /home/airflow/.local/lib/python3.12/site-packages/airflow/example_dags/example_setup_teardown_taskflow.py took 0.222 seconds
[2025-10-10T08:45:49.208+0000] {processor.py:186} INFO - Started process (PID=1061) to work on /home/airflow/.local/lib/python3.12/site-packages/airflow/example_dags/example_setup_teardown_taskflow.py
[2025-10-10T08:45:49.211+0000] {processor.py:914} INFO - Processing file /home/airflow/.local/lib/python3.12/site-packages/airflow/example_dags/example_setup_teardown_taskflow.py for tasks to queue
[2025-10-10T08:45:49.218+0000] {logging_mixin.py:190} INFO - [2025-10-10T08:45:49.217+0000] {dagbag.py:587} INFO - Filling up the DagBag from /home/airflow/.local/lib/python3.12/site-packages/airflow/example_dags/example_setup_teardown_taskflow.py
[2025-10-10T08:45:49.267+0000] {processor.py:925} INFO - DAG(s) 'example_setup_teardown_taskflow' retrieved from /home/airflow/.local/lib/python3.12/site-packages/airflow/example_dags/example_setup_teardown_taskflow.py
[2025-10-10T08:45:49.330+0000] {logging_mixin.py:190} INFO - [2025-10-10T08:45:49.330+0000] {dag.py:3211} INFO - Sync 1 DAGs
[2025-10-10T08:45:49.399+0000] {logging_mixin.py:190} INFO - [2025-10-10T08:45:49.399+0000] {dag.py:4138} INFO - Setting next_dagrun for example_setup_teardown_taskflow to 2025-10-09 00:00:00+00:00, run_after=2025-10-10 00:00:00+00:00
[2025-10-10T08:45:49.458+0000] {processor.py:208} INFO - Processing /home/airflow/.local/lib/python3.12/site-packages/airflow/example_dags/example_setup_teardown_taskflow.py took 0.269 seconds
[2025-10-10T08:46:21.108+0000] {processor.py:186} INFO - Started process (PID=1124) to work on /home/airflow/.local/lib/python3.12/site-packages/airflow/example_dags/example_setup_teardown_taskflow.py
[2025-10-10T08:46:21.116+0000] {processor.py:914} INFO - Processing file /home/airflow/.local/lib/python3.12/site-packages/airflow/example_dags/example_setup_teardown_taskflow.py for tasks to queue
[2025-10-10T08:46:21.126+0000] {logging_mixin.py:190} INFO - [2025-10-10T08:46:21.125+0000] {dagbag.py:587} INFO - Filling up the DagBag from /home/airflow/.local/lib/python3.12/site-packages/airflow/example_dags/example_setup_teardown_taskflow.py
[2025-10-10T08:46:21.177+0000] {processor.py:925} INFO - DAG(s) 'example_setup_teardown_taskflow' retrieved from /home/airflow/.local/lib/python3.12/site-packages/airflow/example_dags/example_setup_teardown_taskflow.py
[2025-10-10T08:46:21.255+0000] {logging_mixin.py:190} INFO - [2025-10-10T08:46:21.254+0000] {dag.py:3211} INFO - Sync 1 DAGs
[2025-10-10T08:46:21.327+0000] {logging_mixin.py:190} INFO - [2025-10-10T08:46:21.327+0000] {dag.py:4138} INFO - Setting next_dagrun for example_setup_teardown_taskflow to 2025-10-09 00:00:00+00:00, run_after=2025-10-10 00:00:00+00:00
[2025-10-10T08:46:21.580+0000] {processor.py:208} INFO - Processing /home/airflow/.local/lib/python3.12/site-packages/airflow/example_dags/example_setup_teardown_taskflow.py took 0.503 seconds
[2025-10-10T08:46:52.200+0000] {processor.py:186} INFO - Started process (PID=1187) to work on /home/airflow/.local/lib/python3.12/site-packages/airflow/example_dags/example_setup_teardown_taskflow.py
[2025-10-10T08:46:52.203+0000] {processor.py:914} INFO - Processing file /home/airflow/.local/lib/python3.12/site-packages/airflow/example_dags/example_setup_teardown_taskflow.py for tasks to queue
[2025-10-10T08:46:52.214+0000] {logging_mixin.py:190} INFO - [2025-10-10T08:46:52.213+0000] {dagbag.py:587} INFO - Filling up the DagBag from /home/airflow/.local/lib/python3.12/site-packages/airflow/example_dags/example_setup_teardown_taskflow.py
[2025-10-10T08:46:52.255+0000] {processor.py:925} INFO - DAG(s) 'example_setup_teardown_taskflow' retrieved from /home/airflow/.local/lib/python3.12/site-packages/airflow/example_dags/example_setup_teardown_taskflow.py
[2025-10-10T08:46:52.348+0000] {logging_mixin.py:190} INFO - [2025-10-10T08:46:52.347+0000] {dag.py:3211} INFO - Sync 1 DAGs
[2025-10-10T08:46:52.441+0000] {logging_mixin.py:190} INFO - [2025-10-10T08:46:52.440+0000] {dag.py:4138} INFO - Setting next_dagrun for example_setup_teardown_taskflow to 2025-10-09 00:00:00+00:00, run_after=2025-10-10 00:00:00+00:00
[2025-10-10T08:46:52.497+0000] {processor.py:208} INFO - Processing /home/airflow/.local/lib/python3.12/site-packages/airflow/example_dags/example_setup_teardown_taskflow.py took 0.322 seconds
[2025-10-10T08:47:24.032+0000] {processor.py:186} INFO - Started process (PID=1250) to work on /home/airflow/.local/lib/python3.12/site-packages/airflow/example_dags/example_setup_teardown_taskflow.py
[2025-10-10T08:47:24.034+0000] {processor.py:914} INFO - Processing file /home/airflow/.local/lib/python3.12/site-packages/airflow/example_dags/example_setup_teardown_taskflow.py for tasks to queue
[2025-10-10T08:47:24.041+0000] {logging_mixin.py:190} INFO - [2025-10-10T08:47:24.040+0000] {dagbag.py:587} INFO - Filling up the DagBag from /home/airflow/.local/lib/python3.12/site-packages/airflow/example_dags/example_setup_teardown_taskflow.py
[2025-10-10T08:47:24.066+0000] {processor.py:925} INFO - DAG(s) 'example_setup_teardown_taskflow' retrieved from /home/airflow/.local/lib/python3.12/site-packages/airflow/example_dags/example_setup_teardown_taskflow.py
[2025-10-10T08:47:24.146+0000] {logging_mixin.py:190} INFO - [2025-10-10T08:47:24.145+0000] {dag.py:3211} INFO - Sync 1 DAGs
[2025-10-10T08:47:24.222+0000] {logging_mixin.py:190} INFO - [2025-10-10T08:47:24.222+0000] {dag.py:4138} INFO - Setting next_dagrun for example_setup_teardown_taskflow to 2025-10-09 00:00:00+00:00, run_after=2025-10-10 00:00:00+00:00
[2025-10-10T08:47:24.266+0000] {processor.py:208} INFO - Processing /home/airflow/.local/lib/python3.12/site-packages/airflow/example_dags/example_setup_teardown_taskflow.py took 0.248 seconds
[2025-10-10T08:47:54.600+0000] {processor.py:186} INFO - Started process (PID=1313) to work on /home/airflow/.local/lib/python3.12/site-packages/airflow/example_dags/example_setup_teardown_taskflow.py
[2025-10-10T08:47:54.602+0000] {processor.py:914} INFO - Processing file /home/airflow/.local/lib/python3.12/site-packages/airflow/example_dags/example_setup_teardown_taskflow.py for tasks to queue
[2025-10-10T08:47:54.609+0000] {logging_mixin.py:190} INFO - [2025-10-10T08:47:54.608+0000] {dagbag.py:587} INFO - Filling up the DagBag from /home/airflow/.local/lib/python3.12/site-packages/airflow/example_dags/example_setup_teardown_taskflow.py
[2025-10-10T08:47:54.638+0000] {processor.py:925} INFO - DAG(s) 'example_setup_teardown_taskflow' retrieved from /home/airflow/.local/lib/python3.12/site-packages/airflow/example_dags/example_setup_teardown_taskflow.py
[2025-10-10T08:47:54.688+0000] {logging_mixin.py:190} INFO - [2025-10-10T08:47:54.688+0000] {dag.py:3211} INFO - Sync 1 DAGs
[2025-10-10T08:47:54.753+0000] {logging_mixin.py:190} INFO - [2025-10-10T08:47:54.753+0000] {dag.py:4138} INFO - Setting next_dagrun for example_setup_teardown_taskflow to 2025-10-09 00:00:00+00:00, run_after=2025-10-10 00:00:00+00:00
[2025-10-10T08:47:54.798+0000] {processor.py:208} INFO - Processing /home/airflow/.local/lib/python3.12/site-packages/airflow/example_dags/example_setup_teardown_taskflow.py took 0.212 seconds
[2025-10-10T08:48:25.374+0000] {processor.py:186} INFO - Started process (PID=1376) to work on /home/airflow/.local/lib/python3.12/site-packages/airflow/example_dags/example_setup_teardown_taskflow.py
[2025-10-10T08:48:25.377+0000] {processor.py:914} INFO - Processing file /home/airflow/.local/lib/python3.12/site-packages/airflow/example_dags/example_setup_teardown_taskflow.py for tasks to queue
[2025-10-10T08:48:25.385+0000] {logging_mixin.py:190} INFO - [2025-10-10T08:48:25.384+0000] {dagbag.py:587} INFO - Filling up the DagBag from /home/airflow/.local/lib/python3.12/site-packages/airflow/example_dags/example_setup_teardown_taskflow.py
[2025-10-10T08:48:25.415+0000] {processor.py:925} INFO - DAG(s) 'example_setup_teardown_taskflow' retrieved from /home/airflow/.local/lib/python3.12/site-packages/airflow/example_dags/example_setup_teardown_taskflow.py
[2025-10-10T08:48:25.474+0000] {logging_mixin.py:190} INFO - [2025-10-10T08:48:25.474+0000] {dag.py:3211} INFO - Sync 1 DAGs
[2025-10-10T08:48:25.538+0000] {logging_mixin.py:190} INFO - [2025-10-10T08:48:25.537+0000] {dag.py:4138} INFO - Setting next_dagrun for example_setup_teardown_taskflow to 2025-10-09 00:00:00+00:00, run_after=2025-10-10 00:00:00+00:00
[2025-10-10T08:48:25.584+0000] {processor.py:208} INFO - Processing /home/airflow/.local/lib/python3.12/site-packages/airflow/example_dags/example_setup_teardown_taskflow.py took 0.225 seconds
[2025-10-10T08:48:56.090+0000] {processor.py:186} INFO - Started process (PID=1439) to work on /home/airflow/.local/lib/python3.12/site-packages/airflow/example_dags/example_setup_teardown_taskflow.py
[2025-10-10T08:48:56.093+0000] {processor.py:914} INFO - Processing file /home/airflow/.local/lib/python3.12/site-packages/airflow/example_dags/example_setup_teardown_taskflow.py for tasks to queue
[2025-10-10T08:48:56.099+0000] {logging_mixin.py:190} INFO - [2025-10-10T08:48:56.098+0000] {dagbag.py:587} INFO - Filling up the DagBag from /home/airflow/.local/lib/python3.12/site-packages/airflow/example_dags/example_setup_teardown_taskflow.py
[2025-10-10T08:48:56.129+0000] {processor.py:925} INFO - DAG(s) 'example_setup_teardown_taskflow' retrieved from /home/airflow/.local/lib/python3.12/site-packages/airflow/example_dags/example_setup_teardown_taskflow.py
[2025-10-10T08:48:56.529+0000] {logging_mixin.py:190} INFO - [2025-10-10T08:48:56.529+0000] {dag.py:3211} INFO - Sync 1 DAGs
[2025-10-10T08:48:56.590+0000] {logging_mixin.py:190} INFO - [2025-10-10T08:48:56.589+0000] {dag.py:4138} INFO - Setting next_dagrun for example_setup_teardown_taskflow to 2025-10-09 00:00:00+00:00, run_after=2025-10-10 00:00:00+00:00
[2025-10-10T08:48:56.638+0000] {processor.py:208} INFO - Processing /home/airflow/.local/lib/python3.12/site-packages/airflow/example_dags/example_setup_teardown_taskflow.py took 0.234 seconds
[2025-10-10T08:54:02.551+0000] {processor.py:186} INFO - Started process (PID=120) to work on /home/airflow/.local/lib/python3.12/site-packages/airflow/example_dags/example_setup_teardown_taskflow.py
[2025-10-10T08:54:02.555+0000] {processor.py:914} INFO - Processing file /home/airflow/.local/lib/python3.12/site-packages/airflow/example_dags/example_setup_teardown_taskflow.py for tasks to queue
[2025-10-10T08:54:02.568+0000] {logging_mixin.py:190} INFO - [2025-10-10T08:54:02.566+0000] {dagbag.py:587} INFO - Filling up the DagBag from /home/airflow/.local/lib/python3.12/site-packages/airflow/example_dags/example_setup_teardown_taskflow.py
[2025-10-10T08:54:02.608+0000] {processor.py:925} INFO - DAG(s) 'example_setup_teardown_taskflow' retrieved from /home/airflow/.local/lib/python3.12/site-packages/airflow/example_dags/example_setup_teardown_taskflow.py
[2025-10-10T08:54:02.709+0000] {logging_mixin.py:190} INFO - [2025-10-10T08:54:02.708+0000] {dag.py:3211} INFO - Sync 1 DAGs
[2025-10-10T08:54:02.780+0000] {logging_mixin.py:190} INFO - [2025-10-10T08:54:02.780+0000] {dag.py:4138} INFO - Setting next_dagrun for example_setup_teardown_taskflow to 2025-10-09 00:00:00+00:00, run_after=2025-10-10 00:00:00+00:00
[2025-10-10T08:54:02.877+0000] {processor.py:208} INFO - Processing /home/airflow/.local/lib/python3.12/site-packages/airflow/example_dags/example_setup_teardown_taskflow.py took 0.342 seconds
[2025-10-10T08:54:33.542+0000] {processor.py:186} INFO - Started process (PID=184) to work on /home/airflow/.local/lib/python3.12/site-packages/airflow/example_dags/example_setup_teardown_taskflow.py
[2025-10-10T08:54:33.544+0000] {processor.py:914} INFO - Processing file /home/airflow/.local/lib/python3.12/site-packages/airflow/example_dags/example_setup_teardown_taskflow.py for tasks to queue
[2025-10-10T08:54:33.550+0000] {logging_mixin.py:190} INFO - [2025-10-10T08:54:33.549+0000] {dagbag.py:587} INFO - Filling up the DagBag from /home/airflow/.local/lib/python3.12/site-packages/airflow/example_dags/example_setup_teardown_taskflow.py
[2025-10-10T08:54:33.575+0000] {processor.py:925} INFO - DAG(s) 'example_setup_teardown_taskflow' retrieved from /home/airflow/.local/lib/python3.12/site-packages/airflow/example_dags/example_setup_teardown_taskflow.py
[2025-10-10T08:54:33.619+0000] {logging_mixin.py:190} INFO - [2025-10-10T08:54:33.618+0000] {dag.py:3211} INFO - Sync 1 DAGs
[2025-10-10T08:54:33.668+0000] {logging_mixin.py:190} INFO - [2025-10-10T08:54:33.668+0000] {dag.py:4138} INFO - Setting next_dagrun for example_setup_teardown_taskflow to 2025-10-09 00:00:00+00:00, run_after=2025-10-10 00:00:00+00:00
[2025-10-10T08:54:33.710+0000] {processor.py:208} INFO - Processing /home/airflow/.local/lib/python3.12/site-packages/airflow/example_dags/example_setup_teardown_taskflow.py took 0.181 seconds
[2025-10-10T08:55:04.948+0000] {processor.py:186} INFO - Started process (PID=247) to work on /home/airflow/.local/lib/python3.12/site-packages/airflow/example_dags/example_setup_teardown_taskflow.py
[2025-10-10T08:55:04.951+0000] {processor.py:914} INFO - Processing file /home/airflow/.local/lib/python3.12/site-packages/airflow/example_dags/example_setup_teardown_taskflow.py for tasks to queue
[2025-10-10T08:55:04.957+0000] {logging_mixin.py:190} INFO - [2025-10-10T08:55:04.956+0000] {dagbag.py:587} INFO - Filling up the DagBag from /home/airflow/.local/lib/python3.12/site-packages/airflow/example_dags/example_setup_teardown_taskflow.py
[2025-10-10T08:55:04.988+0000] {processor.py:925} INFO - DAG(s) 'example_setup_teardown_taskflow' retrieved from /home/airflow/.local/lib/python3.12/site-packages/airflow/example_dags/example_setup_teardown_taskflow.py
[2025-10-10T08:55:05.039+0000] {logging_mixin.py:190} INFO - [2025-10-10T08:55:05.038+0000] {dag.py:3211} INFO - Sync 1 DAGs
[2025-10-10T08:55:05.101+0000] {logging_mixin.py:190} INFO - [2025-10-10T08:55:05.101+0000] {dag.py:4138} INFO - Setting next_dagrun for example_setup_teardown_taskflow to 2025-10-09 00:00:00+00:00, run_after=2025-10-10 00:00:00+00:00
[2025-10-10T08:55:05.152+0000] {processor.py:208} INFO - Processing /home/airflow/.local/lib/python3.12/site-packages/airflow/example_dags/example_setup_teardown_taskflow.py took 0.227 seconds
[2025-10-10T08:58:11.520+0000] {processor.py:186} INFO - Started process (PID=115) to work on /home/airflow/.local/lib/python3.12/site-packages/airflow/example_dags/example_setup_teardown_taskflow.py
[2025-10-10T08:58:11.547+0000] {processor.py:914} INFO - Processing file /home/airflow/.local/lib/python3.12/site-packages/airflow/example_dags/example_setup_teardown_taskflow.py for tasks to queue
[2025-10-10T08:58:11.566+0000] {logging_mixin.py:190} INFO - [2025-10-10T08:58:11.564+0000] {dagbag.py:587} INFO - Filling up the DagBag from /home/airflow/.local/lib/python3.12/site-packages/airflow/example_dags/example_setup_teardown_taskflow.py
[2025-10-10T08:58:11.702+0000] {processor.py:925} INFO - DAG(s) 'example_setup_teardown_taskflow' retrieved from /home/airflow/.local/lib/python3.12/site-packages/airflow/example_dags/example_setup_teardown_taskflow.py
[2025-10-10T08:58:11.889+0000] {logging_mixin.py:190} INFO - [2025-10-10T08:58:11.888+0000] {dag.py:3211} INFO - Sync 1 DAGs
[2025-10-10T08:58:12.084+0000] {logging_mixin.py:190} INFO - [2025-10-10T08:58:12.083+0000] {dag.py:4138} INFO - Setting next_dagrun for example_setup_teardown_taskflow to 2025-10-09 00:00:00+00:00, run_after=2025-10-10 00:00:00+00:00
[2025-10-10T08:58:12.347+0000] {processor.py:208} INFO - Processing /home/airflow/.local/lib/python3.12/site-packages/airflow/example_dags/example_setup_teardown_taskflow.py took 0.866 seconds
[2025-10-10T08:58:43.297+0000] {processor.py:186} INFO - Started process (PID=179) to work on /home/airflow/.local/lib/python3.12/site-packages/airflow/example_dags/example_setup_teardown_taskflow.py
[2025-10-10T08:58:43.303+0000] {processor.py:914} INFO - Processing file /home/airflow/.local/lib/python3.12/site-packages/airflow/example_dags/example_setup_teardown_taskflow.py for tasks to queue
[2025-10-10T08:58:43.311+0000] {logging_mixin.py:190} INFO - [2025-10-10T08:58:43.310+0000] {dagbag.py:587} INFO - Filling up the DagBag from /home/airflow/.local/lib/python3.12/site-packages/airflow/example_dags/example_setup_teardown_taskflow.py
[2025-10-10T08:58:43.349+0000] {processor.py:925} INFO - DAG(s) 'example_setup_teardown_taskflow' retrieved from /home/airflow/.local/lib/python3.12/site-packages/airflow/example_dags/example_setup_teardown_taskflow.py
[2025-10-10T08:58:43.446+0000] {logging_mixin.py:190} INFO - [2025-10-10T08:58:43.446+0000] {dag.py:3211} INFO - Sync 1 DAGs
[2025-10-10T08:58:43.505+0000] {logging_mixin.py:190} INFO - [2025-10-10T08:58:43.504+0000] {dag.py:4138} INFO - Setting next_dagrun for example_setup_teardown_taskflow to 2025-10-09 00:00:00+00:00, run_after=2025-10-10 00:00:00+00:00
[2025-10-10T08:58:43.547+0000] {processor.py:208} INFO - Processing /home/airflow/.local/lib/python3.12/site-packages/airflow/example_dags/example_setup_teardown_taskflow.py took 0.267 seconds
[2025-10-10T09:01:36.149+0000] {processor.py:186} INFO - Started process (PID=114) to work on /home/airflow/.local/lib/python3.12/site-packages/airflow/example_dags/example_setup_teardown_taskflow.py
[2025-10-10T09:01:36.156+0000] {processor.py:914} INFO - Processing file /home/airflow/.local/lib/python3.12/site-packages/airflow/example_dags/example_setup_teardown_taskflow.py for tasks to queue
[2025-10-10T09:01:36.168+0000] {logging_mixin.py:190} INFO - [2025-10-10T09:01:36.166+0000] {dagbag.py:587} INFO - Filling up the DagBag from /home/airflow/.local/lib/python3.12/site-packages/airflow/example_dags/example_setup_teardown_taskflow.py
[2025-10-10T09:01:36.257+0000] {processor.py:925} INFO - DAG(s) 'example_setup_teardown_taskflow' retrieved from /home/airflow/.local/lib/python3.12/site-packages/airflow/example_dags/example_setup_teardown_taskflow.py
[2025-10-10T09:01:36.367+0000] {logging_mixin.py:190} INFO - [2025-10-10T09:01:36.367+0000] {dag.py:3211} INFO - Sync 1 DAGs
[2025-10-10T09:01:36.435+0000] {logging_mixin.py:190} INFO - [2025-10-10T09:01:36.435+0000] {dag.py:4138} INFO - Setting next_dagrun for example_setup_teardown_taskflow to 2025-10-09 00:00:00+00:00, run_after=2025-10-10 00:00:00+00:00
[2025-10-10T09:01:36.487+0000] {processor.py:208} INFO - Processing /home/airflow/.local/lib/python3.12/site-packages/airflow/example_dags/example_setup_teardown_taskflow.py took 0.367 seconds
[2025-10-10T09:02:07.924+0000] {processor.py:186} INFO - Started process (PID=177) to work on /home/airflow/.local/lib/python3.12/site-packages/airflow/example_dags/example_setup_teardown_taskflow.py
[2025-10-10T09:02:07.928+0000] {processor.py:914} INFO - Processing file /home/airflow/.local/lib/python3.12/site-packages/airflow/example_dags/example_setup_teardown_taskflow.py for tasks to queue
[2025-10-10T09:02:07.939+0000] {logging_mixin.py:190} INFO - [2025-10-10T09:02:07.938+0000] {dagbag.py:587} INFO - Filling up the DagBag from /home/airflow/.local/lib/python3.12/site-packages/airflow/example_dags/example_setup_teardown_taskflow.py
[2025-10-10T09:02:08.025+0000] {processor.py:925} INFO - DAG(s) 'example_setup_teardown_taskflow' retrieved from /home/airflow/.local/lib/python3.12/site-packages/airflow/example_dags/example_setup_teardown_taskflow.py
[2025-10-10T09:02:08.122+0000] {logging_mixin.py:190} INFO - [2025-10-10T09:02:08.121+0000] {dag.py:3211} INFO - Sync 1 DAGs
[2025-10-10T09:02:08.217+0000] {logging_mixin.py:190} INFO - [2025-10-10T09:02:08.217+0000] {dag.py:4138} INFO - Setting next_dagrun for example_setup_teardown_taskflow to 2025-10-09 00:00:00+00:00, run_after=2025-10-10 00:00:00+00:00
[2025-10-10T09:02:08.419+0000] {processor.py:208} INFO - Processing /home/airflow/.local/lib/python3.12/site-packages/airflow/example_dags/example_setup_teardown_taskflow.py took 0.517 seconds
[2025-10-10T09:02:38.760+0000] {processor.py:186} INFO - Started process (PID=240) to work on /home/airflow/.local/lib/python3.12/site-packages/airflow/example_dags/example_setup_teardown_taskflow.py
[2025-10-10T09:02:38.762+0000] {processor.py:914} INFO - Processing file /home/airflow/.local/lib/python3.12/site-packages/airflow/example_dags/example_setup_teardown_taskflow.py for tasks to queue
[2025-10-10T09:02:38.768+0000] {logging_mixin.py:190} INFO - [2025-10-10T09:02:38.767+0000] {dagbag.py:587} INFO - Filling up the DagBag from /home/airflow/.local/lib/python3.12/site-packages/airflow/example_dags/example_setup_teardown_taskflow.py
[2025-10-10T09:02:38.824+0000] {processor.py:925} INFO - DAG(s) 'example_setup_teardown_taskflow' retrieved from /home/airflow/.local/lib/python3.12/site-packages/airflow/example_dags/example_setup_teardown_taskflow.py
[2025-10-10T09:02:38.997+0000] {logging_mixin.py:190} INFO - [2025-10-10T09:02:38.986+0000] {dag.py:3211} INFO - Sync 1 DAGs
[2025-10-10T09:02:39.103+0000] {logging_mixin.py:190} INFO - [2025-10-10T09:02:39.103+0000] {dag.py:4138} INFO - Setting next_dagrun for example_setup_teardown_taskflow to 2025-10-09 00:00:00+00:00, run_after=2025-10-10 00:00:00+00:00
[2025-10-10T09:02:39.146+0000] {processor.py:208} INFO - Processing /home/airflow/.local/lib/python3.12/site-packages/airflow/example_dags/example_setup_teardown_taskflow.py took 0.400 seconds
[2025-10-10T09:03:10.247+0000] {processor.py:186} INFO - Started process (PID=304) to work on /home/airflow/.local/lib/python3.12/site-packages/airflow/example_dags/example_setup_teardown_taskflow.py
[2025-10-10T09:03:10.250+0000] {processor.py:914} INFO - Processing file /home/airflow/.local/lib/python3.12/site-packages/airflow/example_dags/example_setup_teardown_taskflow.py for tasks to queue
[2025-10-10T09:03:10.257+0000] {logging_mixin.py:190} INFO - [2025-10-10T09:03:10.256+0000] {dagbag.py:587} INFO - Filling up the DagBag from /home/airflow/.local/lib/python3.12/site-packages/airflow/example_dags/example_setup_teardown_taskflow.py
[2025-10-10T09:03:10.297+0000] {processor.py:925} INFO - DAG(s) 'example_setup_teardown_taskflow' retrieved from /home/airflow/.local/lib/python3.12/site-packages/airflow/example_dags/example_setup_teardown_taskflow.py
[2025-10-10T09:03:10.399+0000] {logging_mixin.py:190} INFO - [2025-10-10T09:03:10.398+0000] {dag.py:3211} INFO - Sync 1 DAGs
[2025-10-10T09:03:10.471+0000] {logging_mixin.py:190} INFO - [2025-10-10T09:03:10.470+0000] {dag.py:4138} INFO - Setting next_dagrun for example_setup_teardown_taskflow to 2025-10-09 00:00:00+00:00, run_after=2025-10-10 00:00:00+00:00
[2025-10-10T09:03:10.529+0000] {processor.py:208} INFO - Processing /home/airflow/.local/lib/python3.12/site-packages/airflow/example_dags/example_setup_teardown_taskflow.py took 0.296 seconds
[2025-10-10T09:03:41.989+0000] {processor.py:186} INFO - Started process (PID=367) to work on /home/airflow/.local/lib/python3.12/site-packages/airflow/example_dags/example_setup_teardown_taskflow.py
[2025-10-10T09:03:41.992+0000] {processor.py:914} INFO - Processing file /home/airflow/.local/lib/python3.12/site-packages/airflow/example_dags/example_setup_teardown_taskflow.py for tasks to queue
[2025-10-10T09:03:41.999+0000] {logging_mixin.py:190} INFO - [2025-10-10T09:03:41.998+0000] {dagbag.py:587} INFO - Filling up the DagBag from /home/airflow/.local/lib/python3.12/site-packages/airflow/example_dags/example_setup_teardown_taskflow.py
[2025-10-10T09:03:42.048+0000] {processor.py:925} INFO - DAG(s) 'example_setup_teardown_taskflow' retrieved from /home/airflow/.local/lib/python3.12/site-packages/airflow/example_dags/example_setup_teardown_taskflow.py
[2025-10-10T09:03:42.133+0000] {logging_mixin.py:190} INFO - [2025-10-10T09:03:42.132+0000] {dag.py:3211} INFO - Sync 1 DAGs
[2025-10-10T09:03:42.222+0000] {logging_mixin.py:190} INFO - [2025-10-10T09:03:42.219+0000] {dag.py:4138} INFO - Setting next_dagrun for example_setup_teardown_taskflow to 2025-10-09 00:00:00+00:00, run_after=2025-10-10 00:00:00+00:00
[2025-10-10T09:03:42.277+0000] {processor.py:208} INFO - Processing /home/airflow/.local/lib/python3.12/site-packages/airflow/example_dags/example_setup_teardown_taskflow.py took 0.310 seconds
[2025-10-10T09:04:13.359+0000] {processor.py:186} INFO - Started process (PID=436) to work on /home/airflow/.local/lib/python3.12/site-packages/airflow/example_dags/example_setup_teardown_taskflow.py
[2025-10-10T09:04:13.363+0000] {processor.py:914} INFO - Processing file /home/airflow/.local/lib/python3.12/site-packages/airflow/example_dags/example_setup_teardown_taskflow.py for tasks to queue
[2025-10-10T09:04:13.375+0000] {logging_mixin.py:190} INFO - [2025-10-10T09:04:13.374+0000] {dagbag.py:587} INFO - Filling up the DagBag from /home/airflow/.local/lib/python3.12/site-packages/airflow/example_dags/example_setup_teardown_taskflow.py
[2025-10-10T09:04:13.426+0000] {processor.py:925} INFO - DAG(s) 'example_setup_teardown_taskflow' retrieved from /home/airflow/.local/lib/python3.12/site-packages/airflow/example_dags/example_setup_teardown_taskflow.py
[2025-10-10T09:04:13.505+0000] {logging_mixin.py:190} INFO - [2025-10-10T09:04:13.504+0000] {dag.py:3211} INFO - Sync 1 DAGs
[2025-10-10T09:04:13.593+0000] {logging_mixin.py:190} INFO - [2025-10-10T09:04:13.593+0000] {dag.py:4138} INFO - Setting next_dagrun for example_setup_teardown_taskflow to 2025-10-09 00:00:00+00:00, run_after=2025-10-10 00:00:00+00:00
[2025-10-10T09:04:13.741+0000] {processor.py:208} INFO - Processing /home/airflow/.local/lib/python3.12/site-packages/airflow/example_dags/example_setup_teardown_taskflow.py took 0.406 seconds
[2025-10-10T09:04:44.362+0000] {processor.py:186} INFO - Started process (PID=499) to work on /home/airflow/.local/lib/python3.12/site-packages/airflow/example_dags/example_setup_teardown_taskflow.py
[2025-10-10T09:04:44.365+0000] {processor.py:914} INFO - Processing file /home/airflow/.local/lib/python3.12/site-packages/airflow/example_dags/example_setup_teardown_taskflow.py for tasks to queue
[2025-10-10T09:04:44.374+0000] {logging_mixin.py:190} INFO - [2025-10-10T09:04:44.372+0000] {dagbag.py:587} INFO - Filling up the DagBag from /home/airflow/.local/lib/python3.12/site-packages/airflow/example_dags/example_setup_teardown_taskflow.py
[2025-10-10T09:04:44.417+0000] {processor.py:925} INFO - DAG(s) 'example_setup_teardown_taskflow' retrieved from /home/airflow/.local/lib/python3.12/site-packages/airflow/example_dags/example_setup_teardown_taskflow.py
[2025-10-10T09:04:44.491+0000] {logging_mixin.py:190} INFO - [2025-10-10T09:04:44.490+0000] {dag.py:3211} INFO - Sync 1 DAGs
[2025-10-10T09:04:44.583+0000] {logging_mixin.py:190} INFO - [2025-10-10T09:04:44.581+0000] {dag.py:4138} INFO - Setting next_dagrun for example_setup_teardown_taskflow to 2025-10-09 00:00:00+00:00, run_after=2025-10-10 00:00:00+00:00
[2025-10-10T09:04:44.643+0000] {processor.py:208} INFO - Processing /home/airflow/.local/lib/python3.12/site-packages/airflow/example_dags/example_setup_teardown_taskflow.py took 0.298 seconds
[2025-10-10T09:05:15.108+0000] {processor.py:186} INFO - Started process (PID=562) to work on /home/airflow/.local/lib/python3.12/site-packages/airflow/example_dags/example_setup_teardown_taskflow.py
[2025-10-10T09:05:15.111+0000] {processor.py:914} INFO - Processing file /home/airflow/.local/lib/python3.12/site-packages/airflow/example_dags/example_setup_teardown_taskflow.py for tasks to queue
[2025-10-10T09:05:15.118+0000] {logging_mixin.py:190} INFO - [2025-10-10T09:05:15.117+0000] {dagbag.py:587} INFO - Filling up the DagBag from /home/airflow/.local/lib/python3.12/site-packages/airflow/example_dags/example_setup_teardown_taskflow.py
[2025-10-10T09:05:15.150+0000] {processor.py:925} INFO - DAG(s) 'example_setup_teardown_taskflow' retrieved from /home/airflow/.local/lib/python3.12/site-packages/airflow/example_dags/example_setup_teardown_taskflow.py
[2025-10-10T09:05:15.211+0000] {logging_mixin.py:190} INFO - [2025-10-10T09:05:15.211+0000] {dag.py:3211} INFO - Sync 1 DAGs
[2025-10-10T09:05:15.279+0000] {logging_mixin.py:190} INFO - [2025-10-10T09:05:15.278+0000] {dag.py:4138} INFO - Setting next_dagrun for example_setup_teardown_taskflow to 2025-10-09 00:00:00+00:00, run_after=2025-10-10 00:00:00+00:00
[2025-10-10T09:05:15.336+0000] {processor.py:208} INFO - Processing /home/airflow/.local/lib/python3.12/site-packages/airflow/example_dags/example_setup_teardown_taskflow.py took 0.243 seconds
