[2025-10-10T08:37:53.371+0000] {processor.py:186} INFO - Started process (PID=82) to work on /home/airflow/.local/lib/python3.12/site-packages/airflow/example_dags/example_trigger_target_dag.py
[2025-10-10T08:37:53.375+0000] {processor.py:914} INFO - Processing file /home/airflow/.local/lib/python3.12/site-packages/airflow/example_dags/example_trigger_target_dag.py for tasks to queue
[2025-10-10T08:37:53.380+0000] {logging_mixin.py:190} INFO - [2025-10-10T08:37:53.379+0000] {dagbag.py:587} INFO - Filling up the DagBag from /home/airflow/.local/lib/python3.12/site-packages/airflow/example_dags/example_trigger_target_dag.py
[2025-10-10T08:37:53.400+0000] {processor.py:925} INFO - DAG(s) 'example_trigger_target_dag' retrieved from /home/airflow/.local/lib/python3.12/site-packages/airflow/example_dags/example_trigger_target_dag.py
[2025-10-10T08:37:53.463+0000] {logging_mixin.py:190} INFO - [2025-10-10T08:37:53.462+0000] {dag.py:3211} INFO - Sync 1 DAGs
[2025-10-10T08:37:53.496+0000] {logging_mixin.py:190} INFO - [2025-10-10T08:37:53.496+0000] {dag.py:4138} INFO - Setting next_dagrun for example_trigger_target_dag to None, run_after=None
[2025-10-10T08:37:53.550+0000] {processor.py:208} INFO - Processing /home/airflow/.local/lib/python3.12/site-packages/airflow/example_dags/example_trigger_target_dag.py took 0.203 seconds
[2025-10-10T08:38:24.604+0000] {processor.py:186} INFO - Started process (PID=145) to work on /home/airflow/.local/lib/python3.12/site-packages/airflow/example_dags/example_trigger_target_dag.py
[2025-10-10T08:38:24.608+0000] {processor.py:914} INFO - Processing file /home/airflow/.local/lib/python3.12/site-packages/airflow/example_dags/example_trigger_target_dag.py for tasks to queue
[2025-10-10T08:38:24.619+0000] {logging_mixin.py:190} INFO - [2025-10-10T08:38:24.618+0000] {dagbag.py:587} INFO - Filling up the DagBag from /home/airflow/.local/lib/python3.12/site-packages/airflow/example_dags/example_trigger_target_dag.py
[2025-10-10T08:38:24.660+0000] {processor.py:925} INFO - DAG(s) 'example_trigger_target_dag' retrieved from /home/airflow/.local/lib/python3.12/site-packages/airflow/example_dags/example_trigger_target_dag.py
[2025-10-10T08:38:24.702+0000] {logging_mixin.py:190} INFO - [2025-10-10T08:38:24.702+0000] {dag.py:3211} INFO - Sync 1 DAGs
[2025-10-10T08:38:24.737+0000] {logging_mixin.py:190} INFO - [2025-10-10T08:38:24.736+0000] {dag.py:4138} INFO - Setting next_dagrun for example_trigger_target_dag to None, run_after=None
[2025-10-10T08:38:24.784+0000] {processor.py:208} INFO - Processing /home/airflow/.local/lib/python3.12/site-packages/airflow/example_dags/example_trigger_target_dag.py took 0.208 seconds
[2025-10-10T08:38:55.312+0000] {processor.py:186} INFO - Started process (PID=208) to work on /home/airflow/.local/lib/python3.12/site-packages/airflow/example_dags/example_trigger_target_dag.py
[2025-10-10T08:38:55.316+0000] {processor.py:914} INFO - Processing file /home/airflow/.local/lib/python3.12/site-packages/airflow/example_dags/example_trigger_target_dag.py for tasks to queue
[2025-10-10T08:38:55.322+0000] {logging_mixin.py:190} INFO - [2025-10-10T08:38:55.322+0000] {dagbag.py:587} INFO - Filling up the DagBag from /home/airflow/.local/lib/python3.12/site-packages/airflow/example_dags/example_trigger_target_dag.py
[2025-10-10T08:38:55.340+0000] {processor.py:925} INFO - DAG(s) 'example_trigger_target_dag' retrieved from /home/airflow/.local/lib/python3.12/site-packages/airflow/example_dags/example_trigger_target_dag.py
[2025-10-10T08:38:55.387+0000] {logging_mixin.py:190} INFO - [2025-10-10T08:38:55.386+0000] {dag.py:3211} INFO - Sync 1 DAGs
[2025-10-10T08:38:55.419+0000] {logging_mixin.py:190} INFO - [2025-10-10T08:38:55.418+0000] {dag.py:4138} INFO - Setting next_dagrun for example_trigger_target_dag to None, run_after=None
[2025-10-10T08:38:55.462+0000] {processor.py:208} INFO - Processing /home/airflow/.local/lib/python3.12/site-packages/airflow/example_dags/example_trigger_target_dag.py took 0.166 seconds
[2025-10-10T08:39:26.244+0000] {processor.py:186} INFO - Started process (PID=271) to work on /home/airflow/.local/lib/python3.12/site-packages/airflow/example_dags/example_trigger_target_dag.py
[2025-10-10T08:39:26.248+0000] {processor.py:914} INFO - Processing file /home/airflow/.local/lib/python3.12/site-packages/airflow/example_dags/example_trigger_target_dag.py for tasks to queue
[2025-10-10T08:39:26.257+0000] {logging_mixin.py:190} INFO - [2025-10-10T08:39:26.256+0000] {dagbag.py:587} INFO - Filling up the DagBag from /home/airflow/.local/lib/python3.12/site-packages/airflow/example_dags/example_trigger_target_dag.py
[2025-10-10T08:39:26.280+0000] {processor.py:925} INFO - DAG(s) 'example_trigger_target_dag' retrieved from /home/airflow/.local/lib/python3.12/site-packages/airflow/example_dags/example_trigger_target_dag.py
[2025-10-10T08:39:26.345+0000] {logging_mixin.py:190} INFO - [2025-10-10T08:39:26.344+0000] {dag.py:3211} INFO - Sync 1 DAGs
[2025-10-10T08:39:26.390+0000] {logging_mixin.py:190} INFO - [2025-10-10T08:39:26.389+0000] {dag.py:4138} INFO - Setting next_dagrun for example_trigger_target_dag to None, run_after=None
[2025-10-10T08:39:26.439+0000] {processor.py:208} INFO - Processing /home/airflow/.local/lib/python3.12/site-packages/airflow/example_dags/example_trigger_target_dag.py took 0.238 seconds
[2025-10-10T08:39:56.768+0000] {processor.py:186} INFO - Started process (PID=333) to work on /home/airflow/.local/lib/python3.12/site-packages/airflow/example_dags/example_trigger_target_dag.py
[2025-10-10T08:39:56.772+0000] {processor.py:914} INFO - Processing file /home/airflow/.local/lib/python3.12/site-packages/airflow/example_dags/example_trigger_target_dag.py for tasks to queue
[2025-10-10T08:39:56.780+0000] {logging_mixin.py:190} INFO - [2025-10-10T08:39:56.779+0000] {dagbag.py:587} INFO - Filling up the DagBag from /home/airflow/.local/lib/python3.12/site-packages/airflow/example_dags/example_trigger_target_dag.py
[2025-10-10T08:39:56.812+0000] {processor.py:925} INFO - DAG(s) 'example_trigger_target_dag' retrieved from /home/airflow/.local/lib/python3.12/site-packages/airflow/example_dags/example_trigger_target_dag.py
[2025-10-10T08:39:56.895+0000] {logging_mixin.py:190} INFO - [2025-10-10T08:39:56.894+0000] {dag.py:3211} INFO - Sync 1 DAGs
[2025-10-10T08:39:56.971+0000] {logging_mixin.py:190} INFO - [2025-10-10T08:39:56.970+0000] {dag.py:4138} INFO - Setting next_dagrun for example_trigger_target_dag to None, run_after=None
[2025-10-10T08:39:57.049+0000] {processor.py:208} INFO - Processing /home/airflow/.local/lib/python3.12/site-packages/airflow/example_dags/example_trigger_target_dag.py took 0.302 seconds
[2025-10-10T08:40:27.650+0000] {processor.py:186} INFO - Started process (PID=396) to work on /home/airflow/.local/lib/python3.12/site-packages/airflow/example_dags/example_trigger_target_dag.py
[2025-10-10T08:40:27.653+0000] {processor.py:914} INFO - Processing file /home/airflow/.local/lib/python3.12/site-packages/airflow/example_dags/example_trigger_target_dag.py for tasks to queue
[2025-10-10T08:40:27.661+0000] {logging_mixin.py:190} INFO - [2025-10-10T08:40:27.661+0000] {dagbag.py:587} INFO - Filling up the DagBag from /home/airflow/.local/lib/python3.12/site-packages/airflow/example_dags/example_trigger_target_dag.py
[2025-10-10T08:40:27.678+0000] {processor.py:925} INFO - DAG(s) 'example_trigger_target_dag' retrieved from /home/airflow/.local/lib/python3.12/site-packages/airflow/example_dags/example_trigger_target_dag.py
[2025-10-10T08:40:27.725+0000] {logging_mixin.py:190} INFO - [2025-10-10T08:40:27.725+0000] {dag.py:3211} INFO - Sync 1 DAGs
[2025-10-10T08:40:27.752+0000] {logging_mixin.py:190} INFO - [2025-10-10T08:40:27.751+0000] {dag.py:4138} INFO - Setting next_dagrun for example_trigger_target_dag to None, run_after=None
[2025-10-10T08:40:27.792+0000] {processor.py:208} INFO - Processing /home/airflow/.local/lib/python3.12/site-packages/airflow/example_dags/example_trigger_target_dag.py took 0.159 seconds
[2025-10-10T08:40:58.409+0000] {processor.py:186} INFO - Started process (PID=459) to work on /home/airflow/.local/lib/python3.12/site-packages/airflow/example_dags/example_trigger_target_dag.py
[2025-10-10T08:40:58.413+0000] {processor.py:914} INFO - Processing file /home/airflow/.local/lib/python3.12/site-packages/airflow/example_dags/example_trigger_target_dag.py for tasks to queue
[2025-10-10T08:40:58.420+0000] {logging_mixin.py:190} INFO - [2025-10-10T08:40:58.419+0000] {dagbag.py:587} INFO - Filling up the DagBag from /home/airflow/.local/lib/python3.12/site-packages/airflow/example_dags/example_trigger_target_dag.py
[2025-10-10T08:40:58.444+0000] {processor.py:925} INFO - DAG(s) 'example_trigger_target_dag' retrieved from /home/airflow/.local/lib/python3.12/site-packages/airflow/example_dags/example_trigger_target_dag.py
[2025-10-10T08:40:58.513+0000] {logging_mixin.py:190} INFO - [2025-10-10T08:40:58.513+0000] {dag.py:3211} INFO - Sync 1 DAGs
[2025-10-10T08:40:58.597+0000] {logging_mixin.py:190} INFO - [2025-10-10T08:40:58.596+0000] {dag.py:4138} INFO - Setting next_dagrun for example_trigger_target_dag to None, run_after=None
[2025-10-10T08:40:58.712+0000] {processor.py:208} INFO - Processing /home/airflow/.local/lib/python3.12/site-packages/airflow/example_dags/example_trigger_target_dag.py took 0.326 seconds
[2025-10-10T08:41:29.173+0000] {processor.py:186} INFO - Started process (PID=522) to work on /home/airflow/.local/lib/python3.12/site-packages/airflow/example_dags/example_trigger_target_dag.py
[2025-10-10T08:41:29.176+0000] {processor.py:914} INFO - Processing file /home/airflow/.local/lib/python3.12/site-packages/airflow/example_dags/example_trigger_target_dag.py for tasks to queue
[2025-10-10T08:41:29.182+0000] {logging_mixin.py:190} INFO - [2025-10-10T08:41:29.181+0000] {dagbag.py:587} INFO - Filling up the DagBag from /home/airflow/.local/lib/python3.12/site-packages/airflow/example_dags/example_trigger_target_dag.py
[2025-10-10T08:41:29.201+0000] {processor.py:925} INFO - DAG(s) 'example_trigger_target_dag' retrieved from /home/airflow/.local/lib/python3.12/site-packages/airflow/example_dags/example_trigger_target_dag.py
[2025-10-10T08:41:29.250+0000] {logging_mixin.py:190} INFO - [2025-10-10T08:41:29.249+0000] {dag.py:3211} INFO - Sync 1 DAGs
[2025-10-10T08:41:29.278+0000] {logging_mixin.py:190} INFO - [2025-10-10T08:41:29.278+0000] {dag.py:4138} INFO - Setting next_dagrun for example_trigger_target_dag to None, run_after=None
[2025-10-10T08:41:29.323+0000] {processor.py:208} INFO - Processing /home/airflow/.local/lib/python3.12/site-packages/airflow/example_dags/example_trigger_target_dag.py took 0.161 seconds
[2025-10-10T08:41:59.523+0000] {processor.py:186} INFO - Started process (PID=585) to work on /home/airflow/.local/lib/python3.12/site-packages/airflow/example_dags/example_trigger_target_dag.py
[2025-10-10T08:41:59.527+0000] {processor.py:914} INFO - Processing file /home/airflow/.local/lib/python3.12/site-packages/airflow/example_dags/example_trigger_target_dag.py for tasks to queue
[2025-10-10T08:41:59.533+0000] {logging_mixin.py:190} INFO - [2025-10-10T08:41:59.532+0000] {dagbag.py:587} INFO - Filling up the DagBag from /home/airflow/.local/lib/python3.12/site-packages/airflow/example_dags/example_trigger_target_dag.py
[2025-10-10T08:41:59.557+0000] {processor.py:925} INFO - DAG(s) 'example_trigger_target_dag' retrieved from /home/airflow/.local/lib/python3.12/site-packages/airflow/example_dags/example_trigger_target_dag.py
[2025-10-10T08:41:59.605+0000] {logging_mixin.py:190} INFO - [2025-10-10T08:41:59.604+0000] {dag.py:3211} INFO - Sync 1 DAGs
[2025-10-10T08:41:59.640+0000] {logging_mixin.py:190} INFO - [2025-10-10T08:41:59.640+0000] {dag.py:4138} INFO - Setting next_dagrun for example_trigger_target_dag to None, run_after=None
[2025-10-10T08:41:59.687+0000] {processor.py:208} INFO - Processing /home/airflow/.local/lib/python3.12/site-packages/airflow/example_dags/example_trigger_target_dag.py took 0.181 seconds
[2025-10-10T08:42:30.666+0000] {processor.py:186} INFO - Started process (PID=648) to work on /home/airflow/.local/lib/python3.12/site-packages/airflow/example_dags/example_trigger_target_dag.py
[2025-10-10T08:42:30.679+0000] {processor.py:914} INFO - Processing file /home/airflow/.local/lib/python3.12/site-packages/airflow/example_dags/example_trigger_target_dag.py for tasks to queue
[2025-10-10T08:42:30.693+0000] {logging_mixin.py:190} INFO - [2025-10-10T08:42:30.692+0000] {dagbag.py:587} INFO - Filling up the DagBag from /home/airflow/.local/lib/python3.12/site-packages/airflow/example_dags/example_trigger_target_dag.py
[2025-10-10T08:42:30.737+0000] {processor.py:925} INFO - DAG(s) 'example_trigger_target_dag' retrieved from /home/airflow/.local/lib/python3.12/site-packages/airflow/example_dags/example_trigger_target_dag.py
[2025-10-10T08:42:30.848+0000] {logging_mixin.py:190} INFO - [2025-10-10T08:42:30.847+0000] {dag.py:3211} INFO - Sync 1 DAGs
[2025-10-10T08:42:30.907+0000] {logging_mixin.py:190} INFO - [2025-10-10T08:42:30.906+0000] {dag.py:4138} INFO - Setting next_dagrun for example_trigger_target_dag to None, run_after=None
[2025-10-10T08:42:30.959+0000] {processor.py:208} INFO - Processing /home/airflow/.local/lib/python3.12/site-packages/airflow/example_dags/example_trigger_target_dag.py took 0.338 seconds
[2025-10-10T08:43:01.774+0000] {processor.py:186} INFO - Started process (PID=711) to work on /home/airflow/.local/lib/python3.12/site-packages/airflow/example_dags/example_trigger_target_dag.py
[2025-10-10T08:43:01.777+0000] {processor.py:914} INFO - Processing file /home/airflow/.local/lib/python3.12/site-packages/airflow/example_dags/example_trigger_target_dag.py for tasks to queue
[2025-10-10T08:43:01.785+0000] {logging_mixin.py:190} INFO - [2025-10-10T08:43:01.783+0000] {dagbag.py:587} INFO - Filling up the DagBag from /home/airflow/.local/lib/python3.12/site-packages/airflow/example_dags/example_trigger_target_dag.py
[2025-10-10T08:43:01.807+0000] {processor.py:925} INFO - DAG(s) 'example_trigger_target_dag' retrieved from /home/airflow/.local/lib/python3.12/site-packages/airflow/example_dags/example_trigger_target_dag.py
[2025-10-10T08:43:01.874+0000] {logging_mixin.py:190} INFO - [2025-10-10T08:43:01.873+0000] {dag.py:3211} INFO - Sync 1 DAGs
[2025-10-10T08:43:01.953+0000] {logging_mixin.py:190} INFO - [2025-10-10T08:43:01.952+0000] {dag.py:4138} INFO - Setting next_dagrun for example_trigger_target_dag to None, run_after=None
[2025-10-10T08:43:02.055+0000] {processor.py:208} INFO - Processing /home/airflow/.local/lib/python3.12/site-packages/airflow/example_dags/example_trigger_target_dag.py took 0.299 seconds
[2025-10-10T08:43:33.357+0000] {processor.py:186} INFO - Started process (PID=773) to work on /home/airflow/.local/lib/python3.12/site-packages/airflow/example_dags/example_trigger_target_dag.py
[2025-10-10T08:43:33.361+0000] {processor.py:914} INFO - Processing file /home/airflow/.local/lib/python3.12/site-packages/airflow/example_dags/example_trigger_target_dag.py for tasks to queue
[2025-10-10T08:43:33.370+0000] {logging_mixin.py:190} INFO - [2025-10-10T08:43:33.369+0000] {dagbag.py:587} INFO - Filling up the DagBag from /home/airflow/.local/lib/python3.12/site-packages/airflow/example_dags/example_trigger_target_dag.py
[2025-10-10T08:43:33.397+0000] {processor.py:925} INFO - DAG(s) 'example_trigger_target_dag' retrieved from /home/airflow/.local/lib/python3.12/site-packages/airflow/example_dags/example_trigger_target_dag.py
[2025-10-10T08:43:33.461+0000] {logging_mixin.py:190} INFO - [2025-10-10T08:43:33.460+0000] {dag.py:3211} INFO - Sync 1 DAGs
[2025-10-10T08:43:33.525+0000] {logging_mixin.py:190} INFO - [2025-10-10T08:43:33.524+0000] {dag.py:4138} INFO - Setting next_dagrun for example_trigger_target_dag to None, run_after=None
[2025-10-10T08:43:33.581+0000] {processor.py:208} INFO - Processing /home/airflow/.local/lib/python3.12/site-packages/airflow/example_dags/example_trigger_target_dag.py took 0.248 seconds
[2025-10-10T08:44:03.738+0000] {processor.py:186} INFO - Started process (PID=836) to work on /home/airflow/.local/lib/python3.12/site-packages/airflow/example_dags/example_trigger_target_dag.py
[2025-10-10T08:44:03.741+0000] {processor.py:914} INFO - Processing file /home/airflow/.local/lib/python3.12/site-packages/airflow/example_dags/example_trigger_target_dag.py for tasks to queue
[2025-10-10T08:44:03.748+0000] {logging_mixin.py:190} INFO - [2025-10-10T08:44:03.747+0000] {dagbag.py:587} INFO - Filling up the DagBag from /home/airflow/.local/lib/python3.12/site-packages/airflow/example_dags/example_trigger_target_dag.py
[2025-10-10T08:44:03.768+0000] {processor.py:925} INFO - DAG(s) 'example_trigger_target_dag' retrieved from /home/airflow/.local/lib/python3.12/site-packages/airflow/example_dags/example_trigger_target_dag.py
[2025-10-10T08:44:03.815+0000] {logging_mixin.py:190} INFO - [2025-10-10T08:44:03.814+0000] {dag.py:3211} INFO - Sync 1 DAGs
[2025-10-10T08:44:03.851+0000] {logging_mixin.py:190} INFO - [2025-10-10T08:44:03.851+0000] {dag.py:4138} INFO - Setting next_dagrun for example_trigger_target_dag to None, run_after=None
[2025-10-10T08:44:03.898+0000] {processor.py:208} INFO - Processing /home/airflow/.local/lib/python3.12/site-packages/airflow/example_dags/example_trigger_target_dag.py took 0.175 seconds
[2025-10-10T08:44:35.395+0000] {processor.py:186} INFO - Started process (PID=898) to work on /home/airflow/.local/lib/python3.12/site-packages/airflow/example_dags/example_trigger_target_dag.py
[2025-10-10T08:44:35.401+0000] {processor.py:914} INFO - Processing file /home/airflow/.local/lib/python3.12/site-packages/airflow/example_dags/example_trigger_target_dag.py for tasks to queue
[2025-10-10T08:44:35.411+0000] {logging_mixin.py:190} INFO - [2025-10-10T08:44:35.409+0000] {dagbag.py:587} INFO - Filling up the DagBag from /home/airflow/.local/lib/python3.12/site-packages/airflow/example_dags/example_trigger_target_dag.py
[2025-10-10T08:44:35.449+0000] {processor.py:925} INFO - DAG(s) 'example_trigger_target_dag' retrieved from /home/airflow/.local/lib/python3.12/site-packages/airflow/example_dags/example_trigger_target_dag.py
[2025-10-10T08:44:35.583+0000] {logging_mixin.py:190} INFO - [2025-10-10T08:44:35.582+0000] {dag.py:3211} INFO - Sync 1 DAGs
[2025-10-10T08:44:35.659+0000] {logging_mixin.py:190} INFO - [2025-10-10T08:44:35.658+0000] {dag.py:4138} INFO - Setting next_dagrun for example_trigger_target_dag to None, run_after=None
[2025-10-10T08:44:35.787+0000] {processor.py:208} INFO - Processing /home/airflow/.local/lib/python3.12/site-packages/airflow/example_dags/example_trigger_target_dag.py took 0.425 seconds
[2025-10-10T08:45:06.200+0000] {processor.py:186} INFO - Started process (PID=961) to work on /home/airflow/.local/lib/python3.12/site-packages/airflow/example_dags/example_trigger_target_dag.py
[2025-10-10T08:45:06.203+0000] {processor.py:914} INFO - Processing file /home/airflow/.local/lib/python3.12/site-packages/airflow/example_dags/example_trigger_target_dag.py for tasks to queue
[2025-10-10T08:45:06.212+0000] {logging_mixin.py:190} INFO - [2025-10-10T08:45:06.211+0000] {dagbag.py:587} INFO - Filling up the DagBag from /home/airflow/.local/lib/python3.12/site-packages/airflow/example_dags/example_trigger_target_dag.py
[2025-10-10T08:45:06.236+0000] {processor.py:925} INFO - DAG(s) 'example_trigger_target_dag' retrieved from /home/airflow/.local/lib/python3.12/site-packages/airflow/example_dags/example_trigger_target_dag.py
[2025-10-10T08:45:06.288+0000] {logging_mixin.py:190} INFO - [2025-10-10T08:45:06.287+0000] {dag.py:3211} INFO - Sync 1 DAGs
[2025-10-10T08:45:06.332+0000] {logging_mixin.py:190} INFO - [2025-10-10T08:45:06.332+0000] {dag.py:4138} INFO - Setting next_dagrun for example_trigger_target_dag to None, run_after=None
[2025-10-10T08:45:06.537+0000] {processor.py:208} INFO - Processing /home/airflow/.local/lib/python3.12/site-packages/airflow/example_dags/example_trigger_target_dag.py took 0.359 seconds
[2025-10-10T08:45:37.495+0000] {processor.py:186} INFO - Started process (PID=1024) to work on /home/airflow/.local/lib/python3.12/site-packages/airflow/example_dags/example_trigger_target_dag.py
[2025-10-10T08:45:37.499+0000] {processor.py:914} INFO - Processing file /home/airflow/.local/lib/python3.12/site-packages/airflow/example_dags/example_trigger_target_dag.py for tasks to queue
[2025-10-10T08:45:37.508+0000] {logging_mixin.py:190} INFO - [2025-10-10T08:45:37.507+0000] {dagbag.py:587} INFO - Filling up the DagBag from /home/airflow/.local/lib/python3.12/site-packages/airflow/example_dags/example_trigger_target_dag.py
[2025-10-10T08:45:37.532+0000] {processor.py:925} INFO - DAG(s) 'example_trigger_target_dag' retrieved from /home/airflow/.local/lib/python3.12/site-packages/airflow/example_dags/example_trigger_target_dag.py
[2025-10-10T08:45:37.589+0000] {logging_mixin.py:190} INFO - [2025-10-10T08:45:37.588+0000] {dag.py:3211} INFO - Sync 1 DAGs
[2025-10-10T08:45:37.629+0000] {logging_mixin.py:190} INFO - [2025-10-10T08:45:37.629+0000] {dag.py:4138} INFO - Setting next_dagrun for example_trigger_target_dag to None, run_after=None
[2025-10-10T08:45:37.682+0000] {processor.py:208} INFO - Processing /home/airflow/.local/lib/python3.12/site-packages/airflow/example_dags/example_trigger_target_dag.py took 0.208 seconds
[2025-10-10T08:46:08.317+0000] {processor.py:186} INFO - Started process (PID=1087) to work on /home/airflow/.local/lib/python3.12/site-packages/airflow/example_dags/example_trigger_target_dag.py
[2025-10-10T08:46:08.321+0000] {processor.py:914} INFO - Processing file /home/airflow/.local/lib/python3.12/site-packages/airflow/example_dags/example_trigger_target_dag.py for tasks to queue
[2025-10-10T08:46:08.335+0000] {logging_mixin.py:190} INFO - [2025-10-10T08:46:08.334+0000] {dagbag.py:587} INFO - Filling up the DagBag from /home/airflow/.local/lib/python3.12/site-packages/airflow/example_dags/example_trigger_target_dag.py
[2025-10-10T08:46:08.368+0000] {processor.py:925} INFO - DAG(s) 'example_trigger_target_dag' retrieved from /home/airflow/.local/lib/python3.12/site-packages/airflow/example_dags/example_trigger_target_dag.py
[2025-10-10T08:46:08.438+0000] {logging_mixin.py:190} INFO - [2025-10-10T08:46:08.437+0000] {dag.py:3211} INFO - Sync 1 DAGs
[2025-10-10T08:46:08.481+0000] {logging_mixin.py:190} INFO - [2025-10-10T08:46:08.481+0000] {dag.py:4138} INFO - Setting next_dagrun for example_trigger_target_dag to None, run_after=None
[2025-10-10T08:46:08.537+0000] {processor.py:208} INFO - Processing /home/airflow/.local/lib/python3.12/site-packages/airflow/example_dags/example_trigger_target_dag.py took 0.239 seconds
[2025-10-10T08:46:39.572+0000] {processor.py:186} INFO - Started process (PID=1150) to work on /home/airflow/.local/lib/python3.12/site-packages/airflow/example_dags/example_trigger_target_dag.py
[2025-10-10T08:46:39.575+0000] {processor.py:914} INFO - Processing file /home/airflow/.local/lib/python3.12/site-packages/airflow/example_dags/example_trigger_target_dag.py for tasks to queue
[2025-10-10T08:46:39.585+0000] {logging_mixin.py:190} INFO - [2025-10-10T08:46:39.584+0000] {dagbag.py:587} INFO - Filling up the DagBag from /home/airflow/.local/lib/python3.12/site-packages/airflow/example_dags/example_trigger_target_dag.py
[2025-10-10T08:46:39.625+0000] {processor.py:925} INFO - DAG(s) 'example_trigger_target_dag' retrieved from /home/airflow/.local/lib/python3.12/site-packages/airflow/example_dags/example_trigger_target_dag.py
[2025-10-10T08:46:39.704+0000] {logging_mixin.py:190} INFO - [2025-10-10T08:46:39.704+0000] {dag.py:3211} INFO - Sync 1 DAGs
[2025-10-10T08:46:39.821+0000] {logging_mixin.py:190} INFO - [2025-10-10T08:46:39.820+0000] {dag.py:4138} INFO - Setting next_dagrun for example_trigger_target_dag to None, run_after=None
[2025-10-10T08:46:39.917+0000] {processor.py:208} INFO - Processing /home/airflow/.local/lib/python3.12/site-packages/airflow/example_dags/example_trigger_target_dag.py took 0.362 seconds
[2025-10-10T08:47:10.464+0000] {processor.py:186} INFO - Started process (PID=1213) to work on /home/airflow/.local/lib/python3.12/site-packages/airflow/example_dags/example_trigger_target_dag.py
[2025-10-10T08:47:10.470+0000] {processor.py:914} INFO - Processing file /home/airflow/.local/lib/python3.12/site-packages/airflow/example_dags/example_trigger_target_dag.py for tasks to queue
[2025-10-10T08:47:10.481+0000] {logging_mixin.py:190} INFO - [2025-10-10T08:47:10.480+0000] {dagbag.py:587} INFO - Filling up the DagBag from /home/airflow/.local/lib/python3.12/site-packages/airflow/example_dags/example_trigger_target_dag.py
[2025-10-10T08:47:10.524+0000] {processor.py:925} INFO - DAG(s) 'example_trigger_target_dag' retrieved from /home/airflow/.local/lib/python3.12/site-packages/airflow/example_dags/example_trigger_target_dag.py
[2025-10-10T08:47:10.656+0000] {logging_mixin.py:190} INFO - [2025-10-10T08:47:10.655+0000] {dag.py:3211} INFO - Sync 1 DAGs
[2025-10-10T08:47:10.789+0000] {logging_mixin.py:190} INFO - [2025-10-10T08:47:10.788+0000] {dag.py:4138} INFO - Setting next_dagrun for example_trigger_target_dag to None, run_after=None
[2025-10-10T08:47:10.939+0000] {processor.py:208} INFO - Processing /home/airflow/.local/lib/python3.12/site-packages/airflow/example_dags/example_trigger_target_dag.py took 0.510 seconds
[2025-10-10T08:47:41.563+0000] {processor.py:186} INFO - Started process (PID=1276) to work on /home/airflow/.local/lib/python3.12/site-packages/airflow/example_dags/example_trigger_target_dag.py
[2025-10-10T08:47:41.571+0000] {processor.py:914} INFO - Processing file /home/airflow/.local/lib/python3.12/site-packages/airflow/example_dags/example_trigger_target_dag.py for tasks to queue
[2025-10-10T08:47:41.590+0000] {logging_mixin.py:190} INFO - [2025-10-10T08:47:41.587+0000] {dagbag.py:587} INFO - Filling up the DagBag from /home/airflow/.local/lib/python3.12/site-packages/airflow/example_dags/example_trigger_target_dag.py
[2025-10-10T08:47:41.652+0000] {processor.py:925} INFO - DAG(s) 'example_trigger_target_dag' retrieved from /home/airflow/.local/lib/python3.12/site-packages/airflow/example_dags/example_trigger_target_dag.py
[2025-10-10T08:47:41.776+0000] {logging_mixin.py:190} INFO - [2025-10-10T08:47:41.775+0000] {dag.py:3211} INFO - Sync 1 DAGs
[2025-10-10T08:47:41.846+0000] {logging_mixin.py:190} INFO - [2025-10-10T08:47:41.845+0000] {dag.py:4138} INFO - Setting next_dagrun for example_trigger_target_dag to None, run_after=None
[2025-10-10T08:47:41.935+0000] {processor.py:208} INFO - Processing /home/airflow/.local/lib/python3.12/site-packages/airflow/example_dags/example_trigger_target_dag.py took 0.416 seconds
[2025-10-10T08:48:13.452+0000] {processor.py:186} INFO - Started process (PID=1339) to work on /home/airflow/.local/lib/python3.12/site-packages/airflow/example_dags/example_trigger_target_dag.py
[2025-10-10T08:48:13.455+0000] {processor.py:914} INFO - Processing file /home/airflow/.local/lib/python3.12/site-packages/airflow/example_dags/example_trigger_target_dag.py for tasks to queue
[2025-10-10T08:48:13.462+0000] {logging_mixin.py:190} INFO - [2025-10-10T08:48:13.461+0000] {dagbag.py:587} INFO - Filling up the DagBag from /home/airflow/.local/lib/python3.12/site-packages/airflow/example_dags/example_trigger_target_dag.py
[2025-10-10T08:48:13.489+0000] {processor.py:925} INFO - DAG(s) 'example_trigger_target_dag' retrieved from /home/airflow/.local/lib/python3.12/site-packages/airflow/example_dags/example_trigger_target_dag.py
[2025-10-10T08:48:13.538+0000] {logging_mixin.py:190} INFO - [2025-10-10T08:48:13.538+0000] {dag.py:3211} INFO - Sync 1 DAGs
[2025-10-10T08:48:13.574+0000] {logging_mixin.py:190} INFO - [2025-10-10T08:48:13.574+0000] {dag.py:4138} INFO - Setting next_dagrun for example_trigger_target_dag to None, run_after=None
[2025-10-10T08:48:13.621+0000] {processor.py:208} INFO - Processing /home/airflow/.local/lib/python3.12/site-packages/airflow/example_dags/example_trigger_target_dag.py took 0.184 seconds
[2025-10-10T08:48:44.204+0000] {processor.py:186} INFO - Started process (PID=1402) to work on /home/airflow/.local/lib/python3.12/site-packages/airflow/example_dags/example_trigger_target_dag.py
[2025-10-10T08:48:44.207+0000] {processor.py:914} INFO - Processing file /home/airflow/.local/lib/python3.12/site-packages/airflow/example_dags/example_trigger_target_dag.py for tasks to queue
[2025-10-10T08:48:44.215+0000] {logging_mixin.py:190} INFO - [2025-10-10T08:48:44.214+0000] {dagbag.py:587} INFO - Filling up the DagBag from /home/airflow/.local/lib/python3.12/site-packages/airflow/example_dags/example_trigger_target_dag.py
[2025-10-10T08:48:44.240+0000] {processor.py:925} INFO - DAG(s) 'example_trigger_target_dag' retrieved from /home/airflow/.local/lib/python3.12/site-packages/airflow/example_dags/example_trigger_target_dag.py
[2025-10-10T08:48:44.288+0000] {logging_mixin.py:190} INFO - [2025-10-10T08:48:44.287+0000] {dag.py:3211} INFO - Sync 1 DAGs
[2025-10-10T08:48:44.321+0000] {logging_mixin.py:190} INFO - [2025-10-10T08:48:44.320+0000] {dag.py:4138} INFO - Setting next_dagrun for example_trigger_target_dag to None, run_after=None
[2025-10-10T08:48:44.370+0000] {processor.py:208} INFO - Processing /home/airflow/.local/lib/python3.12/site-packages/airflow/example_dags/example_trigger_target_dag.py took 0.183 seconds
[2025-10-10T08:49:16.771+0000] {processor.py:186} INFO - Started process (PID=1471) to work on /home/airflow/.local/lib/python3.12/site-packages/airflow/example_dags/example_trigger_target_dag.py
[2025-10-10T08:49:16.785+0000] {processor.py:914} INFO - Processing file /home/airflow/.local/lib/python3.12/site-packages/airflow/example_dags/example_trigger_target_dag.py for tasks to queue
[2025-10-10T08:49:16.805+0000] {logging_mixin.py:190} INFO - [2025-10-10T08:49:16.804+0000] {dagbag.py:587} INFO - Filling up the DagBag from /home/airflow/.local/lib/python3.12/site-packages/airflow/example_dags/example_trigger_target_dag.py
[2025-10-10T08:49:16.891+0000] {processor.py:925} INFO - DAG(s) 'example_trigger_target_dag' retrieved from /home/airflow/.local/lib/python3.12/site-packages/airflow/example_dags/example_trigger_target_dag.py
[2025-10-10T08:49:17.018+0000] {logging_mixin.py:190} INFO - [2025-10-10T08:49:17.017+0000] {dag.py:3211} INFO - Sync 1 DAGs
[2025-10-10T08:49:17.097+0000] {logging_mixin.py:190} INFO - [2025-10-10T08:49:17.097+0000] {dag.py:4138} INFO - Setting next_dagrun for example_trigger_target_dag to None, run_after=None
[2025-10-10T08:49:17.243+0000] {processor.py:208} INFO - Processing /home/airflow/.local/lib/python3.12/site-packages/airflow/example_dags/example_trigger_target_dag.py took 0.524 seconds
[2025-10-10T08:53:52.051+0000] {processor.py:186} INFO - Started process (PID=85) to work on /home/airflow/.local/lib/python3.12/site-packages/airflow/example_dags/example_trigger_target_dag.py
[2025-10-10T08:53:52.053+0000] {processor.py:914} INFO - Processing file /home/airflow/.local/lib/python3.12/site-packages/airflow/example_dags/example_trigger_target_dag.py for tasks to queue
[2025-10-10T08:53:52.059+0000] {logging_mixin.py:190} INFO - [2025-10-10T08:53:52.059+0000] {dagbag.py:587} INFO - Filling up the DagBag from /home/airflow/.local/lib/python3.12/site-packages/airflow/example_dags/example_trigger_target_dag.py
[2025-10-10T08:53:52.084+0000] {processor.py:925} INFO - DAG(s) 'example_trigger_target_dag' retrieved from /home/airflow/.local/lib/python3.12/site-packages/airflow/example_dags/example_trigger_target_dag.py
[2025-10-10T08:53:52.165+0000] {logging_mixin.py:190} INFO - [2025-10-10T08:53:52.164+0000] {dag.py:3211} INFO - Sync 1 DAGs
[2025-10-10T08:53:52.206+0000] {logging_mixin.py:190} INFO - [2025-10-10T08:53:52.206+0000] {dag.py:4138} INFO - Setting next_dagrun for example_trigger_target_dag to None, run_after=None
[2025-10-10T08:53:52.262+0000] {processor.py:208} INFO - Processing /home/airflow/.local/lib/python3.12/site-packages/airflow/example_dags/example_trigger_target_dag.py took 0.229 seconds
[2025-10-10T08:54:23.872+0000] {processor.py:186} INFO - Started process (PID=148) to work on /home/airflow/.local/lib/python3.12/site-packages/airflow/example_dags/example_trigger_target_dag.py
[2025-10-10T08:54:23.879+0000] {processor.py:914} INFO - Processing file /home/airflow/.local/lib/python3.12/site-packages/airflow/example_dags/example_trigger_target_dag.py for tasks to queue
[2025-10-10T08:54:23.887+0000] {logging_mixin.py:190} INFO - [2025-10-10T08:54:23.886+0000] {dagbag.py:587} INFO - Filling up the DagBag from /home/airflow/.local/lib/python3.12/site-packages/airflow/example_dags/example_trigger_target_dag.py
[2025-10-10T08:54:23.916+0000] {processor.py:925} INFO - DAG(s) 'example_trigger_target_dag' retrieved from /home/airflow/.local/lib/python3.12/site-packages/airflow/example_dags/example_trigger_target_dag.py
[2025-10-10T08:54:23.977+0000] {logging_mixin.py:190} INFO - [2025-10-10T08:54:23.976+0000] {dag.py:3211} INFO - Sync 1 DAGs
[2025-10-10T08:54:24.023+0000] {logging_mixin.py:190} INFO - [2025-10-10T08:54:24.022+0000] {dag.py:4138} INFO - Setting next_dagrun for example_trigger_target_dag to None, run_after=None
[2025-10-10T08:54:24.084+0000] {processor.py:208} INFO - Processing /home/airflow/.local/lib/python3.12/site-packages/airflow/example_dags/example_trigger_target_dag.py took 0.232 seconds
[2025-10-10T08:54:55.253+0000] {processor.py:186} INFO - Started process (PID=212) to work on /home/airflow/.local/lib/python3.12/site-packages/airflow/example_dags/example_trigger_target_dag.py
[2025-10-10T08:54:55.255+0000] {processor.py:914} INFO - Processing file /home/airflow/.local/lib/python3.12/site-packages/airflow/example_dags/example_trigger_target_dag.py for tasks to queue
[2025-10-10T08:54:55.262+0000] {logging_mixin.py:190} INFO - [2025-10-10T08:54:55.261+0000] {dagbag.py:587} INFO - Filling up the DagBag from /home/airflow/.local/lib/python3.12/site-packages/airflow/example_dags/example_trigger_target_dag.py
[2025-10-10T08:54:55.283+0000] {processor.py:925} INFO - DAG(s) 'example_trigger_target_dag' retrieved from /home/airflow/.local/lib/python3.12/site-packages/airflow/example_dags/example_trigger_target_dag.py
[2025-10-10T08:54:55.342+0000] {logging_mixin.py:190} INFO - [2025-10-10T08:54:55.341+0000] {dag.py:3211} INFO - Sync 1 DAGs
[2025-10-10T08:54:55.387+0000] {logging_mixin.py:190} INFO - [2025-10-10T08:54:55.386+0000] {dag.py:4138} INFO - Setting next_dagrun for example_trigger_target_dag to None, run_after=None
[2025-10-10T08:54:55.445+0000] {processor.py:208} INFO - Processing /home/airflow/.local/lib/python3.12/site-packages/airflow/example_dags/example_trigger_target_dag.py took 0.208 seconds
[2025-10-10T08:58:00.437+0000] {processor.py:186} INFO - Started process (PID=86) to work on /home/airflow/.local/lib/python3.12/site-packages/airflow/example_dags/example_trigger_target_dag.py
[2025-10-10T08:58:00.443+0000] {processor.py:914} INFO - Processing file /home/airflow/.local/lib/python3.12/site-packages/airflow/example_dags/example_trigger_target_dag.py for tasks to queue
[2025-10-10T08:58:00.456+0000] {logging_mixin.py:190} INFO - [2025-10-10T08:58:00.454+0000] {dagbag.py:587} INFO - Filling up the DagBag from /home/airflow/.local/lib/python3.12/site-packages/airflow/example_dags/example_trigger_target_dag.py
[2025-10-10T08:58:00.514+0000] {processor.py:925} INFO - DAG(s) 'example_trigger_target_dag' retrieved from /home/airflow/.local/lib/python3.12/site-packages/airflow/example_dags/example_trigger_target_dag.py
[2025-10-10T08:58:00.721+0000] {logging_mixin.py:190} INFO - [2025-10-10T08:58:00.720+0000] {dag.py:3211} INFO - Sync 1 DAGs
[2025-10-10T08:58:00.852+0000] {logging_mixin.py:190} INFO - [2025-10-10T08:58:00.852+0000] {dag.py:4138} INFO - Setting next_dagrun for example_trigger_target_dag to None, run_after=None
[2025-10-10T08:58:00.965+0000] {processor.py:208} INFO - Processing /home/airflow/.local/lib/python3.12/site-packages/airflow/example_dags/example_trigger_target_dag.py took 0.555 seconds
[2025-10-10T08:58:31.817+0000] {processor.py:186} INFO - Started process (PID=149) to work on /home/airflow/.local/lib/python3.12/site-packages/airflow/example_dags/example_trigger_target_dag.py
[2025-10-10T08:58:31.825+0000] {processor.py:914} INFO - Processing file /home/airflow/.local/lib/python3.12/site-packages/airflow/example_dags/example_trigger_target_dag.py for tasks to queue
[2025-10-10T08:58:31.847+0000] {logging_mixin.py:190} INFO - [2025-10-10T08:58:31.846+0000] {dagbag.py:587} INFO - Filling up the DagBag from /home/airflow/.local/lib/python3.12/site-packages/airflow/example_dags/example_trigger_target_dag.py
[2025-10-10T08:58:31.873+0000] {processor.py:925} INFO - DAG(s) 'example_trigger_target_dag' retrieved from /home/airflow/.local/lib/python3.12/site-packages/airflow/example_dags/example_trigger_target_dag.py
[2025-10-10T08:58:31.927+0000] {logging_mixin.py:190} INFO - [2025-10-10T08:58:31.927+0000] {dag.py:3211} INFO - Sync 1 DAGs
[2025-10-10T08:58:31.962+0000] {logging_mixin.py:190} INFO - [2025-10-10T08:58:31.962+0000] {dag.py:4138} INFO - Setting next_dagrun for example_trigger_target_dag to None, run_after=None
[2025-10-10T08:58:32.093+0000] {processor.py:208} INFO - Processing /home/airflow/.local/lib/python3.12/site-packages/airflow/example_dags/example_trigger_target_dag.py took 0.326 seconds
[2025-10-10T09:01:28.211+0000] {processor.py:186} INFO - Started process (PID=85) to work on /home/airflow/.local/lib/python3.12/site-packages/airflow/example_dags/example_trigger_target_dag.py
[2025-10-10T09:01:28.214+0000] {processor.py:914} INFO - Processing file /home/airflow/.local/lib/python3.12/site-packages/airflow/example_dags/example_trigger_target_dag.py for tasks to queue
[2025-10-10T09:01:28.220+0000] {logging_mixin.py:190} INFO - [2025-10-10T09:01:28.219+0000] {dagbag.py:587} INFO - Filling up the DagBag from /home/airflow/.local/lib/python3.12/site-packages/airflow/example_dags/example_trigger_target_dag.py
[2025-10-10T09:01:28.246+0000] {processor.py:925} INFO - DAG(s) 'example_trigger_target_dag' retrieved from /home/airflow/.local/lib/python3.12/site-packages/airflow/example_dags/example_trigger_target_dag.py
[2025-10-10T09:01:28.311+0000] {logging_mixin.py:190} INFO - [2025-10-10T09:01:28.310+0000] {dag.py:3211} INFO - Sync 1 DAGs
[2025-10-10T09:01:28.345+0000] {logging_mixin.py:190} INFO - [2025-10-10T09:01:28.345+0000] {dag.py:4138} INFO - Setting next_dagrun for example_trigger_target_dag to None, run_after=None
[2025-10-10T09:01:28.397+0000] {processor.py:208} INFO - Processing /home/airflow/.local/lib/python3.12/site-packages/airflow/example_dags/example_trigger_target_dag.py took 0.200 seconds
[2025-10-10T09:01:59.267+0000] {processor.py:186} INFO - Started process (PID=148) to work on /home/airflow/.local/lib/python3.12/site-packages/airflow/example_dags/example_trigger_target_dag.py
[2025-10-10T09:01:59.279+0000] {processor.py:914} INFO - Processing file /home/airflow/.local/lib/python3.12/site-packages/airflow/example_dags/example_trigger_target_dag.py for tasks to queue
[2025-10-10T09:01:59.287+0000] {logging_mixin.py:190} INFO - [2025-10-10T09:01:59.286+0000] {dagbag.py:587} INFO - Filling up the DagBag from /home/airflow/.local/lib/python3.12/site-packages/airflow/example_dags/example_trigger_target_dag.py
[2025-10-10T09:01:59.328+0000] {processor.py:925} INFO - DAG(s) 'example_trigger_target_dag' retrieved from /home/airflow/.local/lib/python3.12/site-packages/airflow/example_dags/example_trigger_target_dag.py
[2025-10-10T09:01:59.418+0000] {logging_mixin.py:190} INFO - [2025-10-10T09:01:59.417+0000] {dag.py:3211} INFO - Sync 1 DAGs
[2025-10-10T09:01:59.473+0000] {logging_mixin.py:190} INFO - [2025-10-10T09:01:59.472+0000] {dag.py:4138} INFO - Setting next_dagrun for example_trigger_target_dag to None, run_after=None
[2025-10-10T09:01:59.534+0000] {processor.py:208} INFO - Processing /home/airflow/.local/lib/python3.12/site-packages/airflow/example_dags/example_trigger_target_dag.py took 0.318 seconds
[2025-10-10T09:02:30.262+0000] {processor.py:186} INFO - Started process (PID=211) to work on /home/airflow/.local/lib/python3.12/site-packages/airflow/example_dags/example_trigger_target_dag.py
[2025-10-10T09:02:30.282+0000] {processor.py:914} INFO - Processing file /home/airflow/.local/lib/python3.12/site-packages/airflow/example_dags/example_trigger_target_dag.py for tasks to queue
[2025-10-10T09:02:30.317+0000] {logging_mixin.py:190} INFO - [2025-10-10T09:02:30.313+0000] {dagbag.py:587} INFO - Filling up the DagBag from /home/airflow/.local/lib/python3.12/site-packages/airflow/example_dags/example_trigger_target_dag.py
[2025-10-10T09:02:30.383+0000] {processor.py:925} INFO - DAG(s) 'example_trigger_target_dag' retrieved from /home/airflow/.local/lib/python3.12/site-packages/airflow/example_dags/example_trigger_target_dag.py
[2025-10-10T09:02:30.538+0000] {logging_mixin.py:190} INFO - [2025-10-10T09:02:30.536+0000] {dag.py:3211} INFO - Sync 1 DAGs
[2025-10-10T09:02:30.643+0000] {logging_mixin.py:190} INFO - [2025-10-10T09:02:30.641+0000] {dag.py:4138} INFO - Setting next_dagrun for example_trigger_target_dag to None, run_after=None
[2025-10-10T09:02:30.804+0000] {processor.py:208} INFO - Processing /home/airflow/.local/lib/python3.12/site-packages/airflow/example_dags/example_trigger_target_dag.py took 0.587 seconds
[2025-10-10T09:03:00.993+0000] {processor.py:186} INFO - Started process (PID=274) to work on /home/airflow/.local/lib/python3.12/site-packages/airflow/example_dags/example_trigger_target_dag.py
[2025-10-10T09:03:00.996+0000] {processor.py:914} INFO - Processing file /home/airflow/.local/lib/python3.12/site-packages/airflow/example_dags/example_trigger_target_dag.py for tasks to queue
[2025-10-10T09:03:01.006+0000] {logging_mixin.py:190} INFO - [2025-10-10T09:03:01.005+0000] {dagbag.py:587} INFO - Filling up the DagBag from /home/airflow/.local/lib/python3.12/site-packages/airflow/example_dags/example_trigger_target_dag.py
[2025-10-10T09:03:01.037+0000] {processor.py:925} INFO - DAG(s) 'example_trigger_target_dag' retrieved from /home/airflow/.local/lib/python3.12/site-packages/airflow/example_dags/example_trigger_target_dag.py
[2025-10-10T09:03:01.097+0000] {logging_mixin.py:190} INFO - [2025-10-10T09:03:01.096+0000] {dag.py:3211} INFO - Sync 1 DAGs
[2025-10-10T09:03:01.134+0000] {logging_mixin.py:190} INFO - [2025-10-10T09:03:01.134+0000] {dag.py:4138} INFO - Setting next_dagrun for example_trigger_target_dag to None, run_after=None
[2025-10-10T09:03:01.184+0000] {processor.py:208} INFO - Processing /home/airflow/.local/lib/python3.12/site-packages/airflow/example_dags/example_trigger_target_dag.py took 0.211 seconds
[2025-10-10T09:03:31.920+0000] {processor.py:186} INFO - Started process (PID=337) to work on /home/airflow/.local/lib/python3.12/site-packages/airflow/example_dags/example_trigger_target_dag.py
[2025-10-10T09:03:31.926+0000] {processor.py:914} INFO - Processing file /home/airflow/.local/lib/python3.12/site-packages/airflow/example_dags/example_trigger_target_dag.py for tasks to queue
[2025-10-10T09:03:31.941+0000] {logging_mixin.py:190} INFO - [2025-10-10T09:03:31.939+0000] {dagbag.py:587} INFO - Filling up the DagBag from /home/airflow/.local/lib/python3.12/site-packages/airflow/example_dags/example_trigger_target_dag.py
[2025-10-10T09:03:31.984+0000] {processor.py:925} INFO - DAG(s) 'example_trigger_target_dag' retrieved from /home/airflow/.local/lib/python3.12/site-packages/airflow/example_dags/example_trigger_target_dag.py
[2025-10-10T09:03:32.102+0000] {logging_mixin.py:190} INFO - [2025-10-10T09:03:32.102+0000] {dag.py:3211} INFO - Sync 1 DAGs
[2025-10-10T09:03:32.139+0000] {logging_mixin.py:190} INFO - [2025-10-10T09:03:32.138+0000] {dag.py:4138} INFO - Setting next_dagrun for example_trigger_target_dag to None, run_after=None
[2025-10-10T09:03:32.185+0000] {processor.py:208} INFO - Processing /home/airflow/.local/lib/python3.12/site-packages/airflow/example_dags/example_trigger_target_dag.py took 0.301 seconds
[2025-10-10T09:04:02.640+0000] {processor.py:186} INFO - Started process (PID=400) to work on /home/airflow/.local/lib/python3.12/site-packages/airflow/example_dags/example_trigger_target_dag.py
[2025-10-10T09:04:02.647+0000] {processor.py:914} INFO - Processing file /home/airflow/.local/lib/python3.12/site-packages/airflow/example_dags/example_trigger_target_dag.py for tasks to queue
[2025-10-10T09:04:02.667+0000] {logging_mixin.py:190} INFO - [2025-10-10T09:04:02.662+0000] {dagbag.py:587} INFO - Filling up the DagBag from /home/airflow/.local/lib/python3.12/site-packages/airflow/example_dags/example_trigger_target_dag.py
[2025-10-10T09:04:02.719+0000] {processor.py:925} INFO - DAG(s) 'example_trigger_target_dag' retrieved from /home/airflow/.local/lib/python3.12/site-packages/airflow/example_dags/example_trigger_target_dag.py
[2025-10-10T09:04:02.844+0000] {logging_mixin.py:190} INFO - [2025-10-10T09:04:02.843+0000] {dag.py:3211} INFO - Sync 1 DAGs
[2025-10-10T09:04:02.937+0000] {logging_mixin.py:190} INFO - [2025-10-10T09:04:02.936+0000] {dag.py:4138} INFO - Setting next_dagrun for example_trigger_target_dag to None, run_after=None
[2025-10-10T09:04:03.077+0000] {processor.py:208} INFO - Processing /home/airflow/.local/lib/python3.12/site-packages/airflow/example_dags/example_trigger_target_dag.py took 0.473 seconds
[2025-10-10T09:04:33.477+0000] {processor.py:186} INFO - Started process (PID=463) to work on /home/airflow/.local/lib/python3.12/site-packages/airflow/example_dags/example_trigger_target_dag.py
[2025-10-10T09:04:33.480+0000] {processor.py:914} INFO - Processing file /home/airflow/.local/lib/python3.12/site-packages/airflow/example_dags/example_trigger_target_dag.py for tasks to queue
[2025-10-10T09:04:33.486+0000] {logging_mixin.py:190} INFO - [2025-10-10T09:04:33.485+0000] {dagbag.py:587} INFO - Filling up the DagBag from /home/airflow/.local/lib/python3.12/site-packages/airflow/example_dags/example_trigger_target_dag.py
[2025-10-10T09:04:33.506+0000] {processor.py:925} INFO - DAG(s) 'example_trigger_target_dag' retrieved from /home/airflow/.local/lib/python3.12/site-packages/airflow/example_dags/example_trigger_target_dag.py
[2025-10-10T09:04:33.555+0000] {logging_mixin.py:190} INFO - [2025-10-10T09:04:33.555+0000] {dag.py:3211} INFO - Sync 1 DAGs
[2025-10-10T09:04:33.595+0000] {logging_mixin.py:190} INFO - [2025-10-10T09:04:33.594+0000] {dag.py:4138} INFO - Setting next_dagrun for example_trigger_target_dag to None, run_after=None
[2025-10-10T09:04:33.648+0000] {processor.py:208} INFO - Processing /home/airflow/.local/lib/python3.12/site-packages/airflow/example_dags/example_trigger_target_dag.py took 0.189 seconds
[2025-10-10T09:05:04.255+0000] {processor.py:186} INFO - Started process (PID=526) to work on /home/airflow/.local/lib/python3.12/site-packages/airflow/example_dags/example_trigger_target_dag.py
[2025-10-10T09:05:04.259+0000] {processor.py:914} INFO - Processing file /home/airflow/.local/lib/python3.12/site-packages/airflow/example_dags/example_trigger_target_dag.py for tasks to queue
[2025-10-10T09:05:04.269+0000] {logging_mixin.py:190} INFO - [2025-10-10T09:05:04.266+0000] {dagbag.py:587} INFO - Filling up the DagBag from /home/airflow/.local/lib/python3.12/site-packages/airflow/example_dags/example_trigger_target_dag.py
[2025-10-10T09:05:04.290+0000] {processor.py:925} INFO - DAG(s) 'example_trigger_target_dag' retrieved from /home/airflow/.local/lib/python3.12/site-packages/airflow/example_dags/example_trigger_target_dag.py
[2025-10-10T09:05:04.391+0000] {logging_mixin.py:190} INFO - [2025-10-10T09:05:04.390+0000] {dag.py:3211} INFO - Sync 1 DAGs
[2025-10-10T09:05:04.449+0000] {logging_mixin.py:190} INFO - [2025-10-10T09:05:04.448+0000] {dag.py:4138} INFO - Setting next_dagrun for example_trigger_target_dag to None, run_after=None
[2025-10-10T09:05:04.515+0000] {processor.py:208} INFO - Processing /home/airflow/.local/lib/python3.12/site-packages/airflow/example_dags/example_trigger_target_dag.py took 0.284 seconds
[2025-10-10T09:05:34.875+0000] {processor.py:186} INFO - Started process (PID=589) to work on /home/airflow/.local/lib/python3.12/site-packages/airflow/example_dags/example_trigger_target_dag.py
[2025-10-10T09:05:34.880+0000] {processor.py:914} INFO - Processing file /home/airflow/.local/lib/python3.12/site-packages/airflow/example_dags/example_trigger_target_dag.py for tasks to queue
[2025-10-10T09:05:34.889+0000] {logging_mixin.py:190} INFO - [2025-10-10T09:05:34.888+0000] {dagbag.py:587} INFO - Filling up the DagBag from /home/airflow/.local/lib/python3.12/site-packages/airflow/example_dags/example_trigger_target_dag.py
[2025-10-10T09:05:34.922+0000] {processor.py:925} INFO - DAG(s) 'example_trigger_target_dag' retrieved from /home/airflow/.local/lib/python3.12/site-packages/airflow/example_dags/example_trigger_target_dag.py
[2025-10-10T09:05:35.016+0000] {logging_mixin.py:190} INFO - [2025-10-10T09:05:35.016+0000] {dag.py:3211} INFO - Sync 1 DAGs
[2025-10-10T09:05:35.065+0000] {logging_mixin.py:190} INFO - [2025-10-10T09:05:35.065+0000] {dag.py:4138} INFO - Setting next_dagrun for example_trigger_target_dag to None, run_after=None
[2025-10-10T09:05:35.132+0000] {processor.py:208} INFO - Processing /home/airflow/.local/lib/python3.12/site-packages/airflow/example_dags/example_trigger_target_dag.py took 0.281 seconds
