[2025-10-10T08:37:59.910+0000] {processor.py:186} INFO - Started process (PID=114) to work on /home/airflow/.local/lib/python3.12/site-packages/airflow/example_dags/example_params_trigger_ui.py
[2025-10-10T08:37:59.913+0000] {processor.py:914} INFO - Processing file /home/airflow/.local/lib/python3.12/site-packages/airflow/example_dags/example_params_trigger_ui.py for tasks to queue
[2025-10-10T08:37:59.922+0000] {logging_mixin.py:190} INFO - [2025-10-10T08:37:59.921+0000] {dagbag.py:587} INFO - Filling up the DagBag from /home/airflow/.local/lib/python3.12/site-packages/airflow/example_dags/example_params_trigger_ui.py
[2025-10-10T08:37:59.954+0000] {processor.py:925} INFO - DAG(s) 'example_params_trigger_ui' retrieved from /home/airflow/.local/lib/python3.12/site-packages/airflow/example_dags/example_params_trigger_ui.py
[2025-10-10T08:38:00.057+0000] {logging_mixin.py:190} INFO - [2025-10-10T08:38:00.056+0000] {dag.py:3211} INFO - Sync 1 DAGs
[2025-10-10T08:38:00.091+0000] {logging_mixin.py:190} INFO - [2025-10-10T08:38:00.090+0000] {dag.py:4138} INFO - Setting next_dagrun for example_params_trigger_ui to None, run_after=None
[2025-10-10T08:38:00.137+0000] {processor.py:208} INFO - Processing /home/airflow/.local/lib/python3.12/site-packages/airflow/example_dags/example_params_trigger_ui.py took 0.243 seconds
[2025-10-10T08:38:31.136+0000] {processor.py:186} INFO - Started process (PID=177) to work on /home/airflow/.local/lib/python3.12/site-packages/airflow/example_dags/example_params_trigger_ui.py
[2025-10-10T08:38:31.139+0000] {processor.py:914} INFO - Processing file /home/airflow/.local/lib/python3.12/site-packages/airflow/example_dags/example_params_trigger_ui.py for tasks to queue
[2025-10-10T08:38:31.145+0000] {logging_mixin.py:190} INFO - [2025-10-10T08:38:31.144+0000] {dagbag.py:587} INFO - Filling up the DagBag from /home/airflow/.local/lib/python3.12/site-packages/airflow/example_dags/example_params_trigger_ui.py
[2025-10-10T08:38:31.168+0000] {processor.py:925} INFO - DAG(s) 'example_params_trigger_ui' retrieved from /home/airflow/.local/lib/python3.12/site-packages/airflow/example_dags/example_params_trigger_ui.py
[2025-10-10T08:38:31.276+0000] {logging_mixin.py:190} INFO - [2025-10-10T08:38:31.276+0000] {dag.py:3211} INFO - Sync 1 DAGs
[2025-10-10T08:38:31.313+0000] {logging_mixin.py:190} INFO - [2025-10-10T08:38:31.312+0000] {dag.py:4138} INFO - Setting next_dagrun for example_params_trigger_ui to None, run_after=None
[2025-10-10T08:38:31.396+0000] {processor.py:208} INFO - Processing /home/airflow/.local/lib/python3.12/site-packages/airflow/example_dags/example_params_trigger_ui.py took 0.276 seconds
[2025-10-10T08:39:02.949+0000] {processor.py:186} INFO - Started process (PID=240) to work on /home/airflow/.local/lib/python3.12/site-packages/airflow/example_dags/example_params_trigger_ui.py
[2025-10-10T08:39:02.955+0000] {processor.py:914} INFO - Processing file /home/airflow/.local/lib/python3.12/site-packages/airflow/example_dags/example_params_trigger_ui.py for tasks to queue
[2025-10-10T08:39:02.962+0000] {logging_mixin.py:190} INFO - [2025-10-10T08:39:02.961+0000] {dagbag.py:587} INFO - Filling up the DagBag from /home/airflow/.local/lib/python3.12/site-packages/airflow/example_dags/example_params_trigger_ui.py
[2025-10-10T08:39:03.003+0000] {processor.py:925} INFO - DAG(s) 'example_params_trigger_ui' retrieved from /home/airflow/.local/lib/python3.12/site-packages/airflow/example_dags/example_params_trigger_ui.py
[2025-10-10T08:39:03.137+0000] {logging_mixin.py:190} INFO - [2025-10-10T08:39:03.137+0000] {dag.py:3211} INFO - Sync 1 DAGs
[2025-10-10T08:39:03.189+0000] {logging_mixin.py:190} INFO - [2025-10-10T08:39:03.188+0000] {dag.py:4138} INFO - Setting next_dagrun for example_params_trigger_ui to None, run_after=None
[2025-10-10T08:39:03.258+0000] {processor.py:208} INFO - Processing /home/airflow/.local/lib/python3.12/site-packages/airflow/example_dags/example_params_trigger_ui.py took 0.329 seconds
[2025-10-10T08:39:33.662+0000] {processor.py:186} INFO - Started process (PID=303) to work on /home/airflow/.local/lib/python3.12/site-packages/airflow/example_dags/example_params_trigger_ui.py
[2025-10-10T08:39:33.670+0000] {processor.py:914} INFO - Processing file /home/airflow/.local/lib/python3.12/site-packages/airflow/example_dags/example_params_trigger_ui.py for tasks to queue
[2025-10-10T08:39:33.682+0000] {logging_mixin.py:190} INFO - [2025-10-10T08:39:33.681+0000] {dagbag.py:587} INFO - Filling up the DagBag from /home/airflow/.local/lib/python3.12/site-packages/airflow/example_dags/example_params_trigger_ui.py
[2025-10-10T08:39:33.726+0000] {processor.py:925} INFO - DAG(s) 'example_params_trigger_ui' retrieved from /home/airflow/.local/lib/python3.12/site-packages/airflow/example_dags/example_params_trigger_ui.py
[2025-10-10T08:39:33.848+0000] {logging_mixin.py:190} INFO - [2025-10-10T08:39:33.847+0000] {dag.py:3211} INFO - Sync 1 DAGs
[2025-10-10T08:39:33.891+0000] {logging_mixin.py:190} INFO - [2025-10-10T08:39:33.890+0000] {dag.py:4138} INFO - Setting next_dagrun for example_params_trigger_ui to None, run_after=None
[2025-10-10T08:39:33.946+0000] {processor.py:208} INFO - Processing /home/airflow/.local/lib/python3.12/site-packages/airflow/example_dags/example_params_trigger_ui.py took 0.304 seconds
[2025-10-10T08:40:06.169+0000] {processor.py:186} INFO - Started process (PID=366) to work on /home/airflow/.local/lib/python3.12/site-packages/airflow/example_dags/example_params_trigger_ui.py
[2025-10-10T08:40:06.171+0000] {processor.py:914} INFO - Processing file /home/airflow/.local/lib/python3.12/site-packages/airflow/example_dags/example_params_trigger_ui.py for tasks to queue
[2025-10-10T08:40:06.177+0000] {logging_mixin.py:190} INFO - [2025-10-10T08:40:06.176+0000] {dagbag.py:587} INFO - Filling up the DagBag from /home/airflow/.local/lib/python3.12/site-packages/airflow/example_dags/example_params_trigger_ui.py
[2025-10-10T08:40:06.202+0000] {processor.py:925} INFO - DAG(s) 'example_params_trigger_ui' retrieved from /home/airflow/.local/lib/python3.12/site-packages/airflow/example_dags/example_params_trigger_ui.py
[2025-10-10T08:40:06.333+0000] {logging_mixin.py:190} INFO - [2025-10-10T08:40:06.333+0000] {dag.py:3211} INFO - Sync 1 DAGs
[2025-10-10T08:40:06.381+0000] {logging_mixin.py:190} INFO - [2025-10-10T08:40:06.381+0000] {dag.py:4138} INFO - Setting next_dagrun for example_params_trigger_ui to None, run_after=None
[2025-10-10T08:40:06.428+0000] {processor.py:208} INFO - Processing /home/airflow/.local/lib/python3.12/site-packages/airflow/example_dags/example_params_trigger_ui.py took 0.273 seconds
[2025-10-10T08:40:38.150+0000] {processor.py:186} INFO - Started process (PID=429) to work on /home/airflow/.local/lib/python3.12/site-packages/airflow/example_dags/example_params_trigger_ui.py
[2025-10-10T08:40:38.154+0000] {processor.py:914} INFO - Processing file /home/airflow/.local/lib/python3.12/site-packages/airflow/example_dags/example_params_trigger_ui.py for tasks to queue
[2025-10-10T08:40:38.161+0000] {logging_mixin.py:190} INFO - [2025-10-10T08:40:38.160+0000] {dagbag.py:587} INFO - Filling up the DagBag from /home/airflow/.local/lib/python3.12/site-packages/airflow/example_dags/example_params_trigger_ui.py
[2025-10-10T08:40:38.198+0000] {processor.py:925} INFO - DAG(s) 'example_params_trigger_ui' retrieved from /home/airflow/.local/lib/python3.12/site-packages/airflow/example_dags/example_params_trigger_ui.py
[2025-10-10T08:40:38.310+0000] {logging_mixin.py:190} INFO - [2025-10-10T08:40:38.309+0000] {dag.py:3211} INFO - Sync 1 DAGs
[2025-10-10T08:40:38.358+0000] {logging_mixin.py:190} INFO - [2025-10-10T08:40:38.357+0000] {dag.py:4138} INFO - Setting next_dagrun for example_params_trigger_ui to None, run_after=None
[2025-10-10T08:40:38.444+0000] {processor.py:208} INFO - Processing /home/airflow/.local/lib/python3.12/site-packages/airflow/example_dags/example_params_trigger_ui.py took 0.313 seconds
[2025-10-10T08:41:09.174+0000] {processor.py:186} INFO - Started process (PID=492) to work on /home/airflow/.local/lib/python3.12/site-packages/airflow/example_dags/example_params_trigger_ui.py
[2025-10-10T08:41:09.179+0000] {processor.py:914} INFO - Processing file /home/airflow/.local/lib/python3.12/site-packages/airflow/example_dags/example_params_trigger_ui.py for tasks to queue
[2025-10-10T08:41:09.194+0000] {logging_mixin.py:190} INFO - [2025-10-10T08:41:09.193+0000] {dagbag.py:587} INFO - Filling up the DagBag from /home/airflow/.local/lib/python3.12/site-packages/airflow/example_dags/example_params_trigger_ui.py
[2025-10-10T08:41:09.278+0000] {processor.py:925} INFO - DAG(s) 'example_params_trigger_ui' retrieved from /home/airflow/.local/lib/python3.12/site-packages/airflow/example_dags/example_params_trigger_ui.py
[2025-10-10T08:41:09.444+0000] {logging_mixin.py:190} INFO - [2025-10-10T08:41:09.444+0000] {dag.py:3211} INFO - Sync 1 DAGs
[2025-10-10T08:41:09.487+0000] {logging_mixin.py:190} INFO - [2025-10-10T08:41:09.486+0000] {dag.py:4138} INFO - Setting next_dagrun for example_params_trigger_ui to None, run_after=None
[2025-10-10T08:41:09.527+0000] {processor.py:208} INFO - Processing /home/airflow/.local/lib/python3.12/site-packages/airflow/example_dags/example_params_trigger_ui.py took 0.383 seconds
[2025-10-10T08:41:40.688+0000] {processor.py:186} INFO - Started process (PID=561) to work on /home/airflow/.local/lib/python3.12/site-packages/airflow/example_dags/example_params_trigger_ui.py
[2025-10-10T08:41:40.691+0000] {processor.py:914} INFO - Processing file /home/airflow/.local/lib/python3.12/site-packages/airflow/example_dags/example_params_trigger_ui.py for tasks to queue
[2025-10-10T08:41:40.696+0000] {logging_mixin.py:190} INFO - [2025-10-10T08:41:40.695+0000] {dagbag.py:587} INFO - Filling up the DagBag from /home/airflow/.local/lib/python3.12/site-packages/airflow/example_dags/example_params_trigger_ui.py
[2025-10-10T08:41:40.726+0000] {processor.py:925} INFO - DAG(s) 'example_params_trigger_ui' retrieved from /home/airflow/.local/lib/python3.12/site-packages/airflow/example_dags/example_params_trigger_ui.py
[2025-10-10T08:41:40.821+0000] {logging_mixin.py:190} INFO - [2025-10-10T08:41:40.820+0000] {dag.py:3211} INFO - Sync 1 DAGs
[2025-10-10T08:41:40.853+0000] {logging_mixin.py:190} INFO - [2025-10-10T08:41:40.852+0000] {dag.py:4138} INFO - Setting next_dagrun for example_params_trigger_ui to None, run_after=None
[2025-10-10T08:41:40.914+0000] {processor.py:208} INFO - Processing /home/airflow/.local/lib/python3.12/site-packages/airflow/example_dags/example_params_trigger_ui.py took 0.243 seconds
[2025-10-10T08:42:12.009+0000] {processor.py:186} INFO - Started process (PID=624) to work on /home/airflow/.local/lib/python3.12/site-packages/airflow/example_dags/example_params_trigger_ui.py
[2025-10-10T08:42:12.011+0000] {processor.py:914} INFO - Processing file /home/airflow/.local/lib/python3.12/site-packages/airflow/example_dags/example_params_trigger_ui.py for tasks to queue
[2025-10-10T08:42:12.018+0000] {logging_mixin.py:190} INFO - [2025-10-10T08:42:12.017+0000] {dagbag.py:587} INFO - Filling up the DagBag from /home/airflow/.local/lib/python3.12/site-packages/airflow/example_dags/example_params_trigger_ui.py
[2025-10-10T08:42:12.043+0000] {processor.py:925} INFO - DAG(s) 'example_params_trigger_ui' retrieved from /home/airflow/.local/lib/python3.12/site-packages/airflow/example_dags/example_params_trigger_ui.py
[2025-10-10T08:42:12.177+0000] {logging_mixin.py:190} INFO - [2025-10-10T08:42:12.176+0000] {dag.py:3211} INFO - Sync 1 DAGs
[2025-10-10T08:42:12.225+0000] {logging_mixin.py:190} INFO - [2025-10-10T08:42:12.224+0000] {dag.py:4138} INFO - Setting next_dagrun for example_params_trigger_ui to None, run_after=None
[2025-10-10T08:42:12.304+0000] {processor.py:208} INFO - Processing /home/airflow/.local/lib/python3.12/site-packages/airflow/example_dags/example_params_trigger_ui.py took 0.311 seconds
[2025-10-10T08:42:42.857+0000] {processor.py:186} INFO - Started process (PID=687) to work on /home/airflow/.local/lib/python3.12/site-packages/airflow/example_dags/example_params_trigger_ui.py
[2025-10-10T08:42:42.860+0000] {processor.py:914} INFO - Processing file /home/airflow/.local/lib/python3.12/site-packages/airflow/example_dags/example_params_trigger_ui.py for tasks to queue
[2025-10-10T08:42:42.866+0000] {logging_mixin.py:190} INFO - [2025-10-10T08:42:42.865+0000] {dagbag.py:587} INFO - Filling up the DagBag from /home/airflow/.local/lib/python3.12/site-packages/airflow/example_dags/example_params_trigger_ui.py
[2025-10-10T08:42:42.891+0000] {processor.py:925} INFO - DAG(s) 'example_params_trigger_ui' retrieved from /home/airflow/.local/lib/python3.12/site-packages/airflow/example_dags/example_params_trigger_ui.py
[2025-10-10T08:42:42.975+0000] {logging_mixin.py:190} INFO - [2025-10-10T08:42:42.975+0000] {dag.py:3211} INFO - Sync 1 DAGs
[2025-10-10T08:42:43.005+0000] {logging_mixin.py:190} INFO - [2025-10-10T08:42:43.005+0000] {dag.py:4138} INFO - Setting next_dagrun for example_params_trigger_ui to None, run_after=None
[2025-10-10T08:42:43.055+0000] {processor.py:208} INFO - Processing /home/airflow/.local/lib/python3.12/site-packages/airflow/example_dags/example_params_trigger_ui.py took 0.211 seconds
[2025-10-10T08:43:13.202+0000] {processor.py:186} INFO - Started process (PID=750) to work on /home/airflow/.local/lib/python3.12/site-packages/airflow/example_dags/example_params_trigger_ui.py
[2025-10-10T08:43:13.204+0000] {processor.py:914} INFO - Processing file /home/airflow/.local/lib/python3.12/site-packages/airflow/example_dags/example_params_trigger_ui.py for tasks to queue
[2025-10-10T08:43:13.211+0000] {logging_mixin.py:190} INFO - [2025-10-10T08:43:13.210+0000] {dagbag.py:587} INFO - Filling up the DagBag from /home/airflow/.local/lib/python3.12/site-packages/airflow/example_dags/example_params_trigger_ui.py
[2025-10-10T08:43:13.243+0000] {processor.py:925} INFO - DAG(s) 'example_params_trigger_ui' retrieved from /home/airflow/.local/lib/python3.12/site-packages/airflow/example_dags/example_params_trigger_ui.py
[2025-10-10T08:43:13.348+0000] {logging_mixin.py:190} INFO - [2025-10-10T08:43:13.348+0000] {dag.py:3211} INFO - Sync 1 DAGs
[2025-10-10T08:43:13.406+0000] {logging_mixin.py:190} INFO - [2025-10-10T08:43:13.404+0000] {dag.py:4138} INFO - Setting next_dagrun for example_params_trigger_ui to None, run_after=None
[2025-10-10T08:43:13.467+0000] {processor.py:208} INFO - Processing /home/airflow/.local/lib/python3.12/site-packages/airflow/example_dags/example_params_trigger_ui.py took 0.281 seconds
[2025-10-10T08:43:44.591+0000] {processor.py:186} INFO - Started process (PID=813) to work on /home/airflow/.local/lib/python3.12/site-packages/airflow/example_dags/example_params_trigger_ui.py
[2025-10-10T08:43:44.594+0000] {processor.py:914} INFO - Processing file /home/airflow/.local/lib/python3.12/site-packages/airflow/example_dags/example_params_trigger_ui.py for tasks to queue
[2025-10-10T08:43:44.604+0000] {logging_mixin.py:190} INFO - [2025-10-10T08:43:44.603+0000] {dagbag.py:587} INFO - Filling up the DagBag from /home/airflow/.local/lib/python3.12/site-packages/airflow/example_dags/example_params_trigger_ui.py
[2025-10-10T08:43:44.646+0000] {processor.py:925} INFO - DAG(s) 'example_params_trigger_ui' retrieved from /home/airflow/.local/lib/python3.12/site-packages/airflow/example_dags/example_params_trigger_ui.py
[2025-10-10T08:43:44.787+0000] {logging_mixin.py:190} INFO - [2025-10-10T08:43:44.787+0000] {dag.py:3211} INFO - Sync 1 DAGs
[2025-10-10T08:43:44.828+0000] {logging_mixin.py:190} INFO - [2025-10-10T08:43:44.827+0000] {dag.py:4138} INFO - Setting next_dagrun for example_params_trigger_ui to None, run_after=None
[2025-10-10T08:43:44.881+0000] {processor.py:208} INFO - Processing /home/airflow/.local/lib/python3.12/site-packages/airflow/example_dags/example_params_trigger_ui.py took 0.313 seconds
[2025-10-10T08:44:15.950+0000] {processor.py:186} INFO - Started process (PID=875) to work on /home/airflow/.local/lib/python3.12/site-packages/airflow/example_dags/example_params_trigger_ui.py
[2025-10-10T08:44:15.956+0000] {processor.py:914} INFO - Processing file /home/airflow/.local/lib/python3.12/site-packages/airflow/example_dags/example_params_trigger_ui.py for tasks to queue
[2025-10-10T08:44:15.973+0000] {logging_mixin.py:190} INFO - [2025-10-10T08:44:15.971+0000] {dagbag.py:587} INFO - Filling up the DagBag from /home/airflow/.local/lib/python3.12/site-packages/airflow/example_dags/example_params_trigger_ui.py
[2025-10-10T08:44:16.051+0000] {processor.py:925} INFO - DAG(s) 'example_params_trigger_ui' retrieved from /home/airflow/.local/lib/python3.12/site-packages/airflow/example_dags/example_params_trigger_ui.py
[2025-10-10T08:44:16.259+0000] {logging_mixin.py:190} INFO - [2025-10-10T08:44:16.258+0000] {dag.py:3211} INFO - Sync 1 DAGs
[2025-10-10T08:44:16.302+0000] {logging_mixin.py:190} INFO - [2025-10-10T08:44:16.301+0000] {dag.py:4138} INFO - Setting next_dagrun for example_params_trigger_ui to None, run_after=None
[2025-10-10T08:44:16.349+0000] {processor.py:208} INFO - Processing /home/airflow/.local/lib/python3.12/site-packages/airflow/example_dags/example_params_trigger_ui.py took 0.437 seconds
[2025-10-10T08:44:48.000+0000] {processor.py:186} INFO - Started process (PID=938) to work on /home/airflow/.local/lib/python3.12/site-packages/airflow/example_dags/example_params_trigger_ui.py
[2025-10-10T08:44:48.003+0000] {processor.py:914} INFO - Processing file /home/airflow/.local/lib/python3.12/site-packages/airflow/example_dags/example_params_trigger_ui.py for tasks to queue
[2025-10-10T08:44:48.010+0000] {logging_mixin.py:190} INFO - [2025-10-10T08:44:48.009+0000] {dagbag.py:587} INFO - Filling up the DagBag from /home/airflow/.local/lib/python3.12/site-packages/airflow/example_dags/example_params_trigger_ui.py
[2025-10-10T08:44:48.043+0000] {processor.py:925} INFO - DAG(s) 'example_params_trigger_ui' retrieved from /home/airflow/.local/lib/python3.12/site-packages/airflow/example_dags/example_params_trigger_ui.py
[2025-10-10T08:44:48.159+0000] {logging_mixin.py:190} INFO - [2025-10-10T08:44:48.158+0000] {dag.py:3211} INFO - Sync 1 DAGs
[2025-10-10T08:44:48.195+0000] {logging_mixin.py:190} INFO - [2025-10-10T08:44:48.194+0000] {dag.py:4138} INFO - Setting next_dagrun for example_params_trigger_ui to None, run_after=None
[2025-10-10T08:44:48.256+0000] {processor.py:208} INFO - Processing /home/airflow/.local/lib/python3.12/site-packages/airflow/example_dags/example_params_trigger_ui.py took 0.271 seconds
[2025-10-10T08:45:18.560+0000] {processor.py:186} INFO - Started process (PID=1001) to work on /home/airflow/.local/lib/python3.12/site-packages/airflow/example_dags/example_params_trigger_ui.py
[2025-10-10T08:45:18.562+0000] {processor.py:914} INFO - Processing file /home/airflow/.local/lib/python3.12/site-packages/airflow/example_dags/example_params_trigger_ui.py for tasks to queue
[2025-10-10T08:45:18.571+0000] {logging_mixin.py:190} INFO - [2025-10-10T08:45:18.569+0000] {dagbag.py:587} INFO - Filling up the DagBag from /home/airflow/.local/lib/python3.12/site-packages/airflow/example_dags/example_params_trigger_ui.py
[2025-10-10T08:45:18.609+0000] {processor.py:925} INFO - DAG(s) 'example_params_trigger_ui' retrieved from /home/airflow/.local/lib/python3.12/site-packages/airflow/example_dags/example_params_trigger_ui.py
[2025-10-10T08:45:18.713+0000] {logging_mixin.py:190} INFO - [2025-10-10T08:45:18.712+0000] {dag.py:3211} INFO - Sync 1 DAGs
[2025-10-10T08:45:18.741+0000] {logging_mixin.py:190} INFO - [2025-10-10T08:45:18.741+0000] {dag.py:4138} INFO - Setting next_dagrun for example_params_trigger_ui to None, run_after=None
[2025-10-10T08:45:18.780+0000] {processor.py:208} INFO - Processing /home/airflow/.local/lib/python3.12/site-packages/airflow/example_dags/example_params_trigger_ui.py took 0.240 seconds
[2025-10-10T08:45:49.894+0000] {processor.py:186} INFO - Started process (PID=1064) to work on /home/airflow/.local/lib/python3.12/site-packages/airflow/example_dags/example_params_trigger_ui.py
[2025-10-10T08:45:49.897+0000] {processor.py:914} INFO - Processing file /home/airflow/.local/lib/python3.12/site-packages/airflow/example_dags/example_params_trigger_ui.py for tasks to queue
[2025-10-10T08:45:49.904+0000] {logging_mixin.py:190} INFO - [2025-10-10T08:45:49.904+0000] {dagbag.py:587} INFO - Filling up the DagBag from /home/airflow/.local/lib/python3.12/site-packages/airflow/example_dags/example_params_trigger_ui.py
[2025-10-10T08:45:49.935+0000] {processor.py:925} INFO - DAG(s) 'example_params_trigger_ui' retrieved from /home/airflow/.local/lib/python3.12/site-packages/airflow/example_dags/example_params_trigger_ui.py
[2025-10-10T08:45:50.099+0000] {logging_mixin.py:190} INFO - [2025-10-10T08:45:50.098+0000] {dag.py:3211} INFO - Sync 1 DAGs
[2025-10-10T08:45:50.135+0000] {logging_mixin.py:190} INFO - [2025-10-10T08:45:50.135+0000] {dag.py:4138} INFO - Setting next_dagrun for example_params_trigger_ui to None, run_after=None
[2025-10-10T08:45:50.180+0000] {processor.py:208} INFO - Processing /home/airflow/.local/lib/python3.12/site-packages/airflow/example_dags/example_params_trigger_ui.py took 0.309 seconds
[2025-10-10T08:46:22.170+0000] {processor.py:186} INFO - Started process (PID=1127) to work on /home/airflow/.local/lib/python3.12/site-packages/airflow/example_dags/example_params_trigger_ui.py
[2025-10-10T08:46:22.198+0000] {processor.py:914} INFO - Processing file /home/airflow/.local/lib/python3.12/site-packages/airflow/example_dags/example_params_trigger_ui.py for tasks to queue
[2025-10-10T08:46:22.216+0000] {logging_mixin.py:190} INFO - [2025-10-10T08:46:22.209+0000] {dagbag.py:587} INFO - Filling up the DagBag from /home/airflow/.local/lib/python3.12/site-packages/airflow/example_dags/example_params_trigger_ui.py
[2025-10-10T08:46:22.269+0000] {processor.py:925} INFO - DAG(s) 'example_params_trigger_ui' retrieved from /home/airflow/.local/lib/python3.12/site-packages/airflow/example_dags/example_params_trigger_ui.py
[2025-10-10T08:46:22.467+0000] {logging_mixin.py:190} INFO - [2025-10-10T08:46:22.466+0000] {dag.py:3211} INFO - Sync 1 DAGs
[2025-10-10T08:46:22.526+0000] {logging_mixin.py:190} INFO - [2025-10-10T08:46:22.525+0000] {dag.py:4138} INFO - Setting next_dagrun for example_params_trigger_ui to None, run_after=None
[2025-10-10T08:46:22.586+0000] {processor.py:208} INFO - Processing /home/airflow/.local/lib/python3.12/site-packages/airflow/example_dags/example_params_trigger_ui.py took 0.470 seconds
[2025-10-10T08:46:52.719+0000] {processor.py:186} INFO - Started process (PID=1190) to work on /home/airflow/.local/lib/python3.12/site-packages/airflow/example_dags/example_params_trigger_ui.py
[2025-10-10T08:46:52.722+0000] {processor.py:914} INFO - Processing file /home/airflow/.local/lib/python3.12/site-packages/airflow/example_dags/example_params_trigger_ui.py for tasks to queue
[2025-10-10T08:46:52.731+0000] {logging_mixin.py:190} INFO - [2025-10-10T08:46:52.730+0000] {dagbag.py:587} INFO - Filling up the DagBag from /home/airflow/.local/lib/python3.12/site-packages/airflow/example_dags/example_params_trigger_ui.py
[2025-10-10T08:46:52.760+0000] {processor.py:925} INFO - DAG(s) 'example_params_trigger_ui' retrieved from /home/airflow/.local/lib/python3.12/site-packages/airflow/example_dags/example_params_trigger_ui.py
[2025-10-10T08:46:52.865+0000] {logging_mixin.py:190} INFO - [2025-10-10T08:46:52.864+0000] {dag.py:3211} INFO - Sync 1 DAGs
[2025-10-10T08:46:52.906+0000] {logging_mixin.py:190} INFO - [2025-10-10T08:46:52.906+0000] {dag.py:4138} INFO - Setting next_dagrun for example_params_trigger_ui to None, run_after=None
[2025-10-10T08:46:52.959+0000] {processor.py:208} INFO - Processing /home/airflow/.local/lib/python3.12/site-packages/airflow/example_dags/example_params_trigger_ui.py took 0.259 seconds
[2025-10-10T08:47:24.674+0000] {processor.py:186} INFO - Started process (PID=1253) to work on /home/airflow/.local/lib/python3.12/site-packages/airflow/example_dags/example_params_trigger_ui.py
[2025-10-10T08:47:24.677+0000] {processor.py:914} INFO - Processing file /home/airflow/.local/lib/python3.12/site-packages/airflow/example_dags/example_params_trigger_ui.py for tasks to queue
[2025-10-10T08:47:24.684+0000] {logging_mixin.py:190} INFO - [2025-10-10T08:47:24.683+0000] {dagbag.py:587} INFO - Filling up the DagBag from /home/airflow/.local/lib/python3.12/site-packages/airflow/example_dags/example_params_trigger_ui.py
[2025-10-10T08:47:24.707+0000] {processor.py:925} INFO - DAG(s) 'example_params_trigger_ui' retrieved from /home/airflow/.local/lib/python3.12/site-packages/airflow/example_dags/example_params_trigger_ui.py
[2025-10-10T08:47:25.052+0000] {logging_mixin.py:190} INFO - [2025-10-10T08:47:25.051+0000] {dag.py:3211} INFO - Sync 1 DAGs
[2025-10-10T08:47:25.087+0000] {logging_mixin.py:190} INFO - [2025-10-10T08:47:25.086+0000] {dag.py:4138} INFO - Setting next_dagrun for example_params_trigger_ui to None, run_after=None
[2025-10-10T08:47:25.130+0000] {processor.py:208} INFO - Processing /home/airflow/.local/lib/python3.12/site-packages/airflow/example_dags/example_params_trigger_ui.py took 0.266 seconds
[2025-10-10T08:47:55.522+0000] {processor.py:186} INFO - Started process (PID=1317) to work on /home/airflow/.local/lib/python3.12/site-packages/airflow/example_dags/example_params_trigger_ui.py
[2025-10-10T08:47:55.525+0000] {processor.py:914} INFO - Processing file /home/airflow/.local/lib/python3.12/site-packages/airflow/example_dags/example_params_trigger_ui.py for tasks to queue
[2025-10-10T08:47:55.531+0000] {logging_mixin.py:190} INFO - [2025-10-10T08:47:55.530+0000] {dagbag.py:587} INFO - Filling up the DagBag from /home/airflow/.local/lib/python3.12/site-packages/airflow/example_dags/example_params_trigger_ui.py
[2025-10-10T08:47:55.561+0000] {processor.py:925} INFO - DAG(s) 'example_params_trigger_ui' retrieved from /home/airflow/.local/lib/python3.12/site-packages/airflow/example_dags/example_params_trigger_ui.py
[2025-10-10T08:47:55.658+0000] {logging_mixin.py:190} INFO - [2025-10-10T08:47:55.657+0000] {dag.py:3211} INFO - Sync 1 DAGs
[2025-10-10T08:47:55.691+0000] {logging_mixin.py:190} INFO - [2025-10-10T08:47:55.691+0000] {dag.py:4138} INFO - Setting next_dagrun for example_params_trigger_ui to None, run_after=None
[2025-10-10T08:47:55.737+0000] {processor.py:208} INFO - Processing /home/airflow/.local/lib/python3.12/site-packages/airflow/example_dags/example_params_trigger_ui.py took 0.235 seconds
[2025-10-10T08:48:26.126+0000] {processor.py:186} INFO - Started process (PID=1380) to work on /home/airflow/.local/lib/python3.12/site-packages/airflow/example_dags/example_params_trigger_ui.py
[2025-10-10T08:48:26.128+0000] {processor.py:914} INFO - Processing file /home/airflow/.local/lib/python3.12/site-packages/airflow/example_dags/example_params_trigger_ui.py for tasks to queue
[2025-10-10T08:48:26.134+0000] {logging_mixin.py:190} INFO - [2025-10-10T08:48:26.134+0000] {dagbag.py:587} INFO - Filling up the DagBag from /home/airflow/.local/lib/python3.12/site-packages/airflow/example_dags/example_params_trigger_ui.py
[2025-10-10T08:48:26.161+0000] {processor.py:925} INFO - DAG(s) 'example_params_trigger_ui' retrieved from /home/airflow/.local/lib/python3.12/site-packages/airflow/example_dags/example_params_trigger_ui.py
[2025-10-10T08:48:26.241+0000] {logging_mixin.py:190} INFO - [2025-10-10T08:48:26.241+0000] {dag.py:3211} INFO - Sync 1 DAGs
[2025-10-10T08:48:26.270+0000] {logging_mixin.py:190} INFO - [2025-10-10T08:48:26.269+0000] {dag.py:4138} INFO - Setting next_dagrun for example_params_trigger_ui to None, run_after=None
[2025-10-10T08:48:26.321+0000] {processor.py:208} INFO - Processing /home/airflow/.local/lib/python3.12/site-packages/airflow/example_dags/example_params_trigger_ui.py took 0.217 seconds
[2025-10-10T08:48:56.876+0000] {processor.py:186} INFO - Started process (PID=1442) to work on /home/airflow/.local/lib/python3.12/site-packages/airflow/example_dags/example_params_trigger_ui.py
[2025-10-10T08:48:56.880+0000] {processor.py:914} INFO - Processing file /home/airflow/.local/lib/python3.12/site-packages/airflow/example_dags/example_params_trigger_ui.py for tasks to queue
[2025-10-10T08:48:56.888+0000] {logging_mixin.py:190} INFO - [2025-10-10T08:48:56.887+0000] {dagbag.py:587} INFO - Filling up the DagBag from /home/airflow/.local/lib/python3.12/site-packages/airflow/example_dags/example_params_trigger_ui.py
[2025-10-10T08:48:56.920+0000] {processor.py:925} INFO - DAG(s) 'example_params_trigger_ui' retrieved from /home/airflow/.local/lib/python3.12/site-packages/airflow/example_dags/example_params_trigger_ui.py
[2025-10-10T08:48:57.062+0000] {logging_mixin.py:190} INFO - [2025-10-10T08:48:57.062+0000] {dag.py:3211} INFO - Sync 1 DAGs
[2025-10-10T08:48:57.111+0000] {logging_mixin.py:190} INFO - [2025-10-10T08:48:57.111+0000] {dag.py:4138} INFO - Setting next_dagrun for example_params_trigger_ui to None, run_after=None
[2025-10-10T08:48:57.163+0000] {processor.py:208} INFO - Processing /home/airflow/.local/lib/python3.12/site-packages/airflow/example_dags/example_params_trigger_ui.py took 0.307 seconds
[2025-10-10T08:54:03.271+0000] {processor.py:186} INFO - Started process (PID=123) to work on /home/airflow/.local/lib/python3.12/site-packages/airflow/example_dags/example_params_trigger_ui.py
[2025-10-10T08:54:03.274+0000] {processor.py:914} INFO - Processing file /home/airflow/.local/lib/python3.12/site-packages/airflow/example_dags/example_params_trigger_ui.py for tasks to queue
[2025-10-10T08:54:03.281+0000] {logging_mixin.py:190} INFO - [2025-10-10T08:54:03.280+0000] {dagbag.py:587} INFO - Filling up the DagBag from /home/airflow/.local/lib/python3.12/site-packages/airflow/example_dags/example_params_trigger_ui.py
[2025-10-10T08:54:03.309+0000] {processor.py:925} INFO - DAG(s) 'example_params_trigger_ui' retrieved from /home/airflow/.local/lib/python3.12/site-packages/airflow/example_dags/example_params_trigger_ui.py
[2025-10-10T08:54:03.426+0000] {logging_mixin.py:190} INFO - [2025-10-10T08:54:03.425+0000] {dag.py:3211} INFO - Sync 1 DAGs
[2025-10-10T08:54:03.479+0000] {logging_mixin.py:190} INFO - [2025-10-10T08:54:03.479+0000] {dag.py:4138} INFO - Setting next_dagrun for example_params_trigger_ui to None, run_after=None
[2025-10-10T08:54:03.532+0000] {processor.py:208} INFO - Processing /home/airflow/.local/lib/python3.12/site-packages/airflow/example_dags/example_params_trigger_ui.py took 0.276 seconds
[2025-10-10T08:54:33.854+0000] {processor.py:186} INFO - Started process (PID=187) to work on /home/airflow/.local/lib/python3.12/site-packages/airflow/example_dags/example_params_trigger_ui.py
[2025-10-10T08:54:33.856+0000] {processor.py:914} INFO - Processing file /home/airflow/.local/lib/python3.12/site-packages/airflow/example_dags/example_params_trigger_ui.py for tasks to queue
[2025-10-10T08:54:33.862+0000] {logging_mixin.py:190} INFO - [2025-10-10T08:54:33.861+0000] {dagbag.py:587} INFO - Filling up the DagBag from /home/airflow/.local/lib/python3.12/site-packages/airflow/example_dags/example_params_trigger_ui.py
[2025-10-10T08:54:33.890+0000] {processor.py:925} INFO - DAG(s) 'example_params_trigger_ui' retrieved from /home/airflow/.local/lib/python3.12/site-packages/airflow/example_dags/example_params_trigger_ui.py
[2025-10-10T08:54:33.993+0000] {logging_mixin.py:190} INFO - [2025-10-10T08:54:33.991+0000] {dag.py:3211} INFO - Sync 1 DAGs
[2025-10-10T08:54:34.096+0000] {logging_mixin.py:190} INFO - [2025-10-10T08:54:34.094+0000] {dag.py:4138} INFO - Setting next_dagrun for example_params_trigger_ui to None, run_after=None
[2025-10-10T08:54:34.195+0000] {processor.py:208} INFO - Processing /home/airflow/.local/lib/python3.12/site-packages/airflow/example_dags/example_params_trigger_ui.py took 0.355 seconds
[2025-10-10T08:55:05.315+0000] {processor.py:186} INFO - Started process (PID=250) to work on /home/airflow/.local/lib/python3.12/site-packages/airflow/example_dags/example_params_trigger_ui.py
[2025-10-10T08:55:05.319+0000] {processor.py:914} INFO - Processing file /home/airflow/.local/lib/python3.12/site-packages/airflow/example_dags/example_params_trigger_ui.py for tasks to queue
[2025-10-10T08:55:05.328+0000] {logging_mixin.py:190} INFO - [2025-10-10T08:55:05.327+0000] {dagbag.py:587} INFO - Filling up the DagBag from /home/airflow/.local/lib/python3.12/site-packages/airflow/example_dags/example_params_trigger_ui.py
[2025-10-10T08:55:05.363+0000] {processor.py:925} INFO - DAG(s) 'example_params_trigger_ui' retrieved from /home/airflow/.local/lib/python3.12/site-packages/airflow/example_dags/example_params_trigger_ui.py
[2025-10-10T08:55:05.497+0000] {logging_mixin.py:190} INFO - [2025-10-10T08:55:05.496+0000] {dag.py:3211} INFO - Sync 1 DAGs
[2025-10-10T08:55:05.540+0000] {logging_mixin.py:190} INFO - [2025-10-10T08:55:05.540+0000] {dag.py:4138} INFO - Setting next_dagrun for example_params_trigger_ui to None, run_after=None
[2025-10-10T08:55:05.614+0000] {processor.py:208} INFO - Processing /home/airflow/.local/lib/python3.12/site-packages/airflow/example_dags/example_params_trigger_ui.py took 0.322 seconds
[2025-10-10T08:58:12.647+0000] {processor.py:186} INFO - Started process (PID=118) to work on /home/airflow/.local/lib/python3.12/site-packages/airflow/example_dags/example_params_trigger_ui.py
[2025-10-10T08:58:12.652+0000] {processor.py:914} INFO - Processing file /home/airflow/.local/lib/python3.12/site-packages/airflow/example_dags/example_params_trigger_ui.py for tasks to queue
[2025-10-10T08:58:12.679+0000] {logging_mixin.py:190} INFO - [2025-10-10T08:58:12.673+0000] {dagbag.py:587} INFO - Filling up the DagBag from /home/airflow/.local/lib/python3.12/site-packages/airflow/example_dags/example_params_trigger_ui.py
[2025-10-10T08:58:12.758+0000] {processor.py:925} INFO - DAG(s) 'example_params_trigger_ui' retrieved from /home/airflow/.local/lib/python3.12/site-packages/airflow/example_dags/example_params_trigger_ui.py
[2025-10-10T08:58:13.052+0000] {logging_mixin.py:190} INFO - [2025-10-10T08:58:13.052+0000] {dag.py:3211} INFO - Sync 1 DAGs
[2025-10-10T08:58:13.146+0000] {logging_mixin.py:190} INFO - [2025-10-10T08:58:13.145+0000] {dag.py:4138} INFO - Setting next_dagrun for example_params_trigger_ui to None, run_after=None
[2025-10-10T08:58:13.271+0000] {processor.py:208} INFO - Processing /home/airflow/.local/lib/python3.12/site-packages/airflow/example_dags/example_params_trigger_ui.py took 0.672 seconds
[2025-10-10T08:58:44.017+0000] {processor.py:186} INFO - Started process (PID=182) to work on /home/airflow/.local/lib/python3.12/site-packages/airflow/example_dags/example_params_trigger_ui.py
[2025-10-10T08:58:44.020+0000] {processor.py:914} INFO - Processing file /home/airflow/.local/lib/python3.12/site-packages/airflow/example_dags/example_params_trigger_ui.py for tasks to queue
[2025-10-10T08:58:44.028+0000] {logging_mixin.py:190} INFO - [2025-10-10T08:58:44.027+0000] {dagbag.py:587} INFO - Filling up the DagBag from /home/airflow/.local/lib/python3.12/site-packages/airflow/example_dags/example_params_trigger_ui.py
[2025-10-10T08:58:44.065+0000] {processor.py:925} INFO - DAG(s) 'example_params_trigger_ui' retrieved from /home/airflow/.local/lib/python3.12/site-packages/airflow/example_dags/example_params_trigger_ui.py
[2025-10-10T08:58:44.188+0000] {logging_mixin.py:190} INFO - [2025-10-10T08:58:44.187+0000] {dag.py:3211} INFO - Sync 1 DAGs
[2025-10-10T08:58:44.227+0000] {logging_mixin.py:190} INFO - [2025-10-10T08:58:44.226+0000] {dag.py:4138} INFO - Setting next_dagrun for example_params_trigger_ui to None, run_after=None
[2025-10-10T08:58:44.276+0000] {processor.py:208} INFO - Processing /home/airflow/.local/lib/python3.12/site-packages/airflow/example_dags/example_params_trigger_ui.py took 0.279 seconds
[2025-10-10T09:01:36.835+0000] {processor.py:186} INFO - Started process (PID=117) to work on /home/airflow/.local/lib/python3.12/site-packages/airflow/example_dags/example_params_trigger_ui.py
[2025-10-10T09:01:36.838+0000] {processor.py:914} INFO - Processing file /home/airflow/.local/lib/python3.12/site-packages/airflow/example_dags/example_params_trigger_ui.py for tasks to queue
[2025-10-10T09:01:36.849+0000] {logging_mixin.py:190} INFO - [2025-10-10T09:01:36.848+0000] {dagbag.py:587} INFO - Filling up the DagBag from /home/airflow/.local/lib/python3.12/site-packages/airflow/example_dags/example_params_trigger_ui.py
[2025-10-10T09:01:36.881+0000] {processor.py:925} INFO - DAG(s) 'example_params_trigger_ui' retrieved from /home/airflow/.local/lib/python3.12/site-packages/airflow/example_dags/example_params_trigger_ui.py
[2025-10-10T09:01:36.966+0000] {logging_mixin.py:190} INFO - [2025-10-10T09:01:36.966+0000] {dag.py:3211} INFO - Sync 1 DAGs
[2025-10-10T09:01:37.007+0000] {logging_mixin.py:190} INFO - [2025-10-10T09:01:37.006+0000] {dag.py:4138} INFO - Setting next_dagrun for example_params_trigger_ui to None, run_after=None
[2025-10-10T09:01:37.104+0000] {processor.py:208} INFO - Processing /home/airflow/.local/lib/python3.12/site-packages/airflow/example_dags/example_params_trigger_ui.py took 0.281 seconds
[2025-10-10T09:02:08.708+0000] {processor.py:186} INFO - Started process (PID=180) to work on /home/airflow/.local/lib/python3.12/site-packages/airflow/example_dags/example_params_trigger_ui.py
[2025-10-10T09:02:08.711+0000] {processor.py:914} INFO - Processing file /home/airflow/.local/lib/python3.12/site-packages/airflow/example_dags/example_params_trigger_ui.py for tasks to queue
[2025-10-10T09:02:08.718+0000] {logging_mixin.py:190} INFO - [2025-10-10T09:02:08.718+0000] {dagbag.py:587} INFO - Filling up the DagBag from /home/airflow/.local/lib/python3.12/site-packages/airflow/example_dags/example_params_trigger_ui.py
[2025-10-10T09:02:08.757+0000] {processor.py:925} INFO - DAG(s) 'example_params_trigger_ui' retrieved from /home/airflow/.local/lib/python3.12/site-packages/airflow/example_dags/example_params_trigger_ui.py
[2025-10-10T09:02:09.086+0000] {logging_mixin.py:190} INFO - [2025-10-10T09:02:09.085+0000] {dag.py:3211} INFO - Sync 1 DAGs
[2025-10-10T09:02:09.196+0000] {logging_mixin.py:190} INFO - [2025-10-10T09:02:09.195+0000] {dag.py:4138} INFO - Setting next_dagrun for example_params_trigger_ui to None, run_after=None
[2025-10-10T09:02:09.314+0000] {processor.py:208} INFO - Processing /home/airflow/.local/lib/python3.12/site-packages/airflow/example_dags/example_params_trigger_ui.py took 0.623 seconds
[2025-10-10T09:02:39.689+0000] {processor.py:186} INFO - Started process (PID=243) to work on /home/airflow/.local/lib/python3.12/site-packages/airflow/example_dags/example_params_trigger_ui.py
[2025-10-10T09:02:39.694+0000] {processor.py:914} INFO - Processing file /home/airflow/.local/lib/python3.12/site-packages/airflow/example_dags/example_params_trigger_ui.py for tasks to queue
[2025-10-10T09:02:39.707+0000] {logging_mixin.py:190} INFO - [2025-10-10T09:02:39.706+0000] {dagbag.py:587} INFO - Filling up the DagBag from /home/airflow/.local/lib/python3.12/site-packages/airflow/example_dags/example_params_trigger_ui.py
[2025-10-10T09:02:39.768+0000] {processor.py:925} INFO - DAG(s) 'example_params_trigger_ui' retrieved from /home/airflow/.local/lib/python3.12/site-packages/airflow/example_dags/example_params_trigger_ui.py
[2025-10-10T09:02:39.967+0000] {logging_mixin.py:190} INFO - [2025-10-10T09:02:39.967+0000] {dag.py:3211} INFO - Sync 1 DAGs
[2025-10-10T09:02:40.005+0000] {logging_mixin.py:190} INFO - [2025-10-10T09:02:40.005+0000] {dag.py:4138} INFO - Setting next_dagrun for example_params_trigger_ui to None, run_after=None
[2025-10-10T09:02:40.057+0000] {processor.py:208} INFO - Processing /home/airflow/.local/lib/python3.12/site-packages/airflow/example_dags/example_params_trigger_ui.py took 0.404 seconds
[2025-10-10T09:03:11.028+0000] {processor.py:186} INFO - Started process (PID=307) to work on /home/airflow/.local/lib/python3.12/site-packages/airflow/example_dags/example_params_trigger_ui.py
[2025-10-10T09:03:11.033+0000] {processor.py:914} INFO - Processing file /home/airflow/.local/lib/python3.12/site-packages/airflow/example_dags/example_params_trigger_ui.py for tasks to queue
[2025-10-10T09:03:11.040+0000] {logging_mixin.py:190} INFO - [2025-10-10T09:03:11.039+0000] {dagbag.py:587} INFO - Filling up the DagBag from /home/airflow/.local/lib/python3.12/site-packages/airflow/example_dags/example_params_trigger_ui.py
[2025-10-10T09:03:11.073+0000] {processor.py:925} INFO - DAG(s) 'example_params_trigger_ui' retrieved from /home/airflow/.local/lib/python3.12/site-packages/airflow/example_dags/example_params_trigger_ui.py
[2025-10-10T09:03:11.190+0000] {logging_mixin.py:190} INFO - [2025-10-10T09:03:11.189+0000] {dag.py:3211} INFO - Sync 1 DAGs
[2025-10-10T09:03:11.229+0000] {logging_mixin.py:190} INFO - [2025-10-10T09:03:11.228+0000] {dag.py:4138} INFO - Setting next_dagrun for example_params_trigger_ui to None, run_after=None
[2025-10-10T09:03:11.291+0000] {processor.py:208} INFO - Processing /home/airflow/.local/lib/python3.12/site-packages/airflow/example_dags/example_params_trigger_ui.py took 0.279 seconds
[2025-10-10T09:03:42.839+0000] {processor.py:186} INFO - Started process (PID=376) to work on /home/airflow/.local/lib/python3.12/site-packages/airflow/example_dags/example_params_trigger_ui.py
[2025-10-10T09:03:42.851+0000] {processor.py:914} INFO - Processing file /home/airflow/.local/lib/python3.12/site-packages/airflow/example_dags/example_params_trigger_ui.py for tasks to queue
[2025-10-10T09:03:42.863+0000] {logging_mixin.py:190} INFO - [2025-10-10T09:03:42.862+0000] {dagbag.py:587} INFO - Filling up the DagBag from /home/airflow/.local/lib/python3.12/site-packages/airflow/example_dags/example_params_trigger_ui.py
[2025-10-10T09:03:42.909+0000] {processor.py:925} INFO - DAG(s) 'example_params_trigger_ui' retrieved from /home/airflow/.local/lib/python3.12/site-packages/airflow/example_dags/example_params_trigger_ui.py
[2025-10-10T09:03:43.079+0000] {logging_mixin.py:190} INFO - [2025-10-10T09:03:43.078+0000] {dag.py:3211} INFO - Sync 1 DAGs
[2025-10-10T09:03:43.154+0000] {logging_mixin.py:190} INFO - [2025-10-10T09:03:43.154+0000] {dag.py:4138} INFO - Setting next_dagrun for example_params_trigger_ui to None, run_after=None
[2025-10-10T09:03:43.218+0000] {processor.py:208} INFO - Processing /home/airflow/.local/lib/python3.12/site-packages/airflow/example_dags/example_params_trigger_ui.py took 0.409 seconds
[2025-10-10T09:04:14.062+0000] {processor.py:186} INFO - Started process (PID=439) to work on /home/airflow/.local/lib/python3.12/site-packages/airflow/example_dags/example_params_trigger_ui.py
[2025-10-10T09:04:14.065+0000] {processor.py:914} INFO - Processing file /home/airflow/.local/lib/python3.12/site-packages/airflow/example_dags/example_params_trigger_ui.py for tasks to queue
[2025-10-10T09:04:14.072+0000] {logging_mixin.py:190} INFO - [2025-10-10T09:04:14.071+0000] {dagbag.py:587} INFO - Filling up the DagBag from /home/airflow/.local/lib/python3.12/site-packages/airflow/example_dags/example_params_trigger_ui.py
[2025-10-10T09:04:14.105+0000] {processor.py:925} INFO - DAG(s) 'example_params_trigger_ui' retrieved from /home/airflow/.local/lib/python3.12/site-packages/airflow/example_dags/example_params_trigger_ui.py
[2025-10-10T09:04:14.216+0000] {logging_mixin.py:190} INFO - [2025-10-10T09:04:14.216+0000] {dag.py:3211} INFO - Sync 1 DAGs
[2025-10-10T09:04:14.261+0000] {logging_mixin.py:190} INFO - [2025-10-10T09:04:14.260+0000] {dag.py:4138} INFO - Setting next_dagrun for example_params_trigger_ui to None, run_after=None
[2025-10-10T09:04:14.309+0000] {processor.py:208} INFO - Processing /home/airflow/.local/lib/python3.12/site-packages/airflow/example_dags/example_params_trigger_ui.py took 0.264 seconds
[2025-10-10T09:04:44.927+0000] {processor.py:186} INFO - Started process (PID=502) to work on /home/airflow/.local/lib/python3.12/site-packages/airflow/example_dags/example_params_trigger_ui.py
[2025-10-10T09:04:44.930+0000] {processor.py:914} INFO - Processing file /home/airflow/.local/lib/python3.12/site-packages/airflow/example_dags/example_params_trigger_ui.py for tasks to queue
[2025-10-10T09:04:44.937+0000] {logging_mixin.py:190} INFO - [2025-10-10T09:04:44.936+0000] {dagbag.py:587} INFO - Filling up the DagBag from /home/airflow/.local/lib/python3.12/site-packages/airflow/example_dags/example_params_trigger_ui.py
[2025-10-10T09:04:44.969+0000] {processor.py:925} INFO - DAG(s) 'example_params_trigger_ui' retrieved from /home/airflow/.local/lib/python3.12/site-packages/airflow/example_dags/example_params_trigger_ui.py
[2025-10-10T09:04:45.219+0000] {logging_mixin.py:190} INFO - [2025-10-10T09:04:45.218+0000] {dag.py:3211} INFO - Sync 1 DAGs
[2025-10-10T09:04:45.283+0000] {logging_mixin.py:190} INFO - [2025-10-10T09:04:45.282+0000] {dag.py:4138} INFO - Setting next_dagrun for example_params_trigger_ui to None, run_after=None
[2025-10-10T09:04:45.336+0000] {processor.py:208} INFO - Processing /home/airflow/.local/lib/python3.12/site-packages/airflow/example_dags/example_params_trigger_ui.py took 0.427 seconds
[2025-10-10T09:05:15.853+0000] {processor.py:186} INFO - Started process (PID=565) to work on /home/airflow/.local/lib/python3.12/site-packages/airflow/example_dags/example_params_trigger_ui.py
[2025-10-10T09:05:15.856+0000] {processor.py:914} INFO - Processing file /home/airflow/.local/lib/python3.12/site-packages/airflow/example_dags/example_params_trigger_ui.py for tasks to queue
[2025-10-10T09:05:15.861+0000] {logging_mixin.py:190} INFO - [2025-10-10T09:05:15.860+0000] {dagbag.py:587} INFO - Filling up the DagBag from /home/airflow/.local/lib/python3.12/site-packages/airflow/example_dags/example_params_trigger_ui.py
[2025-10-10T09:05:15.883+0000] {processor.py:925} INFO - DAG(s) 'example_params_trigger_ui' retrieved from /home/airflow/.local/lib/python3.12/site-packages/airflow/example_dags/example_params_trigger_ui.py
[2025-10-10T09:05:15.995+0000] {logging_mixin.py:190} INFO - [2025-10-10T09:05:15.995+0000] {dag.py:3211} INFO - Sync 1 DAGs
[2025-10-10T09:05:16.036+0000] {logging_mixin.py:190} INFO - [2025-10-10T09:05:16.036+0000] {dag.py:4138} INFO - Setting next_dagrun for example_params_trigger_ui to None, run_after=None
[2025-10-10T09:05:16.114+0000] {processor.py:208} INFO - Processing /home/airflow/.local/lib/python3.12/site-packages/airflow/example_dags/example_params_trigger_ui.py took 0.276 seconds
