[2025-10-10T08:37:55.587+0000] {processor.py:186} INFO - Started process (PID=91) to work on /home/airflow/.local/lib/python3.12/site-packages/airflow/example_dags/example_outlet_event_extra.py
[2025-10-10T08:37:55.590+0000] {processor.py:914} INFO - Processing file /home/airflow/.local/lib/python3.12/site-packages/airflow/example_dags/example_outlet_event_extra.py for tasks to queue
[2025-10-10T08:37:55.597+0000] {logging_mixin.py:190} INFO - [2025-10-10T08:37:55.596+0000] {dagbag.py:587} INFO - Filling up the DagBag from /home/airflow/.local/lib/python3.12/site-packages/airflow/example_dags/example_outlet_event_extra.py
[2025-10-10T08:37:55.912+0000] {processor.py:925} INFO - DAG(s) 'dataset_with_extra_by_context', 'dataset_with_extra_from_classic_operator', 'dataset_with_extra_by_yield' retrieved from /home/airflow/.local/lib/python3.12/site-packages/airflow/example_dags/example_outlet_event_extra.py
[2025-10-10T08:37:55.969+0000] {logging_mixin.py:190} INFO - [2025-10-10T08:37:55.968+0000] {dag.py:3211} INFO - Sync 3 DAGs
[2025-10-10T08:37:56.022+0000] {logging_mixin.py:190} INFO - [2025-10-10T08:37:56.021+0000] {dag.py:4138} INFO - Setting next_dagrun for dataset_with_extra_by_context to 2025-10-09 00:00:00+00:00, run_after=2025-10-10 00:00:00+00:00
[2025-10-10T08:37:56.033+0000] {logging_mixin.py:190} INFO - [2025-10-10T08:37:56.032+0000] {dag.py:4138} INFO - Setting next_dagrun for dataset_with_extra_by_yield to 2025-10-09 00:00:00+00:00, run_after=2025-10-10 00:00:00+00:00
[2025-10-10T08:37:56.044+0000] {logging_mixin.py:190} INFO - [2025-10-10T08:37:56.043+0000] {dag.py:4138} INFO - Setting next_dagrun for dataset_with_extra_from_classic_operator to 2025-10-09 00:00:00+00:00, run_after=2025-10-10 00:00:00+00:00
[2025-10-10T08:37:56.101+0000] {processor.py:208} INFO - Processing /home/airflow/.local/lib/python3.12/site-packages/airflow/example_dags/example_outlet_event_extra.py took 0.534 seconds
[2025-10-10T08:38:26.438+0000] {processor.py:186} INFO - Started process (PID=155) to work on /home/airflow/.local/lib/python3.12/site-packages/airflow/example_dags/example_outlet_event_extra.py
[2025-10-10T08:38:26.442+0000] {processor.py:914} INFO - Processing file /home/airflow/.local/lib/python3.12/site-packages/airflow/example_dags/example_outlet_event_extra.py for tasks to queue
[2025-10-10T08:38:26.454+0000] {logging_mixin.py:190} INFO - [2025-10-10T08:38:26.452+0000] {dagbag.py:587} INFO - Filling up the DagBag from /home/airflow/.local/lib/python3.12/site-packages/airflow/example_dags/example_outlet_event_extra.py
[2025-10-10T08:38:27.063+0000] {processor.py:925} INFO - DAG(s) 'dataset_with_extra_from_classic_operator', 'dataset_with_extra_by_yield', 'dataset_with_extra_by_context' retrieved from /home/airflow/.local/lib/python3.12/site-packages/airflow/example_dags/example_outlet_event_extra.py
[2025-10-10T08:38:27.159+0000] {logging_mixin.py:190} INFO - [2025-10-10T08:38:27.159+0000] {dag.py:3211} INFO - Sync 3 DAGs
[2025-10-10T08:38:27.248+0000] {logging_mixin.py:190} INFO - [2025-10-10T08:38:27.247+0000] {dag.py:4138} INFO - Setting next_dagrun for dataset_with_extra_by_context to 2025-10-09 00:00:00+00:00, run_after=2025-10-10 00:00:00+00:00
[2025-10-10T08:38:27.266+0000] {logging_mixin.py:190} INFO - [2025-10-10T08:38:27.265+0000] {dag.py:4138} INFO - Setting next_dagrun for dataset_with_extra_by_yield to 2025-10-09 00:00:00+00:00, run_after=2025-10-10 00:00:00+00:00
[2025-10-10T08:38:27.275+0000] {logging_mixin.py:190} INFO - [2025-10-10T08:38:27.274+0000] {dag.py:4138} INFO - Setting next_dagrun for dataset_with_extra_from_classic_operator to 2025-10-09 00:00:00+00:00, run_after=2025-10-10 00:00:00+00:00
[2025-10-10T08:38:27.337+0000] {processor.py:208} INFO - Processing /home/airflow/.local/lib/python3.12/site-packages/airflow/example_dags/example_outlet_event_extra.py took 0.920 seconds
[2025-10-10T08:38:57.858+0000] {processor.py:186} INFO - Started process (PID=218) to work on /home/airflow/.local/lib/python3.12/site-packages/airflow/example_dags/example_outlet_event_extra.py
[2025-10-10T08:38:57.871+0000] {processor.py:914} INFO - Processing file /home/airflow/.local/lib/python3.12/site-packages/airflow/example_dags/example_outlet_event_extra.py for tasks to queue
[2025-10-10T08:38:57.880+0000] {logging_mixin.py:190} INFO - [2025-10-10T08:38:57.879+0000] {dagbag.py:587} INFO - Filling up the DagBag from /home/airflow/.local/lib/python3.12/site-packages/airflow/example_dags/example_outlet_event_extra.py
[2025-10-10T08:38:58.292+0000] {processor.py:925} INFO - DAG(s) 'dataset_with_extra_from_classic_operator', 'dataset_with_extra_by_yield', 'dataset_with_extra_by_context' retrieved from /home/airflow/.local/lib/python3.12/site-packages/airflow/example_dags/example_outlet_event_extra.py
[2025-10-10T08:38:58.359+0000] {logging_mixin.py:190} INFO - [2025-10-10T08:38:58.359+0000] {dag.py:3211} INFO - Sync 3 DAGs
[2025-10-10T08:38:58.436+0000] {logging_mixin.py:190} INFO - [2025-10-10T08:38:58.435+0000] {dag.py:4138} INFO - Setting next_dagrun for dataset_with_extra_by_context to 2025-10-09 00:00:00+00:00, run_after=2025-10-10 00:00:00+00:00
[2025-10-10T08:38:58.449+0000] {logging_mixin.py:190} INFO - [2025-10-10T08:38:58.448+0000] {dag.py:4138} INFO - Setting next_dagrun for dataset_with_extra_by_yield to 2025-10-09 00:00:00+00:00, run_after=2025-10-10 00:00:00+00:00
[2025-10-10T08:38:58.455+0000] {logging_mixin.py:190} INFO - [2025-10-10T08:38:58.455+0000] {dag.py:4138} INFO - Setting next_dagrun for dataset_with_extra_from_classic_operator to 2025-10-09 00:00:00+00:00, run_after=2025-10-10 00:00:00+00:00
[2025-10-10T08:38:58.508+0000] {processor.py:208} INFO - Processing /home/airflow/.local/lib/python3.12/site-packages/airflow/example_dags/example_outlet_event_extra.py took 0.679 seconds
[2025-10-10T08:39:28.741+0000] {processor.py:186} INFO - Started process (PID=282) to work on /home/airflow/.local/lib/python3.12/site-packages/airflow/example_dags/example_outlet_event_extra.py
[2025-10-10T08:39:28.743+0000] {processor.py:914} INFO - Processing file /home/airflow/.local/lib/python3.12/site-packages/airflow/example_dags/example_outlet_event_extra.py for tasks to queue
[2025-10-10T08:39:28.750+0000] {logging_mixin.py:190} INFO - [2025-10-10T08:39:28.749+0000] {dagbag.py:587} INFO - Filling up the DagBag from /home/airflow/.local/lib/python3.12/site-packages/airflow/example_dags/example_outlet_event_extra.py
[2025-10-10T08:39:29.119+0000] {processor.py:925} INFO - DAG(s) 'dataset_with_extra_by_yield', 'dataset_with_extra_by_context', 'dataset_with_extra_from_classic_operator' retrieved from /home/airflow/.local/lib/python3.12/site-packages/airflow/example_dags/example_outlet_event_extra.py
[2025-10-10T08:39:29.193+0000] {logging_mixin.py:190} INFO - [2025-10-10T08:39:29.192+0000] {dag.py:3211} INFO - Sync 3 DAGs
[2025-10-10T08:39:29.289+0000] {logging_mixin.py:190} INFO - [2025-10-10T08:39:29.282+0000] {dag.py:4138} INFO - Setting next_dagrun for dataset_with_extra_by_context to 2025-10-09 00:00:00+00:00, run_after=2025-10-10 00:00:00+00:00
[2025-10-10T08:39:29.315+0000] {logging_mixin.py:190} INFO - [2025-10-10T08:39:29.314+0000] {dag.py:4138} INFO - Setting next_dagrun for dataset_with_extra_by_yield to 2025-10-09 00:00:00+00:00, run_after=2025-10-10 00:00:00+00:00
[2025-10-10T08:39:29.324+0000] {logging_mixin.py:190} INFO - [2025-10-10T08:39:29.323+0000] {dag.py:4138} INFO - Setting next_dagrun for dataset_with_extra_from_classic_operator to 2025-10-09 00:00:00+00:00, run_after=2025-10-10 00:00:00+00:00
[2025-10-10T08:39:29.433+0000] {processor.py:208} INFO - Processing /home/airflow/.local/lib/python3.12/site-packages/airflow/example_dags/example_outlet_event_extra.py took 0.706 seconds
[2025-10-10T08:40:00.503+0000] {processor.py:186} INFO - Started process (PID=344) to work on /home/airflow/.local/lib/python3.12/site-packages/airflow/example_dags/example_outlet_event_extra.py
[2025-10-10T08:40:00.507+0000] {processor.py:914} INFO - Processing file /home/airflow/.local/lib/python3.12/site-packages/airflow/example_dags/example_outlet_event_extra.py for tasks to queue
[2025-10-10T08:40:00.516+0000] {logging_mixin.py:190} INFO - [2025-10-10T08:40:00.514+0000] {dagbag.py:587} INFO - Filling up the DagBag from /home/airflow/.local/lib/python3.12/site-packages/airflow/example_dags/example_outlet_event_extra.py
[2025-10-10T08:40:01.078+0000] {processor.py:925} INFO - DAG(s) 'dataset_with_extra_by_yield', 'dataset_with_extra_from_classic_operator', 'dataset_with_extra_by_context' retrieved from /home/airflow/.local/lib/python3.12/site-packages/airflow/example_dags/example_outlet_event_extra.py
[2025-10-10T08:40:01.136+0000] {logging_mixin.py:190} INFO - [2025-10-10T08:40:01.135+0000] {dag.py:3211} INFO - Sync 3 DAGs
[2025-10-10T08:40:01.183+0000] {logging_mixin.py:190} INFO - [2025-10-10T08:40:01.182+0000] {dag.py:4138} INFO - Setting next_dagrun for dataset_with_extra_by_context to 2025-10-09 00:00:00+00:00, run_after=2025-10-10 00:00:00+00:00
[2025-10-10T08:40:01.193+0000] {logging_mixin.py:190} INFO - [2025-10-10T08:40:01.192+0000] {dag.py:4138} INFO - Setting next_dagrun for dataset_with_extra_by_yield to 2025-10-09 00:00:00+00:00, run_after=2025-10-10 00:00:00+00:00
[2025-10-10T08:40:01.198+0000] {logging_mixin.py:190} INFO - [2025-10-10T08:40:01.197+0000] {dag.py:4138} INFO - Setting next_dagrun for dataset_with_extra_from_classic_operator to 2025-10-09 00:00:00+00:00, run_after=2025-10-10 00:00:00+00:00
[2025-10-10T08:40:01.243+0000] {processor.py:208} INFO - Processing /home/airflow/.local/lib/python3.12/site-packages/airflow/example_dags/example_outlet_event_extra.py took 0.778 seconds
[2025-10-10T08:40:32.170+0000] {processor.py:186} INFO - Started process (PID=407) to work on /home/airflow/.local/lib/python3.12/site-packages/airflow/example_dags/example_outlet_event_extra.py
[2025-10-10T08:40:32.176+0000] {processor.py:914} INFO - Processing file /home/airflow/.local/lib/python3.12/site-packages/airflow/example_dags/example_outlet_event_extra.py for tasks to queue
[2025-10-10T08:40:32.197+0000] {logging_mixin.py:190} INFO - [2025-10-10T08:40:32.195+0000] {dagbag.py:587} INFO - Filling up the DagBag from /home/airflow/.local/lib/python3.12/site-packages/airflow/example_dags/example_outlet_event_extra.py
[2025-10-10T08:40:32.515+0000] {processor.py:925} INFO - DAG(s) 'dataset_with_extra_by_context', 'dataset_with_extra_from_classic_operator', 'dataset_with_extra_by_yield' retrieved from /home/airflow/.local/lib/python3.12/site-packages/airflow/example_dags/example_outlet_event_extra.py
[2025-10-10T08:40:32.582+0000] {logging_mixin.py:190} INFO - [2025-10-10T08:40:32.581+0000] {dag.py:3211} INFO - Sync 3 DAGs
[2025-10-10T08:40:32.680+0000] {logging_mixin.py:190} INFO - [2025-10-10T08:40:32.679+0000] {dag.py:4138} INFO - Setting next_dagrun for dataset_with_extra_by_context to 2025-10-09 00:00:00+00:00, run_after=2025-10-10 00:00:00+00:00
[2025-10-10T08:40:32.707+0000] {logging_mixin.py:190} INFO - [2025-10-10T08:40:32.706+0000] {dag.py:4138} INFO - Setting next_dagrun for dataset_with_extra_by_yield to 2025-10-09 00:00:00+00:00, run_after=2025-10-10 00:00:00+00:00
[2025-10-10T08:40:32.719+0000] {logging_mixin.py:190} INFO - [2025-10-10T08:40:32.718+0000] {dag.py:4138} INFO - Setting next_dagrun for dataset_with_extra_from_classic_operator to 2025-10-09 00:00:00+00:00, run_after=2025-10-10 00:00:00+00:00
[2025-10-10T08:40:32.786+0000] {processor.py:208} INFO - Processing /home/airflow/.local/lib/python3.12/site-packages/airflow/example_dags/example_outlet_event_extra.py took 0.650 seconds
[2025-10-10T08:41:03.355+0000] {processor.py:186} INFO - Started process (PID=472) to work on /home/airflow/.local/lib/python3.12/site-packages/airflow/example_dags/example_outlet_event_extra.py
[2025-10-10T08:41:03.357+0000] {processor.py:914} INFO - Processing file /home/airflow/.local/lib/python3.12/site-packages/airflow/example_dags/example_outlet_event_extra.py for tasks to queue
[2025-10-10T08:41:03.364+0000] {logging_mixin.py:190} INFO - [2025-10-10T08:41:03.363+0000] {dagbag.py:587} INFO - Filling up the DagBag from /home/airflow/.local/lib/python3.12/site-packages/airflow/example_dags/example_outlet_event_extra.py
[2025-10-10T08:41:04.133+0000] {processor.py:925} INFO - DAG(s) 'dataset_with_extra_by_yield', 'dataset_with_extra_by_context', 'dataset_with_extra_from_classic_operator' retrieved from /home/airflow/.local/lib/python3.12/site-packages/airflow/example_dags/example_outlet_event_extra.py
[2025-10-10T08:41:04.189+0000] {logging_mixin.py:190} INFO - [2025-10-10T08:41:04.189+0000] {dag.py:3211} INFO - Sync 3 DAGs
[2025-10-10T08:41:04.239+0000] {logging_mixin.py:190} INFO - [2025-10-10T08:41:04.239+0000] {dag.py:4138} INFO - Setting next_dagrun for dataset_with_extra_by_context to 2025-10-09 00:00:00+00:00, run_after=2025-10-10 00:00:00+00:00
[2025-10-10T08:41:04.248+0000] {logging_mixin.py:190} INFO - [2025-10-10T08:41:04.248+0000] {dag.py:4138} INFO - Setting next_dagrun for dataset_with_extra_by_yield to 2025-10-09 00:00:00+00:00, run_after=2025-10-10 00:00:00+00:00
[2025-10-10T08:41:04.253+0000] {logging_mixin.py:190} INFO - [2025-10-10T08:41:04.253+0000] {dag.py:4138} INFO - Setting next_dagrun for dataset_with_extra_from_classic_operator to 2025-10-09 00:00:00+00:00, run_after=2025-10-10 00:00:00+00:00
[2025-10-10T08:41:04.299+0000] {processor.py:208} INFO - Processing /home/airflow/.local/lib/python3.12/site-packages/airflow/example_dags/example_outlet_event_extra.py took 0.958 seconds
[2025-10-10T08:41:34.615+0000] {processor.py:186} INFO - Started process (PID=535) to work on /home/airflow/.local/lib/python3.12/site-packages/airflow/example_dags/example_outlet_event_extra.py
[2025-10-10T08:41:34.617+0000] {processor.py:914} INFO - Processing file /home/airflow/.local/lib/python3.12/site-packages/airflow/example_dags/example_outlet_event_extra.py for tasks to queue
[2025-10-10T08:41:34.622+0000] {logging_mixin.py:190} INFO - [2025-10-10T08:41:34.621+0000] {dagbag.py:587} INFO - Filling up the DagBag from /home/airflow/.local/lib/python3.12/site-packages/airflow/example_dags/example_outlet_event_extra.py
[2025-10-10T08:41:34.904+0000] {processor.py:925} INFO - DAG(s) 'dataset_with_extra_by_yield', 'dataset_with_extra_from_classic_operator', 'dataset_with_extra_by_context' retrieved from /home/airflow/.local/lib/python3.12/site-packages/airflow/example_dags/example_outlet_event_extra.py
[2025-10-10T08:41:35.017+0000] {logging_mixin.py:190} INFO - [2025-10-10T08:41:35.016+0000] {dag.py:3211} INFO - Sync 3 DAGs
[2025-10-10T08:41:35.145+0000] {logging_mixin.py:190} INFO - [2025-10-10T08:41:35.145+0000] {dag.py:4138} INFO - Setting next_dagrun for dataset_with_extra_by_context to 2025-10-09 00:00:00+00:00, run_after=2025-10-10 00:00:00+00:00
[2025-10-10T08:41:35.158+0000] {logging_mixin.py:190} INFO - [2025-10-10T08:41:35.157+0000] {dag.py:4138} INFO - Setting next_dagrun for dataset_with_extra_by_yield to 2025-10-09 00:00:00+00:00, run_after=2025-10-10 00:00:00+00:00
[2025-10-10T08:41:35.165+0000] {logging_mixin.py:190} INFO - [2025-10-10T08:41:35.165+0000] {dag.py:4138} INFO - Setting next_dagrun for dataset_with_extra_from_classic_operator to 2025-10-09 00:00:00+00:00, run_after=2025-10-10 00:00:00+00:00
[2025-10-10T08:41:35.232+0000] {processor.py:208} INFO - Processing /home/airflow/.local/lib/python3.12/site-packages/airflow/example_dags/example_outlet_event_extra.py took 0.629 seconds
[2025-10-10T08:42:05.497+0000] {processor.py:186} INFO - Started process (PID=599) to work on /home/airflow/.local/lib/python3.12/site-packages/airflow/example_dags/example_outlet_event_extra.py
[2025-10-10T08:42:05.500+0000] {processor.py:914} INFO - Processing file /home/airflow/.local/lib/python3.12/site-packages/airflow/example_dags/example_outlet_event_extra.py for tasks to queue
[2025-10-10T08:42:05.506+0000] {logging_mixin.py:190} INFO - [2025-10-10T08:42:05.505+0000] {dagbag.py:587} INFO - Filling up the DagBag from /home/airflow/.local/lib/python3.12/site-packages/airflow/example_dags/example_outlet_event_extra.py
[2025-10-10T08:42:05.911+0000] {processor.py:925} INFO - DAG(s) 'dataset_with_extra_from_classic_operator', 'dataset_with_extra_by_context', 'dataset_with_extra_by_yield' retrieved from /home/airflow/.local/lib/python3.12/site-packages/airflow/example_dags/example_outlet_event_extra.py
[2025-10-10T08:42:05.972+0000] {logging_mixin.py:190} INFO - [2025-10-10T08:42:05.972+0000] {dag.py:3211} INFO - Sync 3 DAGs
[2025-10-10T08:42:06.033+0000] {logging_mixin.py:190} INFO - [2025-10-10T08:42:06.032+0000] {dag.py:4138} INFO - Setting next_dagrun for dataset_with_extra_by_context to 2025-10-09 00:00:00+00:00, run_after=2025-10-10 00:00:00+00:00
[2025-10-10T08:42:06.042+0000] {logging_mixin.py:190} INFO - [2025-10-10T08:42:06.041+0000] {dag.py:4138} INFO - Setting next_dagrun for dataset_with_extra_by_yield to 2025-10-09 00:00:00+00:00, run_after=2025-10-10 00:00:00+00:00
[2025-10-10T08:42:06.049+0000] {logging_mixin.py:190} INFO - [2025-10-10T08:42:06.049+0000] {dag.py:4138} INFO - Setting next_dagrun for dataset_with_extra_from_classic_operator to 2025-10-09 00:00:00+00:00, run_after=2025-10-10 00:00:00+00:00
[2025-10-10T08:42:06.104+0000] {processor.py:208} INFO - Processing /home/airflow/.local/lib/python3.12/site-packages/airflow/example_dags/example_outlet_event_extra.py took 0.624 seconds
[2025-10-10T08:42:36.913+0000] {processor.py:186} INFO - Started process (PID=662) to work on /home/airflow/.local/lib/python3.12/site-packages/airflow/example_dags/example_outlet_event_extra.py
[2025-10-10T08:42:36.920+0000] {processor.py:914} INFO - Processing file /home/airflow/.local/lib/python3.12/site-packages/airflow/example_dags/example_outlet_event_extra.py for tasks to queue
[2025-10-10T08:42:36.936+0000] {logging_mixin.py:190} INFO - [2025-10-10T08:42:36.933+0000] {dagbag.py:587} INFO - Filling up the DagBag from /home/airflow/.local/lib/python3.12/site-packages/airflow/example_dags/example_outlet_event_extra.py
[2025-10-10T08:42:37.706+0000] {processor.py:925} INFO - DAG(s) 'dataset_with_extra_from_classic_operator', 'dataset_with_extra_by_yield', 'dataset_with_extra_by_context' retrieved from /home/airflow/.local/lib/python3.12/site-packages/airflow/example_dags/example_outlet_event_extra.py
[2025-10-10T08:42:37.880+0000] {logging_mixin.py:190} INFO - [2025-10-10T08:42:37.879+0000] {dag.py:3211} INFO - Sync 3 DAGs
[2025-10-10T08:42:38.004+0000] {logging_mixin.py:190} INFO - [2025-10-10T08:42:38.002+0000] {dag.py:4138} INFO - Setting next_dagrun for dataset_with_extra_by_context to 2025-10-09 00:00:00+00:00, run_after=2025-10-10 00:00:00+00:00
[2025-10-10T08:42:38.023+0000] {logging_mixin.py:190} INFO - [2025-10-10T08:42:38.022+0000] {dag.py:4138} INFO - Setting next_dagrun for dataset_with_extra_by_yield to 2025-10-09 00:00:00+00:00, run_after=2025-10-10 00:00:00+00:00
[2025-10-10T08:42:38.034+0000] {logging_mixin.py:190} INFO - [2025-10-10T08:42:38.033+0000] {dag.py:4138} INFO - Setting next_dagrun for dataset_with_extra_from_classic_operator to 2025-10-09 00:00:00+00:00, run_after=2025-10-10 00:00:00+00:00
[2025-10-10T08:42:38.106+0000] {processor.py:208} INFO - Processing /home/airflow/.local/lib/python3.12/site-packages/airflow/example_dags/example_outlet_event_extra.py took 1.237 seconds
[2025-10-10T08:43:08.705+0000] {processor.py:186} INFO - Started process (PID=726) to work on /home/airflow/.local/lib/python3.12/site-packages/airflow/example_dags/example_outlet_event_extra.py
[2025-10-10T08:43:08.709+0000] {processor.py:914} INFO - Processing file /home/airflow/.local/lib/python3.12/site-packages/airflow/example_dags/example_outlet_event_extra.py for tasks to queue
[2025-10-10T08:43:08.718+0000] {logging_mixin.py:190} INFO - [2025-10-10T08:43:08.717+0000] {dagbag.py:587} INFO - Filling up the DagBag from /home/airflow/.local/lib/python3.12/site-packages/airflow/example_dags/example_outlet_event_extra.py
[2025-10-10T08:43:09.127+0000] {processor.py:925} INFO - DAG(s) 'dataset_with_extra_from_classic_operator', 'dataset_with_extra_by_yield', 'dataset_with_extra_by_context' retrieved from /home/airflow/.local/lib/python3.12/site-packages/airflow/example_dags/example_outlet_event_extra.py
[2025-10-10T08:43:09.195+0000] {logging_mixin.py:190} INFO - [2025-10-10T08:43:09.194+0000] {dag.py:3211} INFO - Sync 3 DAGs
[2025-10-10T08:43:09.271+0000] {logging_mixin.py:190} INFO - [2025-10-10T08:43:09.270+0000] {dag.py:4138} INFO - Setting next_dagrun for dataset_with_extra_by_context to 2025-10-09 00:00:00+00:00, run_after=2025-10-10 00:00:00+00:00
[2025-10-10T08:43:09.284+0000] {logging_mixin.py:190} INFO - [2025-10-10T08:43:09.284+0000] {dag.py:4138} INFO - Setting next_dagrun for dataset_with_extra_by_yield to 2025-10-09 00:00:00+00:00, run_after=2025-10-10 00:00:00+00:00
[2025-10-10T08:43:09.291+0000] {logging_mixin.py:190} INFO - [2025-10-10T08:43:09.290+0000] {dag.py:4138} INFO - Setting next_dagrun for dataset_with_extra_from_classic_operator to 2025-10-09 00:00:00+00:00, run_after=2025-10-10 00:00:00+00:00
[2025-10-10T08:43:09.349+0000] {processor.py:208} INFO - Processing /home/airflow/.local/lib/python3.12/site-packages/airflow/example_dags/example_outlet_event_extra.py took 0.665 seconds
[2025-10-10T08:43:39.558+0000] {processor.py:186} INFO - Started process (PID=789) to work on /home/airflow/.local/lib/python3.12/site-packages/airflow/example_dags/example_outlet_event_extra.py
[2025-10-10T08:43:39.563+0000] {processor.py:914} INFO - Processing file /home/airflow/.local/lib/python3.12/site-packages/airflow/example_dags/example_outlet_event_extra.py for tasks to queue
[2025-10-10T08:43:39.572+0000] {logging_mixin.py:190} INFO - [2025-10-10T08:43:39.571+0000] {dagbag.py:587} INFO - Filling up the DagBag from /home/airflow/.local/lib/python3.12/site-packages/airflow/example_dags/example_outlet_event_extra.py
[2025-10-10T08:43:39.956+0000] {processor.py:925} INFO - DAG(s) 'dataset_with_extra_by_yield', 'dataset_with_extra_from_classic_operator', 'dataset_with_extra_by_context' retrieved from /home/airflow/.local/lib/python3.12/site-packages/airflow/example_dags/example_outlet_event_extra.py
[2025-10-10T08:43:40.022+0000] {logging_mixin.py:190} INFO - [2025-10-10T08:43:40.022+0000] {dag.py:3211} INFO - Sync 3 DAGs
[2025-10-10T08:43:40.092+0000] {logging_mixin.py:190} INFO - [2025-10-10T08:43:40.091+0000] {dag.py:4138} INFO - Setting next_dagrun for dataset_with_extra_by_context to 2025-10-09 00:00:00+00:00, run_after=2025-10-10 00:00:00+00:00
[2025-10-10T08:43:40.102+0000] {logging_mixin.py:190} INFO - [2025-10-10T08:43:40.102+0000] {dag.py:4138} INFO - Setting next_dagrun for dataset_with_extra_by_yield to 2025-10-09 00:00:00+00:00, run_after=2025-10-10 00:00:00+00:00
[2025-10-10T08:43:40.108+0000] {logging_mixin.py:190} INFO - [2025-10-10T08:43:40.108+0000] {dag.py:4138} INFO - Setting next_dagrun for dataset_with_extra_from_classic_operator to 2025-10-09 00:00:00+00:00, run_after=2025-10-10 00:00:00+00:00
[2025-10-10T08:43:40.162+0000] {processor.py:208} INFO - Processing /home/airflow/.local/lib/python3.12/site-packages/airflow/example_dags/example_outlet_event_extra.py took 0.623 seconds
[2025-10-10T08:44:10.390+0000] {processor.py:186} INFO - Started process (PID=852) to work on /home/airflow/.local/lib/python3.12/site-packages/airflow/example_dags/example_outlet_event_extra.py
[2025-10-10T08:44:10.395+0000] {processor.py:914} INFO - Processing file /home/airflow/.local/lib/python3.12/site-packages/airflow/example_dags/example_outlet_event_extra.py for tasks to queue
[2025-10-10T08:44:10.410+0000] {logging_mixin.py:190} INFO - [2025-10-10T08:44:10.409+0000] {dagbag.py:587} INFO - Filling up the DagBag from /home/airflow/.local/lib/python3.12/site-packages/airflow/example_dags/example_outlet_event_extra.py
[2025-10-10T08:44:11.325+0000] {processor.py:925} INFO - DAG(s) 'dataset_with_extra_from_classic_operator', 'dataset_with_extra_by_context', 'dataset_with_extra_by_yield' retrieved from /home/airflow/.local/lib/python3.12/site-packages/airflow/example_dags/example_outlet_event_extra.py
[2025-10-10T08:44:11.565+0000] {logging_mixin.py:190} INFO - [2025-10-10T08:44:11.565+0000] {dag.py:3211} INFO - Sync 3 DAGs
[2025-10-10T08:44:11.805+0000] {logging_mixin.py:190} INFO - [2025-10-10T08:44:11.804+0000] {dag.py:4138} INFO - Setting next_dagrun for dataset_with_extra_by_context to 2025-10-09 00:00:00+00:00, run_after=2025-10-10 00:00:00+00:00
[2025-10-10T08:44:11.832+0000] {logging_mixin.py:190} INFO - [2025-10-10T08:44:11.831+0000] {dag.py:4138} INFO - Setting next_dagrun for dataset_with_extra_by_yield to 2025-10-09 00:00:00+00:00, run_after=2025-10-10 00:00:00+00:00
[2025-10-10T08:44:11.851+0000] {logging_mixin.py:190} INFO - [2025-10-10T08:44:11.849+0000] {dag.py:4138} INFO - Setting next_dagrun for dataset_with_extra_from_classic_operator to 2025-10-09 00:00:00+00:00, run_after=2025-10-10 00:00:00+00:00
[2025-10-10T08:44:11.949+0000] {processor.py:208} INFO - Processing /home/airflow/.local/lib/python3.12/site-packages/airflow/example_dags/example_outlet_event_extra.py took 1.595 seconds
[2025-10-10T08:44:42.383+0000] {processor.py:186} INFO - Started process (PID=921) to work on /home/airflow/.local/lib/python3.12/site-packages/airflow/example_dags/example_outlet_event_extra.py
[2025-10-10T08:44:42.387+0000] {processor.py:914} INFO - Processing file /home/airflow/.local/lib/python3.12/site-packages/airflow/example_dags/example_outlet_event_extra.py for tasks to queue
[2025-10-10T08:44:42.395+0000] {logging_mixin.py:190} INFO - [2025-10-10T08:44:42.395+0000] {dagbag.py:587} INFO - Filling up the DagBag from /home/airflow/.local/lib/python3.12/site-packages/airflow/example_dags/example_outlet_event_extra.py
[2025-10-10T08:44:43.113+0000] {processor.py:925} INFO - DAG(s) 'dataset_with_extra_by_yield', 'dataset_with_extra_by_context', 'dataset_with_extra_from_classic_operator' retrieved from /home/airflow/.local/lib/python3.12/site-packages/airflow/example_dags/example_outlet_event_extra.py
[2025-10-10T08:44:43.428+0000] {logging_mixin.py:190} INFO - [2025-10-10T08:44:43.428+0000] {dag.py:3211} INFO - Sync 3 DAGs
[2025-10-10T08:44:43.537+0000] {logging_mixin.py:190} INFO - [2025-10-10T08:44:43.536+0000] {dag.py:4138} INFO - Setting next_dagrun for dataset_with_extra_by_context to 2025-10-09 00:00:00+00:00, run_after=2025-10-10 00:00:00+00:00
[2025-10-10T08:44:43.549+0000] {logging_mixin.py:190} INFO - [2025-10-10T08:44:43.549+0000] {dag.py:4138} INFO - Setting next_dagrun for dataset_with_extra_by_yield to 2025-10-09 00:00:00+00:00, run_after=2025-10-10 00:00:00+00:00
[2025-10-10T08:44:43.556+0000] {logging_mixin.py:190} INFO - [2025-10-10T08:44:43.555+0000] {dag.py:4138} INFO - Setting next_dagrun for dataset_with_extra_from_classic_operator to 2025-10-09 00:00:00+00:00, run_after=2025-10-10 00:00:00+00:00
[2025-10-10T08:44:43.618+0000] {processor.py:208} INFO - Processing /home/airflow/.local/lib/python3.12/site-packages/airflow/example_dags/example_outlet_event_extra.py took 1.276 seconds
[2025-10-10T08:45:13.908+0000] {processor.py:186} INFO - Started process (PID=984) to work on /home/airflow/.local/lib/python3.12/site-packages/airflow/example_dags/example_outlet_event_extra.py
[2025-10-10T08:45:13.910+0000] {processor.py:914} INFO - Processing file /home/airflow/.local/lib/python3.12/site-packages/airflow/example_dags/example_outlet_event_extra.py for tasks to queue
[2025-10-10T08:45:13.915+0000] {logging_mixin.py:190} INFO - [2025-10-10T08:45:13.914+0000] {dagbag.py:587} INFO - Filling up the DagBag from /home/airflow/.local/lib/python3.12/site-packages/airflow/example_dags/example_outlet_event_extra.py
[2025-10-10T08:45:14.264+0000] {processor.py:925} INFO - DAG(s) 'dataset_with_extra_from_classic_operator', 'dataset_with_extra_by_yield', 'dataset_with_extra_by_context' retrieved from /home/airflow/.local/lib/python3.12/site-packages/airflow/example_dags/example_outlet_event_extra.py
[2025-10-10T08:45:14.321+0000] {logging_mixin.py:190} INFO - [2025-10-10T08:45:14.320+0000] {dag.py:3211} INFO - Sync 3 DAGs
[2025-10-10T08:45:14.379+0000] {logging_mixin.py:190} INFO - [2025-10-10T08:45:14.378+0000] {dag.py:4138} INFO - Setting next_dagrun for dataset_with_extra_by_context to 2025-10-09 00:00:00+00:00, run_after=2025-10-10 00:00:00+00:00
[2025-10-10T08:45:14.395+0000] {logging_mixin.py:190} INFO - [2025-10-10T08:45:14.394+0000] {dag.py:4138} INFO - Setting next_dagrun for dataset_with_extra_by_yield to 2025-10-09 00:00:00+00:00, run_after=2025-10-10 00:00:00+00:00
[2025-10-10T08:45:14.402+0000] {logging_mixin.py:190} INFO - [2025-10-10T08:45:14.401+0000] {dag.py:4138} INFO - Setting next_dagrun for dataset_with_extra_from_classic_operator to 2025-10-09 00:00:00+00:00, run_after=2025-10-10 00:00:00+00:00
[2025-10-10T08:45:14.485+0000] {processor.py:208} INFO - Processing /home/airflow/.local/lib/python3.12/site-packages/airflow/example_dags/example_outlet_event_extra.py took 0.590 seconds
[2025-10-10T08:45:44.902+0000] {processor.py:186} INFO - Started process (PID=1047) to work on /home/airflow/.local/lib/python3.12/site-packages/airflow/example_dags/example_outlet_event_extra.py
[2025-10-10T08:45:44.906+0000] {processor.py:914} INFO - Processing file /home/airflow/.local/lib/python3.12/site-packages/airflow/example_dags/example_outlet_event_extra.py for tasks to queue
[2025-10-10T08:45:44.916+0000] {logging_mixin.py:190} INFO - [2025-10-10T08:45:44.914+0000] {dagbag.py:587} INFO - Filling up the DagBag from /home/airflow/.local/lib/python3.12/site-packages/airflow/example_dags/example_outlet_event_extra.py
[2025-10-10T08:45:45.602+0000] {processor.py:925} INFO - DAG(s) 'dataset_with_extra_by_yield', 'dataset_with_extra_from_classic_operator', 'dataset_with_extra_by_context' retrieved from /home/airflow/.local/lib/python3.12/site-packages/airflow/example_dags/example_outlet_event_extra.py
[2025-10-10T08:45:45.749+0000] {logging_mixin.py:190} INFO - [2025-10-10T08:45:45.748+0000] {dag.py:3211} INFO - Sync 3 DAGs
[2025-10-10T08:45:45.855+0000] {logging_mixin.py:190} INFO - [2025-10-10T08:45:45.854+0000] {dag.py:4138} INFO - Setting next_dagrun for dataset_with_extra_by_context to 2025-10-09 00:00:00+00:00, run_after=2025-10-10 00:00:00+00:00
[2025-10-10T08:45:45.882+0000] {logging_mixin.py:190} INFO - [2025-10-10T08:45:45.881+0000] {dag.py:4138} INFO - Setting next_dagrun for dataset_with_extra_by_yield to 2025-10-09 00:00:00+00:00, run_after=2025-10-10 00:00:00+00:00
[2025-10-10T08:45:45.893+0000] {logging_mixin.py:190} INFO - [2025-10-10T08:45:45.892+0000] {dag.py:4138} INFO - Setting next_dagrun for dataset_with_extra_from_classic_operator to 2025-10-09 00:00:00+00:00, run_after=2025-10-10 00:00:00+00:00
[2025-10-10T08:45:45.970+0000] {processor.py:208} INFO - Processing /home/airflow/.local/lib/python3.12/site-packages/airflow/example_dags/example_outlet_event_extra.py took 1.089 seconds
[2025-10-10T08:46:16.207+0000] {processor.py:186} INFO - Started process (PID=1110) to work on /home/airflow/.local/lib/python3.12/site-packages/airflow/example_dags/example_outlet_event_extra.py
[2025-10-10T08:46:16.211+0000] {processor.py:914} INFO - Processing file /home/airflow/.local/lib/python3.12/site-packages/airflow/example_dags/example_outlet_event_extra.py for tasks to queue
[2025-10-10T08:46:16.220+0000] {logging_mixin.py:190} INFO - [2025-10-10T08:46:16.219+0000] {dagbag.py:587} INFO - Filling up the DagBag from /home/airflow/.local/lib/python3.12/site-packages/airflow/example_dags/example_outlet_event_extra.py
[2025-10-10T08:46:16.804+0000] {processor.py:925} INFO - DAG(s) 'dataset_with_extra_from_classic_operator', 'dataset_with_extra_by_context', 'dataset_with_extra_by_yield' retrieved from /home/airflow/.local/lib/python3.12/site-packages/airflow/example_dags/example_outlet_event_extra.py
[2025-10-10T08:46:16.904+0000] {logging_mixin.py:190} INFO - [2025-10-10T08:46:16.903+0000] {dag.py:3211} INFO - Sync 3 DAGs
[2025-10-10T08:46:16.991+0000] {logging_mixin.py:190} INFO - [2025-10-10T08:46:16.990+0000] {dag.py:4138} INFO - Setting next_dagrun for dataset_with_extra_by_context to 2025-10-09 00:00:00+00:00, run_after=2025-10-10 00:00:00+00:00
[2025-10-10T08:46:17.007+0000] {logging_mixin.py:190} INFO - [2025-10-10T08:46:17.006+0000] {dag.py:4138} INFO - Setting next_dagrun for dataset_with_extra_by_yield to 2025-10-09 00:00:00+00:00, run_after=2025-10-10 00:00:00+00:00
[2025-10-10T08:46:17.019+0000] {logging_mixin.py:190} INFO - [2025-10-10T08:46:17.018+0000] {dag.py:4138} INFO - Setting next_dagrun for dataset_with_extra_from_classic_operator to 2025-10-09 00:00:00+00:00, run_after=2025-10-10 00:00:00+00:00
[2025-10-10T08:46:17.120+0000] {processor.py:208} INFO - Processing /home/airflow/.local/lib/python3.12/site-packages/airflow/example_dags/example_outlet_event_extra.py took 0.936 seconds
[2025-10-10T08:46:47.996+0000] {processor.py:186} INFO - Started process (PID=1173) to work on /home/airflow/.local/lib/python3.12/site-packages/airflow/example_dags/example_outlet_event_extra.py
[2025-10-10T08:46:47.999+0000] {processor.py:914} INFO - Processing file /home/airflow/.local/lib/python3.12/site-packages/airflow/example_dags/example_outlet_event_extra.py for tasks to queue
[2025-10-10T08:46:48.006+0000] {logging_mixin.py:190} INFO - [2025-10-10T08:46:48.005+0000] {dagbag.py:587} INFO - Filling up the DagBag from /home/airflow/.local/lib/python3.12/site-packages/airflow/example_dags/example_outlet_event_extra.py
[2025-10-10T08:46:48.496+0000] {processor.py:925} INFO - DAG(s) 'dataset_with_extra_by_yield', 'dataset_with_extra_from_classic_operator', 'dataset_with_extra_by_context' retrieved from /home/airflow/.local/lib/python3.12/site-packages/airflow/example_dags/example_outlet_event_extra.py
[2025-10-10T08:46:48.601+0000] {logging_mixin.py:190} INFO - [2025-10-10T08:46:48.600+0000] {dag.py:3211} INFO - Sync 3 DAGs
[2025-10-10T08:46:48.807+0000] {logging_mixin.py:190} INFO - [2025-10-10T08:46:48.807+0000] {dag.py:4138} INFO - Setting next_dagrun for dataset_with_extra_by_context to 2025-10-09 00:00:00+00:00, run_after=2025-10-10 00:00:00+00:00
[2025-10-10T08:46:48.820+0000] {logging_mixin.py:190} INFO - [2025-10-10T08:46:48.819+0000] {dag.py:4138} INFO - Setting next_dagrun for dataset_with_extra_by_yield to 2025-10-09 00:00:00+00:00, run_after=2025-10-10 00:00:00+00:00
[2025-10-10T08:46:48.827+0000] {logging_mixin.py:190} INFO - [2025-10-10T08:46:48.826+0000] {dag.py:4138} INFO - Setting next_dagrun for dataset_with_extra_from_classic_operator to 2025-10-09 00:00:00+00:00, run_after=2025-10-10 00:00:00+00:00
[2025-10-10T08:46:48.932+0000] {processor.py:208} INFO - Processing /home/airflow/.local/lib/python3.12/site-packages/airflow/example_dags/example_outlet_event_extra.py took 0.954 seconds
[2025-10-10T08:47:19.899+0000] {processor.py:186} INFO - Started process (PID=1237) to work on /home/airflow/.local/lib/python3.12/site-packages/airflow/example_dags/example_outlet_event_extra.py
[2025-10-10T08:47:19.904+0000] {processor.py:914} INFO - Processing file /home/airflow/.local/lib/python3.12/site-packages/airflow/example_dags/example_outlet_event_extra.py for tasks to queue
[2025-10-10T08:47:19.910+0000] {logging_mixin.py:190} INFO - [2025-10-10T08:47:19.910+0000] {dagbag.py:587} INFO - Filling up the DagBag from /home/airflow/.local/lib/python3.12/site-packages/airflow/example_dags/example_outlet_event_extra.py
[2025-10-10T08:47:20.337+0000] {processor.py:925} INFO - DAG(s) 'dataset_with_extra_by_context', 'dataset_with_extra_by_yield', 'dataset_with_extra_from_classic_operator' retrieved from /home/airflow/.local/lib/python3.12/site-packages/airflow/example_dags/example_outlet_event_extra.py
[2025-10-10T08:47:20.487+0000] {logging_mixin.py:190} INFO - [2025-10-10T08:47:20.486+0000] {dag.py:3211} INFO - Sync 3 DAGs
[2025-10-10T08:47:20.604+0000] {logging_mixin.py:190} INFO - [2025-10-10T08:47:20.604+0000] {dag.py:4138} INFO - Setting next_dagrun for dataset_with_extra_by_context to 2025-10-09 00:00:00+00:00, run_after=2025-10-10 00:00:00+00:00
[2025-10-10T08:47:20.624+0000] {logging_mixin.py:190} INFO - [2025-10-10T08:47:20.623+0000] {dag.py:4138} INFO - Setting next_dagrun for dataset_with_extra_by_yield to 2025-10-09 00:00:00+00:00, run_after=2025-10-10 00:00:00+00:00
[2025-10-10T08:47:20.641+0000] {logging_mixin.py:190} INFO - [2025-10-10T08:47:20.640+0000] {dag.py:4138} INFO - Setting next_dagrun for dataset_with_extra_from_classic_operator to 2025-10-09 00:00:00+00:00, run_after=2025-10-10 00:00:00+00:00
[2025-10-10T08:47:20.785+0000] {processor.py:208} INFO - Processing /home/airflow/.local/lib/python3.12/site-packages/airflow/example_dags/example_outlet_event_extra.py took 0.901 seconds
[2025-10-10T08:47:51.507+0000] {processor.py:186} INFO - Started process (PID=1301) to work on /home/airflow/.local/lib/python3.12/site-packages/airflow/example_dags/example_outlet_event_extra.py
[2025-10-10T08:47:51.511+0000] {processor.py:914} INFO - Processing file /home/airflow/.local/lib/python3.12/site-packages/airflow/example_dags/example_outlet_event_extra.py for tasks to queue
[2025-10-10T08:47:51.518+0000] {logging_mixin.py:190} INFO - [2025-10-10T08:47:51.517+0000] {dagbag.py:587} INFO - Filling up the DagBag from /home/airflow/.local/lib/python3.12/site-packages/airflow/example_dags/example_outlet_event_extra.py
[2025-10-10T08:47:52.128+0000] {processor.py:925} INFO - DAG(s) 'dataset_with_extra_by_yield', 'dataset_with_extra_by_context', 'dataset_with_extra_from_classic_operator' retrieved from /home/airflow/.local/lib/python3.12/site-packages/airflow/example_dags/example_outlet_event_extra.py
[2025-10-10T08:47:52.248+0000] {logging_mixin.py:190} INFO - [2025-10-10T08:47:52.247+0000] {dag.py:3211} INFO - Sync 3 DAGs
[2025-10-10T08:47:52.317+0000] {logging_mixin.py:190} INFO - [2025-10-10T08:47:52.317+0000] {dag.py:4138} INFO - Setting next_dagrun for dataset_with_extra_by_context to 2025-10-09 00:00:00+00:00, run_after=2025-10-10 00:00:00+00:00
[2025-10-10T08:47:52.332+0000] {logging_mixin.py:190} INFO - [2025-10-10T08:47:52.332+0000] {dag.py:4138} INFO - Setting next_dagrun for dataset_with_extra_by_yield to 2025-10-09 00:00:00+00:00, run_after=2025-10-10 00:00:00+00:00
[2025-10-10T08:47:52.343+0000] {logging_mixin.py:190} INFO - [2025-10-10T08:47:52.342+0000] {dag.py:4138} INFO - Setting next_dagrun for dataset_with_extra_from_classic_operator to 2025-10-09 00:00:00+00:00, run_after=2025-10-10 00:00:00+00:00
[2025-10-10T08:47:52.406+0000] {processor.py:208} INFO - Processing /home/airflow/.local/lib/python3.12/site-packages/airflow/example_dags/example_outlet_event_extra.py took 0.919 seconds
[2025-10-10T08:48:22.601+0000] {processor.py:186} INFO - Started process (PID=1365) to work on /home/airflow/.local/lib/python3.12/site-packages/airflow/example_dags/example_outlet_event_extra.py
[2025-10-10T08:48:22.605+0000] {processor.py:914} INFO - Processing file /home/airflow/.local/lib/python3.12/site-packages/airflow/example_dags/example_outlet_event_extra.py for tasks to queue
[2025-10-10T08:48:22.612+0000] {logging_mixin.py:190} INFO - [2025-10-10T08:48:22.611+0000] {dagbag.py:587} INFO - Filling up the DagBag from /home/airflow/.local/lib/python3.12/site-packages/airflow/example_dags/example_outlet_event_extra.py
[2025-10-10T08:48:22.953+0000] {processor.py:925} INFO - DAG(s) 'dataset_with_extra_by_context', 'dataset_with_extra_by_yield', 'dataset_with_extra_from_classic_operator' retrieved from /home/airflow/.local/lib/python3.12/site-packages/airflow/example_dags/example_outlet_event_extra.py
[2025-10-10T08:48:23.012+0000] {logging_mixin.py:190} INFO - [2025-10-10T08:48:23.011+0000] {dag.py:3211} INFO - Sync 3 DAGs
[2025-10-10T08:48:23.082+0000] {logging_mixin.py:190} INFO - [2025-10-10T08:48:23.081+0000] {dag.py:4138} INFO - Setting next_dagrun for dataset_with_extra_by_context to 2025-10-09 00:00:00+00:00, run_after=2025-10-10 00:00:00+00:00
[2025-10-10T08:48:23.093+0000] {logging_mixin.py:190} INFO - [2025-10-10T08:48:23.093+0000] {dag.py:4138} INFO - Setting next_dagrun for dataset_with_extra_by_yield to 2025-10-09 00:00:00+00:00, run_after=2025-10-10 00:00:00+00:00
[2025-10-10T08:48:23.099+0000] {logging_mixin.py:190} INFO - [2025-10-10T08:48:23.098+0000] {dag.py:4138} INFO - Setting next_dagrun for dataset_with_extra_from_classic_operator to 2025-10-09 00:00:00+00:00, run_after=2025-10-10 00:00:00+00:00
[2025-10-10T08:48:23.153+0000] {processor.py:208} INFO - Processing /home/airflow/.local/lib/python3.12/site-packages/airflow/example_dags/example_outlet_event_extra.py took 0.577 seconds
[2025-10-10T08:48:53.554+0000] {processor.py:186} INFO - Started process (PID=1429) to work on /home/airflow/.local/lib/python3.12/site-packages/airflow/example_dags/example_outlet_event_extra.py
[2025-10-10T08:48:53.556+0000] {processor.py:914} INFO - Processing file /home/airflow/.local/lib/python3.12/site-packages/airflow/example_dags/example_outlet_event_extra.py for tasks to queue
[2025-10-10T08:48:53.564+0000] {logging_mixin.py:190} INFO - [2025-10-10T08:48:53.563+0000] {dagbag.py:587} INFO - Filling up the DagBag from /home/airflow/.local/lib/python3.12/site-packages/airflow/example_dags/example_outlet_event_extra.py
[2025-10-10T08:48:54.041+0000] {processor.py:925} INFO - DAG(s) 'dataset_with_extra_from_classic_operator', 'dataset_with_extra_by_context', 'dataset_with_extra_by_yield' retrieved from /home/airflow/.local/lib/python3.12/site-packages/airflow/example_dags/example_outlet_event_extra.py
[2025-10-10T08:48:54.114+0000] {logging_mixin.py:190} INFO - [2025-10-10T08:48:54.113+0000] {dag.py:3211} INFO - Sync 3 DAGs
[2025-10-10T08:48:54.196+0000] {logging_mixin.py:190} INFO - [2025-10-10T08:48:54.196+0000] {dag.py:4138} INFO - Setting next_dagrun for dataset_with_extra_by_context to 2025-10-09 00:00:00+00:00, run_after=2025-10-10 00:00:00+00:00
[2025-10-10T08:48:54.208+0000] {logging_mixin.py:190} INFO - [2025-10-10T08:48:54.208+0000] {dag.py:4138} INFO - Setting next_dagrun for dataset_with_extra_by_yield to 2025-10-09 00:00:00+00:00, run_after=2025-10-10 00:00:00+00:00
[2025-10-10T08:48:54.215+0000] {logging_mixin.py:190} INFO - [2025-10-10T08:48:54.214+0000] {dag.py:4138} INFO - Setting next_dagrun for dataset_with_extra_from_classic_operator to 2025-10-09 00:00:00+00:00, run_after=2025-10-10 00:00:00+00:00
[2025-10-10T08:48:54.274+0000] {processor.py:208} INFO - Processing /home/airflow/.local/lib/python3.12/site-packages/airflow/example_dags/example_outlet_event_extra.py took 0.738 seconds
[2025-10-10T08:49:24.427+0000] {processor.py:186} INFO - Started process (PID=1489) to work on /home/airflow/.local/lib/python3.12/site-packages/airflow/example_dags/example_outlet_event_extra.py
[2025-10-10T08:49:24.430+0000] {processor.py:914} INFO - Processing file /home/airflow/.local/lib/python3.12/site-packages/airflow/example_dags/example_outlet_event_extra.py for tasks to queue
[2025-10-10T08:49:24.437+0000] {logging_mixin.py:190} INFO - [2025-10-10T08:49:24.436+0000] {dagbag.py:587} INFO - Filling up the DagBag from /home/airflow/.local/lib/python3.12/site-packages/airflow/example_dags/example_outlet_event_extra.py
[2025-10-10T08:49:24.773+0000] {processor.py:925} INFO - DAG(s) 'dataset_with_extra_from_classic_operator', 'dataset_with_extra_by_context', 'dataset_with_extra_by_yield' retrieved from /home/airflow/.local/lib/python3.12/site-packages/airflow/example_dags/example_outlet_event_extra.py
[2025-10-10T08:49:24.834+0000] {logging_mixin.py:190} INFO - [2025-10-10T08:49:24.834+0000] {dag.py:3211} INFO - Sync 3 DAGs
[2025-10-10T08:49:24.952+0000] {logging_mixin.py:190} INFO - [2025-10-10T08:49:24.950+0000] {dag.py:4138} INFO - Setting next_dagrun for dataset_with_extra_by_context to 2025-10-09 00:00:00+00:00, run_after=2025-10-10 00:00:00+00:00
[2025-10-10T08:49:24.971+0000] {logging_mixin.py:190} INFO - [2025-10-10T08:49:24.970+0000] {dag.py:4138} INFO - Setting next_dagrun for dataset_with_extra_by_yield to 2025-10-09 00:00:00+00:00, run_after=2025-10-10 00:00:00+00:00
[2025-10-10T08:49:25.000+0000] {logging_mixin.py:190} INFO - [2025-10-10T08:49:24.999+0000] {dag.py:4138} INFO - Setting next_dagrun for dataset_with_extra_from_classic_operator to 2025-10-09 00:00:00+00:00, run_after=2025-10-10 00:00:00+00:00
[2025-10-10T08:49:25.137+0000] {processor.py:208} INFO - Processing /home/airflow/.local/lib/python3.12/site-packages/airflow/example_dags/example_outlet_event_extra.py took 0.727 seconds
[2025-10-10T08:53:54.756+0000] {processor.py:186} INFO - Started process (PID=94) to work on /home/airflow/.local/lib/python3.12/site-packages/airflow/example_dags/example_outlet_event_extra.py
[2025-10-10T08:53:54.758+0000] {processor.py:914} INFO - Processing file /home/airflow/.local/lib/python3.12/site-packages/airflow/example_dags/example_outlet_event_extra.py for tasks to queue
[2025-10-10T08:53:54.765+0000] {logging_mixin.py:190} INFO - [2025-10-10T08:53:54.764+0000] {dagbag.py:587} INFO - Filling up the DagBag from /home/airflow/.local/lib/python3.12/site-packages/airflow/example_dags/example_outlet_event_extra.py
[2025-10-10T08:53:55.183+0000] {processor.py:925} INFO - DAG(s) 'dataset_with_extra_from_classic_operator', 'dataset_with_extra_by_yield', 'dataset_with_extra_by_context' retrieved from /home/airflow/.local/lib/python3.12/site-packages/airflow/example_dags/example_outlet_event_extra.py
[2025-10-10T08:53:55.320+0000] {logging_mixin.py:190} INFO - [2025-10-10T08:53:55.319+0000] {dag.py:3211} INFO - Sync 3 DAGs
[2025-10-10T08:53:55.404+0000] {logging_mixin.py:190} INFO - [2025-10-10T08:53:55.403+0000] {dag.py:4138} INFO - Setting next_dagrun for dataset_with_extra_by_context to 2025-10-09 00:00:00+00:00, run_after=2025-10-10 00:00:00+00:00
[2025-10-10T08:53:55.416+0000] {logging_mixin.py:190} INFO - [2025-10-10T08:53:55.415+0000] {dag.py:4138} INFO - Setting next_dagrun for dataset_with_extra_by_yield to 2025-10-09 00:00:00+00:00, run_after=2025-10-10 00:00:00+00:00
[2025-10-10T08:53:55.422+0000] {logging_mixin.py:190} INFO - [2025-10-10T08:53:55.421+0000] {dag.py:4138} INFO - Setting next_dagrun for dataset_with_extra_from_classic_operator to 2025-10-09 00:00:00+00:00, run_after=2025-10-10 00:00:00+00:00
[2025-10-10T08:53:55.518+0000] {processor.py:208} INFO - Processing /home/airflow/.local/lib/python3.12/site-packages/airflow/example_dags/example_outlet_event_extra.py took 0.770 seconds
[2025-10-10T08:54:25.702+0000] {processor.py:186} INFO - Started process (PID=158) to work on /home/airflow/.local/lib/python3.12/site-packages/airflow/example_dags/example_outlet_event_extra.py
[2025-10-10T08:54:25.705+0000] {processor.py:914} INFO - Processing file /home/airflow/.local/lib/python3.12/site-packages/airflow/example_dags/example_outlet_event_extra.py for tasks to queue
[2025-10-10T08:54:25.712+0000] {logging_mixin.py:190} INFO - [2025-10-10T08:54:25.711+0000] {dagbag.py:587} INFO - Filling up the DagBag from /home/airflow/.local/lib/python3.12/site-packages/airflow/example_dags/example_outlet_event_extra.py
[2025-10-10T08:54:26.125+0000] {processor.py:925} INFO - DAG(s) 'dataset_with_extra_by_yield', 'dataset_with_extra_from_classic_operator', 'dataset_with_extra_by_context' retrieved from /home/airflow/.local/lib/python3.12/site-packages/airflow/example_dags/example_outlet_event_extra.py
[2025-10-10T08:54:26.208+0000] {logging_mixin.py:190} INFO - [2025-10-10T08:54:26.208+0000] {dag.py:3211} INFO - Sync 3 DAGs
[2025-10-10T08:54:26.278+0000] {logging_mixin.py:190} INFO - [2025-10-10T08:54:26.277+0000] {dag.py:4138} INFO - Setting next_dagrun for dataset_with_extra_by_context to 2025-10-09 00:00:00+00:00, run_after=2025-10-10 00:00:00+00:00
[2025-10-10T08:54:26.293+0000] {logging_mixin.py:190} INFO - [2025-10-10T08:54:26.293+0000] {dag.py:4138} INFO - Setting next_dagrun for dataset_with_extra_by_yield to 2025-10-09 00:00:00+00:00, run_after=2025-10-10 00:00:00+00:00
[2025-10-10T08:54:26.301+0000] {logging_mixin.py:190} INFO - [2025-10-10T08:54:26.301+0000] {dag.py:4138} INFO - Setting next_dagrun for dataset_with_extra_from_classic_operator to 2025-10-09 00:00:00+00:00, run_after=2025-10-10 00:00:00+00:00
[2025-10-10T08:54:26.374+0000] {processor.py:208} INFO - Processing /home/airflow/.local/lib/python3.12/site-packages/airflow/example_dags/example_outlet_event_extra.py took 0.689 seconds
[2025-10-10T08:54:56.683+0000] {processor.py:186} INFO - Started process (PID=221) to work on /home/airflow/.local/lib/python3.12/site-packages/airflow/example_dags/example_outlet_event_extra.py
[2025-10-10T08:54:56.686+0000] {processor.py:914} INFO - Processing file /home/airflow/.local/lib/python3.12/site-packages/airflow/example_dags/example_outlet_event_extra.py for tasks to queue
[2025-10-10T08:54:56.693+0000] {logging_mixin.py:190} INFO - [2025-10-10T08:54:56.692+0000] {dagbag.py:587} INFO - Filling up the DagBag from /home/airflow/.local/lib/python3.12/site-packages/airflow/example_dags/example_outlet_event_extra.py
[2025-10-10T08:54:57.091+0000] {processor.py:925} INFO - DAG(s) 'dataset_with_extra_from_classic_operator', 'dataset_with_extra_by_yield', 'dataset_with_extra_by_context' retrieved from /home/airflow/.local/lib/python3.12/site-packages/airflow/example_dags/example_outlet_event_extra.py
[2025-10-10T08:54:57.231+0000] {logging_mixin.py:190} INFO - [2025-10-10T08:54:57.230+0000] {dag.py:3211} INFO - Sync 3 DAGs
[2025-10-10T08:54:57.359+0000] {logging_mixin.py:190} INFO - [2025-10-10T08:54:57.359+0000] {dag.py:4138} INFO - Setting next_dagrun for dataset_with_extra_by_context to 2025-10-09 00:00:00+00:00, run_after=2025-10-10 00:00:00+00:00
[2025-10-10T08:54:57.381+0000] {logging_mixin.py:190} INFO - [2025-10-10T08:54:57.381+0000] {dag.py:4138} INFO - Setting next_dagrun for dataset_with_extra_by_yield to 2025-10-09 00:00:00+00:00, run_after=2025-10-10 00:00:00+00:00
[2025-10-10T08:54:57.395+0000] {logging_mixin.py:190} INFO - [2025-10-10T08:54:57.395+0000] {dag.py:4138} INFO - Setting next_dagrun for dataset_with_extra_from_classic_operator to 2025-10-09 00:00:00+00:00, run_after=2025-10-10 00:00:00+00:00
[2025-10-10T08:54:57.515+0000] {processor.py:208} INFO - Processing /home/airflow/.local/lib/python3.12/site-packages/airflow/example_dags/example_outlet_event_extra.py took 0.848 seconds
[2025-10-10T08:58:03.835+0000] {processor.py:186} INFO - Started process (PID=95) to work on /home/airflow/.local/lib/python3.12/site-packages/airflow/example_dags/example_outlet_event_extra.py
[2025-10-10T08:58:03.838+0000] {processor.py:914} INFO - Processing file /home/airflow/.local/lib/python3.12/site-packages/airflow/example_dags/example_outlet_event_extra.py for tasks to queue
[2025-10-10T08:58:03.844+0000] {logging_mixin.py:190} INFO - [2025-10-10T08:58:03.843+0000] {dagbag.py:587} INFO - Filling up the DagBag from /home/airflow/.local/lib/python3.12/site-packages/airflow/example_dags/example_outlet_event_extra.py
[2025-10-10T08:58:04.349+0000] {processor.py:925} INFO - DAG(s) 'dataset_with_extra_from_classic_operator', 'dataset_with_extra_by_yield', 'dataset_with_extra_by_context' retrieved from /home/airflow/.local/lib/python3.12/site-packages/airflow/example_dags/example_outlet_event_extra.py
[2025-10-10T08:58:04.433+0000] {logging_mixin.py:190} INFO - [2025-10-10T08:58:04.432+0000] {dag.py:3211} INFO - Sync 3 DAGs
[2025-10-10T08:58:04.525+0000] {logging_mixin.py:190} INFO - [2025-10-10T08:58:04.524+0000] {dag.py:4138} INFO - Setting next_dagrun for dataset_with_extra_by_context to 2025-10-09 00:00:00+00:00, run_after=2025-10-10 00:00:00+00:00
[2025-10-10T08:58:04.556+0000] {logging_mixin.py:190} INFO - [2025-10-10T08:58:04.555+0000] {dag.py:4138} INFO - Setting next_dagrun for dataset_with_extra_by_yield to 2025-10-09 00:00:00+00:00, run_after=2025-10-10 00:00:00+00:00
[2025-10-10T08:58:04.562+0000] {logging_mixin.py:190} INFO - [2025-10-10T08:58:04.562+0000] {dag.py:4138} INFO - Setting next_dagrun for dataset_with_extra_from_classic_operator to 2025-10-09 00:00:00+00:00, run_after=2025-10-10 00:00:00+00:00
[2025-10-10T08:58:04.688+0000] {processor.py:208} INFO - Processing /home/airflow/.local/lib/python3.12/site-packages/airflow/example_dags/example_outlet_event_extra.py took 0.871 seconds
[2025-10-10T08:58:35.274+0000] {processor.py:186} INFO - Started process (PID=159) to work on /home/airflow/.local/lib/python3.12/site-packages/airflow/example_dags/example_outlet_event_extra.py
[2025-10-10T08:58:35.276+0000] {processor.py:914} INFO - Processing file /home/airflow/.local/lib/python3.12/site-packages/airflow/example_dags/example_outlet_event_extra.py for tasks to queue
[2025-10-10T08:58:35.284+0000] {logging_mixin.py:190} INFO - [2025-10-10T08:58:35.283+0000] {dagbag.py:587} INFO - Filling up the DagBag from /home/airflow/.local/lib/python3.12/site-packages/airflow/example_dags/example_outlet_event_extra.py
[2025-10-10T08:58:35.957+0000] {processor.py:925} INFO - DAG(s) 'dataset_with_extra_from_classic_operator', 'dataset_with_extra_by_context', 'dataset_with_extra_by_yield' retrieved from /home/airflow/.local/lib/python3.12/site-packages/airflow/example_dags/example_outlet_event_extra.py
[2025-10-10T08:58:36.084+0000] {logging_mixin.py:190} INFO - [2025-10-10T08:58:36.083+0000] {dag.py:3211} INFO - Sync 3 DAGs
[2025-10-10T08:58:36.215+0000] {logging_mixin.py:190} INFO - [2025-10-10T08:58:36.213+0000] {dag.py:4138} INFO - Setting next_dagrun for dataset_with_extra_by_context to 2025-10-09 00:00:00+00:00, run_after=2025-10-10 00:00:00+00:00
[2025-10-10T08:58:36.240+0000] {logging_mixin.py:190} INFO - [2025-10-10T08:58:36.237+0000] {dag.py:4138} INFO - Setting next_dagrun for dataset_with_extra_by_yield to 2025-10-09 00:00:00+00:00, run_after=2025-10-10 00:00:00+00:00
[2025-10-10T08:58:36.258+0000] {logging_mixin.py:190} INFO - [2025-10-10T08:58:36.257+0000] {dag.py:4138} INFO - Setting next_dagrun for dataset_with_extra_from_classic_operator to 2025-10-09 00:00:00+00:00, run_after=2025-10-10 00:00:00+00:00
[2025-10-10T08:58:36.384+0000] {processor.py:208} INFO - Processing /home/airflow/.local/lib/python3.12/site-packages/airflow/example_dags/example_outlet_event_extra.py took 1.124 seconds
[2025-10-10T09:01:30.293+0000] {processor.py:186} INFO - Started process (PID=94) to work on /home/airflow/.local/lib/python3.12/site-packages/airflow/example_dags/example_outlet_event_extra.py
[2025-10-10T09:01:30.296+0000] {processor.py:914} INFO - Processing file /home/airflow/.local/lib/python3.12/site-packages/airflow/example_dags/example_outlet_event_extra.py for tasks to queue
[2025-10-10T09:01:30.302+0000] {logging_mixin.py:190} INFO - [2025-10-10T09:01:30.301+0000] {dagbag.py:587} INFO - Filling up the DagBag from /home/airflow/.local/lib/python3.12/site-packages/airflow/example_dags/example_outlet_event_extra.py
[2025-10-10T09:01:30.650+0000] {processor.py:925} INFO - DAG(s) 'dataset_with_extra_from_classic_operator', 'dataset_with_extra_by_yield', 'dataset_with_extra_by_context' retrieved from /home/airflow/.local/lib/python3.12/site-packages/airflow/example_dags/example_outlet_event_extra.py
[2025-10-10T09:01:30.745+0000] {logging_mixin.py:190} INFO - [2025-10-10T09:01:30.745+0000] {dag.py:3211} INFO - Sync 3 DAGs
[2025-10-10T09:01:30.840+0000] {logging_mixin.py:190} INFO - [2025-10-10T09:01:30.840+0000] {dag.py:4138} INFO - Setting next_dagrun for dataset_with_extra_by_context to 2025-10-09 00:00:00+00:00, run_after=2025-10-10 00:00:00+00:00
[2025-10-10T09:01:30.852+0000] {logging_mixin.py:190} INFO - [2025-10-10T09:01:30.852+0000] {dag.py:4138} INFO - Setting next_dagrun for dataset_with_extra_by_yield to 2025-10-09 00:00:00+00:00, run_after=2025-10-10 00:00:00+00:00
[2025-10-10T09:01:30.858+0000] {logging_mixin.py:190} INFO - [2025-10-10T09:01:30.857+0000] {dag.py:4138} INFO - Setting next_dagrun for dataset_with_extra_from_classic_operator to 2025-10-09 00:00:00+00:00, run_after=2025-10-10 00:00:00+00:00
[2025-10-10T09:01:30.908+0000] {processor.py:208} INFO - Processing /home/airflow/.local/lib/python3.12/site-packages/airflow/example_dags/example_outlet_event_extra.py took 0.629 seconds
[2025-10-10T09:02:01.324+0000] {processor.py:186} INFO - Started process (PID=157) to work on /home/airflow/.local/lib/python3.12/site-packages/airflow/example_dags/example_outlet_event_extra.py
[2025-10-10T09:02:01.326+0000] {processor.py:914} INFO - Processing file /home/airflow/.local/lib/python3.12/site-packages/airflow/example_dags/example_outlet_event_extra.py for tasks to queue
[2025-10-10T09:02:01.333+0000] {logging_mixin.py:190} INFO - [2025-10-10T09:02:01.332+0000] {dagbag.py:587} INFO - Filling up the DagBag from /home/airflow/.local/lib/python3.12/site-packages/airflow/example_dags/example_outlet_event_extra.py
[2025-10-10T09:02:01.794+0000] {processor.py:925} INFO - DAG(s) 'dataset_with_extra_by_yield', 'dataset_with_extra_from_classic_operator', 'dataset_with_extra_by_context' retrieved from /home/airflow/.local/lib/python3.12/site-packages/airflow/example_dags/example_outlet_event_extra.py
[2025-10-10T09:02:01.881+0000] {logging_mixin.py:190} INFO - [2025-10-10T09:02:01.880+0000] {dag.py:3211} INFO - Sync 3 DAGs
[2025-10-10T09:02:01.964+0000] {logging_mixin.py:190} INFO - [2025-10-10T09:02:01.964+0000] {dag.py:4138} INFO - Setting next_dagrun for dataset_with_extra_by_context to 2025-10-09 00:00:00+00:00, run_after=2025-10-10 00:00:00+00:00
[2025-10-10T09:02:01.978+0000] {logging_mixin.py:190} INFO - [2025-10-10T09:02:01.978+0000] {dag.py:4138} INFO - Setting next_dagrun for dataset_with_extra_by_yield to 2025-10-09 00:00:00+00:00, run_after=2025-10-10 00:00:00+00:00
[2025-10-10T09:02:01.984+0000] {logging_mixin.py:190} INFO - [2025-10-10T09:02:01.984+0000] {dag.py:4138} INFO - Setting next_dagrun for dataset_with_extra_from_classic_operator to 2025-10-09 00:00:00+00:00, run_after=2025-10-10 00:00:00+00:00
[2025-10-10T09:02:02.042+0000] {processor.py:208} INFO - Processing /home/airflow/.local/lib/python3.12/site-packages/airflow/example_dags/example_outlet_event_extra.py took 0.740 seconds
[2025-10-10T09:02:34.092+0000] {processor.py:186} INFO - Started process (PID=221) to work on /home/airflow/.local/lib/python3.12/site-packages/airflow/example_dags/example_outlet_event_extra.py
[2025-10-10T09:02:34.097+0000] {processor.py:914} INFO - Processing file /home/airflow/.local/lib/python3.12/site-packages/airflow/example_dags/example_outlet_event_extra.py for tasks to queue
[2025-10-10T09:02:34.110+0000] {logging_mixin.py:190} INFO - [2025-10-10T09:02:34.108+0000] {dagbag.py:587} INFO - Filling up the DagBag from /home/airflow/.local/lib/python3.12/site-packages/airflow/example_dags/example_outlet_event_extra.py
[2025-10-10T09:02:34.699+0000] {processor.py:925} INFO - DAG(s) 'dataset_with_extra_by_context', 'dataset_with_extra_from_classic_operator', 'dataset_with_extra_by_yield' retrieved from /home/airflow/.local/lib/python3.12/site-packages/airflow/example_dags/example_outlet_event_extra.py
[2025-10-10T09:02:34.765+0000] {logging_mixin.py:190} INFO - [2025-10-10T09:02:34.764+0000] {dag.py:3211} INFO - Sync 3 DAGs
[2025-10-10T09:02:34.846+0000] {logging_mixin.py:190} INFO - [2025-10-10T09:02:34.846+0000] {dag.py:4138} INFO - Setting next_dagrun for dataset_with_extra_by_context to 2025-10-09 00:00:00+00:00, run_after=2025-10-10 00:00:00+00:00
[2025-10-10T09:02:34.860+0000] {logging_mixin.py:190} INFO - [2025-10-10T09:02:34.859+0000] {dag.py:4138} INFO - Setting next_dagrun for dataset_with_extra_by_yield to 2025-10-09 00:00:00+00:00, run_after=2025-10-10 00:00:00+00:00
[2025-10-10T09:02:34.866+0000] {logging_mixin.py:190} INFO - [2025-10-10T09:02:34.865+0000] {dag.py:4138} INFO - Setting next_dagrun for dataset_with_extra_from_classic_operator to 2025-10-09 00:00:00+00:00, run_after=2025-10-10 00:00:00+00:00
[2025-10-10T09:02:34.919+0000] {processor.py:208} INFO - Processing /home/airflow/.local/lib/python3.12/site-packages/airflow/example_dags/example_outlet_event_extra.py took 0.868 seconds
[2025-10-10T09:03:05.314+0000] {processor.py:186} INFO - Started process (PID=287) to work on /home/airflow/.local/lib/python3.12/site-packages/airflow/example_dags/example_outlet_event_extra.py
[2025-10-10T09:03:05.321+0000] {processor.py:914} INFO - Processing file /home/airflow/.local/lib/python3.12/site-packages/airflow/example_dags/example_outlet_event_extra.py for tasks to queue
[2025-10-10T09:03:05.330+0000] {logging_mixin.py:190} INFO - [2025-10-10T09:03:05.329+0000] {dagbag.py:587} INFO - Filling up the DagBag from /home/airflow/.local/lib/python3.12/site-packages/airflow/example_dags/example_outlet_event_extra.py
[2025-10-10T09:03:05.827+0000] {processor.py:925} INFO - DAG(s) 'dataset_with_extra_by_yield', 'dataset_with_extra_by_context', 'dataset_with_extra_from_classic_operator' retrieved from /home/airflow/.local/lib/python3.12/site-packages/airflow/example_dags/example_outlet_event_extra.py
[2025-10-10T09:03:05.908+0000] {logging_mixin.py:190} INFO - [2025-10-10T09:03:05.907+0000] {dag.py:3211} INFO - Sync 3 DAGs
[2025-10-10T09:03:06.005+0000] {logging_mixin.py:190} INFO - [2025-10-10T09:03:06.004+0000] {dag.py:4138} INFO - Setting next_dagrun for dataset_with_extra_by_context to 2025-10-09 00:00:00+00:00, run_after=2025-10-10 00:00:00+00:00
[2025-10-10T09:03:06.023+0000] {logging_mixin.py:190} INFO - [2025-10-10T09:03:06.022+0000] {dag.py:4138} INFO - Setting next_dagrun for dataset_with_extra_by_yield to 2025-10-09 00:00:00+00:00, run_after=2025-10-10 00:00:00+00:00
[2025-10-10T09:03:06.031+0000] {logging_mixin.py:190} INFO - [2025-10-10T09:03:06.030+0000] {dag.py:4138} INFO - Setting next_dagrun for dataset_with_extra_from_classic_operator to 2025-10-09 00:00:00+00:00, run_after=2025-10-10 00:00:00+00:00
[2025-10-10T09:03:06.095+0000] {processor.py:208} INFO - Processing /home/airflow/.local/lib/python3.12/site-packages/airflow/example_dags/example_outlet_event_extra.py took 0.799 seconds
[2025-10-10T09:03:36.368+0000] {processor.py:186} INFO - Started process (PID=351) to work on /home/airflow/.local/lib/python3.12/site-packages/airflow/example_dags/example_outlet_event_extra.py
[2025-10-10T09:03:36.372+0000] {processor.py:914} INFO - Processing file /home/airflow/.local/lib/python3.12/site-packages/airflow/example_dags/example_outlet_event_extra.py for tasks to queue
[2025-10-10T09:03:36.394+0000] {logging_mixin.py:190} INFO - [2025-10-10T09:03:36.391+0000] {dagbag.py:587} INFO - Filling up the DagBag from /home/airflow/.local/lib/python3.12/site-packages/airflow/example_dags/example_outlet_event_extra.py
[2025-10-10T09:03:37.064+0000] {processor.py:925} INFO - DAG(s) 'dataset_with_extra_from_classic_operator', 'dataset_with_extra_by_yield', 'dataset_with_extra_by_context' retrieved from /home/airflow/.local/lib/python3.12/site-packages/airflow/example_dags/example_outlet_event_extra.py
[2025-10-10T09:03:37.159+0000] {logging_mixin.py:190} INFO - [2025-10-10T09:03:37.159+0000] {dag.py:3211} INFO - Sync 3 DAGs
[2025-10-10T09:03:37.229+0000] {logging_mixin.py:190} INFO - [2025-10-10T09:03:37.229+0000] {dag.py:4138} INFO - Setting next_dagrun for dataset_with_extra_by_context to 2025-10-09 00:00:00+00:00, run_after=2025-10-10 00:00:00+00:00
[2025-10-10T09:03:37.243+0000] {logging_mixin.py:190} INFO - [2025-10-10T09:03:37.242+0000] {dag.py:4138} INFO - Setting next_dagrun for dataset_with_extra_by_yield to 2025-10-09 00:00:00+00:00, run_after=2025-10-10 00:00:00+00:00
[2025-10-10T09:03:37.250+0000] {logging_mixin.py:190} INFO - [2025-10-10T09:03:37.249+0000] {dag.py:4138} INFO - Setting next_dagrun for dataset_with_extra_from_classic_operator to 2025-10-09 00:00:00+00:00, run_after=2025-10-10 00:00:00+00:00
[2025-10-10T09:03:37.335+0000] {processor.py:208} INFO - Processing /home/airflow/.local/lib/python3.12/site-packages/airflow/example_dags/example_outlet_event_extra.py took 1.008 seconds
[2025-10-10T09:04:08.639+0000] {processor.py:186} INFO - Started process (PID=415) to work on /home/airflow/.local/lib/python3.12/site-packages/airflow/example_dags/example_outlet_event_extra.py
[2025-10-10T09:04:08.642+0000] {processor.py:914} INFO - Processing file /home/airflow/.local/lib/python3.12/site-packages/airflow/example_dags/example_outlet_event_extra.py for tasks to queue
[2025-10-10T09:04:08.649+0000] {logging_mixin.py:190} INFO - [2025-10-10T09:04:08.648+0000] {dagbag.py:587} INFO - Filling up the DagBag from /home/airflow/.local/lib/python3.12/site-packages/airflow/example_dags/example_outlet_event_extra.py
[2025-10-10T09:04:09.247+0000] {processor.py:925} INFO - DAG(s) 'dataset_with_extra_from_classic_operator', 'dataset_with_extra_by_context', 'dataset_with_extra_by_yield' retrieved from /home/airflow/.local/lib/python3.12/site-packages/airflow/example_dags/example_outlet_event_extra.py
[2025-10-10T09:04:09.302+0000] {logging_mixin.py:190} INFO - [2025-10-10T09:04:09.301+0000] {dag.py:3211} INFO - Sync 3 DAGs
[2025-10-10T09:04:09.374+0000] {logging_mixin.py:190} INFO - [2025-10-10T09:04:09.374+0000] {dag.py:4138} INFO - Setting next_dagrun for dataset_with_extra_by_context to 2025-10-09 00:00:00+00:00, run_after=2025-10-10 00:00:00+00:00
[2025-10-10T09:04:09.390+0000] {logging_mixin.py:190} INFO - [2025-10-10T09:04:09.390+0000] {dag.py:4138} INFO - Setting next_dagrun for dataset_with_extra_by_yield to 2025-10-09 00:00:00+00:00, run_after=2025-10-10 00:00:00+00:00
[2025-10-10T09:04:09.398+0000] {logging_mixin.py:190} INFO - [2025-10-10T09:04:09.398+0000] {dag.py:4138} INFO - Setting next_dagrun for dataset_with_extra_from_classic_operator to 2025-10-09 00:00:00+00:00, run_after=2025-10-10 00:00:00+00:00
[2025-10-10T09:04:09.464+0000] {processor.py:208} INFO - Processing /home/airflow/.local/lib/python3.12/site-packages/airflow/example_dags/example_outlet_event_extra.py took 0.841 seconds
[2025-10-10T09:04:39.789+0000] {processor.py:186} INFO - Started process (PID=478) to work on /home/airflow/.local/lib/python3.12/site-packages/airflow/example_dags/example_outlet_event_extra.py
[2025-10-10T09:04:39.794+0000] {processor.py:914} INFO - Processing file /home/airflow/.local/lib/python3.12/site-packages/airflow/example_dags/example_outlet_event_extra.py for tasks to queue
[2025-10-10T09:04:39.802+0000] {logging_mixin.py:190} INFO - [2025-10-10T09:04:39.801+0000] {dagbag.py:587} INFO - Filling up the DagBag from /home/airflow/.local/lib/python3.12/site-packages/airflow/example_dags/example_outlet_event_extra.py
[2025-10-10T09:04:40.161+0000] {processor.py:925} INFO - DAG(s) 'dataset_with_extra_by_yield', 'dataset_with_extra_from_classic_operator', 'dataset_with_extra_by_context' retrieved from /home/airflow/.local/lib/python3.12/site-packages/airflow/example_dags/example_outlet_event_extra.py
[2025-10-10T09:04:40.247+0000] {logging_mixin.py:190} INFO - [2025-10-10T09:04:40.246+0000] {dag.py:3211} INFO - Sync 3 DAGs
[2025-10-10T09:04:40.312+0000] {logging_mixin.py:190} INFO - [2025-10-10T09:04:40.312+0000] {dag.py:4138} INFO - Setting next_dagrun for dataset_with_extra_by_context to 2025-10-09 00:00:00+00:00, run_after=2025-10-10 00:00:00+00:00
[2025-10-10T09:04:40.324+0000] {logging_mixin.py:190} INFO - [2025-10-10T09:04:40.323+0000] {dag.py:4138} INFO - Setting next_dagrun for dataset_with_extra_by_yield to 2025-10-09 00:00:00+00:00, run_after=2025-10-10 00:00:00+00:00
[2025-10-10T09:04:40.330+0000] {logging_mixin.py:190} INFO - [2025-10-10T09:04:40.330+0000] {dag.py:4138} INFO - Setting next_dagrun for dataset_with_extra_from_classic_operator to 2025-10-09 00:00:00+00:00, run_after=2025-10-10 00:00:00+00:00
[2025-10-10T09:04:40.383+0000] {processor.py:208} INFO - Processing /home/airflow/.local/lib/python3.12/site-packages/airflow/example_dags/example_outlet_event_extra.py took 0.617 seconds
[2025-10-10T09:05:11.961+0000] {processor.py:186} INFO - Started process (PID=542) to work on /home/airflow/.local/lib/python3.12/site-packages/airflow/example_dags/example_outlet_event_extra.py
[2025-10-10T09:05:11.963+0000] {processor.py:914} INFO - Processing file /home/airflow/.local/lib/python3.12/site-packages/airflow/example_dags/example_outlet_event_extra.py for tasks to queue
[2025-10-10T09:05:11.969+0000] {logging_mixin.py:190} INFO - [2025-10-10T09:05:11.968+0000] {dagbag.py:587} INFO - Filling up the DagBag from /home/airflow/.local/lib/python3.12/site-packages/airflow/example_dags/example_outlet_event_extra.py
[2025-10-10T09:05:12.340+0000] {processor.py:925} INFO - DAG(s) 'dataset_with_extra_by_yield', 'dataset_with_extra_by_context', 'dataset_with_extra_from_classic_operator' retrieved from /home/airflow/.local/lib/python3.12/site-packages/airflow/example_dags/example_outlet_event_extra.py
[2025-10-10T09:05:12.413+0000] {logging_mixin.py:190} INFO - [2025-10-10T09:05:12.413+0000] {dag.py:3211} INFO - Sync 3 DAGs
[2025-10-10T09:05:12.480+0000] {logging_mixin.py:190} INFO - [2025-10-10T09:05:12.480+0000] {dag.py:4138} INFO - Setting next_dagrun for dataset_with_extra_by_context to 2025-10-09 00:00:00+00:00, run_after=2025-10-10 00:00:00+00:00
[2025-10-10T09:05:12.495+0000] {logging_mixin.py:190} INFO - [2025-10-10T09:05:12.494+0000] {dag.py:4138} INFO - Setting next_dagrun for dataset_with_extra_by_yield to 2025-10-09 00:00:00+00:00, run_after=2025-10-10 00:00:00+00:00
[2025-10-10T09:05:12.508+0000] {logging_mixin.py:190} INFO - [2025-10-10T09:05:12.507+0000] {dag.py:4138} INFO - Setting next_dagrun for dataset_with_extra_from_classic_operator to 2025-10-09 00:00:00+00:00, run_after=2025-10-10 00:00:00+00:00
[2025-10-10T09:05:12.633+0000] {processor.py:208} INFO - Processing /home/airflow/.local/lib/python3.12/site-packages/airflow/example_dags/example_outlet_event_extra.py took 0.686 seconds
[2025-10-10T09:05:42.911+0000] {processor.py:186} INFO - Started process (PID=606) to work on /home/airflow/.local/lib/python3.12/site-packages/airflow/example_dags/example_outlet_event_extra.py
[2025-10-10T09:05:42.915+0000] {processor.py:914} INFO - Processing file /home/airflow/.local/lib/python3.12/site-packages/airflow/example_dags/example_outlet_event_extra.py for tasks to queue
[2025-10-10T09:05:42.925+0000] {logging_mixin.py:190} INFO - [2025-10-10T09:05:42.924+0000] {dagbag.py:587} INFO - Filling up the DagBag from /home/airflow/.local/lib/python3.12/site-packages/airflow/example_dags/example_outlet_event_extra.py
[2025-10-10T09:05:43.378+0000] {processor.py:925} INFO - DAG(s) 'dataset_with_extra_by_yield', 'dataset_with_extra_from_classic_operator', 'dataset_with_extra_by_context' retrieved from /home/airflow/.local/lib/python3.12/site-packages/airflow/example_dags/example_outlet_event_extra.py
[2025-10-10T09:05:43.454+0000] {logging_mixin.py:190} INFO - [2025-10-10T09:05:43.453+0000] {dag.py:3211} INFO - Sync 3 DAGs
[2025-10-10T09:05:43.553+0000] {logging_mixin.py:190} INFO - [2025-10-10T09:05:43.552+0000] {dag.py:4138} INFO - Setting next_dagrun for dataset_with_extra_by_context to 2025-10-09 00:00:00+00:00, run_after=2025-10-10 00:00:00+00:00
[2025-10-10T09:05:43.580+0000] {logging_mixin.py:190} INFO - [2025-10-10T09:05:43.579+0000] {dag.py:4138} INFO - Setting next_dagrun for dataset_with_extra_by_yield to 2025-10-09 00:00:00+00:00, run_after=2025-10-10 00:00:00+00:00
[2025-10-10T09:05:43.598+0000] {logging_mixin.py:190} INFO - [2025-10-10T09:05:43.597+0000] {dag.py:4138} INFO - Setting next_dagrun for dataset_with_extra_from_classic_operator to 2025-10-09 00:00:00+00:00, run_after=2025-10-10 00:00:00+00:00
[2025-10-10T09:05:43.763+0000] {processor.py:208} INFO - Processing /home/airflow/.local/lib/python3.12/site-packages/airflow/example_dags/example_outlet_event_extra.py took 0.872 seconds
