[2025-10-10T08:37:54.115+0000] {processor.py:186} INFO - Started process (PID=86) to work on /home/airflow/.local/lib/python3.12/site-packages/airflow/example_dags/example_workday_timetable.py
[2025-10-10T08:37:54.118+0000] {processor.py:914} INFO - Processing file /home/airflow/.local/lib/python3.12/site-packages/airflow/example_dags/example_workday_timetable.py for tasks to queue
[2025-10-10T08:37:54.126+0000] {logging_mixin.py:190} INFO - [2025-10-10T08:37:54.125+0000] {dagbag.py:587} INFO - Filling up the DagBag from /home/airflow/.local/lib/python3.12/site-packages/airflow/example_dags/example_workday_timetable.py
[2025-10-10T08:37:54.142+0000] {processor.py:925} INFO - DAG(s) 'example_workday_timetable' retrieved from /home/airflow/.local/lib/python3.12/site-packages/airflow/example_dags/example_workday_timetable.py
[2025-10-10T08:37:54.192+0000] {logging_mixin.py:190} INFO - [2025-10-10T08:37:54.192+0000] {dag.py:3211} INFO - Sync 1 DAGs
[2025-10-10T08:37:54.432+0000] {logging_mixin.py:190} INFO - [2025-10-10T08:37:54.431+0000] {dag.py:4138} INFO - Setting next_dagrun for example_workday_timetable to 2021-01-04 00:00:00+00:00, run_after=2021-01-05 00:00:00+00:00
[2025-10-10T08:37:54.483+0000] {processor.py:208} INFO - Processing /home/airflow/.local/lib/python3.12/site-packages/airflow/example_dags/example_workday_timetable.py took 0.385 seconds
[2025-10-10T08:38:25.150+0000] {processor.py:186} INFO - Started process (PID=149) to work on /home/airflow/.local/lib/python3.12/site-packages/airflow/example_dags/example_workday_timetable.py
[2025-10-10T08:38:25.153+0000] {processor.py:914} INFO - Processing file /home/airflow/.local/lib/python3.12/site-packages/airflow/example_dags/example_workday_timetable.py for tasks to queue
[2025-10-10T08:38:25.160+0000] {logging_mixin.py:190} INFO - [2025-10-10T08:38:25.159+0000] {dagbag.py:587} INFO - Filling up the DagBag from /home/airflow/.local/lib/python3.12/site-packages/airflow/example_dags/example_workday_timetable.py
[2025-10-10T08:38:25.180+0000] {processor.py:925} INFO - DAG(s) 'example_workday_timetable' retrieved from /home/airflow/.local/lib/python3.12/site-packages/airflow/example_dags/example_workday_timetable.py
[2025-10-10T08:38:25.246+0000] {logging_mixin.py:190} INFO - [2025-10-10T08:38:25.246+0000] {dag.py:3211} INFO - Sync 1 DAGs
[2025-10-10T08:38:25.480+0000] {logging_mixin.py:190} INFO - [2025-10-10T08:38:25.480+0000] {dag.py:4138} INFO - Setting next_dagrun for example_workday_timetable to 2021-01-04 00:00:00+00:00, run_after=2021-01-05 00:00:00+00:00
[2025-10-10T08:38:25.539+0000] {processor.py:208} INFO - Processing /home/airflow/.local/lib/python3.12/site-packages/airflow/example_dags/example_workday_timetable.py took 0.401 seconds
[2025-10-10T08:38:55.838+0000] {processor.py:186} INFO - Started process (PID=212) to work on /home/airflow/.local/lib/python3.12/site-packages/airflow/example_dags/example_workday_timetable.py
[2025-10-10T08:38:55.841+0000] {processor.py:914} INFO - Processing file /home/airflow/.local/lib/python3.12/site-packages/airflow/example_dags/example_workday_timetable.py for tasks to queue
[2025-10-10T08:38:55.849+0000] {logging_mixin.py:190} INFO - [2025-10-10T08:38:55.848+0000] {dagbag.py:587} INFO - Filling up the DagBag from /home/airflow/.local/lib/python3.12/site-packages/airflow/example_dags/example_workday_timetable.py
[2025-10-10T08:38:55.865+0000] {processor.py:925} INFO - DAG(s) 'example_workday_timetable' retrieved from /home/airflow/.local/lib/python3.12/site-packages/airflow/example_dags/example_workday_timetable.py
[2025-10-10T08:38:55.915+0000] {logging_mixin.py:190} INFO - [2025-10-10T08:38:55.914+0000] {dag.py:3211} INFO - Sync 1 DAGs
[2025-10-10T08:38:56.101+0000] {logging_mixin.py:190} INFO - [2025-10-10T08:38:56.100+0000] {dag.py:4138} INFO - Setting next_dagrun for example_workday_timetable to 2021-01-04 00:00:00+00:00, run_after=2021-01-05 00:00:00+00:00
[2025-10-10T08:38:56.149+0000] {processor.py:208} INFO - Processing /home/airflow/.local/lib/python3.12/site-packages/airflow/example_dags/example_workday_timetable.py took 0.326 seconds
[2025-10-10T08:39:27.162+0000] {processor.py:186} INFO - Started process (PID=275) to work on /home/airflow/.local/lib/python3.12/site-packages/airflow/example_dags/example_workday_timetable.py
[2025-10-10T08:39:27.166+0000] {processor.py:914} INFO - Processing file /home/airflow/.local/lib/python3.12/site-packages/airflow/example_dags/example_workday_timetable.py for tasks to queue
[2025-10-10T08:39:27.176+0000] {logging_mixin.py:190} INFO - [2025-10-10T08:39:27.175+0000] {dagbag.py:587} INFO - Filling up the DagBag from /home/airflow/.local/lib/python3.12/site-packages/airflow/example_dags/example_workday_timetable.py
[2025-10-10T08:39:27.211+0000] {processor.py:925} INFO - DAG(s) 'example_workday_timetable' retrieved from /home/airflow/.local/lib/python3.12/site-packages/airflow/example_dags/example_workday_timetable.py
[2025-10-10T08:39:27.309+0000] {logging_mixin.py:190} INFO - [2025-10-10T08:39:27.309+0000] {dag.py:3211} INFO - Sync 1 DAGs
[2025-10-10T08:39:27.489+0000] {logging_mixin.py:190} INFO - [2025-10-10T08:39:27.488+0000] {dag.py:4138} INFO - Setting next_dagrun for example_workday_timetable to 2021-01-04 00:00:00+00:00, run_after=2021-01-05 00:00:00+00:00
[2025-10-10T08:39:27.531+0000] {processor.py:208} INFO - Processing /home/airflow/.local/lib/python3.12/site-packages/airflow/example_dags/example_workday_timetable.py took 0.392 seconds
[2025-10-10T08:39:58.836+0000] {processor.py:186} INFO - Started process (PID=338) to work on /home/airflow/.local/lib/python3.12/site-packages/airflow/example_dags/example_workday_timetable.py
[2025-10-10T08:39:58.846+0000] {processor.py:914} INFO - Processing file /home/airflow/.local/lib/python3.12/site-packages/airflow/example_dags/example_workday_timetable.py for tasks to queue
[2025-10-10T08:39:58.864+0000] {logging_mixin.py:190} INFO - [2025-10-10T08:39:58.863+0000] {dagbag.py:587} INFO - Filling up the DagBag from /home/airflow/.local/lib/python3.12/site-packages/airflow/example_dags/example_workday_timetable.py
[2025-10-10T08:39:58.898+0000] {processor.py:925} INFO - DAG(s) 'example_workday_timetable' retrieved from /home/airflow/.local/lib/python3.12/site-packages/airflow/example_dags/example_workday_timetable.py
[2025-10-10T08:39:59.009+0000] {logging_mixin.py:190} INFO - [2025-10-10T08:39:59.008+0000] {dag.py:3211} INFO - Sync 1 DAGs
[2025-10-10T08:39:59.393+0000] {logging_mixin.py:190} INFO - [2025-10-10T08:39:59.392+0000] {dag.py:4138} INFO - Setting next_dagrun for example_workday_timetable to 2021-01-04 00:00:00+00:00, run_after=2021-01-05 00:00:00+00:00
[2025-10-10T08:39:59.476+0000] {processor.py:208} INFO - Processing /home/airflow/.local/lib/python3.12/site-packages/airflow/example_dags/example_workday_timetable.py took 0.696 seconds
[2025-10-10T08:40:29.876+0000] {processor.py:186} INFO - Started process (PID=401) to work on /home/airflow/.local/lib/python3.12/site-packages/airflow/example_dags/example_workday_timetable.py
[2025-10-10T08:40:29.879+0000] {processor.py:914} INFO - Processing file /home/airflow/.local/lib/python3.12/site-packages/airflow/example_dags/example_workday_timetable.py for tasks to queue
[2025-10-10T08:40:29.885+0000] {logging_mixin.py:190} INFO - [2025-10-10T08:40:29.884+0000] {dagbag.py:587} INFO - Filling up the DagBag from /home/airflow/.local/lib/python3.12/site-packages/airflow/example_dags/example_workday_timetable.py
[2025-10-10T08:40:29.900+0000] {processor.py:925} INFO - DAG(s) 'example_workday_timetable' retrieved from /home/airflow/.local/lib/python3.12/site-packages/airflow/example_dags/example_workday_timetable.py
[2025-10-10T08:40:29.956+0000] {logging_mixin.py:190} INFO - [2025-10-10T08:40:29.955+0000] {dag.py:3211} INFO - Sync 1 DAGs
[2025-10-10T08:40:30.155+0000] {logging_mixin.py:190} INFO - [2025-10-10T08:40:30.154+0000] {dag.py:4138} INFO - Setting next_dagrun for example_workday_timetable to 2021-01-04 00:00:00+00:00, run_after=2021-01-05 00:00:00+00:00
[2025-10-10T08:40:30.223+0000] {processor.py:208} INFO - Processing /home/airflow/.local/lib/python3.12/site-packages/airflow/example_dags/example_workday_timetable.py took 0.364 seconds
[2025-10-10T08:41:00.720+0000] {processor.py:186} INFO - Started process (PID=464) to work on /home/airflow/.local/lib/python3.12/site-packages/airflow/example_dags/example_workday_timetable.py
[2025-10-10T08:41:00.723+0000] {processor.py:914} INFO - Processing file /home/airflow/.local/lib/python3.12/site-packages/airflow/example_dags/example_workday_timetable.py for tasks to queue
[2025-10-10T08:41:00.732+0000] {logging_mixin.py:190} INFO - [2025-10-10T08:41:00.731+0000] {dagbag.py:587} INFO - Filling up the DagBag from /home/airflow/.local/lib/python3.12/site-packages/airflow/example_dags/example_workday_timetable.py
[2025-10-10T08:41:00.746+0000] {processor.py:925} INFO - DAG(s) 'example_workday_timetable' retrieved from /home/airflow/.local/lib/python3.12/site-packages/airflow/example_dags/example_workday_timetable.py
[2025-10-10T08:41:00.801+0000] {logging_mixin.py:190} INFO - [2025-10-10T08:41:00.801+0000] {dag.py:3211} INFO - Sync 1 DAGs
[2025-10-10T08:41:00.967+0000] {logging_mixin.py:190} INFO - [2025-10-10T08:41:00.966+0000] {dag.py:4138} INFO - Setting next_dagrun for example_workday_timetable to 2021-01-04 00:00:00+00:00, run_after=2021-01-05 00:00:00+00:00
[2025-10-10T08:41:01.008+0000] {processor.py:208} INFO - Processing /home/airflow/.local/lib/python3.12/site-packages/airflow/example_dags/example_workday_timetable.py took 0.305 seconds
[2025-10-10T08:41:31.167+0000] {processor.py:186} INFO - Started process (PID=527) to work on /home/airflow/.local/lib/python3.12/site-packages/airflow/example_dags/example_workday_timetable.py
[2025-10-10T08:41:31.170+0000] {processor.py:914} INFO - Processing file /home/airflow/.local/lib/python3.12/site-packages/airflow/example_dags/example_workday_timetable.py for tasks to queue
[2025-10-10T08:41:31.177+0000] {logging_mixin.py:190} INFO - [2025-10-10T08:41:31.176+0000] {dagbag.py:587} INFO - Filling up the DagBag from /home/airflow/.local/lib/python3.12/site-packages/airflow/example_dags/example_workday_timetable.py
[2025-10-10T08:41:31.192+0000] {processor.py:925} INFO - DAG(s) 'example_workday_timetable' retrieved from /home/airflow/.local/lib/python3.12/site-packages/airflow/example_dags/example_workday_timetable.py
[2025-10-10T08:41:31.241+0000] {logging_mixin.py:190} INFO - [2025-10-10T08:41:31.240+0000] {dag.py:3211} INFO - Sync 1 DAGs
[2025-10-10T08:41:31.400+0000] {logging_mixin.py:190} INFO - [2025-10-10T08:41:31.400+0000] {dag.py:4138} INFO - Setting next_dagrun for example_workday_timetable to 2021-01-04 00:00:00+00:00, run_after=2021-01-05 00:00:00+00:00
[2025-10-10T08:41:31.437+0000] {processor.py:208} INFO - Processing /home/airflow/.local/lib/python3.12/site-packages/airflow/example_dags/example_workday_timetable.py took 0.287 seconds
[2025-10-10T08:42:01.815+0000] {processor.py:186} INFO - Started process (PID=590) to work on /home/airflow/.local/lib/python3.12/site-packages/airflow/example_dags/example_workday_timetable.py
[2025-10-10T08:42:01.818+0000] {processor.py:914} INFO - Processing file /home/airflow/.local/lib/python3.12/site-packages/airflow/example_dags/example_workday_timetable.py for tasks to queue
[2025-10-10T08:42:01.826+0000] {logging_mixin.py:190} INFO - [2025-10-10T08:42:01.825+0000] {dagbag.py:587} INFO - Filling up the DagBag from /home/airflow/.local/lib/python3.12/site-packages/airflow/example_dags/example_workday_timetable.py
[2025-10-10T08:42:01.848+0000] {processor.py:925} INFO - DAG(s) 'example_workday_timetable' retrieved from /home/airflow/.local/lib/python3.12/site-packages/airflow/example_dags/example_workday_timetable.py
[2025-10-10T08:42:01.902+0000] {logging_mixin.py:190} INFO - [2025-10-10T08:42:01.902+0000] {dag.py:3211} INFO - Sync 1 DAGs
[2025-10-10T08:42:02.084+0000] {logging_mixin.py:190} INFO - [2025-10-10T08:42:02.083+0000] {dag.py:4138} INFO - Setting next_dagrun for example_workday_timetable to 2021-01-04 00:00:00+00:00, run_after=2021-01-05 00:00:00+00:00
[2025-10-10T08:42:02.133+0000] {processor.py:208} INFO - Processing /home/airflow/.local/lib/python3.12/site-packages/airflow/example_dags/example_workday_timetable.py took 0.337 seconds
[2025-10-10T08:42:32.823+0000] {processor.py:186} INFO - Started process (PID=653) to work on /home/airflow/.local/lib/python3.12/site-packages/airflow/example_dags/example_workday_timetable.py
[2025-10-10T08:42:32.829+0000] {processor.py:914} INFO - Processing file /home/airflow/.local/lib/python3.12/site-packages/airflow/example_dags/example_workday_timetable.py for tasks to queue
[2025-10-10T08:42:32.841+0000] {logging_mixin.py:190} INFO - [2025-10-10T08:42:32.840+0000] {dagbag.py:587} INFO - Filling up the DagBag from /home/airflow/.local/lib/python3.12/site-packages/airflow/example_dags/example_workday_timetable.py
[2025-10-10T08:42:32.864+0000] {processor.py:925} INFO - DAG(s) 'example_workday_timetable' retrieved from /home/airflow/.local/lib/python3.12/site-packages/airflow/example_dags/example_workday_timetable.py
[2025-10-10T08:42:32.921+0000] {logging_mixin.py:190} INFO - [2025-10-10T08:42:32.920+0000] {dag.py:3211} INFO - Sync 1 DAGs
[2025-10-10T08:42:33.084+0000] {logging_mixin.py:190} INFO - [2025-10-10T08:42:33.084+0000] {dag.py:4138} INFO - Setting next_dagrun for example_workday_timetable to 2021-01-04 00:00:00+00:00, run_after=2021-01-05 00:00:00+00:00
[2025-10-10T08:42:33.124+0000] {processor.py:208} INFO - Processing /home/airflow/.local/lib/python3.12/site-packages/airflow/example_dags/example_workday_timetable.py took 0.337 seconds
[2025-10-10T08:43:03.864+0000] {processor.py:186} INFO - Started process (PID=716) to work on /home/airflow/.local/lib/python3.12/site-packages/airflow/example_dags/example_workday_timetable.py
[2025-10-10T08:43:03.870+0000] {processor.py:914} INFO - Processing file /home/airflow/.local/lib/python3.12/site-packages/airflow/example_dags/example_workday_timetable.py for tasks to queue
[2025-10-10T08:43:03.884+0000] {logging_mixin.py:190} INFO - [2025-10-10T08:43:03.882+0000] {dagbag.py:587} INFO - Filling up the DagBag from /home/airflow/.local/lib/python3.12/site-packages/airflow/example_dags/example_workday_timetable.py
[2025-10-10T08:43:03.919+0000] {processor.py:925} INFO - DAG(s) 'example_workday_timetable' retrieved from /home/airflow/.local/lib/python3.12/site-packages/airflow/example_dags/example_workday_timetable.py
[2025-10-10T08:43:04.018+0000] {logging_mixin.py:190} INFO - [2025-10-10T08:43:04.017+0000] {dag.py:3211} INFO - Sync 1 DAGs
[2025-10-10T08:43:04.247+0000] {logging_mixin.py:190} INFO - [2025-10-10T08:43:04.246+0000] {dag.py:4138} INFO - Setting next_dagrun for example_workday_timetable to 2021-01-04 00:00:00+00:00, run_after=2021-01-05 00:00:00+00:00
[2025-10-10T08:43:04.300+0000] {processor.py:208} INFO - Processing /home/airflow/.local/lib/python3.12/site-packages/airflow/example_dags/example_workday_timetable.py took 0.469 seconds
[2025-10-10T08:43:35.589+0000] {processor.py:186} INFO - Started process (PID=779) to work on /home/airflow/.local/lib/python3.12/site-packages/airflow/example_dags/example_workday_timetable.py
[2025-10-10T08:43:35.596+0000] {processor.py:914} INFO - Processing file /home/airflow/.local/lib/python3.12/site-packages/airflow/example_dags/example_workday_timetable.py for tasks to queue
[2025-10-10T08:43:35.611+0000] {logging_mixin.py:190} INFO - [2025-10-10T08:43:35.608+0000] {dagbag.py:587} INFO - Filling up the DagBag from /home/airflow/.local/lib/python3.12/site-packages/airflow/example_dags/example_workday_timetable.py
[2025-10-10T08:43:35.658+0000] {processor.py:925} INFO - DAG(s) 'example_workday_timetable' retrieved from /home/airflow/.local/lib/python3.12/site-packages/airflow/example_dags/example_workday_timetable.py
[2025-10-10T08:43:35.755+0000] {logging_mixin.py:190} INFO - [2025-10-10T08:43:35.755+0000] {dag.py:3211} INFO - Sync 1 DAGs
[2025-10-10T08:43:35.894+0000] {logging_mixin.py:190} INFO - [2025-10-10T08:43:35.893+0000] {dag.py:4138} INFO - Setting next_dagrun for example_workday_timetable to 2021-01-04 00:00:00+00:00, run_after=2021-01-05 00:00:00+00:00
[2025-10-10T08:43:35.943+0000] {processor.py:208} INFO - Processing /home/airflow/.local/lib/python3.12/site-packages/airflow/example_dags/example_workday_timetable.py took 0.395 seconds
[2025-10-10T08:44:06.594+0000] {processor.py:186} INFO - Started process (PID=842) to work on /home/airflow/.local/lib/python3.12/site-packages/airflow/example_dags/example_workday_timetable.py
[2025-10-10T08:44:06.597+0000] {processor.py:914} INFO - Processing file /home/airflow/.local/lib/python3.12/site-packages/airflow/example_dags/example_workday_timetable.py for tasks to queue
[2025-10-10T08:44:06.603+0000] {logging_mixin.py:190} INFO - [2025-10-10T08:44:06.602+0000] {dagbag.py:587} INFO - Filling up the DagBag from /home/airflow/.local/lib/python3.12/site-packages/airflow/example_dags/example_workday_timetable.py
[2025-10-10T08:44:06.619+0000] {processor.py:925} INFO - DAG(s) 'example_workday_timetable' retrieved from /home/airflow/.local/lib/python3.12/site-packages/airflow/example_dags/example_workday_timetable.py
[2025-10-10T08:44:06.668+0000] {logging_mixin.py:190} INFO - [2025-10-10T08:44:06.668+0000] {dag.py:3211} INFO - Sync 1 DAGs
[2025-10-10T08:44:06.854+0000] {logging_mixin.py:190} INFO - [2025-10-10T08:44:06.853+0000] {dag.py:4138} INFO - Setting next_dagrun for example_workday_timetable to 2021-01-04 00:00:00+00:00, run_after=2021-01-05 00:00:00+00:00
[2025-10-10T08:44:06.907+0000] {processor.py:208} INFO - Processing /home/airflow/.local/lib/python3.12/site-packages/airflow/example_dags/example_workday_timetable.py took 0.326 seconds
[2025-10-10T08:44:38.027+0000] {processor.py:186} INFO - Started process (PID=904) to work on /home/airflow/.local/lib/python3.12/site-packages/airflow/example_dags/example_workday_timetable.py
[2025-10-10T08:44:38.030+0000] {processor.py:914} INFO - Processing file /home/airflow/.local/lib/python3.12/site-packages/airflow/example_dags/example_workday_timetable.py for tasks to queue
[2025-10-10T08:44:38.038+0000] {logging_mixin.py:190} INFO - [2025-10-10T08:44:38.037+0000] {dagbag.py:587} INFO - Filling up the DagBag from /home/airflow/.local/lib/python3.12/site-packages/airflow/example_dags/example_workday_timetable.py
[2025-10-10T08:44:38.057+0000] {processor.py:925} INFO - DAG(s) 'example_workday_timetable' retrieved from /home/airflow/.local/lib/python3.12/site-packages/airflow/example_dags/example_workday_timetable.py
[2025-10-10T08:44:38.110+0000] {logging_mixin.py:190} INFO - [2025-10-10T08:44:38.109+0000] {dag.py:3211} INFO - Sync 1 DAGs
[2025-10-10T08:44:38.268+0000] {logging_mixin.py:190} INFO - [2025-10-10T08:44:38.268+0000] {dag.py:4138} INFO - Setting next_dagrun for example_workday_timetable to 2021-01-04 00:00:00+00:00, run_after=2021-01-05 00:00:00+00:00
[2025-10-10T08:44:38.313+0000] {processor.py:208} INFO - Processing /home/airflow/.local/lib/python3.12/site-packages/airflow/example_dags/example_workday_timetable.py took 0.309 seconds
[2025-10-10T08:45:09.652+0000] {processor.py:186} INFO - Started process (PID=967) to work on /home/airflow/.local/lib/python3.12/site-packages/airflow/example_dags/example_workday_timetable.py
[2025-10-10T08:45:09.658+0000] {processor.py:914} INFO - Processing file /home/airflow/.local/lib/python3.12/site-packages/airflow/example_dags/example_workday_timetable.py for tasks to queue
[2025-10-10T08:45:09.667+0000] {logging_mixin.py:190} INFO - [2025-10-10T08:45:09.666+0000] {dagbag.py:587} INFO - Filling up the DagBag from /home/airflow/.local/lib/python3.12/site-packages/airflow/example_dags/example_workday_timetable.py
[2025-10-10T08:45:09.690+0000] {processor.py:925} INFO - DAG(s) 'example_workday_timetable' retrieved from /home/airflow/.local/lib/python3.12/site-packages/airflow/example_dags/example_workday_timetable.py
[2025-10-10T08:45:09.768+0000] {logging_mixin.py:190} INFO - [2025-10-10T08:45:09.767+0000] {dag.py:3211} INFO - Sync 1 DAGs
[2025-10-10T08:45:10.005+0000] {logging_mixin.py:190} INFO - [2025-10-10T08:45:10.004+0000] {dag.py:4138} INFO - Setting next_dagrun for example_workday_timetable to 2021-01-04 00:00:00+00:00, run_after=2021-01-05 00:00:00+00:00
[2025-10-10T08:45:10.093+0000] {processor.py:208} INFO - Processing /home/airflow/.local/lib/python3.12/site-packages/airflow/example_dags/example_workday_timetable.py took 0.465 seconds
[2025-10-10T08:45:40.229+0000] {processor.py:186} INFO - Started process (PID=1029) to work on /home/airflow/.local/lib/python3.12/site-packages/airflow/example_dags/example_workday_timetable.py
[2025-10-10T08:45:40.233+0000] {processor.py:914} INFO - Processing file /home/airflow/.local/lib/python3.12/site-packages/airflow/example_dags/example_workday_timetable.py for tasks to queue
[2025-10-10T08:45:40.244+0000] {logging_mixin.py:190} INFO - [2025-10-10T08:45:40.243+0000] {dagbag.py:587} INFO - Filling up the DagBag from /home/airflow/.local/lib/python3.12/site-packages/airflow/example_dags/example_workday_timetable.py
[2025-10-10T08:45:40.263+0000] {processor.py:925} INFO - DAG(s) 'example_workday_timetable' retrieved from /home/airflow/.local/lib/python3.12/site-packages/airflow/example_dags/example_workday_timetable.py
[2025-10-10T08:45:40.327+0000] {logging_mixin.py:190} INFO - [2025-10-10T08:45:40.326+0000] {dag.py:3211} INFO - Sync 1 DAGs
[2025-10-10T08:45:40.723+0000] {logging_mixin.py:190} INFO - [2025-10-10T08:45:40.722+0000] {dag.py:4138} INFO - Setting next_dagrun for example_workday_timetable to 2021-01-04 00:00:00+00:00, run_after=2021-01-05 00:00:00+00:00
[2025-10-10T08:45:40.863+0000] {processor.py:208} INFO - Processing /home/airflow/.local/lib/python3.12/site-packages/airflow/example_dags/example_workday_timetable.py took 0.651 seconds
[2025-10-10T08:46:11.337+0000] {processor.py:186} INFO - Started process (PID=1091) to work on /home/airflow/.local/lib/python3.12/site-packages/airflow/example_dags/example_workday_timetable.py
[2025-10-10T08:46:11.340+0000] {processor.py:914} INFO - Processing file /home/airflow/.local/lib/python3.12/site-packages/airflow/example_dags/example_workday_timetable.py for tasks to queue
[2025-10-10T08:46:11.347+0000] {logging_mixin.py:190} INFO - [2025-10-10T08:46:11.346+0000] {dagbag.py:587} INFO - Filling up the DagBag from /home/airflow/.local/lib/python3.12/site-packages/airflow/example_dags/example_workday_timetable.py
[2025-10-10T08:46:11.360+0000] {processor.py:925} INFO - DAG(s) 'example_workday_timetable' retrieved from /home/airflow/.local/lib/python3.12/site-packages/airflow/example_dags/example_workday_timetable.py
[2025-10-10T08:46:11.411+0000] {logging_mixin.py:190} INFO - [2025-10-10T08:46:11.410+0000] {dag.py:3211} INFO - Sync 1 DAGs
[2025-10-10T08:46:11.800+0000] {logging_mixin.py:190} INFO - [2025-10-10T08:46:11.799+0000] {dag.py:4138} INFO - Setting next_dagrun for example_workday_timetable to 2021-01-04 00:00:00+00:00, run_after=2021-01-05 00:00:00+00:00
[2025-10-10T08:46:11.863+0000] {processor.py:208} INFO - Processing /home/airflow/.local/lib/python3.12/site-packages/airflow/example_dags/example_workday_timetable.py took 0.543 seconds
[2025-10-10T08:46:42.504+0000] {processor.py:186} INFO - Started process (PID=1160) to work on /home/airflow/.local/lib/python3.12/site-packages/airflow/example_dags/example_workday_timetable.py
[2025-10-10T08:46:42.508+0000] {processor.py:914} INFO - Processing file /home/airflow/.local/lib/python3.12/site-packages/airflow/example_dags/example_workday_timetable.py for tasks to queue
[2025-10-10T08:46:42.522+0000] {logging_mixin.py:190} INFO - [2025-10-10T08:46:42.521+0000] {dagbag.py:587} INFO - Filling up the DagBag from /home/airflow/.local/lib/python3.12/site-packages/airflow/example_dags/example_workday_timetable.py
[2025-10-10T08:46:42.548+0000] {processor.py:925} INFO - DAG(s) 'example_workday_timetable' retrieved from /home/airflow/.local/lib/python3.12/site-packages/airflow/example_dags/example_workday_timetable.py
[2025-10-10T08:46:42.608+0000] {logging_mixin.py:190} INFO - [2025-10-10T08:46:42.607+0000] {dag.py:3211} INFO - Sync 1 DAGs
[2025-10-10T08:46:42.780+0000] {logging_mixin.py:190} INFO - [2025-10-10T08:46:42.780+0000] {dag.py:4138} INFO - Setting next_dagrun for example_workday_timetable to 2021-01-04 00:00:00+00:00, run_after=2021-01-05 00:00:00+00:00
[2025-10-10T08:46:42.851+0000] {processor.py:208} INFO - Processing /home/airflow/.local/lib/python3.12/site-packages/airflow/example_dags/example_workday_timetable.py took 0.379 seconds
[2025-10-10T08:47:13.914+0000] {processor.py:186} INFO - Started process (PID=1223) to work on /home/airflow/.local/lib/python3.12/site-packages/airflow/example_dags/example_workday_timetable.py
[2025-10-10T08:47:13.917+0000] {processor.py:914} INFO - Processing file /home/airflow/.local/lib/python3.12/site-packages/airflow/example_dags/example_workday_timetable.py for tasks to queue
[2025-10-10T08:47:13.924+0000] {logging_mixin.py:190} INFO - [2025-10-10T08:47:13.923+0000] {dagbag.py:587} INFO - Filling up the DagBag from /home/airflow/.local/lib/python3.12/site-packages/airflow/example_dags/example_workday_timetable.py
[2025-10-10T08:47:13.939+0000] {processor.py:925} INFO - DAG(s) 'example_workday_timetable' retrieved from /home/airflow/.local/lib/python3.12/site-packages/airflow/example_dags/example_workday_timetable.py
[2025-10-10T08:47:13.990+0000] {logging_mixin.py:190} INFO - [2025-10-10T08:47:13.989+0000] {dag.py:3211} INFO - Sync 1 DAGs
[2025-10-10T08:47:14.165+0000] {logging_mixin.py:190} INFO - [2025-10-10T08:47:14.164+0000] {dag.py:4138} INFO - Setting next_dagrun for example_workday_timetable to 2021-01-04 00:00:00+00:00, run_after=2021-01-05 00:00:00+00:00
[2025-10-10T08:47:14.214+0000] {processor.py:208} INFO - Processing /home/airflow/.local/lib/python3.12/site-packages/airflow/example_dags/example_workday_timetable.py took 0.316 seconds
[2025-10-10T08:47:44.842+0000] {processor.py:186} INFO - Started process (PID=1280) to work on /home/airflow/.local/lib/python3.12/site-packages/airflow/example_dags/example_workday_timetable.py
[2025-10-10T08:47:44.849+0000] {processor.py:914} INFO - Processing file /home/airflow/.local/lib/python3.12/site-packages/airflow/example_dags/example_workday_timetable.py for tasks to queue
[2025-10-10T08:47:44.865+0000] {logging_mixin.py:190} INFO - [2025-10-10T08:47:44.863+0000] {dagbag.py:587} INFO - Filling up the DagBag from /home/airflow/.local/lib/python3.12/site-packages/airflow/example_dags/example_workday_timetable.py
[2025-10-10T08:47:44.901+0000] {processor.py:925} INFO - DAG(s) 'example_workday_timetable' retrieved from /home/airflow/.local/lib/python3.12/site-packages/airflow/example_dags/example_workday_timetable.py
[2025-10-10T08:47:45.061+0000] {logging_mixin.py:190} INFO - [2025-10-10T08:47:45.059+0000] {dag.py:3211} INFO - Sync 1 DAGs
[2025-10-10T08:47:45.344+0000] {logging_mixin.py:190} INFO - [2025-10-10T08:47:45.344+0000] {dag.py:4138} INFO - Setting next_dagrun for example_workday_timetable to 2021-01-04 00:00:00+00:00, run_after=2021-01-05 00:00:00+00:00
[2025-10-10T08:47:45.400+0000] {processor.py:208} INFO - Processing /home/airflow/.local/lib/python3.12/site-packages/airflow/example_dags/example_workday_timetable.py took 0.601 seconds
[2025-10-10T08:48:16.100+0000] {processor.py:186} INFO - Started process (PID=1349) to work on /home/airflow/.local/lib/python3.12/site-packages/airflow/example_dags/example_workday_timetable.py
[2025-10-10T08:48:16.104+0000] {processor.py:914} INFO - Processing file /home/airflow/.local/lib/python3.12/site-packages/airflow/example_dags/example_workday_timetable.py for tasks to queue
[2025-10-10T08:48:16.112+0000] {logging_mixin.py:190} INFO - [2025-10-10T08:48:16.112+0000] {dagbag.py:587} INFO - Filling up the DagBag from /home/airflow/.local/lib/python3.12/site-packages/airflow/example_dags/example_workday_timetable.py
[2025-10-10T08:48:16.131+0000] {processor.py:925} INFO - DAG(s) 'example_workday_timetable' retrieved from /home/airflow/.local/lib/python3.12/site-packages/airflow/example_dags/example_workday_timetable.py
[2025-10-10T08:48:16.189+0000] {logging_mixin.py:190} INFO - [2025-10-10T08:48:16.188+0000] {dag.py:3211} INFO - Sync 1 DAGs
[2025-10-10T08:48:16.371+0000] {logging_mixin.py:190} INFO - [2025-10-10T08:48:16.370+0000] {dag.py:4138} INFO - Setting next_dagrun for example_workday_timetable to 2021-01-04 00:00:00+00:00, run_after=2021-01-05 00:00:00+00:00
[2025-10-10T08:48:16.423+0000] {processor.py:208} INFO - Processing /home/airflow/.local/lib/python3.12/site-packages/airflow/example_dags/example_workday_timetable.py took 0.342 seconds
[2025-10-10T08:48:46.910+0000] {processor.py:186} INFO - Started process (PID=1412) to work on /home/airflow/.local/lib/python3.12/site-packages/airflow/example_dags/example_workday_timetable.py
[2025-10-10T08:48:46.915+0000] {processor.py:914} INFO - Processing file /home/airflow/.local/lib/python3.12/site-packages/airflow/example_dags/example_workday_timetable.py for tasks to queue
[2025-10-10T08:48:46.924+0000] {logging_mixin.py:190} INFO - [2025-10-10T08:48:46.923+0000] {dagbag.py:587} INFO - Filling up the DagBag from /home/airflow/.local/lib/python3.12/site-packages/airflow/example_dags/example_workday_timetable.py
[2025-10-10T08:48:46.950+0000] {processor.py:925} INFO - DAG(s) 'example_workday_timetable' retrieved from /home/airflow/.local/lib/python3.12/site-packages/airflow/example_dags/example_workday_timetable.py
[2025-10-10T08:48:47.037+0000] {logging_mixin.py:190} INFO - [2025-10-10T08:48:47.036+0000] {dag.py:3211} INFO - Sync 1 DAGs
[2025-10-10T08:48:47.256+0000] {logging_mixin.py:190} INFO - [2025-10-10T08:48:47.255+0000] {dag.py:4138} INFO - Setting next_dagrun for example_workday_timetable to 2021-01-04 00:00:00+00:00, run_after=2021-01-05 00:00:00+00:00
[2025-10-10T08:48:47.315+0000] {processor.py:208} INFO - Processing /home/airflow/.local/lib/python3.12/site-packages/airflow/example_dags/example_workday_timetable.py took 0.429 seconds
[2025-10-10T08:49:18.154+0000] {processor.py:186} INFO - Started process (PID=1475) to work on /home/airflow/.local/lib/python3.12/site-packages/airflow/example_dags/example_workday_timetable.py
[2025-10-10T08:49:18.166+0000] {processor.py:914} INFO - Processing file /home/airflow/.local/lib/python3.12/site-packages/airflow/example_dags/example_workday_timetable.py for tasks to queue
[2025-10-10T08:49:18.186+0000] {logging_mixin.py:190} INFO - [2025-10-10T08:49:18.184+0000] {dagbag.py:587} INFO - Filling up the DagBag from /home/airflow/.local/lib/python3.12/site-packages/airflow/example_dags/example_workday_timetable.py
[2025-10-10T08:49:18.213+0000] {processor.py:925} INFO - DAG(s) 'example_workday_timetable' retrieved from /home/airflow/.local/lib/python3.12/site-packages/airflow/example_dags/example_workday_timetable.py
[2025-10-10T08:49:18.311+0000] {logging_mixin.py:190} INFO - [2025-10-10T08:49:18.310+0000] {dag.py:3211} INFO - Sync 1 DAGs
[2025-10-10T08:49:18.742+0000] {logging_mixin.py:190} INFO - [2025-10-10T08:49:18.741+0000] {dag.py:4138} INFO - Setting next_dagrun for example_workday_timetable to 2021-01-04 00:00:00+00:00, run_after=2021-01-05 00:00:00+00:00
[2025-10-10T08:49:18.795+0000] {processor.py:208} INFO - Processing /home/airflow/.local/lib/python3.12/site-packages/airflow/example_dags/example_workday_timetable.py took 0.675 seconds
[2025-10-10T08:53:53.286+0000] {processor.py:186} INFO - Started process (PID=89) to work on /home/airflow/.local/lib/python3.12/site-packages/airflow/example_dags/example_workday_timetable.py
[2025-10-10T08:53:53.315+0000] {processor.py:914} INFO - Processing file /home/airflow/.local/lib/python3.12/site-packages/airflow/example_dags/example_workday_timetable.py for tasks to queue
[2025-10-10T08:53:53.324+0000] {logging_mixin.py:190} INFO - [2025-10-10T08:53:53.323+0000] {dagbag.py:587} INFO - Filling up the DagBag from /home/airflow/.local/lib/python3.12/site-packages/airflow/example_dags/example_workday_timetable.py
[2025-10-10T08:53:53.398+0000] {processor.py:925} INFO - DAG(s) 'example_workday_timetable' retrieved from /home/airflow/.local/lib/python3.12/site-packages/airflow/example_dags/example_workday_timetable.py
[2025-10-10T08:53:53.472+0000] {logging_mixin.py:190} INFO - [2025-10-10T08:53:53.471+0000] {dag.py:3211} INFO - Sync 1 DAGs
[2025-10-10T08:53:54.163+0000] {logging_mixin.py:190} INFO - [2025-10-10T08:53:54.162+0000] {dag.py:4138} INFO - Setting next_dagrun for example_workday_timetable to 2021-01-04 00:00:00+00:00, run_after=2021-01-05 00:00:00+00:00
[2025-10-10T08:53:54.228+0000] {processor.py:208} INFO - Processing /home/airflow/.local/lib/python3.12/site-packages/airflow/example_dags/example_workday_timetable.py took 0.964 seconds
[2025-10-10T08:54:24.516+0000] {processor.py:186} INFO - Started process (PID=152) to work on /home/airflow/.local/lib/python3.12/site-packages/airflow/example_dags/example_workday_timetable.py
[2025-10-10T08:54:24.519+0000] {processor.py:914} INFO - Processing file /home/airflow/.local/lib/python3.12/site-packages/airflow/example_dags/example_workday_timetable.py for tasks to queue
[2025-10-10T08:54:24.525+0000] {logging_mixin.py:190} INFO - [2025-10-10T08:54:24.524+0000] {dagbag.py:587} INFO - Filling up the DagBag from /home/airflow/.local/lib/python3.12/site-packages/airflow/example_dags/example_workday_timetable.py
[2025-10-10T08:54:24.540+0000] {processor.py:925} INFO - DAG(s) 'example_workday_timetable' retrieved from /home/airflow/.local/lib/python3.12/site-packages/airflow/example_dags/example_workday_timetable.py
[2025-10-10T08:54:24.604+0000] {logging_mixin.py:190} INFO - [2025-10-10T08:54:24.603+0000] {dag.py:3211} INFO - Sync 1 DAGs
[2025-10-10T08:54:24.823+0000] {logging_mixin.py:190} INFO - [2025-10-10T08:54:24.823+0000] {dag.py:4138} INFO - Setting next_dagrun for example_workday_timetable to 2021-01-04 00:00:00+00:00, run_after=2021-01-05 00:00:00+00:00
[2025-10-10T08:54:24.891+0000] {processor.py:208} INFO - Processing /home/airflow/.local/lib/python3.12/site-packages/airflow/example_dags/example_workday_timetable.py took 0.390 seconds
[2025-10-10T08:54:55.892+0000] {processor.py:186} INFO - Started process (PID=216) to work on /home/airflow/.local/lib/python3.12/site-packages/airflow/example_dags/example_workday_timetable.py
[2025-10-10T08:54:55.896+0000] {processor.py:914} INFO - Processing file /home/airflow/.local/lib/python3.12/site-packages/airflow/example_dags/example_workday_timetable.py for tasks to queue
[2025-10-10T08:54:55.902+0000] {logging_mixin.py:190} INFO - [2025-10-10T08:54:55.901+0000] {dagbag.py:587} INFO - Filling up the DagBag from /home/airflow/.local/lib/python3.12/site-packages/airflow/example_dags/example_workday_timetable.py
[2025-10-10T08:54:55.917+0000] {processor.py:925} INFO - DAG(s) 'example_workday_timetable' retrieved from /home/airflow/.local/lib/python3.12/site-packages/airflow/example_dags/example_workday_timetable.py
[2025-10-10T08:54:55.963+0000] {logging_mixin.py:190} INFO - [2025-10-10T08:54:55.962+0000] {dag.py:3211} INFO - Sync 1 DAGs
[2025-10-10T08:54:56.147+0000] {logging_mixin.py:190} INFO - [2025-10-10T08:54:56.147+0000] {dag.py:4138} INFO - Setting next_dagrun for example_workday_timetable to 2021-01-04 00:00:00+00:00, run_after=2021-01-05 00:00:00+00:00
[2025-10-10T08:54:56.191+0000] {processor.py:208} INFO - Processing /home/airflow/.local/lib/python3.12/site-packages/airflow/example_dags/example_workday_timetable.py took 0.312 seconds
[2025-10-10T08:58:02.435+0000] {processor.py:186} INFO - Started process (PID=90) to work on /home/airflow/.local/lib/python3.12/site-packages/airflow/example_dags/example_workday_timetable.py
[2025-10-10T08:58:02.466+0000] {processor.py:914} INFO - Processing file /home/airflow/.local/lib/python3.12/site-packages/airflow/example_dags/example_workday_timetable.py for tasks to queue
[2025-10-10T08:58:02.484+0000] {logging_mixin.py:190} INFO - [2025-10-10T08:58:02.483+0000] {dagbag.py:587} INFO - Filling up the DagBag from /home/airflow/.local/lib/python3.12/site-packages/airflow/example_dags/example_workday_timetable.py
[2025-10-10T08:58:02.520+0000] {processor.py:925} INFO - DAG(s) 'example_workday_timetable' retrieved from /home/airflow/.local/lib/python3.12/site-packages/airflow/example_dags/example_workday_timetable.py
[2025-10-10T08:58:02.668+0000] {logging_mixin.py:190} INFO - [2025-10-10T08:58:02.667+0000] {dag.py:3211} INFO - Sync 1 DAGs
[2025-10-10T08:58:03.060+0000] {logging_mixin.py:190} INFO - [2025-10-10T08:58:03.059+0000] {dag.py:4138} INFO - Setting next_dagrun for example_workday_timetable to 2021-01-04 00:00:00+00:00, run_after=2021-01-05 00:00:00+00:00
[2025-10-10T08:58:03.123+0000] {processor.py:208} INFO - Processing /home/airflow/.local/lib/python3.12/site-packages/airflow/example_dags/example_workday_timetable.py took 0.716 seconds
[2025-10-10T08:58:33.426+0000] {processor.py:186} INFO - Started process (PID=153) to work on /home/airflow/.local/lib/python3.12/site-packages/airflow/example_dags/example_workday_timetable.py
[2025-10-10T08:58:33.430+0000] {processor.py:914} INFO - Processing file /home/airflow/.local/lib/python3.12/site-packages/airflow/example_dags/example_workday_timetable.py for tasks to queue
[2025-10-10T08:58:33.442+0000] {logging_mixin.py:190} INFO - [2025-10-10T08:58:33.441+0000] {dagbag.py:587} INFO - Filling up the DagBag from /home/airflow/.local/lib/python3.12/site-packages/airflow/example_dags/example_workday_timetable.py
[2025-10-10T08:58:33.463+0000] {processor.py:925} INFO - DAG(s) 'example_workday_timetable' retrieved from /home/airflow/.local/lib/python3.12/site-packages/airflow/example_dags/example_workday_timetable.py
[2025-10-10T08:58:33.533+0000] {logging_mixin.py:190} INFO - [2025-10-10T08:58:33.531+0000] {dag.py:3211} INFO - Sync 1 DAGs
[2025-10-10T08:58:33.757+0000] {logging_mixin.py:190} INFO - [2025-10-10T08:58:33.757+0000] {dag.py:4138} INFO - Setting next_dagrun for example_workday_timetable to 2021-01-04 00:00:00+00:00, run_after=2021-01-05 00:00:00+00:00
[2025-10-10T08:58:33.802+0000] {processor.py:208} INFO - Processing /home/airflow/.local/lib/python3.12/site-packages/airflow/example_dags/example_workday_timetable.py took 0.397 seconds
[2025-10-10T09:01:29.135+0000] {processor.py:186} INFO - Started process (PID=89) to work on /home/airflow/.local/lib/python3.12/site-packages/airflow/example_dags/example_workday_timetable.py
[2025-10-10T09:01:29.155+0000] {processor.py:914} INFO - Processing file /home/airflow/.local/lib/python3.12/site-packages/airflow/example_dags/example_workday_timetable.py for tasks to queue
[2025-10-10T09:01:29.164+0000] {logging_mixin.py:190} INFO - [2025-10-10T09:01:29.164+0000] {dagbag.py:587} INFO - Filling up the DagBag from /home/airflow/.local/lib/python3.12/site-packages/airflow/example_dags/example_workday_timetable.py
[2025-10-10T09:01:29.188+0000] {processor.py:925} INFO - DAG(s) 'example_workday_timetable' retrieved from /home/airflow/.local/lib/python3.12/site-packages/airflow/example_dags/example_workday_timetable.py
[2025-10-10T09:01:29.292+0000] {logging_mixin.py:190} INFO - [2025-10-10T09:01:29.292+0000] {dag.py:3211} INFO - Sync 1 DAGs
[2025-10-10T09:01:29.555+0000] {logging_mixin.py:190} INFO - [2025-10-10T09:01:29.555+0000] {dag.py:4138} INFO - Setting next_dagrun for example_workday_timetable to 2021-01-04 00:00:00+00:00, run_after=2021-01-05 00:00:00+00:00
[2025-10-10T09:01:29.631+0000] {processor.py:208} INFO - Processing /home/airflow/.local/lib/python3.12/site-packages/airflow/example_dags/example_workday_timetable.py took 0.518 seconds
[2025-10-10T09:02:00.229+0000] {processor.py:186} INFO - Started process (PID=152) to work on /home/airflow/.local/lib/python3.12/site-packages/airflow/example_dags/example_workday_timetable.py
[2025-10-10T09:02:00.232+0000] {processor.py:914} INFO - Processing file /home/airflow/.local/lib/python3.12/site-packages/airflow/example_dags/example_workday_timetable.py for tasks to queue
[2025-10-10T09:02:00.241+0000] {logging_mixin.py:190} INFO - [2025-10-10T09:02:00.240+0000] {dagbag.py:587} INFO - Filling up the DagBag from /home/airflow/.local/lib/python3.12/site-packages/airflow/example_dags/example_workday_timetable.py
[2025-10-10T09:02:00.267+0000] {processor.py:925} INFO - DAG(s) 'example_workday_timetable' retrieved from /home/airflow/.local/lib/python3.12/site-packages/airflow/example_dags/example_workday_timetable.py
[2025-10-10T09:02:00.324+0000] {logging_mixin.py:190} INFO - [2025-10-10T09:02:00.323+0000] {dag.py:3211} INFO - Sync 1 DAGs
[2025-10-10T09:02:00.616+0000] {logging_mixin.py:190} INFO - [2025-10-10T09:02:00.615+0000] {dag.py:4138} INFO - Setting next_dagrun for example_workday_timetable to 2021-01-04 00:00:00+00:00, run_after=2021-01-05 00:00:00+00:00
[2025-10-10T09:02:00.674+0000] {processor.py:208} INFO - Processing /home/airflow/.local/lib/python3.12/site-packages/airflow/example_dags/example_workday_timetable.py took 0.466 seconds
[2025-10-10T09:02:31.724+0000] {processor.py:186} INFO - Started process (PID=215) to work on /home/airflow/.local/lib/python3.12/site-packages/airflow/example_dags/example_workday_timetable.py
[2025-10-10T09:02:31.727+0000] {processor.py:914} INFO - Processing file /home/airflow/.local/lib/python3.12/site-packages/airflow/example_dags/example_workday_timetable.py for tasks to queue
[2025-10-10T09:02:31.734+0000] {logging_mixin.py:190} INFO - [2025-10-10T09:02:31.733+0000] {dagbag.py:587} INFO - Filling up the DagBag from /home/airflow/.local/lib/python3.12/site-packages/airflow/example_dags/example_workday_timetable.py
[2025-10-10T09:02:31.753+0000] {processor.py:925} INFO - DAG(s) 'example_workday_timetable' retrieved from /home/airflow/.local/lib/python3.12/site-packages/airflow/example_dags/example_workday_timetable.py
[2025-10-10T09:02:31.809+0000] {logging_mixin.py:190} INFO - [2025-10-10T09:02:31.809+0000] {dag.py:3211} INFO - Sync 1 DAGs
[2025-10-10T09:02:31.975+0000] {logging_mixin.py:190} INFO - [2025-10-10T09:02:31.975+0000] {dag.py:4138} INFO - Setting next_dagrun for example_workday_timetable to 2021-01-04 00:00:00+00:00, run_after=2021-01-05 00:00:00+00:00
[2025-10-10T09:02:32.017+0000] {processor.py:208} INFO - Processing /home/airflow/.local/lib/python3.12/site-packages/airflow/example_dags/example_workday_timetable.py took 0.308 seconds
[2025-10-10T09:03:03.060+0000] {processor.py:186} INFO - Started process (PID=279) to work on /home/airflow/.local/lib/python3.12/site-packages/airflow/example_dags/example_workday_timetable.py
[2025-10-10T09:03:03.065+0000] {processor.py:914} INFO - Processing file /home/airflow/.local/lib/python3.12/site-packages/airflow/example_dags/example_workday_timetable.py for tasks to queue
[2025-10-10T09:03:03.083+0000] {logging_mixin.py:190} INFO - [2025-10-10T09:03:03.082+0000] {dagbag.py:587} INFO - Filling up the DagBag from /home/airflow/.local/lib/python3.12/site-packages/airflow/example_dags/example_workday_timetable.py
[2025-10-10T09:03:03.120+0000] {processor.py:925} INFO - DAG(s) 'example_workday_timetable' retrieved from /home/airflow/.local/lib/python3.12/site-packages/airflow/example_dags/example_workday_timetable.py
[2025-10-10T09:03:03.203+0000] {logging_mixin.py:190} INFO - [2025-10-10T09:03:03.203+0000] {dag.py:3211} INFO - Sync 1 DAGs
[2025-10-10T09:03:03.407+0000] {logging_mixin.py:190} INFO - [2025-10-10T09:03:03.407+0000] {dag.py:4138} INFO - Setting next_dagrun for example_workday_timetable to 2021-01-04 00:00:00+00:00, run_after=2021-01-05 00:00:00+00:00
[2025-10-10T09:03:03.454+0000] {processor.py:208} INFO - Processing /home/airflow/.local/lib/python3.12/site-packages/airflow/example_dags/example_workday_timetable.py took 0.437 seconds
[2025-10-10T09:03:34.332+0000] {processor.py:186} INFO - Started process (PID=342) to work on /home/airflow/.local/lib/python3.12/site-packages/airflow/example_dags/example_workday_timetable.py
[2025-10-10T09:03:34.335+0000] {processor.py:914} INFO - Processing file /home/airflow/.local/lib/python3.12/site-packages/airflow/example_dags/example_workday_timetable.py for tasks to queue
[2025-10-10T09:03:34.345+0000] {logging_mixin.py:190} INFO - [2025-10-10T09:03:34.344+0000] {dagbag.py:587} INFO - Filling up the DagBag from /home/airflow/.local/lib/python3.12/site-packages/airflow/example_dags/example_workday_timetable.py
[2025-10-10T09:03:34.365+0000] {processor.py:925} INFO - DAG(s) 'example_workday_timetable' retrieved from /home/airflow/.local/lib/python3.12/site-packages/airflow/example_dags/example_workday_timetable.py
[2025-10-10T09:03:34.418+0000] {logging_mixin.py:190} INFO - [2025-10-10T09:03:34.417+0000] {dag.py:3211} INFO - Sync 1 DAGs
[2025-10-10T09:03:34.588+0000] {logging_mixin.py:190} INFO - [2025-10-10T09:03:34.588+0000] {dag.py:4138} INFO - Setting next_dagrun for example_workday_timetable to 2021-01-04 00:00:00+00:00, run_after=2021-01-05 00:00:00+00:00
[2025-10-10T09:03:34.641+0000] {processor.py:208} INFO - Processing /home/airflow/.local/lib/python3.12/site-packages/airflow/example_dags/example_workday_timetable.py took 0.326 seconds
[2025-10-10T09:04:05.940+0000] {processor.py:186} INFO - Started process (PID=405) to work on /home/airflow/.local/lib/python3.12/site-packages/airflow/example_dags/example_workday_timetable.py
[2025-10-10T09:04:05.943+0000] {processor.py:914} INFO - Processing file /home/airflow/.local/lib/python3.12/site-packages/airflow/example_dags/example_workday_timetable.py for tasks to queue
[2025-10-10T09:04:05.952+0000] {logging_mixin.py:190} INFO - [2025-10-10T09:04:05.951+0000] {dagbag.py:587} INFO - Filling up the DagBag from /home/airflow/.local/lib/python3.12/site-packages/airflow/example_dags/example_workday_timetable.py
[2025-10-10T09:04:05.972+0000] {processor.py:925} INFO - DAG(s) 'example_workday_timetable' retrieved from /home/airflow/.local/lib/python3.12/site-packages/airflow/example_dags/example_workday_timetable.py
[2025-10-10T09:04:06.041+0000] {logging_mixin.py:190} INFO - [2025-10-10T09:04:06.040+0000] {dag.py:3211} INFO - Sync 1 DAGs
[2025-10-10T09:04:06.249+0000] {logging_mixin.py:190} INFO - [2025-10-10T09:04:06.248+0000] {dag.py:4138} INFO - Setting next_dagrun for example_workday_timetable to 2021-01-04 00:00:00+00:00, run_after=2021-01-05 00:00:00+00:00
[2025-10-10T09:04:06.303+0000] {processor.py:208} INFO - Processing /home/airflow/.local/lib/python3.12/site-packages/airflow/example_dags/example_workday_timetable.py took 0.385 seconds
[2025-10-10T09:04:36.721+0000] {processor.py:186} INFO - Started process (PID=468) to work on /home/airflow/.local/lib/python3.12/site-packages/airflow/example_dags/example_workday_timetable.py
[2025-10-10T09:04:36.725+0000] {processor.py:914} INFO - Processing file /home/airflow/.local/lib/python3.12/site-packages/airflow/example_dags/example_workday_timetable.py for tasks to queue
[2025-10-10T09:04:36.732+0000] {logging_mixin.py:190} INFO - [2025-10-10T09:04:36.731+0000] {dagbag.py:587} INFO - Filling up the DagBag from /home/airflow/.local/lib/python3.12/site-packages/airflow/example_dags/example_workday_timetable.py
[2025-10-10T09:04:36.753+0000] {processor.py:925} INFO - DAG(s) 'example_workday_timetable' retrieved from /home/airflow/.local/lib/python3.12/site-packages/airflow/example_dags/example_workday_timetable.py
[2025-10-10T09:04:36.812+0000] {logging_mixin.py:190} INFO - [2025-10-10T09:04:36.812+0000] {dag.py:3211} INFO - Sync 1 DAGs
[2025-10-10T09:04:36.982+0000] {logging_mixin.py:190} INFO - [2025-10-10T09:04:36.981+0000] {dag.py:4138} INFO - Setting next_dagrun for example_workday_timetable to 2021-01-04 00:00:00+00:00, run_after=2021-01-05 00:00:00+00:00
[2025-10-10T09:04:37.034+0000] {processor.py:208} INFO - Processing /home/airflow/.local/lib/python3.12/site-packages/airflow/example_dags/example_workday_timetable.py took 0.330 seconds
[2025-10-10T09:05:07.585+0000] {processor.py:186} INFO - Started process (PID=530) to work on /home/airflow/.local/lib/python3.12/site-packages/airflow/example_dags/example_workday_timetable.py
[2025-10-10T09:05:07.590+0000] {processor.py:914} INFO - Processing file /home/airflow/.local/lib/python3.12/site-packages/airflow/example_dags/example_workday_timetable.py for tasks to queue
[2025-10-10T09:05:07.600+0000] {logging_mixin.py:190} INFO - [2025-10-10T09:05:07.600+0000] {dagbag.py:587} INFO - Filling up the DagBag from /home/airflow/.local/lib/python3.12/site-packages/airflow/example_dags/example_workday_timetable.py
[2025-10-10T09:05:07.615+0000] {processor.py:925} INFO - DAG(s) 'example_workday_timetable' retrieved from /home/airflow/.local/lib/python3.12/site-packages/airflow/example_dags/example_workday_timetable.py
[2025-10-10T09:05:07.660+0000] {logging_mixin.py:190} INFO - [2025-10-10T09:05:07.659+0000] {dag.py:3211} INFO - Sync 1 DAGs
[2025-10-10T09:05:07.819+0000] {logging_mixin.py:190} INFO - [2025-10-10T09:05:07.819+0000] {dag.py:4138} INFO - Setting next_dagrun for example_workday_timetable to 2021-01-04 00:00:00+00:00, run_after=2021-01-05 00:00:00+00:00
[2025-10-10T09:05:07.877+0000] {processor.py:208} INFO - Processing /home/airflow/.local/lib/python3.12/site-packages/airflow/example_dags/example_workday_timetable.py took 0.323 seconds
[2025-10-10T09:05:38.656+0000] {processor.py:186} INFO - Started process (PID=593) to work on /home/airflow/.local/lib/python3.12/site-packages/airflow/example_dags/example_workday_timetable.py
[2025-10-10T09:05:38.658+0000] {processor.py:914} INFO - Processing file /home/airflow/.local/lib/python3.12/site-packages/airflow/example_dags/example_workday_timetable.py for tasks to queue
[2025-10-10T09:05:38.667+0000] {logging_mixin.py:190} INFO - [2025-10-10T09:05:38.666+0000] {dagbag.py:587} INFO - Filling up the DagBag from /home/airflow/.local/lib/python3.12/site-packages/airflow/example_dags/example_workday_timetable.py
[2025-10-10T09:05:38.684+0000] {processor.py:925} INFO - DAG(s) 'example_workday_timetable' retrieved from /home/airflow/.local/lib/python3.12/site-packages/airflow/example_dags/example_workday_timetable.py
[2025-10-10T09:05:38.741+0000] {logging_mixin.py:190} INFO - [2025-10-10T09:05:38.740+0000] {dag.py:3211} INFO - Sync 1 DAGs
[2025-10-10T09:05:38.896+0000] {logging_mixin.py:190} INFO - [2025-10-10T09:05:38.895+0000] {dag.py:4138} INFO - Setting next_dagrun for example_workday_timetable to 2021-01-04 00:00:00+00:00, run_after=2021-01-05 00:00:00+00:00
[2025-10-10T09:05:38.937+0000] {processor.py:208} INFO - Processing /home/airflow/.local/lib/python3.12/site-packages/airflow/example_dags/example_workday_timetable.py took 0.298 seconds
