[2025-10-10T08:37:56.200+0000] {processor.py:186} INFO - Started process (PID=95) to work on /home/airflow/.local/lib/python3.12/site-packages/airflow/example_dags/example_display_name.py
[2025-10-10T08:37:56.203+0000] {processor.py:914} INFO - Processing file /home/airflow/.local/lib/python3.12/site-packages/airflow/example_dags/example_display_name.py for tasks to queue
[2025-10-10T08:37:56.209+0000] {logging_mixin.py:190} INFO - [2025-10-10T08:37:56.208+0000] {dagbag.py:587} INFO - Filling up the DagBag from /home/airflow/.local/lib/python3.12/site-packages/airflow/example_dags/example_display_name.py
[2025-10-10T08:37:56.227+0000] {processor.py:925} INFO - DAG(s) 'example_display_name' retrieved from /home/airflow/.local/lib/python3.12/site-packages/airflow/example_dags/example_display_name.py
[2025-10-10T08:37:56.279+0000] {logging_mixin.py:190} INFO - [2025-10-10T08:37:56.278+0000] {dag.py:3211} INFO - Sync 1 DAGs
[2025-10-10T08:37:56.322+0000] {logging_mixin.py:190} INFO - [2025-10-10T08:37:56.321+0000] {dag.py:4138} INFO - Setting next_dagrun for example_display_name to None, run_after=None
[2025-10-10T08:37:56.377+0000] {processor.py:208} INFO - Processing /home/airflow/.local/lib/python3.12/site-packages/airflow/example_dags/example_display_name.py took 0.192 seconds
[2025-10-10T08:38:27.413+0000] {processor.py:186} INFO - Started process (PID=158) to work on /home/airflow/.local/lib/python3.12/site-packages/airflow/example_dags/example_display_name.py
[2025-10-10T08:38:27.416+0000] {processor.py:914} INFO - Processing file /home/airflow/.local/lib/python3.12/site-packages/airflow/example_dags/example_display_name.py for tasks to queue
[2025-10-10T08:38:27.421+0000] {logging_mixin.py:190} INFO - [2025-10-10T08:38:27.420+0000] {dagbag.py:587} INFO - Filling up the DagBag from /home/airflow/.local/lib/python3.12/site-packages/airflow/example_dags/example_display_name.py
[2025-10-10T08:38:27.439+0000] {processor.py:925} INFO - DAG(s) 'example_display_name' retrieved from /home/airflow/.local/lib/python3.12/site-packages/airflow/example_dags/example_display_name.py
[2025-10-10T08:38:27.485+0000] {logging_mixin.py:190} INFO - [2025-10-10T08:38:27.485+0000] {dag.py:3211} INFO - Sync 1 DAGs
[2025-10-10T08:38:27.518+0000] {logging_mixin.py:190} INFO - [2025-10-10T08:38:27.517+0000] {dag.py:4138} INFO - Setting next_dagrun for example_display_name to None, run_after=None
[2025-10-10T08:38:27.596+0000] {processor.py:208} INFO - Processing /home/airflow/.local/lib/python3.12/site-packages/airflow/example_dags/example_display_name.py took 0.196 seconds
[2025-10-10T08:38:58.443+0000] {processor.py:186} INFO - Started process (PID=221) to work on /home/airflow/.local/lib/python3.12/site-packages/airflow/example_dags/example_display_name.py
[2025-10-10T08:38:58.446+0000] {processor.py:914} INFO - Processing file /home/airflow/.local/lib/python3.12/site-packages/airflow/example_dags/example_display_name.py for tasks to queue
[2025-10-10T08:38:58.453+0000] {logging_mixin.py:190} INFO - [2025-10-10T08:38:58.452+0000] {dagbag.py:587} INFO - Filling up the DagBag from /home/airflow/.local/lib/python3.12/site-packages/airflow/example_dags/example_display_name.py
[2025-10-10T08:38:58.474+0000] {processor.py:925} INFO - DAG(s) 'example_display_name' retrieved from /home/airflow/.local/lib/python3.12/site-packages/airflow/example_dags/example_display_name.py
[2025-10-10T08:38:58.527+0000] {logging_mixin.py:190} INFO - [2025-10-10T08:38:58.527+0000] {dag.py:3211} INFO - Sync 1 DAGs
[2025-10-10T08:38:58.571+0000] {logging_mixin.py:190} INFO - [2025-10-10T08:38:58.570+0000] {dag.py:4138} INFO - Setting next_dagrun for example_display_name to None, run_after=None
[2025-10-10T08:38:58.618+0000] {processor.py:208} INFO - Processing /home/airflow/.local/lib/python3.12/site-packages/airflow/example_dags/example_display_name.py took 0.193 seconds
[2025-10-10T08:39:29.000+0000] {processor.py:186} INFO - Started process (PID=284) to work on /home/airflow/.local/lib/python3.12/site-packages/airflow/example_dags/example_display_name.py
[2025-10-10T08:39:29.003+0000] {processor.py:914} INFO - Processing file /home/airflow/.local/lib/python3.12/site-packages/airflow/example_dags/example_display_name.py for tasks to queue
[2025-10-10T08:39:29.010+0000] {logging_mixin.py:190} INFO - [2025-10-10T08:39:29.009+0000] {dagbag.py:587} INFO - Filling up the DagBag from /home/airflow/.local/lib/python3.12/site-packages/airflow/example_dags/example_display_name.py
[2025-10-10T08:39:29.032+0000] {processor.py:925} INFO - DAG(s) 'example_display_name' retrieved from /home/airflow/.local/lib/python3.12/site-packages/airflow/example_dags/example_display_name.py
[2025-10-10T08:39:29.095+0000] {logging_mixin.py:190} INFO - [2025-10-10T08:39:29.095+0000] {dag.py:3211} INFO - Sync 1 DAGs
[2025-10-10T08:39:29.145+0000] {logging_mixin.py:190} INFO - [2025-10-10T08:39:29.145+0000] {dag.py:4138} INFO - Setting next_dagrun for example_display_name to None, run_after=None
[2025-10-10T08:39:29.198+0000] {processor.py:208} INFO - Processing /home/airflow/.local/lib/python3.12/site-packages/airflow/example_dags/example_display_name.py took 0.212 seconds
[2025-10-10T08:40:01.333+0000] {processor.py:186} INFO - Started process (PID=347) to work on /home/airflow/.local/lib/python3.12/site-packages/airflow/example_dags/example_display_name.py
[2025-10-10T08:40:01.336+0000] {processor.py:914} INFO - Processing file /home/airflow/.local/lib/python3.12/site-packages/airflow/example_dags/example_display_name.py for tasks to queue
[2025-10-10T08:40:01.342+0000] {logging_mixin.py:190} INFO - [2025-10-10T08:40:01.341+0000] {dagbag.py:587} INFO - Filling up the DagBag from /home/airflow/.local/lib/python3.12/site-packages/airflow/example_dags/example_display_name.py
[2025-10-10T08:40:01.363+0000] {processor.py:925} INFO - DAG(s) 'example_display_name' retrieved from /home/airflow/.local/lib/python3.12/site-packages/airflow/example_dags/example_display_name.py
[2025-10-10T08:40:01.470+0000] {logging_mixin.py:190} INFO - [2025-10-10T08:40:01.470+0000] {dag.py:3211} INFO - Sync 1 DAGs
[2025-10-10T08:40:01.530+0000] {logging_mixin.py:190} INFO - [2025-10-10T08:40:01.529+0000] {dag.py:4138} INFO - Setting next_dagrun for example_display_name to None, run_after=None
[2025-10-10T08:40:01.594+0000] {processor.py:208} INFO - Processing /home/airflow/.local/lib/python3.12/site-packages/airflow/example_dags/example_display_name.py took 0.280 seconds
[2025-10-10T08:40:32.744+0000] {processor.py:186} INFO - Started process (PID=410) to work on /home/airflow/.local/lib/python3.12/site-packages/airflow/example_dags/example_display_name.py
[2025-10-10T08:40:32.748+0000] {processor.py:914} INFO - Processing file /home/airflow/.local/lib/python3.12/site-packages/airflow/example_dags/example_display_name.py for tasks to queue
[2025-10-10T08:40:32.756+0000] {logging_mixin.py:190} INFO - [2025-10-10T08:40:32.755+0000] {dagbag.py:587} INFO - Filling up the DagBag from /home/airflow/.local/lib/python3.12/site-packages/airflow/example_dags/example_display_name.py
[2025-10-10T08:40:32.782+0000] {processor.py:925} INFO - DAG(s) 'example_display_name' retrieved from /home/airflow/.local/lib/python3.12/site-packages/airflow/example_dags/example_display_name.py
[2025-10-10T08:40:32.862+0000] {logging_mixin.py:190} INFO - [2025-10-10T08:40:32.862+0000] {dag.py:3211} INFO - Sync 1 DAGs
[2025-10-10T08:40:32.913+0000] {logging_mixin.py:190} INFO - [2025-10-10T08:40:32.912+0000] {dag.py:4138} INFO - Setting next_dagrun for example_display_name to None, run_after=None
[2025-10-10T08:40:32.966+0000] {processor.py:208} INFO - Processing /home/airflow/.local/lib/python3.12/site-packages/airflow/example_dags/example_display_name.py took 0.242 seconds
[2025-10-10T08:41:04.147+0000] {processor.py:186} INFO - Started process (PID=473) to work on /home/airflow/.local/lib/python3.12/site-packages/airflow/example_dags/example_display_name.py
[2025-10-10T08:41:04.150+0000] {processor.py:914} INFO - Processing file /home/airflow/.local/lib/python3.12/site-packages/airflow/example_dags/example_display_name.py for tasks to queue
[2025-10-10T08:41:04.155+0000] {logging_mixin.py:190} INFO - [2025-10-10T08:41:04.155+0000] {dagbag.py:587} INFO - Filling up the DagBag from /home/airflow/.local/lib/python3.12/site-packages/airflow/example_dags/example_display_name.py
[2025-10-10T08:41:04.172+0000] {processor.py:925} INFO - DAG(s) 'example_display_name' retrieved from /home/airflow/.local/lib/python3.12/site-packages/airflow/example_dags/example_display_name.py
[2025-10-10T08:41:04.213+0000] {logging_mixin.py:190} INFO - [2025-10-10T08:41:04.213+0000] {dag.py:3211} INFO - Sync 1 DAGs
[2025-10-10T08:41:04.242+0000] {logging_mixin.py:190} INFO - [2025-10-10T08:41:04.242+0000] {dag.py:4138} INFO - Setting next_dagrun for example_display_name to None, run_after=None
[2025-10-10T08:41:04.281+0000] {processor.py:208} INFO - Processing /home/airflow/.local/lib/python3.12/site-packages/airflow/example_dags/example_display_name.py took 0.146 seconds
[2025-10-10T08:41:34.615+0000] {processor.py:186} INFO - Started process (PID=536) to work on /home/airflow/.local/lib/python3.12/site-packages/airflow/example_dags/example_display_name.py
[2025-10-10T08:41:34.617+0000] {processor.py:914} INFO - Processing file /home/airflow/.local/lib/python3.12/site-packages/airflow/example_dags/example_display_name.py for tasks to queue
[2025-10-10T08:41:34.622+0000] {logging_mixin.py:190} INFO - [2025-10-10T08:41:34.621+0000] {dagbag.py:587} INFO - Filling up the DagBag from /home/airflow/.local/lib/python3.12/site-packages/airflow/example_dags/example_display_name.py
[2025-10-10T08:41:34.636+0000] {processor.py:925} INFO - DAG(s) 'example_display_name' retrieved from /home/airflow/.local/lib/python3.12/site-packages/airflow/example_dags/example_display_name.py
[2025-10-10T08:41:34.673+0000] {logging_mixin.py:190} INFO - [2025-10-10T08:41:34.673+0000] {dag.py:3211} INFO - Sync 1 DAGs
[2025-10-10T08:41:34.699+0000] {logging_mixin.py:190} INFO - [2025-10-10T08:41:34.698+0000] {dag.py:4138} INFO - Setting next_dagrun for example_display_name to None, run_after=None
[2025-10-10T08:41:34.740+0000] {processor.py:208} INFO - Processing /home/airflow/.local/lib/python3.12/site-packages/airflow/example_dags/example_display_name.py took 0.135 seconds
[2025-10-10T08:42:05.247+0000] {processor.py:186} INFO - Started process (PID=598) to work on /home/airflow/.local/lib/python3.12/site-packages/airflow/example_dags/example_display_name.py
[2025-10-10T08:42:05.249+0000] {processor.py:914} INFO - Processing file /home/airflow/.local/lib/python3.12/site-packages/airflow/example_dags/example_display_name.py for tasks to queue
[2025-10-10T08:42:05.254+0000] {logging_mixin.py:190} INFO - [2025-10-10T08:42:05.253+0000] {dagbag.py:587} INFO - Filling up the DagBag from /home/airflow/.local/lib/python3.12/site-packages/airflow/example_dags/example_display_name.py
[2025-10-10T08:42:05.269+0000] {processor.py:925} INFO - DAG(s) 'example_display_name' retrieved from /home/airflow/.local/lib/python3.12/site-packages/airflow/example_dags/example_display_name.py
[2025-10-10T08:42:05.308+0000] {logging_mixin.py:190} INFO - [2025-10-10T08:42:05.308+0000] {dag.py:3211} INFO - Sync 1 DAGs
[2025-10-10T08:42:05.335+0000] {logging_mixin.py:190} INFO - [2025-10-10T08:42:05.334+0000] {dag.py:4138} INFO - Setting next_dagrun for example_display_name to None, run_after=None
[2025-10-10T08:42:05.392+0000] {processor.py:208} INFO - Processing /home/airflow/.local/lib/python3.12/site-packages/airflow/example_dags/example_display_name.py took 0.160 seconds
[2025-10-10T08:42:35.760+0000] {processor.py:186} INFO - Started process (PID=661) to work on /home/airflow/.local/lib/python3.12/site-packages/airflow/example_dags/example_display_name.py
[2025-10-10T08:42:35.764+0000] {processor.py:914} INFO - Processing file /home/airflow/.local/lib/python3.12/site-packages/airflow/example_dags/example_display_name.py for tasks to queue
[2025-10-10T08:42:35.774+0000] {logging_mixin.py:190} INFO - [2025-10-10T08:42:35.772+0000] {dagbag.py:587} INFO - Filling up the DagBag from /home/airflow/.local/lib/python3.12/site-packages/airflow/example_dags/example_display_name.py
[2025-10-10T08:42:35.796+0000] {processor.py:925} INFO - DAG(s) 'example_display_name' retrieved from /home/airflow/.local/lib/python3.12/site-packages/airflow/example_dags/example_display_name.py
[2025-10-10T08:42:35.858+0000] {logging_mixin.py:190} INFO - [2025-10-10T08:42:35.858+0000] {dag.py:3211} INFO - Sync 1 DAGs
[2025-10-10T08:42:35.893+0000] {logging_mixin.py:190} INFO - [2025-10-10T08:42:35.893+0000] {dag.py:4138} INFO - Setting next_dagrun for example_display_name to None, run_after=None
[2025-10-10T08:42:35.964+0000] {processor.py:208} INFO - Processing /home/airflow/.local/lib/python3.12/site-packages/airflow/example_dags/example_display_name.py took 0.224 seconds
[2025-10-10T08:43:07.124+0000] {processor.py:186} INFO - Started process (PID=724) to work on /home/airflow/.local/lib/python3.12/site-packages/airflow/example_dags/example_display_name.py
[2025-10-10T08:43:07.127+0000] {processor.py:914} INFO - Processing file /home/airflow/.local/lib/python3.12/site-packages/airflow/example_dags/example_display_name.py for tasks to queue
[2025-10-10T08:43:07.134+0000] {logging_mixin.py:190} INFO - [2025-10-10T08:43:07.133+0000] {dagbag.py:587} INFO - Filling up the DagBag from /home/airflow/.local/lib/python3.12/site-packages/airflow/example_dags/example_display_name.py
[2025-10-10T08:43:07.155+0000] {processor.py:925} INFO - DAG(s) 'example_display_name' retrieved from /home/airflow/.local/lib/python3.12/site-packages/airflow/example_dags/example_display_name.py
[2025-10-10T08:43:07.238+0000] {logging_mixin.py:190} INFO - [2025-10-10T08:43:07.237+0000] {dag.py:3211} INFO - Sync 1 DAGs
[2025-10-10T08:43:07.314+0000] {logging_mixin.py:190} INFO - [2025-10-10T08:43:07.313+0000] {dag.py:4138} INFO - Setting next_dagrun for example_display_name to None, run_after=None
[2025-10-10T08:43:07.420+0000] {processor.py:208} INFO - Processing /home/airflow/.local/lib/python3.12/site-packages/airflow/example_dags/example_display_name.py took 0.311 seconds
[2025-10-10T08:43:37.961+0000] {processor.py:186} INFO - Started process (PID=787) to work on /home/airflow/.local/lib/python3.12/site-packages/airflow/example_dags/example_display_name.py
[2025-10-10T08:43:37.965+0000] {processor.py:914} INFO - Processing file /home/airflow/.local/lib/python3.12/site-packages/airflow/example_dags/example_display_name.py for tasks to queue
[2025-10-10T08:43:37.974+0000] {logging_mixin.py:190} INFO - [2025-10-10T08:43:37.973+0000] {dagbag.py:587} INFO - Filling up the DagBag from /home/airflow/.local/lib/python3.12/site-packages/airflow/example_dags/example_display_name.py
[2025-10-10T08:43:37.997+0000] {processor.py:925} INFO - DAG(s) 'example_display_name' retrieved from /home/airflow/.local/lib/python3.12/site-packages/airflow/example_dags/example_display_name.py
[2025-10-10T08:43:38.110+0000] {logging_mixin.py:190} INFO - [2025-10-10T08:43:38.108+0000] {dag.py:3211} INFO - Sync 1 DAGs
[2025-10-10T08:43:38.252+0000] {logging_mixin.py:190} INFO - [2025-10-10T08:43:38.251+0000] {dag.py:4138} INFO - Setting next_dagrun for example_display_name to None, run_after=None
[2025-10-10T08:43:38.313+0000] {processor.py:208} INFO - Processing /home/airflow/.local/lib/python3.12/site-packages/airflow/example_dags/example_display_name.py took 0.370 seconds
[2025-10-10T08:44:08.941+0000] {processor.py:186} INFO - Started process (PID=850) to work on /home/airflow/.local/lib/python3.12/site-packages/airflow/example_dags/example_display_name.py
[2025-10-10T08:44:08.943+0000] {processor.py:914} INFO - Processing file /home/airflow/.local/lib/python3.12/site-packages/airflow/example_dags/example_display_name.py for tasks to queue
[2025-10-10T08:44:08.950+0000] {logging_mixin.py:190} INFO - [2025-10-10T08:44:08.949+0000] {dagbag.py:587} INFO - Filling up the DagBag from /home/airflow/.local/lib/python3.12/site-packages/airflow/example_dags/example_display_name.py
[2025-10-10T08:44:08.974+0000] {processor.py:925} INFO - DAG(s) 'example_display_name' retrieved from /home/airflow/.local/lib/python3.12/site-packages/airflow/example_dags/example_display_name.py
[2025-10-10T08:44:09.028+0000] {logging_mixin.py:190} INFO - [2025-10-10T08:44:09.027+0000] {dag.py:3211} INFO - Sync 1 DAGs
[2025-10-10T08:44:09.069+0000] {logging_mixin.py:190} INFO - [2025-10-10T08:44:09.069+0000] {dag.py:4138} INFO - Setting next_dagrun for example_display_name to None, run_after=None
[2025-10-10T08:44:09.143+0000] {processor.py:208} INFO - Processing /home/airflow/.local/lib/python3.12/site-packages/airflow/example_dags/example_display_name.py took 0.219 seconds
[2025-10-10T08:44:39.660+0000] {processor.py:186} INFO - Started process (PID=912) to work on /home/airflow/.local/lib/python3.12/site-packages/airflow/example_dags/example_display_name.py
[2025-10-10T08:44:39.663+0000] {processor.py:914} INFO - Processing file /home/airflow/.local/lib/python3.12/site-packages/airflow/example_dags/example_display_name.py for tasks to queue
[2025-10-10T08:44:39.671+0000] {logging_mixin.py:190} INFO - [2025-10-10T08:44:39.670+0000] {dagbag.py:587} INFO - Filling up the DagBag from /home/airflow/.local/lib/python3.12/site-packages/airflow/example_dags/example_display_name.py
[2025-10-10T08:44:39.693+0000] {processor.py:925} INFO - DAG(s) 'example_display_name' retrieved from /home/airflow/.local/lib/python3.12/site-packages/airflow/example_dags/example_display_name.py
[2025-10-10T08:44:39.757+0000] {logging_mixin.py:190} INFO - [2025-10-10T08:44:39.757+0000] {dag.py:3211} INFO - Sync 1 DAGs
[2025-10-10T08:44:39.810+0000] {logging_mixin.py:190} INFO - [2025-10-10T08:44:39.810+0000] {dag.py:4138} INFO - Setting next_dagrun for example_display_name to None, run_after=None
[2025-10-10T08:44:39.869+0000] {processor.py:208} INFO - Processing /home/airflow/.local/lib/python3.12/site-packages/airflow/example_dags/example_display_name.py took 0.227 seconds
[2025-10-10T08:45:12.154+0000] {processor.py:186} INFO - Started process (PID=981) to work on /home/airflow/.local/lib/python3.12/site-packages/airflow/example_dags/example_display_name.py
[2025-10-10T08:45:12.156+0000] {processor.py:914} INFO - Processing file /home/airflow/.local/lib/python3.12/site-packages/airflow/example_dags/example_display_name.py for tasks to queue
[2025-10-10T08:45:12.163+0000] {logging_mixin.py:190} INFO - [2025-10-10T08:45:12.162+0000] {dagbag.py:587} INFO - Filling up the DagBag from /home/airflow/.local/lib/python3.12/site-packages/airflow/example_dags/example_display_name.py
[2025-10-10T08:45:12.180+0000] {processor.py:925} INFO - DAG(s) 'example_display_name' retrieved from /home/airflow/.local/lib/python3.12/site-packages/airflow/example_dags/example_display_name.py
[2025-10-10T08:45:12.221+0000] {logging_mixin.py:190} INFO - [2025-10-10T08:45:12.220+0000] {dag.py:3211} INFO - Sync 1 DAGs
[2025-10-10T08:45:12.259+0000] {logging_mixin.py:190} INFO - [2025-10-10T08:45:12.258+0000] {dag.py:4138} INFO - Setting next_dagrun for example_display_name to None, run_after=None
[2025-10-10T08:45:12.297+0000] {processor.py:208} INFO - Processing /home/airflow/.local/lib/python3.12/site-packages/airflow/example_dags/example_display_name.py took 0.159 seconds
[2025-10-10T08:45:43.236+0000] {processor.py:186} INFO - Started process (PID=1044) to work on /home/airflow/.local/lib/python3.12/site-packages/airflow/example_dags/example_display_name.py
[2025-10-10T08:45:43.242+0000] {processor.py:914} INFO - Processing file /home/airflow/.local/lib/python3.12/site-packages/airflow/example_dags/example_display_name.py for tasks to queue
[2025-10-10T08:45:43.259+0000] {logging_mixin.py:190} INFO - [2025-10-10T08:45:43.258+0000] {dagbag.py:587} INFO - Filling up the DagBag from /home/airflow/.local/lib/python3.12/site-packages/airflow/example_dags/example_display_name.py
[2025-10-10T08:45:43.292+0000] {processor.py:925} INFO - DAG(s) 'example_display_name' retrieved from /home/airflow/.local/lib/python3.12/site-packages/airflow/example_dags/example_display_name.py
[2025-10-10T08:45:43.363+0000] {logging_mixin.py:190} INFO - [2025-10-10T08:45:43.362+0000] {dag.py:3211} INFO - Sync 1 DAGs
[2025-10-10T08:45:43.424+0000] {logging_mixin.py:190} INFO - [2025-10-10T08:45:43.423+0000] {dag.py:4138} INFO - Setting next_dagrun for example_display_name to None, run_after=None
[2025-10-10T08:45:43.498+0000] {processor.py:208} INFO - Processing /home/airflow/.local/lib/python3.12/site-packages/airflow/example_dags/example_display_name.py took 0.290 seconds
[2025-10-10T08:46:15.418+0000] {processor.py:186} INFO - Started process (PID=1107) to work on /home/airflow/.local/lib/python3.12/site-packages/airflow/example_dags/example_display_name.py
[2025-10-10T08:46:15.423+0000] {processor.py:914} INFO - Processing file /home/airflow/.local/lib/python3.12/site-packages/airflow/example_dags/example_display_name.py for tasks to queue
[2025-10-10T08:46:15.456+0000] {logging_mixin.py:190} INFO - [2025-10-10T08:46:15.451+0000] {dagbag.py:587} INFO - Filling up the DagBag from /home/airflow/.local/lib/python3.12/site-packages/airflow/example_dags/example_display_name.py
[2025-10-10T08:46:15.495+0000] {processor.py:925} INFO - DAG(s) 'example_display_name' retrieved from /home/airflow/.local/lib/python3.12/site-packages/airflow/example_dags/example_display_name.py
[2025-10-10T08:46:15.558+0000] {logging_mixin.py:190} INFO - [2025-10-10T08:46:15.557+0000] {dag.py:3211} INFO - Sync 1 DAGs
[2025-10-10T08:46:15.616+0000] {logging_mixin.py:190} INFO - [2025-10-10T08:46:15.615+0000] {dag.py:4138} INFO - Setting next_dagrun for example_display_name to None, run_after=None
[2025-10-10T08:46:15.671+0000] {processor.py:208} INFO - Processing /home/airflow/.local/lib/python3.12/site-packages/airflow/example_dags/example_display_name.py took 0.284 seconds
[2025-10-10T08:46:45.903+0000] {processor.py:186} INFO - Started process (PID=1170) to work on /home/airflow/.local/lib/python3.12/site-packages/airflow/example_dags/example_display_name.py
[2025-10-10T08:46:45.906+0000] {processor.py:914} INFO - Processing file /home/airflow/.local/lib/python3.12/site-packages/airflow/example_dags/example_display_name.py for tasks to queue
[2025-10-10T08:46:45.911+0000] {logging_mixin.py:190} INFO - [2025-10-10T08:46:45.910+0000] {dagbag.py:587} INFO - Filling up the DagBag from /home/airflow/.local/lib/python3.12/site-packages/airflow/example_dags/example_display_name.py
[2025-10-10T08:46:45.926+0000] {processor.py:925} INFO - DAG(s) 'example_display_name' retrieved from /home/airflow/.local/lib/python3.12/site-packages/airflow/example_dags/example_display_name.py
[2025-10-10T08:46:45.969+0000] {logging_mixin.py:190} INFO - [2025-10-10T08:46:45.969+0000] {dag.py:3211} INFO - Sync 1 DAGs
[2025-10-10T08:46:46.014+0000] {logging_mixin.py:190} INFO - [2025-10-10T08:46:46.013+0000] {dag.py:4138} INFO - Setting next_dagrun for example_display_name to None, run_after=None
[2025-10-10T08:46:46.080+0000] {processor.py:208} INFO - Processing /home/airflow/.local/lib/python3.12/site-packages/airflow/example_dags/example_display_name.py took 0.188 seconds
[2025-10-10T08:47:17.174+0000] {processor.py:186} INFO - Started process (PID=1233) to work on /home/airflow/.local/lib/python3.12/site-packages/airflow/example_dags/example_display_name.py
[2025-10-10T08:47:17.177+0000] {processor.py:914} INFO - Processing file /home/airflow/.local/lib/python3.12/site-packages/airflow/example_dags/example_display_name.py for tasks to queue
[2025-10-10T08:47:17.187+0000] {logging_mixin.py:190} INFO - [2025-10-10T08:47:17.186+0000] {dagbag.py:587} INFO - Filling up the DagBag from /home/airflow/.local/lib/python3.12/site-packages/airflow/example_dags/example_display_name.py
[2025-10-10T08:47:17.213+0000] {processor.py:925} INFO - DAG(s) 'example_display_name' retrieved from /home/airflow/.local/lib/python3.12/site-packages/airflow/example_dags/example_display_name.py
[2025-10-10T08:47:17.270+0000] {logging_mixin.py:190} INFO - [2025-10-10T08:47:17.270+0000] {dag.py:3211} INFO - Sync 1 DAGs
[2025-10-10T08:47:17.328+0000] {logging_mixin.py:190} INFO - [2025-10-10T08:47:17.328+0000] {dag.py:4138} INFO - Setting next_dagrun for example_display_name to None, run_after=None
[2025-10-10T08:47:17.386+0000] {processor.py:208} INFO - Processing /home/airflow/.local/lib/python3.12/site-packages/airflow/example_dags/example_display_name.py took 0.232 seconds
[2025-10-10T08:47:48.175+0000] {processor.py:186} INFO - Started process (PID=1296) to work on /home/airflow/.local/lib/python3.12/site-packages/airflow/example_dags/example_display_name.py
[2025-10-10T08:47:48.177+0000] {processor.py:914} INFO - Processing file /home/airflow/.local/lib/python3.12/site-packages/airflow/example_dags/example_display_name.py for tasks to queue
[2025-10-10T08:47:48.183+0000] {logging_mixin.py:190} INFO - [2025-10-10T08:47:48.183+0000] {dagbag.py:587} INFO - Filling up the DagBag from /home/airflow/.local/lib/python3.12/site-packages/airflow/example_dags/example_display_name.py
[2025-10-10T08:47:48.202+0000] {processor.py:925} INFO - DAG(s) 'example_display_name' retrieved from /home/airflow/.local/lib/python3.12/site-packages/airflow/example_dags/example_display_name.py
[2025-10-10T08:47:48.257+0000] {logging_mixin.py:190} INFO - [2025-10-10T08:47:48.256+0000] {dag.py:3211} INFO - Sync 1 DAGs
[2025-10-10T08:47:48.308+0000] {logging_mixin.py:190} INFO - [2025-10-10T08:47:48.307+0000] {dag.py:4138} INFO - Setting next_dagrun for example_display_name to None, run_after=None
[2025-10-10T08:47:48.377+0000] {processor.py:208} INFO - Processing /home/airflow/.local/lib/python3.12/site-packages/airflow/example_dags/example_display_name.py took 0.218 seconds
[2025-10-10T08:48:19.250+0000] {processor.py:186} INFO - Started process (PID=1359) to work on /home/airflow/.local/lib/python3.12/site-packages/airflow/example_dags/example_display_name.py
[2025-10-10T08:48:19.253+0000] {processor.py:914} INFO - Processing file /home/airflow/.local/lib/python3.12/site-packages/airflow/example_dags/example_display_name.py for tasks to queue
[2025-10-10T08:48:19.259+0000] {logging_mixin.py:190} INFO - [2025-10-10T08:48:19.258+0000] {dagbag.py:587} INFO - Filling up the DagBag from /home/airflow/.local/lib/python3.12/site-packages/airflow/example_dags/example_display_name.py
[2025-10-10T08:48:19.278+0000] {processor.py:925} INFO - DAG(s) 'example_display_name' retrieved from /home/airflow/.local/lib/python3.12/site-packages/airflow/example_dags/example_display_name.py
[2025-10-10T08:48:19.328+0000] {logging_mixin.py:190} INFO - [2025-10-10T08:48:19.328+0000] {dag.py:3211} INFO - Sync 1 DAGs
[2025-10-10T08:48:19.371+0000] {logging_mixin.py:190} INFO - [2025-10-10T08:48:19.370+0000] {dag.py:4138} INFO - Setting next_dagrun for example_display_name to None, run_after=None
[2025-10-10T08:48:19.427+0000] {processor.py:208} INFO - Processing /home/airflow/.local/lib/python3.12/site-packages/airflow/example_dags/example_display_name.py took 0.200 seconds
[2025-10-10T08:48:50.355+0000] {processor.py:186} INFO - Started process (PID=1422) to work on /home/airflow/.local/lib/python3.12/site-packages/airflow/example_dags/example_display_name.py
[2025-10-10T08:48:50.367+0000] {processor.py:914} INFO - Processing file /home/airflow/.local/lib/python3.12/site-packages/airflow/example_dags/example_display_name.py for tasks to queue
[2025-10-10T08:48:50.384+0000] {logging_mixin.py:190} INFO - [2025-10-10T08:48:50.382+0000] {dagbag.py:587} INFO - Filling up the DagBag from /home/airflow/.local/lib/python3.12/site-packages/airflow/example_dags/example_display_name.py
[2025-10-10T08:48:50.428+0000] {processor.py:925} INFO - DAG(s) 'example_display_name' retrieved from /home/airflow/.local/lib/python3.12/site-packages/airflow/example_dags/example_display_name.py
[2025-10-10T08:48:50.551+0000] {logging_mixin.py:190} INFO - [2025-10-10T08:48:50.551+0000] {dag.py:3211} INFO - Sync 1 DAGs
[2025-10-10T08:48:50.649+0000] {logging_mixin.py:190} INFO - [2025-10-10T08:48:50.644+0000] {dag.py:4138} INFO - Setting next_dagrun for example_display_name to None, run_after=None
[2025-10-10T08:48:50.809+0000] {processor.py:208} INFO - Processing /home/airflow/.local/lib/python3.12/site-packages/airflow/example_dags/example_display_name.py took 0.495 seconds
[2025-10-10T08:49:23.502+0000] {processor.py:186} INFO - Started process (PID=1485) to work on /home/airflow/.local/lib/python3.12/site-packages/airflow/example_dags/example_display_name.py
[2025-10-10T08:49:23.504+0000] {processor.py:914} INFO - Processing file /home/airflow/.local/lib/python3.12/site-packages/airflow/example_dags/example_display_name.py for tasks to queue
[2025-10-10T08:49:23.511+0000] {logging_mixin.py:190} INFO - [2025-10-10T08:49:23.510+0000] {dagbag.py:587} INFO - Filling up the DagBag from /home/airflow/.local/lib/python3.12/site-packages/airflow/example_dags/example_display_name.py
[2025-10-10T08:49:23.530+0000] {processor.py:925} INFO - DAG(s) 'example_display_name' retrieved from /home/airflow/.local/lib/python3.12/site-packages/airflow/example_dags/example_display_name.py
[2025-10-10T08:49:23.587+0000] {logging_mixin.py:190} INFO - [2025-10-10T08:49:23.586+0000] {dag.py:3211} INFO - Sync 1 DAGs
[2025-10-10T08:49:23.630+0000] {logging_mixin.py:190} INFO - [2025-10-10T08:49:23.629+0000] {dag.py:4138} INFO - Setting next_dagrun for example_display_name to None, run_after=None
[2025-10-10T08:49:23.687+0000] {processor.py:208} INFO - Processing /home/airflow/.local/lib/python3.12/site-packages/airflow/example_dags/example_display_name.py took 0.201 seconds
[2025-10-10T08:53:56.170+0000] {processor.py:186} INFO - Started process (PID=98) to work on /home/airflow/.local/lib/python3.12/site-packages/airflow/example_dags/example_display_name.py
[2025-10-10T08:53:56.197+0000] {processor.py:914} INFO - Processing file /home/airflow/.local/lib/python3.12/site-packages/airflow/example_dags/example_display_name.py for tasks to queue
[2025-10-10T08:53:56.207+0000] {logging_mixin.py:190} INFO - [2025-10-10T08:53:56.206+0000] {dagbag.py:587} INFO - Filling up the DagBag from /home/airflow/.local/lib/python3.12/site-packages/airflow/example_dags/example_display_name.py
[2025-10-10T08:53:56.223+0000] {processor.py:925} INFO - DAG(s) 'example_display_name' retrieved from /home/airflow/.local/lib/python3.12/site-packages/airflow/example_dags/example_display_name.py
[2025-10-10T08:53:56.402+0000] {logging_mixin.py:190} INFO - [2025-10-10T08:53:56.401+0000] {dag.py:3211} INFO - Sync 1 DAGs
[2025-10-10T08:53:56.461+0000] {logging_mixin.py:190} INFO - [2025-10-10T08:53:56.460+0000] {dag.py:4138} INFO - Setting next_dagrun for example_display_name to None, run_after=None
[2025-10-10T08:53:56.725+0000] {processor.py:208} INFO - Processing /home/airflow/.local/lib/python3.12/site-packages/airflow/example_dags/example_display_name.py took 0.566 seconds
[2025-10-10T08:54:27.170+0000] {processor.py:186} INFO - Started process (PID=161) to work on /home/airflow/.local/lib/python3.12/site-packages/airflow/example_dags/example_display_name.py
[2025-10-10T08:54:27.179+0000] {processor.py:914} INFO - Processing file /home/airflow/.local/lib/python3.12/site-packages/airflow/example_dags/example_display_name.py for tasks to queue
[2025-10-10T08:54:27.189+0000] {logging_mixin.py:190} INFO - [2025-10-10T08:54:27.188+0000] {dagbag.py:587} INFO - Filling up the DagBag from /home/airflow/.local/lib/python3.12/site-packages/airflow/example_dags/example_display_name.py
[2025-10-10T08:54:27.227+0000] {processor.py:925} INFO - DAG(s) 'example_display_name' retrieved from /home/airflow/.local/lib/python3.12/site-packages/airflow/example_dags/example_display_name.py
[2025-10-10T08:54:27.292+0000] {logging_mixin.py:190} INFO - [2025-10-10T08:54:27.292+0000] {dag.py:3211} INFO - Sync 1 DAGs
[2025-10-10T08:54:27.353+0000] {logging_mixin.py:190} INFO - [2025-10-10T08:54:27.352+0000] {dag.py:4138} INFO - Setting next_dagrun for example_display_name to None, run_after=None
[2025-10-10T08:54:27.422+0000] {processor.py:208} INFO - Processing /home/airflow/.local/lib/python3.12/site-packages/airflow/example_dags/example_display_name.py took 0.278 seconds
[2025-10-10T08:54:57.929+0000] {processor.py:186} INFO - Started process (PID=225) to work on /home/airflow/.local/lib/python3.12/site-packages/airflow/example_dags/example_display_name.py
[2025-10-10T08:54:57.935+0000] {processor.py:914} INFO - Processing file /home/airflow/.local/lib/python3.12/site-packages/airflow/example_dags/example_display_name.py for tasks to queue
[2025-10-10T08:54:57.943+0000] {logging_mixin.py:190} INFO - [2025-10-10T08:54:57.942+0000] {dagbag.py:587} INFO - Filling up the DagBag from /home/airflow/.local/lib/python3.12/site-packages/airflow/example_dags/example_display_name.py
[2025-10-10T08:54:57.976+0000] {processor.py:925} INFO - DAG(s) 'example_display_name' retrieved from /home/airflow/.local/lib/python3.12/site-packages/airflow/example_dags/example_display_name.py
[2025-10-10T08:54:58.079+0000] {logging_mixin.py:190} INFO - [2025-10-10T08:54:58.078+0000] {dag.py:3211} INFO - Sync 1 DAGs
[2025-10-10T08:54:58.158+0000] {logging_mixin.py:190} INFO - [2025-10-10T08:54:58.157+0000] {dag.py:4138} INFO - Setting next_dagrun for example_display_name to None, run_after=None
[2025-10-10T08:54:58.213+0000] {processor.py:208} INFO - Processing /home/airflow/.local/lib/python3.12/site-packages/airflow/example_dags/example_display_name.py took 0.317 seconds
[2025-10-10T08:58:04.901+0000] {processor.py:186} INFO - Started process (PID=99) to work on /home/airflow/.local/lib/python3.12/site-packages/airflow/example_dags/example_display_name.py
[2025-10-10T08:58:04.906+0000] {processor.py:914} INFO - Processing file /home/airflow/.local/lib/python3.12/site-packages/airflow/example_dags/example_display_name.py for tasks to queue
[2025-10-10T08:58:04.915+0000] {logging_mixin.py:190} INFO - [2025-10-10T08:58:04.914+0000] {dagbag.py:587} INFO - Filling up the DagBag from /home/airflow/.local/lib/python3.12/site-packages/airflow/example_dags/example_display_name.py
[2025-10-10T08:58:04.943+0000] {processor.py:925} INFO - DAG(s) 'example_display_name' retrieved from /home/airflow/.local/lib/python3.12/site-packages/airflow/example_dags/example_display_name.py
[2025-10-10T08:58:05.011+0000] {logging_mixin.py:190} INFO - [2025-10-10T08:58:05.010+0000] {dag.py:3211} INFO - Sync 1 DAGs
[2025-10-10T08:58:05.065+0000] {logging_mixin.py:190} INFO - [2025-10-10T08:58:05.064+0000] {dag.py:4138} INFO - Setting next_dagrun for example_display_name to None, run_after=None
[2025-10-10T08:58:05.144+0000] {processor.py:208} INFO - Processing /home/airflow/.local/lib/python3.12/site-packages/airflow/example_dags/example_display_name.py took 0.259 seconds
[2025-10-10T08:58:36.561+0000] {processor.py:186} INFO - Started process (PID=162) to work on /home/airflow/.local/lib/python3.12/site-packages/airflow/example_dags/example_display_name.py
[2025-10-10T08:58:36.565+0000] {processor.py:914} INFO - Processing file /home/airflow/.local/lib/python3.12/site-packages/airflow/example_dags/example_display_name.py for tasks to queue
[2025-10-10T08:58:36.578+0000] {logging_mixin.py:190} INFO - [2025-10-10T08:58:36.573+0000] {dagbag.py:587} INFO - Filling up the DagBag from /home/airflow/.local/lib/python3.12/site-packages/airflow/example_dags/example_display_name.py
[2025-10-10T08:58:36.612+0000] {processor.py:925} INFO - DAG(s) 'example_display_name' retrieved from /home/airflow/.local/lib/python3.12/site-packages/airflow/example_dags/example_display_name.py
[2025-10-10T08:58:36.686+0000] {logging_mixin.py:190} INFO - [2025-10-10T08:58:36.685+0000] {dag.py:3211} INFO - Sync 1 DAGs
[2025-10-10T08:58:36.731+0000] {logging_mixin.py:190} INFO - [2025-10-10T08:58:36.730+0000] {dag.py:4138} INFO - Setting next_dagrun for example_display_name to None, run_after=None
[2025-10-10T08:58:36.855+0000] {processor.py:208} INFO - Processing /home/airflow/.local/lib/python3.12/site-packages/airflow/example_dags/example_display_name.py took 0.328 seconds
[2025-10-10T09:01:31.124+0000] {processor.py:186} INFO - Started process (PID=98) to work on /home/airflow/.local/lib/python3.12/site-packages/airflow/example_dags/example_display_name.py
[2025-10-10T09:01:31.126+0000] {processor.py:914} INFO - Processing file /home/airflow/.local/lib/python3.12/site-packages/airflow/example_dags/example_display_name.py for tasks to queue
[2025-10-10T09:01:31.133+0000] {logging_mixin.py:190} INFO - [2025-10-10T09:01:31.132+0000] {dagbag.py:587} INFO - Filling up the DagBag from /home/airflow/.local/lib/python3.12/site-packages/airflow/example_dags/example_display_name.py
[2025-10-10T09:01:31.153+0000] {processor.py:925} INFO - DAG(s) 'example_display_name' retrieved from /home/airflow/.local/lib/python3.12/site-packages/airflow/example_dags/example_display_name.py
[2025-10-10T09:01:31.207+0000] {logging_mixin.py:190} INFO - [2025-10-10T09:01:31.207+0000] {dag.py:3211} INFO - Sync 1 DAGs
[2025-10-10T09:01:31.241+0000] {logging_mixin.py:190} INFO - [2025-10-10T09:01:31.241+0000] {dag.py:4138} INFO - Setting next_dagrun for example_display_name to None, run_after=None
[2025-10-10T09:01:31.289+0000] {processor.py:208} INFO - Processing /home/airflow/.local/lib/python3.12/site-packages/airflow/example_dags/example_display_name.py took 0.179 seconds
[2025-10-10T09:02:02.596+0000] {processor.py:186} INFO - Started process (PID=161) to work on /home/airflow/.local/lib/python3.12/site-packages/airflow/example_dags/example_display_name.py
[2025-10-10T09:02:02.600+0000] {processor.py:914} INFO - Processing file /home/airflow/.local/lib/python3.12/site-packages/airflow/example_dags/example_display_name.py for tasks to queue
[2025-10-10T09:02:02.606+0000] {logging_mixin.py:190} INFO - [2025-10-10T09:02:02.605+0000] {dagbag.py:587} INFO - Filling up the DagBag from /home/airflow/.local/lib/python3.12/site-packages/airflow/example_dags/example_display_name.py
[2025-10-10T09:02:02.630+0000] {processor.py:925} INFO - DAG(s) 'example_display_name' retrieved from /home/airflow/.local/lib/python3.12/site-packages/airflow/example_dags/example_display_name.py
[2025-10-10T09:02:02.715+0000] {logging_mixin.py:190} INFO - [2025-10-10T09:02:02.714+0000] {dag.py:3211} INFO - Sync 1 DAGs
[2025-10-10T09:02:02.779+0000] {logging_mixin.py:190} INFO - [2025-10-10T09:02:02.778+0000] {dag.py:4138} INFO - Setting next_dagrun for example_display_name to None, run_after=None
[2025-10-10T09:02:02.842+0000] {processor.py:208} INFO - Processing /home/airflow/.local/lib/python3.12/site-packages/airflow/example_dags/example_display_name.py took 0.264 seconds
[2025-10-10T09:02:34.876+0000] {processor.py:186} INFO - Started process (PID=224) to work on /home/airflow/.local/lib/python3.12/site-packages/airflow/example_dags/example_display_name.py
[2025-10-10T09:02:34.879+0000] {processor.py:914} INFO - Processing file /home/airflow/.local/lib/python3.12/site-packages/airflow/example_dags/example_display_name.py for tasks to queue
[2025-10-10T09:02:34.886+0000] {logging_mixin.py:190} INFO - [2025-10-10T09:02:34.885+0000] {dagbag.py:587} INFO - Filling up the DagBag from /home/airflow/.local/lib/python3.12/site-packages/airflow/example_dags/example_display_name.py
[2025-10-10T09:02:34.907+0000] {processor.py:925} INFO - DAG(s) 'example_display_name' retrieved from /home/airflow/.local/lib/python3.12/site-packages/airflow/example_dags/example_display_name.py
[2025-10-10T09:02:34.961+0000] {logging_mixin.py:190} INFO - [2025-10-10T09:02:34.961+0000] {dag.py:3211} INFO - Sync 1 DAGs
[2025-10-10T09:02:34.999+0000] {logging_mixin.py:190} INFO - [2025-10-10T09:02:34.998+0000] {dag.py:4138} INFO - Setting next_dagrun for example_display_name to None, run_after=None
[2025-10-10T09:02:35.082+0000] {processor.py:208} INFO - Processing /home/airflow/.local/lib/python3.12/site-packages/airflow/example_dags/example_display_name.py took 0.221 seconds
[2025-10-10T09:03:05.321+0000] {processor.py:186} INFO - Started process (PID=288) to work on /home/airflow/.local/lib/python3.12/site-packages/airflow/example_dags/example_display_name.py
[2025-10-10T09:03:05.324+0000] {processor.py:914} INFO - Processing file /home/airflow/.local/lib/python3.12/site-packages/airflow/example_dags/example_display_name.py for tasks to queue
[2025-10-10T09:03:05.334+0000] {logging_mixin.py:190} INFO - [2025-10-10T09:03:05.332+0000] {dagbag.py:587} INFO - Filling up the DagBag from /home/airflow/.local/lib/python3.12/site-packages/airflow/example_dags/example_display_name.py
[2025-10-10T09:03:05.365+0000] {processor.py:925} INFO - DAG(s) 'example_display_name' retrieved from /home/airflow/.local/lib/python3.12/site-packages/airflow/example_dags/example_display_name.py
[2025-10-10T09:03:05.428+0000] {logging_mixin.py:190} INFO - [2025-10-10T09:03:05.427+0000] {dag.py:3211} INFO - Sync 1 DAGs
[2025-10-10T09:03:05.462+0000] {logging_mixin.py:190} INFO - [2025-10-10T09:03:05.462+0000] {dag.py:4138} INFO - Setting next_dagrun for example_display_name to None, run_after=None
[2025-10-10T09:03:05.512+0000] {processor.py:208} INFO - Processing /home/airflow/.local/lib/python3.12/site-packages/airflow/example_dags/example_display_name.py took 0.213 seconds
[2025-10-10T09:03:36.072+0000] {processor.py:186} INFO - Started process (PID=350) to work on /home/airflow/.local/lib/python3.12/site-packages/airflow/example_dags/example_display_name.py
[2025-10-10T09:03:36.075+0000] {processor.py:914} INFO - Processing file /home/airflow/.local/lib/python3.12/site-packages/airflow/example_dags/example_display_name.py for tasks to queue
[2025-10-10T09:03:36.087+0000] {logging_mixin.py:190} INFO - [2025-10-10T09:03:36.086+0000] {dagbag.py:587} INFO - Filling up the DagBag from /home/airflow/.local/lib/python3.12/site-packages/airflow/example_dags/example_display_name.py
[2025-10-10T09:03:36.117+0000] {processor.py:925} INFO - DAG(s) 'example_display_name' retrieved from /home/airflow/.local/lib/python3.12/site-packages/airflow/example_dags/example_display_name.py
[2025-10-10T09:03:36.216+0000] {logging_mixin.py:190} INFO - [2025-10-10T09:03:36.215+0000] {dag.py:3211} INFO - Sync 1 DAGs
[2025-10-10T09:03:36.314+0000] {logging_mixin.py:190} INFO - [2025-10-10T09:03:36.311+0000] {dag.py:4138} INFO - Setting next_dagrun for example_display_name to None, run_after=None
[2025-10-10T09:03:36.446+0000] {processor.py:208} INFO - Processing /home/airflow/.local/lib/python3.12/site-packages/airflow/example_dags/example_display_name.py took 0.392 seconds
[2025-10-10T09:04:07.919+0000] {processor.py:186} INFO - Started process (PID=413) to work on /home/airflow/.local/lib/python3.12/site-packages/airflow/example_dags/example_display_name.py
[2025-10-10T09:04:07.922+0000] {processor.py:914} INFO - Processing file /home/airflow/.local/lib/python3.12/site-packages/airflow/example_dags/example_display_name.py for tasks to queue
[2025-10-10T09:04:07.930+0000] {logging_mixin.py:190} INFO - [2025-10-10T09:04:07.929+0000] {dagbag.py:587} INFO - Filling up the DagBag from /home/airflow/.local/lib/python3.12/site-packages/airflow/example_dags/example_display_name.py
[2025-10-10T09:04:07.956+0000] {processor.py:925} INFO - DAG(s) 'example_display_name' retrieved from /home/airflow/.local/lib/python3.12/site-packages/airflow/example_dags/example_display_name.py
[2025-10-10T09:04:08.025+0000] {logging_mixin.py:190} INFO - [2025-10-10T09:04:08.025+0000] {dag.py:3211} INFO - Sync 1 DAGs
[2025-10-10T09:04:08.071+0000] {logging_mixin.py:190} INFO - [2025-10-10T09:04:08.071+0000] {dag.py:4138} INFO - Setting next_dagrun for example_display_name to None, run_after=None
[2025-10-10T09:04:08.153+0000] {processor.py:208} INFO - Processing /home/airflow/.local/lib/python3.12/site-packages/airflow/example_dags/example_display_name.py took 0.257 seconds
[2025-10-10T09:04:39.453+0000] {processor.py:186} INFO - Started process (PID=476) to work on /home/airflow/.local/lib/python3.12/site-packages/airflow/example_dags/example_display_name.py
[2025-10-10T09:04:39.455+0000] {processor.py:914} INFO - Processing file /home/airflow/.local/lib/python3.12/site-packages/airflow/example_dags/example_display_name.py for tasks to queue
[2025-10-10T09:04:39.461+0000] {logging_mixin.py:190} INFO - [2025-10-10T09:04:39.460+0000] {dagbag.py:587} INFO - Filling up the DagBag from /home/airflow/.local/lib/python3.12/site-packages/airflow/example_dags/example_display_name.py
[2025-10-10T09:04:39.482+0000] {processor.py:925} INFO - DAG(s) 'example_display_name' retrieved from /home/airflow/.local/lib/python3.12/site-packages/airflow/example_dags/example_display_name.py
[2025-10-10T09:04:39.536+0000] {logging_mixin.py:190} INFO - [2025-10-10T09:04:39.535+0000] {dag.py:3211} INFO - Sync 1 DAGs
[2025-10-10T09:04:39.578+0000] {logging_mixin.py:190} INFO - [2025-10-10T09:04:39.577+0000] {dag.py:4138} INFO - Setting next_dagrun for example_display_name to None, run_after=None
[2025-10-10T09:04:39.632+0000] {processor.py:208} INFO - Processing /home/airflow/.local/lib/python3.12/site-packages/airflow/example_dags/example_display_name.py took 0.205 seconds
[2025-10-10T09:05:10.492+0000] {processor.py:186} INFO - Started process (PID=539) to work on /home/airflow/.local/lib/python3.12/site-packages/airflow/example_dags/example_display_name.py
[2025-10-10T09:05:10.498+0000] {processor.py:914} INFO - Processing file /home/airflow/.local/lib/python3.12/site-packages/airflow/example_dags/example_display_name.py for tasks to queue
[2025-10-10T09:05:10.511+0000] {logging_mixin.py:190} INFO - [2025-10-10T09:05:10.509+0000] {dagbag.py:587} INFO - Filling up the DagBag from /home/airflow/.local/lib/python3.12/site-packages/airflow/example_dags/example_display_name.py
[2025-10-10T09:05:10.557+0000] {processor.py:925} INFO - DAG(s) 'example_display_name' retrieved from /home/airflow/.local/lib/python3.12/site-packages/airflow/example_dags/example_display_name.py
[2025-10-10T09:05:10.680+0000] {logging_mixin.py:190} INFO - [2025-10-10T09:05:10.679+0000] {dag.py:3211} INFO - Sync 1 DAGs
[2025-10-10T09:05:10.729+0000] {logging_mixin.py:190} INFO - [2025-10-10T09:05:10.729+0000] {dag.py:4138} INFO - Setting next_dagrun for example_display_name to None, run_after=None
[2025-10-10T09:05:10.789+0000] {processor.py:208} INFO - Processing /home/airflow/.local/lib/python3.12/site-packages/airflow/example_dags/example_display_name.py took 0.330 seconds
[2025-10-10T09:05:41.750+0000] {processor.py:186} INFO - Started process (PID=602) to work on /home/airflow/.local/lib/python3.12/site-packages/airflow/example_dags/example_display_name.py
[2025-10-10T09:05:41.752+0000] {processor.py:914} INFO - Processing file /home/airflow/.local/lib/python3.12/site-packages/airflow/example_dags/example_display_name.py for tasks to queue
[2025-10-10T09:05:41.759+0000] {logging_mixin.py:190} INFO - [2025-10-10T09:05:41.758+0000] {dagbag.py:587} INFO - Filling up the DagBag from /home/airflow/.local/lib/python3.12/site-packages/airflow/example_dags/example_display_name.py
[2025-10-10T09:05:41.781+0000] {processor.py:925} INFO - DAG(s) 'example_display_name' retrieved from /home/airflow/.local/lib/python3.12/site-packages/airflow/example_dags/example_display_name.py
[2025-10-10T09:05:41.832+0000] {logging_mixin.py:190} INFO - [2025-10-10T09:05:41.831+0000] {dag.py:3211} INFO - Sync 1 DAGs
[2025-10-10T09:05:41.872+0000] {logging_mixin.py:190} INFO - [2025-10-10T09:05:41.871+0000] {dag.py:4138} INFO - Setting next_dagrun for example_display_name to None, run_after=None
[2025-10-10T09:05:41.935+0000] {processor.py:208} INFO - Processing /home/airflow/.local/lib/python3.12/site-packages/airflow/example_dags/example_display_name.py took 0.200 seconds
