[2025-10-10T08:37:53.285+0000] {processor.py:186} INFO - Started process (PID=81) to work on /home/airflow/.local/lib/python3.12/site-packages/airflow/example_dags/example_branch_labels.py
[2025-10-10T08:37:53.288+0000] {processor.py:914} INFO - Processing file /home/airflow/.local/lib/python3.12/site-packages/airflow/example_dags/example_branch_labels.py for tasks to queue
[2025-10-10T08:37:53.297+0000] {logging_mixin.py:190} INFO - [2025-10-10T08:37:53.296+0000] {dagbag.py:587} INFO - Filling up the DagBag from /home/airflow/.local/lib/python3.12/site-packages/airflow/example_dags/example_branch_labels.py
[2025-10-10T08:37:53.340+0000] {processor.py:925} INFO - DAG(s) 'example_branch_labels' retrieved from /home/airflow/.local/lib/python3.12/site-packages/airflow/example_dags/example_branch_labels.py
[2025-10-10T08:37:53.414+0000] {logging_mixin.py:190} INFO - [2025-10-10T08:37:53.413+0000] {dag.py:3211} INFO - Sync 1 DAGs
[2025-10-10T08:37:53.465+0000] {logging_mixin.py:190} INFO - [2025-10-10T08:37:53.465+0000] {dag.py:4138} INFO - Setting next_dagrun for example_branch_labels to 2025-10-09 00:00:00+00:00, run_after=2025-10-10 00:00:00+00:00
[2025-10-10T08:37:53.508+0000] {processor.py:208} INFO - Processing /home/airflow/.local/lib/python3.12/site-packages/airflow/example_dags/example_branch_labels.py took 0.249 seconds
[2025-10-10T08:38:24.122+0000] {processor.py:186} INFO - Started process (PID=144) to work on /home/airflow/.local/lib/python3.12/site-packages/airflow/example_dags/example_branch_labels.py
[2025-10-10T08:38:24.126+0000] {processor.py:914} INFO - Processing file /home/airflow/.local/lib/python3.12/site-packages/airflow/example_dags/example_branch_labels.py for tasks to queue
[2025-10-10T08:38:24.134+0000] {logging_mixin.py:190} INFO - [2025-10-10T08:38:24.133+0000] {dagbag.py:587} INFO - Filling up the DagBag from /home/airflow/.local/lib/python3.12/site-packages/airflow/example_dags/example_branch_labels.py
[2025-10-10T08:38:24.166+0000] {processor.py:925} INFO - DAG(s) 'example_branch_labels' retrieved from /home/airflow/.local/lib/python3.12/site-packages/airflow/example_dags/example_branch_labels.py
[2025-10-10T08:38:24.274+0000] {logging_mixin.py:190} INFO - [2025-10-10T08:38:24.273+0000] {dag.py:3211} INFO - Sync 1 DAGs
[2025-10-10T08:38:24.372+0000] {logging_mixin.py:190} INFO - [2025-10-10T08:38:24.371+0000] {dag.py:4138} INFO - Setting next_dagrun for example_branch_labels to 2025-10-09 00:00:00+00:00, run_after=2025-10-10 00:00:00+00:00
[2025-10-10T08:38:24.450+0000] {processor.py:208} INFO - Processing /home/airflow/.local/lib/python3.12/site-packages/airflow/example_dags/example_branch_labels.py took 0.344 seconds
[2025-10-10T08:38:55.061+0000] {processor.py:186} INFO - Started process (PID=207) to work on /home/airflow/.local/lib/python3.12/site-packages/airflow/example_dags/example_branch_labels.py
[2025-10-10T08:38:55.064+0000] {processor.py:914} INFO - Processing file /home/airflow/.local/lib/python3.12/site-packages/airflow/example_dags/example_branch_labels.py for tasks to queue
[2025-10-10T08:38:55.070+0000] {logging_mixin.py:190} INFO - [2025-10-10T08:38:55.069+0000] {dagbag.py:587} INFO - Filling up the DagBag from /home/airflow/.local/lib/python3.12/site-packages/airflow/example_dags/example_branch_labels.py
[2025-10-10T08:38:55.092+0000] {processor.py:925} INFO - DAG(s) 'example_branch_labels' retrieved from /home/airflow/.local/lib/python3.12/site-packages/airflow/example_dags/example_branch_labels.py
[2025-10-10T08:38:55.142+0000] {logging_mixin.py:190} INFO - [2025-10-10T08:38:55.141+0000] {dag.py:3211} INFO - Sync 1 DAGs
[2025-10-10T08:38:55.189+0000] {logging_mixin.py:190} INFO - [2025-10-10T08:38:55.189+0000] {dag.py:4138} INFO - Setting next_dagrun for example_branch_labels to 2025-10-09 00:00:00+00:00, run_after=2025-10-10 00:00:00+00:00
[2025-10-10T08:38:55.230+0000] {processor.py:208} INFO - Processing /home/airflow/.local/lib/python3.12/site-packages/airflow/example_dags/example_branch_labels.py took 0.183 seconds
[2025-10-10T08:39:25.540+0000] {processor.py:186} INFO - Started process (PID=269) to work on /home/airflow/.local/lib/python3.12/site-packages/airflow/example_dags/example_branch_labels.py
[2025-10-10T08:39:25.547+0000] {processor.py:914} INFO - Processing file /home/airflow/.local/lib/python3.12/site-packages/airflow/example_dags/example_branch_labels.py for tasks to queue
[2025-10-10T08:39:25.564+0000] {logging_mixin.py:190} INFO - [2025-10-10T08:39:25.562+0000] {dagbag.py:587} INFO - Filling up the DagBag from /home/airflow/.local/lib/python3.12/site-packages/airflow/example_dags/example_branch_labels.py
[2025-10-10T08:39:25.638+0000] {processor.py:925} INFO - DAG(s) 'example_branch_labels' retrieved from /home/airflow/.local/lib/python3.12/site-packages/airflow/example_dags/example_branch_labels.py
[2025-10-10T08:39:25.768+0000] {logging_mixin.py:190} INFO - [2025-10-10T08:39:25.766+0000] {dag.py:3211} INFO - Sync 1 DAGs
[2025-10-10T08:39:25.900+0000] {logging_mixin.py:190} INFO - [2025-10-10T08:39:25.899+0000] {dag.py:4138} INFO - Setting next_dagrun for example_branch_labels to 2025-10-09 00:00:00+00:00, run_after=2025-10-10 00:00:00+00:00
[2025-10-10T08:39:25.994+0000] {processor.py:208} INFO - Processing /home/airflow/.local/lib/python3.12/site-packages/airflow/example_dags/example_branch_labels.py took 0.492 seconds
[2025-10-10T08:39:56.646+0000] {processor.py:186} INFO - Started process (PID=332) to work on /home/airflow/.local/lib/python3.12/site-packages/airflow/example_dags/example_branch_labels.py
[2025-10-10T08:39:56.649+0000] {processor.py:914} INFO - Processing file /home/airflow/.local/lib/python3.12/site-packages/airflow/example_dags/example_branch_labels.py for tasks to queue
[2025-10-10T08:39:56.656+0000] {logging_mixin.py:190} INFO - [2025-10-10T08:39:56.655+0000] {dagbag.py:587} INFO - Filling up the DagBag from /home/airflow/.local/lib/python3.12/site-packages/airflow/example_dags/example_branch_labels.py
[2025-10-10T08:39:56.704+0000] {processor.py:925} INFO - DAG(s) 'example_branch_labels' retrieved from /home/airflow/.local/lib/python3.12/site-packages/airflow/example_dags/example_branch_labels.py
[2025-10-10T08:39:56.780+0000] {logging_mixin.py:190} INFO - [2025-10-10T08:39:56.779+0000] {dag.py:3211} INFO - Sync 1 DAGs
[2025-10-10T08:39:56.871+0000] {logging_mixin.py:190} INFO - [2025-10-10T08:39:56.871+0000] {dag.py:4138} INFO - Setting next_dagrun for example_branch_labels to 2025-10-09 00:00:00+00:00, run_after=2025-10-10 00:00:00+00:00
[2025-10-10T08:39:56.955+0000] {processor.py:208} INFO - Processing /home/airflow/.local/lib/python3.12/site-packages/airflow/example_dags/example_branch_labels.py took 0.339 seconds
[2025-10-10T08:40:27.601+0000] {processor.py:186} INFO - Started process (PID=395) to work on /home/airflow/.local/lib/python3.12/site-packages/airflow/example_dags/example_branch_labels.py
[2025-10-10T08:40:27.604+0000] {processor.py:914} INFO - Processing file /home/airflow/.local/lib/python3.12/site-packages/airflow/example_dags/example_branch_labels.py for tasks to queue
[2025-10-10T08:40:27.611+0000] {logging_mixin.py:190} INFO - [2025-10-10T08:40:27.610+0000] {dagbag.py:587} INFO - Filling up the DagBag from /home/airflow/.local/lib/python3.12/site-packages/airflow/example_dags/example_branch_labels.py
[2025-10-10T08:40:27.637+0000] {processor.py:925} INFO - DAG(s) 'example_branch_labels' retrieved from /home/airflow/.local/lib/python3.12/site-packages/airflow/example_dags/example_branch_labels.py
[2025-10-10T08:40:27.679+0000] {logging_mixin.py:190} INFO - [2025-10-10T08:40:27.678+0000] {dag.py:3211} INFO - Sync 1 DAGs
[2025-10-10T08:40:27.733+0000] {logging_mixin.py:190} INFO - [2025-10-10T08:40:27.733+0000] {dag.py:4138} INFO - Setting next_dagrun for example_branch_labels to 2025-10-09 00:00:00+00:00, run_after=2025-10-10 00:00:00+00:00
[2025-10-10T08:40:27.771+0000] {processor.py:208} INFO - Processing /home/airflow/.local/lib/python3.12/site-packages/airflow/example_dags/example_branch_labels.py took 0.196 seconds
[2025-10-10T08:40:58.318+0000] {processor.py:186} INFO - Started process (PID=458) to work on /home/airflow/.local/lib/python3.12/site-packages/airflow/example_dags/example_branch_labels.py
[2025-10-10T08:40:58.322+0000] {processor.py:914} INFO - Processing file /home/airflow/.local/lib/python3.12/site-packages/airflow/example_dags/example_branch_labels.py for tasks to queue
[2025-10-10T08:40:58.330+0000] {logging_mixin.py:190} INFO - [2025-10-10T08:40:58.329+0000] {dagbag.py:587} INFO - Filling up the DagBag from /home/airflow/.local/lib/python3.12/site-packages/airflow/example_dags/example_branch_labels.py
[2025-10-10T08:40:58.358+0000] {processor.py:925} INFO - DAG(s) 'example_branch_labels' retrieved from /home/airflow/.local/lib/python3.12/site-packages/airflow/example_dags/example_branch_labels.py
[2025-10-10T08:40:58.424+0000] {logging_mixin.py:190} INFO - [2025-10-10T08:40:58.423+0000] {dag.py:3211} INFO - Sync 1 DAGs
[2025-10-10T08:40:58.492+0000] {logging_mixin.py:190} INFO - [2025-10-10T08:40:58.491+0000] {dag.py:4138} INFO - Setting next_dagrun for example_branch_labels to 2025-10-09 00:00:00+00:00, run_after=2025-10-10 00:00:00+00:00
[2025-10-10T08:40:58.584+0000] {processor.py:208} INFO - Processing /home/airflow/.local/lib/python3.12/site-packages/airflow/example_dags/example_branch_labels.py took 0.283 seconds
[2025-10-10T08:41:28.904+0000] {processor.py:186} INFO - Started process (PID=521) to work on /home/airflow/.local/lib/python3.12/site-packages/airflow/example_dags/example_branch_labels.py
[2025-10-10T08:41:28.907+0000] {processor.py:914} INFO - Processing file /home/airflow/.local/lib/python3.12/site-packages/airflow/example_dags/example_branch_labels.py for tasks to queue
[2025-10-10T08:41:28.913+0000] {logging_mixin.py:190} INFO - [2025-10-10T08:41:28.912+0000] {dagbag.py:587} INFO - Filling up the DagBag from /home/airflow/.local/lib/python3.12/site-packages/airflow/example_dags/example_branch_labels.py
[2025-10-10T08:41:28.941+0000] {processor.py:925} INFO - DAG(s) 'example_branch_labels' retrieved from /home/airflow/.local/lib/python3.12/site-packages/airflow/example_dags/example_branch_labels.py
[2025-10-10T08:41:28.988+0000] {logging_mixin.py:190} INFO - [2025-10-10T08:41:28.987+0000] {dag.py:3211} INFO - Sync 1 DAGs
[2025-10-10T08:41:29.042+0000] {logging_mixin.py:190} INFO - [2025-10-10T08:41:29.041+0000] {dag.py:4138} INFO - Setting next_dagrun for example_branch_labels to 2025-10-09 00:00:00+00:00, run_after=2025-10-10 00:00:00+00:00
[2025-10-10T08:41:29.088+0000] {processor.py:208} INFO - Processing /home/airflow/.local/lib/python3.12/site-packages/airflow/example_dags/example_branch_labels.py took 0.200 seconds
[2025-10-10T08:41:59.190+0000] {processor.py:186} INFO - Started process (PID=583) to work on /home/airflow/.local/lib/python3.12/site-packages/airflow/example_dags/example_branch_labels.py
[2025-10-10T08:41:59.193+0000] {processor.py:914} INFO - Processing file /home/airflow/.local/lib/python3.12/site-packages/airflow/example_dags/example_branch_labels.py for tasks to queue
[2025-10-10T08:41:59.202+0000] {logging_mixin.py:190} INFO - [2025-10-10T08:41:59.201+0000] {dagbag.py:587} INFO - Filling up the DagBag from /home/airflow/.local/lib/python3.12/site-packages/airflow/example_dags/example_branch_labels.py
[2025-10-10T08:41:59.232+0000] {processor.py:925} INFO - DAG(s) 'example_branch_labels' retrieved from /home/airflow/.local/lib/python3.12/site-packages/airflow/example_dags/example_branch_labels.py
[2025-10-10T08:41:59.295+0000] {logging_mixin.py:190} INFO - [2025-10-10T08:41:59.295+0000] {dag.py:3211} INFO - Sync 1 DAGs
[2025-10-10T08:41:59.369+0000] {logging_mixin.py:190} INFO - [2025-10-10T08:41:59.369+0000] {dag.py:4138} INFO - Setting next_dagrun for example_branch_labels to 2025-10-09 00:00:00+00:00, run_after=2025-10-10 00:00:00+00:00
[2025-10-10T08:41:59.433+0000] {processor.py:208} INFO - Processing /home/airflow/.local/lib/python3.12/site-packages/airflow/example_dags/example_branch_labels.py took 0.266 seconds
[2025-10-10T08:42:30.084+0000] {processor.py:186} INFO - Started process (PID=646) to work on /home/airflow/.local/lib/python3.12/site-packages/airflow/example_dags/example_branch_labels.py
[2025-10-10T08:42:30.087+0000] {processor.py:914} INFO - Processing file /home/airflow/.local/lib/python3.12/site-packages/airflow/example_dags/example_branch_labels.py for tasks to queue
[2025-10-10T08:42:30.095+0000] {logging_mixin.py:190} INFO - [2025-10-10T08:42:30.094+0000] {dagbag.py:587} INFO - Filling up the DagBag from /home/airflow/.local/lib/python3.12/site-packages/airflow/example_dags/example_branch_labels.py
[2025-10-10T08:42:30.123+0000] {processor.py:925} INFO - DAG(s) 'example_branch_labels' retrieved from /home/airflow/.local/lib/python3.12/site-packages/airflow/example_dags/example_branch_labels.py
[2025-10-10T08:42:30.184+0000] {logging_mixin.py:190} INFO - [2025-10-10T08:42:30.184+0000] {dag.py:3211} INFO - Sync 1 DAGs
[2025-10-10T08:42:30.273+0000] {logging_mixin.py:190} INFO - [2025-10-10T08:42:30.272+0000] {dag.py:4138} INFO - Setting next_dagrun for example_branch_labels to 2025-10-09 00:00:00+00:00, run_after=2025-10-10 00:00:00+00:00
[2025-10-10T08:42:30.417+0000] {processor.py:208} INFO - Processing /home/airflow/.local/lib/python3.12/site-packages/airflow/example_dags/example_branch_labels.py took 0.345 seconds
[2025-10-10T08:43:01.467+0000] {processor.py:186} INFO - Started process (PID=709) to work on /home/airflow/.local/lib/python3.12/site-packages/airflow/example_dags/example_branch_labels.py
[2025-10-10T08:43:01.470+0000] {processor.py:914} INFO - Processing file /home/airflow/.local/lib/python3.12/site-packages/airflow/example_dags/example_branch_labels.py for tasks to queue
[2025-10-10T08:43:01.477+0000] {logging_mixin.py:190} INFO - [2025-10-10T08:43:01.476+0000] {dagbag.py:587} INFO - Filling up the DagBag from /home/airflow/.local/lib/python3.12/site-packages/airflow/example_dags/example_branch_labels.py
[2025-10-10T08:43:01.505+0000] {processor.py:925} INFO - DAG(s) 'example_branch_labels' retrieved from /home/airflow/.local/lib/python3.12/site-packages/airflow/example_dags/example_branch_labels.py
[2025-10-10T08:43:01.554+0000] {logging_mixin.py:190} INFO - [2025-10-10T08:43:01.554+0000] {dag.py:3211} INFO - Sync 1 DAGs
[2025-10-10T08:43:01.611+0000] {logging_mixin.py:190} INFO - [2025-10-10T08:43:01.610+0000] {dag.py:4138} INFO - Setting next_dagrun for example_branch_labels to 2025-10-09 00:00:00+00:00, run_after=2025-10-10 00:00:00+00:00
[2025-10-10T08:43:01.667+0000] {processor.py:208} INFO - Processing /home/airflow/.local/lib/python3.12/site-packages/airflow/example_dags/example_branch_labels.py took 0.214 seconds
[2025-10-10T08:43:33.346+0000] {processor.py:186} INFO - Started process (PID=772) to work on /home/airflow/.local/lib/python3.12/site-packages/airflow/example_dags/example_branch_labels.py
[2025-10-10T08:43:33.349+0000] {processor.py:914} INFO - Processing file /home/airflow/.local/lib/python3.12/site-packages/airflow/example_dags/example_branch_labels.py for tasks to queue
[2025-10-10T08:43:33.357+0000] {logging_mixin.py:190} INFO - [2025-10-10T08:43:33.356+0000] {dagbag.py:587} INFO - Filling up the DagBag from /home/airflow/.local/lib/python3.12/site-packages/airflow/example_dags/example_branch_labels.py
[2025-10-10T08:43:33.395+0000] {processor.py:925} INFO - DAG(s) 'example_branch_labels' retrieved from /home/airflow/.local/lib/python3.12/site-packages/airflow/example_dags/example_branch_labels.py
[2025-10-10T08:43:33.478+0000] {logging_mixin.py:190} INFO - [2025-10-10T08:43:33.477+0000] {dag.py:3211} INFO - Sync 1 DAGs
[2025-10-10T08:43:33.556+0000] {logging_mixin.py:190} INFO - [2025-10-10T08:43:33.555+0000] {dag.py:4138} INFO - Setting next_dagrun for example_branch_labels to 2025-10-09 00:00:00+00:00, run_after=2025-10-10 00:00:00+00:00
[2025-10-10T08:43:33.614+0000] {processor.py:208} INFO - Processing /home/airflow/.local/lib/python3.12/site-packages/airflow/example_dags/example_branch_labels.py took 0.286 seconds
[2025-10-10T08:44:03.737+0000] {processor.py:186} INFO - Started process (PID=835) to work on /home/airflow/.local/lib/python3.12/site-packages/airflow/example_dags/example_branch_labels.py
[2025-10-10T08:44:03.739+0000] {processor.py:914} INFO - Processing file /home/airflow/.local/lib/python3.12/site-packages/airflow/example_dags/example_branch_labels.py for tasks to queue
[2025-10-10T08:44:03.745+0000] {logging_mixin.py:190} INFO - [2025-10-10T08:44:03.744+0000] {dagbag.py:587} INFO - Filling up the DagBag from /home/airflow/.local/lib/python3.12/site-packages/airflow/example_dags/example_branch_labels.py
[2025-10-10T08:44:03.769+0000] {processor.py:925} INFO - DAG(s) 'example_branch_labels' retrieved from /home/airflow/.local/lib/python3.12/site-packages/airflow/example_dags/example_branch_labels.py
[2025-10-10T08:44:03.824+0000] {logging_mixin.py:190} INFO - [2025-10-10T08:44:03.823+0000] {dag.py:3211} INFO - Sync 1 DAGs
[2025-10-10T08:44:03.889+0000] {logging_mixin.py:190} INFO - [2025-10-10T08:44:03.889+0000] {dag.py:4138} INFO - Setting next_dagrun for example_branch_labels to 2025-10-09 00:00:00+00:00, run_after=2025-10-10 00:00:00+00:00
[2025-10-10T08:44:03.943+0000] {processor.py:208} INFO - Processing /home/airflow/.local/lib/python3.12/site-packages/airflow/example_dags/example_branch_labels.py took 0.220 seconds
[2025-10-10T08:44:34.859+0000] {processor.py:186} INFO - Started process (PID=897) to work on /home/airflow/.local/lib/python3.12/site-packages/airflow/example_dags/example_branch_labels.py
[2025-10-10T08:44:34.888+0000] {processor.py:914} INFO - Processing file /home/airflow/.local/lib/python3.12/site-packages/airflow/example_dags/example_branch_labels.py for tasks to queue
[2025-10-10T08:44:34.917+0000] {logging_mixin.py:190} INFO - [2025-10-10T08:44:34.916+0000] {dagbag.py:587} INFO - Filling up the DagBag from /home/airflow/.local/lib/python3.12/site-packages/airflow/example_dags/example_branch_labels.py
[2025-10-10T08:44:35.037+0000] {processor.py:925} INFO - DAG(s) 'example_branch_labels' retrieved from /home/airflow/.local/lib/python3.12/site-packages/airflow/example_dags/example_branch_labels.py
[2025-10-10T08:44:35.210+0000] {logging_mixin.py:190} INFO - [2025-10-10T08:44:35.209+0000] {dag.py:3211} INFO - Sync 1 DAGs
[2025-10-10T08:44:35.348+0000] {logging_mixin.py:190} INFO - [2025-10-10T08:44:35.347+0000] {dag.py:4138} INFO - Setting next_dagrun for example_branch_labels to 2025-10-09 00:00:00+00:00, run_after=2025-10-10 00:00:00+00:00
[2025-10-10T08:44:35.461+0000] {processor.py:208} INFO - Processing /home/airflow/.local/lib/python3.12/site-packages/airflow/example_dags/example_branch_labels.py took 0.647 seconds
[2025-10-10T08:45:06.142+0000] {processor.py:186} INFO - Started process (PID=960) to work on /home/airflow/.local/lib/python3.12/site-packages/airflow/example_dags/example_branch_labels.py
[2025-10-10T08:45:06.145+0000] {processor.py:914} INFO - Processing file /home/airflow/.local/lib/python3.12/site-packages/airflow/example_dags/example_branch_labels.py for tasks to queue
[2025-10-10T08:45:06.153+0000] {logging_mixin.py:190} INFO - [2025-10-10T08:45:06.152+0000] {dagbag.py:587} INFO - Filling up the DagBag from /home/airflow/.local/lib/python3.12/site-packages/airflow/example_dags/example_branch_labels.py
[2025-10-10T08:45:06.181+0000] {processor.py:925} INFO - DAG(s) 'example_branch_labels' retrieved from /home/airflow/.local/lib/python3.12/site-packages/airflow/example_dags/example_branch_labels.py
[2025-10-10T08:45:06.243+0000] {logging_mixin.py:190} INFO - [2025-10-10T08:45:06.242+0000] {dag.py:3211} INFO - Sync 1 DAGs
[2025-10-10T08:45:06.314+0000] {logging_mixin.py:190} INFO - [2025-10-10T08:45:06.313+0000] {dag.py:4138} INFO - Setting next_dagrun for example_branch_labels to 2025-10-09 00:00:00+00:00, run_after=2025-10-10 00:00:00+00:00
[2025-10-10T08:45:06.458+0000] {processor.py:208} INFO - Processing /home/airflow/.local/lib/python3.12/site-packages/airflow/example_dags/example_branch_labels.py took 0.332 seconds
[2025-10-10T08:45:37.150+0000] {processor.py:186} INFO - Started process (PID=1023) to work on /home/airflow/.local/lib/python3.12/site-packages/airflow/example_dags/example_branch_labels.py
[2025-10-10T08:45:37.154+0000] {processor.py:914} INFO - Processing file /home/airflow/.local/lib/python3.12/site-packages/airflow/example_dags/example_branch_labels.py for tasks to queue
[2025-10-10T08:45:37.162+0000] {logging_mixin.py:190} INFO - [2025-10-10T08:45:37.161+0000] {dagbag.py:587} INFO - Filling up the DagBag from /home/airflow/.local/lib/python3.12/site-packages/airflow/example_dags/example_branch_labels.py
[2025-10-10T08:45:37.190+0000] {processor.py:925} INFO - DAG(s) 'example_branch_labels' retrieved from /home/airflow/.local/lib/python3.12/site-packages/airflow/example_dags/example_branch_labels.py
[2025-10-10T08:45:37.253+0000] {logging_mixin.py:190} INFO - [2025-10-10T08:45:37.252+0000] {dag.py:3211} INFO - Sync 1 DAGs
[2025-10-10T08:45:37.318+0000] {logging_mixin.py:190} INFO - [2025-10-10T08:45:37.318+0000] {dag.py:4138} INFO - Setting next_dagrun for example_branch_labels to 2025-10-09 00:00:00+00:00, run_after=2025-10-10 00:00:00+00:00
[2025-10-10T08:45:37.371+0000] {processor.py:208} INFO - Processing /home/airflow/.local/lib/python3.12/site-packages/airflow/example_dags/example_branch_labels.py took 0.242 seconds
[2025-10-10T08:46:08.000+0000] {processor.py:186} INFO - Started process (PID=1086) to work on /home/airflow/.local/lib/python3.12/site-packages/airflow/example_dags/example_branch_labels.py
[2025-10-10T08:46:08.003+0000] {processor.py:914} INFO - Processing file /home/airflow/.local/lib/python3.12/site-packages/airflow/example_dags/example_branch_labels.py for tasks to queue
[2025-10-10T08:46:08.009+0000] {logging_mixin.py:190} INFO - [2025-10-10T08:46:08.008+0000] {dagbag.py:587} INFO - Filling up the DagBag from /home/airflow/.local/lib/python3.12/site-packages/airflow/example_dags/example_branch_labels.py
[2025-10-10T08:46:08.041+0000] {processor.py:925} INFO - DAG(s) 'example_branch_labels' retrieved from /home/airflow/.local/lib/python3.12/site-packages/airflow/example_dags/example_branch_labels.py
[2025-10-10T08:46:08.103+0000] {logging_mixin.py:190} INFO - [2025-10-10T08:46:08.102+0000] {dag.py:3211} INFO - Sync 1 DAGs
[2025-10-10T08:46:08.157+0000] {logging_mixin.py:190} INFO - [2025-10-10T08:46:08.157+0000] {dag.py:4138} INFO - Setting next_dagrun for example_branch_labels to 2025-10-09 00:00:00+00:00, run_after=2025-10-10 00:00:00+00:00
[2025-10-10T08:46:08.201+0000] {processor.py:208} INFO - Processing /home/airflow/.local/lib/python3.12/site-packages/airflow/example_dags/example_branch_labels.py took 0.220 seconds
[2025-10-10T08:46:38.339+0000] {processor.py:186} INFO - Started process (PID=1149) to work on /home/airflow/.local/lib/python3.12/site-packages/airflow/example_dags/example_branch_labels.py
[2025-10-10T08:46:38.342+0000] {processor.py:914} INFO - Processing file /home/airflow/.local/lib/python3.12/site-packages/airflow/example_dags/example_branch_labels.py for tasks to queue
[2025-10-10T08:46:38.348+0000] {logging_mixin.py:190} INFO - [2025-10-10T08:46:38.347+0000] {dagbag.py:587} INFO - Filling up the DagBag from /home/airflow/.local/lib/python3.12/site-packages/airflow/example_dags/example_branch_labels.py
[2025-10-10T08:46:38.372+0000] {processor.py:925} INFO - DAG(s) 'example_branch_labels' retrieved from /home/airflow/.local/lib/python3.12/site-packages/airflow/example_dags/example_branch_labels.py
[2025-10-10T08:46:38.423+0000] {logging_mixin.py:190} INFO - [2025-10-10T08:46:38.423+0000] {dag.py:3211} INFO - Sync 1 DAGs
[2025-10-10T08:46:38.488+0000] {logging_mixin.py:190} INFO - [2025-10-10T08:46:38.488+0000] {dag.py:4138} INFO - Setting next_dagrun for example_branch_labels to 2025-10-09 00:00:00+00:00, run_after=2025-10-10 00:00:00+00:00
[2025-10-10T08:46:38.528+0000] {processor.py:208} INFO - Processing /home/airflow/.local/lib/python3.12/site-packages/airflow/example_dags/example_branch_labels.py took 0.205 seconds
[2025-10-10T08:47:09.337+0000] {processor.py:186} INFO - Started process (PID=1212) to work on /home/airflow/.local/lib/python3.12/site-packages/airflow/example_dags/example_branch_labels.py
[2025-10-10T08:47:09.340+0000] {processor.py:914} INFO - Processing file /home/airflow/.local/lib/python3.12/site-packages/airflow/example_dags/example_branch_labels.py for tasks to queue
[2025-10-10T08:47:09.346+0000] {logging_mixin.py:190} INFO - [2025-10-10T08:47:09.345+0000] {dagbag.py:587} INFO - Filling up the DagBag from /home/airflow/.local/lib/python3.12/site-packages/airflow/example_dags/example_branch_labels.py
[2025-10-10T08:47:09.369+0000] {processor.py:925} INFO - DAG(s) 'example_branch_labels' retrieved from /home/airflow/.local/lib/python3.12/site-packages/airflow/example_dags/example_branch_labels.py
[2025-10-10T08:47:09.416+0000] {logging_mixin.py:190} INFO - [2025-10-10T08:47:09.416+0000] {dag.py:3211} INFO - Sync 1 DAGs
[2025-10-10T08:47:09.483+0000] {logging_mixin.py:190} INFO - [2025-10-10T08:47:09.482+0000] {dag.py:4138} INFO - Setting next_dagrun for example_branch_labels to 2025-10-09 00:00:00+00:00, run_after=2025-10-10 00:00:00+00:00
[2025-10-10T08:47:09.531+0000] {processor.py:208} INFO - Processing /home/airflow/.local/lib/python3.12/site-packages/airflow/example_dags/example_branch_labels.py took 0.208 seconds
[2025-10-10T08:47:40.374+0000] {processor.py:186} INFO - Started process (PID=1275) to work on /home/airflow/.local/lib/python3.12/site-packages/airflow/example_dags/example_branch_labels.py
[2025-10-10T08:47:40.378+0000] {processor.py:914} INFO - Processing file /home/airflow/.local/lib/python3.12/site-packages/airflow/example_dags/example_branch_labels.py for tasks to queue
[2025-10-10T08:47:40.385+0000] {logging_mixin.py:190} INFO - [2025-10-10T08:47:40.384+0000] {dagbag.py:587} INFO - Filling up the DagBag from /home/airflow/.local/lib/python3.12/site-packages/airflow/example_dags/example_branch_labels.py
[2025-10-10T08:47:40.419+0000] {processor.py:925} INFO - DAG(s) 'example_branch_labels' retrieved from /home/airflow/.local/lib/python3.12/site-packages/airflow/example_dags/example_branch_labels.py
[2025-10-10T08:47:40.475+0000] {logging_mixin.py:190} INFO - [2025-10-10T08:47:40.474+0000] {dag.py:3211} INFO - Sync 1 DAGs
[2025-10-10T08:47:40.541+0000] {logging_mixin.py:190} INFO - [2025-10-10T08:47:40.540+0000] {dag.py:4138} INFO - Setting next_dagrun for example_branch_labels to 2025-10-09 00:00:00+00:00, run_after=2025-10-10 00:00:00+00:00
[2025-10-10T08:47:40.597+0000] {processor.py:208} INFO - Processing /home/airflow/.local/lib/python3.12/site-packages/airflow/example_dags/example_branch_labels.py took 0.242 seconds
[2025-10-10T08:48:13.230+0000] {processor.py:186} INFO - Started process (PID=1338) to work on /home/airflow/.local/lib/python3.12/site-packages/airflow/example_dags/example_branch_labels.py
[2025-10-10T08:48:13.233+0000] {processor.py:914} INFO - Processing file /home/airflow/.local/lib/python3.12/site-packages/airflow/example_dags/example_branch_labels.py for tasks to queue
[2025-10-10T08:48:13.244+0000] {logging_mixin.py:190} INFO - [2025-10-10T08:48:13.243+0000] {dagbag.py:587} INFO - Filling up the DagBag from /home/airflow/.local/lib/python3.12/site-packages/airflow/example_dags/example_branch_labels.py
[2025-10-10T08:48:13.278+0000] {processor.py:925} INFO - DAG(s) 'example_branch_labels' retrieved from /home/airflow/.local/lib/python3.12/site-packages/airflow/example_dags/example_branch_labels.py
[2025-10-10T08:48:13.334+0000] {logging_mixin.py:190} INFO - [2025-10-10T08:48:13.333+0000] {dag.py:3211} INFO - Sync 1 DAGs
[2025-10-10T08:48:13.410+0000] {logging_mixin.py:190} INFO - [2025-10-10T08:48:13.409+0000] {dag.py:4138} INFO - Setting next_dagrun for example_branch_labels to 2025-10-09 00:00:00+00:00, run_after=2025-10-10 00:00:00+00:00
[2025-10-10T08:48:13.456+0000] {processor.py:208} INFO - Processing /home/airflow/.local/lib/python3.12/site-packages/airflow/example_dags/example_branch_labels.py took 0.242 seconds
[2025-10-10T08:48:44.009+0000] {processor.py:186} INFO - Started process (PID=1401) to work on /home/airflow/.local/lib/python3.12/site-packages/airflow/example_dags/example_branch_labels.py
[2025-10-10T08:48:44.011+0000] {processor.py:914} INFO - Processing file /home/airflow/.local/lib/python3.12/site-packages/airflow/example_dags/example_branch_labels.py for tasks to queue
[2025-10-10T08:48:44.017+0000] {logging_mixin.py:190} INFO - [2025-10-10T08:48:44.017+0000] {dagbag.py:587} INFO - Filling up the DagBag from /home/airflow/.local/lib/python3.12/site-packages/airflow/example_dags/example_branch_labels.py
[2025-10-10T08:48:44.039+0000] {processor.py:925} INFO - DAG(s) 'example_branch_labels' retrieved from /home/airflow/.local/lib/python3.12/site-packages/airflow/example_dags/example_branch_labels.py
[2025-10-10T08:48:44.094+0000] {logging_mixin.py:190} INFO - [2025-10-10T08:48:44.094+0000] {dag.py:3211} INFO - Sync 1 DAGs
[2025-10-10T08:48:44.149+0000] {logging_mixin.py:190} INFO - [2025-10-10T08:48:44.148+0000] {dag.py:4138} INFO - Setting next_dagrun for example_branch_labels to 2025-10-09 00:00:00+00:00, run_after=2025-10-10 00:00:00+00:00
[2025-10-10T08:48:44.200+0000] {processor.py:208} INFO - Processing /home/airflow/.local/lib/python3.12/site-packages/airflow/example_dags/example_branch_labels.py took 0.205 seconds
[2025-10-10T08:49:16.496+0000] {processor.py:186} INFO - Started process (PID=1470) to work on /home/airflow/.local/lib/python3.12/site-packages/airflow/example_dags/example_branch_labels.py
[2025-10-10T08:49:16.500+0000] {processor.py:914} INFO - Processing file /home/airflow/.local/lib/python3.12/site-packages/airflow/example_dags/example_branch_labels.py for tasks to queue
[2025-10-10T08:49:16.510+0000] {logging_mixin.py:190} INFO - [2025-10-10T08:49:16.509+0000] {dagbag.py:587} INFO - Filling up the DagBag from /home/airflow/.local/lib/python3.12/site-packages/airflow/example_dags/example_branch_labels.py
[2025-10-10T08:49:16.600+0000] {processor.py:925} INFO - DAG(s) 'example_branch_labels' retrieved from /home/airflow/.local/lib/python3.12/site-packages/airflow/example_dags/example_branch_labels.py
[2025-10-10T08:49:16.751+0000] {logging_mixin.py:190} INFO - [2025-10-10T08:49:16.751+0000] {dag.py:3211} INFO - Sync 1 DAGs
[2025-10-10T08:49:16.914+0000] {logging_mixin.py:190} INFO - [2025-10-10T08:49:16.913+0000] {dag.py:4138} INFO - Setting next_dagrun for example_branch_labels to 2025-10-09 00:00:00+00:00, run_after=2025-10-10 00:00:00+00:00
[2025-10-10T08:49:17.033+0000] {processor.py:208} INFO - Processing /home/airflow/.local/lib/python3.12/site-packages/airflow/example_dags/example_branch_labels.py took 0.595 seconds
[2025-10-10T08:53:51.986+0000] {processor.py:186} INFO - Started process (PID=84) to work on /home/airflow/.local/lib/python3.12/site-packages/airflow/example_dags/example_branch_labels.py
[2025-10-10T08:53:51.991+0000] {processor.py:914} INFO - Processing file /home/airflow/.local/lib/python3.12/site-packages/airflow/example_dags/example_branch_labels.py for tasks to queue
[2025-10-10T08:53:51.998+0000] {logging_mixin.py:190} INFO - [2025-10-10T08:53:51.997+0000] {dagbag.py:587} INFO - Filling up the DagBag from /home/airflow/.local/lib/python3.12/site-packages/airflow/example_dags/example_branch_labels.py
[2025-10-10T08:53:52.030+0000] {processor.py:925} INFO - DAG(s) 'example_branch_labels' retrieved from /home/airflow/.local/lib/python3.12/site-packages/airflow/example_dags/example_branch_labels.py
[2025-10-10T08:53:52.115+0000] {logging_mixin.py:190} INFO - [2025-10-10T08:53:52.114+0000] {dag.py:3211} INFO - Sync 1 DAGs
[2025-10-10T08:53:52.188+0000] {logging_mixin.py:190} INFO - [2025-10-10T08:53:52.188+0000] {dag.py:4138} INFO - Setting next_dagrun for example_branch_labels to 2025-10-09 00:00:00+00:00, run_after=2025-10-10 00:00:00+00:00
[2025-10-10T08:53:52.242+0000] {processor.py:208} INFO - Processing /home/airflow/.local/lib/python3.12/site-packages/airflow/example_dags/example_branch_labels.py took 0.277 seconds
[2025-10-10T08:54:23.540+0000] {processor.py:186} INFO - Started process (PID=147) to work on /home/airflow/.local/lib/python3.12/site-packages/airflow/example_dags/example_branch_labels.py
[2025-10-10T08:54:23.546+0000] {processor.py:914} INFO - Processing file /home/airflow/.local/lib/python3.12/site-packages/airflow/example_dags/example_branch_labels.py for tasks to queue
[2025-10-10T08:54:23.555+0000] {logging_mixin.py:190} INFO - [2025-10-10T08:54:23.554+0000] {dagbag.py:587} INFO - Filling up the DagBag from /home/airflow/.local/lib/python3.12/site-packages/airflow/example_dags/example_branch_labels.py
[2025-10-10T08:54:23.614+0000] {processor.py:925} INFO - DAG(s) 'example_branch_labels' retrieved from /home/airflow/.local/lib/python3.12/site-packages/airflow/example_dags/example_branch_labels.py
[2025-10-10T08:54:23.689+0000] {logging_mixin.py:190} INFO - [2025-10-10T08:54:23.688+0000] {dag.py:3211} INFO - Sync 1 DAGs
[2025-10-10T08:54:23.770+0000] {logging_mixin.py:190} INFO - [2025-10-10T08:54:23.769+0000] {dag.py:4138} INFO - Setting next_dagrun for example_branch_labels to 2025-10-09 00:00:00+00:00, run_after=2025-10-10 00:00:00+00:00
[2025-10-10T08:54:23.839+0000] {processor.py:208} INFO - Processing /home/airflow/.local/lib/python3.12/site-packages/airflow/example_dags/example_branch_labels.py took 0.319 seconds
[2025-10-10T08:54:54.971+0000] {processor.py:186} INFO - Started process (PID=211) to work on /home/airflow/.local/lib/python3.12/site-packages/airflow/example_dags/example_branch_labels.py
[2025-10-10T08:54:54.973+0000] {processor.py:914} INFO - Processing file /home/airflow/.local/lib/python3.12/site-packages/airflow/example_dags/example_branch_labels.py for tasks to queue
[2025-10-10T08:54:54.979+0000] {logging_mixin.py:190} INFO - [2025-10-10T08:54:54.978+0000] {dagbag.py:587} INFO - Filling up the DagBag from /home/airflow/.local/lib/python3.12/site-packages/airflow/example_dags/example_branch_labels.py
[2025-10-10T08:54:55.007+0000] {processor.py:925} INFO - DAG(s) 'example_branch_labels' retrieved from /home/airflow/.local/lib/python3.12/site-packages/airflow/example_dags/example_branch_labels.py
[2025-10-10T08:54:55.062+0000] {logging_mixin.py:190} INFO - [2025-10-10T08:54:55.061+0000] {dag.py:3211} INFO - Sync 1 DAGs
[2025-10-10T08:54:55.118+0000] {logging_mixin.py:190} INFO - [2025-10-10T08:54:55.118+0000] {dag.py:4138} INFO - Setting next_dagrun for example_branch_labels to 2025-10-09 00:00:00+00:00, run_after=2025-10-10 00:00:00+00:00
[2025-10-10T08:54:55.165+0000] {processor.py:208} INFO - Processing /home/airflow/.local/lib/python3.12/site-packages/airflow/example_dags/example_branch_labels.py took 0.209 seconds
[2025-10-10T08:58:00.321+0000] {processor.py:186} INFO - Started process (PID=85) to work on /home/airflow/.local/lib/python3.12/site-packages/airflow/example_dags/example_branch_labels.py
[2025-10-10T08:58:00.327+0000] {processor.py:914} INFO - Processing file /home/airflow/.local/lib/python3.12/site-packages/airflow/example_dags/example_branch_labels.py for tasks to queue
[2025-10-10T08:58:00.340+0000] {logging_mixin.py:190} INFO - [2025-10-10T08:58:00.336+0000] {dagbag.py:587} INFO - Filling up the DagBag from /home/airflow/.local/lib/python3.12/site-packages/airflow/example_dags/example_branch_labels.py
[2025-10-10T08:58:00.426+0000] {processor.py:925} INFO - DAG(s) 'example_branch_labels' retrieved from /home/airflow/.local/lib/python3.12/site-packages/airflow/example_dags/example_branch_labels.py
[2025-10-10T08:58:00.637+0000] {logging_mixin.py:190} INFO - [2025-10-10T08:58:00.636+0000] {dag.py:3211} INFO - Sync 1 DAGs
[2025-10-10T08:58:00.886+0000] {logging_mixin.py:190} INFO - [2025-10-10T08:58:00.885+0000] {dag.py:4138} INFO - Setting next_dagrun for example_branch_labels to 2025-10-09 00:00:00+00:00, run_after=2025-10-10 00:00:00+00:00
[2025-10-10T08:58:00.993+0000] {processor.py:208} INFO - Processing /home/airflow/.local/lib/python3.12/site-packages/airflow/example_dags/example_branch_labels.py took 0.717 seconds
[2025-10-10T08:58:31.809+0000] {processor.py:186} INFO - Started process (PID=148) to work on /home/airflow/.local/lib/python3.12/site-packages/airflow/example_dags/example_branch_labels.py
[2025-10-10T08:58:31.820+0000] {processor.py:914} INFO - Processing file /home/airflow/.local/lib/python3.12/site-packages/airflow/example_dags/example_branch_labels.py for tasks to queue
[2025-10-10T08:58:31.846+0000] {logging_mixin.py:190} INFO - [2025-10-10T08:58:31.844+0000] {dagbag.py:587} INFO - Filling up the DagBag from /home/airflow/.local/lib/python3.12/site-packages/airflow/example_dags/example_branch_labels.py
[2025-10-10T08:58:31.879+0000] {processor.py:925} INFO - DAG(s) 'example_branch_labels' retrieved from /home/airflow/.local/lib/python3.12/site-packages/airflow/example_dags/example_branch_labels.py
[2025-10-10T08:58:31.936+0000] {logging_mixin.py:190} INFO - [2025-10-10T08:58:31.935+0000] {dag.py:3211} INFO - Sync 1 DAGs
[2025-10-10T08:58:32.034+0000] {logging_mixin.py:190} INFO - [2025-10-10T08:58:32.033+0000] {dag.py:4138} INFO - Setting next_dagrun for example_branch_labels to 2025-10-09 00:00:00+00:00, run_after=2025-10-10 00:00:00+00:00
[2025-10-10T08:58:32.119+0000] {processor.py:208} INFO - Processing /home/airflow/.local/lib/python3.12/site-packages/airflow/example_dags/example_branch_labels.py took 0.354 seconds
[2025-10-10T09:01:28.127+0000] {processor.py:186} INFO - Started process (PID=84) to work on /home/airflow/.local/lib/python3.12/site-packages/airflow/example_dags/example_branch_labels.py
[2025-10-10T09:01:28.129+0000] {processor.py:914} INFO - Processing file /home/airflow/.local/lib/python3.12/site-packages/airflow/example_dags/example_branch_labels.py for tasks to queue
[2025-10-10T09:01:28.135+0000] {logging_mixin.py:190} INFO - [2025-10-10T09:01:28.134+0000] {dagbag.py:587} INFO - Filling up the DagBag from /home/airflow/.local/lib/python3.12/site-packages/airflow/example_dags/example_branch_labels.py
[2025-10-10T09:01:28.165+0000] {processor.py:925} INFO - DAG(s) 'example_branch_labels' retrieved from /home/airflow/.local/lib/python3.12/site-packages/airflow/example_dags/example_branch_labels.py
[2025-10-10T09:01:28.232+0000] {logging_mixin.py:190} INFO - [2025-10-10T09:01:28.232+0000] {dag.py:3211} INFO - Sync 1 DAGs
[2025-10-10T09:01:28.293+0000] {logging_mixin.py:190} INFO - [2025-10-10T09:01:28.292+0000] {dag.py:4138} INFO - Setting next_dagrun for example_branch_labels to 2025-10-09 00:00:00+00:00, run_after=2025-10-10 00:00:00+00:00
[2025-10-10T09:01:28.335+0000] {processor.py:208} INFO - Processing /home/airflow/.local/lib/python3.12/site-packages/airflow/example_dags/example_branch_labels.py took 0.224 seconds
[2025-10-10T09:01:58.650+0000] {processor.py:186} INFO - Started process (PID=147) to work on /home/airflow/.local/lib/python3.12/site-packages/airflow/example_dags/example_branch_labels.py
[2025-10-10T09:01:58.653+0000] {processor.py:914} INFO - Processing file /home/airflow/.local/lib/python3.12/site-packages/airflow/example_dags/example_branch_labels.py for tasks to queue
[2025-10-10T09:01:58.658+0000] {logging_mixin.py:190} INFO - [2025-10-10T09:01:58.657+0000] {dagbag.py:587} INFO - Filling up the DagBag from /home/airflow/.local/lib/python3.12/site-packages/airflow/example_dags/example_branch_labels.py
[2025-10-10T09:01:58.684+0000] {processor.py:925} INFO - DAG(s) 'example_branch_labels' retrieved from /home/airflow/.local/lib/python3.12/site-packages/airflow/example_dags/example_branch_labels.py
[2025-10-10T09:01:58.750+0000] {logging_mixin.py:190} INFO - [2025-10-10T09:01:58.749+0000] {dag.py:3211} INFO - Sync 1 DAGs
[2025-10-10T09:01:58.912+0000] {logging_mixin.py:190} INFO - [2025-10-10T09:01:58.902+0000] {dag.py:4138} INFO - Setting next_dagrun for example_branch_labels to 2025-10-09 00:00:00+00:00, run_after=2025-10-10 00:00:00+00:00
[2025-10-10T09:01:59.025+0000] {processor.py:208} INFO - Processing /home/airflow/.local/lib/python3.12/site-packages/airflow/example_dags/example_branch_labels.py took 0.389 seconds
[2025-10-10T09:02:29.454+0000] {processor.py:186} INFO - Started process (PID=209) to work on /home/airflow/.local/lib/python3.12/site-packages/airflow/example_dags/example_branch_labels.py
[2025-10-10T09:02:29.462+0000] {processor.py:914} INFO - Processing file /home/airflow/.local/lib/python3.12/site-packages/airflow/example_dags/example_branch_labels.py for tasks to queue
[2025-10-10T09:02:29.477+0000] {logging_mixin.py:190} INFO - [2025-10-10T09:02:29.475+0000] {dagbag.py:587} INFO - Filling up the DagBag from /home/airflow/.local/lib/python3.12/site-packages/airflow/example_dags/example_branch_labels.py
[2025-10-10T09:02:29.530+0000] {processor.py:925} INFO - DAG(s) 'example_branch_labels' retrieved from /home/airflow/.local/lib/python3.12/site-packages/airflow/example_dags/example_branch_labels.py
[2025-10-10T09:02:29.629+0000] {logging_mixin.py:190} INFO - [2025-10-10T09:02:29.627+0000] {dag.py:3211} INFO - Sync 1 DAGs
[2025-10-10T09:02:29.805+0000] {logging_mixin.py:190} INFO - [2025-10-10T09:02:29.803+0000] {dag.py:4138} INFO - Setting next_dagrun for example_branch_labels to 2025-10-09 00:00:00+00:00, run_after=2025-10-10 00:00:00+00:00
[2025-10-10T09:02:30.072+0000] {processor.py:208} INFO - Processing /home/airflow/.local/lib/python3.12/site-packages/airflow/example_dags/example_branch_labels.py took 0.644 seconds
[2025-10-10T09:03:00.707+0000] {processor.py:186} INFO - Started process (PID=273) to work on /home/airflow/.local/lib/python3.12/site-packages/airflow/example_dags/example_branch_labels.py
[2025-10-10T09:03:00.709+0000] {processor.py:914} INFO - Processing file /home/airflow/.local/lib/python3.12/site-packages/airflow/example_dags/example_branch_labels.py for tasks to queue
[2025-10-10T09:03:00.716+0000] {logging_mixin.py:190} INFO - [2025-10-10T09:03:00.715+0000] {dagbag.py:587} INFO - Filling up the DagBag from /home/airflow/.local/lib/python3.12/site-packages/airflow/example_dags/example_branch_labels.py
[2025-10-10T09:03:00.739+0000] {processor.py:925} INFO - DAG(s) 'example_branch_labels' retrieved from /home/airflow/.local/lib/python3.12/site-packages/airflow/example_dags/example_branch_labels.py
[2025-10-10T09:03:00.815+0000] {logging_mixin.py:190} INFO - [2025-10-10T09:03:00.814+0000] {dag.py:3211} INFO - Sync 1 DAGs
[2025-10-10T09:03:00.910+0000] {logging_mixin.py:190} INFO - [2025-10-10T09:03:00.909+0000] {dag.py:4138} INFO - Setting next_dagrun for example_branch_labels to 2025-10-09 00:00:00+00:00, run_after=2025-10-10 00:00:00+00:00
[2025-10-10T09:03:00.972+0000] {processor.py:208} INFO - Processing /home/airflow/.local/lib/python3.12/site-packages/airflow/example_dags/example_branch_labels.py took 0.281 seconds
[2025-10-10T09:03:31.916+0000] {processor.py:186} INFO - Started process (PID=336) to work on /home/airflow/.local/lib/python3.12/site-packages/airflow/example_dags/example_branch_labels.py
[2025-10-10T09:03:31.922+0000] {processor.py:914} INFO - Processing file /home/airflow/.local/lib/python3.12/site-packages/airflow/example_dags/example_branch_labels.py for tasks to queue
[2025-10-10T09:03:31.939+0000] {logging_mixin.py:190} INFO - [2025-10-10T09:03:31.936+0000] {dagbag.py:587} INFO - Filling up the DagBag from /home/airflow/.local/lib/python3.12/site-packages/airflow/example_dags/example_branch_labels.py
[2025-10-10T09:03:31.997+0000] {processor.py:925} INFO - DAG(s) 'example_branch_labels' retrieved from /home/airflow/.local/lib/python3.12/site-packages/airflow/example_dags/example_branch_labels.py
[2025-10-10T09:03:32.108+0000] {logging_mixin.py:190} INFO - [2025-10-10T09:03:32.108+0000] {dag.py:3211} INFO - Sync 1 DAGs
[2025-10-10T09:03:32.167+0000] {logging_mixin.py:190} INFO - [2025-10-10T09:03:32.167+0000] {dag.py:4138} INFO - Setting next_dagrun for example_branch_labels to 2025-10-09 00:00:00+00:00, run_after=2025-10-10 00:00:00+00:00
[2025-10-10T09:03:32.209+0000] {processor.py:208} INFO - Processing /home/airflow/.local/lib/python3.12/site-packages/airflow/example_dags/example_branch_labels.py took 0.329 seconds
[2025-10-10T09:04:02.640+0000] {processor.py:186} INFO - Started process (PID=399) to work on /home/airflow/.local/lib/python3.12/site-packages/airflow/example_dags/example_branch_labels.py
[2025-10-10T09:04:02.647+0000] {processor.py:914} INFO - Processing file /home/airflow/.local/lib/python3.12/site-packages/airflow/example_dags/example_branch_labels.py for tasks to queue
[2025-10-10T09:04:02.664+0000] {logging_mixin.py:190} INFO - [2025-10-10T09:04:02.662+0000] {dagbag.py:587} INFO - Filling up the DagBag from /home/airflow/.local/lib/python3.12/site-packages/airflow/example_dags/example_branch_labels.py
[2025-10-10T09:04:02.745+0000] {processor.py:925} INFO - DAG(s) 'example_branch_labels' retrieved from /home/airflow/.local/lib/python3.12/site-packages/airflow/example_dags/example_branch_labels.py
[2025-10-10T09:04:02.870+0000] {logging_mixin.py:190} INFO - [2025-10-10T09:04:02.869+0000] {dag.py:3211} INFO - Sync 1 DAGs
[2025-10-10T09:04:03.035+0000] {logging_mixin.py:190} INFO - [2025-10-10T09:04:03.034+0000] {dag.py:4138} INFO - Setting next_dagrun for example_branch_labels to 2025-10-09 00:00:00+00:00, run_after=2025-10-10 00:00:00+00:00
[2025-10-10T09:04:03.147+0000] {processor.py:208} INFO - Processing /home/airflow/.local/lib/python3.12/site-packages/airflow/example_dags/example_branch_labels.py took 0.543 seconds
[2025-10-10T09:04:33.477+0000] {processor.py:186} INFO - Started process (PID=462) to work on /home/airflow/.local/lib/python3.12/site-packages/airflow/example_dags/example_branch_labels.py
[2025-10-10T09:04:33.480+0000] {processor.py:914} INFO - Processing file /home/airflow/.local/lib/python3.12/site-packages/airflow/example_dags/example_branch_labels.py for tasks to queue
[2025-10-10T09:04:33.486+0000] {logging_mixin.py:190} INFO - [2025-10-10T09:04:33.485+0000] {dagbag.py:587} INFO - Filling up the DagBag from /home/airflow/.local/lib/python3.12/site-packages/airflow/example_dags/example_branch_labels.py
[2025-10-10T09:04:33.507+0000] {processor.py:925} INFO - DAG(s) 'example_branch_labels' retrieved from /home/airflow/.local/lib/python3.12/site-packages/airflow/example_dags/example_branch_labels.py
[2025-10-10T09:04:33.558+0000] {logging_mixin.py:190} INFO - [2025-10-10T09:04:33.557+0000] {dag.py:3211} INFO - Sync 1 DAGs
[2025-10-10T09:04:33.623+0000] {logging_mixin.py:190} INFO - [2025-10-10T09:04:33.623+0000] {dag.py:4138} INFO - Setting next_dagrun for example_branch_labels to 2025-10-09 00:00:00+00:00, run_after=2025-10-10 00:00:00+00:00
[2025-10-10T09:04:33.684+0000] {processor.py:208} INFO - Processing /home/airflow/.local/lib/python3.12/site-packages/airflow/example_dags/example_branch_labels.py took 0.226 seconds
[2025-10-10T09:05:04.255+0000] {processor.py:186} INFO - Started process (PID=525) to work on /home/airflow/.local/lib/python3.12/site-packages/airflow/example_dags/example_branch_labels.py
[2025-10-10T09:05:04.259+0000] {processor.py:914} INFO - Processing file /home/airflow/.local/lib/python3.12/site-packages/airflow/example_dags/example_branch_labels.py for tasks to queue
[2025-10-10T09:05:04.268+0000] {logging_mixin.py:190} INFO - [2025-10-10T09:05:04.266+0000] {dagbag.py:587} INFO - Filling up the DagBag from /home/airflow/.local/lib/python3.12/site-packages/airflow/example_dags/example_branch_labels.py
[2025-10-10T09:05:04.313+0000] {processor.py:925} INFO - DAG(s) 'example_branch_labels' retrieved from /home/airflow/.local/lib/python3.12/site-packages/airflow/example_dags/example_branch_labels.py
[2025-10-10T09:05:04.406+0000] {logging_mixin.py:190} INFO - [2025-10-10T09:05:04.405+0000] {dag.py:3211} INFO - Sync 1 DAGs
[2025-10-10T09:05:04.508+0000] {logging_mixin.py:190} INFO - [2025-10-10T09:05:04.508+0000] {dag.py:4138} INFO - Setting next_dagrun for example_branch_labels to 2025-10-09 00:00:00+00:00, run_after=2025-10-10 00:00:00+00:00
[2025-10-10T09:05:04.578+0000] {processor.py:208} INFO - Processing /home/airflow/.local/lib/python3.12/site-packages/airflow/example_dags/example_branch_labels.py took 0.346 seconds
[2025-10-10T09:05:34.867+0000] {processor.py:186} INFO - Started process (PID=588) to work on /home/airflow/.local/lib/python3.12/site-packages/airflow/example_dags/example_branch_labels.py
[2025-10-10T09:05:34.870+0000] {processor.py:914} INFO - Processing file /home/airflow/.local/lib/python3.12/site-packages/airflow/example_dags/example_branch_labels.py for tasks to queue
[2025-10-10T09:05:34.878+0000] {logging_mixin.py:190} INFO - [2025-10-10T09:05:34.877+0000] {dagbag.py:587} INFO - Filling up the DagBag from /home/airflow/.local/lib/python3.12/site-packages/airflow/example_dags/example_branch_labels.py
[2025-10-10T09:05:34.908+0000] {processor.py:925} INFO - DAG(s) 'example_branch_labels' retrieved from /home/airflow/.local/lib/python3.12/site-packages/airflow/example_dags/example_branch_labels.py
[2025-10-10T09:05:35.010+0000] {logging_mixin.py:190} INFO - [2025-10-10T09:05:35.009+0000] {dag.py:3211} INFO - Sync 1 DAGs
[2025-10-10T09:05:35.083+0000] {logging_mixin.py:190} INFO - [2025-10-10T09:05:35.083+0000] {dag.py:4138} INFO - Setting next_dagrun for example_branch_labels to 2025-10-09 00:00:00+00:00, run_after=2025-10-10 00:00:00+00:00
[2025-10-10T09:05:35.133+0000] {processor.py:208} INFO - Processing /home/airflow/.local/lib/python3.12/site-packages/airflow/example_dags/example_branch_labels.py took 0.284 seconds
