[2025-10-10T08:37:57.447+0000] {processor.py:186} INFO - Started process (PID=101) to work on /home/airflow/.local/lib/python3.12/site-packages/airflow/example_dags/example_dataset_alias.py
[2025-10-10T08:37:57.451+0000] {processor.py:914} INFO - Processing file /home/airflow/.local/lib/python3.12/site-packages/airflow/example_dags/example_dataset_alias.py for tasks to queue
[2025-10-10T08:37:57.461+0000] {logging_mixin.py:190} INFO - [2025-10-10T08:37:57.459+0000] {dagbag.py:587} INFO - Filling up the DagBag from /home/airflow/.local/lib/python3.12/site-packages/airflow/example_dags/example_dataset_alias.py
[2025-10-10T08:37:57.911+0000] {processor.py:925} INFO - DAG(s) 'dataset_s3_bucket_consumer', 'dataset_s3_bucket_producer', 'dataset_alias_example_alias_consumer', 'dataset_alias_example_alias_producer' retrieved from /home/airflow/.local/lib/python3.12/site-packages/airflow/example_dags/example_dataset_alias.py
[2025-10-10T08:37:57.957+0000] {logging_mixin.py:190} INFO - [2025-10-10T08:37:57.956+0000] {dag.py:3211} INFO - Sync 4 DAGs
[2025-10-10T08:37:58.007+0000] {logging_mixin.py:190} INFO - [2025-10-10T08:37:58.007+0000] {dag.py:4138} INFO - Setting next_dagrun for dataset_alias_example_alias_consumer to None, run_after=None
[2025-10-10T08:37:58.014+0000] {logging_mixin.py:190} INFO - [2025-10-10T08:37:58.013+0000] {dag.py:4138} INFO - Setting next_dagrun for dataset_alias_example_alias_producer to None, run_after=None
[2025-10-10T08:37:58.017+0000] {logging_mixin.py:190} INFO - [2025-10-10T08:37:58.017+0000] {dag.py:4138} INFO - Setting next_dagrun for dataset_s3_bucket_consumer to None, run_after=None
[2025-10-10T08:37:58.021+0000] {logging_mixin.py:190} INFO - [2025-10-10T08:37:58.020+0000] {dag.py:4138} INFO - Setting next_dagrun for dataset_s3_bucket_producer to None, run_after=None
[2025-10-10T08:37:58.077+0000] {processor.py:208} INFO - Processing /home/airflow/.local/lib/python3.12/site-packages/airflow/example_dags/example_dataset_alias.py took 0.648 seconds
[2025-10-10T08:38:28.338+0000] {processor.py:186} INFO - Started process (PID=164) to work on /home/airflow/.local/lib/python3.12/site-packages/airflow/example_dags/example_dataset_alias.py
[2025-10-10T08:38:28.340+0000] {processor.py:914} INFO - Processing file /home/airflow/.local/lib/python3.12/site-packages/airflow/example_dags/example_dataset_alias.py for tasks to queue
[2025-10-10T08:38:28.347+0000] {logging_mixin.py:190} INFO - [2025-10-10T08:38:28.346+0000] {dagbag.py:587} INFO - Filling up the DagBag from /home/airflow/.local/lib/python3.12/site-packages/airflow/example_dags/example_dataset_alias.py
[2025-10-10T08:38:28.759+0000] {processor.py:925} INFO - DAG(s) 'dataset_s3_bucket_consumer', 'dataset_s3_bucket_producer', 'dataset_alias_example_alias_consumer', 'dataset_alias_example_alias_producer' retrieved from /home/airflow/.local/lib/python3.12/site-packages/airflow/example_dags/example_dataset_alias.py
[2025-10-10T08:38:28.818+0000] {logging_mixin.py:190} INFO - [2025-10-10T08:38:28.817+0000] {dag.py:3211} INFO - Sync 4 DAGs
[2025-10-10T08:38:28.866+0000] {logging_mixin.py:190} INFO - [2025-10-10T08:38:28.865+0000] {dag.py:4138} INFO - Setting next_dagrun for dataset_alias_example_alias_consumer to None, run_after=None
[2025-10-10T08:38:28.872+0000] {logging_mixin.py:190} INFO - [2025-10-10T08:38:28.871+0000] {dag.py:4138} INFO - Setting next_dagrun for dataset_alias_example_alias_producer to None, run_after=None
[2025-10-10T08:38:28.875+0000] {logging_mixin.py:190} INFO - [2025-10-10T08:38:28.874+0000] {dag.py:4138} INFO - Setting next_dagrun for dataset_s3_bucket_consumer to None, run_after=None
[2025-10-10T08:38:28.878+0000] {logging_mixin.py:190} INFO - [2025-10-10T08:38:28.878+0000] {dag.py:4138} INFO - Setting next_dagrun for dataset_s3_bucket_producer to None, run_after=None
[2025-10-10T08:38:28.939+0000] {processor.py:208} INFO - Processing /home/airflow/.local/lib/python3.12/site-packages/airflow/example_dags/example_dataset_alias.py took 0.616 seconds
[2025-10-10T08:38:59.548+0000] {processor.py:186} INFO - Started process (PID=227) to work on /home/airflow/.local/lib/python3.12/site-packages/airflow/example_dags/example_dataset_alias.py
[2025-10-10T08:38:59.551+0000] {processor.py:914} INFO - Processing file /home/airflow/.local/lib/python3.12/site-packages/airflow/example_dags/example_dataset_alias.py for tasks to queue
[2025-10-10T08:38:59.556+0000] {logging_mixin.py:190} INFO - [2025-10-10T08:38:59.555+0000] {dagbag.py:587} INFO - Filling up the DagBag from /home/airflow/.local/lib/python3.12/site-packages/airflow/example_dags/example_dataset_alias.py
[2025-10-10T08:38:59.893+0000] {processor.py:925} INFO - DAG(s) 'dataset_s3_bucket_consumer', 'dataset_alias_example_alias_producer', 'dataset_alias_example_alias_consumer', 'dataset_s3_bucket_producer' retrieved from /home/airflow/.local/lib/python3.12/site-packages/airflow/example_dags/example_dataset_alias.py
[2025-10-10T08:38:59.956+0000] {logging_mixin.py:190} INFO - [2025-10-10T08:38:59.955+0000] {dag.py:3211} INFO - Sync 4 DAGs
[2025-10-10T08:39:00.047+0000] {logging_mixin.py:190} INFO - [2025-10-10T08:39:00.047+0000] {dag.py:4138} INFO - Setting next_dagrun for dataset_alias_example_alias_consumer to None, run_after=None
[2025-10-10T08:39:00.056+0000] {logging_mixin.py:190} INFO - [2025-10-10T08:39:00.055+0000] {dag.py:4138} INFO - Setting next_dagrun for dataset_alias_example_alias_producer to None, run_after=None
[2025-10-10T08:39:00.060+0000] {logging_mixin.py:190} INFO - [2025-10-10T08:39:00.059+0000] {dag.py:4138} INFO - Setting next_dagrun for dataset_s3_bucket_consumer to None, run_after=None
[2025-10-10T08:39:00.065+0000] {logging_mixin.py:190} INFO - [2025-10-10T08:39:00.064+0000] {dag.py:4138} INFO - Setting next_dagrun for dataset_s3_bucket_producer to None, run_after=None
[2025-10-10T08:39:00.152+0000] {processor.py:208} INFO - Processing /home/airflow/.local/lib/python3.12/site-packages/airflow/example_dags/example_dataset_alias.py took 0.620 seconds
[2025-10-10T08:39:30.595+0000] {processor.py:186} INFO - Started process (PID=290) to work on /home/airflow/.local/lib/python3.12/site-packages/airflow/example_dags/example_dataset_alias.py
[2025-10-10T08:39:30.600+0000] {processor.py:914} INFO - Processing file /home/airflow/.local/lib/python3.12/site-packages/airflow/example_dags/example_dataset_alias.py for tasks to queue
[2025-10-10T08:39:30.608+0000] {logging_mixin.py:190} INFO - [2025-10-10T08:39:30.607+0000] {dagbag.py:587} INFO - Filling up the DagBag from /home/airflow/.local/lib/python3.12/site-packages/airflow/example_dags/example_dataset_alias.py
[2025-10-10T08:39:31.035+0000] {processor.py:925} INFO - DAG(s) 'dataset_alias_example_alias_consumer', 'dataset_s3_bucket_producer', 'dataset_alias_example_alias_producer', 'dataset_s3_bucket_consumer' retrieved from /home/airflow/.local/lib/python3.12/site-packages/airflow/example_dags/example_dataset_alias.py
[2025-10-10T08:39:31.092+0000] {logging_mixin.py:190} INFO - [2025-10-10T08:39:31.091+0000] {dag.py:3211} INFO - Sync 4 DAGs
[2025-10-10T08:39:31.147+0000] {logging_mixin.py:190} INFO - [2025-10-10T08:39:31.147+0000] {dag.py:4138} INFO - Setting next_dagrun for dataset_alias_example_alias_consumer to None, run_after=None
[2025-10-10T08:39:31.154+0000] {logging_mixin.py:190} INFO - [2025-10-10T08:39:31.153+0000] {dag.py:4138} INFO - Setting next_dagrun for dataset_alias_example_alias_producer to None, run_after=None
[2025-10-10T08:39:31.157+0000] {logging_mixin.py:190} INFO - [2025-10-10T08:39:31.157+0000] {dag.py:4138} INFO - Setting next_dagrun for dataset_s3_bucket_consumer to None, run_after=None
[2025-10-10T08:39:31.160+0000] {logging_mixin.py:190} INFO - [2025-10-10T08:39:31.160+0000] {dag.py:4138} INFO - Setting next_dagrun for dataset_s3_bucket_producer to None, run_after=None
[2025-10-10T08:39:31.224+0000] {processor.py:208} INFO - Processing /home/airflow/.local/lib/python3.12/site-packages/airflow/example_dags/example_dataset_alias.py took 0.651 seconds
[2025-10-10T08:40:02.532+0000] {processor.py:186} INFO - Started process (PID=353) to work on /home/airflow/.local/lib/python3.12/site-packages/airflow/example_dags/example_dataset_alias.py
[2025-10-10T08:40:02.535+0000] {processor.py:914} INFO - Processing file /home/airflow/.local/lib/python3.12/site-packages/airflow/example_dags/example_dataset_alias.py for tasks to queue
[2025-10-10T08:40:02.546+0000] {logging_mixin.py:190} INFO - [2025-10-10T08:40:02.545+0000] {dagbag.py:587} INFO - Filling up the DagBag from /home/airflow/.local/lib/python3.12/site-packages/airflow/example_dags/example_dataset_alias.py
[2025-10-10T08:40:02.908+0000] {processor.py:925} INFO - DAG(s) 'dataset_s3_bucket_consumer', 'dataset_s3_bucket_producer', 'dataset_alias_example_alias_consumer', 'dataset_alias_example_alias_producer' retrieved from /home/airflow/.local/lib/python3.12/site-packages/airflow/example_dags/example_dataset_alias.py
[2025-10-10T08:40:02.968+0000] {logging_mixin.py:190} INFO - [2025-10-10T08:40:02.967+0000] {dag.py:3211} INFO - Sync 4 DAGs
[2025-10-10T08:40:03.072+0000] {logging_mixin.py:190} INFO - [2025-10-10T08:40:03.071+0000] {dag.py:4138} INFO - Setting next_dagrun for dataset_alias_example_alias_consumer to None, run_after=None
[2025-10-10T08:40:03.081+0000] {logging_mixin.py:190} INFO - [2025-10-10T08:40:03.080+0000] {dag.py:4138} INFO - Setting next_dagrun for dataset_alias_example_alias_producer to None, run_after=None
[2025-10-10T08:40:03.085+0000] {logging_mixin.py:190} INFO - [2025-10-10T08:40:03.085+0000] {dag.py:4138} INFO - Setting next_dagrun for dataset_s3_bucket_consumer to None, run_after=None
[2025-10-10T08:40:03.091+0000] {logging_mixin.py:190} INFO - [2025-10-10T08:40:03.090+0000] {dag.py:4138} INFO - Setting next_dagrun for dataset_s3_bucket_producer to None, run_after=None
[2025-10-10T08:40:03.171+0000] {processor.py:208} INFO - Processing /home/airflow/.local/lib/python3.12/site-packages/airflow/example_dags/example_dataset_alias.py took 0.660 seconds
[2025-10-10T08:40:34.529+0000] {processor.py:186} INFO - Started process (PID=417) to work on /home/airflow/.local/lib/python3.12/site-packages/airflow/example_dags/example_dataset_alias.py
[2025-10-10T08:40:34.537+0000] {processor.py:914} INFO - Processing file /home/airflow/.local/lib/python3.12/site-packages/airflow/example_dags/example_dataset_alias.py for tasks to queue
[2025-10-10T08:40:34.551+0000] {logging_mixin.py:190} INFO - [2025-10-10T08:40:34.549+0000] {dagbag.py:587} INFO - Filling up the DagBag from /home/airflow/.local/lib/python3.12/site-packages/airflow/example_dags/example_dataset_alias.py
[2025-10-10T08:40:35.033+0000] {processor.py:925} INFO - DAG(s) 'dataset_alias_example_alias_producer', 'dataset_alias_example_alias_consumer', 'dataset_s3_bucket_consumer', 'dataset_s3_bucket_producer' retrieved from /home/airflow/.local/lib/python3.12/site-packages/airflow/example_dags/example_dataset_alias.py
[2025-10-10T08:40:35.092+0000] {logging_mixin.py:190} INFO - [2025-10-10T08:40:35.092+0000] {dag.py:3211} INFO - Sync 4 DAGs
[2025-10-10T08:40:35.150+0000] {logging_mixin.py:190} INFO - [2025-10-10T08:40:35.149+0000] {dag.py:4138} INFO - Setting next_dagrun for dataset_alias_example_alias_consumer to None, run_after=None
[2025-10-10T08:40:35.159+0000] {logging_mixin.py:190} INFO - [2025-10-10T08:40:35.158+0000] {dag.py:4138} INFO - Setting next_dagrun for dataset_alias_example_alias_producer to None, run_after=None
[2025-10-10T08:40:35.163+0000] {logging_mixin.py:190} INFO - [2025-10-10T08:40:35.163+0000] {dag.py:4138} INFO - Setting next_dagrun for dataset_s3_bucket_consumer to None, run_after=None
[2025-10-10T08:40:35.168+0000] {logging_mixin.py:190} INFO - [2025-10-10T08:40:35.167+0000] {dag.py:4138} INFO - Setting next_dagrun for dataset_s3_bucket_producer to None, run_after=None
[2025-10-10T08:40:35.230+0000] {processor.py:208} INFO - Processing /home/airflow/.local/lib/python3.12/site-packages/airflow/example_dags/example_dataset_alias.py took 0.731 seconds
[2025-10-10T08:41:06.019+0000] {processor.py:186} INFO - Started process (PID=479) to work on /home/airflow/.local/lib/python3.12/site-packages/airflow/example_dags/example_dataset_alias.py
[2025-10-10T08:41:06.027+0000] {processor.py:914} INFO - Processing file /home/airflow/.local/lib/python3.12/site-packages/airflow/example_dags/example_dataset_alias.py for tasks to queue
[2025-10-10T08:41:06.044+0000] {logging_mixin.py:190} INFO - [2025-10-10T08:41:06.041+0000] {dagbag.py:587} INFO - Filling up the DagBag from /home/airflow/.local/lib/python3.12/site-packages/airflow/example_dags/example_dataset_alias.py
[2025-10-10T08:41:06.662+0000] {processor.py:925} INFO - DAG(s) 'dataset_alias_example_alias_producer', 'dataset_s3_bucket_producer', 'dataset_alias_example_alias_consumer', 'dataset_s3_bucket_consumer' retrieved from /home/airflow/.local/lib/python3.12/site-packages/airflow/example_dags/example_dataset_alias.py
[2025-10-10T08:41:06.767+0000] {logging_mixin.py:190} INFO - [2025-10-10T08:41:06.766+0000] {dag.py:3211} INFO - Sync 4 DAGs
[2025-10-10T08:41:06.848+0000] {logging_mixin.py:190} INFO - [2025-10-10T08:41:06.847+0000] {dag.py:4138} INFO - Setting next_dagrun for dataset_alias_example_alias_consumer to None, run_after=None
[2025-10-10T08:41:06.861+0000] {logging_mixin.py:190} INFO - [2025-10-10T08:41:06.861+0000] {dag.py:4138} INFO - Setting next_dagrun for dataset_alias_example_alias_producer to None, run_after=None
[2025-10-10T08:41:06.866+0000] {logging_mixin.py:190} INFO - [2025-10-10T08:41:06.866+0000] {dag.py:4138} INFO - Setting next_dagrun for dataset_s3_bucket_consumer to None, run_after=None
[2025-10-10T08:41:06.871+0000] {logging_mixin.py:190} INFO - [2025-10-10T08:41:06.870+0000] {dag.py:4138} INFO - Setting next_dagrun for dataset_s3_bucket_producer to None, run_after=None
[2025-10-10T08:41:06.941+0000] {processor.py:208} INFO - Processing /home/airflow/.local/lib/python3.12/site-packages/airflow/example_dags/example_dataset_alias.py took 0.957 seconds
[2025-10-10T08:41:37.860+0000] {processor.py:186} INFO - Started process (PID=543) to work on /home/airflow/.local/lib/python3.12/site-packages/airflow/example_dags/example_dataset_alias.py
[2025-10-10T08:41:37.866+0000] {processor.py:914} INFO - Processing file /home/airflow/.local/lib/python3.12/site-packages/airflow/example_dags/example_dataset_alias.py for tasks to queue
[2025-10-10T08:41:37.878+0000] {logging_mixin.py:190} INFO - [2025-10-10T08:41:37.877+0000] {dagbag.py:587} INFO - Filling up the DagBag from /home/airflow/.local/lib/python3.12/site-packages/airflow/example_dags/example_dataset_alias.py
[2025-10-10T08:41:38.358+0000] {processor.py:925} INFO - DAG(s) 'dataset_s3_bucket_consumer', 'dataset_s3_bucket_producer', 'dataset_alias_example_alias_consumer', 'dataset_alias_example_alias_producer' retrieved from /home/airflow/.local/lib/python3.12/site-packages/airflow/example_dags/example_dataset_alias.py
[2025-10-10T08:41:38.420+0000] {logging_mixin.py:190} INFO - [2025-10-10T08:41:38.420+0000] {dag.py:3211} INFO - Sync 4 DAGs
[2025-10-10T08:41:38.481+0000] {logging_mixin.py:190} INFO - [2025-10-10T08:41:38.480+0000] {dag.py:4138} INFO - Setting next_dagrun for dataset_alias_example_alias_consumer to None, run_after=None
[2025-10-10T08:41:38.488+0000] {logging_mixin.py:190} INFO - [2025-10-10T08:41:38.487+0000] {dag.py:4138} INFO - Setting next_dagrun for dataset_alias_example_alias_producer to None, run_after=None
[2025-10-10T08:41:38.492+0000] {logging_mixin.py:190} INFO - [2025-10-10T08:41:38.491+0000] {dag.py:4138} INFO - Setting next_dagrun for dataset_s3_bucket_consumer to None, run_after=None
[2025-10-10T08:41:38.496+0000] {logging_mixin.py:190} INFO - [2025-10-10T08:41:38.496+0000] {dag.py:4138} INFO - Setting next_dagrun for dataset_s3_bucket_producer to None, run_after=None
[2025-10-10T08:41:38.556+0000] {processor.py:208} INFO - Processing /home/airflow/.local/lib/python3.12/site-packages/airflow/example_dags/example_dataset_alias.py took 0.723 seconds
[2025-10-10T08:42:08.944+0000] {processor.py:186} INFO - Started process (PID=608) to work on /home/airflow/.local/lib/python3.12/site-packages/airflow/example_dags/example_dataset_alias.py
[2025-10-10T08:42:08.947+0000] {processor.py:914} INFO - Processing file /home/airflow/.local/lib/python3.12/site-packages/airflow/example_dags/example_dataset_alias.py for tasks to queue
[2025-10-10T08:42:08.954+0000] {logging_mixin.py:190} INFO - [2025-10-10T08:42:08.953+0000] {dagbag.py:587} INFO - Filling up the DagBag from /home/airflow/.local/lib/python3.12/site-packages/airflow/example_dags/example_dataset_alias.py
[2025-10-10T08:42:09.895+0000] {processor.py:925} INFO - DAG(s) 'dataset_s3_bucket_consumer', 'dataset_alias_example_alias_producer', 'dataset_alias_example_alias_consumer', 'dataset_s3_bucket_producer' retrieved from /home/airflow/.local/lib/python3.12/site-packages/airflow/example_dags/example_dataset_alias.py
[2025-10-10T08:42:09.965+0000] {logging_mixin.py:190} INFO - [2025-10-10T08:42:09.965+0000] {dag.py:3211} INFO - Sync 4 DAGs
[2025-10-10T08:42:10.130+0000] {logging_mixin.py:190} INFO - [2025-10-10T08:42:10.129+0000] {dag.py:4138} INFO - Setting next_dagrun for dataset_alias_example_alias_consumer to None, run_after=None
[2025-10-10T08:42:10.138+0000] {logging_mixin.py:190} INFO - [2025-10-10T08:42:10.137+0000] {dag.py:4138} INFO - Setting next_dagrun for dataset_alias_example_alias_producer to None, run_after=None
[2025-10-10T08:42:10.145+0000] {logging_mixin.py:190} INFO - [2025-10-10T08:42:10.144+0000] {dag.py:4138} INFO - Setting next_dagrun for dataset_s3_bucket_consumer to None, run_after=None
[2025-10-10T08:42:10.150+0000] {logging_mixin.py:190} INFO - [2025-10-10T08:42:10.149+0000] {dag.py:4138} INFO - Setting next_dagrun for dataset_s3_bucket_producer to None, run_after=None
[2025-10-10T08:42:10.228+0000] {processor.py:208} INFO - Processing /home/airflow/.local/lib/python3.12/site-packages/airflow/example_dags/example_dataset_alias.py took 1.298 seconds
[2025-10-10T08:42:40.690+0000] {processor.py:186} INFO - Started process (PID=678) to work on /home/airflow/.local/lib/python3.12/site-packages/airflow/example_dags/example_dataset_alias.py
[2025-10-10T08:42:40.697+0000] {processor.py:914} INFO - Processing file /home/airflow/.local/lib/python3.12/site-packages/airflow/example_dags/example_dataset_alias.py for tasks to queue
[2025-10-10T08:42:40.706+0000] {logging_mixin.py:190} INFO - [2025-10-10T08:42:40.705+0000] {dagbag.py:587} INFO - Filling up the DagBag from /home/airflow/.local/lib/python3.12/site-packages/airflow/example_dags/example_dataset_alias.py
[2025-10-10T08:42:41.302+0000] {processor.py:925} INFO - DAG(s) 'dataset_s3_bucket_consumer', 'dataset_alias_example_alias_producer', 'dataset_alias_example_alias_consumer', 'dataset_s3_bucket_producer' retrieved from /home/airflow/.local/lib/python3.12/site-packages/airflow/example_dags/example_dataset_alias.py
[2025-10-10T08:42:41.354+0000] {logging_mixin.py:190} INFO - [2025-10-10T08:42:41.354+0000] {dag.py:3211} INFO - Sync 4 DAGs
[2025-10-10T08:42:41.406+0000] {logging_mixin.py:190} INFO - [2025-10-10T08:42:41.406+0000] {dag.py:4138} INFO - Setting next_dagrun for dataset_alias_example_alias_consumer to None, run_after=None
[2025-10-10T08:42:41.411+0000] {logging_mixin.py:190} INFO - [2025-10-10T08:42:41.411+0000] {dag.py:4138} INFO - Setting next_dagrun for dataset_alias_example_alias_producer to None, run_after=None
[2025-10-10T08:42:41.417+0000] {logging_mixin.py:190} INFO - [2025-10-10T08:42:41.417+0000] {dag.py:4138} INFO - Setting next_dagrun for dataset_s3_bucket_consumer to None, run_after=None
[2025-10-10T08:42:41.421+0000] {logging_mixin.py:190} INFO - [2025-10-10T08:42:41.420+0000] {dag.py:4138} INFO - Setting next_dagrun for dataset_s3_bucket_producer to None, run_after=None
[2025-10-10T08:42:41.485+0000] {processor.py:208} INFO - Processing /home/airflow/.local/lib/python3.12/site-packages/airflow/example_dags/example_dataset_alias.py took 0.822 seconds
[2025-10-10T08:43:11.716+0000] {processor.py:186} INFO - Started process (PID=742) to work on /home/airflow/.local/lib/python3.12/site-packages/airflow/example_dags/example_dataset_alias.py
[2025-10-10T08:43:11.718+0000] {processor.py:914} INFO - Processing file /home/airflow/.local/lib/python3.12/site-packages/airflow/example_dags/example_dataset_alias.py for tasks to queue
[2025-10-10T08:43:11.724+0000] {logging_mixin.py:190} INFO - [2025-10-10T08:43:11.723+0000] {dagbag.py:587} INFO - Filling up the DagBag from /home/airflow/.local/lib/python3.12/site-packages/airflow/example_dags/example_dataset_alias.py
[2025-10-10T08:43:12.065+0000] {processor.py:925} INFO - DAG(s) 'dataset_s3_bucket_producer', 'dataset_alias_example_alias_consumer', 'dataset_alias_example_alias_producer', 'dataset_s3_bucket_consumer' retrieved from /home/airflow/.local/lib/python3.12/site-packages/airflow/example_dags/example_dataset_alias.py
[2025-10-10T08:43:12.113+0000] {logging_mixin.py:190} INFO - [2025-10-10T08:43:12.113+0000] {dag.py:3211} INFO - Sync 4 DAGs
[2025-10-10T08:43:12.167+0000] {logging_mixin.py:190} INFO - [2025-10-10T08:43:12.167+0000] {dag.py:4138} INFO - Setting next_dagrun for dataset_alias_example_alias_consumer to None, run_after=None
[2025-10-10T08:43:12.174+0000] {logging_mixin.py:190} INFO - [2025-10-10T08:43:12.173+0000] {dag.py:4138} INFO - Setting next_dagrun for dataset_alias_example_alias_producer to None, run_after=None
[2025-10-10T08:43:12.178+0000] {logging_mixin.py:190} INFO - [2025-10-10T08:43:12.177+0000] {dag.py:4138} INFO - Setting next_dagrun for dataset_s3_bucket_consumer to None, run_after=None
[2025-10-10T08:43:12.182+0000] {logging_mixin.py:190} INFO - [2025-10-10T08:43:12.182+0000] {dag.py:4138} INFO - Setting next_dagrun for dataset_s3_bucket_producer to None, run_after=None
[2025-10-10T08:43:12.243+0000] {processor.py:208} INFO - Processing /home/airflow/.local/lib/python3.12/site-packages/airflow/example_dags/example_dataset_alias.py took 0.539 seconds
[2025-10-10T08:43:42.944+0000] {processor.py:186} INFO - Started process (PID=806) to work on /home/airflow/.local/lib/python3.12/site-packages/airflow/example_dags/example_dataset_alias.py
[2025-10-10T08:43:42.951+0000] {processor.py:914} INFO - Processing file /home/airflow/.local/lib/python3.12/site-packages/airflow/example_dags/example_dataset_alias.py for tasks to queue
[2025-10-10T08:43:42.967+0000] {logging_mixin.py:190} INFO - [2025-10-10T08:43:42.965+0000] {dagbag.py:587} INFO - Filling up the DagBag from /home/airflow/.local/lib/python3.12/site-packages/airflow/example_dags/example_dataset_alias.py
[2025-10-10T08:43:43.680+0000] {processor.py:925} INFO - DAG(s) 'dataset_s3_bucket_consumer', 'dataset_alias_example_alias_consumer', 'dataset_alias_example_alias_producer', 'dataset_s3_bucket_producer' retrieved from /home/airflow/.local/lib/python3.12/site-packages/airflow/example_dags/example_dataset_alias.py
[2025-10-10T08:43:43.742+0000] {logging_mixin.py:190} INFO - [2025-10-10T08:43:43.741+0000] {dag.py:3211} INFO - Sync 4 DAGs
[2025-10-10T08:43:43.810+0000] {logging_mixin.py:190} INFO - [2025-10-10T08:43:43.809+0000] {dag.py:4138} INFO - Setting next_dagrun for dataset_alias_example_alias_consumer to None, run_after=None
[2025-10-10T08:43:43.819+0000] {logging_mixin.py:190} INFO - [2025-10-10T08:43:43.819+0000] {dag.py:4138} INFO - Setting next_dagrun for dataset_alias_example_alias_producer to None, run_after=None
[2025-10-10T08:43:43.824+0000] {logging_mixin.py:190} INFO - [2025-10-10T08:43:43.824+0000] {dag.py:4138} INFO - Setting next_dagrun for dataset_s3_bucket_consumer to None, run_after=None
[2025-10-10T08:43:43.829+0000] {logging_mixin.py:190} INFO - [2025-10-10T08:43:43.828+0000] {dag.py:4138} INFO - Setting next_dagrun for dataset_s3_bucket_producer to None, run_after=None
[2025-10-10T08:43:43.897+0000] {processor.py:208} INFO - Processing /home/airflow/.local/lib/python3.12/site-packages/airflow/example_dags/example_dataset_alias.py took 0.997 seconds
[2025-10-10T08:44:14.121+0000] {processor.py:186} INFO - Started process (PID=869) to work on /home/airflow/.local/lib/python3.12/site-packages/airflow/example_dags/example_dataset_alias.py
[2025-10-10T08:44:14.124+0000] {processor.py:914} INFO - Processing file /home/airflow/.local/lib/python3.12/site-packages/airflow/example_dags/example_dataset_alias.py for tasks to queue
[2025-10-10T08:44:14.130+0000] {logging_mixin.py:190} INFO - [2025-10-10T08:44:14.129+0000] {dagbag.py:587} INFO - Filling up the DagBag from /home/airflow/.local/lib/python3.12/site-packages/airflow/example_dags/example_dataset_alias.py
[2025-10-10T08:44:14.508+0000] {processor.py:925} INFO - DAG(s) 'dataset_s3_bucket_consumer', 'dataset_s3_bucket_producer', 'dataset_alias_example_alias_consumer', 'dataset_alias_example_alias_producer' retrieved from /home/airflow/.local/lib/python3.12/site-packages/airflow/example_dags/example_dataset_alias.py
[2025-10-10T08:44:14.551+0000] {logging_mixin.py:190} INFO - [2025-10-10T08:44:14.550+0000] {dag.py:3211} INFO - Sync 4 DAGs
[2025-10-10T08:44:14.598+0000] {logging_mixin.py:190} INFO - [2025-10-10T08:44:14.597+0000] {dag.py:4138} INFO - Setting next_dagrun for dataset_alias_example_alias_consumer to None, run_after=None
[2025-10-10T08:44:14.604+0000] {logging_mixin.py:190} INFO - [2025-10-10T08:44:14.603+0000] {dag.py:4138} INFO - Setting next_dagrun for dataset_alias_example_alias_producer to None, run_after=None
[2025-10-10T08:44:14.608+0000] {logging_mixin.py:190} INFO - [2025-10-10T08:44:14.607+0000] {dag.py:4138} INFO - Setting next_dagrun for dataset_s3_bucket_consumer to None, run_after=None
[2025-10-10T08:44:14.611+0000] {logging_mixin.py:190} INFO - [2025-10-10T08:44:14.611+0000] {dag.py:4138} INFO - Setting next_dagrun for dataset_s3_bucket_producer to None, run_after=None
[2025-10-10T08:44:14.667+0000] {processor.py:208} INFO - Processing /home/airflow/.local/lib/python3.12/site-packages/airflow/example_dags/example_dataset_alias.py took 0.559 seconds
[2025-10-10T08:44:44.884+0000] {processor.py:186} INFO - Started process (PID=928) to work on /home/airflow/.local/lib/python3.12/site-packages/airflow/example_dags/example_dataset_alias.py
[2025-10-10T08:44:44.887+0000] {processor.py:914} INFO - Processing file /home/airflow/.local/lib/python3.12/site-packages/airflow/example_dags/example_dataset_alias.py for tasks to queue
[2025-10-10T08:44:44.894+0000] {logging_mixin.py:190} INFO - [2025-10-10T08:44:44.893+0000] {dagbag.py:587} INFO - Filling up the DagBag from /home/airflow/.local/lib/python3.12/site-packages/airflow/example_dags/example_dataset_alias.py
[2025-10-10T08:44:45.848+0000] {processor.py:925} INFO - DAG(s) 'dataset_s3_bucket_consumer', 'dataset_alias_example_alias_producer', 'dataset_alias_example_alias_consumer', 'dataset_s3_bucket_producer' retrieved from /home/airflow/.local/lib/python3.12/site-packages/airflow/example_dags/example_dataset_alias.py
[2025-10-10T08:44:45.934+0000] {logging_mixin.py:190} INFO - [2025-10-10T08:44:45.933+0000] {dag.py:3211} INFO - Sync 4 DAGs
[2025-10-10T08:44:46.059+0000] {logging_mixin.py:190} INFO - [2025-10-10T08:44:46.058+0000] {dag.py:4138} INFO - Setting next_dagrun for dataset_alias_example_alias_consumer to None, run_after=None
[2025-10-10T08:44:46.067+0000] {logging_mixin.py:190} INFO - [2025-10-10T08:44:46.067+0000] {dag.py:4138} INFO - Setting next_dagrun for dataset_alias_example_alias_producer to None, run_after=None
[2025-10-10T08:44:46.079+0000] {logging_mixin.py:190} INFO - [2025-10-10T08:44:46.078+0000] {dag.py:4138} INFO - Setting next_dagrun for dataset_s3_bucket_consumer to None, run_after=None
[2025-10-10T08:44:46.083+0000] {logging_mixin.py:190} INFO - [2025-10-10T08:44:46.083+0000] {dag.py:4138} INFO - Setting next_dagrun for dataset_s3_bucket_producer to None, run_after=None
[2025-10-10T08:44:46.212+0000] {processor.py:208} INFO - Processing /home/airflow/.local/lib/python3.12/site-packages/airflow/example_dags/example_dataset_alias.py took 1.352 seconds
[2025-10-10T08:45:16.827+0000] {processor.py:186} INFO - Started process (PID=992) to work on /home/airflow/.local/lib/python3.12/site-packages/airflow/example_dags/example_dataset_alias.py
[2025-10-10T08:45:16.830+0000] {processor.py:914} INFO - Processing file /home/airflow/.local/lib/python3.12/site-packages/airflow/example_dags/example_dataset_alias.py for tasks to queue
[2025-10-10T08:45:16.838+0000] {logging_mixin.py:190} INFO - [2025-10-10T08:45:16.836+0000] {dagbag.py:587} INFO - Filling up the DagBag from /home/airflow/.local/lib/python3.12/site-packages/airflow/example_dags/example_dataset_alias.py
[2025-10-10T08:45:17.386+0000] {processor.py:925} INFO - DAG(s) 'dataset_alias_example_alias_producer', 'dataset_alias_example_alias_consumer', 'dataset_s3_bucket_consumer', 'dataset_s3_bucket_producer' retrieved from /home/airflow/.local/lib/python3.12/site-packages/airflow/example_dags/example_dataset_alias.py
[2025-10-10T08:45:17.457+0000] {logging_mixin.py:190} INFO - [2025-10-10T08:45:17.456+0000] {dag.py:3211} INFO - Sync 4 DAGs
[2025-10-10T08:45:17.556+0000] {logging_mixin.py:190} INFO - [2025-10-10T08:45:17.556+0000] {dag.py:4138} INFO - Setting next_dagrun for dataset_alias_example_alias_consumer to None, run_after=None
[2025-10-10T08:45:17.566+0000] {logging_mixin.py:190} INFO - [2025-10-10T08:45:17.566+0000] {dag.py:4138} INFO - Setting next_dagrun for dataset_alias_example_alias_producer to None, run_after=None
[2025-10-10T08:45:17.572+0000] {logging_mixin.py:190} INFO - [2025-10-10T08:45:17.571+0000] {dag.py:4138} INFO - Setting next_dagrun for dataset_s3_bucket_consumer to None, run_after=None
[2025-10-10T08:45:17.577+0000] {logging_mixin.py:190} INFO - [2025-10-10T08:45:17.576+0000] {dag.py:4138} INFO - Setting next_dagrun for dataset_s3_bucket_producer to None, run_after=None
[2025-10-10T08:45:17.643+0000] {processor.py:208} INFO - Processing /home/airflow/.local/lib/python3.12/site-packages/airflow/example_dags/example_dataset_alias.py took 0.833 seconds
[2025-10-10T08:45:48.005+0000] {processor.py:186} INFO - Started process (PID=1056) to work on /home/airflow/.local/lib/python3.12/site-packages/airflow/example_dags/example_dataset_alias.py
[2025-10-10T08:45:48.007+0000] {processor.py:914} INFO - Processing file /home/airflow/.local/lib/python3.12/site-packages/airflow/example_dags/example_dataset_alias.py for tasks to queue
[2025-10-10T08:45:48.013+0000] {logging_mixin.py:190} INFO - [2025-10-10T08:45:48.012+0000] {dagbag.py:587} INFO - Filling up the DagBag from /home/airflow/.local/lib/python3.12/site-packages/airflow/example_dags/example_dataset_alias.py
[2025-10-10T08:45:48.443+0000] {processor.py:925} INFO - DAG(s) 'dataset_alias_example_alias_consumer', 'dataset_s3_bucket_producer', 'dataset_s3_bucket_consumer', 'dataset_alias_example_alias_producer' retrieved from /home/airflow/.local/lib/python3.12/site-packages/airflow/example_dags/example_dataset_alias.py
[2025-10-10T08:45:48.504+0000] {logging_mixin.py:190} INFO - [2025-10-10T08:45:48.503+0000] {dag.py:3211} INFO - Sync 4 DAGs
[2025-10-10T08:45:48.565+0000] {logging_mixin.py:190} INFO - [2025-10-10T08:45:48.564+0000] {dag.py:4138} INFO - Setting next_dagrun for dataset_alias_example_alias_consumer to None, run_after=None
[2025-10-10T08:45:48.573+0000] {logging_mixin.py:190} INFO - [2025-10-10T08:45:48.572+0000] {dag.py:4138} INFO - Setting next_dagrun for dataset_alias_example_alias_producer to None, run_after=None
[2025-10-10T08:45:48.576+0000] {logging_mixin.py:190} INFO - [2025-10-10T08:45:48.576+0000] {dag.py:4138} INFO - Setting next_dagrun for dataset_s3_bucket_consumer to None, run_after=None
[2025-10-10T08:45:48.579+0000] {logging_mixin.py:190} INFO - [2025-10-10T08:45:48.579+0000] {dag.py:4138} INFO - Setting next_dagrun for dataset_s3_bucket_producer to None, run_after=None
[2025-10-10T08:45:48.639+0000] {processor.py:208} INFO - Processing /home/airflow/.local/lib/python3.12/site-packages/airflow/example_dags/example_dataset_alias.py took 0.651 seconds
[2025-10-10T08:46:18.904+0000] {processor.py:186} INFO - Started process (PID=1119) to work on /home/airflow/.local/lib/python3.12/site-packages/airflow/example_dags/example_dataset_alias.py
[2025-10-10T08:46:18.907+0000] {processor.py:914} INFO - Processing file /home/airflow/.local/lib/python3.12/site-packages/airflow/example_dags/example_dataset_alias.py for tasks to queue
[2025-10-10T08:46:18.916+0000] {logging_mixin.py:190} INFO - [2025-10-10T08:46:18.915+0000] {dagbag.py:587} INFO - Filling up the DagBag from /home/airflow/.local/lib/python3.12/site-packages/airflow/example_dags/example_dataset_alias.py
[2025-10-10T08:46:19.445+0000] {processor.py:925} INFO - DAG(s) 'dataset_alias_example_alias_consumer', 'dataset_s3_bucket_producer', 'dataset_alias_example_alias_producer', 'dataset_s3_bucket_consumer' retrieved from /home/airflow/.local/lib/python3.12/site-packages/airflow/example_dags/example_dataset_alias.py
[2025-10-10T08:46:19.499+0000] {logging_mixin.py:190} INFO - [2025-10-10T08:46:19.498+0000] {dag.py:3211} INFO - Sync 4 DAGs
[2025-10-10T08:46:19.553+0000] {logging_mixin.py:190} INFO - [2025-10-10T08:46:19.553+0000] {dag.py:4138} INFO - Setting next_dagrun for dataset_alias_example_alias_consumer to None, run_after=None
[2025-10-10T08:46:19.561+0000] {logging_mixin.py:190} INFO - [2025-10-10T08:46:19.560+0000] {dag.py:4138} INFO - Setting next_dagrun for dataset_alias_example_alias_producer to None, run_after=None
[2025-10-10T08:46:19.566+0000] {logging_mixin.py:190} INFO - [2025-10-10T08:46:19.566+0000] {dag.py:4138} INFO - Setting next_dagrun for dataset_s3_bucket_consumer to None, run_after=None
[2025-10-10T08:46:19.571+0000] {logging_mixin.py:190} INFO - [2025-10-10T08:46:19.570+0000] {dag.py:4138} INFO - Setting next_dagrun for dataset_s3_bucket_producer to None, run_after=None
[2025-10-10T08:46:19.769+0000] {processor.py:208} INFO - Processing /home/airflow/.local/lib/python3.12/site-packages/airflow/example_dags/example_dataset_alias.py took 0.889 seconds
[2025-10-10T08:46:50.044+0000] {processor.py:186} INFO - Started process (PID=1182) to work on /home/airflow/.local/lib/python3.12/site-packages/airflow/example_dags/example_dataset_alias.py
[2025-10-10T08:46:50.049+0000] {processor.py:914} INFO - Processing file /home/airflow/.local/lib/python3.12/site-packages/airflow/example_dags/example_dataset_alias.py for tasks to queue
[2025-10-10T08:46:50.058+0000] {logging_mixin.py:190} INFO - [2025-10-10T08:46:50.057+0000] {dagbag.py:587} INFO - Filling up the DagBag from /home/airflow/.local/lib/python3.12/site-packages/airflow/example_dags/example_dataset_alias.py
[2025-10-10T08:46:50.593+0000] {processor.py:925} INFO - DAG(s) 'dataset_s3_bucket_consumer', 'dataset_alias_example_alias_consumer', 'dataset_s3_bucket_producer', 'dataset_alias_example_alias_producer' retrieved from /home/airflow/.local/lib/python3.12/site-packages/airflow/example_dags/example_dataset_alias.py
[2025-10-10T08:46:50.669+0000] {logging_mixin.py:190} INFO - [2025-10-10T08:46:50.668+0000] {dag.py:3211} INFO - Sync 4 DAGs
[2025-10-10T08:46:50.746+0000] {logging_mixin.py:190} INFO - [2025-10-10T08:46:50.745+0000] {dag.py:4138} INFO - Setting next_dagrun for dataset_alias_example_alias_consumer to None, run_after=None
[2025-10-10T08:46:50.752+0000] {logging_mixin.py:190} INFO - [2025-10-10T08:46:50.752+0000] {dag.py:4138} INFO - Setting next_dagrun for dataset_alias_example_alias_producer to None, run_after=None
[2025-10-10T08:46:50.757+0000] {logging_mixin.py:190} INFO - [2025-10-10T08:46:50.757+0000] {dag.py:4138} INFO - Setting next_dagrun for dataset_s3_bucket_consumer to None, run_after=None
[2025-10-10T08:46:50.762+0000] {logging_mixin.py:190} INFO - [2025-10-10T08:46:50.761+0000] {dag.py:4138} INFO - Setting next_dagrun for dataset_s3_bucket_producer to None, run_after=None
[2025-10-10T08:46:50.827+0000] {processor.py:208} INFO - Processing /home/airflow/.local/lib/python3.12/site-packages/airflow/example_dags/example_dataset_alias.py took 0.809 seconds
[2025-10-10T08:47:21.900+0000] {processor.py:186} INFO - Started process (PID=1243) to work on /home/airflow/.local/lib/python3.12/site-packages/airflow/example_dags/example_dataset_alias.py
[2025-10-10T08:47:21.903+0000] {processor.py:914} INFO - Processing file /home/airflow/.local/lib/python3.12/site-packages/airflow/example_dags/example_dataset_alias.py for tasks to queue
[2025-10-10T08:47:21.913+0000] {logging_mixin.py:190} INFO - [2025-10-10T08:47:21.911+0000] {dagbag.py:587} INFO - Filling up the DagBag from /home/airflow/.local/lib/python3.12/site-packages/airflow/example_dags/example_dataset_alias.py
[2025-10-10T08:47:22.553+0000] {processor.py:925} INFO - DAG(s) 'dataset_s3_bucket_consumer', 'dataset_s3_bucket_producer', 'dataset_alias_example_alias_consumer', 'dataset_alias_example_alias_producer' retrieved from /home/airflow/.local/lib/python3.12/site-packages/airflow/example_dags/example_dataset_alias.py
[2025-10-10T08:47:22.630+0000] {logging_mixin.py:190} INFO - [2025-10-10T08:47:22.630+0000] {dag.py:3211} INFO - Sync 4 DAGs
[2025-10-10T08:47:22.735+0000] {logging_mixin.py:190} INFO - [2025-10-10T08:47:22.734+0000] {dag.py:4138} INFO - Setting next_dagrun for dataset_alias_example_alias_consumer to None, run_after=None
[2025-10-10T08:47:22.746+0000] {logging_mixin.py:190} INFO - [2025-10-10T08:47:22.746+0000] {dag.py:4138} INFO - Setting next_dagrun for dataset_alias_example_alias_producer to None, run_after=None
[2025-10-10T08:47:22.752+0000] {logging_mixin.py:190} INFO - [2025-10-10T08:47:22.751+0000] {dag.py:4138} INFO - Setting next_dagrun for dataset_s3_bucket_consumer to None, run_after=None
[2025-10-10T08:47:22.757+0000] {logging_mixin.py:190} INFO - [2025-10-10T08:47:22.757+0000] {dag.py:4138} INFO - Setting next_dagrun for dataset_s3_bucket_producer to None, run_after=None
[2025-10-10T08:47:22.846+0000] {processor.py:208} INFO - Processing /home/airflow/.local/lib/python3.12/site-packages/airflow/example_dags/example_dataset_alias.py took 0.971 seconds
[2025-10-10T08:47:53.114+0000] {processor.py:186} INFO - Started process (PID=1308) to work on /home/airflow/.local/lib/python3.12/site-packages/airflow/example_dags/example_dataset_alias.py
[2025-10-10T08:47:53.120+0000] {processor.py:914} INFO - Processing file /home/airflow/.local/lib/python3.12/site-packages/airflow/example_dags/example_dataset_alias.py for tasks to queue
[2025-10-10T08:47:53.127+0000] {logging_mixin.py:190} INFO - [2025-10-10T08:47:53.126+0000] {dagbag.py:587} INFO - Filling up the DagBag from /home/airflow/.local/lib/python3.12/site-packages/airflow/example_dags/example_dataset_alias.py
[2025-10-10T08:47:53.542+0000] {processor.py:925} INFO - DAG(s) 'dataset_s3_bucket_producer', 'dataset_alias_example_alias_consumer', 'dataset_alias_example_alias_producer', 'dataset_s3_bucket_consumer' retrieved from /home/airflow/.local/lib/python3.12/site-packages/airflow/example_dags/example_dataset_alias.py
[2025-10-10T08:47:53.603+0000] {logging_mixin.py:190} INFO - [2025-10-10T08:47:53.603+0000] {dag.py:3211} INFO - Sync 4 DAGs
[2025-10-10T08:47:53.685+0000] {logging_mixin.py:190} INFO - [2025-10-10T08:47:53.684+0000] {dag.py:4138} INFO - Setting next_dagrun for dataset_alias_example_alias_consumer to None, run_after=None
[2025-10-10T08:47:53.695+0000] {logging_mixin.py:190} INFO - [2025-10-10T08:47:53.694+0000] {dag.py:4138} INFO - Setting next_dagrun for dataset_alias_example_alias_producer to None, run_after=None
[2025-10-10T08:47:53.704+0000] {logging_mixin.py:190} INFO - [2025-10-10T08:47:53.704+0000] {dag.py:4138} INFO - Setting next_dagrun for dataset_s3_bucket_consumer to None, run_after=None
[2025-10-10T08:47:53.718+0000] {logging_mixin.py:190} INFO - [2025-10-10T08:47:53.717+0000] {dag.py:4138} INFO - Setting next_dagrun for dataset_s3_bucket_producer to None, run_after=None
[2025-10-10T08:47:53.842+0000] {processor.py:208} INFO - Processing /home/airflow/.local/lib/python3.12/site-packages/airflow/example_dags/example_dataset_alias.py took 0.743 seconds
[2025-10-10T08:48:24.567+0000] {processor.py:186} INFO - Started process (PID=1371) to work on /home/airflow/.local/lib/python3.12/site-packages/airflow/example_dags/example_dataset_alias.py
[2025-10-10T08:48:24.571+0000] {processor.py:914} INFO - Processing file /home/airflow/.local/lib/python3.12/site-packages/airflow/example_dags/example_dataset_alias.py for tasks to queue
[2025-10-10T08:48:24.579+0000] {logging_mixin.py:190} INFO - [2025-10-10T08:48:24.578+0000] {dagbag.py:587} INFO - Filling up the DagBag from /home/airflow/.local/lib/python3.12/site-packages/airflow/example_dags/example_dataset_alias.py
[2025-10-10T08:48:24.934+0000] {processor.py:925} INFO - DAG(s) 'dataset_s3_bucket_consumer', 'dataset_alias_example_alias_producer', 'dataset_s3_bucket_producer', 'dataset_alias_example_alias_consumer' retrieved from /home/airflow/.local/lib/python3.12/site-packages/airflow/example_dags/example_dataset_alias.py
[2025-10-10T08:48:24.976+0000] {logging_mixin.py:190} INFO - [2025-10-10T08:48:24.976+0000] {dag.py:3211} INFO - Sync 4 DAGs
[2025-10-10T08:48:25.021+0000] {logging_mixin.py:190} INFO - [2025-10-10T08:48:25.021+0000] {dag.py:4138} INFO - Setting next_dagrun for dataset_alias_example_alias_consumer to None, run_after=None
[2025-10-10T08:48:25.027+0000] {logging_mixin.py:190} INFO - [2025-10-10T08:48:25.026+0000] {dag.py:4138} INFO - Setting next_dagrun for dataset_alias_example_alias_producer to None, run_after=None
[2025-10-10T08:48:25.031+0000] {logging_mixin.py:190} INFO - [2025-10-10T08:48:25.031+0000] {dag.py:4138} INFO - Setting next_dagrun for dataset_s3_bucket_consumer to None, run_after=None
[2025-10-10T08:48:25.034+0000] {logging_mixin.py:190} INFO - [2025-10-10T08:48:25.034+0000] {dag.py:4138} INFO - Setting next_dagrun for dataset_s3_bucket_producer to None, run_after=None
[2025-10-10T08:48:25.093+0000] {processor.py:208} INFO - Processing /home/airflow/.local/lib/python3.12/site-packages/airflow/example_dags/example_dataset_alias.py took 0.543 seconds
[2025-10-10T08:48:55.455+0000] {processor.py:186} INFO - Started process (PID=1435) to work on /home/airflow/.local/lib/python3.12/site-packages/airflow/example_dags/example_dataset_alias.py
[2025-10-10T08:48:55.458+0000] {processor.py:914} INFO - Processing file /home/airflow/.local/lib/python3.12/site-packages/airflow/example_dags/example_dataset_alias.py for tasks to queue
[2025-10-10T08:48:55.466+0000] {logging_mixin.py:190} INFO - [2025-10-10T08:48:55.465+0000] {dagbag.py:587} INFO - Filling up the DagBag from /home/airflow/.local/lib/python3.12/site-packages/airflow/example_dags/example_dataset_alias.py
[2025-10-10T08:48:55.832+0000] {processor.py:925} INFO - DAG(s) 'dataset_alias_example_alias_consumer', 'dataset_s3_bucket_producer', 'dataset_alias_example_alias_producer', 'dataset_s3_bucket_consumer' retrieved from /home/airflow/.local/lib/python3.12/site-packages/airflow/example_dags/example_dataset_alias.py
[2025-10-10T08:48:55.878+0000] {logging_mixin.py:190} INFO - [2025-10-10T08:48:55.878+0000] {dag.py:3211} INFO - Sync 4 DAGs
[2025-10-10T08:48:55.939+0000] {logging_mixin.py:190} INFO - [2025-10-10T08:48:55.939+0000] {dag.py:4138} INFO - Setting next_dagrun for dataset_alias_example_alias_consumer to None, run_after=None
[2025-10-10T08:48:55.947+0000] {logging_mixin.py:190} INFO - [2025-10-10T08:48:55.947+0000] {dag.py:4138} INFO - Setting next_dagrun for dataset_alias_example_alias_producer to None, run_after=None
[2025-10-10T08:48:55.952+0000] {logging_mixin.py:190} INFO - [2025-10-10T08:48:55.952+0000] {dag.py:4138} INFO - Setting next_dagrun for dataset_s3_bucket_consumer to None, run_after=None
[2025-10-10T08:48:55.956+0000] {logging_mixin.py:190} INFO - [2025-10-10T08:48:55.956+0000] {dag.py:4138} INFO - Setting next_dagrun for dataset_s3_bucket_producer to None, run_after=None
[2025-10-10T08:48:56.003+0000] {processor.py:208} INFO - Processing /home/airflow/.local/lib/python3.12/site-packages/airflow/example_dags/example_dataset_alias.py took 0.564 seconds
[2025-10-10T08:49:28.026+0000] {processor.py:186} INFO - Started process (PID=1495) to work on /home/airflow/.local/lib/python3.12/site-packages/airflow/example_dags/example_dataset_alias.py
[2025-10-10T08:49:28.031+0000] {processor.py:914} INFO - Processing file /home/airflow/.local/lib/python3.12/site-packages/airflow/example_dags/example_dataset_alias.py for tasks to queue
[2025-10-10T08:49:28.066+0000] {logging_mixin.py:190} INFO - [2025-10-10T08:49:28.064+0000] {dagbag.py:587} INFO - Filling up the DagBag from /home/airflow/.local/lib/python3.12/site-packages/airflow/example_dags/example_dataset_alias.py
[2025-10-10T08:53:59.049+0000] {processor.py:186} INFO - Started process (PID=104) to work on /home/airflow/.local/lib/python3.12/site-packages/airflow/example_dags/example_dataset_alias.py
[2025-10-10T08:53:59.054+0000] {processor.py:914} INFO - Processing file /home/airflow/.local/lib/python3.12/site-packages/airflow/example_dags/example_dataset_alias.py for tasks to queue
[2025-10-10T08:53:59.075+0000] {logging_mixin.py:190} INFO - [2025-10-10T08:53:59.072+0000] {dagbag.py:587} INFO - Filling up the DagBag from /home/airflow/.local/lib/python3.12/site-packages/airflow/example_dags/example_dataset_alias.py
[2025-10-10T08:54:00.061+0000] {processor.py:925} INFO - DAG(s) 'dataset_alias_example_alias_producer', 'dataset_s3_bucket_producer', 'dataset_s3_bucket_consumer', 'dataset_alias_example_alias_consumer' retrieved from /home/airflow/.local/lib/python3.12/site-packages/airflow/example_dags/example_dataset_alias.py
[2025-10-10T08:54:00.130+0000] {logging_mixin.py:190} INFO - [2025-10-10T08:54:00.130+0000] {dag.py:3211} INFO - Sync 4 DAGs
[2025-10-10T08:54:00.246+0000] {logging_mixin.py:190} INFO - [2025-10-10T08:54:00.245+0000] {dag.py:4138} INFO - Setting next_dagrun for dataset_alias_example_alias_consumer to None, run_after=None
[2025-10-10T08:54:00.255+0000] {logging_mixin.py:190} INFO - [2025-10-10T08:54:00.255+0000] {dag.py:4138} INFO - Setting next_dagrun for dataset_alias_example_alias_producer to None, run_after=None
[2025-10-10T08:54:00.260+0000] {logging_mixin.py:190} INFO - [2025-10-10T08:54:00.260+0000] {dag.py:4138} INFO - Setting next_dagrun for dataset_s3_bucket_consumer to None, run_after=None
[2025-10-10T08:54:00.264+0000] {logging_mixin.py:190} INFO - [2025-10-10T08:54:00.263+0000] {dag.py:4138} INFO - Setting next_dagrun for dataset_s3_bucket_producer to None, run_after=None
[2025-10-10T08:54:00.420+0000] {processor.py:208} INFO - Processing /home/airflow/.local/lib/python3.12/site-packages/airflow/example_dags/example_dataset_alias.py took 1.395 seconds
[2025-10-10T08:54:30.749+0000] {processor.py:186} INFO - Started process (PID=168) to work on /home/airflow/.local/lib/python3.12/site-packages/airflow/example_dags/example_dataset_alias.py
[2025-10-10T08:54:30.752+0000] {processor.py:914} INFO - Processing file /home/airflow/.local/lib/python3.12/site-packages/airflow/example_dags/example_dataset_alias.py for tasks to queue
[2025-10-10T08:54:30.759+0000] {logging_mixin.py:190} INFO - [2025-10-10T08:54:30.758+0000] {dagbag.py:587} INFO - Filling up the DagBag from /home/airflow/.local/lib/python3.12/site-packages/airflow/example_dags/example_dataset_alias.py
[2025-10-10T08:54:31.294+0000] {processor.py:925} INFO - DAG(s) 'dataset_s3_bucket_consumer', 'dataset_alias_example_alias_producer', 'dataset_alias_example_alias_consumer', 'dataset_s3_bucket_producer' retrieved from /home/airflow/.local/lib/python3.12/site-packages/airflow/example_dags/example_dataset_alias.py
[2025-10-10T08:54:31.346+0000] {logging_mixin.py:190} INFO - [2025-10-10T08:54:31.345+0000] {dag.py:3211} INFO - Sync 4 DAGs
[2025-10-10T08:54:31.399+0000] {logging_mixin.py:190} INFO - [2025-10-10T08:54:31.399+0000] {dag.py:4138} INFO - Setting next_dagrun for dataset_alias_example_alias_consumer to None, run_after=None
[2025-10-10T08:54:31.405+0000] {logging_mixin.py:190} INFO - [2025-10-10T08:54:31.405+0000] {dag.py:4138} INFO - Setting next_dagrun for dataset_alias_example_alias_producer to None, run_after=None
[2025-10-10T08:54:31.409+0000] {logging_mixin.py:190} INFO - [2025-10-10T08:54:31.409+0000] {dag.py:4138} INFO - Setting next_dagrun for dataset_s3_bucket_consumer to None, run_after=None
[2025-10-10T08:54:31.413+0000] {logging_mixin.py:190} INFO - [2025-10-10T08:54:31.412+0000] {dag.py:4138} INFO - Setting next_dagrun for dataset_s3_bucket_producer to None, run_after=None
[2025-10-10T08:54:31.478+0000] {processor.py:208} INFO - Processing /home/airflow/.local/lib/python3.12/site-packages/airflow/example_dags/example_dataset_alias.py took 0.747 seconds
[2025-10-10T08:55:01.975+0000] {processor.py:186} INFO - Started process (PID=239) to work on /home/airflow/.local/lib/python3.12/site-packages/airflow/example_dags/example_dataset_alias.py
[2025-10-10T08:55:01.978+0000] {processor.py:914} INFO - Processing file /home/airflow/.local/lib/python3.12/site-packages/airflow/example_dags/example_dataset_alias.py for tasks to queue
[2025-10-10T08:55:01.986+0000] {logging_mixin.py:190} INFO - [2025-10-10T08:55:01.985+0000] {dagbag.py:587} INFO - Filling up the DagBag from /home/airflow/.local/lib/python3.12/site-packages/airflow/example_dags/example_dataset_alias.py
[2025-10-10T08:55:02.503+0000] {processor.py:925} INFO - DAG(s) 'dataset_alias_example_alias_producer', 'dataset_alias_example_alias_consumer', 'dataset_s3_bucket_consumer', 'dataset_s3_bucket_producer' retrieved from /home/airflow/.local/lib/python3.12/site-packages/airflow/example_dags/example_dataset_alias.py
[2025-10-10T08:55:02.650+0000] {logging_mixin.py:190} INFO - [2025-10-10T08:55:02.648+0000] {dag.py:3211} INFO - Sync 4 DAGs
[2025-10-10T08:55:02.745+0000] {logging_mixin.py:190} INFO - [2025-10-10T08:55:02.745+0000] {dag.py:4138} INFO - Setting next_dagrun for dataset_alias_example_alias_consumer to None, run_after=None
[2025-10-10T08:55:02.752+0000] {logging_mixin.py:190} INFO - [2025-10-10T08:55:02.751+0000] {dag.py:4138} INFO - Setting next_dagrun for dataset_alias_example_alias_producer to None, run_after=None
[2025-10-10T08:55:02.756+0000] {logging_mixin.py:190} INFO - [2025-10-10T08:55:02.755+0000] {dag.py:4138} INFO - Setting next_dagrun for dataset_s3_bucket_consumer to None, run_after=None
[2025-10-10T08:55:02.761+0000] {logging_mixin.py:190} INFO - [2025-10-10T08:55:02.760+0000] {dag.py:4138} INFO - Setting next_dagrun for dataset_s3_bucket_producer to None, run_after=None
[2025-10-10T08:55:03.076+0000] {processor.py:208} INFO - Processing /home/airflow/.local/lib/python3.12/site-packages/airflow/example_dags/example_dataset_alias.py took 1.117 seconds
[2025-10-10T08:58:06.556+0000] {processor.py:186} INFO - Started process (PID=105) to work on /home/airflow/.local/lib/python3.12/site-packages/airflow/example_dags/example_dataset_alias.py
[2025-10-10T08:58:06.559+0000] {processor.py:914} INFO - Processing file /home/airflow/.local/lib/python3.12/site-packages/airflow/example_dags/example_dataset_alias.py for tasks to queue
[2025-10-10T08:58:06.567+0000] {logging_mixin.py:190} INFO - [2025-10-10T08:58:06.565+0000] {dagbag.py:587} INFO - Filling up the DagBag from /home/airflow/.local/lib/python3.12/site-packages/airflow/example_dags/example_dataset_alias.py
[2025-10-10T08:58:07.049+0000] {processor.py:925} INFO - DAG(s) 'dataset_alias_example_alias_consumer', 'dataset_alias_example_alias_producer', 'dataset_s3_bucket_producer', 'dataset_s3_bucket_consumer' retrieved from /home/airflow/.local/lib/python3.12/site-packages/airflow/example_dags/example_dataset_alias.py
[2025-10-10T08:58:07.108+0000] {logging_mixin.py:190} INFO - [2025-10-10T08:58:07.107+0000] {dag.py:3211} INFO - Sync 4 DAGs
[2025-10-10T08:58:07.199+0000] {logging_mixin.py:190} INFO - [2025-10-10T08:58:07.199+0000] {dag.py:4138} INFO - Setting next_dagrun for dataset_alias_example_alias_consumer to None, run_after=None
[2025-10-10T08:58:07.205+0000] {logging_mixin.py:190} INFO - [2025-10-10T08:58:07.205+0000] {dag.py:4138} INFO - Setting next_dagrun for dataset_alias_example_alias_producer to None, run_after=None
[2025-10-10T08:58:07.209+0000] {logging_mixin.py:190} INFO - [2025-10-10T08:58:07.209+0000] {dag.py:4138} INFO - Setting next_dagrun for dataset_s3_bucket_consumer to None, run_after=None
[2025-10-10T08:58:07.212+0000] {logging_mixin.py:190} INFO - [2025-10-10T08:58:07.212+0000] {dag.py:4138} INFO - Setting next_dagrun for dataset_s3_bucket_producer to None, run_after=None
[2025-10-10T08:58:07.313+0000] {processor.py:208} INFO - Processing /home/airflow/.local/lib/python3.12/site-packages/airflow/example_dags/example_dataset_alias.py took 0.784 seconds
[2025-10-10T08:58:37.769+0000] {processor.py:186} INFO - Started process (PID=169) to work on /home/airflow/.local/lib/python3.12/site-packages/airflow/example_dags/example_dataset_alias.py
[2025-10-10T08:58:37.773+0000] {processor.py:914} INFO - Processing file /home/airflow/.local/lib/python3.12/site-packages/airflow/example_dags/example_dataset_alias.py for tasks to queue
[2025-10-10T08:58:37.780+0000] {logging_mixin.py:190} INFO - [2025-10-10T08:58:37.779+0000] {dagbag.py:587} INFO - Filling up the DagBag from /home/airflow/.local/lib/python3.12/site-packages/airflow/example_dags/example_dataset_alias.py
[2025-10-10T08:58:38.335+0000] {processor.py:925} INFO - DAG(s) 'dataset_s3_bucket_consumer', 'dataset_s3_bucket_producer', 'dataset_alias_example_alias_consumer', 'dataset_alias_example_alias_producer' retrieved from /home/airflow/.local/lib/python3.12/site-packages/airflow/example_dags/example_dataset_alias.py
[2025-10-10T08:58:38.414+0000] {logging_mixin.py:190} INFO - [2025-10-10T08:58:38.414+0000] {dag.py:3211} INFO - Sync 4 DAGs
[2025-10-10T08:58:38.477+0000] {logging_mixin.py:190} INFO - [2025-10-10T08:58:38.476+0000] {dag.py:4138} INFO - Setting next_dagrun for dataset_alias_example_alias_consumer to None, run_after=None
[2025-10-10T08:58:38.484+0000] {logging_mixin.py:190} INFO - [2025-10-10T08:58:38.484+0000] {dag.py:4138} INFO - Setting next_dagrun for dataset_alias_example_alias_producer to None, run_after=None
[2025-10-10T08:58:38.488+0000] {logging_mixin.py:190} INFO - [2025-10-10T08:58:38.488+0000] {dag.py:4138} INFO - Setting next_dagrun for dataset_s3_bucket_consumer to None, run_after=None
[2025-10-10T08:58:38.492+0000] {logging_mixin.py:190} INFO - [2025-10-10T08:58:38.492+0000] {dag.py:4138} INFO - Setting next_dagrun for dataset_s3_bucket_producer to None, run_after=None
[2025-10-10T08:58:38.566+0000] {processor.py:208} INFO - Processing /home/airflow/.local/lib/python3.12/site-packages/airflow/example_dags/example_dataset_alias.py took 0.816 seconds
[2025-10-10T09:01:32.891+0000] {processor.py:186} INFO - Started process (PID=104) to work on /home/airflow/.local/lib/python3.12/site-packages/airflow/example_dags/example_dataset_alias.py
[2025-10-10T09:01:32.897+0000] {processor.py:914} INFO - Processing file /home/airflow/.local/lib/python3.12/site-packages/airflow/example_dags/example_dataset_alias.py for tasks to queue
[2025-10-10T09:01:32.911+0000] {logging_mixin.py:190} INFO - [2025-10-10T09:01:32.908+0000] {dagbag.py:587} INFO - Filling up the DagBag from /home/airflow/.local/lib/python3.12/site-packages/airflow/example_dags/example_dataset_alias.py
[2025-10-10T09:01:33.745+0000] {processor.py:925} INFO - DAG(s) 'dataset_alias_example_alias_producer', 'dataset_s3_bucket_producer', 'dataset_alias_example_alias_consumer', 'dataset_s3_bucket_consumer' retrieved from /home/airflow/.local/lib/python3.12/site-packages/airflow/example_dags/example_dataset_alias.py
[2025-10-10T09:01:33.852+0000] {logging_mixin.py:190} INFO - [2025-10-10T09:01:33.851+0000] {dag.py:3211} INFO - Sync 4 DAGs
[2025-10-10T09:01:34.023+0000] {logging_mixin.py:190} INFO - [2025-10-10T09:01:34.022+0000] {dag.py:4138} INFO - Setting next_dagrun for dataset_alias_example_alias_consumer to None, run_after=None
[2025-10-10T09:01:34.038+0000] {logging_mixin.py:190} INFO - [2025-10-10T09:01:34.037+0000] {dag.py:4138} INFO - Setting next_dagrun for dataset_alias_example_alias_producer to None, run_after=None
[2025-10-10T09:01:34.048+0000] {logging_mixin.py:190} INFO - [2025-10-10T09:01:34.046+0000] {dag.py:4138} INFO - Setting next_dagrun for dataset_s3_bucket_consumer to None, run_after=None
[2025-10-10T09:01:34.055+0000] {logging_mixin.py:190} INFO - [2025-10-10T09:01:34.054+0000] {dag.py:4138} INFO - Setting next_dagrun for dataset_s3_bucket_producer to None, run_after=None
[2025-10-10T09:01:34.237+0000] {processor.py:208} INFO - Processing /home/airflow/.local/lib/python3.12/site-packages/airflow/example_dags/example_dataset_alias.py took 1.408 seconds
[2025-10-10T09:02:04.660+0000] {processor.py:186} INFO - Started process (PID=168) to work on /home/airflow/.local/lib/python3.12/site-packages/airflow/example_dags/example_dataset_alias.py
[2025-10-10T09:02:04.664+0000] {processor.py:914} INFO - Processing file /home/airflow/.local/lib/python3.12/site-packages/airflow/example_dags/example_dataset_alias.py for tasks to queue
[2025-10-10T09:02:04.681+0000] {logging_mixin.py:190} INFO - [2025-10-10T09:02:04.679+0000] {dagbag.py:587} INFO - Filling up the DagBag from /home/airflow/.local/lib/python3.12/site-packages/airflow/example_dags/example_dataset_alias.py
[2025-10-10T09:02:05.362+0000] {processor.py:925} INFO - DAG(s) 'dataset_s3_bucket_producer', 'dataset_alias_example_alias_consumer', 'dataset_s3_bucket_consumer', 'dataset_alias_example_alias_producer' retrieved from /home/airflow/.local/lib/python3.12/site-packages/airflow/example_dags/example_dataset_alias.py
[2025-10-10T09:02:05.444+0000] {logging_mixin.py:190} INFO - [2025-10-10T09:02:05.444+0000] {dag.py:3211} INFO - Sync 4 DAGs
[2025-10-10T09:02:05.533+0000] {logging_mixin.py:190} INFO - [2025-10-10T09:02:05.532+0000] {dag.py:4138} INFO - Setting next_dagrun for dataset_alias_example_alias_consumer to None, run_after=None
[2025-10-10T09:02:05.544+0000] {logging_mixin.py:190} INFO - [2025-10-10T09:02:05.543+0000] {dag.py:4138} INFO - Setting next_dagrun for dataset_alias_example_alias_producer to None, run_after=None
[2025-10-10T09:02:05.549+0000] {logging_mixin.py:190} INFO - [2025-10-10T09:02:05.548+0000] {dag.py:4138} INFO - Setting next_dagrun for dataset_s3_bucket_consumer to None, run_after=None
[2025-10-10T09:02:05.553+0000] {logging_mixin.py:190} INFO - [2025-10-10T09:02:05.553+0000] {dag.py:4138} INFO - Setting next_dagrun for dataset_s3_bucket_producer to None, run_after=None
[2025-10-10T09:02:05.651+0000] {processor.py:208} INFO - Processing /home/airflow/.local/lib/python3.12/site-packages/airflow/example_dags/example_dataset_alias.py took 1.030 seconds
[2025-10-10T09:02:37.094+0000] {processor.py:186} INFO - Started process (PID=232) to work on /home/airflow/.local/lib/python3.12/site-packages/airflow/example_dags/example_dataset_alias.py
[2025-10-10T09:02:37.097+0000] {processor.py:914} INFO - Processing file /home/airflow/.local/lib/python3.12/site-packages/airflow/example_dags/example_dataset_alias.py for tasks to queue
[2025-10-10T09:02:37.105+0000] {logging_mixin.py:190} INFO - [2025-10-10T09:02:37.104+0000] {dagbag.py:587} INFO - Filling up the DagBag from /home/airflow/.local/lib/python3.12/site-packages/airflow/example_dags/example_dataset_alias.py
[2025-10-10T09:02:37.534+0000] {processor.py:925} INFO - DAG(s) 'dataset_s3_bucket_consumer', 'dataset_s3_bucket_producer', 'dataset_alias_example_alias_producer', 'dataset_alias_example_alias_consumer' retrieved from /home/airflow/.local/lib/python3.12/site-packages/airflow/example_dags/example_dataset_alias.py
[2025-10-10T09:02:37.598+0000] {logging_mixin.py:190} INFO - [2025-10-10T09:02:37.597+0000] {dag.py:3211} INFO - Sync 4 DAGs
[2025-10-10T09:02:37.703+0000] {logging_mixin.py:190} INFO - [2025-10-10T09:02:37.702+0000] {dag.py:4138} INFO - Setting next_dagrun for dataset_alias_example_alias_consumer to None, run_after=None
[2025-10-10T09:02:37.711+0000] {logging_mixin.py:190} INFO - [2025-10-10T09:02:37.710+0000] {dag.py:4138} INFO - Setting next_dagrun for dataset_alias_example_alias_producer to None, run_after=None
[2025-10-10T09:02:37.717+0000] {logging_mixin.py:190} INFO - [2025-10-10T09:02:37.716+0000] {dag.py:4138} INFO - Setting next_dagrun for dataset_s3_bucket_consumer to None, run_after=None
[2025-10-10T09:02:37.722+0000] {logging_mixin.py:190} INFO - [2025-10-10T09:02:37.722+0000] {dag.py:4138} INFO - Setting next_dagrun for dataset_s3_bucket_producer to None, run_after=None
[2025-10-10T09:02:37.793+0000] {processor.py:208} INFO - Processing /home/airflow/.local/lib/python3.12/site-packages/airflow/example_dags/example_dataset_alias.py took 0.718 seconds
[2025-10-10T09:03:08.265+0000] {processor.py:186} INFO - Started process (PID=298) to work on /home/airflow/.local/lib/python3.12/site-packages/airflow/example_dags/example_dataset_alias.py
[2025-10-10T09:03:08.268+0000] {processor.py:914} INFO - Processing file /home/airflow/.local/lib/python3.12/site-packages/airflow/example_dags/example_dataset_alias.py for tasks to queue
[2025-10-10T09:03:08.276+0000] {logging_mixin.py:190} INFO - [2025-10-10T09:03:08.275+0000] {dagbag.py:587} INFO - Filling up the DagBag from /home/airflow/.local/lib/python3.12/site-packages/airflow/example_dags/example_dataset_alias.py
[2025-10-10T09:03:08.924+0000] {processor.py:925} INFO - DAG(s) 'dataset_s3_bucket_producer', 'dataset_alias_example_alias_producer', 'dataset_alias_example_alias_consumer', 'dataset_s3_bucket_consumer' retrieved from /home/airflow/.local/lib/python3.12/site-packages/airflow/example_dags/example_dataset_alias.py
[2025-10-10T09:03:09.035+0000] {logging_mixin.py:190} INFO - [2025-10-10T09:03:09.034+0000] {dag.py:3211} INFO - Sync 4 DAGs
[2025-10-10T09:03:09.153+0000] {logging_mixin.py:190} INFO - [2025-10-10T09:03:09.152+0000] {dag.py:4138} INFO - Setting next_dagrun for dataset_alias_example_alias_consumer to None, run_after=None
[2025-10-10T09:03:09.162+0000] {logging_mixin.py:190} INFO - [2025-10-10T09:03:09.161+0000] {dag.py:4138} INFO - Setting next_dagrun for dataset_alias_example_alias_producer to None, run_after=None
[2025-10-10T09:03:09.166+0000] {logging_mixin.py:190} INFO - [2025-10-10T09:03:09.166+0000] {dag.py:4138} INFO - Setting next_dagrun for dataset_s3_bucket_consumer to None, run_after=None
[2025-10-10T09:03:09.171+0000] {logging_mixin.py:190} INFO - [2025-10-10T09:03:09.171+0000] {dag.py:4138} INFO - Setting next_dagrun for dataset_s3_bucket_producer to None, run_after=None
[2025-10-10T09:03:09.258+0000] {processor.py:208} INFO - Processing /home/airflow/.local/lib/python3.12/site-packages/airflow/example_dags/example_dataset_alias.py took 1.010 seconds
[2025-10-10T09:03:40.182+0000] {processor.py:186} INFO - Started process (PID=362) to work on /home/airflow/.local/lib/python3.12/site-packages/airflow/example_dags/example_dataset_alias.py
[2025-10-10T09:03:40.188+0000] {processor.py:914} INFO - Processing file /home/airflow/.local/lib/python3.12/site-packages/airflow/example_dags/example_dataset_alias.py for tasks to queue
[2025-10-10T09:03:40.199+0000] {logging_mixin.py:190} INFO - [2025-10-10T09:03:40.197+0000] {dagbag.py:587} INFO - Filling up the DagBag from /home/airflow/.local/lib/python3.12/site-packages/airflow/example_dags/example_dataset_alias.py
[2025-10-10T09:03:40.910+0000] {processor.py:925} INFO - DAG(s) 'dataset_alias_example_alias_consumer', 'dataset_s3_bucket_consumer', 'dataset_alias_example_alias_producer', 'dataset_s3_bucket_producer' retrieved from /home/airflow/.local/lib/python3.12/site-packages/airflow/example_dags/example_dataset_alias.py
[2025-10-10T09:03:40.999+0000] {logging_mixin.py:190} INFO - [2025-10-10T09:03:40.998+0000] {dag.py:3211} INFO - Sync 4 DAGs
[2025-10-10T09:03:41.156+0000] {logging_mixin.py:190} INFO - [2025-10-10T09:03:41.155+0000] {dag.py:4138} INFO - Setting next_dagrun for dataset_alias_example_alias_consumer to None, run_after=None
[2025-10-10T09:03:41.167+0000] {logging_mixin.py:190} INFO - [2025-10-10T09:03:41.166+0000] {dag.py:4138} INFO - Setting next_dagrun for dataset_alias_example_alias_producer to None, run_after=None
[2025-10-10T09:03:41.177+0000] {logging_mixin.py:190} INFO - [2025-10-10T09:03:41.177+0000] {dag.py:4138} INFO - Setting next_dagrun for dataset_s3_bucket_consumer to None, run_after=None
[2025-10-10T09:03:41.183+0000] {logging_mixin.py:190} INFO - [2025-10-10T09:03:41.182+0000] {dag.py:4138} INFO - Setting next_dagrun for dataset_s3_bucket_producer to None, run_after=None
[2025-10-10T09:03:41.300+0000] {processor.py:208} INFO - Processing /home/airflow/.local/lib/python3.12/site-packages/airflow/example_dags/example_dataset_alias.py took 1.144 seconds
[2025-10-10T09:04:11.888+0000] {processor.py:186} INFO - Started process (PID=425) to work on /home/airflow/.local/lib/python3.12/site-packages/airflow/example_dags/example_dataset_alias.py
[2025-10-10T09:04:11.890+0000] {processor.py:914} INFO - Processing file /home/airflow/.local/lib/python3.12/site-packages/airflow/example_dags/example_dataset_alias.py for tasks to queue
[2025-10-10T09:04:11.894+0000] {logging_mixin.py:190} INFO - [2025-10-10T09:04:11.894+0000] {dagbag.py:587} INFO - Filling up the DagBag from /home/airflow/.local/lib/python3.12/site-packages/airflow/example_dags/example_dataset_alias.py
[2025-10-10T09:04:12.332+0000] {processor.py:925} INFO - DAG(s) 'dataset_s3_bucket_consumer', 'dataset_alias_example_alias_consumer', 'dataset_s3_bucket_producer', 'dataset_alias_example_alias_producer' retrieved from /home/airflow/.local/lib/python3.12/site-packages/airflow/example_dags/example_dataset_alias.py
[2025-10-10T09:04:12.380+0000] {logging_mixin.py:190} INFO - [2025-10-10T09:04:12.380+0000] {dag.py:3211} INFO - Sync 4 DAGs
[2025-10-10T09:04:12.497+0000] {logging_mixin.py:190} INFO - [2025-10-10T09:04:12.496+0000] {dag.py:4138} INFO - Setting next_dagrun for dataset_alias_example_alias_consumer to None, run_after=None
[2025-10-10T09:04:12.507+0000] {logging_mixin.py:190} INFO - [2025-10-10T09:04:12.506+0000] {dag.py:4138} INFO - Setting next_dagrun for dataset_alias_example_alias_producer to None, run_after=None
[2025-10-10T09:04:12.511+0000] {logging_mixin.py:190} INFO - [2025-10-10T09:04:12.511+0000] {dag.py:4138} INFO - Setting next_dagrun for dataset_s3_bucket_consumer to None, run_after=None
[2025-10-10T09:04:12.520+0000] {logging_mixin.py:190} INFO - [2025-10-10T09:04:12.519+0000] {dag.py:4138} INFO - Setting next_dagrun for dataset_s3_bucket_producer to None, run_after=None
[2025-10-10T09:04:12.596+0000] {processor.py:208} INFO - Processing /home/airflow/.local/lib/python3.12/site-packages/airflow/example_dags/example_dataset_alias.py took 0.728 seconds
[2025-10-10T09:04:43.278+0000] {processor.py:186} INFO - Started process (PID=489) to work on /home/airflow/.local/lib/python3.12/site-packages/airflow/example_dags/example_dataset_alias.py
[2025-10-10T09:04:43.281+0000] {processor.py:914} INFO - Processing file /home/airflow/.local/lib/python3.12/site-packages/airflow/example_dags/example_dataset_alias.py for tasks to queue
[2025-10-10T09:04:43.288+0000] {logging_mixin.py:190} INFO - [2025-10-10T09:04:43.287+0000] {dagbag.py:587} INFO - Filling up the DagBag from /home/airflow/.local/lib/python3.12/site-packages/airflow/example_dags/example_dataset_alias.py
[2025-10-10T09:04:44.038+0000] {processor.py:925} INFO - DAG(s) 'dataset_alias_example_alias_producer', 'dataset_alias_example_alias_consumer', 'dataset_s3_bucket_consumer', 'dataset_s3_bucket_producer' retrieved from /home/airflow/.local/lib/python3.12/site-packages/airflow/example_dags/example_dataset_alias.py
[2025-10-10T09:04:44.103+0000] {logging_mixin.py:190} INFO - [2025-10-10T09:04:44.102+0000] {dag.py:3211} INFO - Sync 4 DAGs
[2025-10-10T09:04:44.175+0000] {logging_mixin.py:190} INFO - [2025-10-10T09:04:44.173+0000] {dag.py:4138} INFO - Setting next_dagrun for dataset_alias_example_alias_consumer to None, run_after=None
[2025-10-10T09:04:44.185+0000] {logging_mixin.py:190} INFO - [2025-10-10T09:04:44.184+0000] {dag.py:4138} INFO - Setting next_dagrun for dataset_alias_example_alias_producer to None, run_after=None
[2025-10-10T09:04:44.190+0000] {logging_mixin.py:190} INFO - [2025-10-10T09:04:44.189+0000] {dag.py:4138} INFO - Setting next_dagrun for dataset_s3_bucket_consumer to None, run_after=None
[2025-10-10T09:04:44.196+0000] {logging_mixin.py:190} INFO - [2025-10-10T09:04:44.195+0000] {dag.py:4138} INFO - Setting next_dagrun for dataset_s3_bucket_producer to None, run_after=None
[2025-10-10T09:04:44.265+0000] {processor.py:208} INFO - Processing /home/airflow/.local/lib/python3.12/site-packages/airflow/example_dags/example_dataset_alias.py took 1.010 seconds
[2025-10-10T09:05:14.533+0000] {processor.py:186} INFO - Started process (PID=560) to work on /home/airflow/.local/lib/python3.12/site-packages/airflow/example_dags/example_dataset_alias.py
[2025-10-10T09:05:14.539+0000] {processor.py:914} INFO - Processing file /home/airflow/.local/lib/python3.12/site-packages/airflow/example_dags/example_dataset_alias.py for tasks to queue
[2025-10-10T09:05:14.553+0000] {logging_mixin.py:190} INFO - [2025-10-10T09:05:14.551+0000] {dagbag.py:587} INFO - Filling up the DagBag from /home/airflow/.local/lib/python3.12/site-packages/airflow/example_dags/example_dataset_alias.py
[2025-10-10T09:05:15.030+0000] {processor.py:925} INFO - DAG(s) 'dataset_s3_bucket_producer', 'dataset_alias_example_alias_producer', 'dataset_s3_bucket_consumer', 'dataset_alias_example_alias_consumer' retrieved from /home/airflow/.local/lib/python3.12/site-packages/airflow/example_dags/example_dataset_alias.py
[2025-10-10T09:05:15.086+0000] {logging_mixin.py:190} INFO - [2025-10-10T09:05:15.085+0000] {dag.py:3211} INFO - Sync 4 DAGs
[2025-10-10T09:05:15.144+0000] {logging_mixin.py:190} INFO - [2025-10-10T09:05:15.143+0000] {dag.py:4138} INFO - Setting next_dagrun for dataset_alias_example_alias_consumer to None, run_after=None
[2025-10-10T09:05:15.150+0000] {logging_mixin.py:190} INFO - [2025-10-10T09:05:15.150+0000] {dag.py:4138} INFO - Setting next_dagrun for dataset_alias_example_alias_producer to None, run_after=None
[2025-10-10T09:05:15.155+0000] {logging_mixin.py:190} INFO - [2025-10-10T09:05:15.154+0000] {dag.py:4138} INFO - Setting next_dagrun for dataset_s3_bucket_consumer to None, run_after=None
[2025-10-10T09:05:15.159+0000] {logging_mixin.py:190} INFO - [2025-10-10T09:05:15.158+0000] {dag.py:4138} INFO - Setting next_dagrun for dataset_s3_bucket_producer to None, run_after=None
[2025-10-10T09:05:15.218+0000] {processor.py:208} INFO - Processing /home/airflow/.local/lib/python3.12/site-packages/airflow/example_dags/example_dataset_alias.py took 0.720 seconds
