[2025-10-10T08:37:59.254+0000] {processor.py:186} INFO - Started process (PID=110) to work on /home/airflow/.local/lib/python3.12/site-packages/airflow/example_dags/example_latest_only.py
[2025-10-10T08:37:59.256+0000] {processor.py:914} INFO - Processing file /home/airflow/.local/lib/python3.12/site-packages/airflow/example_dags/example_latest_only.py for tasks to queue
[2025-10-10T08:37:59.263+0000] {logging_mixin.py:190} INFO - [2025-10-10T08:37:59.262+0000] {dagbag.py:587} INFO - Filling up the DagBag from /home/airflow/.local/lib/python3.12/site-packages/airflow/example_dags/example_latest_only.py
[2025-10-10T08:37:59.280+0000] {processor.py:925} INFO - DAG(s) 'latest_only' retrieved from /home/airflow/.local/lib/python3.12/site-packages/airflow/example_dags/example_latest_only.py
[2025-10-10T08:37:59.338+0000] {logging_mixin.py:190} INFO - [2025-10-10T08:37:59.337+0000] {dag.py:3211} INFO - Sync 1 DAGs
[2025-10-10T08:37:59.398+0000] {logging_mixin.py:190} INFO - [2025-10-10T08:37:59.397+0000] {dag.py:4138} INFO - Setting next_dagrun for latest_only to 2025-10-10 04:00:00+00:00, run_after=2025-10-10 08:00:00+00:00
[2025-10-10T08:37:59.438+0000] {processor.py:208} INFO - Processing /home/airflow/.local/lib/python3.12/site-packages/airflow/example_dags/example_latest_only.py took 0.202 seconds
[2025-10-10T08:38:30.142+0000] {processor.py:186} INFO - Started process (PID=173) to work on /home/airflow/.local/lib/python3.12/site-packages/airflow/example_dags/example_latest_only.py
[2025-10-10T08:38:30.145+0000] {processor.py:914} INFO - Processing file /home/airflow/.local/lib/python3.12/site-packages/airflow/example_dags/example_latest_only.py for tasks to queue
[2025-10-10T08:38:30.151+0000] {logging_mixin.py:190} INFO - [2025-10-10T08:38:30.150+0000] {dagbag.py:587} INFO - Filling up the DagBag from /home/airflow/.local/lib/python3.12/site-packages/airflow/example_dags/example_latest_only.py
[2025-10-10T08:38:30.168+0000] {processor.py:925} INFO - DAG(s) 'latest_only' retrieved from /home/airflow/.local/lib/python3.12/site-packages/airflow/example_dags/example_latest_only.py
[2025-10-10T08:38:30.332+0000] {logging_mixin.py:190} INFO - [2025-10-10T08:38:30.331+0000] {dag.py:3211} INFO - Sync 1 DAGs
[2025-10-10T08:38:30.542+0000] {logging_mixin.py:190} INFO - [2025-10-10T08:38:30.541+0000] {dag.py:4138} INFO - Setting next_dagrun for latest_only to 2025-10-10 04:00:00+00:00, run_after=2025-10-10 08:00:00+00:00
[2025-10-10T08:38:30.646+0000] {processor.py:208} INFO - Processing /home/airflow/.local/lib/python3.12/site-packages/airflow/example_dags/example_latest_only.py took 0.523 seconds
[2025-10-10T08:39:02.031+0000] {processor.py:186} INFO - Started process (PID=236) to work on /home/airflow/.local/lib/python3.12/site-packages/airflow/example_dags/example_latest_only.py
[2025-10-10T08:39:02.036+0000] {processor.py:914} INFO - Processing file /home/airflow/.local/lib/python3.12/site-packages/airflow/example_dags/example_latest_only.py for tasks to queue
[2025-10-10T08:39:02.043+0000] {logging_mixin.py:190} INFO - [2025-10-10T08:39:02.042+0000] {dagbag.py:587} INFO - Filling up the DagBag from /home/airflow/.local/lib/python3.12/site-packages/airflow/example_dags/example_latest_only.py
[2025-10-10T08:39:02.060+0000] {processor.py:925} INFO - DAG(s) 'latest_only' retrieved from /home/airflow/.local/lib/python3.12/site-packages/airflow/example_dags/example_latest_only.py
[2025-10-10T08:39:02.117+0000] {logging_mixin.py:190} INFO - [2025-10-10T08:39:02.116+0000] {dag.py:3211} INFO - Sync 1 DAGs
[2025-10-10T08:39:02.207+0000] {logging_mixin.py:190} INFO - [2025-10-10T08:39:02.207+0000] {dag.py:4138} INFO - Setting next_dagrun for latest_only to 2025-10-10 04:00:00+00:00, run_after=2025-10-10 08:00:00+00:00
[2025-10-10T08:39:02.269+0000] {processor.py:208} INFO - Processing /home/airflow/.local/lib/python3.12/site-packages/airflow/example_dags/example_latest_only.py took 0.259 seconds
[2025-10-10T08:39:32.623+0000] {processor.py:186} INFO - Started process (PID=299) to work on /home/airflow/.local/lib/python3.12/site-packages/airflow/example_dags/example_latest_only.py
[2025-10-10T08:39:32.626+0000] {processor.py:914} INFO - Processing file /home/airflow/.local/lib/python3.12/site-packages/airflow/example_dags/example_latest_only.py for tasks to queue
[2025-10-10T08:39:32.633+0000] {logging_mixin.py:190} INFO - [2025-10-10T08:39:32.633+0000] {dagbag.py:587} INFO - Filling up the DagBag from /home/airflow/.local/lib/python3.12/site-packages/airflow/example_dags/example_latest_only.py
[2025-10-10T08:39:32.651+0000] {processor.py:925} INFO - DAG(s) 'latest_only' retrieved from /home/airflow/.local/lib/python3.12/site-packages/airflow/example_dags/example_latest_only.py
[2025-10-10T08:39:32.707+0000] {logging_mixin.py:190} INFO - [2025-10-10T08:39:32.707+0000] {dag.py:3211} INFO - Sync 1 DAGs
[2025-10-10T08:39:32.767+0000] {logging_mixin.py:190} INFO - [2025-10-10T08:39:32.766+0000] {dag.py:4138} INFO - Setting next_dagrun for latest_only to 2025-10-10 04:00:00+00:00, run_after=2025-10-10 08:00:00+00:00
[2025-10-10T08:39:32.810+0000] {processor.py:208} INFO - Processing /home/airflow/.local/lib/python3.12/site-packages/airflow/example_dags/example_latest_only.py took 0.202 seconds
[2025-10-10T08:40:05.556+0000] {processor.py:186} INFO - Started process (PID=362) to work on /home/airflow/.local/lib/python3.12/site-packages/airflow/example_dags/example_latest_only.py
[2025-10-10T08:40:05.559+0000] {processor.py:914} INFO - Processing file /home/airflow/.local/lib/python3.12/site-packages/airflow/example_dags/example_latest_only.py for tasks to queue
[2025-10-10T08:40:05.567+0000] {logging_mixin.py:190} INFO - [2025-10-10T08:40:05.566+0000] {dagbag.py:587} INFO - Filling up the DagBag from /home/airflow/.local/lib/python3.12/site-packages/airflow/example_dags/example_latest_only.py
[2025-10-10T08:40:05.590+0000] {processor.py:925} INFO - DAG(s) 'latest_only' retrieved from /home/airflow/.local/lib/python3.12/site-packages/airflow/example_dags/example_latest_only.py
[2025-10-10T08:40:05.672+0000] {logging_mixin.py:190} INFO - [2025-10-10T08:40:05.671+0000] {dag.py:3211} INFO - Sync 1 DAGs
[2025-10-10T08:40:05.741+0000] {logging_mixin.py:190} INFO - [2025-10-10T08:40:05.740+0000] {dag.py:4138} INFO - Setting next_dagrun for latest_only to 2025-10-10 04:00:00+00:00, run_after=2025-10-10 08:00:00+00:00
[2025-10-10T08:40:05.783+0000] {processor.py:208} INFO - Processing /home/airflow/.local/lib/python3.12/site-packages/airflow/example_dags/example_latest_only.py took 0.246 seconds
[2025-10-10T08:40:36.650+0000] {processor.py:186} INFO - Started process (PID=425) to work on /home/airflow/.local/lib/python3.12/site-packages/airflow/example_dags/example_latest_only.py
[2025-10-10T08:40:36.657+0000] {processor.py:914} INFO - Processing file /home/airflow/.local/lib/python3.12/site-packages/airflow/example_dags/example_latest_only.py for tasks to queue
[2025-10-10T08:40:36.673+0000] {logging_mixin.py:190} INFO - [2025-10-10T08:40:36.671+0000] {dagbag.py:587} INFO - Filling up the DagBag from /home/airflow/.local/lib/python3.12/site-packages/airflow/example_dags/example_latest_only.py
[2025-10-10T08:40:36.722+0000] {processor.py:925} INFO - DAG(s) 'latest_only' retrieved from /home/airflow/.local/lib/python3.12/site-packages/airflow/example_dags/example_latest_only.py
[2025-10-10T08:40:36.879+0000] {logging_mixin.py:190} INFO - [2025-10-10T08:40:36.877+0000] {dag.py:3211} INFO - Sync 1 DAGs
[2025-10-10T08:40:36.961+0000] {logging_mixin.py:190} INFO - [2025-10-10T08:40:36.960+0000] {dag.py:4138} INFO - Setting next_dagrun for latest_only to 2025-10-10 04:00:00+00:00, run_after=2025-10-10 08:00:00+00:00
[2025-10-10T08:40:37.009+0000] {processor.py:208} INFO - Processing /home/airflow/.local/lib/python3.12/site-packages/airflow/example_dags/example_latest_only.py took 0.396 seconds
[2025-10-10T08:41:08.500+0000] {processor.py:186} INFO - Started process (PID=488) to work on /home/airflow/.local/lib/python3.12/site-packages/airflow/example_dags/example_latest_only.py
[2025-10-10T08:41:08.502+0000] {processor.py:914} INFO - Processing file /home/airflow/.local/lib/python3.12/site-packages/airflow/example_dags/example_latest_only.py for tasks to queue
[2025-10-10T08:41:08.508+0000] {logging_mixin.py:190} INFO - [2025-10-10T08:41:08.507+0000] {dagbag.py:587} INFO - Filling up the DagBag from /home/airflow/.local/lib/python3.12/site-packages/airflow/example_dags/example_latest_only.py
[2025-10-10T08:41:08.532+0000] {processor.py:925} INFO - DAG(s) 'latest_only' retrieved from /home/airflow/.local/lib/python3.12/site-packages/airflow/example_dags/example_latest_only.py
[2025-10-10T08:41:08.584+0000] {logging_mixin.py:190} INFO - [2025-10-10T08:41:08.584+0000] {dag.py:3211} INFO - Sync 1 DAGs
[2025-10-10T08:41:08.645+0000] {logging_mixin.py:190} INFO - [2025-10-10T08:41:08.645+0000] {dag.py:4138} INFO - Setting next_dagrun for latest_only to 2025-10-10 04:00:00+00:00, run_after=2025-10-10 08:00:00+00:00
[2025-10-10T08:41:08.682+0000] {processor.py:208} INFO - Processing /home/airflow/.local/lib/python3.12/site-packages/airflow/example_dags/example_latest_only.py took 0.203 seconds
[2025-10-10T08:41:39.679+0000] {processor.py:186} INFO - Started process (PID=557) to work on /home/airflow/.local/lib/python3.12/site-packages/airflow/example_dags/example_latest_only.py
[2025-10-10T08:41:39.686+0000] {processor.py:914} INFO - Processing file /home/airflow/.local/lib/python3.12/site-packages/airflow/example_dags/example_latest_only.py for tasks to queue
[2025-10-10T08:41:39.694+0000] {logging_mixin.py:190} INFO - [2025-10-10T08:41:39.693+0000] {dagbag.py:587} INFO - Filling up the DagBag from /home/airflow/.local/lib/python3.12/site-packages/airflow/example_dags/example_latest_only.py
[2025-10-10T08:41:39.716+0000] {processor.py:925} INFO - DAG(s) 'latest_only' retrieved from /home/airflow/.local/lib/python3.12/site-packages/airflow/example_dags/example_latest_only.py
[2025-10-10T08:41:39.776+0000] {logging_mixin.py:190} INFO - [2025-10-10T08:41:39.775+0000] {dag.py:3211} INFO - Sync 1 DAGs
[2025-10-10T08:41:39.851+0000] {logging_mixin.py:190} INFO - [2025-10-10T08:41:39.851+0000] {dag.py:4138} INFO - Setting next_dagrun for latest_only to 2025-10-10 04:00:00+00:00, run_after=2025-10-10 08:00:00+00:00
[2025-10-10T08:41:39.906+0000] {processor.py:208} INFO - Processing /home/airflow/.local/lib/python3.12/site-packages/airflow/example_dags/example_latest_only.py took 0.247 seconds
[2025-10-10T08:42:11.405+0000] {processor.py:186} INFO - Started process (PID=620) to work on /home/airflow/.local/lib/python3.12/site-packages/airflow/example_dags/example_latest_only.py
[2025-10-10T08:42:11.408+0000] {processor.py:914} INFO - Processing file /home/airflow/.local/lib/python3.12/site-packages/airflow/example_dags/example_latest_only.py for tasks to queue
[2025-10-10T08:42:11.418+0000] {logging_mixin.py:190} INFO - [2025-10-10T08:42:11.417+0000] {dagbag.py:587} INFO - Filling up the DagBag from /home/airflow/.local/lib/python3.12/site-packages/airflow/example_dags/example_latest_only.py
[2025-10-10T08:42:11.458+0000] {processor.py:925} INFO - DAG(s) 'latest_only' retrieved from /home/airflow/.local/lib/python3.12/site-packages/airflow/example_dags/example_latest_only.py
[2025-10-10T08:42:11.537+0000] {logging_mixin.py:190} INFO - [2025-10-10T08:42:11.537+0000] {dag.py:3211} INFO - Sync 1 DAGs
[2025-10-10T08:42:11.623+0000] {logging_mixin.py:190} INFO - [2025-10-10T08:42:11.622+0000] {dag.py:4138} INFO - Setting next_dagrun for latest_only to 2025-10-10 04:00:00+00:00, run_after=2025-10-10 08:00:00+00:00
[2025-10-10T08:42:11.680+0000] {processor.py:208} INFO - Processing /home/airflow/.local/lib/python3.12/site-packages/airflow/example_dags/example_latest_only.py took 0.302 seconds
[2025-10-10T08:42:42.001+0000] {processor.py:186} INFO - Started process (PID=683) to work on /home/airflow/.local/lib/python3.12/site-packages/airflow/example_dags/example_latest_only.py
[2025-10-10T08:42:42.007+0000] {processor.py:914} INFO - Processing file /home/airflow/.local/lib/python3.12/site-packages/airflow/example_dags/example_latest_only.py for tasks to queue
[2025-10-10T08:42:42.020+0000] {logging_mixin.py:190} INFO - [2025-10-10T08:42:42.018+0000] {dagbag.py:587} INFO - Filling up the DagBag from /home/airflow/.local/lib/python3.12/site-packages/airflow/example_dags/example_latest_only.py
[2025-10-10T08:42:42.065+0000] {processor.py:925} INFO - DAG(s) 'latest_only' retrieved from /home/airflow/.local/lib/python3.12/site-packages/airflow/example_dags/example_latest_only.py
[2025-10-10T08:42:42.115+0000] {logging_mixin.py:190} INFO - [2025-10-10T08:42:42.114+0000] {dag.py:3211} INFO - Sync 1 DAGs
[2025-10-10T08:42:42.156+0000] {logging_mixin.py:190} INFO - [2025-10-10T08:42:42.156+0000] {dag.py:4138} INFO - Setting next_dagrun for latest_only to 2025-10-10 04:00:00+00:00, run_after=2025-10-10 08:00:00+00:00
[2025-10-10T08:42:42.195+0000] {processor.py:208} INFO - Processing /home/airflow/.local/lib/python3.12/site-packages/airflow/example_dags/example_latest_only.py took 0.234 seconds
[2025-10-10T08:43:12.354+0000] {processor.py:186} INFO - Started process (PID=746) to work on /home/airflow/.local/lib/python3.12/site-packages/airflow/example_dags/example_latest_only.py
[2025-10-10T08:43:12.358+0000] {processor.py:914} INFO - Processing file /home/airflow/.local/lib/python3.12/site-packages/airflow/example_dags/example_latest_only.py for tasks to queue
[2025-10-10T08:43:12.367+0000] {logging_mixin.py:190} INFO - [2025-10-10T08:43:12.366+0000] {dagbag.py:587} INFO - Filling up the DagBag from /home/airflow/.local/lib/python3.12/site-packages/airflow/example_dags/example_latest_only.py
[2025-10-10T08:43:12.388+0000] {processor.py:925} INFO - DAG(s) 'latest_only' retrieved from /home/airflow/.local/lib/python3.12/site-packages/airflow/example_dags/example_latest_only.py
[2025-10-10T08:43:12.437+0000] {logging_mixin.py:190} INFO - [2025-10-10T08:43:12.436+0000] {dag.py:3211} INFO - Sync 1 DAGs
[2025-10-10T08:43:12.503+0000] {logging_mixin.py:190} INFO - [2025-10-10T08:43:12.502+0000] {dag.py:4138} INFO - Setting next_dagrun for latest_only to 2025-10-10 04:00:00+00:00, run_after=2025-10-10 08:00:00+00:00
[2025-10-10T08:43:12.547+0000] {processor.py:208} INFO - Processing /home/airflow/.local/lib/python3.12/site-packages/airflow/example_dags/example_latest_only.py took 0.217 seconds
[2025-10-10T08:43:43.843+0000] {processor.py:186} INFO - Started process (PID=809) to work on /home/airflow/.local/lib/python3.12/site-packages/airflow/example_dags/example_latest_only.py
[2025-10-10T08:43:43.847+0000] {processor.py:914} INFO - Processing file /home/airflow/.local/lib/python3.12/site-packages/airflow/example_dags/example_latest_only.py for tasks to queue
[2025-10-10T08:43:43.854+0000] {logging_mixin.py:190} INFO - [2025-10-10T08:43:43.853+0000] {dagbag.py:587} INFO - Filling up the DagBag from /home/airflow/.local/lib/python3.12/site-packages/airflow/example_dags/example_latest_only.py
[2025-10-10T08:43:43.875+0000] {processor.py:925} INFO - DAG(s) 'latest_only' retrieved from /home/airflow/.local/lib/python3.12/site-packages/airflow/example_dags/example_latest_only.py
[2025-10-10T08:43:43.934+0000] {logging_mixin.py:190} INFO - [2025-10-10T08:43:43.933+0000] {dag.py:3211} INFO - Sync 1 DAGs
[2025-10-10T08:43:44.003+0000] {logging_mixin.py:190} INFO - [2025-10-10T08:43:44.003+0000] {dag.py:4138} INFO - Setting next_dagrun for latest_only to 2025-10-10 04:00:00+00:00, run_after=2025-10-10 08:00:00+00:00
[2025-10-10T08:43:44.061+0000] {processor.py:208} INFO - Processing /home/airflow/.local/lib/python3.12/site-packages/airflow/example_dags/example_latest_only.py took 0.245 seconds
[2025-10-10T08:44:14.778+0000] {processor.py:186} INFO - Started process (PID=871) to work on /home/airflow/.local/lib/python3.12/site-packages/airflow/example_dags/example_latest_only.py
[2025-10-10T08:44:14.781+0000] {processor.py:914} INFO - Processing file /home/airflow/.local/lib/python3.12/site-packages/airflow/example_dags/example_latest_only.py for tasks to queue
[2025-10-10T08:44:14.789+0000] {logging_mixin.py:190} INFO - [2025-10-10T08:44:14.788+0000] {dagbag.py:587} INFO - Filling up the DagBag from /home/airflow/.local/lib/python3.12/site-packages/airflow/example_dags/example_latest_only.py
[2025-10-10T08:44:14.807+0000] {processor.py:925} INFO - DAG(s) 'latest_only' retrieved from /home/airflow/.local/lib/python3.12/site-packages/airflow/example_dags/example_latest_only.py
[2025-10-10T08:44:14.853+0000] {logging_mixin.py:190} INFO - [2025-10-10T08:44:14.853+0000] {dag.py:3211} INFO - Sync 1 DAGs
[2025-10-10T08:44:14.922+0000] {logging_mixin.py:190} INFO - [2025-10-10T08:44:14.921+0000] {dag.py:4138} INFO - Setting next_dagrun for latest_only to 2025-10-10 04:00:00+00:00, run_after=2025-10-10 08:00:00+00:00
[2025-10-10T08:44:14.989+0000] {processor.py:208} INFO - Processing /home/airflow/.local/lib/python3.12/site-packages/airflow/example_dags/example_latest_only.py took 0.229 seconds
[2025-10-10T08:44:46.742+0000] {processor.py:186} INFO - Started process (PID=934) to work on /home/airflow/.local/lib/python3.12/site-packages/airflow/example_dags/example_latest_only.py
[2025-10-10T08:44:46.746+0000] {processor.py:914} INFO - Processing file /home/airflow/.local/lib/python3.12/site-packages/airflow/example_dags/example_latest_only.py for tasks to queue
[2025-10-10T08:44:46.757+0000] {logging_mixin.py:190} INFO - [2025-10-10T08:44:46.755+0000] {dagbag.py:587} INFO - Filling up the DagBag from /home/airflow/.local/lib/python3.12/site-packages/airflow/example_dags/example_latest_only.py
[2025-10-10T08:44:46.792+0000] {processor.py:925} INFO - DAG(s) 'latest_only' retrieved from /home/airflow/.local/lib/python3.12/site-packages/airflow/example_dags/example_latest_only.py
[2025-10-10T08:44:46.900+0000] {logging_mixin.py:190} INFO - [2025-10-10T08:44:46.899+0000] {dag.py:3211} INFO - Sync 1 DAGs
[2025-10-10T08:44:47.035+0000] {logging_mixin.py:190} INFO - [2025-10-10T08:44:47.035+0000] {dag.py:4138} INFO - Setting next_dagrun for latest_only to 2025-10-10 04:00:00+00:00, run_after=2025-10-10 08:00:00+00:00
[2025-10-10T08:44:47.107+0000] {processor.py:208} INFO - Processing /home/airflow/.local/lib/python3.12/site-packages/airflow/example_dags/example_latest_only.py took 0.387 seconds
[2025-10-10T08:45:17.986+0000] {processor.py:186} INFO - Started process (PID=997) to work on /home/airflow/.local/lib/python3.12/site-packages/airflow/example_dags/example_latest_only.py
[2025-10-10T08:45:17.989+0000] {processor.py:914} INFO - Processing file /home/airflow/.local/lib/python3.12/site-packages/airflow/example_dags/example_latest_only.py for tasks to queue
[2025-10-10T08:45:17.996+0000] {logging_mixin.py:190} INFO - [2025-10-10T08:45:17.995+0000] {dagbag.py:587} INFO - Filling up the DagBag from /home/airflow/.local/lib/python3.12/site-packages/airflow/example_dags/example_latest_only.py
[2025-10-10T08:45:18.016+0000] {processor.py:925} INFO - DAG(s) 'latest_only' retrieved from /home/airflow/.local/lib/python3.12/site-packages/airflow/example_dags/example_latest_only.py
[2025-10-10T08:45:18.069+0000] {logging_mixin.py:190} INFO - [2025-10-10T08:45:18.068+0000] {dag.py:3211} INFO - Sync 1 DAGs
[2025-10-10T08:45:18.127+0000] {logging_mixin.py:190} INFO - [2025-10-10T08:45:18.127+0000] {dag.py:4138} INFO - Setting next_dagrun for latest_only to 2025-10-10 04:00:00+00:00, run_after=2025-10-10 08:00:00+00:00
[2025-10-10T08:45:18.170+0000] {processor.py:208} INFO - Processing /home/airflow/.local/lib/python3.12/site-packages/airflow/example_dags/example_latest_only.py took 0.198 seconds
[2025-10-10T08:45:49.204+0000] {processor.py:186} INFO - Started process (PID=1060) to work on /home/airflow/.local/lib/python3.12/site-packages/airflow/example_dags/example_latest_only.py
[2025-10-10T08:45:49.206+0000] {processor.py:914} INFO - Processing file /home/airflow/.local/lib/python3.12/site-packages/airflow/example_dags/example_latest_only.py for tasks to queue
[2025-10-10T08:45:49.213+0000] {logging_mixin.py:190} INFO - [2025-10-10T08:45:49.212+0000] {dagbag.py:587} INFO - Filling up the DagBag from /home/airflow/.local/lib/python3.12/site-packages/airflow/example_dags/example_latest_only.py
[2025-10-10T08:45:49.239+0000] {processor.py:925} INFO - DAG(s) 'latest_only' retrieved from /home/airflow/.local/lib/python3.12/site-packages/airflow/example_dags/example_latest_only.py
[2025-10-10T08:45:49.300+0000] {logging_mixin.py:190} INFO - [2025-10-10T08:45:49.300+0000] {dag.py:3211} INFO - Sync 1 DAGs
[2025-10-10T08:45:49.380+0000] {logging_mixin.py:190} INFO - [2025-10-10T08:45:49.379+0000] {dag.py:4138} INFO - Setting next_dagrun for latest_only to 2025-10-10 04:00:00+00:00, run_after=2025-10-10 08:00:00+00:00
[2025-10-10T08:45:49.432+0000] {processor.py:208} INFO - Processing /home/airflow/.local/lib/python3.12/site-packages/airflow/example_dags/example_latest_only.py took 0.244 seconds
[2025-10-10T08:46:20.759+0000] {processor.py:186} INFO - Started process (PID=1123) to work on /home/airflow/.local/lib/python3.12/site-packages/airflow/example_dags/example_latest_only.py
[2025-10-10T08:46:20.772+0000] {processor.py:914} INFO - Processing file /home/airflow/.local/lib/python3.12/site-packages/airflow/example_dags/example_latest_only.py for tasks to queue
[2025-10-10T08:46:20.791+0000] {logging_mixin.py:190} INFO - [2025-10-10T08:46:20.789+0000] {dagbag.py:587} INFO - Filling up the DagBag from /home/airflow/.local/lib/python3.12/site-packages/airflow/example_dags/example_latest_only.py
[2025-10-10T08:46:20.855+0000] {processor.py:925} INFO - DAG(s) 'latest_only' retrieved from /home/airflow/.local/lib/python3.12/site-packages/airflow/example_dags/example_latest_only.py
[2025-10-10T08:46:21.023+0000] {logging_mixin.py:190} INFO - [2025-10-10T08:46:21.022+0000] {dag.py:3211} INFO - Sync 1 DAGs
[2025-10-10T08:46:21.169+0000] {logging_mixin.py:190} INFO - [2025-10-10T08:46:21.168+0000] {dag.py:4138} INFO - Setting next_dagrun for latest_only to 2025-10-10 04:00:00+00:00, run_after=2025-10-10 08:00:00+00:00
[2025-10-10T08:46:21.366+0000] {processor.py:208} INFO - Processing /home/airflow/.local/lib/python3.12/site-packages/airflow/example_dags/example_latest_only.py took 0.661 seconds
[2025-10-10T08:46:52.030+0000] {processor.py:186} INFO - Started process (PID=1186) to work on /home/airflow/.local/lib/python3.12/site-packages/airflow/example_dags/example_latest_only.py
[2025-10-10T08:46:52.035+0000] {processor.py:914} INFO - Processing file /home/airflow/.local/lib/python3.12/site-packages/airflow/example_dags/example_latest_only.py for tasks to queue
[2025-10-10T08:46:52.046+0000] {logging_mixin.py:190} INFO - [2025-10-10T08:46:52.045+0000] {dagbag.py:587} INFO - Filling up the DagBag from /home/airflow/.local/lib/python3.12/site-packages/airflow/example_dags/example_latest_only.py
[2025-10-10T08:46:52.068+0000] {processor.py:925} INFO - DAG(s) 'latest_only' retrieved from /home/airflow/.local/lib/python3.12/site-packages/airflow/example_dags/example_latest_only.py
[2025-10-10T08:46:52.149+0000] {logging_mixin.py:190} INFO - [2025-10-10T08:46:52.148+0000] {dag.py:3211} INFO - Sync 1 DAGs
[2025-10-10T08:46:52.235+0000] {logging_mixin.py:190} INFO - [2025-10-10T08:46:52.235+0000] {dag.py:4138} INFO - Setting next_dagrun for latest_only to 2025-10-10 04:00:00+00:00, run_after=2025-10-10 08:00:00+00:00
[2025-10-10T08:46:52.297+0000] {processor.py:208} INFO - Processing /home/airflow/.local/lib/python3.12/site-packages/airflow/example_dags/example_latest_only.py took 0.292 seconds
[2025-10-10T08:47:23.659+0000] {processor.py:186} INFO - Started process (PID=1249) to work on /home/airflow/.local/lib/python3.12/site-packages/airflow/example_dags/example_latest_only.py
[2025-10-10T08:47:23.662+0000] {processor.py:914} INFO - Processing file /home/airflow/.local/lib/python3.12/site-packages/airflow/example_dags/example_latest_only.py for tasks to queue
[2025-10-10T08:47:23.670+0000] {logging_mixin.py:190} INFO - [2025-10-10T08:47:23.669+0000] {dagbag.py:587} INFO - Filling up the DagBag from /home/airflow/.local/lib/python3.12/site-packages/airflow/example_dags/example_latest_only.py
[2025-10-10T08:47:23.698+0000] {processor.py:925} INFO - DAG(s) 'latest_only' retrieved from /home/airflow/.local/lib/python3.12/site-packages/airflow/example_dags/example_latest_only.py
[2025-10-10T08:47:23.756+0000] {logging_mixin.py:190} INFO - [2025-10-10T08:47:23.755+0000] {dag.py:3211} INFO - Sync 1 DAGs
[2025-10-10T08:47:23.840+0000] {logging_mixin.py:190} INFO - [2025-10-10T08:47:23.839+0000] {dag.py:4138} INFO - Setting next_dagrun for latest_only to 2025-10-10 04:00:00+00:00, run_after=2025-10-10 08:00:00+00:00
[2025-10-10T08:47:23.903+0000] {processor.py:208} INFO - Processing /home/airflow/.local/lib/python3.12/site-packages/airflow/example_dags/example_latest_only.py took 0.268 seconds
[2025-10-10T08:47:54.297+0000] {processor.py:186} INFO - Started process (PID=1312) to work on /home/airflow/.local/lib/python3.12/site-packages/airflow/example_dags/example_latest_only.py
[2025-10-10T08:47:54.300+0000] {processor.py:914} INFO - Processing file /home/airflow/.local/lib/python3.12/site-packages/airflow/example_dags/example_latest_only.py for tasks to queue
[2025-10-10T08:47:54.307+0000] {logging_mixin.py:190} INFO - [2025-10-10T08:47:54.306+0000] {dagbag.py:587} INFO - Filling up the DagBag from /home/airflow/.local/lib/python3.12/site-packages/airflow/example_dags/example_latest_only.py
[2025-10-10T08:47:54.324+0000] {processor.py:925} INFO - DAG(s) 'latest_only' retrieved from /home/airflow/.local/lib/python3.12/site-packages/airflow/example_dags/example_latest_only.py
[2025-10-10T08:47:54.382+0000] {logging_mixin.py:190} INFO - [2025-10-10T08:47:54.381+0000] {dag.py:3211} INFO - Sync 1 DAGs
[2025-10-10T08:47:54.445+0000] {logging_mixin.py:190} INFO - [2025-10-10T08:47:54.445+0000] {dag.py:4138} INFO - Setting next_dagrun for latest_only to 2025-10-10 04:00:00+00:00, run_after=2025-10-10 08:00:00+00:00
[2025-10-10T08:47:54.501+0000] {processor.py:208} INFO - Processing /home/airflow/.local/lib/python3.12/site-packages/airflow/example_dags/example_latest_only.py took 0.223 seconds
[2025-10-10T08:48:25.185+0000] {processor.py:186} INFO - Started process (PID=1375) to work on /home/airflow/.local/lib/python3.12/site-packages/airflow/example_dags/example_latest_only.py
[2025-10-10T08:48:25.188+0000] {processor.py:914} INFO - Processing file /home/airflow/.local/lib/python3.12/site-packages/airflow/example_dags/example_latest_only.py for tasks to queue
[2025-10-10T08:48:25.194+0000] {logging_mixin.py:190} INFO - [2025-10-10T08:48:25.193+0000] {dagbag.py:587} INFO - Filling up the DagBag from /home/airflow/.local/lib/python3.12/site-packages/airflow/example_dags/example_latest_only.py
[2025-10-10T08:48:25.210+0000] {processor.py:925} INFO - DAG(s) 'latest_only' retrieved from /home/airflow/.local/lib/python3.12/site-packages/airflow/example_dags/example_latest_only.py
[2025-10-10T08:48:25.255+0000] {logging_mixin.py:190} INFO - [2025-10-10T08:48:25.254+0000] {dag.py:3211} INFO - Sync 1 DAGs
[2025-10-10T08:48:25.307+0000] {logging_mixin.py:190} INFO - [2025-10-10T08:48:25.306+0000] {dag.py:4138} INFO - Setting next_dagrun for latest_only to 2025-10-10 04:00:00+00:00, run_after=2025-10-10 08:00:00+00:00
[2025-10-10T08:48:25.350+0000] {processor.py:208} INFO - Processing /home/airflow/.local/lib/python3.12/site-packages/airflow/example_dags/example_latest_only.py took 0.179 seconds
[2025-10-10T08:48:55.971+0000] {processor.py:186} INFO - Started process (PID=1438) to work on /home/airflow/.local/lib/python3.12/site-packages/airflow/example_dags/example_latest_only.py
[2025-10-10T08:48:55.974+0000] {processor.py:914} INFO - Processing file /home/airflow/.local/lib/python3.12/site-packages/airflow/example_dags/example_latest_only.py for tasks to queue
[2025-10-10T08:48:55.979+0000] {logging_mixin.py:190} INFO - [2025-10-10T08:48:55.978+0000] {dagbag.py:587} INFO - Filling up the DagBag from /home/airflow/.local/lib/python3.12/site-packages/airflow/example_dags/example_latest_only.py
[2025-10-10T08:48:55.996+0000] {processor.py:925} INFO - DAG(s) 'latest_only' retrieved from /home/airflow/.local/lib/python3.12/site-packages/airflow/example_dags/example_latest_only.py
[2025-10-10T08:48:56.046+0000] {logging_mixin.py:190} INFO - [2025-10-10T08:48:56.045+0000] {dag.py:3211} INFO - Sync 1 DAGs
[2025-10-10T08:48:56.102+0000] {logging_mixin.py:190} INFO - [2025-10-10T08:48:56.102+0000] {dag.py:4138} INFO - Setting next_dagrun for latest_only to 2025-10-10 04:00:00+00:00, run_after=2025-10-10 08:00:00+00:00
[2025-10-10T08:48:56.151+0000] {processor.py:208} INFO - Processing /home/airflow/.local/lib/python3.12/site-packages/airflow/example_dags/example_latest_only.py took 0.192 seconds
[2025-10-10T08:54:02.248+0000] {processor.py:186} INFO - Started process (PID=119) to work on /home/airflow/.local/lib/python3.12/site-packages/airflow/example_dags/example_latest_only.py
[2025-10-10T08:54:02.251+0000] {processor.py:914} INFO - Processing file /home/airflow/.local/lib/python3.12/site-packages/airflow/example_dags/example_latest_only.py for tasks to queue
[2025-10-10T08:54:02.256+0000] {logging_mixin.py:190} INFO - [2025-10-10T08:54:02.256+0000] {dagbag.py:587} INFO - Filling up the DagBag from /home/airflow/.local/lib/python3.12/site-packages/airflow/example_dags/example_latest_only.py
[2025-10-10T08:54:02.285+0000] {processor.py:925} INFO - DAG(s) 'latest_only' retrieved from /home/airflow/.local/lib/python3.12/site-packages/airflow/example_dags/example_latest_only.py
[2025-10-10T08:54:02.340+0000] {logging_mixin.py:190} INFO - [2025-10-10T08:54:02.339+0000] {dag.py:3211} INFO - Sync 1 DAGs
[2025-10-10T08:54:02.394+0000] {logging_mixin.py:190} INFO - [2025-10-10T08:54:02.393+0000] {dag.py:4138} INFO - Setting next_dagrun for latest_only to 2025-10-10 04:00:00+00:00, run_after=2025-10-10 08:00:00+00:00
[2025-10-10T08:54:02.453+0000] {processor.py:208} INFO - Processing /home/airflow/.local/lib/python3.12/site-packages/airflow/example_dags/example_latest_only.py took 0.219 seconds
[2025-10-10T08:54:33.290+0000] {processor.py:186} INFO - Started process (PID=183) to work on /home/airflow/.local/lib/python3.12/site-packages/airflow/example_dags/example_latest_only.py
[2025-10-10T08:54:33.297+0000] {processor.py:914} INFO - Processing file /home/airflow/.local/lib/python3.12/site-packages/airflow/example_dags/example_latest_only.py for tasks to queue
[2025-10-10T08:54:33.306+0000] {logging_mixin.py:190} INFO - [2025-10-10T08:54:33.305+0000] {dagbag.py:587} INFO - Filling up the DagBag from /home/airflow/.local/lib/python3.12/site-packages/airflow/example_dags/example_latest_only.py
[2025-10-10T08:54:33.335+0000] {processor.py:925} INFO - DAG(s) 'latest_only' retrieved from /home/airflow/.local/lib/python3.12/site-packages/airflow/example_dags/example_latest_only.py
[2025-10-10T08:54:33.399+0000] {logging_mixin.py:190} INFO - [2025-10-10T08:54:33.398+0000] {dag.py:3211} INFO - Sync 1 DAGs
[2025-10-10T08:54:33.456+0000] {logging_mixin.py:190} INFO - [2025-10-10T08:54:33.455+0000] {dag.py:4138} INFO - Setting next_dagrun for latest_only to 2025-10-10 04:00:00+00:00, run_after=2025-10-10 08:00:00+00:00
[2025-10-10T08:54:33.497+0000] {processor.py:208} INFO - Processing /home/airflow/.local/lib/python3.12/site-packages/airflow/example_dags/example_latest_only.py took 0.233 seconds
[2025-10-10T08:55:04.605+0000] {processor.py:186} INFO - Started process (PID=246) to work on /home/airflow/.local/lib/python3.12/site-packages/airflow/example_dags/example_latest_only.py
[2025-10-10T08:55:04.608+0000] {processor.py:914} INFO - Processing file /home/airflow/.local/lib/python3.12/site-packages/airflow/example_dags/example_latest_only.py for tasks to queue
[2025-10-10T08:55:04.616+0000] {logging_mixin.py:190} INFO - [2025-10-10T08:55:04.615+0000] {dagbag.py:587} INFO - Filling up the DagBag from /home/airflow/.local/lib/python3.12/site-packages/airflow/example_dags/example_latest_only.py
[2025-10-10T08:55:04.643+0000] {processor.py:925} INFO - DAG(s) 'latest_only' retrieved from /home/airflow/.local/lib/python3.12/site-packages/airflow/example_dags/example_latest_only.py
[2025-10-10T08:55:04.765+0000] {logging_mixin.py:190} INFO - [2025-10-10T08:55:04.764+0000] {dag.py:3211} INFO - Sync 1 DAGs
[2025-10-10T08:55:04.840+0000] {logging_mixin.py:190} INFO - [2025-10-10T08:55:04.840+0000] {dag.py:4138} INFO - Setting next_dagrun for latest_only to 2025-10-10 04:00:00+00:00, run_after=2025-10-10 08:00:00+00:00
[2025-10-10T08:55:04.894+0000] {processor.py:208} INFO - Processing /home/airflow/.local/lib/python3.12/site-packages/airflow/example_dags/example_latest_only.py took 0.308 seconds
[2025-10-10T08:58:10.595+0000] {processor.py:186} INFO - Started process (PID=114) to work on /home/airflow/.local/lib/python3.12/site-packages/airflow/example_dags/example_latest_only.py
[2025-10-10T08:58:10.642+0000] {processor.py:914} INFO - Processing file /home/airflow/.local/lib/python3.12/site-packages/airflow/example_dags/example_latest_only.py for tasks to queue
[2025-10-10T08:58:10.659+0000] {logging_mixin.py:190} INFO - [2025-10-10T08:58:10.656+0000] {dagbag.py:587} INFO - Filling up the DagBag from /home/airflow/.local/lib/python3.12/site-packages/airflow/example_dags/example_latest_only.py
[2025-10-10T08:58:10.733+0000] {processor.py:925} INFO - DAG(s) 'latest_only' retrieved from /home/airflow/.local/lib/python3.12/site-packages/airflow/example_dags/example_latest_only.py
[2025-10-10T08:58:10.893+0000] {logging_mixin.py:190} INFO - [2025-10-10T08:58:10.893+0000] {dag.py:3211} INFO - Sync 1 DAGs
[2025-10-10T08:58:11.032+0000] {logging_mixin.py:190} INFO - [2025-10-10T08:58:11.031+0000] {dag.py:4138} INFO - Setting next_dagrun for latest_only to 2025-10-10 04:00:00+00:00, run_after=2025-10-10 08:00:00+00:00
[2025-10-10T08:58:11.255+0000] {processor.py:208} INFO - Processing /home/airflow/.local/lib/python3.12/site-packages/airflow/example_dags/example_latest_only.py took 0.701 seconds
[2025-10-10T08:58:41.727+0000] {processor.py:186} INFO - Started process (PID=178) to work on /home/airflow/.local/lib/python3.12/site-packages/airflow/example_dags/example_latest_only.py
[2025-10-10T08:58:41.734+0000] {processor.py:914} INFO - Processing file /home/airflow/.local/lib/python3.12/site-packages/airflow/example_dags/example_latest_only.py for tasks to queue
[2025-10-10T08:58:41.750+0000] {logging_mixin.py:190} INFO - [2025-10-10T08:58:41.748+0000] {dagbag.py:587} INFO - Filling up the DagBag from /home/airflow/.local/lib/python3.12/site-packages/airflow/example_dags/example_latest_only.py
[2025-10-10T08:58:41.796+0000] {processor.py:925} INFO - DAG(s) 'latest_only' retrieved from /home/airflow/.local/lib/python3.12/site-packages/airflow/example_dags/example_latest_only.py
[2025-10-10T08:58:41.921+0000] {logging_mixin.py:190} INFO - [2025-10-10T08:58:41.920+0000] {dag.py:3211} INFO - Sync 1 DAGs
[2025-10-10T08:58:42.083+0000] {logging_mixin.py:190} INFO - [2025-10-10T08:58:42.081+0000] {dag.py:4138} INFO - Setting next_dagrun for latest_only to 2025-10-10 04:00:00+00:00, run_after=2025-10-10 08:00:00+00:00
[2025-10-10T08:58:42.154+0000] {processor.py:208} INFO - Processing /home/airflow/.local/lib/python3.12/site-packages/airflow/example_dags/example_latest_only.py took 0.475 seconds
[2025-10-10T09:01:35.811+0000] {processor.py:186} INFO - Started process (PID=113) to work on /home/airflow/.local/lib/python3.12/site-packages/airflow/example_dags/example_latest_only.py
[2025-10-10T09:01:35.815+0000] {processor.py:914} INFO - Processing file /home/airflow/.local/lib/python3.12/site-packages/airflow/example_dags/example_latest_only.py for tasks to queue
[2025-10-10T09:01:35.823+0000] {logging_mixin.py:190} INFO - [2025-10-10T09:01:35.822+0000] {dagbag.py:587} INFO - Filling up the DagBag from /home/airflow/.local/lib/python3.12/site-packages/airflow/example_dags/example_latest_only.py
[2025-10-10T09:01:35.840+0000] {processor.py:925} INFO - DAG(s) 'latest_only' retrieved from /home/airflow/.local/lib/python3.12/site-packages/airflow/example_dags/example_latest_only.py
[2025-10-10T09:01:35.881+0000] {logging_mixin.py:190} INFO - [2025-10-10T09:01:35.880+0000] {dag.py:3211} INFO - Sync 1 DAGs
[2025-10-10T09:01:35.934+0000] {logging_mixin.py:190} INFO - [2025-10-10T09:01:35.933+0000] {dag.py:4138} INFO - Setting next_dagrun for latest_only to 2025-10-10 04:00:00+00:00, run_after=2025-10-10 08:00:00+00:00
[2025-10-10T09:01:35.983+0000] {processor.py:208} INFO - Processing /home/airflow/.local/lib/python3.12/site-packages/airflow/example_dags/example_latest_only.py took 0.201 seconds
[2025-10-10T09:02:07.450+0000] {processor.py:186} INFO - Started process (PID=176) to work on /home/airflow/.local/lib/python3.12/site-packages/airflow/example_dags/example_latest_only.py
[2025-10-10T09:02:07.452+0000] {processor.py:914} INFO - Processing file /home/airflow/.local/lib/python3.12/site-packages/airflow/example_dags/example_latest_only.py for tasks to queue
[2025-10-10T09:02:07.460+0000] {logging_mixin.py:190} INFO - [2025-10-10T09:02:07.459+0000] {dagbag.py:587} INFO - Filling up the DagBag from /home/airflow/.local/lib/python3.12/site-packages/airflow/example_dags/example_latest_only.py
[2025-10-10T09:02:07.479+0000] {processor.py:925} INFO - DAG(s) 'latest_only' retrieved from /home/airflow/.local/lib/python3.12/site-packages/airflow/example_dags/example_latest_only.py
[2025-10-10T09:02:07.548+0000] {logging_mixin.py:190} INFO - [2025-10-10T09:02:07.547+0000] {dag.py:3211} INFO - Sync 1 DAGs
[2025-10-10T09:02:07.627+0000] {logging_mixin.py:190} INFO - [2025-10-10T09:02:07.626+0000] {dag.py:4138} INFO - Setting next_dagrun for latest_only to 2025-10-10 04:00:00+00:00, run_after=2025-10-10 08:00:00+00:00
[2025-10-10T09:02:08.001+0000] {processor.py:208} INFO - Processing /home/airflow/.local/lib/python3.12/site-packages/airflow/example_dags/example_latest_only.py took 0.565 seconds
[2025-10-10T09:02:38.573+0000] {processor.py:186} INFO - Started process (PID=239) to work on /home/airflow/.local/lib/python3.12/site-packages/airflow/example_dags/example_latest_only.py
[2025-10-10T09:02:38.576+0000] {processor.py:914} INFO - Processing file /home/airflow/.local/lib/python3.12/site-packages/airflow/example_dags/example_latest_only.py for tasks to queue
[2025-10-10T09:02:38.585+0000] {logging_mixin.py:190} INFO - [2025-10-10T09:02:38.583+0000] {dagbag.py:587} INFO - Filling up the DagBag from /home/airflow/.local/lib/python3.12/site-packages/airflow/example_dags/example_latest_only.py
[2025-10-10T09:02:38.615+0000] {processor.py:925} INFO - DAG(s) 'latest_only' retrieved from /home/airflow/.local/lib/python3.12/site-packages/airflow/example_dags/example_latest_only.py
[2025-10-10T09:02:38.680+0000] {logging_mixin.py:190} INFO - [2025-10-10T09:02:38.679+0000] {dag.py:3211} INFO - Sync 1 DAGs
[2025-10-10T09:02:38.738+0000] {logging_mixin.py:190} INFO - [2025-10-10T09:02:38.738+0000] {dag.py:4138} INFO - Setting next_dagrun for latest_only to 2025-10-10 04:00:00+00:00, run_after=2025-10-10 08:00:00+00:00
[2025-10-10T09:02:38.779+0000] {processor.py:208} INFO - Processing /home/airflow/.local/lib/python3.12/site-packages/airflow/example_dags/example_latest_only.py took 0.231 seconds
[2025-10-10T09:03:09.917+0000] {processor.py:186} INFO - Started process (PID=303) to work on /home/airflow/.local/lib/python3.12/site-packages/airflow/example_dags/example_latest_only.py
[2025-10-10T09:03:09.925+0000] {processor.py:914} INFO - Processing file /home/airflow/.local/lib/python3.12/site-packages/airflow/example_dags/example_latest_only.py for tasks to queue
[2025-10-10T09:03:09.932+0000] {logging_mixin.py:190} INFO - [2025-10-10T09:03:09.931+0000] {dagbag.py:587} INFO - Filling up the DagBag from /home/airflow/.local/lib/python3.12/site-packages/airflow/example_dags/example_latest_only.py
[2025-10-10T09:03:09.967+0000] {processor.py:925} INFO - DAG(s) 'latest_only' retrieved from /home/airflow/.local/lib/python3.12/site-packages/airflow/example_dags/example_latest_only.py
[2025-10-10T09:03:10.024+0000] {logging_mixin.py:190} INFO - [2025-10-10T09:03:10.023+0000] {dag.py:3211} INFO - Sync 1 DAGs
[2025-10-10T09:03:10.093+0000] {logging_mixin.py:190} INFO - [2025-10-10T09:03:10.093+0000] {dag.py:4138} INFO - Setting next_dagrun for latest_only to 2025-10-10 04:00:00+00:00, run_after=2025-10-10 08:00:00+00:00
[2025-10-10T09:03:10.135+0000] {processor.py:208} INFO - Processing /home/airflow/.local/lib/python3.12/site-packages/airflow/example_dags/example_latest_only.py took 0.237 seconds
[2025-10-10T09:03:41.850+0000] {processor.py:186} INFO - Started process (PID=366) to work on /home/airflow/.local/lib/python3.12/site-packages/airflow/example_dags/example_latest_only.py
[2025-10-10T09:03:41.856+0000] {processor.py:914} INFO - Processing file /home/airflow/.local/lib/python3.12/site-packages/airflow/example_dags/example_latest_only.py for tasks to queue
[2025-10-10T09:03:41.866+0000] {logging_mixin.py:190} INFO - [2025-10-10T09:03:41.865+0000] {dagbag.py:587} INFO - Filling up the DagBag from /home/airflow/.local/lib/python3.12/site-packages/airflow/example_dags/example_latest_only.py
[2025-10-10T09:03:41.903+0000] {processor.py:925} INFO - DAG(s) 'latest_only' retrieved from /home/airflow/.local/lib/python3.12/site-packages/airflow/example_dags/example_latest_only.py
[2025-10-10T09:03:41.981+0000] {logging_mixin.py:190} INFO - [2025-10-10T09:03:41.980+0000] {dag.py:3211} INFO - Sync 1 DAGs
[2025-10-10T09:03:42.079+0000] {logging_mixin.py:190} INFO - [2025-10-10T09:03:42.079+0000] {dag.py:4138} INFO - Setting next_dagrun for latest_only to 2025-10-10 04:00:00+00:00, run_after=2025-10-10 08:00:00+00:00
[2025-10-10T09:03:42.150+0000] {processor.py:208} INFO - Processing /home/airflow/.local/lib/python3.12/site-packages/airflow/example_dags/example_latest_only.py took 0.326 seconds
[2025-10-10T09:04:12.935+0000] {processor.py:186} INFO - Started process (PID=429) to work on /home/airflow/.local/lib/python3.12/site-packages/airflow/example_dags/example_latest_only.py
[2025-10-10T09:04:12.950+0000] {processor.py:914} INFO - Processing file /home/airflow/.local/lib/python3.12/site-packages/airflow/example_dags/example_latest_only.py for tasks to queue
[2025-10-10T09:04:12.967+0000] {logging_mixin.py:190} INFO - [2025-10-10T09:04:12.966+0000] {dagbag.py:587} INFO - Filling up the DagBag from /home/airflow/.local/lib/python3.12/site-packages/airflow/example_dags/example_latest_only.py
[2025-10-10T09:04:13.020+0000] {processor.py:925} INFO - DAG(s) 'latest_only' retrieved from /home/airflow/.local/lib/python3.12/site-packages/airflow/example_dags/example_latest_only.py
[2025-10-10T09:04:13.177+0000] {logging_mixin.py:190} INFO - [2025-10-10T09:04:13.176+0000] {dag.py:3211} INFO - Sync 1 DAGs
[2025-10-10T09:04:13.351+0000] {logging_mixin.py:190} INFO - [2025-10-10T09:04:13.350+0000] {dag.py:4138} INFO - Setting next_dagrun for latest_only to 2025-10-10 04:00:00+00:00, run_after=2025-10-10 08:00:00+00:00
[2025-10-10T09:04:13.430+0000] {processor.py:208} INFO - Processing /home/airflow/.local/lib/python3.12/site-packages/airflow/example_dags/example_latest_only.py took 0.525 seconds
[2025-10-10T09:04:44.248+0000] {processor.py:186} INFO - Started process (PID=498) to work on /home/airflow/.local/lib/python3.12/site-packages/airflow/example_dags/example_latest_only.py
[2025-10-10T09:04:44.251+0000] {processor.py:914} INFO - Processing file /home/airflow/.local/lib/python3.12/site-packages/airflow/example_dags/example_latest_only.py for tasks to queue
[2025-10-10T09:04:44.261+0000] {logging_mixin.py:190} INFO - [2025-10-10T09:04:44.260+0000] {dagbag.py:587} INFO - Filling up the DagBag from /home/airflow/.local/lib/python3.12/site-packages/airflow/example_dags/example_latest_only.py
[2025-10-10T09:04:44.284+0000] {processor.py:925} INFO - DAG(s) 'latest_only' retrieved from /home/airflow/.local/lib/python3.12/site-packages/airflow/example_dags/example_latest_only.py
[2025-10-10T09:04:44.348+0000] {logging_mixin.py:190} INFO - [2025-10-10T09:04:44.347+0000] {dag.py:3211} INFO - Sync 1 DAGs
[2025-10-10T09:04:44.425+0000] {logging_mixin.py:190} INFO - [2025-10-10T09:04:44.424+0000] {dag.py:4138} INFO - Setting next_dagrun for latest_only to 2025-10-10 04:00:00+00:00, run_after=2025-10-10 08:00:00+00:00
[2025-10-10T09:04:44.489+0000] {processor.py:208} INFO - Processing /home/airflow/.local/lib/python3.12/site-packages/airflow/example_dags/example_latest_only.py took 0.259 seconds
[2025-10-10T09:05:14.870+0000] {processor.py:186} INFO - Started process (PID=561) to work on /home/airflow/.local/lib/python3.12/site-packages/airflow/example_dags/example_latest_only.py
[2025-10-10T09:05:14.872+0000] {processor.py:914} INFO - Processing file /home/airflow/.local/lib/python3.12/site-packages/airflow/example_dags/example_latest_only.py for tasks to queue
[2025-10-10T09:05:14.877+0000] {logging_mixin.py:190} INFO - [2025-10-10T09:05:14.877+0000] {dagbag.py:587} INFO - Filling up the DagBag from /home/airflow/.local/lib/python3.12/site-packages/airflow/example_dags/example_latest_only.py
[2025-10-10T09:05:14.896+0000] {processor.py:925} INFO - DAG(s) 'latest_only' retrieved from /home/airflow/.local/lib/python3.12/site-packages/airflow/example_dags/example_latest_only.py
[2025-10-10T09:05:14.938+0000] {logging_mixin.py:190} INFO - [2025-10-10T09:05:14.938+0000] {dag.py:3211} INFO - Sync 1 DAGs
[2025-10-10T09:05:14.982+0000] {logging_mixin.py:190} INFO - [2025-10-10T09:05:14.982+0000] {dag.py:4138} INFO - Setting next_dagrun for latest_only to 2025-10-10 04:00:00+00:00, run_after=2025-10-10 08:00:00+00:00
[2025-10-10T09:05:15.022+0000] {processor.py:208} INFO - Processing /home/airflow/.local/lib/python3.12/site-packages/airflow/example_dags/example_latest_only.py took 0.167 seconds
