[2025-10-10T08:37:53.695+0000] {processor.py:186} INFO - Started process (PID=84) to work on /home/airflow/.local/lib/python3.12/site-packages/airflow/example_dags/example_nested_branch_dag.py
[2025-10-10T08:37:53.699+0000] {processor.py:914} INFO - Processing file /home/airflow/.local/lib/python3.12/site-packages/airflow/example_dags/example_nested_branch_dag.py for tasks to queue
[2025-10-10T08:37:53.728+0000] {logging_mixin.py:190} INFO - [2025-10-10T08:37:53.727+0000] {dagbag.py:587} INFO - Filling up the DagBag from /home/airflow/.local/lib/python3.12/site-packages/airflow/example_dags/example_nested_branch_dag.py
[2025-10-10T08:37:53.766+0000] {processor.py:925} INFO - DAG(s) 'example_nested_branch_dag' retrieved from /home/airflow/.local/lib/python3.12/site-packages/airflow/example_dags/example_nested_branch_dag.py
[2025-10-10T08:37:53.862+0000] {logging_mixin.py:190} INFO - [2025-10-10T08:37:53.862+0000] {dag.py:3211} INFO - Sync 1 DAGs
[2025-10-10T08:37:53.941+0000] {logging_mixin.py:190} INFO - [2025-10-10T08:37:53.940+0000] {dag.py:4138} INFO - Setting next_dagrun for example_nested_branch_dag to 2025-10-09 00:00:00+00:00, run_after=2025-10-10 00:00:00+00:00
[2025-10-10T08:37:54.002+0000] {processor.py:208} INFO - Processing /home/airflow/.local/lib/python3.12/site-packages/airflow/example_dags/example_nested_branch_dag.py took 0.317 seconds
[2025-10-10T08:38:24.867+0000] {processor.py:186} INFO - Started process (PID=147) to work on /home/airflow/.local/lib/python3.12/site-packages/airflow/example_dags/example_nested_branch_dag.py
[2025-10-10T08:38:24.870+0000] {processor.py:914} INFO - Processing file /home/airflow/.local/lib/python3.12/site-packages/airflow/example_dags/example_nested_branch_dag.py for tasks to queue
[2025-10-10T08:38:24.876+0000] {logging_mixin.py:190} INFO - [2025-10-10T08:38:24.875+0000] {dagbag.py:587} INFO - Filling up the DagBag from /home/airflow/.local/lib/python3.12/site-packages/airflow/example_dags/example_nested_branch_dag.py
[2025-10-10T08:38:24.904+0000] {processor.py:925} INFO - DAG(s) 'example_nested_branch_dag' retrieved from /home/airflow/.local/lib/python3.12/site-packages/airflow/example_dags/example_nested_branch_dag.py
[2025-10-10T08:38:24.972+0000] {logging_mixin.py:190} INFO - [2025-10-10T08:38:24.971+0000] {dag.py:3211} INFO - Sync 1 DAGs
[2025-10-10T08:38:25.035+0000] {logging_mixin.py:190} INFO - [2025-10-10T08:38:25.034+0000] {dag.py:4138} INFO - Setting next_dagrun for example_nested_branch_dag to 2025-10-09 00:00:00+00:00, run_after=2025-10-10 00:00:00+00:00
[2025-10-10T08:38:25.074+0000] {processor.py:208} INFO - Processing /home/airflow/.local/lib/python3.12/site-packages/airflow/example_dags/example_nested_branch_dag.py took 0.222 seconds
[2025-10-10T08:38:55.553+0000] {processor.py:186} INFO - Started process (PID=210) to work on /home/airflow/.local/lib/python3.12/site-packages/airflow/example_dags/example_nested_branch_dag.py
[2025-10-10T08:38:55.557+0000] {processor.py:914} INFO - Processing file /home/airflow/.local/lib/python3.12/site-packages/airflow/example_dags/example_nested_branch_dag.py for tasks to queue
[2025-10-10T08:38:55.568+0000] {logging_mixin.py:190} INFO - [2025-10-10T08:38:55.567+0000] {dagbag.py:587} INFO - Filling up the DagBag from /home/airflow/.local/lib/python3.12/site-packages/airflow/example_dags/example_nested_branch_dag.py
[2025-10-10T08:38:55.604+0000] {processor.py:925} INFO - DAG(s) 'example_nested_branch_dag' retrieved from /home/airflow/.local/lib/python3.12/site-packages/airflow/example_dags/example_nested_branch_dag.py
[2025-10-10T08:38:55.665+0000] {logging_mixin.py:190} INFO - [2025-10-10T08:38:55.665+0000] {dag.py:3211} INFO - Sync 1 DAGs
[2025-10-10T08:38:55.709+0000] {logging_mixin.py:190} INFO - [2025-10-10T08:38:55.709+0000] {dag.py:4138} INFO - Setting next_dagrun for example_nested_branch_dag to 2025-10-09 00:00:00+00:00, run_after=2025-10-10 00:00:00+00:00
[2025-10-10T08:38:55.756+0000] {processor.py:208} INFO - Processing /home/airflow/.local/lib/python3.12/site-packages/airflow/example_dags/example_nested_branch_dag.py took 0.222 seconds
[2025-10-10T08:39:26.805+0000] {processor.py:186} INFO - Started process (PID=273) to work on /home/airflow/.local/lib/python3.12/site-packages/airflow/example_dags/example_nested_branch_dag.py
[2025-10-10T08:39:26.808+0000] {processor.py:914} INFO - Processing file /home/airflow/.local/lib/python3.12/site-packages/airflow/example_dags/example_nested_branch_dag.py for tasks to queue
[2025-10-10T08:39:26.816+0000] {logging_mixin.py:190} INFO - [2025-10-10T08:39:26.815+0000] {dagbag.py:587} INFO - Filling up the DagBag from /home/airflow/.local/lib/python3.12/site-packages/airflow/example_dags/example_nested_branch_dag.py
[2025-10-10T08:39:26.849+0000] {processor.py:925} INFO - DAG(s) 'example_nested_branch_dag' retrieved from /home/airflow/.local/lib/python3.12/site-packages/airflow/example_dags/example_nested_branch_dag.py
[2025-10-10T08:39:26.911+0000] {logging_mixin.py:190} INFO - [2025-10-10T08:39:26.911+0000] {dag.py:3211} INFO - Sync 1 DAGs
[2025-10-10T08:39:26.975+0000] {logging_mixin.py:190} INFO - [2025-10-10T08:39:26.974+0000] {dag.py:4138} INFO - Setting next_dagrun for example_nested_branch_dag to 2025-10-09 00:00:00+00:00, run_after=2025-10-10 00:00:00+00:00
[2025-10-10T08:39:27.030+0000] {processor.py:208} INFO - Processing /home/airflow/.local/lib/python3.12/site-packages/airflow/example_dags/example_nested_branch_dag.py took 0.241 seconds
[2025-10-10T08:39:57.502+0000] {processor.py:186} INFO - Started process (PID=336) to work on /home/airflow/.local/lib/python3.12/site-packages/airflow/example_dags/example_nested_branch_dag.py
[2025-10-10T08:39:57.510+0000] {processor.py:914} INFO - Processing file /home/airflow/.local/lib/python3.12/site-packages/airflow/example_dags/example_nested_branch_dag.py for tasks to queue
[2025-10-10T08:39:57.528+0000] {logging_mixin.py:190} INFO - [2025-10-10T08:39:57.527+0000] {dagbag.py:587} INFO - Filling up the DagBag from /home/airflow/.local/lib/python3.12/site-packages/airflow/example_dags/example_nested_branch_dag.py
[2025-10-10T08:39:57.626+0000] {processor.py:925} INFO - DAG(s) 'example_nested_branch_dag' retrieved from /home/airflow/.local/lib/python3.12/site-packages/airflow/example_dags/example_nested_branch_dag.py
[2025-10-10T08:39:57.749+0000] {logging_mixin.py:190} INFO - [2025-10-10T08:39:57.748+0000] {dag.py:3211} INFO - Sync 1 DAGs
[2025-10-10T08:39:58.201+0000] {logging_mixin.py:190} INFO - [2025-10-10T08:39:58.200+0000] {dag.py:4138} INFO - Setting next_dagrun for example_nested_branch_dag to 2025-10-09 00:00:00+00:00, run_after=2025-10-10 00:00:00+00:00
[2025-10-10T08:39:58.461+0000] {processor.py:208} INFO - Processing /home/airflow/.local/lib/python3.12/site-packages/airflow/example_dags/example_nested_branch_dag.py took 0.963 seconds
[2025-10-10T08:40:28.904+0000] {processor.py:186} INFO - Started process (PID=399) to work on /home/airflow/.local/lib/python3.12/site-packages/airflow/example_dags/example_nested_branch_dag.py
[2025-10-10T08:40:28.906+0000] {processor.py:914} INFO - Processing file /home/airflow/.local/lib/python3.12/site-packages/airflow/example_dags/example_nested_branch_dag.py for tasks to queue
[2025-10-10T08:40:28.912+0000] {logging_mixin.py:190} INFO - [2025-10-10T08:40:28.910+0000] {dagbag.py:587} INFO - Filling up the DagBag from /home/airflow/.local/lib/python3.12/site-packages/airflow/example_dags/example_nested_branch_dag.py
[2025-10-10T08:40:28.932+0000] {processor.py:925} INFO - DAG(s) 'example_nested_branch_dag' retrieved from /home/airflow/.local/lib/python3.12/site-packages/airflow/example_dags/example_nested_branch_dag.py
[2025-10-10T08:40:28.975+0000] {logging_mixin.py:190} INFO - [2025-10-10T08:40:28.975+0000] {dag.py:3211} INFO - Sync 1 DAGs
[2025-10-10T08:40:29.019+0000] {logging_mixin.py:190} INFO - [2025-10-10T08:40:29.019+0000] {dag.py:4138} INFO - Setting next_dagrun for example_nested_branch_dag to 2025-10-09 00:00:00+00:00, run_after=2025-10-10 00:00:00+00:00
[2025-10-10T08:40:29.063+0000] {processor.py:208} INFO - Processing /home/airflow/.local/lib/python3.12/site-packages/airflow/example_dags/example_nested_branch_dag.py took 0.170 seconds
[2025-10-10T08:40:59.488+0000] {processor.py:186} INFO - Started process (PID=461) to work on /home/airflow/.local/lib/python3.12/site-packages/airflow/example_dags/example_nested_branch_dag.py
[2025-10-10T08:40:59.495+0000] {processor.py:914} INFO - Processing file /home/airflow/.local/lib/python3.12/site-packages/airflow/example_dags/example_nested_branch_dag.py for tasks to queue
[2025-10-10T08:40:59.513+0000] {logging_mixin.py:190} INFO - [2025-10-10T08:40:59.511+0000] {dagbag.py:587} INFO - Filling up the DagBag from /home/airflow/.local/lib/python3.12/site-packages/airflow/example_dags/example_nested_branch_dag.py
[2025-10-10T08:40:59.587+0000] {processor.py:925} INFO - DAG(s) 'example_nested_branch_dag' retrieved from /home/airflow/.local/lib/python3.12/site-packages/airflow/example_dags/example_nested_branch_dag.py
[2025-10-10T08:40:59.706+0000] {logging_mixin.py:190} INFO - [2025-10-10T08:40:59.705+0000] {dag.py:3211} INFO - Sync 1 DAGs
[2025-10-10T08:40:59.832+0000] {logging_mixin.py:190} INFO - [2025-10-10T08:40:59.831+0000] {dag.py:4138} INFO - Setting next_dagrun for example_nested_branch_dag to 2025-10-09 00:00:00+00:00, run_after=2025-10-10 00:00:00+00:00
[2025-10-10T08:40:59.932+0000] {processor.py:208} INFO - Processing /home/airflow/.local/lib/python3.12/site-packages/airflow/example_dags/example_nested_branch_dag.py took 0.485 seconds
[2025-10-10T08:41:30.505+0000] {processor.py:186} INFO - Started process (PID=524) to work on /home/airflow/.local/lib/python3.12/site-packages/airflow/example_dags/example_nested_branch_dag.py
[2025-10-10T08:41:30.509+0000] {processor.py:914} INFO - Processing file /home/airflow/.local/lib/python3.12/site-packages/airflow/example_dags/example_nested_branch_dag.py for tasks to queue
[2025-10-10T08:41:30.523+0000] {logging_mixin.py:190} INFO - [2025-10-10T08:41:30.522+0000] {dagbag.py:587} INFO - Filling up the DagBag from /home/airflow/.local/lib/python3.12/site-packages/airflow/example_dags/example_nested_branch_dag.py
[2025-10-10T08:41:30.571+0000] {processor.py:925} INFO - DAG(s) 'example_nested_branch_dag' retrieved from /home/airflow/.local/lib/python3.12/site-packages/airflow/example_dags/example_nested_branch_dag.py
[2025-10-10T08:41:30.621+0000] {logging_mixin.py:190} INFO - [2025-10-10T08:41:30.621+0000] {dag.py:3211} INFO - Sync 1 DAGs
[2025-10-10T08:41:30.678+0000] {logging_mixin.py:190} INFO - [2025-10-10T08:41:30.677+0000] {dag.py:4138} INFO - Setting next_dagrun for example_nested_branch_dag to 2025-10-09 00:00:00+00:00, run_after=2025-10-10 00:00:00+00:00
[2025-10-10T08:41:30.720+0000] {processor.py:208} INFO - Processing /home/airflow/.local/lib/python3.12/site-packages/airflow/example_dags/example_nested_branch_dag.py took 0.253 seconds
[2025-10-10T08:42:01.101+0000] {processor.py:186} INFO - Started process (PID=587) to work on /home/airflow/.local/lib/python3.12/site-packages/airflow/example_dags/example_nested_branch_dag.py
[2025-10-10T08:42:01.104+0000] {processor.py:914} INFO - Processing file /home/airflow/.local/lib/python3.12/site-packages/airflow/example_dags/example_nested_branch_dag.py for tasks to queue
[2025-10-10T08:42:01.112+0000] {logging_mixin.py:190} INFO - [2025-10-10T08:42:01.111+0000] {dagbag.py:587} INFO - Filling up the DagBag from /home/airflow/.local/lib/python3.12/site-packages/airflow/example_dags/example_nested_branch_dag.py
[2025-10-10T08:42:01.140+0000] {processor.py:925} INFO - DAG(s) 'example_nested_branch_dag' retrieved from /home/airflow/.local/lib/python3.12/site-packages/airflow/example_dags/example_nested_branch_dag.py
[2025-10-10T08:42:01.209+0000] {logging_mixin.py:190} INFO - [2025-10-10T08:42:01.208+0000] {dag.py:3211} INFO - Sync 1 DAGs
[2025-10-10T08:42:01.280+0000] {logging_mixin.py:190} INFO - [2025-10-10T08:42:01.279+0000] {dag.py:4138} INFO - Setting next_dagrun for example_nested_branch_dag to 2025-10-09 00:00:00+00:00, run_after=2025-10-10 00:00:00+00:00
[2025-10-10T08:42:01.338+0000] {processor.py:208} INFO - Processing /home/airflow/.local/lib/python3.12/site-packages/airflow/example_dags/example_nested_branch_dag.py took 0.251 seconds
[2025-10-10T08:42:31.754+0000] {processor.py:186} INFO - Started process (PID=650) to work on /home/airflow/.local/lib/python3.12/site-packages/airflow/example_dags/example_nested_branch_dag.py
[2025-10-10T08:42:31.757+0000] {processor.py:914} INFO - Processing file /home/airflow/.local/lib/python3.12/site-packages/airflow/example_dags/example_nested_branch_dag.py for tasks to queue
[2025-10-10T08:42:31.764+0000] {logging_mixin.py:190} INFO - [2025-10-10T08:42:31.763+0000] {dagbag.py:587} INFO - Filling up the DagBag from /home/airflow/.local/lib/python3.12/site-packages/airflow/example_dags/example_nested_branch_dag.py
[2025-10-10T08:42:31.797+0000] {processor.py:925} INFO - DAG(s) 'example_nested_branch_dag' retrieved from /home/airflow/.local/lib/python3.12/site-packages/airflow/example_dags/example_nested_branch_dag.py
[2025-10-10T08:42:31.857+0000] {logging_mixin.py:190} INFO - [2025-10-10T08:42:31.856+0000] {dag.py:3211} INFO - Sync 1 DAGs
[2025-10-10T08:42:32.004+0000] {logging_mixin.py:190} INFO - [2025-10-10T08:42:32.002+0000] {dag.py:4138} INFO - Setting next_dagrun for example_nested_branch_dag to 2025-10-09 00:00:00+00:00, run_after=2025-10-10 00:00:00+00:00
[2025-10-10T08:42:32.064+0000] {processor.py:208} INFO - Processing /home/airflow/.local/lib/python3.12/site-packages/airflow/example_dags/example_nested_branch_dag.py took 0.329 seconds
[2025-10-10T08:43:02.615+0000] {processor.py:186} INFO - Started process (PID=713) to work on /home/airflow/.local/lib/python3.12/site-packages/airflow/example_dags/example_nested_branch_dag.py
[2025-10-10T08:43:02.618+0000] {processor.py:914} INFO - Processing file /home/airflow/.local/lib/python3.12/site-packages/airflow/example_dags/example_nested_branch_dag.py for tasks to queue
[2025-10-10T08:43:02.626+0000] {logging_mixin.py:190} INFO - [2025-10-10T08:43:02.625+0000] {dagbag.py:587} INFO - Filling up the DagBag from /home/airflow/.local/lib/python3.12/site-packages/airflow/example_dags/example_nested_branch_dag.py
[2025-10-10T08:43:02.667+0000] {processor.py:925} INFO - DAG(s) 'example_nested_branch_dag' retrieved from /home/airflow/.local/lib/python3.12/site-packages/airflow/example_dags/example_nested_branch_dag.py
[2025-10-10T08:43:02.787+0000] {logging_mixin.py:190} INFO - [2025-10-10T08:43:02.787+0000] {dag.py:3211} INFO - Sync 1 DAGs
[2025-10-10T08:43:02.917+0000] {logging_mixin.py:190} INFO - [2025-10-10T08:43:02.916+0000] {dag.py:4138} INFO - Setting next_dagrun for example_nested_branch_dag to 2025-10-09 00:00:00+00:00, run_after=2025-10-10 00:00:00+00:00
[2025-10-10T08:43:03.035+0000] {processor.py:208} INFO - Processing /home/airflow/.local/lib/python3.12/site-packages/airflow/example_dags/example_nested_branch_dag.py took 0.439 seconds
[2025-10-10T08:43:34.679+0000] {processor.py:186} INFO - Started process (PID=776) to work on /home/airflow/.local/lib/python3.12/site-packages/airflow/example_dags/example_nested_branch_dag.py
[2025-10-10T08:43:34.682+0000] {processor.py:914} INFO - Processing file /home/airflow/.local/lib/python3.12/site-packages/airflow/example_dags/example_nested_branch_dag.py for tasks to queue
[2025-10-10T08:43:34.690+0000] {logging_mixin.py:190} INFO - [2025-10-10T08:43:34.689+0000] {dagbag.py:587} INFO - Filling up the DagBag from /home/airflow/.local/lib/python3.12/site-packages/airflow/example_dags/example_nested_branch_dag.py
[2025-10-10T08:43:34.725+0000] {processor.py:925} INFO - DAG(s) 'example_nested_branch_dag' retrieved from /home/airflow/.local/lib/python3.12/site-packages/airflow/example_dags/example_nested_branch_dag.py
[2025-10-10T08:43:34.798+0000] {logging_mixin.py:190} INFO - [2025-10-10T08:43:34.797+0000] {dag.py:3211} INFO - Sync 1 DAGs
[2025-10-10T08:43:34.864+0000] {logging_mixin.py:190} INFO - [2025-10-10T08:43:34.864+0000] {dag.py:4138} INFO - Setting next_dagrun for example_nested_branch_dag to 2025-10-09 00:00:00+00:00, run_after=2025-10-10 00:00:00+00:00
[2025-10-10T08:43:34.921+0000] {processor.py:208} INFO - Processing /home/airflow/.local/lib/python3.12/site-packages/airflow/example_dags/example_nested_branch_dag.py took 0.261 seconds
[2025-10-10T08:44:05.286+0000] {processor.py:186} INFO - Started process (PID=839) to work on /home/airflow/.local/lib/python3.12/site-packages/airflow/example_dags/example_nested_branch_dag.py
[2025-10-10T08:44:05.289+0000] {processor.py:914} INFO - Processing file /home/airflow/.local/lib/python3.12/site-packages/airflow/example_dags/example_nested_branch_dag.py for tasks to queue
[2025-10-10T08:44:05.295+0000] {logging_mixin.py:190} INFO - [2025-10-10T08:44:05.294+0000] {dagbag.py:587} INFO - Filling up the DagBag from /home/airflow/.local/lib/python3.12/site-packages/airflow/example_dags/example_nested_branch_dag.py
[2025-10-10T08:44:05.317+0000] {processor.py:925} INFO - DAG(s) 'example_nested_branch_dag' retrieved from /home/airflow/.local/lib/python3.12/site-packages/airflow/example_dags/example_nested_branch_dag.py
[2025-10-10T08:44:05.371+0000] {logging_mixin.py:190} INFO - [2025-10-10T08:44:05.371+0000] {dag.py:3211} INFO - Sync 1 DAGs
[2025-10-10T08:44:05.429+0000] {logging_mixin.py:190} INFO - [2025-10-10T08:44:05.428+0000] {dag.py:4138} INFO - Setting next_dagrun for example_nested_branch_dag to 2025-10-09 00:00:00+00:00, run_after=2025-10-10 00:00:00+00:00
[2025-10-10T08:44:05.475+0000] {processor.py:208} INFO - Processing /home/airflow/.local/lib/python3.12/site-packages/airflow/example_dags/example_nested_branch_dag.py took 0.200 seconds
[2025-10-10T08:44:36.053+0000] {processor.py:186} INFO - Started process (PID=900) to work on /home/airflow/.local/lib/python3.12/site-packages/airflow/example_dags/example_nested_branch_dag.py
[2025-10-10T08:44:36.057+0000] {processor.py:914} INFO - Processing file /home/airflow/.local/lib/python3.12/site-packages/airflow/example_dags/example_nested_branch_dag.py for tasks to queue
[2025-10-10T08:44:36.075+0000] {logging_mixin.py:190} INFO - [2025-10-10T08:44:36.064+0000] {dagbag.py:587} INFO - Filling up the DagBag from /home/airflow/.local/lib/python3.12/site-packages/airflow/example_dags/example_nested_branch_dag.py
[2025-10-10T08:44:36.133+0000] {processor.py:925} INFO - DAG(s) 'example_nested_branch_dag' retrieved from /home/airflow/.local/lib/python3.12/site-packages/airflow/example_dags/example_nested_branch_dag.py
[2025-10-10T08:44:36.280+0000] {logging_mixin.py:190} INFO - [2025-10-10T08:44:36.279+0000] {dag.py:3211} INFO - Sync 1 DAGs
[2025-10-10T08:44:36.550+0000] {logging_mixin.py:190} INFO - [2025-10-10T08:44:36.546+0000] {dag.py:4138} INFO - Setting next_dagrun for example_nested_branch_dag to 2025-10-09 00:00:00+00:00, run_after=2025-10-10 00:00:00+00:00
[2025-10-10T08:44:36.633+0000] {processor.py:208} INFO - Processing /home/airflow/.local/lib/python3.12/site-packages/airflow/example_dags/example_nested_branch_dag.py took 0.617 seconds
[2025-10-10T08:45:07.010+0000] {processor.py:186} INFO - Started process (PID=963) to work on /home/airflow/.local/lib/python3.12/site-packages/airflow/example_dags/example_nested_branch_dag.py
[2025-10-10T08:45:07.013+0000] {processor.py:914} INFO - Processing file /home/airflow/.local/lib/python3.12/site-packages/airflow/example_dags/example_nested_branch_dag.py for tasks to queue
[2025-10-10T08:45:07.022+0000] {logging_mixin.py:190} INFO - [2025-10-10T08:45:07.021+0000] {dagbag.py:587} INFO - Filling up the DagBag from /home/airflow/.local/lib/python3.12/site-packages/airflow/example_dags/example_nested_branch_dag.py
[2025-10-10T08:45:07.058+0000] {processor.py:925} INFO - DAG(s) 'example_nested_branch_dag' retrieved from /home/airflow/.local/lib/python3.12/site-packages/airflow/example_dags/example_nested_branch_dag.py
[2025-10-10T08:45:07.137+0000] {logging_mixin.py:190} INFO - [2025-10-10T08:45:07.135+0000] {dag.py:3211} INFO - Sync 1 DAGs
[2025-10-10T08:45:07.273+0000] {logging_mixin.py:190} INFO - [2025-10-10T08:45:07.262+0000] {dag.py:4138} INFO - Setting next_dagrun for example_nested_branch_dag to 2025-10-09 00:00:00+00:00, run_after=2025-10-10 00:00:00+00:00
[2025-10-10T08:45:07.405+0000] {processor.py:208} INFO - Processing /home/airflow/.local/lib/python3.12/site-packages/airflow/example_dags/example_nested_branch_dag.py took 0.414 seconds
[2025-10-10T08:45:37.801+0000] {processor.py:186} INFO - Started process (PID=1026) to work on /home/airflow/.local/lib/python3.12/site-packages/airflow/example_dags/example_nested_branch_dag.py
[2025-10-10T08:45:37.804+0000] {processor.py:914} INFO - Processing file /home/airflow/.local/lib/python3.12/site-packages/airflow/example_dags/example_nested_branch_dag.py for tasks to queue
[2025-10-10T08:45:37.812+0000] {logging_mixin.py:190} INFO - [2025-10-10T08:45:37.811+0000] {dagbag.py:587} INFO - Filling up the DagBag from /home/airflow/.local/lib/python3.12/site-packages/airflow/example_dags/example_nested_branch_dag.py
[2025-10-10T08:45:37.849+0000] {processor.py:925} INFO - DAG(s) 'example_nested_branch_dag' retrieved from /home/airflow/.local/lib/python3.12/site-packages/airflow/example_dags/example_nested_branch_dag.py
[2025-10-10T08:45:37.913+0000] {logging_mixin.py:190} INFO - [2025-10-10T08:45:37.912+0000] {dag.py:3211} INFO - Sync 1 DAGs
[2025-10-10T08:45:37.986+0000] {logging_mixin.py:190} INFO - [2025-10-10T08:45:37.985+0000] {dag.py:4138} INFO - Setting next_dagrun for example_nested_branch_dag to 2025-10-09 00:00:00+00:00, run_after=2025-10-10 00:00:00+00:00
[2025-10-10T08:45:38.041+0000] {processor.py:208} INFO - Processing /home/airflow/.local/lib/python3.12/site-packages/airflow/example_dags/example_nested_branch_dag.py took 0.259 seconds
[2025-10-10T08:46:08.651+0000] {processor.py:186} INFO - Started process (PID=1089) to work on /home/airflow/.local/lib/python3.12/site-packages/airflow/example_dags/example_nested_branch_dag.py
[2025-10-10T08:46:08.654+0000] {processor.py:914} INFO - Processing file /home/airflow/.local/lib/python3.12/site-packages/airflow/example_dags/example_nested_branch_dag.py for tasks to queue
[2025-10-10T08:46:08.658+0000] {logging_mixin.py:190} INFO - [2025-10-10T08:46:08.658+0000] {dagbag.py:587} INFO - Filling up the DagBag from /home/airflow/.local/lib/python3.12/site-packages/airflow/example_dags/example_nested_branch_dag.py
[2025-10-10T08:46:08.681+0000] {processor.py:925} INFO - DAG(s) 'example_nested_branch_dag' retrieved from /home/airflow/.local/lib/python3.12/site-packages/airflow/example_dags/example_nested_branch_dag.py
[2025-10-10T08:46:08.732+0000] {logging_mixin.py:190} INFO - [2025-10-10T08:46:08.732+0000] {dag.py:3211} INFO - Sync 1 DAGs
[2025-10-10T08:46:08.781+0000] {logging_mixin.py:190} INFO - [2025-10-10T08:46:08.781+0000] {dag.py:4138} INFO - Setting next_dagrun for example_nested_branch_dag to 2025-10-09 00:00:00+00:00, run_after=2025-10-10 00:00:00+00:00
[2025-10-10T08:46:08.822+0000] {processor.py:208} INFO - Processing /home/airflow/.local/lib/python3.12/site-packages/airflow/example_dags/example_nested_branch_dag.py took 0.186 seconds
[2025-10-10T08:46:40.032+0000] {processor.py:186} INFO - Started process (PID=1152) to work on /home/airflow/.local/lib/python3.12/site-packages/airflow/example_dags/example_nested_branch_dag.py
[2025-10-10T08:46:40.034+0000] {processor.py:914} INFO - Processing file /home/airflow/.local/lib/python3.12/site-packages/airflow/example_dags/example_nested_branch_dag.py for tasks to queue
[2025-10-10T08:46:40.040+0000] {logging_mixin.py:190} INFO - [2025-10-10T08:46:40.040+0000] {dagbag.py:587} INFO - Filling up the DagBag from /home/airflow/.local/lib/python3.12/site-packages/airflow/example_dags/example_nested_branch_dag.py
[2025-10-10T08:46:40.065+0000] {processor.py:925} INFO - DAG(s) 'example_nested_branch_dag' retrieved from /home/airflow/.local/lib/python3.12/site-packages/airflow/example_dags/example_nested_branch_dag.py
[2025-10-10T08:46:40.122+0000] {logging_mixin.py:190} INFO - [2025-10-10T08:46:40.122+0000] {dag.py:3211} INFO - Sync 1 DAGs
[2025-10-10T08:46:40.215+0000] {logging_mixin.py:190} INFO - [2025-10-10T08:46:40.215+0000] {dag.py:4138} INFO - Setting next_dagrun for example_nested_branch_dag to 2025-10-09 00:00:00+00:00, run_after=2025-10-10 00:00:00+00:00
[2025-10-10T08:46:40.256+0000] {processor.py:208} INFO - Processing /home/airflow/.local/lib/python3.12/site-packages/airflow/example_dags/example_nested_branch_dag.py took 0.237 seconds
[2025-10-10T08:47:11.275+0000] {processor.py:186} INFO - Started process (PID=1215) to work on /home/airflow/.local/lib/python3.12/site-packages/airflow/example_dags/example_nested_branch_dag.py
[2025-10-10T08:47:11.304+0000] {processor.py:914} INFO - Processing file /home/airflow/.local/lib/python3.12/site-packages/airflow/example_dags/example_nested_branch_dag.py for tasks to queue
[2025-10-10T08:47:11.314+0000] {logging_mixin.py:190} INFO - [2025-10-10T08:47:11.313+0000] {dagbag.py:587} INFO - Filling up the DagBag from /home/airflow/.local/lib/python3.12/site-packages/airflow/example_dags/example_nested_branch_dag.py
[2025-10-10T08:47:11.374+0000] {processor.py:925} INFO - DAG(s) 'example_nested_branch_dag' retrieved from /home/airflow/.local/lib/python3.12/site-packages/airflow/example_dags/example_nested_branch_dag.py
[2025-10-10T08:47:11.511+0000] {logging_mixin.py:190} INFO - [2025-10-10T08:47:11.510+0000] {dag.py:3211} INFO - Sync 1 DAGs
[2025-10-10T08:47:11.618+0000] {logging_mixin.py:190} INFO - [2025-10-10T08:47:11.617+0000] {dag.py:4138} INFO - Setting next_dagrun for example_nested_branch_dag to 2025-10-09 00:00:00+00:00, run_after=2025-10-10 00:00:00+00:00
[2025-10-10T08:47:11.700+0000] {processor.py:208} INFO - Processing /home/airflow/.local/lib/python3.12/site-packages/airflow/example_dags/example_nested_branch_dag.py took 0.464 seconds
[2025-10-10T08:47:42.222+0000] {processor.py:186} INFO - Started process (PID=1278) to work on /home/airflow/.local/lib/python3.12/site-packages/airflow/example_dags/example_nested_branch_dag.py
[2025-10-10T08:47:42.229+0000] {processor.py:914} INFO - Processing file /home/airflow/.local/lib/python3.12/site-packages/airflow/example_dags/example_nested_branch_dag.py for tasks to queue
[2025-10-10T08:47:42.242+0000] {logging_mixin.py:190} INFO - [2025-10-10T08:47:42.241+0000] {dagbag.py:587} INFO - Filling up the DagBag from /home/airflow/.local/lib/python3.12/site-packages/airflow/example_dags/example_nested_branch_dag.py
[2025-10-10T08:47:42.289+0000] {processor.py:925} INFO - DAG(s) 'example_nested_branch_dag' retrieved from /home/airflow/.local/lib/python3.12/site-packages/airflow/example_dags/example_nested_branch_dag.py
[2025-10-10T08:47:42.349+0000] {logging_mixin.py:190} INFO - [2025-10-10T08:47:42.348+0000] {dag.py:3211} INFO - Sync 1 DAGs
[2025-10-10T08:47:42.420+0000] {logging_mixin.py:190} INFO - [2025-10-10T08:47:42.420+0000] {dag.py:4138} INFO - Setting next_dagrun for example_nested_branch_dag to 2025-10-09 00:00:00+00:00, run_after=2025-10-10 00:00:00+00:00
[2025-10-10T08:47:42.483+0000] {processor.py:208} INFO - Processing /home/airflow/.local/lib/python3.12/site-packages/airflow/example_dags/example_nested_branch_dag.py took 0.300 seconds
[2025-10-10T08:48:13.716+0000] {processor.py:186} INFO - Started process (PID=1341) to work on /home/airflow/.local/lib/python3.12/site-packages/airflow/example_dags/example_nested_branch_dag.py
[2025-10-10T08:48:13.719+0000] {processor.py:914} INFO - Processing file /home/airflow/.local/lib/python3.12/site-packages/airflow/example_dags/example_nested_branch_dag.py for tasks to queue
[2025-10-10T08:48:13.726+0000] {logging_mixin.py:190} INFO - [2025-10-10T08:48:13.725+0000] {dagbag.py:587} INFO - Filling up the DagBag from /home/airflow/.local/lib/python3.12/site-packages/airflow/example_dags/example_nested_branch_dag.py
[2025-10-10T08:48:13.755+0000] {processor.py:925} INFO - DAG(s) 'example_nested_branch_dag' retrieved from /home/airflow/.local/lib/python3.12/site-packages/airflow/example_dags/example_nested_branch_dag.py
[2025-10-10T08:48:13.815+0000] {logging_mixin.py:190} INFO - [2025-10-10T08:48:13.814+0000] {dag.py:3211} INFO - Sync 1 DAGs
[2025-10-10T08:48:13.877+0000] {logging_mixin.py:190} INFO - [2025-10-10T08:48:13.877+0000] {dag.py:4138} INFO - Setting next_dagrun for example_nested_branch_dag to 2025-10-09 00:00:00+00:00, run_after=2025-10-10 00:00:00+00:00
[2025-10-10T08:48:13.928+0000] {processor.py:208} INFO - Processing /home/airflow/.local/lib/python3.12/site-packages/airflow/example_dags/example_nested_branch_dag.py took 0.228 seconds
[2025-10-10T08:48:44.468+0000] {processor.py:186} INFO - Started process (PID=1404) to work on /home/airflow/.local/lib/python3.12/site-packages/airflow/example_dags/example_nested_branch_dag.py
[2025-10-10T08:48:44.471+0000] {processor.py:914} INFO - Processing file /home/airflow/.local/lib/python3.12/site-packages/airflow/example_dags/example_nested_branch_dag.py for tasks to queue
[2025-10-10T08:48:44.477+0000] {logging_mixin.py:190} INFO - [2025-10-10T08:48:44.476+0000] {dagbag.py:587} INFO - Filling up the DagBag from /home/airflow/.local/lib/python3.12/site-packages/airflow/example_dags/example_nested_branch_dag.py
[2025-10-10T08:48:44.505+0000] {processor.py:925} INFO - DAG(s) 'example_nested_branch_dag' retrieved from /home/airflow/.local/lib/python3.12/site-packages/airflow/example_dags/example_nested_branch_dag.py
[2025-10-10T08:48:44.566+0000] {logging_mixin.py:190} INFO - [2025-10-10T08:48:44.566+0000] {dag.py:3211} INFO - Sync 1 DAGs
[2025-10-10T08:48:44.641+0000] {logging_mixin.py:190} INFO - [2025-10-10T08:48:44.641+0000] {dag.py:4138} INFO - Setting next_dagrun for example_nested_branch_dag to 2025-10-09 00:00:00+00:00, run_after=2025-10-10 00:00:00+00:00
[2025-10-10T08:48:44.704+0000] {processor.py:208} INFO - Processing /home/airflow/.local/lib/python3.12/site-packages/airflow/example_dags/example_nested_branch_dag.py took 0.252 seconds
[2025-10-10T08:49:17.442+0000] {processor.py:186} INFO - Started process (PID=1473) to work on /home/airflow/.local/lib/python3.12/site-packages/airflow/example_dags/example_nested_branch_dag.py
[2025-10-10T08:49:17.454+0000] {processor.py:914} INFO - Processing file /home/airflow/.local/lib/python3.12/site-packages/airflow/example_dags/example_nested_branch_dag.py for tasks to queue
[2025-10-10T08:49:17.472+0000] {logging_mixin.py:190} INFO - [2025-10-10T08:49:17.470+0000] {dagbag.py:587} INFO - Filling up the DagBag from /home/airflow/.local/lib/python3.12/site-packages/airflow/example_dags/example_nested_branch_dag.py
[2025-10-10T08:49:17.541+0000] {processor.py:925} INFO - DAG(s) 'example_nested_branch_dag' retrieved from /home/airflow/.local/lib/python3.12/site-packages/airflow/example_dags/example_nested_branch_dag.py
[2025-10-10T08:49:17.658+0000] {logging_mixin.py:190} INFO - [2025-10-10T08:49:17.657+0000] {dag.py:3211} INFO - Sync 1 DAGs
[2025-10-10T08:49:17.847+0000] {logging_mixin.py:190} INFO - [2025-10-10T08:49:17.834+0000] {dag.py:4138} INFO - Setting next_dagrun for example_nested_branch_dag to 2025-10-09 00:00:00+00:00, run_after=2025-10-10 00:00:00+00:00
[2025-10-10T08:49:17.964+0000] {processor.py:208} INFO - Processing /home/airflow/.local/lib/python3.12/site-packages/airflow/example_dags/example_nested_branch_dag.py took 0.548 seconds
[2025-10-10T08:53:52.757+0000] {processor.py:186} INFO - Started process (PID=87) to work on /home/airflow/.local/lib/python3.12/site-packages/airflow/example_dags/example_nested_branch_dag.py
[2025-10-10T08:53:52.761+0000] {processor.py:914} INFO - Processing file /home/airflow/.local/lib/python3.12/site-packages/airflow/example_dags/example_nested_branch_dag.py for tasks to queue
[2025-10-10T08:53:52.770+0000] {logging_mixin.py:190} INFO - [2025-10-10T08:53:52.769+0000] {dagbag.py:587} INFO - Filling up the DagBag from /home/airflow/.local/lib/python3.12/site-packages/airflow/example_dags/example_nested_branch_dag.py
[2025-10-10T08:53:52.810+0000] {processor.py:925} INFO - DAG(s) 'example_nested_branch_dag' retrieved from /home/airflow/.local/lib/python3.12/site-packages/airflow/example_dags/example_nested_branch_dag.py
[2025-10-10T08:53:52.899+0000] {logging_mixin.py:190} INFO - [2025-10-10T08:53:52.898+0000] {dag.py:3211} INFO - Sync 1 DAGs
[2025-10-10T08:53:52.970+0000] {logging_mixin.py:190} INFO - [2025-10-10T08:53:52.970+0000] {dag.py:4138} INFO - Setting next_dagrun for example_nested_branch_dag to 2025-10-09 00:00:00+00:00, run_after=2025-10-10 00:00:00+00:00
[2025-10-10T08:53:53.150+0000] {processor.py:208} INFO - Processing /home/airflow/.local/lib/python3.12/site-packages/airflow/example_dags/example_nested_branch_dag.py took 0.415 seconds
[2025-10-10T08:54:24.184+0000] {processor.py:186} INFO - Started process (PID=150) to work on /home/airflow/.local/lib/python3.12/site-packages/airflow/example_dags/example_nested_branch_dag.py
[2025-10-10T08:54:24.187+0000] {processor.py:914} INFO - Processing file /home/airflow/.local/lib/python3.12/site-packages/airflow/example_dags/example_nested_branch_dag.py for tasks to queue
[2025-10-10T08:54:24.197+0000] {logging_mixin.py:190} INFO - [2025-10-10T08:54:24.196+0000] {dagbag.py:587} INFO - Filling up the DagBag from /home/airflow/.local/lib/python3.12/site-packages/airflow/example_dags/example_nested_branch_dag.py
[2025-10-10T08:54:24.235+0000] {processor.py:925} INFO - DAG(s) 'example_nested_branch_dag' retrieved from /home/airflow/.local/lib/python3.12/site-packages/airflow/example_dags/example_nested_branch_dag.py
[2025-10-10T08:54:24.305+0000] {logging_mixin.py:190} INFO - [2025-10-10T08:54:24.305+0000] {dag.py:3211} INFO - Sync 1 DAGs
[2025-10-10T08:54:24.371+0000] {logging_mixin.py:190} INFO - [2025-10-10T08:54:24.371+0000] {dag.py:4138} INFO - Setting next_dagrun for example_nested_branch_dag to 2025-10-09 00:00:00+00:00, run_after=2025-10-10 00:00:00+00:00
[2025-10-10T08:54:24.421+0000] {processor.py:208} INFO - Processing /home/airflow/.local/lib/python3.12/site-packages/airflow/example_dags/example_nested_branch_dag.py took 0.254 seconds
[2025-10-10T08:54:55.565+0000] {processor.py:186} INFO - Started process (PID=214) to work on /home/airflow/.local/lib/python3.12/site-packages/airflow/example_dags/example_nested_branch_dag.py
[2025-10-10T08:54:55.568+0000] {processor.py:914} INFO - Processing file /home/airflow/.local/lib/python3.12/site-packages/airflow/example_dags/example_nested_branch_dag.py for tasks to queue
[2025-10-10T08:54:55.575+0000] {logging_mixin.py:190} INFO - [2025-10-10T08:54:55.574+0000] {dagbag.py:587} INFO - Filling up the DagBag from /home/airflow/.local/lib/python3.12/site-packages/airflow/example_dags/example_nested_branch_dag.py
[2025-10-10T08:54:55.615+0000] {processor.py:925} INFO - DAG(s) 'example_nested_branch_dag' retrieved from /home/airflow/.local/lib/python3.12/site-packages/airflow/example_dags/example_nested_branch_dag.py
[2025-10-10T08:54:55.691+0000] {logging_mixin.py:190} INFO - [2025-10-10T08:54:55.690+0000] {dag.py:3211} INFO - Sync 1 DAGs
[2025-10-10T08:54:55.760+0000] {logging_mixin.py:190} INFO - [2025-10-10T08:54:55.760+0000] {dag.py:4138} INFO - Setting next_dagrun for example_nested_branch_dag to 2025-10-09 00:00:00+00:00, run_after=2025-10-10 00:00:00+00:00
[2025-10-10T08:54:55.810+0000] {processor.py:208} INFO - Processing /home/airflow/.local/lib/python3.12/site-packages/airflow/example_dags/example_nested_branch_dag.py took 0.265 seconds
[2025-10-10T08:58:01.505+0000] {processor.py:186} INFO - Started process (PID=88) to work on /home/airflow/.local/lib/python3.12/site-packages/airflow/example_dags/example_nested_branch_dag.py
[2025-10-10T08:58:01.509+0000] {processor.py:914} INFO - Processing file /home/airflow/.local/lib/python3.12/site-packages/airflow/example_dags/example_nested_branch_dag.py for tasks to queue
[2025-10-10T08:58:01.526+0000] {logging_mixin.py:190} INFO - [2025-10-10T08:58:01.525+0000] {dagbag.py:587} INFO - Filling up the DagBag from /home/airflow/.local/lib/python3.12/site-packages/airflow/example_dags/example_nested_branch_dag.py
[2025-10-10T08:58:01.585+0000] {processor.py:925} INFO - DAG(s) 'example_nested_branch_dag' retrieved from /home/airflow/.local/lib/python3.12/site-packages/airflow/example_dags/example_nested_branch_dag.py
[2025-10-10T08:58:01.780+0000] {logging_mixin.py:190} INFO - [2025-10-10T08:58:01.780+0000] {dag.py:3211} INFO - Sync 1 DAGs
[2025-10-10T08:58:01.915+0000] {logging_mixin.py:190} INFO - [2025-10-10T08:58:01.914+0000] {dag.py:4138} INFO - Setting next_dagrun for example_nested_branch_dag to 2025-10-09 00:00:00+00:00, run_after=2025-10-10 00:00:00+00:00
[2025-10-10T08:58:02.144+0000] {processor.py:208} INFO - Processing /home/airflow/.local/lib/python3.12/site-packages/airflow/example_dags/example_nested_branch_dag.py took 0.671 seconds
[2025-10-10T08:58:32.901+0000] {processor.py:186} INFO - Started process (PID=151) to work on /home/airflow/.local/lib/python3.12/site-packages/airflow/example_dags/example_nested_branch_dag.py
[2025-10-10T08:58:32.913+0000] {processor.py:914} INFO - Processing file /home/airflow/.local/lib/python3.12/site-packages/airflow/example_dags/example_nested_branch_dag.py for tasks to queue
[2025-10-10T08:58:32.939+0000] {logging_mixin.py:190} INFO - [2025-10-10T08:58:32.938+0000] {dagbag.py:587} INFO - Filling up the DagBag from /home/airflow/.local/lib/python3.12/site-packages/airflow/example_dags/example_nested_branch_dag.py
[2025-10-10T08:58:33.030+0000] {processor.py:925} INFO - DAG(s) 'example_nested_branch_dag' retrieved from /home/airflow/.local/lib/python3.12/site-packages/airflow/example_dags/example_nested_branch_dag.py
[2025-10-10T08:58:33.160+0000] {logging_mixin.py:190} INFO - [2025-10-10T08:58:33.159+0000] {dag.py:3211} INFO - Sync 1 DAGs
[2025-10-10T08:58:33.242+0000] {logging_mixin.py:190} INFO - [2025-10-10T08:58:33.241+0000] {dag.py:4138} INFO - Setting next_dagrun for example_nested_branch_dag to 2025-10-09 00:00:00+00:00, run_after=2025-10-10 00:00:00+00:00
[2025-10-10T08:58:33.300+0000] {processor.py:208} INFO - Processing /home/airflow/.local/lib/python3.12/site-packages/airflow/example_dags/example_nested_branch_dag.py took 0.463 seconds
[2025-10-10T09:01:28.493+0000] {processor.py:186} INFO - Started process (PID=87) to work on /home/airflow/.local/lib/python3.12/site-packages/airflow/example_dags/example_nested_branch_dag.py
[2025-10-10T09:01:28.496+0000] {processor.py:914} INFO - Processing file /home/airflow/.local/lib/python3.12/site-packages/airflow/example_dags/example_nested_branch_dag.py for tasks to queue
[2025-10-10T09:01:28.503+0000] {logging_mixin.py:190} INFO - [2025-10-10T09:01:28.502+0000] {dagbag.py:587} INFO - Filling up the DagBag from /home/airflow/.local/lib/python3.12/site-packages/airflow/example_dags/example_nested_branch_dag.py
[2025-10-10T09:01:28.538+0000] {processor.py:925} INFO - DAG(s) 'example_nested_branch_dag' retrieved from /home/airflow/.local/lib/python3.12/site-packages/airflow/example_dags/example_nested_branch_dag.py
[2025-10-10T09:01:28.631+0000] {logging_mixin.py:190} INFO - [2025-10-10T09:01:28.630+0000] {dag.py:3211} INFO - Sync 1 DAGs
[2025-10-10T09:01:28.731+0000] {logging_mixin.py:190} INFO - [2025-10-10T09:01:28.730+0000] {dag.py:4138} INFO - Setting next_dagrun for example_nested_branch_dag to 2025-10-09 00:00:00+00:00, run_after=2025-10-10 00:00:00+00:00
[2025-10-10T09:01:28.818+0000] {processor.py:208} INFO - Processing /home/airflow/.local/lib/python3.12/site-packages/airflow/example_dags/example_nested_branch_dag.py took 0.340 seconds
[2025-10-10T09:01:59.698+0000] {processor.py:186} INFO - Started process (PID=150) to work on /home/airflow/.local/lib/python3.12/site-packages/airflow/example_dags/example_nested_branch_dag.py
[2025-10-10T09:01:59.710+0000] {processor.py:914} INFO - Processing file /home/airflow/.local/lib/python3.12/site-packages/airflow/example_dags/example_nested_branch_dag.py for tasks to queue
[2025-10-10T09:01:59.726+0000] {logging_mixin.py:190} INFO - [2025-10-10T09:01:59.725+0000] {dagbag.py:587} INFO - Filling up the DagBag from /home/airflow/.local/lib/python3.12/site-packages/airflow/example_dags/example_nested_branch_dag.py
[2025-10-10T09:01:59.785+0000] {processor.py:925} INFO - DAG(s) 'example_nested_branch_dag' retrieved from /home/airflow/.local/lib/python3.12/site-packages/airflow/example_dags/example_nested_branch_dag.py
[2025-10-10T09:01:59.880+0000] {logging_mixin.py:190} INFO - [2025-10-10T09:01:59.880+0000] {dag.py:3211} INFO - Sync 1 DAGs
[2025-10-10T09:02:00.009+0000] {logging_mixin.py:190} INFO - [2025-10-10T09:02:00.009+0000] {dag.py:4138} INFO - Setting next_dagrun for example_nested_branch_dag to 2025-10-09 00:00:00+00:00, run_after=2025-10-10 00:00:00+00:00
[2025-10-10T09:02:00.086+0000] {processor.py:208} INFO - Processing /home/airflow/.local/lib/python3.12/site-packages/airflow/example_dags/example_nested_branch_dag.py took 0.413 seconds
[2025-10-10T09:02:31.391+0000] {processor.py:186} INFO - Started process (PID=213) to work on /home/airflow/.local/lib/python3.12/site-packages/airflow/example_dags/example_nested_branch_dag.py
[2025-10-10T09:02:31.394+0000] {processor.py:914} INFO - Processing file /home/airflow/.local/lib/python3.12/site-packages/airflow/example_dags/example_nested_branch_dag.py for tasks to queue
[2025-10-10T09:02:31.406+0000] {logging_mixin.py:190} INFO - [2025-10-10T09:02:31.404+0000] {dagbag.py:587} INFO - Filling up the DagBag from /home/airflow/.local/lib/python3.12/site-packages/airflow/example_dags/example_nested_branch_dag.py
[2025-10-10T09:02:31.458+0000] {processor.py:925} INFO - DAG(s) 'example_nested_branch_dag' retrieved from /home/airflow/.local/lib/python3.12/site-packages/airflow/example_dags/example_nested_branch_dag.py
[2025-10-10T09:02:31.520+0000] {logging_mixin.py:190} INFO - [2025-10-10T09:02:31.519+0000] {dag.py:3211} INFO - Sync 1 DAGs
[2025-10-10T09:02:31.601+0000] {logging_mixin.py:190} INFO - [2025-10-10T09:02:31.601+0000] {dag.py:4138} INFO - Setting next_dagrun for example_nested_branch_dag to 2025-10-09 00:00:00+00:00, run_after=2025-10-10 00:00:00+00:00
[2025-10-10T09:02:31.643+0000] {processor.py:208} INFO - Processing /home/airflow/.local/lib/python3.12/site-packages/airflow/example_dags/example_nested_branch_dag.py took 0.278 seconds
[2025-10-10T09:03:02.422+0000] {processor.py:186} INFO - Started process (PID=277) to work on /home/airflow/.local/lib/python3.12/site-packages/airflow/example_dags/example_nested_branch_dag.py
[2025-10-10T09:03:02.425+0000] {processor.py:914} INFO - Processing file /home/airflow/.local/lib/python3.12/site-packages/airflow/example_dags/example_nested_branch_dag.py for tasks to queue
[2025-10-10T09:03:02.435+0000] {logging_mixin.py:190} INFO - [2025-10-10T09:03:02.433+0000] {dagbag.py:587} INFO - Filling up the DagBag from /home/airflow/.local/lib/python3.12/site-packages/airflow/example_dags/example_nested_branch_dag.py
[2025-10-10T09:03:02.480+0000] {processor.py:925} INFO - DAG(s) 'example_nested_branch_dag' retrieved from /home/airflow/.local/lib/python3.12/site-packages/airflow/example_dags/example_nested_branch_dag.py
[2025-10-10T09:03:02.558+0000] {logging_mixin.py:190} INFO - [2025-10-10T09:03:02.557+0000] {dag.py:3211} INFO - Sync 1 DAGs
[2025-10-10T09:03:02.631+0000] {logging_mixin.py:190} INFO - [2025-10-10T09:03:02.630+0000] {dag.py:4138} INFO - Setting next_dagrun for example_nested_branch_dag to 2025-10-09 00:00:00+00:00, run_after=2025-10-10 00:00:00+00:00
[2025-10-10T09:03:02.678+0000] {processor.py:208} INFO - Processing /home/airflow/.local/lib/python3.12/site-packages/airflow/example_dags/example_nested_branch_dag.py took 0.275 seconds
[2025-10-10T09:03:33.886+0000] {processor.py:186} INFO - Started process (PID=340) to work on /home/airflow/.local/lib/python3.12/site-packages/airflow/example_dags/example_nested_branch_dag.py
[2025-10-10T09:03:33.889+0000] {processor.py:914} INFO - Processing file /home/airflow/.local/lib/python3.12/site-packages/airflow/example_dags/example_nested_branch_dag.py for tasks to queue
[2025-10-10T09:03:33.895+0000] {logging_mixin.py:190} INFO - [2025-10-10T09:03:33.894+0000] {dagbag.py:587} INFO - Filling up the DagBag from /home/airflow/.local/lib/python3.12/site-packages/airflow/example_dags/example_nested_branch_dag.py
[2025-10-10T09:03:33.931+0000] {processor.py:925} INFO - DAG(s) 'example_nested_branch_dag' retrieved from /home/airflow/.local/lib/python3.12/site-packages/airflow/example_dags/example_nested_branch_dag.py
[2025-10-10T09:03:33.991+0000] {logging_mixin.py:190} INFO - [2025-10-10T09:03:33.990+0000] {dag.py:3211} INFO - Sync 1 DAGs
[2025-10-10T09:03:34.050+0000] {logging_mixin.py:190} INFO - [2025-10-10T09:03:34.050+0000] {dag.py:4138} INFO - Setting next_dagrun for example_nested_branch_dag to 2025-10-09 00:00:00+00:00, run_after=2025-10-10 00:00:00+00:00
[2025-10-10T09:03:34.097+0000] {processor.py:208} INFO - Processing /home/airflow/.local/lib/python3.12/site-packages/airflow/example_dags/example_nested_branch_dag.py took 0.228 seconds
[2025-10-10T09:04:04.664+0000] {processor.py:186} INFO - Started process (PID=402) to work on /home/airflow/.local/lib/python3.12/site-packages/airflow/example_dags/example_nested_branch_dag.py
[2025-10-10T09:04:04.671+0000] {processor.py:914} INFO - Processing file /home/airflow/.local/lib/python3.12/site-packages/airflow/example_dags/example_nested_branch_dag.py for tasks to queue
[2025-10-10T09:04:04.685+0000] {logging_mixin.py:190} INFO - [2025-10-10T09:04:04.684+0000] {dagbag.py:587} INFO - Filling up the DagBag from /home/airflow/.local/lib/python3.12/site-packages/airflow/example_dags/example_nested_branch_dag.py
[2025-10-10T09:04:04.806+0000] {processor.py:925} INFO - DAG(s) 'example_nested_branch_dag' retrieved from /home/airflow/.local/lib/python3.12/site-packages/airflow/example_dags/example_nested_branch_dag.py
[2025-10-10T09:04:04.989+0000] {logging_mixin.py:190} INFO - [2025-10-10T09:04:04.983+0000] {dag.py:3211} INFO - Sync 1 DAGs
[2025-10-10T09:04:05.189+0000] {logging_mixin.py:190} INFO - [2025-10-10T09:04:05.189+0000] {dag.py:4138} INFO - Setting next_dagrun for example_nested_branch_dag to 2025-10-09 00:00:00+00:00, run_after=2025-10-10 00:00:00+00:00
[2025-10-10T09:04:05.280+0000] {processor.py:208} INFO - Processing /home/airflow/.local/lib/python3.12/site-packages/airflow/example_dags/example_nested_branch_dag.py took 0.652 seconds
[2025-10-10T09:04:35.817+0000] {processor.py:186} INFO - Started process (PID=465) to work on /home/airflow/.local/lib/python3.12/site-packages/airflow/example_dags/example_nested_branch_dag.py
[2025-10-10T09:04:35.821+0000] {processor.py:914} INFO - Processing file /home/airflow/.local/lib/python3.12/site-packages/airflow/example_dags/example_nested_branch_dag.py for tasks to queue
[2025-10-10T09:04:35.831+0000] {logging_mixin.py:190} INFO - [2025-10-10T09:04:35.830+0000] {dagbag.py:587} INFO - Filling up the DagBag from /home/airflow/.local/lib/python3.12/site-packages/airflow/example_dags/example_nested_branch_dag.py
[2025-10-10T09:04:35.876+0000] {processor.py:925} INFO - DAG(s) 'example_nested_branch_dag' retrieved from /home/airflow/.local/lib/python3.12/site-packages/airflow/example_dags/example_nested_branch_dag.py
[2025-10-10T09:04:35.969+0000] {logging_mixin.py:190} INFO - [2025-10-10T09:04:35.968+0000] {dag.py:3211} INFO - Sync 1 DAGs
[2025-10-10T09:04:36.062+0000] {logging_mixin.py:190} INFO - [2025-10-10T09:04:36.061+0000] {dag.py:4138} INFO - Setting next_dagrun for example_nested_branch_dag to 2025-10-09 00:00:00+00:00, run_after=2025-10-10 00:00:00+00:00
[2025-10-10T09:04:36.134+0000] {processor.py:208} INFO - Processing /home/airflow/.local/lib/python3.12/site-packages/airflow/example_dags/example_nested_branch_dag.py took 0.340 seconds
[2025-10-10T09:05:06.768+0000] {processor.py:186} INFO - Started process (PID=528) to work on /home/airflow/.local/lib/python3.12/site-packages/airflow/example_dags/example_nested_branch_dag.py
[2025-10-10T09:05:06.772+0000] {processor.py:914} INFO - Processing file /home/airflow/.local/lib/python3.12/site-packages/airflow/example_dags/example_nested_branch_dag.py for tasks to queue
[2025-10-10T09:05:06.780+0000] {logging_mixin.py:190} INFO - [2025-10-10T09:05:06.779+0000] {dagbag.py:587} INFO - Filling up the DagBag from /home/airflow/.local/lib/python3.12/site-packages/airflow/example_dags/example_nested_branch_dag.py
[2025-10-10T09:05:06.819+0000] {processor.py:925} INFO - DAG(s) 'example_nested_branch_dag' retrieved from /home/airflow/.local/lib/python3.12/site-packages/airflow/example_dags/example_nested_branch_dag.py
[2025-10-10T09:05:06.866+0000] {logging_mixin.py:190} INFO - [2025-10-10T09:05:06.865+0000] {dag.py:3211} INFO - Sync 1 DAGs
[2025-10-10T09:05:06.915+0000] {logging_mixin.py:190} INFO - [2025-10-10T09:05:06.915+0000] {dag.py:4138} INFO - Setting next_dagrun for example_nested_branch_dag to 2025-10-09 00:00:00+00:00, run_after=2025-10-10 00:00:00+00:00
[2025-10-10T09:05:06.961+0000] {processor.py:208} INFO - Processing /home/airflow/.local/lib/python3.12/site-packages/airflow/example_dags/example_nested_branch_dag.py took 0.215 seconds
[2025-10-10T09:05:37.193+0000] {processor.py:186} INFO - Started process (PID=591) to work on /home/airflow/.local/lib/python3.12/site-packages/airflow/example_dags/example_nested_branch_dag.py
[2025-10-10T09:05:37.195+0000] {processor.py:914} INFO - Processing file /home/airflow/.local/lib/python3.12/site-packages/airflow/example_dags/example_nested_branch_dag.py for tasks to queue
[2025-10-10T09:05:37.204+0000] {logging_mixin.py:190} INFO - [2025-10-10T09:05:37.203+0000] {dagbag.py:587} INFO - Filling up the DagBag from /home/airflow/.local/lib/python3.12/site-packages/airflow/example_dags/example_nested_branch_dag.py
[2025-10-10T09:05:37.237+0000] {processor.py:925} INFO - DAG(s) 'example_nested_branch_dag' retrieved from /home/airflow/.local/lib/python3.12/site-packages/airflow/example_dags/example_nested_branch_dag.py
[2025-10-10T09:05:37.296+0000] {logging_mixin.py:190} INFO - [2025-10-10T09:05:37.296+0000] {dag.py:3211} INFO - Sync 1 DAGs
[2025-10-10T09:05:37.451+0000] {logging_mixin.py:190} INFO - [2025-10-10T09:05:37.450+0000] {dag.py:4138} INFO - Setting next_dagrun for example_nested_branch_dag to 2025-10-09 00:00:00+00:00, run_after=2025-10-10 00:00:00+00:00
[2025-10-10T09:05:37.524+0000] {processor.py:208} INFO - Processing /home/airflow/.local/lib/python3.12/site-packages/airflow/example_dags/example_nested_branch_dag.py took 0.346 seconds
