[2025-10-10T08:37:58.365+0000] {processor.py:186} INFO - Started process (PID=105) to work on /home/airflow/.local/lib/python3.12/site-packages/airflow/example_dags/example_python_decorator.py
[2025-10-10T08:37:58.368+0000] {processor.py:914} INFO - Processing file /home/airflow/.local/lib/python3.12/site-packages/airflow/example_dags/example_python_decorator.py for tasks to queue
[2025-10-10T08:37:58.376+0000] {logging_mixin.py:190} INFO - [2025-10-10T08:37:58.374+0000] {dagbag.py:587} INFO - Filling up the DagBag from /home/airflow/.local/lib/python3.12/site-packages/airflow/example_dags/example_python_decorator.py
[2025-10-10T08:37:58.413+0000] {processor.py:925} INFO - DAG(s) 'example_python_decorator' retrieved from /home/airflow/.local/lib/python3.12/site-packages/airflow/example_dags/example_python_decorator.py
[2025-10-10T08:37:58.661+0000] {logging_mixin.py:190} INFO - [2025-10-10T08:37:58.661+0000] {dag.py:3211} INFO - Sync 1 DAGs
[2025-10-10T08:37:58.695+0000] {logging_mixin.py:190} INFO - [2025-10-10T08:37:58.695+0000] {dag.py:4138} INFO - Setting next_dagrun for example_python_decorator to None, run_after=None
[2025-10-10T08:37:58.741+0000] {processor.py:208} INFO - Processing /home/airflow/.local/lib/python3.12/site-packages/airflow/example_dags/example_python_decorator.py took 0.391 seconds
[2025-10-10T08:38:29.413+0000] {processor.py:186} INFO - Started process (PID=169) to work on /home/airflow/.local/lib/python3.12/site-packages/airflow/example_dags/example_python_decorator.py
[2025-10-10T08:38:29.416+0000] {processor.py:914} INFO - Processing file /home/airflow/.local/lib/python3.12/site-packages/airflow/example_dags/example_python_decorator.py for tasks to queue
[2025-10-10T08:38:29.423+0000] {logging_mixin.py:190} INFO - [2025-10-10T08:38:29.422+0000] {dagbag.py:587} INFO - Filling up the DagBag from /home/airflow/.local/lib/python3.12/site-packages/airflow/example_dags/example_python_decorator.py
[2025-10-10T08:38:29.467+0000] {processor.py:925} INFO - DAG(s) 'example_python_decorator' retrieved from /home/airflow/.local/lib/python3.12/site-packages/airflow/example_dags/example_python_decorator.py
[2025-10-10T08:38:29.529+0000] {logging_mixin.py:190} INFO - [2025-10-10T08:38:29.528+0000] {dag.py:3211} INFO - Sync 1 DAGs
[2025-10-10T08:38:29.568+0000] {logging_mixin.py:190} INFO - [2025-10-10T08:38:29.567+0000] {dag.py:4138} INFO - Setting next_dagrun for example_python_decorator to None, run_after=None
[2025-10-10T08:38:29.622+0000] {processor.py:208} INFO - Processing /home/airflow/.local/lib/python3.12/site-packages/airflow/example_dags/example_python_decorator.py took 0.227 seconds
[2025-10-10T08:39:01.338+0000] {processor.py:186} INFO - Started process (PID=232) to work on /home/airflow/.local/lib/python3.12/site-packages/airflow/example_dags/example_python_decorator.py
[2025-10-10T08:39:01.342+0000] {processor.py:914} INFO - Processing file /home/airflow/.local/lib/python3.12/site-packages/airflow/example_dags/example_python_decorator.py for tasks to queue
[2025-10-10T08:39:01.350+0000] {logging_mixin.py:190} INFO - [2025-10-10T08:39:01.349+0000] {dagbag.py:587} INFO - Filling up the DagBag from /home/airflow/.local/lib/python3.12/site-packages/airflow/example_dags/example_python_decorator.py
[2025-10-10T08:39:01.410+0000] {processor.py:925} INFO - DAG(s) 'example_python_decorator' retrieved from /home/airflow/.local/lib/python3.12/site-packages/airflow/example_dags/example_python_decorator.py
[2025-10-10T08:39:01.485+0000] {logging_mixin.py:190} INFO - [2025-10-10T08:39:01.484+0000] {dag.py:3211} INFO - Sync 1 DAGs
[2025-10-10T08:39:01.541+0000] {logging_mixin.py:190} INFO - [2025-10-10T08:39:01.540+0000] {dag.py:4138} INFO - Setting next_dagrun for example_python_decorator to None, run_after=None
[2025-10-10T08:39:01.600+0000] {processor.py:208} INFO - Processing /home/airflow/.local/lib/python3.12/site-packages/airflow/example_dags/example_python_decorator.py took 0.287 seconds
[2025-10-10T08:39:31.725+0000] {processor.py:186} INFO - Started process (PID=294) to work on /home/airflow/.local/lib/python3.12/site-packages/airflow/example_dags/example_python_decorator.py
[2025-10-10T08:39:31.727+0000] {processor.py:914} INFO - Processing file /home/airflow/.local/lib/python3.12/site-packages/airflow/example_dags/example_python_decorator.py for tasks to queue
[2025-10-10T08:39:31.733+0000] {logging_mixin.py:190} INFO - [2025-10-10T08:39:31.732+0000] {dagbag.py:587} INFO - Filling up the DagBag from /home/airflow/.local/lib/python3.12/site-packages/airflow/example_dags/example_python_decorator.py
[2025-10-10T08:39:31.765+0000] {processor.py:925} INFO - DAG(s) 'example_python_decorator' retrieved from /home/airflow/.local/lib/python3.12/site-packages/airflow/example_dags/example_python_decorator.py
[2025-10-10T08:39:31.822+0000] {logging_mixin.py:190} INFO - [2025-10-10T08:39:31.822+0000] {dag.py:3211} INFO - Sync 1 DAGs
[2025-10-10T08:39:31.854+0000] {logging_mixin.py:190} INFO - [2025-10-10T08:39:31.853+0000] {dag.py:4138} INFO - Setting next_dagrun for example_python_decorator to None, run_after=None
[2025-10-10T08:39:31.902+0000] {processor.py:208} INFO - Processing /home/airflow/.local/lib/python3.12/site-packages/airflow/example_dags/example_python_decorator.py took 0.191 seconds
[2025-10-10T08:40:03.985+0000] {processor.py:186} INFO - Started process (PID=357) to work on /home/airflow/.local/lib/python3.12/site-packages/airflow/example_dags/example_python_decorator.py
[2025-10-10T08:40:03.992+0000] {processor.py:914} INFO - Processing file /home/airflow/.local/lib/python3.12/site-packages/airflow/example_dags/example_python_decorator.py for tasks to queue
[2025-10-10T08:40:04.011+0000] {logging_mixin.py:190} INFO - [2025-10-10T08:40:04.009+0000] {dagbag.py:587} INFO - Filling up the DagBag from /home/airflow/.local/lib/python3.12/site-packages/airflow/example_dags/example_python_decorator.py
[2025-10-10T08:40:04.099+0000] {processor.py:925} INFO - DAG(s) 'example_python_decorator' retrieved from /home/airflow/.local/lib/python3.12/site-packages/airflow/example_dags/example_python_decorator.py
[2025-10-10T08:40:04.190+0000] {logging_mixin.py:190} INFO - [2025-10-10T08:40:04.189+0000] {dag.py:3211} INFO - Sync 1 DAGs
[2025-10-10T08:40:04.225+0000] {logging_mixin.py:190} INFO - [2025-10-10T08:40:04.225+0000] {dag.py:4138} INFO - Setting next_dagrun for example_python_decorator to None, run_after=None
[2025-10-10T08:40:04.293+0000] {processor.py:208} INFO - Processing /home/airflow/.local/lib/python3.12/site-packages/airflow/example_dags/example_python_decorator.py took 0.354 seconds
[2025-10-10T08:40:35.286+0000] {processor.py:186} INFO - Started process (PID=420) to work on /home/airflow/.local/lib/python3.12/site-packages/airflow/example_dags/example_python_decorator.py
[2025-10-10T08:40:35.289+0000] {processor.py:914} INFO - Processing file /home/airflow/.local/lib/python3.12/site-packages/airflow/example_dags/example_python_decorator.py for tasks to queue
[2025-10-10T08:40:35.296+0000] {logging_mixin.py:190} INFO - [2025-10-10T08:40:35.295+0000] {dagbag.py:587} INFO - Filling up the DagBag from /home/airflow/.local/lib/python3.12/site-packages/airflow/example_dags/example_python_decorator.py
[2025-10-10T08:40:35.341+0000] {processor.py:925} INFO - DAG(s) 'example_python_decorator' retrieved from /home/airflow/.local/lib/python3.12/site-packages/airflow/example_dags/example_python_decorator.py
[2025-10-10T08:40:35.402+0000] {logging_mixin.py:190} INFO - [2025-10-10T08:40:35.401+0000] {dag.py:3211} INFO - Sync 1 DAGs
[2025-10-10T08:40:35.442+0000] {logging_mixin.py:190} INFO - [2025-10-10T08:40:35.441+0000] {dag.py:4138} INFO - Setting next_dagrun for example_python_decorator to None, run_after=None
[2025-10-10T08:40:35.492+0000] {processor.py:208} INFO - Processing /home/airflow/.local/lib/python3.12/site-packages/airflow/example_dags/example_python_decorator.py took 0.223 seconds
[2025-10-10T08:41:07.071+0000] {processor.py:186} INFO - Started process (PID=483) to work on /home/airflow/.local/lib/python3.12/site-packages/airflow/example_dags/example_python_decorator.py
[2025-10-10T08:41:07.075+0000] {processor.py:914} INFO - Processing file /home/airflow/.local/lib/python3.12/site-packages/airflow/example_dags/example_python_decorator.py for tasks to queue
[2025-10-10T08:41:07.084+0000] {logging_mixin.py:190} INFO - [2025-10-10T08:41:07.083+0000] {dagbag.py:587} INFO - Filling up the DagBag from /home/airflow/.local/lib/python3.12/site-packages/airflow/example_dags/example_python_decorator.py
[2025-10-10T08:41:07.139+0000] {processor.py:925} INFO - DAG(s) 'example_python_decorator' retrieved from /home/airflow/.local/lib/python3.12/site-packages/airflow/example_dags/example_python_decorator.py
[2025-10-10T08:41:07.217+0000] {logging_mixin.py:190} INFO - [2025-10-10T08:41:07.216+0000] {dag.py:3211} INFO - Sync 1 DAGs
[2025-10-10T08:41:07.260+0000] {logging_mixin.py:190} INFO - [2025-10-10T08:41:07.260+0000] {dag.py:4138} INFO - Setting next_dagrun for example_python_decorator to None, run_after=None
[2025-10-10T08:41:07.331+0000] {processor.py:208} INFO - Processing /home/airflow/.local/lib/python3.12/site-packages/airflow/example_dags/example_python_decorator.py took 0.281 seconds
[2025-10-10T08:41:38.599+0000] {processor.py:186} INFO - Started process (PID=546) to work on /home/airflow/.local/lib/python3.12/site-packages/airflow/example_dags/example_python_decorator.py
[2025-10-10T08:41:38.602+0000] {processor.py:914} INFO - Processing file /home/airflow/.local/lib/python3.12/site-packages/airflow/example_dags/example_python_decorator.py for tasks to queue
[2025-10-10T08:41:38.609+0000] {logging_mixin.py:190} INFO - [2025-10-10T08:41:38.608+0000] {dagbag.py:587} INFO - Filling up the DagBag from /home/airflow/.local/lib/python3.12/site-packages/airflow/example_dags/example_python_decorator.py
[2025-10-10T08:41:38.653+0000] {processor.py:925} INFO - DAG(s) 'example_python_decorator' retrieved from /home/airflow/.local/lib/python3.12/site-packages/airflow/example_dags/example_python_decorator.py
[2025-10-10T08:41:38.713+0000] {logging_mixin.py:190} INFO - [2025-10-10T08:41:38.712+0000] {dag.py:3211} INFO - Sync 1 DAGs
[2025-10-10T08:41:38.751+0000] {logging_mixin.py:190} INFO - [2025-10-10T08:41:38.750+0000] {dag.py:4138} INFO - Setting next_dagrun for example_python_decorator to None, run_after=None
[2025-10-10T08:41:38.808+0000] {processor.py:208} INFO - Processing /home/airflow/.local/lib/python3.12/site-packages/airflow/example_dags/example_python_decorator.py took 0.227 seconds
[2025-10-10T08:42:09.094+0000] {processor.py:186} INFO - Started process (PID=609) to work on /home/airflow/.local/lib/python3.12/site-packages/airflow/example_dags/example_python_decorator.py
[2025-10-10T08:42:09.096+0000] {processor.py:914} INFO - Processing file /home/airflow/.local/lib/python3.12/site-packages/airflow/example_dags/example_python_decorator.py for tasks to queue
[2025-10-10T08:42:09.105+0000] {logging_mixin.py:190} INFO - [2025-10-10T08:42:09.104+0000] {dagbag.py:587} INFO - Filling up the DagBag from /home/airflow/.local/lib/python3.12/site-packages/airflow/example_dags/example_python_decorator.py
[2025-10-10T08:42:09.153+0000] {processor.py:925} INFO - DAG(s) 'example_python_decorator' retrieved from /home/airflow/.local/lib/python3.12/site-packages/airflow/example_dags/example_python_decorator.py
[2025-10-10T08:42:09.340+0000] {logging_mixin.py:190} INFO - [2025-10-10T08:42:09.339+0000] {dag.py:3211} INFO - Sync 1 DAGs
[2025-10-10T08:42:09.545+0000] {logging_mixin.py:190} INFO - [2025-10-10T08:42:09.544+0000] {dag.py:4138} INFO - Setting next_dagrun for example_python_decorator to None, run_after=None
[2025-10-10T08:42:09.718+0000] {processor.py:208} INFO - Processing /home/airflow/.local/lib/python3.12/site-packages/airflow/example_dags/example_python_decorator.py took 0.638 seconds
[2025-10-10T08:42:40.151+0000] {processor.py:186} INFO - Started process (PID=677) to work on /home/airflow/.local/lib/python3.12/site-packages/airflow/example_dags/example_python_decorator.py
[2025-10-10T08:42:40.154+0000] {processor.py:914} INFO - Processing file /home/airflow/.local/lib/python3.12/site-packages/airflow/example_dags/example_python_decorator.py for tasks to queue
[2025-10-10T08:42:40.161+0000] {logging_mixin.py:190} INFO - [2025-10-10T08:42:40.160+0000] {dagbag.py:587} INFO - Filling up the DagBag from /home/airflow/.local/lib/python3.12/site-packages/airflow/example_dags/example_python_decorator.py
[2025-10-10T08:42:40.219+0000] {processor.py:925} INFO - DAG(s) 'example_python_decorator' retrieved from /home/airflow/.local/lib/python3.12/site-packages/airflow/example_dags/example_python_decorator.py
[2025-10-10T08:42:40.274+0000] {logging_mixin.py:190} INFO - [2025-10-10T08:42:40.273+0000] {dag.py:3211} INFO - Sync 1 DAGs
[2025-10-10T08:42:40.304+0000] {logging_mixin.py:190} INFO - [2025-10-10T08:42:40.303+0000] {dag.py:4138} INFO - Setting next_dagrun for example_python_decorator to None, run_after=None
[2025-10-10T08:42:40.392+0000] {processor.py:208} INFO - Processing /home/airflow/.local/lib/python3.12/site-packages/airflow/example_dags/example_python_decorator.py took 0.260 seconds
[2025-10-10T08:43:10.855+0000] {processor.py:186} INFO - Started process (PID=740) to work on /home/airflow/.local/lib/python3.12/site-packages/airflow/example_dags/example_python_decorator.py
[2025-10-10T08:43:10.866+0000] {processor.py:914} INFO - Processing file /home/airflow/.local/lib/python3.12/site-packages/airflow/example_dags/example_python_decorator.py for tasks to queue
[2025-10-10T08:43:10.878+0000] {logging_mixin.py:190} INFO - [2025-10-10T08:43:10.878+0000] {dagbag.py:587} INFO - Filling up the DagBag from /home/airflow/.local/lib/python3.12/site-packages/airflow/example_dags/example_python_decorator.py
[2025-10-10T08:43:10.948+0000] {processor.py:925} INFO - DAG(s) 'example_python_decorator' retrieved from /home/airflow/.local/lib/python3.12/site-packages/airflow/example_dags/example_python_decorator.py
[2025-10-10T08:43:11.023+0000] {logging_mixin.py:190} INFO - [2025-10-10T08:43:11.022+0000] {dag.py:3211} INFO - Sync 1 DAGs
[2025-10-10T08:43:11.079+0000] {logging_mixin.py:190} INFO - [2025-10-10T08:43:11.078+0000] {dag.py:4138} INFO - Setting next_dagrun for example_python_decorator to None, run_after=None
[2025-10-10T08:43:11.161+0000] {processor.py:208} INFO - Processing /home/airflow/.local/lib/python3.12/site-packages/airflow/example_dags/example_python_decorator.py took 0.325 seconds
[2025-10-10T08:43:41.509+0000] {processor.py:186} INFO - Started process (PID=803) to work on /home/airflow/.local/lib/python3.12/site-packages/airflow/example_dags/example_python_decorator.py
[2025-10-10T08:43:41.513+0000] {processor.py:914} INFO - Processing file /home/airflow/.local/lib/python3.12/site-packages/airflow/example_dags/example_python_decorator.py for tasks to queue
[2025-10-10T08:43:41.526+0000] {logging_mixin.py:190} INFO - [2025-10-10T08:43:41.525+0000] {dagbag.py:587} INFO - Filling up the DagBag from /home/airflow/.local/lib/python3.12/site-packages/airflow/example_dags/example_python_decorator.py
[2025-10-10T08:43:41.612+0000] {processor.py:925} INFO - DAG(s) 'example_python_decorator' retrieved from /home/airflow/.local/lib/python3.12/site-packages/airflow/example_dags/example_python_decorator.py
[2025-10-10T08:43:41.695+0000] {logging_mixin.py:190} INFO - [2025-10-10T08:43:41.695+0000] {dag.py:3211} INFO - Sync 1 DAGs
[2025-10-10T08:43:41.737+0000] {logging_mixin.py:190} INFO - [2025-10-10T08:43:41.736+0000] {dag.py:4138} INFO - Setting next_dagrun for example_python_decorator to None, run_after=None
[2025-10-10T08:43:41.823+0000] {processor.py:208} INFO - Processing /home/airflow/.local/lib/python3.12/site-packages/airflow/example_dags/example_python_decorator.py took 0.333 seconds
[2025-10-10T08:44:13.056+0000] {processor.py:186} INFO - Started process (PID=865) to work on /home/airflow/.local/lib/python3.12/site-packages/airflow/example_dags/example_python_decorator.py
[2025-10-10T08:44:13.060+0000] {processor.py:914} INFO - Processing file /home/airflow/.local/lib/python3.12/site-packages/airflow/example_dags/example_python_decorator.py for tasks to queue
[2025-10-10T08:44:13.069+0000] {logging_mixin.py:190} INFO - [2025-10-10T08:44:13.068+0000] {dagbag.py:587} INFO - Filling up the DagBag from /home/airflow/.local/lib/python3.12/site-packages/airflow/example_dags/example_python_decorator.py
[2025-10-10T08:44:13.125+0000] {processor.py:925} INFO - DAG(s) 'example_python_decorator' retrieved from /home/airflow/.local/lib/python3.12/site-packages/airflow/example_dags/example_python_decorator.py
[2025-10-10T08:44:13.214+0000] {logging_mixin.py:190} INFO - [2025-10-10T08:44:13.213+0000] {dag.py:3211} INFO - Sync 1 DAGs
[2025-10-10T08:44:13.274+0000] {logging_mixin.py:190} INFO - [2025-10-10T08:44:13.273+0000] {dag.py:4138} INFO - Setting next_dagrun for example_python_decorator to None, run_after=None
[2025-10-10T08:44:13.399+0000] {processor.py:208} INFO - Processing /home/airflow/.local/lib/python3.12/site-packages/airflow/example_dags/example_python_decorator.py took 0.366 seconds
[2025-10-10T08:44:45.135+0000] {processor.py:186} INFO - Started process (PID=929) to work on /home/airflow/.local/lib/python3.12/site-packages/airflow/example_dags/example_python_decorator.py
[2025-10-10T08:44:45.143+0000] {processor.py:914} INFO - Processing file /home/airflow/.local/lib/python3.12/site-packages/airflow/example_dags/example_python_decorator.py for tasks to queue
[2025-10-10T08:44:45.172+0000] {logging_mixin.py:190} INFO - [2025-10-10T08:44:45.168+0000] {dagbag.py:587} INFO - Filling up the DagBag from /home/airflow/.local/lib/python3.12/site-packages/airflow/example_dags/example_python_decorator.py
[2025-10-10T08:44:45.292+0000] {processor.py:925} INFO - DAG(s) 'example_python_decorator' retrieved from /home/airflow/.local/lib/python3.12/site-packages/airflow/example_dags/example_python_decorator.py
[2025-10-10T08:44:45.548+0000] {logging_mixin.py:190} INFO - [2025-10-10T08:44:45.547+0000] {dag.py:3211} INFO - Sync 1 DAGs
[2025-10-10T08:44:45.651+0000] {logging_mixin.py:190} INFO - [2025-10-10T08:44:45.651+0000] {dag.py:4138} INFO - Setting next_dagrun for example_python_decorator to None, run_after=None
[2025-10-10T08:44:45.748+0000] {processor.py:208} INFO - Processing /home/airflow/.local/lib/python3.12/site-packages/airflow/example_dags/example_python_decorator.py took 0.638 seconds
[2025-10-10T08:45:16.259+0000] {processor.py:186} INFO - Started process (PID=991) to work on /home/airflow/.local/lib/python3.12/site-packages/airflow/example_dags/example_python_decorator.py
[2025-10-10T08:45:16.263+0000] {processor.py:914} INFO - Processing file /home/airflow/.local/lib/python3.12/site-packages/airflow/example_dags/example_python_decorator.py for tasks to queue
[2025-10-10T08:45:16.274+0000] {logging_mixin.py:190} INFO - [2025-10-10T08:45:16.273+0000] {dagbag.py:587} INFO - Filling up the DagBag from /home/airflow/.local/lib/python3.12/site-packages/airflow/example_dags/example_python_decorator.py
[2025-10-10T08:45:16.348+0000] {processor.py:925} INFO - DAG(s) 'example_python_decorator' retrieved from /home/airflow/.local/lib/python3.12/site-packages/airflow/example_dags/example_python_decorator.py
[2025-10-10T08:45:16.461+0000] {logging_mixin.py:190} INFO - [2025-10-10T08:45:16.460+0000] {dag.py:3211} INFO - Sync 1 DAGs
[2025-10-10T08:45:16.513+0000] {logging_mixin.py:190} INFO - [2025-10-10T08:45:16.513+0000] {dag.py:4138} INFO - Setting next_dagrun for example_python_decorator to None, run_after=None
[2025-10-10T08:45:16.580+0000] {processor.py:208} INFO - Processing /home/airflow/.local/lib/python3.12/site-packages/airflow/example_dags/example_python_decorator.py took 0.351 seconds
[2025-10-10T08:45:47.021+0000] {processor.py:186} INFO - Started process (PID=1054) to work on /home/airflow/.local/lib/python3.12/site-packages/airflow/example_dags/example_python_decorator.py
[2025-10-10T08:45:47.026+0000] {processor.py:914} INFO - Processing file /home/airflow/.local/lib/python3.12/site-packages/airflow/example_dags/example_python_decorator.py for tasks to queue
[2025-10-10T08:45:47.036+0000] {logging_mixin.py:190} INFO - [2025-10-10T08:45:47.035+0000] {dagbag.py:587} INFO - Filling up the DagBag from /home/airflow/.local/lib/python3.12/site-packages/airflow/example_dags/example_python_decorator.py
[2025-10-10T08:45:47.099+0000] {processor.py:925} INFO - DAG(s) 'example_python_decorator' retrieved from /home/airflow/.local/lib/python3.12/site-packages/airflow/example_dags/example_python_decorator.py
[2025-10-10T08:45:47.193+0000] {logging_mixin.py:190} INFO - [2025-10-10T08:45:47.192+0000] {dag.py:3211} INFO - Sync 1 DAGs
[2025-10-10T08:45:47.253+0000] {logging_mixin.py:190} INFO - [2025-10-10T08:45:47.251+0000] {dag.py:4138} INFO - Setting next_dagrun for example_python_decorator to None, run_after=None
[2025-10-10T08:45:47.332+0000] {processor.py:208} INFO - Processing /home/airflow/.local/lib/python3.12/site-packages/airflow/example_dags/example_python_decorator.py took 0.339 seconds
[2025-10-10T08:46:18.349+0000] {processor.py:186} INFO - Started process (PID=1117) to work on /home/airflow/.local/lib/python3.12/site-packages/airflow/example_dags/example_python_decorator.py
[2025-10-10T08:46:18.353+0000] {processor.py:914} INFO - Processing file /home/airflow/.local/lib/python3.12/site-packages/airflow/example_dags/example_python_decorator.py for tasks to queue
[2025-10-10T08:46:18.364+0000] {logging_mixin.py:190} INFO - [2025-10-10T08:46:18.361+0000] {dagbag.py:587} INFO - Filling up the DagBag from /home/airflow/.local/lib/python3.12/site-packages/airflow/example_dags/example_python_decorator.py
[2025-10-10T08:46:18.409+0000] {processor.py:925} INFO - DAG(s) 'example_python_decorator' retrieved from /home/airflow/.local/lib/python3.12/site-packages/airflow/example_dags/example_python_decorator.py
[2025-10-10T08:46:18.477+0000] {logging_mixin.py:190} INFO - [2025-10-10T08:46:18.476+0000] {dag.py:3211} INFO - Sync 1 DAGs
[2025-10-10T08:46:18.520+0000] {logging_mixin.py:190} INFO - [2025-10-10T08:46:18.519+0000] {dag.py:4138} INFO - Setting next_dagrun for example_python_decorator to None, run_after=None
[2025-10-10T08:46:18.767+0000] {processor.py:208} INFO - Processing /home/airflow/.local/lib/python3.12/site-packages/airflow/example_dags/example_python_decorator.py took 0.448 seconds
[2025-10-10T08:46:49.680+0000] {processor.py:186} INFO - Started process (PID=1180) to work on /home/airflow/.local/lib/python3.12/site-packages/airflow/example_dags/example_python_decorator.py
[2025-10-10T08:46:49.684+0000] {processor.py:914} INFO - Processing file /home/airflow/.local/lib/python3.12/site-packages/airflow/example_dags/example_python_decorator.py for tasks to queue
[2025-10-10T08:46:49.693+0000] {logging_mixin.py:190} INFO - [2025-10-10T08:46:49.692+0000] {dagbag.py:587} INFO - Filling up the DagBag from /home/airflow/.local/lib/python3.12/site-packages/airflow/example_dags/example_python_decorator.py
[2025-10-10T08:46:49.747+0000] {processor.py:925} INFO - DAG(s) 'example_python_decorator' retrieved from /home/airflow/.local/lib/python3.12/site-packages/airflow/example_dags/example_python_decorator.py
[2025-10-10T08:46:49.824+0000] {logging_mixin.py:190} INFO - [2025-10-10T08:46:49.823+0000] {dag.py:3211} INFO - Sync 1 DAGs
[2025-10-10T08:46:49.866+0000] {logging_mixin.py:190} INFO - [2025-10-10T08:46:49.866+0000] {dag.py:4138} INFO - Setting next_dagrun for example_python_decorator to None, run_after=None
[2025-10-10T08:46:49.921+0000] {processor.py:208} INFO - Processing /home/airflow/.local/lib/python3.12/site-packages/airflow/example_dags/example_python_decorator.py took 0.260 seconds
[2025-10-10T08:47:22.086+0000] {processor.py:186} INFO - Started process (PID=1244) to work on /home/airflow/.local/lib/python3.12/site-packages/airflow/example_dags/example_python_decorator.py
[2025-10-10T08:47:22.090+0000] {processor.py:914} INFO - Processing file /home/airflow/.local/lib/python3.12/site-packages/airflow/example_dags/example_python_decorator.py for tasks to queue
[2025-10-10T08:47:22.099+0000] {logging_mixin.py:190} INFO - [2025-10-10T08:47:22.098+0000] {dagbag.py:587} INFO - Filling up the DagBag from /home/airflow/.local/lib/python3.12/site-packages/airflow/example_dags/example_python_decorator.py
[2025-10-10T08:47:22.150+0000] {processor.py:925} INFO - DAG(s) 'example_python_decorator' retrieved from /home/airflow/.local/lib/python3.12/site-packages/airflow/example_dags/example_python_decorator.py
[2025-10-10T08:47:22.242+0000] {logging_mixin.py:190} INFO - [2025-10-10T08:47:22.241+0000] {dag.py:3211} INFO - Sync 1 DAGs
[2025-10-10T08:47:22.294+0000] {logging_mixin.py:190} INFO - [2025-10-10T08:47:22.293+0000] {dag.py:4138} INFO - Setting next_dagrun for example_python_decorator to None, run_after=None
[2025-10-10T08:47:22.375+0000] {processor.py:208} INFO - Processing /home/airflow/.local/lib/python3.12/site-packages/airflow/example_dags/example_python_decorator.py took 0.316 seconds
[2025-10-10T08:47:52.840+0000] {processor.py:186} INFO - Started process (PID=1306) to work on /home/airflow/.local/lib/python3.12/site-packages/airflow/example_dags/example_python_decorator.py
[2025-10-10T08:47:52.843+0000] {processor.py:914} INFO - Processing file /home/airflow/.local/lib/python3.12/site-packages/airflow/example_dags/example_python_decorator.py for tasks to queue
[2025-10-10T08:47:52.852+0000] {logging_mixin.py:190} INFO - [2025-10-10T08:47:52.851+0000] {dagbag.py:587} INFO - Filling up the DagBag from /home/airflow/.local/lib/python3.12/site-packages/airflow/example_dags/example_python_decorator.py
[2025-10-10T08:47:52.890+0000] {processor.py:925} INFO - DAG(s) 'example_python_decorator' retrieved from /home/airflow/.local/lib/python3.12/site-packages/airflow/example_dags/example_python_decorator.py
[2025-10-10T08:47:52.942+0000] {logging_mixin.py:190} INFO - [2025-10-10T08:47:52.942+0000] {dag.py:3211} INFO - Sync 1 DAGs
[2025-10-10T08:47:52.978+0000] {logging_mixin.py:190} INFO - [2025-10-10T08:47:52.977+0000] {dag.py:4138} INFO - Setting next_dagrun for example_python_decorator to None, run_after=None
[2025-10-10T08:47:53.023+0000] {processor.py:208} INFO - Processing /home/airflow/.local/lib/python3.12/site-packages/airflow/example_dags/example_python_decorator.py took 0.204 seconds
[2025-10-10T08:48:23.244+0000] {processor.py:186} INFO - Started process (PID=1369) to work on /home/airflow/.local/lib/python3.12/site-packages/airflow/example_dags/example_python_decorator.py
[2025-10-10T08:48:23.246+0000] {processor.py:914} INFO - Processing file /home/airflow/.local/lib/python3.12/site-packages/airflow/example_dags/example_python_decorator.py for tasks to queue
[2025-10-10T08:48:23.252+0000] {logging_mixin.py:190} INFO - [2025-10-10T08:48:23.251+0000] {dagbag.py:587} INFO - Filling up the DagBag from /home/airflow/.local/lib/python3.12/site-packages/airflow/example_dags/example_python_decorator.py
[2025-10-10T08:48:23.285+0000] {processor.py:925} INFO - DAG(s) 'example_python_decorator' retrieved from /home/airflow/.local/lib/python3.12/site-packages/airflow/example_dags/example_python_decorator.py
[2025-10-10T08:48:23.343+0000] {logging_mixin.py:190} INFO - [2025-10-10T08:48:23.343+0000] {dag.py:3211} INFO - Sync 1 DAGs
[2025-10-10T08:48:23.385+0000] {logging_mixin.py:190} INFO - [2025-10-10T08:48:23.385+0000] {dag.py:4138} INFO - Setting next_dagrun for example_python_decorator to None, run_after=None
[2025-10-10T08:48:23.430+0000] {processor.py:208} INFO - Processing /home/airflow/.local/lib/python3.12/site-packages/airflow/example_dags/example_python_decorator.py took 0.200 seconds
[2025-10-10T08:48:54.371+0000] {processor.py:186} INFO - Started process (PID=1432) to work on /home/airflow/.local/lib/python3.12/site-packages/airflow/example_dags/example_python_decorator.py
[2025-10-10T08:48:54.373+0000] {processor.py:914} INFO - Processing file /home/airflow/.local/lib/python3.12/site-packages/airflow/example_dags/example_python_decorator.py for tasks to queue
[2025-10-10T08:48:54.379+0000] {logging_mixin.py:190} INFO - [2025-10-10T08:48:54.378+0000] {dagbag.py:587} INFO - Filling up the DagBag from /home/airflow/.local/lib/python3.12/site-packages/airflow/example_dags/example_python_decorator.py
[2025-10-10T08:48:54.412+0000] {processor.py:925} INFO - DAG(s) 'example_python_decorator' retrieved from /home/airflow/.local/lib/python3.12/site-packages/airflow/example_dags/example_python_decorator.py
[2025-10-10T08:48:54.464+0000] {logging_mixin.py:190} INFO - [2025-10-10T08:48:54.464+0000] {dag.py:3211} INFO - Sync 1 DAGs
[2025-10-10T08:48:54.493+0000] {logging_mixin.py:190} INFO - [2025-10-10T08:48:54.493+0000] {dag.py:4138} INFO - Setting next_dagrun for example_python_decorator to None, run_after=None
[2025-10-10T08:48:54.549+0000] {processor.py:208} INFO - Processing /home/airflow/.local/lib/python3.12/site-packages/airflow/example_dags/example_python_decorator.py took 0.191 seconds
[2025-10-10T08:49:28.071+0000] {processor.py:186} INFO - Started process (PID=1496) to work on /home/airflow/.local/lib/python3.12/site-packages/airflow/example_dags/example_python_decorator.py
[2025-10-10T08:49:28.079+0000] {processor.py:914} INFO - Processing file /home/airflow/.local/lib/python3.12/site-packages/airflow/example_dags/example_python_decorator.py for tasks to queue
[2025-10-10T08:49:28.099+0000] {logging_mixin.py:190} INFO - [2025-10-10T08:49:28.098+0000] {dagbag.py:587} INFO - Filling up the DagBag from /home/airflow/.local/lib/python3.12/site-packages/airflow/example_dags/example_python_decorator.py
[2025-10-10T08:49:28.297+0000] {processor.py:925} INFO - DAG(s) 'example_python_decorator' retrieved from /home/airflow/.local/lib/python3.12/site-packages/airflow/example_dags/example_python_decorator.py
[2025-10-10T08:49:28.681+0000] {logging_mixin.py:190} INFO - [2025-10-10T08:49:28.680+0000] {dag.py:3211} INFO - Sync 1 DAGs
[2025-10-10T08:49:29.171+0000] {logging_mixin.py:190} INFO - [2025-10-10T08:49:29.170+0000] {dag.py:4138} INFO - Setting next_dagrun for example_python_decorator to None, run_after=None
[2025-10-10T08:49:36.983+0000] {logging_mixin.py:190} INFO - [2025-10-10T08:49:36.982+0000] {process_utils.py:266} INFO - Waiting up to 5 seconds for processes to exit...
[2025-10-10T08:54:00.914+0000] {processor.py:186} INFO - Started process (PID=114) to work on /home/airflow/.local/lib/python3.12/site-packages/airflow/example_dags/example_python_decorator.py
[2025-10-10T08:54:00.918+0000] {processor.py:914} INFO - Processing file /home/airflow/.local/lib/python3.12/site-packages/airflow/example_dags/example_python_decorator.py for tasks to queue
[2025-10-10T08:54:00.925+0000] {logging_mixin.py:190} INFO - [2025-10-10T08:54:00.924+0000] {dagbag.py:587} INFO - Filling up the DagBag from /home/airflow/.local/lib/python3.12/site-packages/airflow/example_dags/example_python_decorator.py
[2025-10-10T08:54:00.963+0000] {processor.py:925} INFO - DAG(s) 'example_python_decorator' retrieved from /home/airflow/.local/lib/python3.12/site-packages/airflow/example_dags/example_python_decorator.py
[2025-10-10T08:54:01.556+0000] {logging_mixin.py:190} INFO - [2025-10-10T08:54:01.555+0000] {dag.py:3211} INFO - Sync 1 DAGs
[2025-10-10T08:54:01.591+0000] {logging_mixin.py:190} INFO - [2025-10-10T08:54:01.590+0000] {dag.py:4138} INFO - Setting next_dagrun for example_python_decorator to None, run_after=None
[2025-10-10T08:54:01.700+0000] {processor.py:208} INFO - Processing /home/airflow/.local/lib/python3.12/site-packages/airflow/example_dags/example_python_decorator.py took 0.723 seconds
[2025-10-10T08:54:32.006+0000] {processor.py:186} INFO - Started process (PID=179) to work on /home/airflow/.local/lib/python3.12/site-packages/airflow/example_dags/example_python_decorator.py
[2025-10-10T08:54:32.009+0000] {processor.py:914} INFO - Processing file /home/airflow/.local/lib/python3.12/site-packages/airflow/example_dags/example_python_decorator.py for tasks to queue
[2025-10-10T08:54:32.017+0000] {logging_mixin.py:190} INFO - [2025-10-10T08:54:32.016+0000] {dagbag.py:587} INFO - Filling up the DagBag from /home/airflow/.local/lib/python3.12/site-packages/airflow/example_dags/example_python_decorator.py
[2025-10-10T08:54:32.055+0000] {processor.py:925} INFO - DAG(s) 'example_python_decorator' retrieved from /home/airflow/.local/lib/python3.12/site-packages/airflow/example_dags/example_python_decorator.py
[2025-10-10T08:54:32.116+0000] {logging_mixin.py:190} INFO - [2025-10-10T08:54:32.115+0000] {dag.py:3211} INFO - Sync 1 DAGs
[2025-10-10T08:54:32.157+0000] {logging_mixin.py:190} INFO - [2025-10-10T08:54:32.157+0000] {dag.py:4138} INFO - Setting next_dagrun for example_python_decorator to None, run_after=None
[2025-10-10T08:54:32.236+0000] {processor.py:208} INFO - Processing /home/airflow/.local/lib/python3.12/site-packages/airflow/example_dags/example_python_decorator.py took 0.247 seconds
[2025-10-10T08:55:02.670+0000] {processor.py:186} INFO - Started process (PID=241) to work on /home/airflow/.local/lib/python3.12/site-packages/airflow/example_dags/example_python_decorator.py
[2025-10-10T08:55:02.676+0000] {processor.py:914} INFO - Processing file /home/airflow/.local/lib/python3.12/site-packages/airflow/example_dags/example_python_decorator.py for tasks to queue
[2025-10-10T08:55:02.689+0000] {logging_mixin.py:190} INFO - [2025-10-10T08:55:02.686+0000] {dagbag.py:587} INFO - Filling up the DagBag from /home/airflow/.local/lib/python3.12/site-packages/airflow/example_dags/example_python_decorator.py
[2025-10-10T08:55:02.742+0000] {processor.py:925} INFO - DAG(s) 'example_python_decorator' retrieved from /home/airflow/.local/lib/python3.12/site-packages/airflow/example_dags/example_python_decorator.py
[2025-10-10T08:55:02.803+0000] {logging_mixin.py:190} INFO - [2025-10-10T08:55:02.803+0000] {dag.py:3211} INFO - Sync 1 DAGs
[2025-10-10T08:55:02.840+0000] {logging_mixin.py:190} INFO - [2025-10-10T08:55:02.839+0000] {dag.py:4138} INFO - Setting next_dagrun for example_python_decorator to None, run_after=None
[2025-10-10T08:55:03.078+0000] {processor.py:208} INFO - Processing /home/airflow/.local/lib/python3.12/site-packages/airflow/example_dags/example_python_decorator.py took 0.461 seconds
[2025-10-10T08:58:07.900+0000] {processor.py:186} INFO - Started process (PID=109) to work on /home/airflow/.local/lib/python3.12/site-packages/airflow/example_dags/example_python_decorator.py
[2025-10-10T08:58:07.903+0000] {processor.py:914} INFO - Processing file /home/airflow/.local/lib/python3.12/site-packages/airflow/example_dags/example_python_decorator.py for tasks to queue
[2025-10-10T08:58:07.909+0000] {logging_mixin.py:190} INFO - [2025-10-10T08:58:07.908+0000] {dagbag.py:587} INFO - Filling up the DagBag from /home/airflow/.local/lib/python3.12/site-packages/airflow/example_dags/example_python_decorator.py
[2025-10-10T08:58:07.956+0000] {processor.py:925} INFO - DAG(s) 'example_python_decorator' retrieved from /home/airflow/.local/lib/python3.12/site-packages/airflow/example_dags/example_python_decorator.py
[2025-10-10T08:58:08.218+0000] {logging_mixin.py:190} INFO - [2025-10-10T08:58:08.217+0000] {dag.py:3211} INFO - Sync 1 DAGs
[2025-10-10T08:58:08.255+0000] {logging_mixin.py:190} INFO - [2025-10-10T08:58:08.254+0000] {dag.py:4138} INFO - Setting next_dagrun for example_python_decorator to None, run_after=None
[2025-10-10T08:58:08.304+0000] {processor.py:208} INFO - Processing /home/airflow/.local/lib/python3.12/site-packages/airflow/example_dags/example_python_decorator.py took 0.423 seconds
[2025-10-10T08:58:38.847+0000] {processor.py:186} INFO - Started process (PID=173) to work on /home/airflow/.local/lib/python3.12/site-packages/airflow/example_dags/example_python_decorator.py
[2025-10-10T08:58:38.852+0000] {processor.py:914} INFO - Processing file /home/airflow/.local/lib/python3.12/site-packages/airflow/example_dags/example_python_decorator.py for tasks to queue
[2025-10-10T08:58:38.859+0000] {logging_mixin.py:190} INFO - [2025-10-10T08:58:38.858+0000] {dagbag.py:587} INFO - Filling up the DagBag from /home/airflow/.local/lib/python3.12/site-packages/airflow/example_dags/example_python_decorator.py
[2025-10-10T08:58:38.907+0000] {processor.py:925} INFO - DAG(s) 'example_python_decorator' retrieved from /home/airflow/.local/lib/python3.12/site-packages/airflow/example_dags/example_python_decorator.py
[2025-10-10T08:58:38.975+0000] {logging_mixin.py:190} INFO - [2025-10-10T08:58:38.974+0000] {dag.py:3211} INFO - Sync 1 DAGs
[2025-10-10T08:58:39.028+0000] {logging_mixin.py:190} INFO - [2025-10-10T08:58:39.028+0000] {dag.py:4138} INFO - Setting next_dagrun for example_python_decorator to None, run_after=None
[2025-10-10T08:58:39.085+0000] {processor.py:208} INFO - Processing /home/airflow/.local/lib/python3.12/site-packages/airflow/example_dags/example_python_decorator.py took 0.257 seconds
[2025-10-10T09:01:34.456+0000] {processor.py:186} INFO - Started process (PID=108) to work on /home/airflow/.local/lib/python3.12/site-packages/airflow/example_dags/example_python_decorator.py
[2025-10-10T09:01:34.459+0000] {processor.py:914} INFO - Processing file /home/airflow/.local/lib/python3.12/site-packages/airflow/example_dags/example_python_decorator.py for tasks to queue
[2025-10-10T09:01:34.467+0000] {logging_mixin.py:190} INFO - [2025-10-10T09:01:34.466+0000] {dagbag.py:587} INFO - Filling up the DagBag from /home/airflow/.local/lib/python3.12/site-packages/airflow/example_dags/example_python_decorator.py
[2025-10-10T09:01:34.502+0000] {processor.py:925} INFO - DAG(s) 'example_python_decorator' retrieved from /home/airflow/.local/lib/python3.12/site-packages/airflow/example_dags/example_python_decorator.py
[2025-10-10T09:01:34.852+0000] {logging_mixin.py:190} INFO - [2025-10-10T09:01:34.851+0000] {dag.py:3211} INFO - Sync 1 DAGs
[2025-10-10T09:01:34.894+0000] {logging_mixin.py:190} INFO - [2025-10-10T09:01:34.893+0000] {dag.py:4138} INFO - Setting next_dagrun for example_python_decorator to None, run_after=None
[2025-10-10T09:01:34.958+0000] {processor.py:208} INFO - Processing /home/airflow/.local/lib/python3.12/site-packages/airflow/example_dags/example_python_decorator.py took 0.523 seconds
[2025-10-10T09:02:05.829+0000] {processor.py:186} INFO - Started process (PID=171) to work on /home/airflow/.local/lib/python3.12/site-packages/airflow/example_dags/example_python_decorator.py
[2025-10-10T09:02:05.831+0000] {processor.py:914} INFO - Processing file /home/airflow/.local/lib/python3.12/site-packages/airflow/example_dags/example_python_decorator.py for tasks to queue
[2025-10-10T09:02:05.840+0000] {logging_mixin.py:190} INFO - [2025-10-10T09:02:05.839+0000] {dagbag.py:587} INFO - Filling up the DagBag from /home/airflow/.local/lib/python3.12/site-packages/airflow/example_dags/example_python_decorator.py
[2025-10-10T09:02:05.899+0000] {processor.py:925} INFO - DAG(s) 'example_python_decorator' retrieved from /home/airflow/.local/lib/python3.12/site-packages/airflow/example_dags/example_python_decorator.py
[2025-10-10T09:02:05.991+0000] {logging_mixin.py:190} INFO - [2025-10-10T09:02:05.990+0000] {dag.py:3211} INFO - Sync 1 DAGs
[2025-10-10T09:02:06.045+0000] {logging_mixin.py:190} INFO - [2025-10-10T09:02:06.045+0000] {dag.py:4138} INFO - Setting next_dagrun for example_python_decorator to None, run_after=None
[2025-10-10T09:02:06.120+0000] {processor.py:208} INFO - Processing /home/airflow/.local/lib/python3.12/site-packages/airflow/example_dags/example_python_decorator.py took 0.311 seconds
[2025-10-10T09:02:37.448+0000] {processor.py:186} INFO - Started process (PID=234) to work on /home/airflow/.local/lib/python3.12/site-packages/airflow/example_dags/example_python_decorator.py
[2025-10-10T09:02:37.450+0000] {processor.py:914} INFO - Processing file /home/airflow/.local/lib/python3.12/site-packages/airflow/example_dags/example_python_decorator.py for tasks to queue
[2025-10-10T09:02:37.457+0000] {logging_mixin.py:190} INFO - [2025-10-10T09:02:37.456+0000] {dagbag.py:587} INFO - Filling up the DagBag from /home/airflow/.local/lib/python3.12/site-packages/airflow/example_dags/example_python_decorator.py
[2025-10-10T09:02:37.487+0000] {processor.py:925} INFO - DAG(s) 'example_python_decorator' retrieved from /home/airflow/.local/lib/python3.12/site-packages/airflow/example_dags/example_python_decorator.py
[2025-10-10T09:02:37.544+0000] {logging_mixin.py:190} INFO - [2025-10-10T09:02:37.544+0000] {dag.py:3211} INFO - Sync 1 DAGs
[2025-10-10T09:02:37.589+0000] {logging_mixin.py:190} INFO - [2025-10-10T09:02:37.588+0000] {dag.py:4138} INFO - Setting next_dagrun for example_python_decorator to None, run_after=None
[2025-10-10T09:02:37.688+0000] {processor.py:208} INFO - Processing /home/airflow/.local/lib/python3.12/site-packages/airflow/example_dags/example_python_decorator.py took 0.252 seconds
[2025-10-10T09:03:07.905+0000] {processor.py:186} INFO - Started process (PID=297) to work on /home/airflow/.local/lib/python3.12/site-packages/airflow/example_dags/example_python_decorator.py
[2025-10-10T09:03:07.908+0000] {processor.py:914} INFO - Processing file /home/airflow/.local/lib/python3.12/site-packages/airflow/example_dags/example_python_decorator.py for tasks to queue
[2025-10-10T09:03:07.915+0000] {logging_mixin.py:190} INFO - [2025-10-10T09:03:07.914+0000] {dagbag.py:587} INFO - Filling up the DagBag from /home/airflow/.local/lib/python3.12/site-packages/airflow/example_dags/example_python_decorator.py
[2025-10-10T09:03:07.958+0000] {processor.py:925} INFO - DAG(s) 'example_python_decorator' retrieved from /home/airflow/.local/lib/python3.12/site-packages/airflow/example_dags/example_python_decorator.py
[2025-10-10T09:03:08.029+0000] {logging_mixin.py:190} INFO - [2025-10-10T09:03:08.029+0000] {dag.py:3211} INFO - Sync 1 DAGs
[2025-10-10T09:03:08.077+0000] {logging_mixin.py:190} INFO - [2025-10-10T09:03:08.077+0000] {dag.py:4138} INFO - Setting next_dagrun for example_python_decorator to None, run_after=None
[2025-10-10T09:03:08.132+0000] {processor.py:208} INFO - Processing /home/airflow/.local/lib/python3.12/site-packages/airflow/example_dags/example_python_decorator.py took 0.243 seconds
[2025-10-10T09:03:39.442+0000] {processor.py:186} INFO - Started process (PID=360) to work on /home/airflow/.local/lib/python3.12/site-packages/airflow/example_dags/example_python_decorator.py
[2025-10-10T09:03:39.458+0000] {processor.py:914} INFO - Processing file /home/airflow/.local/lib/python3.12/site-packages/airflow/example_dags/example_python_decorator.py for tasks to queue
[2025-10-10T09:03:39.490+0000] {logging_mixin.py:190} INFO - [2025-10-10T09:03:39.481+0000] {dagbag.py:587} INFO - Filling up the DagBag from /home/airflow/.local/lib/python3.12/site-packages/airflow/example_dags/example_python_decorator.py
[2025-10-10T09:03:39.615+0000] {processor.py:925} INFO - DAG(s) 'example_python_decorator' retrieved from /home/airflow/.local/lib/python3.12/site-packages/airflow/example_dags/example_python_decorator.py
[2025-10-10T09:03:39.794+0000] {logging_mixin.py:190} INFO - [2025-10-10T09:03:39.793+0000] {dag.py:3211} INFO - Sync 1 DAGs
[2025-10-10T09:03:39.898+0000] {logging_mixin.py:190} INFO - [2025-10-10T09:03:39.897+0000] {dag.py:4138} INFO - Setting next_dagrun for example_python_decorator to None, run_after=None
[2025-10-10T09:03:39.981+0000] {processor.py:208} INFO - Processing /home/airflow/.local/lib/python3.12/site-packages/airflow/example_dags/example_python_decorator.py took 0.588 seconds
[2025-10-10T09:04:10.241+0000] {processor.py:186} INFO - Started process (PID=423) to work on /home/airflow/.local/lib/python3.12/site-packages/airflow/example_dags/example_python_decorator.py
[2025-10-10T09:04:10.244+0000] {processor.py:914} INFO - Processing file /home/airflow/.local/lib/python3.12/site-packages/airflow/example_dags/example_python_decorator.py for tasks to queue
[2025-10-10T09:04:10.257+0000] {logging_mixin.py:190} INFO - [2025-10-10T09:04:10.256+0000] {dagbag.py:587} INFO - Filling up the DagBag from /home/airflow/.local/lib/python3.12/site-packages/airflow/example_dags/example_python_decorator.py
[2025-10-10T09:04:10.322+0000] {processor.py:925} INFO - DAG(s) 'example_python_decorator' retrieved from /home/airflow/.local/lib/python3.12/site-packages/airflow/example_dags/example_python_decorator.py
[2025-10-10T09:04:10.433+0000] {logging_mixin.py:190} INFO - [2025-10-10T09:04:10.433+0000] {dag.py:3211} INFO - Sync 1 DAGs
[2025-10-10T09:04:10.555+0000] {logging_mixin.py:190} INFO - [2025-10-10T09:04:10.554+0000] {dag.py:4138} INFO - Setting next_dagrun for example_python_decorator to None, run_after=None
[2025-10-10T09:04:10.723+0000] {processor.py:208} INFO - Processing /home/airflow/.local/lib/python3.12/site-packages/airflow/example_dags/example_python_decorator.py took 0.506 seconds
[2025-10-10T09:04:41.815+0000] {processor.py:186} INFO - Started process (PID=486) to work on /home/airflow/.local/lib/python3.12/site-packages/airflow/example_dags/example_python_decorator.py
[2025-10-10T09:04:41.819+0000] {processor.py:914} INFO - Processing file /home/airflow/.local/lib/python3.12/site-packages/airflow/example_dags/example_python_decorator.py for tasks to queue
[2025-10-10T09:04:41.826+0000] {logging_mixin.py:190} INFO - [2025-10-10T09:04:41.825+0000] {dagbag.py:587} INFO - Filling up the DagBag from /home/airflow/.local/lib/python3.12/site-packages/airflow/example_dags/example_python_decorator.py
[2025-10-10T09:04:41.884+0000] {processor.py:925} INFO - DAG(s) 'example_python_decorator' retrieved from /home/airflow/.local/lib/python3.12/site-packages/airflow/example_dags/example_python_decorator.py
[2025-10-10T09:04:41.977+0000] {logging_mixin.py:190} INFO - [2025-10-10T09:04:41.977+0000] {dag.py:3211} INFO - Sync 1 DAGs
[2025-10-10T09:04:42.017+0000] {logging_mixin.py:190} INFO - [2025-10-10T09:04:42.017+0000] {dag.py:4138} INFO - Setting next_dagrun for example_python_decorator to None, run_after=None
[2025-10-10T09:04:42.060+0000] {processor.py:208} INFO - Processing /home/airflow/.local/lib/python3.12/site-packages/airflow/example_dags/example_python_decorator.py took 0.271 seconds
[2025-10-10T09:05:13.614+0000] {processor.py:186} INFO - Started process (PID=549) to work on /home/airflow/.local/lib/python3.12/site-packages/airflow/example_dags/example_python_decorator.py
[2025-10-10T09:05:13.616+0000] {processor.py:914} INFO - Processing file /home/airflow/.local/lib/python3.12/site-packages/airflow/example_dags/example_python_decorator.py for tasks to queue
[2025-10-10T09:05:13.623+0000] {logging_mixin.py:190} INFO - [2025-10-10T09:05:13.622+0000] {dagbag.py:587} INFO - Filling up the DagBag from /home/airflow/.local/lib/python3.12/site-packages/airflow/example_dags/example_python_decorator.py
[2025-10-10T09:05:13.660+0000] {processor.py:925} INFO - DAG(s) 'example_python_decorator' retrieved from /home/airflow/.local/lib/python3.12/site-packages/airflow/example_dags/example_python_decorator.py
[2025-10-10T09:05:13.736+0000] {logging_mixin.py:190} INFO - [2025-10-10T09:05:13.736+0000] {dag.py:3211} INFO - Sync 1 DAGs
[2025-10-10T09:05:13.785+0000] {logging_mixin.py:190} INFO - [2025-10-10T09:05:13.785+0000] {dag.py:4138} INFO - Setting next_dagrun for example_python_decorator to None, run_after=None
[2025-10-10T09:05:13.828+0000] {processor.py:208} INFO - Processing /home/airflow/.local/lib/python3.12/site-packages/airflow/example_dags/example_python_decorator.py took 0.235 seconds
