[2025-10-10T08:37:58.844+0000] {processor.py:186} INFO - Started process (PID=108) to work on /home/airflow/.local/lib/python3.12/site-packages/airflow/example_dags/example_dynamic_task_mapping.py
[2025-10-10T08:37:58.847+0000] {processor.py:914} INFO - Processing file /home/airflow/.local/lib/python3.12/site-packages/airflow/example_dags/example_dynamic_task_mapping.py for tasks to queue
[2025-10-10T08:37:58.854+0000] {logging_mixin.py:190} INFO - [2025-10-10T08:37:58.853+0000] {dagbag.py:587} INFO - Filling up the DagBag from /home/airflow/.local/lib/python3.12/site-packages/airflow/example_dags/example_dynamic_task_mapping.py
[2025-10-10T08:37:58.879+0000] {processor.py:925} INFO - DAG(s) 'example_dynamic_task_mapping' retrieved from /home/airflow/.local/lib/python3.12/site-packages/airflow/example_dags/example_dynamic_task_mapping.py
[2025-10-10T08:37:58.928+0000] {logging_mixin.py:190} INFO - [2025-10-10T08:37:58.928+0000] {dag.py:3211} INFO - Sync 1 DAGs
[2025-10-10T08:37:58.985+0000] {logging_mixin.py:190} INFO - [2025-10-10T08:37:58.985+0000] {dag.py:4138} INFO - Setting next_dagrun for example_dynamic_task_mapping to 2022-03-04 00:00:00+00:00, run_after=2022-03-05 00:00:00+00:00
[2025-10-10T08:37:59.029+0000] {processor.py:208} INFO - Processing /home/airflow/.local/lib/python3.12/site-packages/airflow/example_dags/example_dynamic_task_mapping.py took 0.199 seconds
[2025-10-10T08:38:29.727+0000] {processor.py:186} INFO - Started process (PID=171) to work on /home/airflow/.local/lib/python3.12/site-packages/airflow/example_dags/example_dynamic_task_mapping.py
[2025-10-10T08:38:29.730+0000] {processor.py:914} INFO - Processing file /home/airflow/.local/lib/python3.12/site-packages/airflow/example_dags/example_dynamic_task_mapping.py for tasks to queue
[2025-10-10T08:38:29.738+0000] {logging_mixin.py:190} INFO - [2025-10-10T08:38:29.737+0000] {dagbag.py:587} INFO - Filling up the DagBag from /home/airflow/.local/lib/python3.12/site-packages/airflow/example_dags/example_dynamic_task_mapping.py
[2025-10-10T08:38:29.792+0000] {processor.py:925} INFO - DAG(s) 'example_dynamic_task_mapping' retrieved from /home/airflow/.local/lib/python3.12/site-packages/airflow/example_dags/example_dynamic_task_mapping.py
[2025-10-10T08:38:29.868+0000] {logging_mixin.py:190} INFO - [2025-10-10T08:38:29.867+0000] {dag.py:3211} INFO - Sync 1 DAGs
[2025-10-10T08:38:29.943+0000] {logging_mixin.py:190} INFO - [2025-10-10T08:38:29.942+0000] {dag.py:4138} INFO - Setting next_dagrun for example_dynamic_task_mapping to 2022-03-04 00:00:00+00:00, run_after=2022-03-05 00:00:00+00:00
[2025-10-10T08:38:30.002+0000] {processor.py:208} INFO - Processing /home/airflow/.local/lib/python3.12/site-packages/airflow/example_dags/example_dynamic_task_mapping.py took 0.292 seconds
[2025-10-10T08:39:01.700+0000] {processor.py:186} INFO - Started process (PID=234) to work on /home/airflow/.local/lib/python3.12/site-packages/airflow/example_dags/example_dynamic_task_mapping.py
[2025-10-10T08:39:01.703+0000] {processor.py:914} INFO - Processing file /home/airflow/.local/lib/python3.12/site-packages/airflow/example_dags/example_dynamic_task_mapping.py for tasks to queue
[2025-10-10T08:39:01.711+0000] {logging_mixin.py:190} INFO - [2025-10-10T08:39:01.710+0000] {dagbag.py:587} INFO - Filling up the DagBag from /home/airflow/.local/lib/python3.12/site-packages/airflow/example_dags/example_dynamic_task_mapping.py
[2025-10-10T08:39:01.740+0000] {processor.py:925} INFO - DAG(s) 'example_dynamic_task_mapping' retrieved from /home/airflow/.local/lib/python3.12/site-packages/airflow/example_dags/example_dynamic_task_mapping.py
[2025-10-10T08:39:01.799+0000] {logging_mixin.py:190} INFO - [2025-10-10T08:39:01.798+0000] {dag.py:3211} INFO - Sync 1 DAGs
[2025-10-10T08:39:01.866+0000] {logging_mixin.py:190} INFO - [2025-10-10T08:39:01.865+0000] {dag.py:4138} INFO - Setting next_dagrun for example_dynamic_task_mapping to 2022-03-04 00:00:00+00:00, run_after=2022-03-05 00:00:00+00:00
[2025-10-10T08:39:01.920+0000] {processor.py:208} INFO - Processing /home/airflow/.local/lib/python3.12/site-packages/airflow/example_dags/example_dynamic_task_mapping.py took 0.239 seconds
[2025-10-10T08:39:32.270+0000] {processor.py:186} INFO - Started process (PID=297) to work on /home/airflow/.local/lib/python3.12/site-packages/airflow/example_dags/example_dynamic_task_mapping.py
[2025-10-10T08:39:32.273+0000] {processor.py:914} INFO - Processing file /home/airflow/.local/lib/python3.12/site-packages/airflow/example_dags/example_dynamic_task_mapping.py for tasks to queue
[2025-10-10T08:39:32.282+0000] {logging_mixin.py:190} INFO - [2025-10-10T08:39:32.280+0000] {dagbag.py:587} INFO - Filling up the DagBag from /home/airflow/.local/lib/python3.12/site-packages/airflow/example_dags/example_dynamic_task_mapping.py
[2025-10-10T08:39:32.312+0000] {processor.py:925} INFO - DAG(s) 'example_dynamic_task_mapping' retrieved from /home/airflow/.local/lib/python3.12/site-packages/airflow/example_dags/example_dynamic_task_mapping.py
[2025-10-10T08:39:32.403+0000] {logging_mixin.py:190} INFO - [2025-10-10T08:39:32.402+0000] {dag.py:3211} INFO - Sync 1 DAGs
[2025-10-10T08:39:32.477+0000] {logging_mixin.py:190} INFO - [2025-10-10T08:39:32.477+0000] {dag.py:4138} INFO - Setting next_dagrun for example_dynamic_task_mapping to 2022-03-04 00:00:00+00:00, run_after=2022-03-05 00:00:00+00:00
[2025-10-10T08:39:32.533+0000] {processor.py:208} INFO - Processing /home/airflow/.local/lib/python3.12/site-packages/airflow/example_dags/example_dynamic_task_mapping.py took 0.277 seconds
[2025-10-10T08:40:04.984+0000] {processor.py:186} INFO - Started process (PID=360) to work on /home/airflow/.local/lib/python3.12/site-packages/airflow/example_dags/example_dynamic_task_mapping.py
[2025-10-10T08:40:04.990+0000] {processor.py:914} INFO - Processing file /home/airflow/.local/lib/python3.12/site-packages/airflow/example_dags/example_dynamic_task_mapping.py for tasks to queue
[2025-10-10T08:40:05.006+0000] {logging_mixin.py:190} INFO - [2025-10-10T08:40:05.004+0000] {dagbag.py:587} INFO - Filling up the DagBag from /home/airflow/.local/lib/python3.12/site-packages/airflow/example_dags/example_dynamic_task_mapping.py
[2025-10-10T08:40:05.090+0000] {processor.py:925} INFO - DAG(s) 'example_dynamic_task_mapping' retrieved from /home/airflow/.local/lib/python3.12/site-packages/airflow/example_dags/example_dynamic_task_mapping.py
[2025-10-10T08:40:05.227+0000] {logging_mixin.py:190} INFO - [2025-10-10T08:40:05.225+0000] {dag.py:3211} INFO - Sync 1 DAGs
[2025-10-10T08:40:05.386+0000] {logging_mixin.py:190} INFO - [2025-10-10T08:40:05.385+0000] {dag.py:4138} INFO - Setting next_dagrun for example_dynamic_task_mapping to 2022-03-04 00:00:00+00:00, run_after=2022-03-05 00:00:00+00:00
[2025-10-10T08:40:05.455+0000] {processor.py:208} INFO - Processing /home/airflow/.local/lib/python3.12/site-packages/airflow/example_dags/example_dynamic_task_mapping.py took 0.510 seconds
[2025-10-10T08:40:35.688+0000] {processor.py:186} INFO - Started process (PID=423) to work on /home/airflow/.local/lib/python3.12/site-packages/airflow/example_dags/example_dynamic_task_mapping.py
[2025-10-10T08:40:35.694+0000] {processor.py:914} INFO - Processing file /home/airflow/.local/lib/python3.12/site-packages/airflow/example_dags/example_dynamic_task_mapping.py for tasks to queue
[2025-10-10T08:40:35.706+0000] {logging_mixin.py:190} INFO - [2025-10-10T08:40:35.705+0000] {dagbag.py:587} INFO - Filling up the DagBag from /home/airflow/.local/lib/python3.12/site-packages/airflow/example_dags/example_dynamic_task_mapping.py
[2025-10-10T08:40:35.754+0000] {processor.py:925} INFO - DAG(s) 'example_dynamic_task_mapping' retrieved from /home/airflow/.local/lib/python3.12/site-packages/airflow/example_dags/example_dynamic_task_mapping.py
[2025-10-10T08:40:35.857+0000] {logging_mixin.py:190} INFO - [2025-10-10T08:40:35.856+0000] {dag.py:3211} INFO - Sync 1 DAGs
[2025-10-10T08:40:35.964+0000] {logging_mixin.py:190} INFO - [2025-10-10T08:40:35.963+0000] {dag.py:4138} INFO - Setting next_dagrun for example_dynamic_task_mapping to 2022-03-04 00:00:00+00:00, run_after=2022-03-05 00:00:00+00:00
[2025-10-10T08:40:36.050+0000] {processor.py:208} INFO - Processing /home/airflow/.local/lib/python3.12/site-packages/airflow/example_dags/example_dynamic_task_mapping.py took 0.391 seconds
[2025-10-10T08:41:07.974+0000] {processor.py:186} INFO - Started process (PID=486) to work on /home/airflow/.local/lib/python3.12/site-packages/airflow/example_dags/example_dynamic_task_mapping.py
[2025-10-10T08:41:07.981+0000] {processor.py:914} INFO - Processing file /home/airflow/.local/lib/python3.12/site-packages/airflow/example_dags/example_dynamic_task_mapping.py for tasks to queue
[2025-10-10T08:41:07.995+0000] {logging_mixin.py:190} INFO - [2025-10-10T08:41:07.993+0000] {dagbag.py:587} INFO - Filling up the DagBag from /home/airflow/.local/lib/python3.12/site-packages/airflow/example_dags/example_dynamic_task_mapping.py
[2025-10-10T08:41:08.050+0000] {processor.py:925} INFO - DAG(s) 'example_dynamic_task_mapping' retrieved from /home/airflow/.local/lib/python3.12/site-packages/airflow/example_dags/example_dynamic_task_mapping.py
[2025-10-10T08:41:08.168+0000] {logging_mixin.py:190} INFO - [2025-10-10T08:41:08.167+0000] {dag.py:3211} INFO - Sync 1 DAGs
[2025-10-10T08:41:08.335+0000] {logging_mixin.py:190} INFO - [2025-10-10T08:41:08.335+0000] {dag.py:4138} INFO - Setting next_dagrun for example_dynamic_task_mapping to 2022-03-04 00:00:00+00:00, run_after=2022-03-05 00:00:00+00:00
[2025-10-10T08:41:08.401+0000] {processor.py:208} INFO - Processing /home/airflow/.local/lib/python3.12/site-packages/airflow/example_dags/example_dynamic_task_mapping.py took 0.462 seconds
[2025-10-10T08:41:39.010+0000] {processor.py:186} INFO - Started process (PID=549) to work on /home/airflow/.local/lib/python3.12/site-packages/airflow/example_dags/example_dynamic_task_mapping.py
[2025-10-10T08:41:39.012+0000] {processor.py:914} INFO - Processing file /home/airflow/.local/lib/python3.12/site-packages/airflow/example_dags/example_dynamic_task_mapping.py for tasks to queue
[2025-10-10T08:41:39.017+0000] {logging_mixin.py:190} INFO - [2025-10-10T08:41:39.017+0000] {dagbag.py:587} INFO - Filling up the DagBag from /home/airflow/.local/lib/python3.12/site-packages/airflow/example_dags/example_dynamic_task_mapping.py
[2025-10-10T08:41:39.045+0000] {processor.py:925} INFO - DAG(s) 'example_dynamic_task_mapping' retrieved from /home/airflow/.local/lib/python3.12/site-packages/airflow/example_dags/example_dynamic_task_mapping.py
[2025-10-10T08:41:39.100+0000] {logging_mixin.py:190} INFO - [2025-10-10T08:41:39.099+0000] {dag.py:3211} INFO - Sync 1 DAGs
[2025-10-10T08:41:39.160+0000] {logging_mixin.py:190} INFO - [2025-10-10T08:41:39.159+0000] {dag.py:4138} INFO - Setting next_dagrun for example_dynamic_task_mapping to 2022-03-04 00:00:00+00:00, run_after=2022-03-05 00:00:00+00:00
[2025-10-10T08:41:39.204+0000] {processor.py:208} INFO - Processing /home/airflow/.local/lib/python3.12/site-packages/airflow/example_dags/example_dynamic_task_mapping.py took 0.209 seconds
[2025-10-10T08:42:10.499+0000] {processor.py:186} INFO - Started process (PID=618) to work on /home/airflow/.local/lib/python3.12/site-packages/airflow/example_dags/example_dynamic_task_mapping.py
[2025-10-10T08:42:10.503+0000] {processor.py:914} INFO - Processing file /home/airflow/.local/lib/python3.12/site-packages/airflow/example_dags/example_dynamic_task_mapping.py for tasks to queue
[2025-10-10T08:42:10.531+0000] {logging_mixin.py:190} INFO - [2025-10-10T08:42:10.520+0000] {dagbag.py:587} INFO - Filling up the DagBag from /home/airflow/.local/lib/python3.12/site-packages/airflow/example_dags/example_dynamic_task_mapping.py
[2025-10-10T08:42:10.615+0000] {processor.py:925} INFO - DAG(s) 'example_dynamic_task_mapping' retrieved from /home/airflow/.local/lib/python3.12/site-packages/airflow/example_dags/example_dynamic_task_mapping.py
[2025-10-10T08:42:10.910+0000] {logging_mixin.py:190} INFO - [2025-10-10T08:42:10.909+0000] {dag.py:3211} INFO - Sync 1 DAGs
[2025-10-10T08:42:11.105+0000] {logging_mixin.py:190} INFO - [2025-10-10T08:42:11.102+0000] {dag.py:4138} INFO - Setting next_dagrun for example_dynamic_task_mapping to 2022-03-04 00:00:00+00:00, run_after=2022-03-05 00:00:00+00:00
[2025-10-10T08:42:11.223+0000] {processor.py:208} INFO - Processing /home/airflow/.local/lib/python3.12/site-packages/airflow/example_dags/example_dynamic_task_mapping.py took 0.801 seconds
[2025-10-10T08:42:41.547+0000] {processor.py:186} INFO - Started process (PID=681) to work on /home/airflow/.local/lib/python3.12/site-packages/airflow/example_dags/example_dynamic_task_mapping.py
[2025-10-10T08:42:41.549+0000] {processor.py:914} INFO - Processing file /home/airflow/.local/lib/python3.12/site-packages/airflow/example_dags/example_dynamic_task_mapping.py for tasks to queue
[2025-10-10T08:42:41.556+0000] {logging_mixin.py:190} INFO - [2025-10-10T08:42:41.555+0000] {dagbag.py:587} INFO - Filling up the DagBag from /home/airflow/.local/lib/python3.12/site-packages/airflow/example_dags/example_dynamic_task_mapping.py
[2025-10-10T08:42:41.582+0000] {processor.py:925} INFO - DAG(s) 'example_dynamic_task_mapping' retrieved from /home/airflow/.local/lib/python3.12/site-packages/airflow/example_dags/example_dynamic_task_mapping.py
[2025-10-10T08:42:41.632+0000] {logging_mixin.py:190} INFO - [2025-10-10T08:42:41.631+0000] {dag.py:3211} INFO - Sync 1 DAGs
[2025-10-10T08:42:41.699+0000] {logging_mixin.py:190} INFO - [2025-10-10T08:42:41.698+0000] {dag.py:4138} INFO - Setting next_dagrun for example_dynamic_task_mapping to 2022-03-04 00:00:00+00:00, run_after=2022-03-05 00:00:00+00:00
[2025-10-10T08:42:41.779+0000] {processor.py:208} INFO - Processing /home/airflow/.local/lib/python3.12/site-packages/airflow/example_dags/example_dynamic_task_mapping.py took 0.244 seconds
[2025-10-10T08:43:12.026+0000] {processor.py:186} INFO - Started process (PID=744) to work on /home/airflow/.local/lib/python3.12/site-packages/airflow/example_dags/example_dynamic_task_mapping.py
[2025-10-10T08:43:12.029+0000] {processor.py:914} INFO - Processing file /home/airflow/.local/lib/python3.12/site-packages/airflow/example_dags/example_dynamic_task_mapping.py for tasks to queue
[2025-10-10T08:43:12.035+0000] {logging_mixin.py:190} INFO - [2025-10-10T08:43:12.034+0000] {dagbag.py:587} INFO - Filling up the DagBag from /home/airflow/.local/lib/python3.12/site-packages/airflow/example_dags/example_dynamic_task_mapping.py
[2025-10-10T08:43:12.058+0000] {processor.py:925} INFO - DAG(s) 'example_dynamic_task_mapping' retrieved from /home/airflow/.local/lib/python3.12/site-packages/airflow/example_dags/example_dynamic_task_mapping.py
[2025-10-10T08:43:12.104+0000] {logging_mixin.py:190} INFO - [2025-10-10T08:43:12.103+0000] {dag.py:3211} INFO - Sync 1 DAGs
[2025-10-10T08:43:12.154+0000] {logging_mixin.py:190} INFO - [2025-10-10T08:43:12.154+0000] {dag.py:4138} INFO - Setting next_dagrun for example_dynamic_task_mapping to 2022-03-04 00:00:00+00:00, run_after=2022-03-05 00:00:00+00:00
[2025-10-10T08:43:12.202+0000] {processor.py:208} INFO - Processing /home/airflow/.local/lib/python3.12/site-packages/airflow/example_dags/example_dynamic_task_mapping.py took 0.191 seconds
[2025-10-10T08:43:42.952+0000] {processor.py:186} INFO - Started process (PID=807) to work on /home/airflow/.local/lib/python3.12/site-packages/airflow/example_dags/example_dynamic_task_mapping.py
[2025-10-10T08:43:42.959+0000] {processor.py:914} INFO - Processing file /home/airflow/.local/lib/python3.12/site-packages/airflow/example_dags/example_dynamic_task_mapping.py for tasks to queue
[2025-10-10T08:43:42.975+0000] {logging_mixin.py:190} INFO - [2025-10-10T08:43:42.973+0000] {dagbag.py:587} INFO - Filling up the DagBag from /home/airflow/.local/lib/python3.12/site-packages/airflow/example_dags/example_dynamic_task_mapping.py
[2025-10-10T08:43:43.035+0000] {processor.py:925} INFO - DAG(s) 'example_dynamic_task_mapping' retrieved from /home/airflow/.local/lib/python3.12/site-packages/airflow/example_dags/example_dynamic_task_mapping.py
[2025-10-10T08:43:43.180+0000] {logging_mixin.py:190} INFO - [2025-10-10T08:43:43.178+0000] {dag.py:3211} INFO - Sync 1 DAGs
[2025-10-10T08:43:43.375+0000] {logging_mixin.py:190} INFO - [2025-10-10T08:43:43.374+0000] {dag.py:4138} INFO - Setting next_dagrun for example_dynamic_task_mapping to 2022-03-04 00:00:00+00:00, run_after=2022-03-05 00:00:00+00:00
[2025-10-10T08:43:43.443+0000] {processor.py:208} INFO - Processing /home/airflow/.local/lib/python3.12/site-packages/airflow/example_dags/example_dynamic_task_mapping.py took 0.533 seconds
[2025-10-10T08:44:13.706+0000] {processor.py:186} INFO - Started process (PID=868) to work on /home/airflow/.local/lib/python3.12/site-packages/airflow/example_dags/example_dynamic_task_mapping.py
[2025-10-10T08:44:13.711+0000] {processor.py:914} INFO - Processing file /home/airflow/.local/lib/python3.12/site-packages/airflow/example_dags/example_dynamic_task_mapping.py for tasks to queue
[2025-10-10T08:44:13.725+0000] {logging_mixin.py:190} INFO - [2025-10-10T08:44:13.724+0000] {dagbag.py:587} INFO - Filling up the DagBag from /home/airflow/.local/lib/python3.12/site-packages/airflow/example_dags/example_dynamic_task_mapping.py
[2025-10-10T08:44:13.765+0000] {processor.py:925} INFO - DAG(s) 'example_dynamic_task_mapping' retrieved from /home/airflow/.local/lib/python3.12/site-packages/airflow/example_dags/example_dynamic_task_mapping.py
[2025-10-10T08:44:13.833+0000] {logging_mixin.py:190} INFO - [2025-10-10T08:44:13.832+0000] {dag.py:3211} INFO - Sync 1 DAGs
[2025-10-10T08:44:13.932+0000] {logging_mixin.py:190} INFO - [2025-10-10T08:44:13.931+0000] {dag.py:4138} INFO - Setting next_dagrun for example_dynamic_task_mapping to 2022-03-04 00:00:00+00:00, run_after=2022-03-05 00:00:00+00:00
[2025-10-10T08:44:13.993+0000] {processor.py:208} INFO - Processing /home/airflow/.local/lib/python3.12/site-packages/airflow/example_dags/example_dynamic_task_mapping.py took 0.313 seconds
[2025-10-10T08:44:46.373+0000] {processor.py:186} INFO - Started process (PID=932) to work on /home/airflow/.local/lib/python3.12/site-packages/airflow/example_dags/example_dynamic_task_mapping.py
[2025-10-10T08:44:46.375+0000] {processor.py:914} INFO - Processing file /home/airflow/.local/lib/python3.12/site-packages/airflow/example_dags/example_dynamic_task_mapping.py for tasks to queue
[2025-10-10T08:44:46.383+0000] {logging_mixin.py:190} INFO - [2025-10-10T08:44:46.382+0000] {dagbag.py:587} INFO - Filling up the DagBag from /home/airflow/.local/lib/python3.12/site-packages/airflow/example_dags/example_dynamic_task_mapping.py
[2025-10-10T08:44:46.408+0000] {processor.py:925} INFO - DAG(s) 'example_dynamic_task_mapping' retrieved from /home/airflow/.local/lib/python3.12/site-packages/airflow/example_dags/example_dynamic_task_mapping.py
[2025-10-10T08:44:46.468+0000] {logging_mixin.py:190} INFO - [2025-10-10T08:44:46.467+0000] {dag.py:3211} INFO - Sync 1 DAGs
[2025-10-10T08:44:46.533+0000] {logging_mixin.py:190} INFO - [2025-10-10T08:44:46.532+0000] {dag.py:4138} INFO - Setting next_dagrun for example_dynamic_task_mapping to 2022-03-04 00:00:00+00:00, run_after=2022-03-05 00:00:00+00:00
[2025-10-10T08:44:46.575+0000] {processor.py:208} INFO - Processing /home/airflow/.local/lib/python3.12/site-packages/airflow/example_dags/example_dynamic_task_mapping.py took 0.221 seconds
[2025-10-10T08:45:17.199+0000] {processor.py:186} INFO - Started process (PID=994) to work on /home/airflow/.local/lib/python3.12/site-packages/airflow/example_dags/example_dynamic_task_mapping.py
[2025-10-10T08:45:17.201+0000] {processor.py:914} INFO - Processing file /home/airflow/.local/lib/python3.12/site-packages/airflow/example_dags/example_dynamic_task_mapping.py for tasks to queue
[2025-10-10T08:45:17.206+0000] {logging_mixin.py:190} INFO - [2025-10-10T08:45:17.205+0000] {dagbag.py:587} INFO - Filling up the DagBag from /home/airflow/.local/lib/python3.12/site-packages/airflow/example_dags/example_dynamic_task_mapping.py
[2025-10-10T08:45:17.236+0000] {processor.py:925} INFO - DAG(s) 'example_dynamic_task_mapping' retrieved from /home/airflow/.local/lib/python3.12/site-packages/airflow/example_dags/example_dynamic_task_mapping.py
[2025-10-10T08:45:17.299+0000] {logging_mixin.py:190} INFO - [2025-10-10T08:45:17.298+0000] {dag.py:3211} INFO - Sync 1 DAGs
[2025-10-10T08:45:17.379+0000] {logging_mixin.py:190} INFO - [2025-10-10T08:45:17.379+0000] {dag.py:4138} INFO - Setting next_dagrun for example_dynamic_task_mapping to 2022-03-04 00:00:00+00:00, run_after=2022-03-05 00:00:00+00:00
[2025-10-10T08:45:17.432+0000] {processor.py:208} INFO - Processing /home/airflow/.local/lib/python3.12/site-packages/airflow/example_dags/example_dynamic_task_mapping.py took 0.246 seconds
[2025-10-10T08:45:48.419+0000] {processor.py:186} INFO - Started process (PID=1058) to work on /home/airflow/.local/lib/python3.12/site-packages/airflow/example_dags/example_dynamic_task_mapping.py
[2025-10-10T08:45:48.422+0000] {processor.py:914} INFO - Processing file /home/airflow/.local/lib/python3.12/site-packages/airflow/example_dags/example_dynamic_task_mapping.py for tasks to queue
[2025-10-10T08:45:48.430+0000] {logging_mixin.py:190} INFO - [2025-10-10T08:45:48.429+0000] {dagbag.py:587} INFO - Filling up the DagBag from /home/airflow/.local/lib/python3.12/site-packages/airflow/example_dags/example_dynamic_task_mapping.py
[2025-10-10T08:45:48.457+0000] {processor.py:925} INFO - DAG(s) 'example_dynamic_task_mapping' retrieved from /home/airflow/.local/lib/python3.12/site-packages/airflow/example_dags/example_dynamic_task_mapping.py
[2025-10-10T08:45:48.509+0000] {logging_mixin.py:190} INFO - [2025-10-10T08:45:48.509+0000] {dag.py:3211} INFO - Sync 1 DAGs
[2025-10-10T08:45:48.573+0000] {logging_mixin.py:190} INFO - [2025-10-10T08:45:48.573+0000] {dag.py:4138} INFO - Setting next_dagrun for example_dynamic_task_mapping to 2022-03-04 00:00:00+00:00, run_after=2022-03-05 00:00:00+00:00
[2025-10-10T08:45:48.621+0000] {processor.py:208} INFO - Processing /home/airflow/.local/lib/python3.12/site-packages/airflow/example_dags/example_dynamic_task_mapping.py took 0.220 seconds
[2025-10-10T08:46:19.903+0000] {processor.py:186} INFO - Started process (PID=1121) to work on /home/airflow/.local/lib/python3.12/site-packages/airflow/example_dags/example_dynamic_task_mapping.py
[2025-10-10T08:46:19.906+0000] {processor.py:914} INFO - Processing file /home/airflow/.local/lib/python3.12/site-packages/airflow/example_dags/example_dynamic_task_mapping.py for tasks to queue
[2025-10-10T08:46:19.914+0000] {logging_mixin.py:190} INFO - [2025-10-10T08:46:19.912+0000] {dagbag.py:587} INFO - Filling up the DagBag from /home/airflow/.local/lib/python3.12/site-packages/airflow/example_dags/example_dynamic_task_mapping.py
[2025-10-10T08:46:19.937+0000] {processor.py:925} INFO - DAG(s) 'example_dynamic_task_mapping' retrieved from /home/airflow/.local/lib/python3.12/site-packages/airflow/example_dags/example_dynamic_task_mapping.py
[2025-10-10T08:46:20.004+0000] {logging_mixin.py:190} INFO - [2025-10-10T08:46:20.003+0000] {dag.py:3211} INFO - Sync 1 DAGs
[2025-10-10T08:46:20.091+0000] {logging_mixin.py:190} INFO - [2025-10-10T08:46:20.090+0000] {dag.py:4138} INFO - Setting next_dagrun for example_dynamic_task_mapping to 2022-03-04 00:00:00+00:00, run_after=2022-03-05 00:00:00+00:00
[2025-10-10T08:46:20.474+0000] {processor.py:208} INFO - Processing /home/airflow/.local/lib/python3.12/site-packages/airflow/example_dags/example_dynamic_task_mapping.py took 0.588 seconds
[2025-10-10T08:46:50.954+0000] {processor.py:186} INFO - Started process (PID=1184) to work on /home/airflow/.local/lib/python3.12/site-packages/airflow/example_dags/example_dynamic_task_mapping.py
[2025-10-10T08:46:50.957+0000] {processor.py:914} INFO - Processing file /home/airflow/.local/lib/python3.12/site-packages/airflow/example_dags/example_dynamic_task_mapping.py for tasks to queue
[2025-10-10T08:46:50.964+0000] {logging_mixin.py:190} INFO - [2025-10-10T08:46:50.963+0000] {dagbag.py:587} INFO - Filling up the DagBag from /home/airflow/.local/lib/python3.12/site-packages/airflow/example_dags/example_dynamic_task_mapping.py
[2025-10-10T08:46:50.991+0000] {processor.py:925} INFO - DAG(s) 'example_dynamic_task_mapping' retrieved from /home/airflow/.local/lib/python3.12/site-packages/airflow/example_dags/example_dynamic_task_mapping.py
[2025-10-10T08:46:51.049+0000] {logging_mixin.py:190} INFO - [2025-10-10T08:46:51.048+0000] {dag.py:3211} INFO - Sync 1 DAGs
[2025-10-10T08:46:51.174+0000] {logging_mixin.py:190} INFO - [2025-10-10T08:46:51.170+0000] {dag.py:4138} INFO - Setting next_dagrun for example_dynamic_task_mapping to 2022-03-04 00:00:00+00:00, run_after=2022-03-05 00:00:00+00:00
[2025-10-10T08:46:51.290+0000] {processor.py:208} INFO - Processing /home/airflow/.local/lib/python3.12/site-packages/airflow/example_dags/example_dynamic_task_mapping.py took 0.353 seconds
[2025-10-10T08:47:23.279+0000] {processor.py:186} INFO - Started process (PID=1247) to work on /home/airflow/.local/lib/python3.12/site-packages/airflow/example_dags/example_dynamic_task_mapping.py
[2025-10-10T08:47:23.282+0000] {processor.py:914} INFO - Processing file /home/airflow/.local/lib/python3.12/site-packages/airflow/example_dags/example_dynamic_task_mapping.py for tasks to queue
[2025-10-10T08:47:23.288+0000] {logging_mixin.py:190} INFO - [2025-10-10T08:47:23.287+0000] {dagbag.py:587} INFO - Filling up the DagBag from /home/airflow/.local/lib/python3.12/site-packages/airflow/example_dags/example_dynamic_task_mapping.py
[2025-10-10T08:47:23.312+0000] {processor.py:925} INFO - DAG(s) 'example_dynamic_task_mapping' retrieved from /home/airflow/.local/lib/python3.12/site-packages/airflow/example_dags/example_dynamic_task_mapping.py
[2025-10-10T08:47:23.368+0000] {logging_mixin.py:190} INFO - [2025-10-10T08:47:23.367+0000] {dag.py:3211} INFO - Sync 1 DAGs
[2025-10-10T08:47:23.455+0000] {logging_mixin.py:190} INFO - [2025-10-10T08:47:23.454+0000] {dag.py:4138} INFO - Setting next_dagrun for example_dynamic_task_mapping to 2022-03-04 00:00:00+00:00, run_after=2022-03-05 00:00:00+00:00
[2025-10-10T08:47:23.521+0000] {processor.py:208} INFO - Processing /home/airflow/.local/lib/python3.12/site-packages/airflow/example_dags/example_dynamic_task_mapping.py took 0.258 seconds
[2025-10-10T08:47:53.954+0000] {processor.py:186} INFO - Started process (PID=1310) to work on /home/airflow/.local/lib/python3.12/site-packages/airflow/example_dags/example_dynamic_task_mapping.py
[2025-10-10T08:47:53.957+0000] {processor.py:914} INFO - Processing file /home/airflow/.local/lib/python3.12/site-packages/airflow/example_dags/example_dynamic_task_mapping.py for tasks to queue
[2025-10-10T08:47:53.965+0000] {logging_mixin.py:190} INFO - [2025-10-10T08:47:53.964+0000] {dagbag.py:587} INFO - Filling up the DagBag from /home/airflow/.local/lib/python3.12/site-packages/airflow/example_dags/example_dynamic_task_mapping.py
[2025-10-10T08:47:53.985+0000] {processor.py:925} INFO - DAG(s) 'example_dynamic_task_mapping' retrieved from /home/airflow/.local/lib/python3.12/site-packages/airflow/example_dags/example_dynamic_task_mapping.py
[2025-10-10T08:47:54.027+0000] {logging_mixin.py:190} INFO - [2025-10-10T08:47:54.027+0000] {dag.py:3211} INFO - Sync 1 DAGs
[2025-10-10T08:47:54.093+0000] {logging_mixin.py:190} INFO - [2025-10-10T08:47:54.093+0000] {dag.py:4138} INFO - Setting next_dagrun for example_dynamic_task_mapping to 2022-03-04 00:00:00+00:00, run_after=2022-03-05 00:00:00+00:00
[2025-10-10T08:47:54.132+0000] {processor.py:208} INFO - Processing /home/airflow/.local/lib/python3.12/site-packages/airflow/example_dags/example_dynamic_task_mapping.py took 0.192 seconds
[2025-10-10T08:48:24.885+0000] {processor.py:186} INFO - Started process (PID=1373) to work on /home/airflow/.local/lib/python3.12/site-packages/airflow/example_dags/example_dynamic_task_mapping.py
[2025-10-10T08:48:24.887+0000] {processor.py:914} INFO - Processing file /home/airflow/.local/lib/python3.12/site-packages/airflow/example_dags/example_dynamic_task_mapping.py for tasks to queue
[2025-10-10T08:48:24.893+0000] {logging_mixin.py:190} INFO - [2025-10-10T08:48:24.892+0000] {dagbag.py:587} INFO - Filling up the DagBag from /home/airflow/.local/lib/python3.12/site-packages/airflow/example_dags/example_dynamic_task_mapping.py
[2025-10-10T08:48:24.912+0000] {processor.py:925} INFO - DAG(s) 'example_dynamic_task_mapping' retrieved from /home/airflow/.local/lib/python3.12/site-packages/airflow/example_dags/example_dynamic_task_mapping.py
[2025-10-10T08:48:24.954+0000] {logging_mixin.py:190} INFO - [2025-10-10T08:48:24.954+0000] {dag.py:3211} INFO - Sync 1 DAGs
[2025-10-10T08:48:25.000+0000] {logging_mixin.py:190} INFO - [2025-10-10T08:48:25.000+0000] {dag.py:4138} INFO - Setting next_dagrun for example_dynamic_task_mapping to 2022-03-04 00:00:00+00:00, run_after=2022-03-05 00:00:00+00:00
[2025-10-10T08:48:25.043+0000] {processor.py:208} INFO - Processing /home/airflow/.local/lib/python3.12/site-packages/airflow/example_dags/example_dynamic_task_mapping.py took 0.170 seconds
[2025-10-10T08:48:55.455+0000] {processor.py:186} INFO - Started process (PID=1436) to work on /home/airflow/.local/lib/python3.12/site-packages/airflow/example_dags/example_dynamic_task_mapping.py
[2025-10-10T08:48:55.458+0000] {processor.py:914} INFO - Processing file /home/airflow/.local/lib/python3.12/site-packages/airflow/example_dags/example_dynamic_task_mapping.py for tasks to queue
[2025-10-10T08:48:55.466+0000] {logging_mixin.py:190} INFO - [2025-10-10T08:48:55.465+0000] {dagbag.py:587} INFO - Filling up the DagBag from /home/airflow/.local/lib/python3.12/site-packages/airflow/example_dags/example_dynamic_task_mapping.py
[2025-10-10T08:48:55.499+0000] {processor.py:925} INFO - DAG(s) 'example_dynamic_task_mapping' retrieved from /home/airflow/.local/lib/python3.12/site-packages/airflow/example_dags/example_dynamic_task_mapping.py
[2025-10-10T08:48:55.557+0000] {logging_mixin.py:190} INFO - [2025-10-10T08:48:55.556+0000] {dag.py:3211} INFO - Sync 1 DAGs
[2025-10-10T08:48:55.621+0000] {logging_mixin.py:190} INFO - [2025-10-10T08:48:55.620+0000] {dag.py:4138} INFO - Setting next_dagrun for example_dynamic_task_mapping to 2022-03-04 00:00:00+00:00, run_after=2022-03-05 00:00:00+00:00
[2025-10-10T08:48:55.659+0000] {processor.py:208} INFO - Processing /home/airflow/.local/lib/python3.12/site-packages/airflow/example_dags/example_dynamic_task_mapping.py took 0.221 seconds
[2025-10-10T08:54:01.810+0000] {processor.py:186} INFO - Started process (PID=117) to work on /home/airflow/.local/lib/python3.12/site-packages/airflow/example_dags/example_dynamic_task_mapping.py
[2025-10-10T08:54:01.812+0000] {processor.py:914} INFO - Processing file /home/airflow/.local/lib/python3.12/site-packages/airflow/example_dags/example_dynamic_task_mapping.py for tasks to queue
[2025-10-10T08:54:01.819+0000] {logging_mixin.py:190} INFO - [2025-10-10T08:54:01.817+0000] {dagbag.py:587} INFO - Filling up the DagBag from /home/airflow/.local/lib/python3.12/site-packages/airflow/example_dags/example_dynamic_task_mapping.py
[2025-10-10T08:54:01.849+0000] {processor.py:925} INFO - DAG(s) 'example_dynamic_task_mapping' retrieved from /home/airflow/.local/lib/python3.12/site-packages/airflow/example_dags/example_dynamic_task_mapping.py
[2025-10-10T08:54:01.915+0000] {logging_mixin.py:190} INFO - [2025-10-10T08:54:01.915+0000] {dag.py:3211} INFO - Sync 1 DAGs
[2025-10-10T08:54:02.040+0000] {logging_mixin.py:190} INFO - [2025-10-10T08:54:02.040+0000] {dag.py:4138} INFO - Setting next_dagrun for example_dynamic_task_mapping to 2022-03-04 00:00:00+00:00, run_after=2022-03-05 00:00:00+00:00
[2025-10-10T08:54:02.103+0000] {processor.py:208} INFO - Processing /home/airflow/.local/lib/python3.12/site-packages/airflow/example_dags/example_dynamic_task_mapping.py took 0.311 seconds
[2025-10-10T08:54:32.523+0000] {processor.py:186} INFO - Started process (PID=181) to work on /home/airflow/.local/lib/python3.12/site-packages/airflow/example_dags/example_dynamic_task_mapping.py
[2025-10-10T08:54:32.531+0000] {processor.py:914} INFO - Processing file /home/airflow/.local/lib/python3.12/site-packages/airflow/example_dags/example_dynamic_task_mapping.py for tasks to queue
[2025-10-10T08:54:32.545+0000] {logging_mixin.py:190} INFO - [2025-10-10T08:54:32.542+0000] {dagbag.py:587} INFO - Filling up the DagBag from /home/airflow/.local/lib/python3.12/site-packages/airflow/example_dags/example_dynamic_task_mapping.py
[2025-10-10T08:54:32.601+0000] {processor.py:925} INFO - DAG(s) 'example_dynamic_task_mapping' retrieved from /home/airflow/.local/lib/python3.12/site-packages/airflow/example_dags/example_dynamic_task_mapping.py
[2025-10-10T08:54:32.745+0000] {logging_mixin.py:190} INFO - [2025-10-10T08:54:32.743+0000] {dag.py:3211} INFO - Sync 1 DAGs
[2025-10-10T08:54:32.908+0000] {logging_mixin.py:190} INFO - [2025-10-10T08:54:32.907+0000] {dag.py:4138} INFO - Setting next_dagrun for example_dynamic_task_mapping to 2022-03-04 00:00:00+00:00, run_after=2022-03-05 00:00:00+00:00
[2025-10-10T08:54:33.029+0000] {processor.py:208} INFO - Processing /home/airflow/.local/lib/python3.12/site-packages/airflow/example_dags/example_dynamic_task_mapping.py took 0.546 seconds
[2025-10-10T08:55:04.104+0000] {processor.py:186} INFO - Started process (PID=244) to work on /home/airflow/.local/lib/python3.12/site-packages/airflow/example_dags/example_dynamic_task_mapping.py
[2025-10-10T08:55:04.108+0000] {processor.py:914} INFO - Processing file /home/airflow/.local/lib/python3.12/site-packages/airflow/example_dags/example_dynamic_task_mapping.py for tasks to queue
[2025-10-10T08:55:04.122+0000] {logging_mixin.py:190} INFO - [2025-10-10T08:55:04.121+0000] {dagbag.py:587} INFO - Filling up the DagBag from /home/airflow/.local/lib/python3.12/site-packages/airflow/example_dags/example_dynamic_task_mapping.py
[2025-10-10T08:55:04.160+0000] {processor.py:925} INFO - DAG(s) 'example_dynamic_task_mapping' retrieved from /home/airflow/.local/lib/python3.12/site-packages/airflow/example_dags/example_dynamic_task_mapping.py
[2025-10-10T08:55:04.247+0000] {logging_mixin.py:190} INFO - [2025-10-10T08:55:04.245+0000] {dag.py:3211} INFO - Sync 1 DAGs
[2025-10-10T08:55:04.346+0000] {logging_mixin.py:190} INFO - [2025-10-10T08:55:04.346+0000] {dag.py:4138} INFO - Setting next_dagrun for example_dynamic_task_mapping to 2022-03-04 00:00:00+00:00, run_after=2022-03-05 00:00:00+00:00
[2025-10-10T08:55:04.405+0000] {processor.py:208} INFO - Processing /home/airflow/.local/lib/python3.12/site-packages/airflow/example_dags/example_dynamic_task_mapping.py took 0.335 seconds
[2025-10-10T08:58:08.409+0000] {processor.py:186} INFO - Started process (PID=112) to work on /home/airflow/.local/lib/python3.12/site-packages/airflow/example_dags/example_dynamic_task_mapping.py
[2025-10-10T08:58:08.413+0000] {processor.py:914} INFO - Processing file /home/airflow/.local/lib/python3.12/site-packages/airflow/example_dags/example_dynamic_task_mapping.py for tasks to queue
[2025-10-10T08:58:08.423+0000] {logging_mixin.py:190} INFO - [2025-10-10T08:58:08.421+0000] {dagbag.py:587} INFO - Filling up the DagBag from /home/airflow/.local/lib/python3.12/site-packages/airflow/example_dags/example_dynamic_task_mapping.py
[2025-10-10T08:58:08.458+0000] {processor.py:925} INFO - DAG(s) 'example_dynamic_task_mapping' retrieved from /home/airflow/.local/lib/python3.12/site-packages/airflow/example_dags/example_dynamic_task_mapping.py
[2025-10-10T08:58:08.528+0000] {logging_mixin.py:190} INFO - [2025-10-10T08:58:08.527+0000] {dag.py:3211} INFO - Sync 1 DAGs
[2025-10-10T08:58:09.136+0000] {logging_mixin.py:190} INFO - [2025-10-10T08:58:09.135+0000] {dag.py:4138} INFO - Setting next_dagrun for example_dynamic_task_mapping to 2022-03-04 00:00:00+00:00, run_after=2022-03-05 00:00:00+00:00
[2025-10-10T08:58:09.707+0000] {processor.py:208} INFO - Processing /home/airflow/.local/lib/python3.12/site-packages/airflow/example_dags/example_dynamic_task_mapping.py took 1.318 seconds
[2025-10-10T08:58:40.252+0000] {processor.py:186} INFO - Started process (PID=176) to work on /home/airflow/.local/lib/python3.12/site-packages/airflow/example_dags/example_dynamic_task_mapping.py
[2025-10-10T08:58:40.255+0000] {processor.py:914} INFO - Processing file /home/airflow/.local/lib/python3.12/site-packages/airflow/example_dags/example_dynamic_task_mapping.py for tasks to queue
[2025-10-10T08:58:40.261+0000] {logging_mixin.py:190} INFO - [2025-10-10T08:58:40.260+0000] {dagbag.py:587} INFO - Filling up the DagBag from /home/airflow/.local/lib/python3.12/site-packages/airflow/example_dags/example_dynamic_task_mapping.py
[2025-10-10T08:58:40.288+0000] {processor.py:925} INFO - DAG(s) 'example_dynamic_task_mapping' retrieved from /home/airflow/.local/lib/python3.12/site-packages/airflow/example_dags/example_dynamic_task_mapping.py
[2025-10-10T08:58:40.344+0000] {logging_mixin.py:190} INFO - [2025-10-10T08:58:40.344+0000] {dag.py:3211} INFO - Sync 1 DAGs
[2025-10-10T08:58:40.418+0000] {logging_mixin.py:190} INFO - [2025-10-10T08:58:40.418+0000] {dag.py:4138} INFO - Setting next_dagrun for example_dynamic_task_mapping to 2022-03-04 00:00:00+00:00, run_after=2022-03-05 00:00:00+00:00
[2025-10-10T08:58:40.478+0000] {processor.py:208} INFO - Processing /home/airflow/.local/lib/python3.12/site-packages/airflow/example_dags/example_dynamic_task_mapping.py took 0.249 seconds
[2025-10-10T09:01:35.172+0000] {processor.py:186} INFO - Started process (PID=111) to work on /home/airflow/.local/lib/python3.12/site-packages/airflow/example_dags/example_dynamic_task_mapping.py
[2025-10-10T09:01:35.176+0000] {processor.py:914} INFO - Processing file /home/airflow/.local/lib/python3.12/site-packages/airflow/example_dags/example_dynamic_task_mapping.py for tasks to queue
[2025-10-10T09:01:35.184+0000] {logging_mixin.py:190} INFO - [2025-10-10T09:01:35.183+0000] {dagbag.py:587} INFO - Filling up the DagBag from /home/airflow/.local/lib/python3.12/site-packages/airflow/example_dags/example_dynamic_task_mapping.py
[2025-10-10T09:01:35.221+0000] {processor.py:925} INFO - DAG(s) 'example_dynamic_task_mapping' retrieved from /home/airflow/.local/lib/python3.12/site-packages/airflow/example_dags/example_dynamic_task_mapping.py
[2025-10-10T09:01:35.301+0000] {logging_mixin.py:190} INFO - [2025-10-10T09:01:35.301+0000] {dag.py:3211} INFO - Sync 1 DAGs
[2025-10-10T09:01:35.366+0000] {logging_mixin.py:190} INFO - [2025-10-10T09:01:35.366+0000] {dag.py:4138} INFO - Setting next_dagrun for example_dynamic_task_mapping to 2022-03-04 00:00:00+00:00, run_after=2022-03-05 00:00:00+00:00
[2025-10-10T09:01:35.408+0000] {processor.py:208} INFO - Processing /home/airflow/.local/lib/python3.12/site-packages/airflow/example_dags/example_dynamic_task_mapping.py took 0.256 seconds
[2025-10-10T09:02:06.815+0000] {processor.py:186} INFO - Started process (PID=174) to work on /home/airflow/.local/lib/python3.12/site-packages/airflow/example_dags/example_dynamic_task_mapping.py
[2025-10-10T09:02:06.821+0000] {processor.py:914} INFO - Processing file /home/airflow/.local/lib/python3.12/site-packages/airflow/example_dags/example_dynamic_task_mapping.py for tasks to queue
[2025-10-10T09:02:06.836+0000] {logging_mixin.py:190} INFO - [2025-10-10T09:02:06.834+0000] {dagbag.py:587} INFO - Filling up the DagBag from /home/airflow/.local/lib/python3.12/site-packages/airflow/example_dags/example_dynamic_task_mapping.py
[2025-10-10T09:02:06.876+0000] {processor.py:925} INFO - DAG(s) 'example_dynamic_task_mapping' retrieved from /home/airflow/.local/lib/python3.12/site-packages/airflow/example_dags/example_dynamic_task_mapping.py
[2025-10-10T09:02:06.944+0000] {logging_mixin.py:190} INFO - [2025-10-10T09:02:06.943+0000] {dag.py:3211} INFO - Sync 1 DAGs
[2025-10-10T09:02:07.019+0000] {logging_mixin.py:190} INFO - [2025-10-10T09:02:07.019+0000] {dag.py:4138} INFO - Setting next_dagrun for example_dynamic_task_mapping to 2022-03-04 00:00:00+00:00, run_after=2022-03-05 00:00:00+00:00
[2025-10-10T09:02:07.205+0000] {processor.py:208} INFO - Processing /home/airflow/.local/lib/python3.12/site-packages/airflow/example_dags/example_dynamic_task_mapping.py took 0.427 seconds
[2025-10-10T09:02:38.140+0000] {processor.py:186} INFO - Started process (PID=237) to work on /home/airflow/.local/lib/python3.12/site-packages/airflow/example_dags/example_dynamic_task_mapping.py
[2025-10-10T09:02:38.143+0000] {processor.py:914} INFO - Processing file /home/airflow/.local/lib/python3.12/site-packages/airflow/example_dags/example_dynamic_task_mapping.py for tasks to queue
[2025-10-10T09:02:38.151+0000] {logging_mixin.py:190} INFO - [2025-10-10T09:02:38.150+0000] {dagbag.py:587} INFO - Filling up the DagBag from /home/airflow/.local/lib/python3.12/site-packages/airflow/example_dags/example_dynamic_task_mapping.py
[2025-10-10T09:02:38.183+0000] {processor.py:925} INFO - DAG(s) 'example_dynamic_task_mapping' retrieved from /home/airflow/.local/lib/python3.12/site-packages/airflow/example_dags/example_dynamic_task_mapping.py
[2025-10-10T09:02:38.275+0000] {logging_mixin.py:190} INFO - [2025-10-10T09:02:38.274+0000] {dag.py:3211} INFO - Sync 1 DAGs
[2025-10-10T09:02:38.381+0000] {logging_mixin.py:190} INFO - [2025-10-10T09:02:38.381+0000] {dag.py:4138} INFO - Setting next_dagrun for example_dynamic_task_mapping to 2022-03-04 00:00:00+00:00, run_after=2022-03-05 00:00:00+00:00
[2025-10-10T09:02:38.445+0000] {processor.py:208} INFO - Processing /home/airflow/.local/lib/python3.12/site-packages/airflow/example_dags/example_dynamic_task_mapping.py took 0.327 seconds
[2025-10-10T09:03:09.402+0000] {processor.py:186} INFO - Started process (PID=301) to work on /home/airflow/.local/lib/python3.12/site-packages/airflow/example_dags/example_dynamic_task_mapping.py
[2025-10-10T09:03:09.405+0000] {processor.py:914} INFO - Processing file /home/airflow/.local/lib/python3.12/site-packages/airflow/example_dags/example_dynamic_task_mapping.py for tasks to queue
[2025-10-10T09:03:09.413+0000] {logging_mixin.py:190} INFO - [2025-10-10T09:03:09.412+0000] {dagbag.py:587} INFO - Filling up the DagBag from /home/airflow/.local/lib/python3.12/site-packages/airflow/example_dags/example_dynamic_task_mapping.py
[2025-10-10T09:03:09.448+0000] {processor.py:925} INFO - DAG(s) 'example_dynamic_task_mapping' retrieved from /home/airflow/.local/lib/python3.12/site-packages/airflow/example_dags/example_dynamic_task_mapping.py
[2025-10-10T09:03:09.526+0000] {logging_mixin.py:190} INFO - [2025-10-10T09:03:09.526+0000] {dag.py:3211} INFO - Sync 1 DAGs
[2025-10-10T09:03:09.630+0000] {logging_mixin.py:190} INFO - [2025-10-10T09:03:09.629+0000] {dag.py:4138} INFO - Setting next_dagrun for example_dynamic_task_mapping to 2022-03-04 00:00:00+00:00, run_after=2022-03-05 00:00:00+00:00
[2025-10-10T09:03:09.752+0000] {processor.py:208} INFO - Processing /home/airflow/.local/lib/python3.12/site-packages/airflow/example_dags/example_dynamic_task_mapping.py took 0.371 seconds
[2025-10-10T09:03:41.338+0000] {processor.py:186} INFO - Started process (PID=364) to work on /home/airflow/.local/lib/python3.12/site-packages/airflow/example_dags/example_dynamic_task_mapping.py
[2025-10-10T09:03:41.343+0000] {processor.py:914} INFO - Processing file /home/airflow/.local/lib/python3.12/site-packages/airflow/example_dags/example_dynamic_task_mapping.py for tasks to queue
[2025-10-10T09:03:41.358+0000] {logging_mixin.py:190} INFO - [2025-10-10T09:03:41.357+0000] {dagbag.py:587} INFO - Filling up the DagBag from /home/airflow/.local/lib/python3.12/site-packages/airflow/example_dags/example_dynamic_task_mapping.py
[2025-10-10T09:03:41.398+0000] {processor.py:925} INFO - DAG(s) 'example_dynamic_task_mapping' retrieved from /home/airflow/.local/lib/python3.12/site-packages/airflow/example_dags/example_dynamic_task_mapping.py
[2025-10-10T09:03:41.495+0000] {logging_mixin.py:190} INFO - [2025-10-10T09:03:41.494+0000] {dag.py:3211} INFO - Sync 1 DAGs
[2025-10-10T09:03:41.609+0000] {logging_mixin.py:190} INFO - [2025-10-10T09:03:41.607+0000] {dag.py:4138} INFO - Setting next_dagrun for example_dynamic_task_mapping to 2022-03-04 00:00:00+00:00, run_after=2022-03-05 00:00:00+00:00
[2025-10-10T09:03:41.681+0000] {processor.py:208} INFO - Processing /home/airflow/.local/lib/python3.12/site-packages/airflow/example_dags/example_dynamic_task_mapping.py took 0.369 seconds
[2025-10-10T09:04:12.263+0000] {processor.py:186} INFO - Started process (PID=427) to work on /home/airflow/.local/lib/python3.12/site-packages/airflow/example_dags/example_dynamic_task_mapping.py
[2025-10-10T09:04:12.266+0000] {processor.py:914} INFO - Processing file /home/airflow/.local/lib/python3.12/site-packages/airflow/example_dags/example_dynamic_task_mapping.py for tasks to queue
[2025-10-10T09:04:12.271+0000] {logging_mixin.py:190} INFO - [2025-10-10T09:04:12.270+0000] {dagbag.py:587} INFO - Filling up the DagBag from /home/airflow/.local/lib/python3.12/site-packages/airflow/example_dags/example_dynamic_task_mapping.py
[2025-10-10T09:04:12.292+0000] {processor.py:925} INFO - DAG(s) 'example_dynamic_task_mapping' retrieved from /home/airflow/.local/lib/python3.12/site-packages/airflow/example_dags/example_dynamic_task_mapping.py
[2025-10-10T09:04:12.338+0000] {logging_mixin.py:190} INFO - [2025-10-10T09:04:12.338+0000] {dag.py:3211} INFO - Sync 1 DAGs
[2025-10-10T09:04:12.389+0000] {logging_mixin.py:190} INFO - [2025-10-10T09:04:12.388+0000] {dag.py:4138} INFO - Setting next_dagrun for example_dynamic_task_mapping to 2022-03-04 00:00:00+00:00, run_after=2022-03-05 00:00:00+00:00
[2025-10-10T09:04:12.485+0000] {processor.py:208} INFO - Processing /home/airflow/.local/lib/python3.12/site-packages/airflow/example_dags/example_dynamic_task_mapping.py took 0.237 seconds
[2025-10-10T09:04:43.265+0000] {processor.py:186} INFO - Started process (PID=490) to work on /home/airflow/.local/lib/python3.12/site-packages/airflow/example_dags/example_dynamic_task_mapping.py
[2025-10-10T09:04:43.269+0000] {processor.py:914} INFO - Processing file /home/airflow/.local/lib/python3.12/site-packages/airflow/example_dags/example_dynamic_task_mapping.py for tasks to queue
[2025-10-10T09:04:43.278+0000] {logging_mixin.py:190} INFO - [2025-10-10T09:04:43.277+0000] {dagbag.py:587} INFO - Filling up the DagBag from /home/airflow/.local/lib/python3.12/site-packages/airflow/example_dags/example_dynamic_task_mapping.py
[2025-10-10T09:04:43.331+0000] {processor.py:925} INFO - DAG(s) 'example_dynamic_task_mapping' retrieved from /home/airflow/.local/lib/python3.12/site-packages/airflow/example_dags/example_dynamic_task_mapping.py
[2025-10-10T09:04:43.511+0000] {logging_mixin.py:190} INFO - [2025-10-10T09:04:43.510+0000] {dag.py:3211} INFO - Sync 1 DAGs
[2025-10-10T09:04:43.695+0000] {logging_mixin.py:190} INFO - [2025-10-10T09:04:43.695+0000] {dag.py:4138} INFO - Setting next_dagrun for example_dynamic_task_mapping to 2022-03-04 00:00:00+00:00, run_after=2022-03-05 00:00:00+00:00
[2025-10-10T09:04:43.787+0000] {processor.py:208} INFO - Processing /home/airflow/.local/lib/python3.12/site-packages/airflow/example_dags/example_dynamic_task_mapping.py took 0.537 seconds
[2025-10-10T09:05:14.051+0000] {processor.py:186} INFO - Started process (PID=558) to work on /home/airflow/.local/lib/python3.12/site-packages/airflow/example_dags/example_dynamic_task_mapping.py
[2025-10-10T09:05:14.054+0000] {processor.py:914} INFO - Processing file /home/airflow/.local/lib/python3.12/site-packages/airflow/example_dags/example_dynamic_task_mapping.py for tasks to queue
[2025-10-10T09:05:14.059+0000] {logging_mixin.py:190} INFO - [2025-10-10T09:05:14.058+0000] {dagbag.py:587} INFO - Filling up the DagBag from /home/airflow/.local/lib/python3.12/site-packages/airflow/example_dags/example_dynamic_task_mapping.py
[2025-10-10T09:05:14.081+0000] {processor.py:925} INFO - DAG(s) 'example_dynamic_task_mapping' retrieved from /home/airflow/.local/lib/python3.12/site-packages/airflow/example_dags/example_dynamic_task_mapping.py
[2025-10-10T09:05:14.130+0000] {logging_mixin.py:190} INFO - [2025-10-10T09:05:14.130+0000] {dag.py:3211} INFO - Sync 1 DAGs
[2025-10-10T09:05:14.205+0000] {logging_mixin.py:190} INFO - [2025-10-10T09:05:14.203+0000] {dag.py:4138} INFO - Setting next_dagrun for example_dynamic_task_mapping to 2022-03-04 00:00:00+00:00, run_after=2022-03-05 00:00:00+00:00
[2025-10-10T09:05:14.307+0000] {processor.py:208} INFO - Processing /home/airflow/.local/lib/python3.12/site-packages/airflow/example_dags/example_dynamic_task_mapping.py took 0.269 seconds
