[2025-10-10T08:37:54.413+0000] {processor.py:186} INFO - Started process (PID=87) to work on /home/airflow/.local/lib/python3.12/site-packages/airflow/example_dags/example_subdag_operator.py
[2025-10-10T08:37:54.416+0000] {processor.py:914} INFO - Processing file /home/airflow/.local/lib/python3.12/site-packages/airflow/example_dags/example_subdag_operator.py for tasks to queue
[2025-10-10T08:37:54.422+0000] {logging_mixin.py:190} INFO - [2025-10-10T08:37:54.421+0000] {dagbag.py:587} INFO - Filling up the DagBag from /home/airflow/.local/lib/python3.12/site-packages/airflow/example_dags/example_subdag_operator.py
[2025-10-10T08:37:54.491+0000] {processor.py:925} INFO - DAG(s) 'example_subdag_operator.section-1', 'example_subdag_operator.section-2', 'example_subdag_operator' retrieved from /home/airflow/.local/lib/python3.12/site-packages/airflow/example_dags/example_subdag_operator.py
[2025-10-10T08:37:54.560+0000] {logging_mixin.py:190} INFO - [2025-10-10T08:37:54.560+0000] {dag.py:3211} INFO - Sync 3 DAGs
[2025-10-10T08:37:54.628+0000] {logging_mixin.py:190} INFO - [2025-10-10T08:37:54.628+0000] {dag.py:4138} INFO - Setting next_dagrun for example_subdag_operator to 2022-01-01 00:00:00+00:00, run_after=2022-01-01 00:00:00+00:00
[2025-10-10T08:37:54.638+0000] {logging_mixin.py:190} INFO - [2025-10-10T08:37:54.638+0000] {dag.py:4138} INFO - Setting next_dagrun for example_subdag_operator.section-1 to None, run_after=None
[2025-10-10T08:37:54.642+0000] {logging_mixin.py:190} INFO - [2025-10-10T08:37:54.642+0000] {dag.py:4138} INFO - Setting next_dagrun for example_subdag_operator.section-2 to None, run_after=None
[2025-10-10T08:37:54.663+0000] {logging_mixin.py:190} INFO - [2025-10-10T08:37:54.663+0000] {dag.py:3211} INFO - Sync 2 DAGs
[2025-10-10T08:37:54.678+0000] {logging_mixin.py:190} INFO - [2025-10-10T08:37:54.677+0000] {dag.py:4138} INFO - Setting next_dagrun for example_subdag_operator.section-1 to None, run_after=None
[2025-10-10T08:37:54.680+0000] {logging_mixin.py:190} INFO - [2025-10-10T08:37:54.679+0000] {dag.py:4138} INFO - Setting next_dagrun for example_subdag_operator.section-2 to None, run_after=None
[2025-10-10T08:37:54.709+0000] {processor.py:208} INFO - Processing /home/airflow/.local/lib/python3.12/site-packages/airflow/example_dags/example_subdag_operator.py took 0.307 seconds
[2025-10-10T08:38:25.393+0000] {processor.py:186} INFO - Started process (PID=150) to work on /home/airflow/.local/lib/python3.12/site-packages/airflow/example_dags/example_subdag_operator.py
[2025-10-10T08:38:25.397+0000] {processor.py:914} INFO - Processing file /home/airflow/.local/lib/python3.12/site-packages/airflow/example_dags/example_subdag_operator.py for tasks to queue
[2025-10-10T08:38:25.406+0000] {logging_mixin.py:190} INFO - [2025-10-10T08:38:25.405+0000] {dagbag.py:587} INFO - Filling up the DagBag from /home/airflow/.local/lib/python3.12/site-packages/airflow/example_dags/example_subdag_operator.py
[2025-10-10T08:38:25.497+0000] {processor.py:925} INFO - DAG(s) 'example_subdag_operator.section-1', 'example_subdag_operator.section-2', 'example_subdag_operator' retrieved from /home/airflow/.local/lib/python3.12/site-packages/airflow/example_dags/example_subdag_operator.py
[2025-10-10T08:38:25.544+0000] {logging_mixin.py:190} INFO - [2025-10-10T08:38:25.543+0000] {dag.py:3211} INFO - Sync 3 DAGs
[2025-10-10T08:38:25.635+0000] {logging_mixin.py:190} INFO - [2025-10-10T08:38:25.634+0000] {dag.py:4138} INFO - Setting next_dagrun for example_subdag_operator to 2022-01-01 00:00:00+00:00, run_after=2022-01-01 00:00:00+00:00
[2025-10-10T08:38:25.648+0000] {logging_mixin.py:190} INFO - [2025-10-10T08:38:25.648+0000] {dag.py:4138} INFO - Setting next_dagrun for example_subdag_operator.section-1 to None, run_after=None
[2025-10-10T08:38:25.653+0000] {logging_mixin.py:190} INFO - [2025-10-10T08:38:25.653+0000] {dag.py:4138} INFO - Setting next_dagrun for example_subdag_operator.section-2 to None, run_after=None
[2025-10-10T08:38:25.677+0000] {logging_mixin.py:190} INFO - [2025-10-10T08:38:25.676+0000] {dag.py:3211} INFO - Sync 2 DAGs
[2025-10-10T08:38:25.698+0000] {logging_mixin.py:190} INFO - [2025-10-10T08:38:25.697+0000] {dag.py:4138} INFO - Setting next_dagrun for example_subdag_operator.section-1 to None, run_after=None
[2025-10-10T08:38:25.699+0000] {logging_mixin.py:190} INFO - [2025-10-10T08:38:25.699+0000] {dag.py:4138} INFO - Setting next_dagrun for example_subdag_operator.section-2 to None, run_after=None
[2025-10-10T08:38:25.739+0000] {processor.py:208} INFO - Processing /home/airflow/.local/lib/python3.12/site-packages/airflow/example_dags/example_subdag_operator.py took 0.368 seconds
[2025-10-10T08:38:56.094+0000] {processor.py:186} INFO - Started process (PID=213) to work on /home/airflow/.local/lib/python3.12/site-packages/airflow/example_dags/example_subdag_operator.py
[2025-10-10T08:38:56.098+0000] {processor.py:914} INFO - Processing file /home/airflow/.local/lib/python3.12/site-packages/airflow/example_dags/example_subdag_operator.py for tasks to queue
[2025-10-10T08:38:56.105+0000] {logging_mixin.py:190} INFO - [2025-10-10T08:38:56.104+0000] {dagbag.py:587} INFO - Filling up the DagBag from /home/airflow/.local/lib/python3.12/site-packages/airflow/example_dags/example_subdag_operator.py
[2025-10-10T08:38:56.168+0000] {processor.py:925} INFO - DAG(s) 'example_subdag_operator.section-1', 'example_subdag_operator.section-2', 'example_subdag_operator' retrieved from /home/airflow/.local/lib/python3.12/site-packages/airflow/example_dags/example_subdag_operator.py
[2025-10-10T08:38:56.207+0000] {logging_mixin.py:190} INFO - [2025-10-10T08:38:56.207+0000] {dag.py:3211} INFO - Sync 3 DAGs
[2025-10-10T08:38:56.257+0000] {logging_mixin.py:190} INFO - [2025-10-10T08:38:56.257+0000] {dag.py:4138} INFO - Setting next_dagrun for example_subdag_operator to 2022-01-01 00:00:00+00:00, run_after=2022-01-01 00:00:00+00:00
[2025-10-10T08:38:56.264+0000] {logging_mixin.py:190} INFO - [2025-10-10T08:38:56.264+0000] {dag.py:4138} INFO - Setting next_dagrun for example_subdag_operator.section-1 to None, run_after=None
[2025-10-10T08:38:56.269+0000] {logging_mixin.py:190} INFO - [2025-10-10T08:38:56.268+0000] {dag.py:4138} INFO - Setting next_dagrun for example_subdag_operator.section-2 to None, run_after=None
[2025-10-10T08:38:56.283+0000] {logging_mixin.py:190} INFO - [2025-10-10T08:38:56.282+0000] {dag.py:3211} INFO - Sync 2 DAGs
[2025-10-10T08:38:56.297+0000] {logging_mixin.py:190} INFO - [2025-10-10T08:38:56.296+0000] {dag.py:4138} INFO - Setting next_dagrun for example_subdag_operator.section-1 to None, run_after=None
[2025-10-10T08:38:56.298+0000] {logging_mixin.py:190} INFO - [2025-10-10T08:38:56.298+0000] {dag.py:4138} INFO - Setting next_dagrun for example_subdag_operator.section-2 to None, run_after=None
[2025-10-10T08:38:56.324+0000] {processor.py:208} INFO - Processing /home/airflow/.local/lib/python3.12/site-packages/airflow/example_dags/example_subdag_operator.py took 0.248 seconds
[2025-10-10T08:39:27.424+0000] {processor.py:186} INFO - Started process (PID=276) to work on /home/airflow/.local/lib/python3.12/site-packages/airflow/example_dags/example_subdag_operator.py
[2025-10-10T08:39:27.427+0000] {processor.py:914} INFO - Processing file /home/airflow/.local/lib/python3.12/site-packages/airflow/example_dags/example_subdag_operator.py for tasks to queue
[2025-10-10T08:39:27.433+0000] {logging_mixin.py:190} INFO - [2025-10-10T08:39:27.432+0000] {dagbag.py:587} INFO - Filling up the DagBag from /home/airflow/.local/lib/python3.12/site-packages/airflow/example_dags/example_subdag_operator.py
[2025-10-10T08:39:27.489+0000] {processor.py:925} INFO - DAG(s) 'example_subdag_operator.section-1', 'example_subdag_operator.section-2', 'example_subdag_operator' retrieved from /home/airflow/.local/lib/python3.12/site-packages/airflow/example_dags/example_subdag_operator.py
[2025-10-10T08:39:27.521+0000] {logging_mixin.py:190} INFO - [2025-10-10T08:39:27.521+0000] {dag.py:3211} INFO - Sync 3 DAGs
[2025-10-10T08:39:27.574+0000] {logging_mixin.py:190} INFO - [2025-10-10T08:39:27.573+0000] {dag.py:4138} INFO - Setting next_dagrun for example_subdag_operator to 2022-01-01 00:00:00+00:00, run_after=2022-01-01 00:00:00+00:00
[2025-10-10T08:39:27.582+0000] {logging_mixin.py:190} INFO - [2025-10-10T08:39:27.581+0000] {dag.py:4138} INFO - Setting next_dagrun for example_subdag_operator.section-1 to None, run_after=None
[2025-10-10T08:39:27.585+0000] {logging_mixin.py:190} INFO - [2025-10-10T08:39:27.585+0000] {dag.py:4138} INFO - Setting next_dagrun for example_subdag_operator.section-2 to None, run_after=None
[2025-10-10T08:39:27.602+0000] {logging_mixin.py:190} INFO - [2025-10-10T08:39:27.602+0000] {dag.py:3211} INFO - Sync 2 DAGs
[2025-10-10T08:39:27.614+0000] {logging_mixin.py:190} INFO - [2025-10-10T08:39:27.614+0000] {dag.py:4138} INFO - Setting next_dagrun for example_subdag_operator.section-1 to None, run_after=None
[2025-10-10T08:39:27.615+0000] {logging_mixin.py:190} INFO - [2025-10-10T08:39:27.615+0000] {dag.py:4138} INFO - Setting next_dagrun for example_subdag_operator.section-2 to None, run_after=None
[2025-10-10T08:39:27.640+0000] {processor.py:208} INFO - Processing /home/airflow/.local/lib/python3.12/site-packages/airflow/example_dags/example_subdag_operator.py took 0.230 seconds
[2025-10-10T08:39:59.241+0000] {processor.py:186} INFO - Started process (PID=339) to work on /home/airflow/.local/lib/python3.12/site-packages/airflow/example_dags/example_subdag_operator.py
[2025-10-10T08:39:59.245+0000] {processor.py:914} INFO - Processing file /home/airflow/.local/lib/python3.12/site-packages/airflow/example_dags/example_subdag_operator.py for tasks to queue
[2025-10-10T08:39:59.258+0000] {logging_mixin.py:190} INFO - [2025-10-10T08:39:59.256+0000] {dagbag.py:587} INFO - Filling up the DagBag from /home/airflow/.local/lib/python3.12/site-packages/airflow/example_dags/example_subdag_operator.py
[2025-10-10T08:39:59.371+0000] {processor.py:925} INFO - DAG(s) 'example_subdag_operator.section-1', 'example_subdag_operator.section-2', 'example_subdag_operator' retrieved from /home/airflow/.local/lib/python3.12/site-packages/airflow/example_dags/example_subdag_operator.py
[2025-10-10T08:39:59.456+0000] {logging_mixin.py:190} INFO - [2025-10-10T08:39:59.455+0000] {dag.py:3211} INFO - Sync 3 DAGs
[2025-10-10T08:39:59.571+0000] {logging_mixin.py:190} INFO - [2025-10-10T08:39:59.570+0000] {dag.py:4138} INFO - Setting next_dagrun for example_subdag_operator to 2022-01-01 00:00:00+00:00, run_after=2022-01-01 00:00:00+00:00
[2025-10-10T08:39:59.588+0000] {logging_mixin.py:190} INFO - [2025-10-10T08:39:59.587+0000] {dag.py:4138} INFO - Setting next_dagrun for example_subdag_operator.section-1 to None, run_after=None
[2025-10-10T08:39:59.594+0000] {logging_mixin.py:190} INFO - [2025-10-10T08:39:59.593+0000] {dag.py:4138} INFO - Setting next_dagrun for example_subdag_operator.section-2 to None, run_after=None
[2025-10-10T08:39:59.625+0000] {logging_mixin.py:190} INFO - [2025-10-10T08:39:59.624+0000] {dag.py:3211} INFO - Sync 2 DAGs
[2025-10-10T08:39:59.645+0000] {logging_mixin.py:190} INFO - [2025-10-10T08:39:59.644+0000] {dag.py:4138} INFO - Setting next_dagrun for example_subdag_operator.section-1 to None, run_after=None
[2025-10-10T08:39:59.647+0000] {logging_mixin.py:190} INFO - [2025-10-10T08:39:59.646+0000] {dag.py:4138} INFO - Setting next_dagrun for example_subdag_operator.section-2 to None, run_after=None
[2025-10-10T08:39:59.690+0000] {processor.py:208} INFO - Processing /home/airflow/.local/lib/python3.12/site-packages/airflow/example_dags/example_subdag_operator.py took 0.475 seconds
[2025-10-10T08:40:29.876+0000] {processor.py:186} INFO - Started process (PID=402) to work on /home/airflow/.local/lib/python3.12/site-packages/airflow/example_dags/example_subdag_operator.py
[2025-10-10T08:40:29.879+0000] {processor.py:914} INFO - Processing file /home/airflow/.local/lib/python3.12/site-packages/airflow/example_dags/example_subdag_operator.py for tasks to queue
[2025-10-10T08:40:29.885+0000] {logging_mixin.py:190} INFO - [2025-10-10T08:40:29.884+0000] {dagbag.py:587} INFO - Filling up the DagBag from /home/airflow/.local/lib/python3.12/site-packages/airflow/example_dags/example_subdag_operator.py
[2025-10-10T08:40:29.956+0000] {processor.py:925} INFO - DAG(s) 'example_subdag_operator.section-1', 'example_subdag_operator.section-2', 'example_subdag_operator' retrieved from /home/airflow/.local/lib/python3.12/site-packages/airflow/example_dags/example_subdag_operator.py
[2025-10-10T08:40:29.999+0000] {logging_mixin.py:190} INFO - [2025-10-10T08:40:29.998+0000] {dag.py:3211} INFO - Sync 3 DAGs
[2025-10-10T08:40:30.067+0000] {logging_mixin.py:190} INFO - [2025-10-10T08:40:30.067+0000] {dag.py:4138} INFO - Setting next_dagrun for example_subdag_operator to 2022-01-01 00:00:00+00:00, run_after=2022-01-01 00:00:00+00:00
[2025-10-10T08:40:30.080+0000] {logging_mixin.py:190} INFO - [2025-10-10T08:40:30.080+0000] {dag.py:4138} INFO - Setting next_dagrun for example_subdag_operator.section-1 to None, run_after=None
[2025-10-10T08:40:30.086+0000] {logging_mixin.py:190} INFO - [2025-10-10T08:40:30.085+0000] {dag.py:4138} INFO - Setting next_dagrun for example_subdag_operator.section-2 to None, run_after=None
[2025-10-10T08:40:30.112+0000] {logging_mixin.py:190} INFO - [2025-10-10T08:40:30.112+0000] {dag.py:3211} INFO - Sync 2 DAGs
[2025-10-10T08:40:30.131+0000] {logging_mixin.py:190} INFO - [2025-10-10T08:40:30.130+0000] {dag.py:4138} INFO - Setting next_dagrun for example_subdag_operator.section-1 to None, run_after=None
[2025-10-10T08:40:30.133+0000] {logging_mixin.py:190} INFO - [2025-10-10T08:40:30.133+0000] {dag.py:4138} INFO - Setting next_dagrun for example_subdag_operator.section-2 to None, run_after=None
[2025-10-10T08:40:30.175+0000] {processor.py:208} INFO - Processing /home/airflow/.local/lib/python3.12/site-packages/airflow/example_dags/example_subdag_operator.py took 0.312 seconds
[2025-10-10T08:41:00.994+0000] {processor.py:186} INFO - Started process (PID=465) to work on /home/airflow/.local/lib/python3.12/site-packages/airflow/example_dags/example_subdag_operator.py
[2025-10-10T08:41:00.997+0000] {processor.py:914} INFO - Processing file /home/airflow/.local/lib/python3.12/site-packages/airflow/example_dags/example_subdag_operator.py for tasks to queue
[2025-10-10T08:41:01.004+0000] {logging_mixin.py:190} INFO - [2025-10-10T08:41:01.003+0000] {dagbag.py:587} INFO - Filling up the DagBag from /home/airflow/.local/lib/python3.12/site-packages/airflow/example_dags/example_subdag_operator.py
[2025-10-10T08:41:01.076+0000] {processor.py:925} INFO - DAG(s) 'example_subdag_operator.section-1', 'example_subdag_operator.section-2', 'example_subdag_operator' retrieved from /home/airflow/.local/lib/python3.12/site-packages/airflow/example_dags/example_subdag_operator.py
[2025-10-10T08:41:01.115+0000] {logging_mixin.py:190} INFO - [2025-10-10T08:41:01.114+0000] {dag.py:3211} INFO - Sync 3 DAGs
[2025-10-10T08:41:01.174+0000] {logging_mixin.py:190} INFO - [2025-10-10T08:41:01.173+0000] {dag.py:4138} INFO - Setting next_dagrun for example_subdag_operator to 2022-01-01 00:00:00+00:00, run_after=2022-01-01 00:00:00+00:00
[2025-10-10T08:41:01.183+0000] {logging_mixin.py:190} INFO - [2025-10-10T08:41:01.182+0000] {dag.py:4138} INFO - Setting next_dagrun for example_subdag_operator.section-1 to None, run_after=None
[2025-10-10T08:41:01.187+0000] {logging_mixin.py:190} INFO - [2025-10-10T08:41:01.186+0000] {dag.py:4138} INFO - Setting next_dagrun for example_subdag_operator.section-2 to None, run_after=None
[2025-10-10T08:41:01.206+0000] {logging_mixin.py:190} INFO - [2025-10-10T08:41:01.205+0000] {dag.py:3211} INFO - Sync 2 DAGs
[2025-10-10T08:41:01.220+0000] {logging_mixin.py:190} INFO - [2025-10-10T08:41:01.220+0000] {dag.py:4138} INFO - Setting next_dagrun for example_subdag_operator.section-1 to None, run_after=None
[2025-10-10T08:41:01.222+0000] {logging_mixin.py:190} INFO - [2025-10-10T08:41:01.221+0000] {dag.py:4138} INFO - Setting next_dagrun for example_subdag_operator.section-2 to None, run_after=None
[2025-10-10T08:41:01.273+0000] {processor.py:208} INFO - Processing /home/airflow/.local/lib/python3.12/site-packages/airflow/example_dags/example_subdag_operator.py took 0.293 seconds
[2025-10-10T08:41:31.517+0000] {processor.py:186} INFO - Started process (PID=528) to work on /home/airflow/.local/lib/python3.12/site-packages/airflow/example_dags/example_subdag_operator.py
[2025-10-10T08:41:31.519+0000] {processor.py:914} INFO - Processing file /home/airflow/.local/lib/python3.12/site-packages/airflow/example_dags/example_subdag_operator.py for tasks to queue
[2025-10-10T08:41:31.526+0000] {logging_mixin.py:190} INFO - [2025-10-10T08:41:31.525+0000] {dagbag.py:587} INFO - Filling up the DagBag from /home/airflow/.local/lib/python3.12/site-packages/airflow/example_dags/example_subdag_operator.py
[2025-10-10T08:41:31.593+0000] {processor.py:925} INFO - DAG(s) 'example_subdag_operator.section-1', 'example_subdag_operator.section-2', 'example_subdag_operator' retrieved from /home/airflow/.local/lib/python3.12/site-packages/airflow/example_dags/example_subdag_operator.py
[2025-10-10T08:41:31.635+0000] {logging_mixin.py:190} INFO - [2025-10-10T08:41:31.634+0000] {dag.py:3211} INFO - Sync 3 DAGs
[2025-10-10T08:41:31.689+0000] {logging_mixin.py:190} INFO - [2025-10-10T08:41:31.689+0000] {dag.py:4138} INFO - Setting next_dagrun for example_subdag_operator to 2022-01-01 00:00:00+00:00, run_after=2022-01-01 00:00:00+00:00
[2025-10-10T08:41:31.696+0000] {logging_mixin.py:190} INFO - [2025-10-10T08:41:31.696+0000] {dag.py:4138} INFO - Setting next_dagrun for example_subdag_operator.section-1 to None, run_after=None
[2025-10-10T08:41:31.701+0000] {logging_mixin.py:190} INFO - [2025-10-10T08:41:31.700+0000] {dag.py:4138} INFO - Setting next_dagrun for example_subdag_operator.section-2 to None, run_after=None
[2025-10-10T08:41:31.718+0000] {logging_mixin.py:190} INFO - [2025-10-10T08:41:31.717+0000] {dag.py:3211} INFO - Sync 2 DAGs
[2025-10-10T08:41:31.729+0000] {logging_mixin.py:190} INFO - [2025-10-10T08:41:31.729+0000] {dag.py:4138} INFO - Setting next_dagrun for example_subdag_operator.section-1 to None, run_after=None
[2025-10-10T08:41:31.730+0000] {logging_mixin.py:190} INFO - [2025-10-10T08:41:31.730+0000] {dag.py:4138} INFO - Setting next_dagrun for example_subdag_operator.section-2 to None, run_after=None
[2025-10-10T08:41:31.757+0000] {processor.py:208} INFO - Processing /home/airflow/.local/lib/python3.12/site-packages/airflow/example_dags/example_subdag_operator.py took 0.251 seconds
[2025-10-10T08:42:02.229+0000] {processor.py:186} INFO - Started process (PID=591) to work on /home/airflow/.local/lib/python3.12/site-packages/airflow/example_dags/example_subdag_operator.py
[2025-10-10T08:42:02.231+0000] {processor.py:914} INFO - Processing file /home/airflow/.local/lib/python3.12/site-packages/airflow/example_dags/example_subdag_operator.py for tasks to queue
[2025-10-10T08:42:02.237+0000] {logging_mixin.py:190} INFO - [2025-10-10T08:42:02.236+0000] {dagbag.py:587} INFO - Filling up the DagBag from /home/airflow/.local/lib/python3.12/site-packages/airflow/example_dags/example_subdag_operator.py
[2025-10-10T08:42:02.292+0000] {processor.py:925} INFO - DAG(s) 'example_subdag_operator.section-1', 'example_subdag_operator.section-2', 'example_subdag_operator' retrieved from /home/airflow/.local/lib/python3.12/site-packages/airflow/example_dags/example_subdag_operator.py
[2025-10-10T08:42:02.325+0000] {logging_mixin.py:190} INFO - [2025-10-10T08:42:02.324+0000] {dag.py:3211} INFO - Sync 3 DAGs
[2025-10-10T08:42:02.372+0000] {logging_mixin.py:190} INFO - [2025-10-10T08:42:02.371+0000] {dag.py:4138} INFO - Setting next_dagrun for example_subdag_operator to 2022-01-01 00:00:00+00:00, run_after=2022-01-01 00:00:00+00:00
[2025-10-10T08:42:02.380+0000] {logging_mixin.py:190} INFO - [2025-10-10T08:42:02.379+0000] {dag.py:4138} INFO - Setting next_dagrun for example_subdag_operator.section-1 to None, run_after=None
[2025-10-10T08:42:02.383+0000] {logging_mixin.py:190} INFO - [2025-10-10T08:42:02.382+0000] {dag.py:4138} INFO - Setting next_dagrun for example_subdag_operator.section-2 to None, run_after=None
[2025-10-10T08:42:02.399+0000] {logging_mixin.py:190} INFO - [2025-10-10T08:42:02.399+0000] {dag.py:3211} INFO - Sync 2 DAGs
[2025-10-10T08:42:02.410+0000] {logging_mixin.py:190} INFO - [2025-10-10T08:42:02.409+0000] {dag.py:4138} INFO - Setting next_dagrun for example_subdag_operator.section-1 to None, run_after=None
[2025-10-10T08:42:02.411+0000] {logging_mixin.py:190} INFO - [2025-10-10T08:42:02.411+0000] {dag.py:4138} INFO - Setting next_dagrun for example_subdag_operator.section-2 to None, run_after=None
[2025-10-10T08:42:02.440+0000] {processor.py:208} INFO - Processing /home/airflow/.local/lib/python3.12/site-packages/airflow/example_dags/example_subdag_operator.py took 0.224 seconds
[2025-10-10T08:42:33.205+0000] {processor.py:186} INFO - Started process (PID=654) to work on /home/airflow/.local/lib/python3.12/site-packages/airflow/example_dags/example_subdag_operator.py
[2025-10-10T08:42:33.208+0000] {processor.py:914} INFO - Processing file /home/airflow/.local/lib/python3.12/site-packages/airflow/example_dags/example_subdag_operator.py for tasks to queue
[2025-10-10T08:42:33.213+0000] {logging_mixin.py:190} INFO - [2025-10-10T08:42:33.213+0000] {dagbag.py:587} INFO - Filling up the DagBag from /home/airflow/.local/lib/python3.12/site-packages/airflow/example_dags/example_subdag_operator.py
[2025-10-10T08:42:33.282+0000] {processor.py:925} INFO - DAG(s) 'example_subdag_operator.section-1', 'example_subdag_operator.section-2', 'example_subdag_operator' retrieved from /home/airflow/.local/lib/python3.12/site-packages/airflow/example_dags/example_subdag_operator.py
[2025-10-10T08:42:33.319+0000] {logging_mixin.py:190} INFO - [2025-10-10T08:42:33.318+0000] {dag.py:3211} INFO - Sync 3 DAGs
[2025-10-10T08:42:33.399+0000] {logging_mixin.py:190} INFO - [2025-10-10T08:42:33.398+0000] {dag.py:4138} INFO - Setting next_dagrun for example_subdag_operator to 2022-01-01 00:00:00+00:00, run_after=2022-01-01 00:00:00+00:00
[2025-10-10T08:42:33.415+0000] {logging_mixin.py:190} INFO - [2025-10-10T08:42:33.414+0000] {dag.py:4138} INFO - Setting next_dagrun for example_subdag_operator.section-1 to None, run_after=None
[2025-10-10T08:42:33.420+0000] {logging_mixin.py:190} INFO - [2025-10-10T08:42:33.419+0000] {dag.py:4138} INFO - Setting next_dagrun for example_subdag_operator.section-2 to None, run_after=None
[2025-10-10T08:42:33.444+0000] {logging_mixin.py:190} INFO - [2025-10-10T08:42:33.444+0000] {dag.py:3211} INFO - Sync 2 DAGs
[2025-10-10T08:42:33.464+0000] {logging_mixin.py:190} INFO - [2025-10-10T08:42:33.464+0000] {dag.py:4138} INFO - Setting next_dagrun for example_subdag_operator.section-1 to None, run_after=None
[2025-10-10T08:42:33.466+0000] {logging_mixin.py:190} INFO - [2025-10-10T08:42:33.466+0000] {dag.py:4138} INFO - Setting next_dagrun for example_subdag_operator.section-2 to None, run_after=None
[2025-10-10T08:42:33.508+0000] {processor.py:208} INFO - Processing /home/airflow/.local/lib/python3.12/site-packages/airflow/example_dags/example_subdag_operator.py took 0.316 seconds
[2025-10-10T08:43:04.370+0000] {processor.py:186} INFO - Started process (PID=717) to work on /home/airflow/.local/lib/python3.12/site-packages/airflow/example_dags/example_subdag_operator.py
[2025-10-10T08:43:04.373+0000] {processor.py:914} INFO - Processing file /home/airflow/.local/lib/python3.12/site-packages/airflow/example_dags/example_subdag_operator.py for tasks to queue
[2025-10-10T08:43:04.379+0000] {logging_mixin.py:190} INFO - [2025-10-10T08:43:04.378+0000] {dagbag.py:587} INFO - Filling up the DagBag from /home/airflow/.local/lib/python3.12/site-packages/airflow/example_dags/example_subdag_operator.py
[2025-10-10T08:43:04.437+0000] {processor.py:925} INFO - DAG(s) 'example_subdag_operator.section-1', 'example_subdag_operator.section-2', 'example_subdag_operator' retrieved from /home/airflow/.local/lib/python3.12/site-packages/airflow/example_dags/example_subdag_operator.py
[2025-10-10T08:43:04.498+0000] {logging_mixin.py:190} INFO - [2025-10-10T08:43:04.497+0000] {dag.py:3211} INFO - Sync 3 DAGs
[2025-10-10T08:43:04.583+0000] {logging_mixin.py:190} INFO - [2025-10-10T08:43:04.581+0000] {dag.py:4138} INFO - Setting next_dagrun for example_subdag_operator to 2022-01-01 00:00:00+00:00, run_after=2022-01-01 00:00:00+00:00
[2025-10-10T08:43:04.601+0000] {logging_mixin.py:190} INFO - [2025-10-10T08:43:04.600+0000] {dag.py:4138} INFO - Setting next_dagrun for example_subdag_operator.section-1 to None, run_after=None
[2025-10-10T08:43:04.607+0000] {logging_mixin.py:190} INFO - [2025-10-10T08:43:04.606+0000] {dag.py:4138} INFO - Setting next_dagrun for example_subdag_operator.section-2 to None, run_after=None
[2025-10-10T08:43:04.635+0000] {logging_mixin.py:190} INFO - [2025-10-10T08:43:04.634+0000] {dag.py:3211} INFO - Sync 2 DAGs
[2025-10-10T08:43:04.657+0000] {logging_mixin.py:190} INFO - [2025-10-10T08:43:04.656+0000] {dag.py:4138} INFO - Setting next_dagrun for example_subdag_operator.section-1 to None, run_after=None
[2025-10-10T08:43:04.659+0000] {logging_mixin.py:190} INFO - [2025-10-10T08:43:04.658+0000] {dag.py:4138} INFO - Setting next_dagrun for example_subdag_operator.section-2 to None, run_after=None
[2025-10-10T08:43:04.703+0000] {processor.py:208} INFO - Processing /home/airflow/.local/lib/python3.12/site-packages/airflow/example_dags/example_subdag_operator.py took 0.346 seconds
[2025-10-10T08:43:35.801+0000] {processor.py:186} INFO - Started process (PID=780) to work on /home/airflow/.local/lib/python3.12/site-packages/airflow/example_dags/example_subdag_operator.py
[2025-10-10T08:43:35.804+0000] {processor.py:914} INFO - Processing file /home/airflow/.local/lib/python3.12/site-packages/airflow/example_dags/example_subdag_operator.py for tasks to queue
[2025-10-10T08:43:35.810+0000] {logging_mixin.py:190} INFO - [2025-10-10T08:43:35.809+0000] {dagbag.py:587} INFO - Filling up the DagBag from /home/airflow/.local/lib/python3.12/site-packages/airflow/example_dags/example_subdag_operator.py
[2025-10-10T08:43:35.872+0000] {processor.py:925} INFO - DAG(s) 'example_subdag_operator.section-1', 'example_subdag_operator.section-2', 'example_subdag_operator' retrieved from /home/airflow/.local/lib/python3.12/site-packages/airflow/example_dags/example_subdag_operator.py
[2025-10-10T08:43:35.906+0000] {logging_mixin.py:190} INFO - [2025-10-10T08:43:35.905+0000] {dag.py:3211} INFO - Sync 3 DAGs
[2025-10-10T08:43:35.965+0000] {logging_mixin.py:190} INFO - [2025-10-10T08:43:35.965+0000] {dag.py:4138} INFO - Setting next_dagrun for example_subdag_operator to 2022-01-01 00:00:00+00:00, run_after=2022-01-01 00:00:00+00:00
[2025-10-10T08:43:35.980+0000] {logging_mixin.py:190} INFO - [2025-10-10T08:43:35.979+0000] {dag.py:4138} INFO - Setting next_dagrun for example_subdag_operator.section-1 to None, run_after=None
[2025-10-10T08:43:35.985+0000] {logging_mixin.py:190} INFO - [2025-10-10T08:43:35.984+0000] {dag.py:4138} INFO - Setting next_dagrun for example_subdag_operator.section-2 to None, run_after=None
[2025-10-10T08:43:36.020+0000] {logging_mixin.py:190} INFO - [2025-10-10T08:43:36.019+0000] {dag.py:3211} INFO - Sync 2 DAGs
[2025-10-10T08:43:36.050+0000] {logging_mixin.py:190} INFO - [2025-10-10T08:43:36.049+0000] {dag.py:4138} INFO - Setting next_dagrun for example_subdag_operator.section-1 to None, run_after=None
[2025-10-10T08:43:36.054+0000] {logging_mixin.py:190} INFO - [2025-10-10T08:43:36.053+0000] {dag.py:4138} INFO - Setting next_dagrun for example_subdag_operator.section-2 to None, run_after=None
[2025-10-10T08:43:36.153+0000] {processor.py:208} INFO - Processing /home/airflow/.local/lib/python3.12/site-packages/airflow/example_dags/example_subdag_operator.py took 0.365 seconds
[2025-10-10T08:44:06.641+0000] {processor.py:186} INFO - Started process (PID=843) to work on /home/airflow/.local/lib/python3.12/site-packages/airflow/example_dags/example_subdag_operator.py
[2025-10-10T08:44:06.644+0000] {processor.py:914} INFO - Processing file /home/airflow/.local/lib/python3.12/site-packages/airflow/example_dags/example_subdag_operator.py for tasks to queue
[2025-10-10T08:44:06.651+0000] {logging_mixin.py:190} INFO - [2025-10-10T08:44:06.650+0000] {dagbag.py:587} INFO - Filling up the DagBag from /home/airflow/.local/lib/python3.12/site-packages/airflow/example_dags/example_subdag_operator.py
[2025-10-10T08:44:06.713+0000] {processor.py:925} INFO - DAG(s) 'example_subdag_operator.section-1', 'example_subdag_operator.section-2', 'example_subdag_operator' retrieved from /home/airflow/.local/lib/python3.12/site-packages/airflow/example_dags/example_subdag_operator.py
[2025-10-10T08:44:06.748+0000] {logging_mixin.py:190} INFO - [2025-10-10T08:44:06.747+0000] {dag.py:3211} INFO - Sync 3 DAGs
[2025-10-10T08:44:06.818+0000] {logging_mixin.py:190} INFO - [2025-10-10T08:44:06.817+0000] {dag.py:4138} INFO - Setting next_dagrun for example_subdag_operator to 2022-01-01 00:00:00+00:00, run_after=2022-01-01 00:00:00+00:00
[2025-10-10T08:44:06.827+0000] {logging_mixin.py:190} INFO - [2025-10-10T08:44:06.827+0000] {dag.py:4138} INFO - Setting next_dagrun for example_subdag_operator.section-1 to None, run_after=None
[2025-10-10T08:44:06.832+0000] {logging_mixin.py:190} INFO - [2025-10-10T08:44:06.832+0000] {dag.py:4138} INFO - Setting next_dagrun for example_subdag_operator.section-2 to None, run_after=None
[2025-10-10T08:44:06.855+0000] {logging_mixin.py:190} INFO - [2025-10-10T08:44:06.855+0000] {dag.py:3211} INFO - Sync 2 DAGs
[2025-10-10T08:44:06.870+0000] {logging_mixin.py:190} INFO - [2025-10-10T08:44:06.869+0000] {dag.py:4138} INFO - Setting next_dagrun for example_subdag_operator.section-1 to None, run_after=None
[2025-10-10T08:44:06.872+0000] {logging_mixin.py:190} INFO - [2025-10-10T08:44:06.872+0000] {dag.py:4138} INFO - Setting next_dagrun for example_subdag_operator.section-2 to None, run_after=None
[2025-10-10T08:44:06.910+0000] {processor.py:208} INFO - Processing /home/airflow/.local/lib/python3.12/site-packages/airflow/example_dags/example_subdag_operator.py took 0.286 seconds
[2025-10-10T08:44:38.396+0000] {processor.py:186} INFO - Started process (PID=905) to work on /home/airflow/.local/lib/python3.12/site-packages/airflow/example_dags/example_subdag_operator.py
[2025-10-10T08:44:38.399+0000] {processor.py:914} INFO - Processing file /home/airflow/.local/lib/python3.12/site-packages/airflow/example_dags/example_subdag_operator.py for tasks to queue
[2025-10-10T08:44:38.405+0000] {logging_mixin.py:190} INFO - [2025-10-10T08:44:38.404+0000] {dagbag.py:587} INFO - Filling up the DagBag from /home/airflow/.local/lib/python3.12/site-packages/airflow/example_dags/example_subdag_operator.py
[2025-10-10T08:44:38.479+0000] {processor.py:925} INFO - DAG(s) 'example_subdag_operator.section-1', 'example_subdag_operator.section-2', 'example_subdag_operator' retrieved from /home/airflow/.local/lib/python3.12/site-packages/airflow/example_dags/example_subdag_operator.py
[2025-10-10T08:44:38.520+0000] {logging_mixin.py:190} INFO - [2025-10-10T08:44:38.519+0000] {dag.py:3211} INFO - Sync 3 DAGs
[2025-10-10T08:44:38.576+0000] {logging_mixin.py:190} INFO - [2025-10-10T08:44:38.575+0000] {dag.py:4138} INFO - Setting next_dagrun for example_subdag_operator to 2022-01-01 00:00:00+00:00, run_after=2022-01-01 00:00:00+00:00
[2025-10-10T08:44:38.589+0000] {logging_mixin.py:190} INFO - [2025-10-10T08:44:38.588+0000] {dag.py:4138} INFO - Setting next_dagrun for example_subdag_operator.section-1 to None, run_after=None
[2025-10-10T08:44:38.597+0000] {logging_mixin.py:190} INFO - [2025-10-10T08:44:38.595+0000] {dag.py:4138} INFO - Setting next_dagrun for example_subdag_operator.section-2 to None, run_after=None
[2025-10-10T08:44:38.625+0000] {logging_mixin.py:190} INFO - [2025-10-10T08:44:38.624+0000] {dag.py:3211} INFO - Sync 2 DAGs
[2025-10-10T08:44:38.658+0000] {logging_mixin.py:190} INFO - [2025-10-10T08:44:38.657+0000] {dag.py:4138} INFO - Setting next_dagrun for example_subdag_operator.section-1 to None, run_after=None
[2025-10-10T08:44:38.661+0000] {logging_mixin.py:190} INFO - [2025-10-10T08:44:38.660+0000] {dag.py:4138} INFO - Setting next_dagrun for example_subdag_operator.section-2 to None, run_after=None
[2025-10-10T08:44:38.700+0000] {processor.py:208} INFO - Processing /home/airflow/.local/lib/python3.12/site-packages/airflow/example_dags/example_subdag_operator.py took 0.317 seconds
[2025-10-10T08:45:10.204+0000] {processor.py:186} INFO - Started process (PID=968) to work on /home/airflow/.local/lib/python3.12/site-packages/airflow/example_dags/example_subdag_operator.py
[2025-10-10T08:45:10.207+0000] {processor.py:914} INFO - Processing file /home/airflow/.local/lib/python3.12/site-packages/airflow/example_dags/example_subdag_operator.py for tasks to queue
[2025-10-10T08:45:10.213+0000] {logging_mixin.py:190} INFO - [2025-10-10T08:45:10.212+0000] {dagbag.py:587} INFO - Filling up the DagBag from /home/airflow/.local/lib/python3.12/site-packages/airflow/example_dags/example_subdag_operator.py
[2025-10-10T08:45:10.281+0000] {processor.py:925} INFO - DAG(s) 'example_subdag_operator.section-1', 'example_subdag_operator.section-2', 'example_subdag_operator' retrieved from /home/airflow/.local/lib/python3.12/site-packages/airflow/example_dags/example_subdag_operator.py
[2025-10-10T08:45:10.316+0000] {logging_mixin.py:190} INFO - [2025-10-10T08:45:10.316+0000] {dag.py:3211} INFO - Sync 3 DAGs
[2025-10-10T08:45:10.380+0000] {logging_mixin.py:190} INFO - [2025-10-10T08:45:10.380+0000] {dag.py:4138} INFO - Setting next_dagrun for example_subdag_operator to 2022-01-01 00:00:00+00:00, run_after=2022-01-01 00:00:00+00:00
[2025-10-10T08:45:10.392+0000] {logging_mixin.py:190} INFO - [2025-10-10T08:45:10.391+0000] {dag.py:4138} INFO - Setting next_dagrun for example_subdag_operator.section-1 to None, run_after=None
[2025-10-10T08:45:10.397+0000] {logging_mixin.py:190} INFO - [2025-10-10T08:45:10.396+0000] {dag.py:4138} INFO - Setting next_dagrun for example_subdag_operator.section-2 to None, run_after=None
[2025-10-10T08:45:10.418+0000] {logging_mixin.py:190} INFO - [2025-10-10T08:45:10.417+0000] {dag.py:3211} INFO - Sync 2 DAGs
[2025-10-10T08:45:10.432+0000] {logging_mixin.py:190} INFO - [2025-10-10T08:45:10.432+0000] {dag.py:4138} INFO - Setting next_dagrun for example_subdag_operator.section-1 to None, run_after=None
[2025-10-10T08:45:10.434+0000] {logging_mixin.py:190} INFO - [2025-10-10T08:45:10.433+0000] {dag.py:4138} INFO - Setting next_dagrun for example_subdag_operator.section-2 to None, run_after=None
[2025-10-10T08:45:10.497+0000] {processor.py:208} INFO - Processing /home/airflow/.local/lib/python3.12/site-packages/airflow/example_dags/example_subdag_operator.py took 0.309 seconds
[2025-10-10T08:45:41.814+0000] {processor.py:186} INFO - Started process (PID=1031) to work on /home/airflow/.local/lib/python3.12/site-packages/airflow/example_dags/example_subdag_operator.py
[2025-10-10T08:45:41.819+0000] {processor.py:914} INFO - Processing file /home/airflow/.local/lib/python3.12/site-packages/airflow/example_dags/example_subdag_operator.py for tasks to queue
[2025-10-10T08:45:41.834+0000] {logging_mixin.py:190} INFO - [2025-10-10T08:45:41.833+0000] {dagbag.py:587} INFO - Filling up the DagBag from /home/airflow/.local/lib/python3.12/site-packages/airflow/example_dags/example_subdag_operator.py
[2025-10-10T08:45:41.931+0000] {processor.py:925} INFO - DAG(s) 'example_subdag_operator.section-1', 'example_subdag_operator.section-2', 'example_subdag_operator' retrieved from /home/airflow/.local/lib/python3.12/site-packages/airflow/example_dags/example_subdag_operator.py
[2025-10-10T08:45:41.982+0000] {logging_mixin.py:190} INFO - [2025-10-10T08:45:41.982+0000] {dag.py:3211} INFO - Sync 3 DAGs
[2025-10-10T08:45:42.117+0000] {logging_mixin.py:190} INFO - [2025-10-10T08:45:42.116+0000] {dag.py:4138} INFO - Setting next_dagrun for example_subdag_operator to 2022-01-01 00:00:00+00:00, run_after=2022-01-01 00:00:00+00:00
[2025-10-10T08:45:42.132+0000] {logging_mixin.py:190} INFO - [2025-10-10T08:45:42.130+0000] {dag.py:4138} INFO - Setting next_dagrun for example_subdag_operator.section-1 to None, run_after=None
[2025-10-10T08:45:42.142+0000] {logging_mixin.py:190} INFO - [2025-10-10T08:45:42.141+0000] {dag.py:4138} INFO - Setting next_dagrun for example_subdag_operator.section-2 to None, run_after=None
[2025-10-10T08:45:42.168+0000] {logging_mixin.py:190} INFO - [2025-10-10T08:45:42.167+0000] {dag.py:3211} INFO - Sync 2 DAGs
[2025-10-10T08:45:42.191+0000] {logging_mixin.py:190} INFO - [2025-10-10T08:45:42.190+0000] {dag.py:4138} INFO - Setting next_dagrun for example_subdag_operator.section-1 to None, run_after=None
[2025-10-10T08:45:42.201+0000] {logging_mixin.py:190} INFO - [2025-10-10T08:45:42.200+0000] {dag.py:4138} INFO - Setting next_dagrun for example_subdag_operator.section-2 to None, run_after=None
[2025-10-10T08:45:42.236+0000] {processor.py:208} INFO - Processing /home/airflow/.local/lib/python3.12/site-packages/airflow/example_dags/example_subdag_operator.py took 0.449 seconds
[2025-10-10T08:46:13.046+0000] {processor.py:186} INFO - Started process (PID=1100) to work on /home/airflow/.local/lib/python3.12/site-packages/airflow/example_dags/example_subdag_operator.py
[2025-10-10T08:46:13.055+0000] {processor.py:914} INFO - Processing file /home/airflow/.local/lib/python3.12/site-packages/airflow/example_dags/example_subdag_operator.py for tasks to queue
[2025-10-10T08:46:13.061+0000] {logging_mixin.py:190} INFO - [2025-10-10T08:46:13.060+0000] {dagbag.py:587} INFO - Filling up the DagBag from /home/airflow/.local/lib/python3.12/site-packages/airflow/example_dags/example_subdag_operator.py
[2025-10-10T08:46:13.151+0000] {processor.py:925} INFO - DAG(s) 'example_subdag_operator.section-1', 'example_subdag_operator.section-2', 'example_subdag_operator' retrieved from /home/airflow/.local/lib/python3.12/site-packages/airflow/example_dags/example_subdag_operator.py
[2025-10-10T08:46:13.210+0000] {logging_mixin.py:190} INFO - [2025-10-10T08:46:13.210+0000] {dag.py:3211} INFO - Sync 3 DAGs
[2025-10-10T08:46:13.287+0000] {logging_mixin.py:190} INFO - [2025-10-10T08:46:13.286+0000] {dag.py:4138} INFO - Setting next_dagrun for example_subdag_operator to 2022-01-01 00:00:00+00:00, run_after=2022-01-01 00:00:00+00:00
[2025-10-10T08:46:13.301+0000] {logging_mixin.py:190} INFO - [2025-10-10T08:46:13.300+0000] {dag.py:4138} INFO - Setting next_dagrun for example_subdag_operator.section-1 to None, run_after=None
[2025-10-10T08:46:13.310+0000] {logging_mixin.py:190} INFO - [2025-10-10T08:46:13.310+0000] {dag.py:4138} INFO - Setting next_dagrun for example_subdag_operator.section-2 to None, run_after=None
[2025-10-10T08:46:13.334+0000] {logging_mixin.py:190} INFO - [2025-10-10T08:46:13.333+0000] {dag.py:3211} INFO - Sync 2 DAGs
[2025-10-10T08:46:13.353+0000] {logging_mixin.py:190} INFO - [2025-10-10T08:46:13.353+0000] {dag.py:4138} INFO - Setting next_dagrun for example_subdag_operator.section-1 to None, run_after=None
[2025-10-10T08:46:13.356+0000] {logging_mixin.py:190} INFO - [2025-10-10T08:46:13.355+0000] {dag.py:4138} INFO - Setting next_dagrun for example_subdag_operator.section-2 to None, run_after=None
[2025-10-10T08:46:13.409+0000] {processor.py:208} INFO - Processing /home/airflow/.local/lib/python3.12/site-packages/airflow/example_dags/example_subdag_operator.py took 0.386 seconds
[2025-10-10T08:46:44.539+0000] {processor.py:186} INFO - Started process (PID=1163) to work on /home/airflow/.local/lib/python3.12/site-packages/airflow/example_dags/example_subdag_operator.py
[2025-10-10T08:46:44.542+0000] {processor.py:914} INFO - Processing file /home/airflow/.local/lib/python3.12/site-packages/airflow/example_dags/example_subdag_operator.py for tasks to queue
[2025-10-10T08:46:44.549+0000] {logging_mixin.py:190} INFO - [2025-10-10T08:46:44.548+0000] {dagbag.py:587} INFO - Filling up the DagBag from /home/airflow/.local/lib/python3.12/site-packages/airflow/example_dags/example_subdag_operator.py
[2025-10-10T08:46:44.634+0000] {processor.py:925} INFO - DAG(s) 'example_subdag_operator.section-1', 'example_subdag_operator.section-2', 'example_subdag_operator' retrieved from /home/airflow/.local/lib/python3.12/site-packages/airflow/example_dags/example_subdag_operator.py
[2025-10-10T08:46:44.688+0000] {logging_mixin.py:190} INFO - [2025-10-10T08:46:44.688+0000] {dag.py:3211} INFO - Sync 3 DAGs
[2025-10-10T08:46:44.745+0000] {logging_mixin.py:190} INFO - [2025-10-10T08:46:44.744+0000] {dag.py:4138} INFO - Setting next_dagrun for example_subdag_operator to 2022-01-01 00:00:00+00:00, run_after=2022-01-01 00:00:00+00:00
[2025-10-10T08:46:44.753+0000] {logging_mixin.py:190} INFO - [2025-10-10T08:46:44.752+0000] {dag.py:4138} INFO - Setting next_dagrun for example_subdag_operator.section-1 to None, run_after=None
[2025-10-10T08:46:44.757+0000] {logging_mixin.py:190} INFO - [2025-10-10T08:46:44.756+0000] {dag.py:4138} INFO - Setting next_dagrun for example_subdag_operator.section-2 to None, run_after=None
[2025-10-10T08:46:44.773+0000] {logging_mixin.py:190} INFO - [2025-10-10T08:46:44.773+0000] {dag.py:3211} INFO - Sync 2 DAGs
[2025-10-10T08:46:44.787+0000] {logging_mixin.py:190} INFO - [2025-10-10T08:46:44.786+0000] {dag.py:4138} INFO - Setting next_dagrun for example_subdag_operator.section-1 to None, run_after=None
[2025-10-10T08:46:44.788+0000] {logging_mixin.py:190} INFO - [2025-10-10T08:46:44.788+0000] {dag.py:4138} INFO - Setting next_dagrun for example_subdag_operator.section-2 to None, run_after=None
[2025-10-10T08:46:44.817+0000] {processor.py:208} INFO - Processing /home/airflow/.local/lib/python3.12/site-packages/airflow/example_dags/example_subdag_operator.py took 0.294 seconds
[2025-10-10T08:47:15.774+0000] {processor.py:186} INFO - Started process (PID=1226) to work on /home/airflow/.local/lib/python3.12/site-packages/airflow/example_dags/example_subdag_operator.py
[2025-10-10T08:47:15.777+0000] {processor.py:914} INFO - Processing file /home/airflow/.local/lib/python3.12/site-packages/airflow/example_dags/example_subdag_operator.py for tasks to queue
[2025-10-10T08:47:15.785+0000] {logging_mixin.py:190} INFO - [2025-10-10T08:47:15.785+0000] {dagbag.py:587} INFO - Filling up the DagBag from /home/airflow/.local/lib/python3.12/site-packages/airflow/example_dags/example_subdag_operator.py
[2025-10-10T08:47:15.860+0000] {processor.py:925} INFO - DAG(s) 'example_subdag_operator.section-1', 'example_subdag_operator.section-2', 'example_subdag_operator' retrieved from /home/airflow/.local/lib/python3.12/site-packages/airflow/example_dags/example_subdag_operator.py
[2025-10-10T08:47:15.914+0000] {logging_mixin.py:190} INFO - [2025-10-10T08:47:15.913+0000] {dag.py:3211} INFO - Sync 3 DAGs
[2025-10-10T08:47:15.989+0000] {logging_mixin.py:190} INFO - [2025-10-10T08:47:15.989+0000] {dag.py:4138} INFO - Setting next_dagrun for example_subdag_operator to 2022-01-01 00:00:00+00:00, run_after=2022-01-01 00:00:00+00:00
[2025-10-10T08:47:16.000+0000] {logging_mixin.py:190} INFO - [2025-10-10T08:47:15.999+0000] {dag.py:4138} INFO - Setting next_dagrun for example_subdag_operator.section-1 to None, run_after=None
[2025-10-10T08:47:16.005+0000] {logging_mixin.py:190} INFO - [2025-10-10T08:47:16.004+0000] {dag.py:4138} INFO - Setting next_dagrun for example_subdag_operator.section-2 to None, run_after=None
[2025-10-10T08:47:16.022+0000] {logging_mixin.py:190} INFO - [2025-10-10T08:47:16.022+0000] {dag.py:3211} INFO - Sync 2 DAGs
[2025-10-10T08:47:16.037+0000] {logging_mixin.py:190} INFO - [2025-10-10T08:47:16.036+0000] {dag.py:4138} INFO - Setting next_dagrun for example_subdag_operator.section-1 to None, run_after=None
[2025-10-10T08:47:16.039+0000] {logging_mixin.py:190} INFO - [2025-10-10T08:47:16.038+0000] {dag.py:4138} INFO - Setting next_dagrun for example_subdag_operator.section-2 to None, run_after=None
[2025-10-10T08:47:16.068+0000] {processor.py:208} INFO - Processing /home/airflow/.local/lib/python3.12/site-packages/airflow/example_dags/example_subdag_operator.py took 0.311 seconds
[2025-10-10T08:47:47.066+0000] {processor.py:186} INFO - Started process (PID=1289) to work on /home/airflow/.local/lib/python3.12/site-packages/airflow/example_dags/example_subdag_operator.py
[2025-10-10T08:47:47.069+0000] {processor.py:914} INFO - Processing file /home/airflow/.local/lib/python3.12/site-packages/airflow/example_dags/example_subdag_operator.py for tasks to queue
[2025-10-10T08:47:47.079+0000] {logging_mixin.py:190} INFO - [2025-10-10T08:47:47.078+0000] {dagbag.py:587} INFO - Filling up the DagBag from /home/airflow/.local/lib/python3.12/site-packages/airflow/example_dags/example_subdag_operator.py
[2025-10-10T08:47:47.169+0000] {processor.py:925} INFO - DAG(s) 'example_subdag_operator.section-1', 'example_subdag_operator.section-2', 'example_subdag_operator' retrieved from /home/airflow/.local/lib/python3.12/site-packages/airflow/example_dags/example_subdag_operator.py
[2025-10-10T08:47:47.244+0000] {logging_mixin.py:190} INFO - [2025-10-10T08:47:47.243+0000] {dag.py:3211} INFO - Sync 3 DAGs
[2025-10-10T08:47:47.329+0000] {logging_mixin.py:190} INFO - [2025-10-10T08:47:47.328+0000] {dag.py:4138} INFO - Setting next_dagrun for example_subdag_operator to 2022-01-01 00:00:00+00:00, run_after=2022-01-01 00:00:00+00:00
[2025-10-10T08:47:47.345+0000] {logging_mixin.py:190} INFO - [2025-10-10T08:47:47.344+0000] {dag.py:4138} INFO - Setting next_dagrun for example_subdag_operator.section-1 to None, run_after=None
[2025-10-10T08:47:47.351+0000] {logging_mixin.py:190} INFO - [2025-10-10T08:47:47.350+0000] {dag.py:4138} INFO - Setting next_dagrun for example_subdag_operator.section-2 to None, run_after=None
[2025-10-10T08:47:47.374+0000] {logging_mixin.py:190} INFO - [2025-10-10T08:47:47.373+0000] {dag.py:3211} INFO - Sync 2 DAGs
[2025-10-10T08:47:47.386+0000] {logging_mixin.py:190} INFO - [2025-10-10T08:47:47.386+0000] {dag.py:4138} INFO - Setting next_dagrun for example_subdag_operator.section-1 to None, run_after=None
[2025-10-10T08:47:47.388+0000] {logging_mixin.py:190} INFO - [2025-10-10T08:47:47.388+0000] {dag.py:4138} INFO - Setting next_dagrun for example_subdag_operator.section-2 to None, run_after=None
[2025-10-10T08:47:47.415+0000] {processor.py:208} INFO - Processing /home/airflow/.local/lib/python3.12/site-packages/airflow/example_dags/example_subdag_operator.py took 0.370 seconds
[2025-10-10T08:48:17.993+0000] {processor.py:186} INFO - Started process (PID=1352) to work on /home/airflow/.local/lib/python3.12/site-packages/airflow/example_dags/example_subdag_operator.py
[2025-10-10T08:48:17.997+0000] {processor.py:914} INFO - Processing file /home/airflow/.local/lib/python3.12/site-packages/airflow/example_dags/example_subdag_operator.py for tasks to queue
[2025-10-10T08:48:18.004+0000] {logging_mixin.py:190} INFO - [2025-10-10T08:48:18.004+0000] {dagbag.py:587} INFO - Filling up the DagBag from /home/airflow/.local/lib/python3.12/site-packages/airflow/example_dags/example_subdag_operator.py
[2025-10-10T08:48:18.079+0000] {processor.py:925} INFO - DAG(s) 'example_subdag_operator.section-1', 'example_subdag_operator.section-2', 'example_subdag_operator' retrieved from /home/airflow/.local/lib/python3.12/site-packages/airflow/example_dags/example_subdag_operator.py
[2025-10-10T08:48:18.144+0000] {logging_mixin.py:190} INFO - [2025-10-10T08:48:18.144+0000] {dag.py:3211} INFO - Sync 3 DAGs
[2025-10-10T08:48:18.216+0000] {logging_mixin.py:190} INFO - [2025-10-10T08:48:18.216+0000] {dag.py:4138} INFO - Setting next_dagrun for example_subdag_operator to 2022-01-01 00:00:00+00:00, run_after=2022-01-01 00:00:00+00:00
[2025-10-10T08:48:18.228+0000] {logging_mixin.py:190} INFO - [2025-10-10T08:48:18.227+0000] {dag.py:4138} INFO - Setting next_dagrun for example_subdag_operator.section-1 to None, run_after=None
[2025-10-10T08:48:18.231+0000] {logging_mixin.py:190} INFO - [2025-10-10T08:48:18.231+0000] {dag.py:4138} INFO - Setting next_dagrun for example_subdag_operator.section-2 to None, run_after=None
[2025-10-10T08:48:18.255+0000] {logging_mixin.py:190} INFO - [2025-10-10T08:48:18.255+0000] {dag.py:3211} INFO - Sync 2 DAGs
[2025-10-10T08:48:18.271+0000] {logging_mixin.py:190} INFO - [2025-10-10T08:48:18.271+0000] {dag.py:4138} INFO - Setting next_dagrun for example_subdag_operator.section-1 to None, run_after=None
[2025-10-10T08:48:18.273+0000] {logging_mixin.py:190} INFO - [2025-10-10T08:48:18.272+0000] {dag.py:4138} INFO - Setting next_dagrun for example_subdag_operator.section-2 to None, run_after=None
[2025-10-10T08:48:18.298+0000] {processor.py:208} INFO - Processing /home/airflow/.local/lib/python3.12/site-packages/airflow/example_dags/example_subdag_operator.py took 0.322 seconds
[2025-10-10T08:48:49.011+0000] {processor.py:186} INFO - Started process (PID=1415) to work on /home/airflow/.local/lib/python3.12/site-packages/airflow/example_dags/example_subdag_operator.py
[2025-10-10T08:48:49.015+0000] {processor.py:914} INFO - Processing file /home/airflow/.local/lib/python3.12/site-packages/airflow/example_dags/example_subdag_operator.py for tasks to queue
[2025-10-10T08:48:49.024+0000] {logging_mixin.py:190} INFO - [2025-10-10T08:48:49.023+0000] {dagbag.py:587} INFO - Filling up the DagBag from /home/airflow/.local/lib/python3.12/site-packages/airflow/example_dags/example_subdag_operator.py
[2025-10-10T08:48:49.123+0000] {processor.py:925} INFO - DAG(s) 'example_subdag_operator.section-1', 'example_subdag_operator.section-2', 'example_subdag_operator' retrieved from /home/airflow/.local/lib/python3.12/site-packages/airflow/example_dags/example_subdag_operator.py
[2025-10-10T08:48:49.170+0000] {logging_mixin.py:190} INFO - [2025-10-10T08:48:49.169+0000] {dag.py:3211} INFO - Sync 3 DAGs
[2025-10-10T08:48:49.244+0000] {logging_mixin.py:190} INFO - [2025-10-10T08:48:49.243+0000] {dag.py:4138} INFO - Setting next_dagrun for example_subdag_operator to 2022-01-01 00:00:00+00:00, run_after=2022-01-01 00:00:00+00:00
[2025-10-10T08:48:49.277+0000] {logging_mixin.py:190} INFO - [2025-10-10T08:48:49.275+0000] {dag.py:4138} INFO - Setting next_dagrun for example_subdag_operator.section-1 to None, run_after=None
[2025-10-10T08:48:49.289+0000] {logging_mixin.py:190} INFO - [2025-10-10T08:48:49.288+0000] {dag.py:4138} INFO - Setting next_dagrun for example_subdag_operator.section-2 to None, run_after=None
[2025-10-10T08:48:49.333+0000] {logging_mixin.py:190} INFO - [2025-10-10T08:48:49.332+0000] {dag.py:3211} INFO - Sync 2 DAGs
[2025-10-10T08:48:49.352+0000] {logging_mixin.py:190} INFO - [2025-10-10T08:48:49.351+0000] {dag.py:4138} INFO - Setting next_dagrun for example_subdag_operator.section-1 to None, run_after=None
[2025-10-10T08:48:49.354+0000] {logging_mixin.py:190} INFO - [2025-10-10T08:48:49.354+0000] {dag.py:4138} INFO - Setting next_dagrun for example_subdag_operator.section-2 to None, run_after=None
[2025-10-10T08:48:49.394+0000] {processor.py:208} INFO - Processing /home/airflow/.local/lib/python3.12/site-packages/airflow/example_dags/example_subdag_operator.py took 0.404 seconds
[2025-10-10T08:49:21.527+0000] {processor.py:186} INFO - Started process (PID=1478) to work on /home/airflow/.local/lib/python3.12/site-packages/airflow/example_dags/example_subdag_operator.py
[2025-10-10T08:49:21.532+0000] {processor.py:914} INFO - Processing file /home/airflow/.local/lib/python3.12/site-packages/airflow/example_dags/example_subdag_operator.py for tasks to queue
[2025-10-10T08:49:21.541+0000] {logging_mixin.py:190} INFO - [2025-10-10T08:49:21.540+0000] {dagbag.py:587} INFO - Filling up the DagBag from /home/airflow/.local/lib/python3.12/site-packages/airflow/example_dags/example_subdag_operator.py
[2025-10-10T08:49:21.638+0000] {processor.py:925} INFO - DAG(s) 'example_subdag_operator.section-1', 'example_subdag_operator.section-2', 'example_subdag_operator' retrieved from /home/airflow/.local/lib/python3.12/site-packages/airflow/example_dags/example_subdag_operator.py
[2025-10-10T08:49:21.710+0000] {logging_mixin.py:190} INFO - [2025-10-10T08:49:21.709+0000] {dag.py:3211} INFO - Sync 3 DAGs
[2025-10-10T08:49:21.800+0000] {logging_mixin.py:190} INFO - [2025-10-10T08:49:21.799+0000] {dag.py:4138} INFO - Setting next_dagrun for example_subdag_operator to 2022-01-01 00:00:00+00:00, run_after=2022-01-01 00:00:00+00:00
[2025-10-10T08:49:21.816+0000] {logging_mixin.py:190} INFO - [2025-10-10T08:49:21.815+0000] {dag.py:4138} INFO - Setting next_dagrun for example_subdag_operator.section-1 to None, run_after=None
[2025-10-10T08:49:21.820+0000] {logging_mixin.py:190} INFO - [2025-10-10T08:49:21.820+0000] {dag.py:4138} INFO - Setting next_dagrun for example_subdag_operator.section-2 to None, run_after=None
[2025-10-10T08:49:21.847+0000] {logging_mixin.py:190} INFO - [2025-10-10T08:49:21.847+0000] {dag.py:3211} INFO - Sync 2 DAGs
[2025-10-10T08:49:21.859+0000] {logging_mixin.py:190} INFO - [2025-10-10T08:49:21.859+0000] {dag.py:4138} INFO - Setting next_dagrun for example_subdag_operator.section-1 to None, run_after=None
[2025-10-10T08:49:21.860+0000] {logging_mixin.py:190} INFO - [2025-10-10T08:49:21.860+0000] {dag.py:4138} INFO - Setting next_dagrun for example_subdag_operator.section-2 to None, run_after=None
[2025-10-10T08:49:21.892+0000] {processor.py:208} INFO - Processing /home/airflow/.local/lib/python3.12/site-packages/airflow/example_dags/example_subdag_operator.py took 0.391 seconds
[2025-10-10T08:53:53.451+0000] {processor.py:186} INFO - Started process (PID=90) to work on /home/airflow/.local/lib/python3.12/site-packages/airflow/example_dags/example_subdag_operator.py
[2025-10-10T08:53:53.483+0000] {processor.py:914} INFO - Processing file /home/airflow/.local/lib/python3.12/site-packages/airflow/example_dags/example_subdag_operator.py for tasks to queue
[2025-10-10T08:53:53.491+0000] {logging_mixin.py:190} INFO - [2025-10-10T08:53:53.490+0000] {dagbag.py:587} INFO - Filling up the DagBag from /home/airflow/.local/lib/python3.12/site-packages/airflow/example_dags/example_subdag_operator.py
[2025-10-10T08:53:53.594+0000] {processor.py:925} INFO - DAG(s) 'example_subdag_operator.section-1', 'example_subdag_operator.section-2', 'example_subdag_operator' retrieved from /home/airflow/.local/lib/python3.12/site-packages/airflow/example_dags/example_subdag_operator.py
[2025-10-10T08:53:53.649+0000] {logging_mixin.py:190} INFO - [2025-10-10T08:53:53.648+0000] {dag.py:3211} INFO - Sync 3 DAGs
[2025-10-10T08:53:53.716+0000] {logging_mixin.py:190} INFO - [2025-10-10T08:53:53.715+0000] {dag.py:4138} INFO - Setting next_dagrun for example_subdag_operator to 2022-01-01 00:00:00+00:00, run_after=2022-01-01 00:00:00+00:00
[2025-10-10T08:53:53.727+0000] {logging_mixin.py:190} INFO - [2025-10-10T08:53:53.726+0000] {dag.py:4138} INFO - Setting next_dagrun for example_subdag_operator.section-1 to None, run_after=None
[2025-10-10T08:53:53.731+0000] {logging_mixin.py:190} INFO - [2025-10-10T08:53:53.731+0000] {dag.py:4138} INFO - Setting next_dagrun for example_subdag_operator.section-2 to None, run_after=None
[2025-10-10T08:53:53.753+0000] {logging_mixin.py:190} INFO - [2025-10-10T08:53:53.753+0000] {dag.py:3211} INFO - Sync 2 DAGs
[2025-10-10T08:53:53.772+0000] {logging_mixin.py:190} INFO - [2025-10-10T08:53:53.771+0000] {dag.py:4138} INFO - Setting next_dagrun for example_subdag_operator.section-1 to None, run_after=None
[2025-10-10T08:53:53.774+0000] {logging_mixin.py:190} INFO - [2025-10-10T08:53:53.773+0000] {dag.py:4138} INFO - Setting next_dagrun for example_subdag_operator.section-2 to None, run_after=None
[2025-10-10T08:53:53.927+0000] {processor.py:208} INFO - Processing /home/airflow/.local/lib/python3.12/site-packages/airflow/example_dags/example_subdag_operator.py took 0.490 seconds
[2025-10-10T08:54:24.651+0000] {processor.py:186} INFO - Started process (PID=153) to work on /home/airflow/.local/lib/python3.12/site-packages/airflow/example_dags/example_subdag_operator.py
[2025-10-10T08:54:24.654+0000] {processor.py:914} INFO - Processing file /home/airflow/.local/lib/python3.12/site-packages/airflow/example_dags/example_subdag_operator.py for tasks to queue
[2025-10-10T08:54:24.663+0000] {logging_mixin.py:190} INFO - [2025-10-10T08:54:24.662+0000] {dagbag.py:587} INFO - Filling up the DagBag from /home/airflow/.local/lib/python3.12/site-packages/airflow/example_dags/example_subdag_operator.py
[2025-10-10T08:54:24.748+0000] {processor.py:925} INFO - DAG(s) 'example_subdag_operator.section-1', 'example_subdag_operator.section-2', 'example_subdag_operator' retrieved from /home/airflow/.local/lib/python3.12/site-packages/airflow/example_dags/example_subdag_operator.py
[2025-10-10T08:54:24.788+0000] {logging_mixin.py:190} INFO - [2025-10-10T08:54:24.788+0000] {dag.py:3211} INFO - Sync 3 DAGs
[2025-10-10T08:54:24.856+0000] {logging_mixin.py:190} INFO - [2025-10-10T08:54:24.856+0000] {dag.py:4138} INFO - Setting next_dagrun for example_subdag_operator to 2022-01-01 00:00:00+00:00, run_after=2022-01-01 00:00:00+00:00
[2025-10-10T08:54:24.869+0000] {logging_mixin.py:190} INFO - [2025-10-10T08:54:24.868+0000] {dag.py:4138} INFO - Setting next_dagrun for example_subdag_operator.section-1 to None, run_after=None
[2025-10-10T08:54:24.874+0000] {logging_mixin.py:190} INFO - [2025-10-10T08:54:24.873+0000] {dag.py:4138} INFO - Setting next_dagrun for example_subdag_operator.section-2 to None, run_after=None
[2025-10-10T08:54:24.904+0000] {logging_mixin.py:190} INFO - [2025-10-10T08:54:24.903+0000] {dag.py:3211} INFO - Sync 2 DAGs
[2025-10-10T08:54:24.933+0000] {logging_mixin.py:190} INFO - [2025-10-10T08:54:24.932+0000] {dag.py:4138} INFO - Setting next_dagrun for example_subdag_operator.section-1 to None, run_after=None
[2025-10-10T08:54:24.935+0000] {logging_mixin.py:190} INFO - [2025-10-10T08:54:24.934+0000] {dag.py:4138} INFO - Setting next_dagrun for example_subdag_operator.section-2 to None, run_after=None
[2025-10-10T08:54:25.000+0000] {processor.py:208} INFO - Processing /home/airflow/.local/lib/python3.12/site-packages/airflow/example_dags/example_subdag_operator.py took 0.366 seconds
[2025-10-10T08:54:56.055+0000] {processor.py:186} INFO - Started process (PID=217) to work on /home/airflow/.local/lib/python3.12/site-packages/airflow/example_dags/example_subdag_operator.py
[2025-10-10T08:54:56.058+0000] {processor.py:914} INFO - Processing file /home/airflow/.local/lib/python3.12/site-packages/airflow/example_dags/example_subdag_operator.py for tasks to queue
[2025-10-10T08:54:56.063+0000] {logging_mixin.py:190} INFO - [2025-10-10T08:54:56.062+0000] {dagbag.py:587} INFO - Filling up the DagBag from /home/airflow/.local/lib/python3.12/site-packages/airflow/example_dags/example_subdag_operator.py
[2025-10-10T08:54:56.121+0000] {processor.py:925} INFO - DAG(s) 'example_subdag_operator.section-1', 'example_subdag_operator.section-2', 'example_subdag_operator' retrieved from /home/airflow/.local/lib/python3.12/site-packages/airflow/example_dags/example_subdag_operator.py
[2025-10-10T08:54:56.152+0000] {logging_mixin.py:190} INFO - [2025-10-10T08:54:56.152+0000] {dag.py:3211} INFO - Sync 3 DAGs
[2025-10-10T08:54:56.210+0000] {logging_mixin.py:190} INFO - [2025-10-10T08:54:56.209+0000] {dag.py:4138} INFO - Setting next_dagrun for example_subdag_operator to 2022-01-01 00:00:00+00:00, run_after=2022-01-01 00:00:00+00:00
[2025-10-10T08:54:56.222+0000] {logging_mixin.py:190} INFO - [2025-10-10T08:54:56.221+0000] {dag.py:4138} INFO - Setting next_dagrun for example_subdag_operator.section-1 to None, run_after=None
[2025-10-10T08:54:56.227+0000] {logging_mixin.py:190} INFO - [2025-10-10T08:54:56.226+0000] {dag.py:4138} INFO - Setting next_dagrun for example_subdag_operator.section-2 to None, run_after=None
[2025-10-10T08:54:56.245+0000] {logging_mixin.py:190} INFO - [2025-10-10T08:54:56.245+0000] {dag.py:3211} INFO - Sync 2 DAGs
[2025-10-10T08:54:56.261+0000] {logging_mixin.py:190} INFO - [2025-10-10T08:54:56.260+0000] {dag.py:4138} INFO - Setting next_dagrun for example_subdag_operator.section-1 to None, run_after=None
[2025-10-10T08:54:56.262+0000] {logging_mixin.py:190} INFO - [2025-10-10T08:54:56.262+0000] {dag.py:4138} INFO - Setting next_dagrun for example_subdag_operator.section-2 to None, run_after=None
[2025-10-10T08:54:56.290+0000] {processor.py:208} INFO - Processing /home/airflow/.local/lib/python3.12/site-packages/airflow/example_dags/example_subdag_operator.py took 0.249 seconds
[2025-10-10T08:58:02.715+0000] {processor.py:186} INFO - Started process (PID=91) to work on /home/airflow/.local/lib/python3.12/site-packages/airflow/example_dags/example_subdag_operator.py
[2025-10-10T08:58:02.724+0000] {processor.py:914} INFO - Processing file /home/airflow/.local/lib/python3.12/site-packages/airflow/example_dags/example_subdag_operator.py for tasks to queue
[2025-10-10T08:58:02.734+0000] {logging_mixin.py:190} INFO - [2025-10-10T08:58:02.733+0000] {dagbag.py:587} INFO - Filling up the DagBag from /home/airflow/.local/lib/python3.12/site-packages/airflow/example_dags/example_subdag_operator.py
[2025-10-10T08:58:02.841+0000] {processor.py:925} INFO - DAG(s) 'example_subdag_operator.section-1', 'example_subdag_operator.section-2', 'example_subdag_operator' retrieved from /home/airflow/.local/lib/python3.12/site-packages/airflow/example_dags/example_subdag_operator.py
[2025-10-10T08:58:02.948+0000] {logging_mixin.py:190} INFO - [2025-10-10T08:58:02.948+0000] {dag.py:3211} INFO - Sync 3 DAGs
[2025-10-10T08:58:03.118+0000] {logging_mixin.py:190} INFO - [2025-10-10T08:58:03.117+0000] {dag.py:4138} INFO - Setting next_dagrun for example_subdag_operator to 2022-01-01 00:00:00+00:00, run_after=2022-01-01 00:00:00+00:00
[2025-10-10T08:58:03.130+0000] {logging_mixin.py:190} INFO - [2025-10-10T08:58:03.129+0000] {dag.py:4138} INFO - Setting next_dagrun for example_subdag_operator.section-1 to None, run_after=None
[2025-10-10T08:58:03.135+0000] {logging_mixin.py:190} INFO - [2025-10-10T08:58:03.134+0000] {dag.py:4138} INFO - Setting next_dagrun for example_subdag_operator.section-2 to None, run_after=None
[2025-10-10T08:58:03.165+0000] {logging_mixin.py:190} INFO - [2025-10-10T08:58:03.164+0000] {dag.py:3211} INFO - Sync 2 DAGs
[2025-10-10T08:58:03.182+0000] {logging_mixin.py:190} INFO - [2025-10-10T08:58:03.182+0000] {dag.py:4138} INFO - Setting next_dagrun for example_subdag_operator.section-1 to None, run_after=None
[2025-10-10T08:58:03.184+0000] {logging_mixin.py:190} INFO - [2025-10-10T08:58:03.183+0000] {dag.py:4138} INFO - Setting next_dagrun for example_subdag_operator.section-2 to None, run_after=None
[2025-10-10T08:58:03.218+0000] {processor.py:208} INFO - Processing /home/airflow/.local/lib/python3.12/site-packages/airflow/example_dags/example_subdag_operator.py took 0.528 seconds
[2025-10-10T08:58:33.461+0000] {processor.py:186} INFO - Started process (PID=154) to work on /home/airflow/.local/lib/python3.12/site-packages/airflow/example_dags/example_subdag_operator.py
[2025-10-10T08:58:33.464+0000] {processor.py:914} INFO - Processing file /home/airflow/.local/lib/python3.12/site-packages/airflow/example_dags/example_subdag_operator.py for tasks to queue
[2025-10-10T08:58:33.477+0000] {logging_mixin.py:190} INFO - [2025-10-10T08:58:33.476+0000] {dagbag.py:587} INFO - Filling up the DagBag from /home/airflow/.local/lib/python3.12/site-packages/airflow/example_dags/example_subdag_operator.py
[2025-10-10T08:58:33.577+0000] {processor.py:925} INFO - DAG(s) 'example_subdag_operator.section-1', 'example_subdag_operator.section-2', 'example_subdag_operator' retrieved from /home/airflow/.local/lib/python3.12/site-packages/airflow/example_dags/example_subdag_operator.py
[2025-10-10T08:58:33.627+0000] {logging_mixin.py:190} INFO - [2025-10-10T08:58:33.626+0000] {dag.py:3211} INFO - Sync 3 DAGs
[2025-10-10T08:58:33.708+0000] {logging_mixin.py:190} INFO - [2025-10-10T08:58:33.708+0000] {dag.py:4138} INFO - Setting next_dagrun for example_subdag_operator to 2022-01-01 00:00:00+00:00, run_after=2022-01-01 00:00:00+00:00
[2025-10-10T08:58:33.717+0000] {logging_mixin.py:190} INFO - [2025-10-10T08:58:33.717+0000] {dag.py:4138} INFO - Setting next_dagrun for example_subdag_operator.section-1 to None, run_after=None
[2025-10-10T08:58:33.720+0000] {logging_mixin.py:190} INFO - [2025-10-10T08:58:33.720+0000] {dag.py:4138} INFO - Setting next_dagrun for example_subdag_operator.section-2 to None, run_after=None
[2025-10-10T08:58:33.734+0000] {logging_mixin.py:190} INFO - [2025-10-10T08:58:33.733+0000] {dag.py:3211} INFO - Sync 2 DAGs
[2025-10-10T08:58:33.745+0000] {logging_mixin.py:190} INFO - [2025-10-10T08:58:33.745+0000] {dag.py:4138} INFO - Setting next_dagrun for example_subdag_operator.section-1 to None, run_after=None
[2025-10-10T08:58:33.746+0000] {logging_mixin.py:190} INFO - [2025-10-10T08:58:33.746+0000] {dag.py:4138} INFO - Setting next_dagrun for example_subdag_operator.section-2 to None, run_after=None
[2025-10-10T08:58:33.771+0000] {processor.py:208} INFO - Processing /home/airflow/.local/lib/python3.12/site-packages/airflow/example_dags/example_subdag_operator.py took 0.333 seconds
[2025-10-10T09:01:29.395+0000] {processor.py:186} INFO - Started process (PID=90) to work on /home/airflow/.local/lib/python3.12/site-packages/airflow/example_dags/example_subdag_operator.py
[2025-10-10T09:01:29.398+0000] {processor.py:914} INFO - Processing file /home/airflow/.local/lib/python3.12/site-packages/airflow/example_dags/example_subdag_operator.py for tasks to queue
[2025-10-10T09:01:29.405+0000] {logging_mixin.py:190} INFO - [2025-10-10T09:01:29.404+0000] {dagbag.py:587} INFO - Filling up the DagBag from /home/airflow/.local/lib/python3.12/site-packages/airflow/example_dags/example_subdag_operator.py
[2025-10-10T09:01:29.489+0000] {processor.py:925} INFO - DAG(s) 'example_subdag_operator.section-1', 'example_subdag_operator.section-2', 'example_subdag_operator' retrieved from /home/airflow/.local/lib/python3.12/site-packages/airflow/example_dags/example_subdag_operator.py
[2025-10-10T09:01:29.589+0000] {logging_mixin.py:190} INFO - [2025-10-10T09:01:29.588+0000] {dag.py:3211} INFO - Sync 3 DAGs
[2025-10-10T09:01:29.697+0000] {logging_mixin.py:190} INFO - [2025-10-10T09:01:29.696+0000] {dag.py:4138} INFO - Setting next_dagrun for example_subdag_operator to 2022-01-01 00:00:00+00:00, run_after=2022-01-01 00:00:00+00:00
[2025-10-10T09:01:29.715+0000] {logging_mixin.py:190} INFO - [2025-10-10T09:01:29.714+0000] {dag.py:4138} INFO - Setting next_dagrun for example_subdag_operator.section-1 to None, run_after=None
[2025-10-10T09:01:29.724+0000] {logging_mixin.py:190} INFO - [2025-10-10T09:01:29.723+0000] {dag.py:4138} INFO - Setting next_dagrun for example_subdag_operator.section-2 to None, run_after=None
[2025-10-10T09:01:29.746+0000] {logging_mixin.py:190} INFO - [2025-10-10T09:01:29.745+0000] {dag.py:3211} INFO - Sync 2 DAGs
[2025-10-10T09:01:29.760+0000] {logging_mixin.py:190} INFO - [2025-10-10T09:01:29.759+0000] {dag.py:4138} INFO - Setting next_dagrun for example_subdag_operator.section-1 to None, run_after=None
[2025-10-10T09:01:29.761+0000] {logging_mixin.py:190} INFO - [2025-10-10T09:01:29.761+0000] {dag.py:4138} INFO - Setting next_dagrun for example_subdag_operator.section-2 to None, run_after=None
[2025-10-10T09:01:29.784+0000] {processor.py:208} INFO - Processing /home/airflow/.local/lib/python3.12/site-packages/airflow/example_dags/example_subdag_operator.py took 0.403 seconds
[2025-10-10T09:02:00.534+0000] {processor.py:186} INFO - Started process (PID=153) to work on /home/airflow/.local/lib/python3.12/site-packages/airflow/example_dags/example_subdag_operator.py
[2025-10-10T09:02:00.537+0000] {processor.py:914} INFO - Processing file /home/airflow/.local/lib/python3.12/site-packages/airflow/example_dags/example_subdag_operator.py for tasks to queue
[2025-10-10T09:02:00.544+0000] {logging_mixin.py:190} INFO - [2025-10-10T09:02:00.543+0000] {dagbag.py:587} INFO - Filling up the DagBag from /home/airflow/.local/lib/python3.12/site-packages/airflow/example_dags/example_subdag_operator.py
[2025-10-10T09:02:00.644+0000] {processor.py:925} INFO - DAG(s) 'example_subdag_operator.section-1', 'example_subdag_operator.section-2', 'example_subdag_operator' retrieved from /home/airflow/.local/lib/python3.12/site-packages/airflow/example_dags/example_subdag_operator.py
[2025-10-10T09:02:00.706+0000] {logging_mixin.py:190} INFO - [2025-10-10T09:02:00.705+0000] {dag.py:3211} INFO - Sync 3 DAGs
[2025-10-10T09:02:00.818+0000] {logging_mixin.py:190} INFO - [2025-10-10T09:02:00.817+0000] {dag.py:4138} INFO - Setting next_dagrun for example_subdag_operator to 2022-01-01 00:00:00+00:00, run_after=2022-01-01 00:00:00+00:00
[2025-10-10T09:02:00.833+0000] {logging_mixin.py:190} INFO - [2025-10-10T09:02:00.833+0000] {dag.py:4138} INFO - Setting next_dagrun for example_subdag_operator.section-1 to None, run_after=None
[2025-10-10T09:02:00.839+0000] {logging_mixin.py:190} INFO - [2025-10-10T09:02:00.838+0000] {dag.py:4138} INFO - Setting next_dagrun for example_subdag_operator.section-2 to None, run_after=None
[2025-10-10T09:02:00.867+0000] {logging_mixin.py:190} INFO - [2025-10-10T09:02:00.866+0000] {dag.py:3211} INFO - Sync 2 DAGs
[2025-10-10T09:02:00.886+0000] {logging_mixin.py:190} INFO - [2025-10-10T09:02:00.885+0000] {dag.py:4138} INFO - Setting next_dagrun for example_subdag_operator.section-1 to None, run_after=None
[2025-10-10T09:02:00.887+0000] {logging_mixin.py:190} INFO - [2025-10-10T09:02:00.887+0000] {dag.py:4138} INFO - Setting next_dagrun for example_subdag_operator.section-2 to None, run_after=None
[2025-10-10T09:02:00.913+0000] {processor.py:208} INFO - Processing /home/airflow/.local/lib/python3.12/site-packages/airflow/example_dags/example_subdag_operator.py took 0.411 seconds
[2025-10-10T09:02:31.812+0000] {processor.py:186} INFO - Started process (PID=216) to work on /home/airflow/.local/lib/python3.12/site-packages/airflow/example_dags/example_subdag_operator.py
[2025-10-10T09:02:31.816+0000] {processor.py:914} INFO - Processing file /home/airflow/.local/lib/python3.12/site-packages/airflow/example_dags/example_subdag_operator.py for tasks to queue
[2025-10-10T09:02:31.821+0000] {logging_mixin.py:190} INFO - [2025-10-10T09:02:31.820+0000] {dagbag.py:587} INFO - Filling up the DagBag from /home/airflow/.local/lib/python3.12/site-packages/airflow/example_dags/example_subdag_operator.py
[2025-10-10T09:02:31.881+0000] {processor.py:925} INFO - DAG(s) 'example_subdag_operator.section-1', 'example_subdag_operator.section-2', 'example_subdag_operator' retrieved from /home/airflow/.local/lib/python3.12/site-packages/airflow/example_dags/example_subdag_operator.py
[2025-10-10T09:02:31.914+0000] {logging_mixin.py:190} INFO - [2025-10-10T09:02:31.914+0000] {dag.py:3211} INFO - Sync 3 DAGs
[2025-10-10T09:02:31.970+0000] {logging_mixin.py:190} INFO - [2025-10-10T09:02:31.969+0000] {dag.py:4138} INFO - Setting next_dagrun for example_subdag_operator to 2022-01-01 00:00:00+00:00, run_after=2022-01-01 00:00:00+00:00
[2025-10-10T09:02:31.978+0000] {logging_mixin.py:190} INFO - [2025-10-10T09:02:31.978+0000] {dag.py:4138} INFO - Setting next_dagrun for example_subdag_operator.section-1 to None, run_after=None
[2025-10-10T09:02:31.982+0000] {logging_mixin.py:190} INFO - [2025-10-10T09:02:31.981+0000] {dag.py:4138} INFO - Setting next_dagrun for example_subdag_operator.section-2 to None, run_after=None
[2025-10-10T09:02:31.998+0000] {logging_mixin.py:190} INFO - [2025-10-10T09:02:31.997+0000] {dag.py:3211} INFO - Sync 2 DAGs
[2025-10-10T09:02:32.009+0000] {logging_mixin.py:190} INFO - [2025-10-10T09:02:32.009+0000] {dag.py:4138} INFO - Setting next_dagrun for example_subdag_operator.section-1 to None, run_after=None
[2025-10-10T09:02:32.011+0000] {logging_mixin.py:190} INFO - [2025-10-10T09:02:32.011+0000] {dag.py:4138} INFO - Setting next_dagrun for example_subdag_operator.section-2 to None, run_after=None
[2025-10-10T09:02:32.039+0000] {processor.py:208} INFO - Processing /home/airflow/.local/lib/python3.12/site-packages/airflow/example_dags/example_subdag_operator.py took 0.244 seconds
[2025-10-10T09:03:03.313+0000] {processor.py:186} INFO - Started process (PID=280) to work on /home/airflow/.local/lib/python3.12/site-packages/airflow/example_dags/example_subdag_operator.py
[2025-10-10T09:03:03.316+0000] {processor.py:914} INFO - Processing file /home/airflow/.local/lib/python3.12/site-packages/airflow/example_dags/example_subdag_operator.py for tasks to queue
[2025-10-10T09:03:03.323+0000] {logging_mixin.py:190} INFO - [2025-10-10T09:03:03.322+0000] {dagbag.py:587} INFO - Filling up the DagBag from /home/airflow/.local/lib/python3.12/site-packages/airflow/example_dags/example_subdag_operator.py
[2025-10-10T09:03:03.390+0000] {processor.py:925} INFO - DAG(s) 'example_subdag_operator.section-1', 'example_subdag_operator.section-2', 'example_subdag_operator' retrieved from /home/airflow/.local/lib/python3.12/site-packages/airflow/example_dags/example_subdag_operator.py
[2025-10-10T09:03:03.432+0000] {logging_mixin.py:190} INFO - [2025-10-10T09:03:03.432+0000] {dag.py:3211} INFO - Sync 3 DAGs
[2025-10-10T09:03:03.522+0000] {logging_mixin.py:190} INFO - [2025-10-10T09:03:03.521+0000] {dag.py:4138} INFO - Setting next_dagrun for example_subdag_operator to 2022-01-01 00:00:00+00:00, run_after=2022-01-01 00:00:00+00:00
[2025-10-10T09:03:03.542+0000] {logging_mixin.py:190} INFO - [2025-10-10T09:03:03.541+0000] {dag.py:4138} INFO - Setting next_dagrun for example_subdag_operator.section-1 to None, run_after=None
[2025-10-10T09:03:03.550+0000] {logging_mixin.py:190} INFO - [2025-10-10T09:03:03.548+0000] {dag.py:4138} INFO - Setting next_dagrun for example_subdag_operator.section-2 to None, run_after=None
[2025-10-10T09:03:03.581+0000] {logging_mixin.py:190} INFO - [2025-10-10T09:03:03.581+0000] {dag.py:3211} INFO - Sync 2 DAGs
[2025-10-10T09:03:03.604+0000] {logging_mixin.py:190} INFO - [2025-10-10T09:03:03.604+0000] {dag.py:4138} INFO - Setting next_dagrun for example_subdag_operator.section-1 to None, run_after=None
[2025-10-10T09:03:03.607+0000] {logging_mixin.py:190} INFO - [2025-10-10T09:03:03.606+0000] {dag.py:4138} INFO - Setting next_dagrun for example_subdag_operator.section-2 to None, run_after=None
[2025-10-10T09:03:03.657+0000] {processor.py:208} INFO - Processing /home/airflow/.local/lib/python3.12/site-packages/airflow/example_dags/example_subdag_operator.py took 0.362 seconds
[2025-10-10T09:03:34.550+0000] {processor.py:186} INFO - Started process (PID=343) to work on /home/airflow/.local/lib/python3.12/site-packages/airflow/example_dags/example_subdag_operator.py
[2025-10-10T09:03:34.552+0000] {processor.py:914} INFO - Processing file /home/airflow/.local/lib/python3.12/site-packages/airflow/example_dags/example_subdag_operator.py for tasks to queue
[2025-10-10T09:03:34.558+0000] {logging_mixin.py:190} INFO - [2025-10-10T09:03:34.557+0000] {dagbag.py:587} INFO - Filling up the DagBag from /home/airflow/.local/lib/python3.12/site-packages/airflow/example_dags/example_subdag_operator.py
[2025-10-10T09:03:34.627+0000] {processor.py:925} INFO - DAG(s) 'example_subdag_operator.section-1', 'example_subdag_operator.section-2', 'example_subdag_operator' retrieved from /home/airflow/.local/lib/python3.12/site-packages/airflow/example_dags/example_subdag_operator.py
[2025-10-10T09:03:34.683+0000] {logging_mixin.py:190} INFO - [2025-10-10T09:03:34.682+0000] {dag.py:3211} INFO - Sync 3 DAGs
[2025-10-10T09:03:34.777+0000] {logging_mixin.py:190} INFO - [2025-10-10T09:03:34.777+0000] {dag.py:4138} INFO - Setting next_dagrun for example_subdag_operator to 2022-01-01 00:00:00+00:00, run_after=2022-01-01 00:00:00+00:00
[2025-10-10T09:03:34.791+0000] {logging_mixin.py:190} INFO - [2025-10-10T09:03:34.790+0000] {dag.py:4138} INFO - Setting next_dagrun for example_subdag_operator.section-1 to None, run_after=None
[2025-10-10T09:03:34.796+0000] {logging_mixin.py:190} INFO - [2025-10-10T09:03:34.796+0000] {dag.py:4138} INFO - Setting next_dagrun for example_subdag_operator.section-2 to None, run_after=None
[2025-10-10T09:03:34.822+0000] {logging_mixin.py:190} INFO - [2025-10-10T09:03:34.821+0000] {dag.py:3211} INFO - Sync 2 DAGs
[2025-10-10T09:03:34.840+0000] {logging_mixin.py:190} INFO - [2025-10-10T09:03:34.839+0000] {dag.py:4138} INFO - Setting next_dagrun for example_subdag_operator.section-1 to None, run_after=None
[2025-10-10T09:03:34.842+0000] {logging_mixin.py:190} INFO - [2025-10-10T09:03:34.842+0000] {dag.py:4138} INFO - Setting next_dagrun for example_subdag_operator.section-2 to None, run_after=None
[2025-10-10T09:03:34.881+0000] {processor.py:208} INFO - Processing /home/airflow/.local/lib/python3.12/site-packages/airflow/example_dags/example_subdag_operator.py took 0.347 seconds
[2025-10-10T09:04:06.299+0000] {processor.py:186} INFO - Started process (PID=406) to work on /home/airflow/.local/lib/python3.12/site-packages/airflow/example_dags/example_subdag_operator.py
[2025-10-10T09:04:06.303+0000] {processor.py:914} INFO - Processing file /home/airflow/.local/lib/python3.12/site-packages/airflow/example_dags/example_subdag_operator.py for tasks to queue
[2025-10-10T09:04:06.311+0000] {logging_mixin.py:190} INFO - [2025-10-10T09:04:06.310+0000] {dagbag.py:587} INFO - Filling up the DagBag from /home/airflow/.local/lib/python3.12/site-packages/airflow/example_dags/example_subdag_operator.py
[2025-10-10T09:04:06.395+0000] {processor.py:925} INFO - DAG(s) 'example_subdag_operator.section-1', 'example_subdag_operator.section-2', 'example_subdag_operator' retrieved from /home/airflow/.local/lib/python3.12/site-packages/airflow/example_dags/example_subdag_operator.py
[2025-10-10T09:04:06.456+0000] {logging_mixin.py:190} INFO - [2025-10-10T09:04:06.456+0000] {dag.py:3211} INFO - Sync 3 DAGs
[2025-10-10T09:04:06.540+0000] {logging_mixin.py:190} INFO - [2025-10-10T09:04:06.539+0000] {dag.py:4138} INFO - Setting next_dagrun for example_subdag_operator to 2022-01-01 00:00:00+00:00, run_after=2022-01-01 00:00:00+00:00
[2025-10-10T09:04:06.548+0000] {logging_mixin.py:190} INFO - [2025-10-10T09:04:06.548+0000] {dag.py:4138} INFO - Setting next_dagrun for example_subdag_operator.section-1 to None, run_after=None
[2025-10-10T09:04:06.551+0000] {logging_mixin.py:190} INFO - [2025-10-10T09:04:06.551+0000] {dag.py:4138} INFO - Setting next_dagrun for example_subdag_operator.section-2 to None, run_after=None
[2025-10-10T09:04:06.571+0000] {logging_mixin.py:190} INFO - [2025-10-10T09:04:06.570+0000] {dag.py:3211} INFO - Sync 2 DAGs
[2025-10-10T09:04:06.592+0000] {logging_mixin.py:190} INFO - [2025-10-10T09:04:06.592+0000] {dag.py:4138} INFO - Setting next_dagrun for example_subdag_operator.section-1 to None, run_after=None
[2025-10-10T09:04:06.594+0000] {logging_mixin.py:190} INFO - [2025-10-10T09:04:06.594+0000] {dag.py:4138} INFO - Setting next_dagrun for example_subdag_operator.section-2 to None, run_after=None
[2025-10-10T09:04:06.637+0000] {processor.py:208} INFO - Processing /home/airflow/.local/lib/python3.12/site-packages/airflow/example_dags/example_subdag_operator.py took 0.353 seconds
[2025-10-10T09:04:37.201+0000] {processor.py:186} INFO - Started process (PID=469) to work on /home/airflow/.local/lib/python3.12/site-packages/airflow/example_dags/example_subdag_operator.py
[2025-10-10T09:04:37.205+0000] {processor.py:914} INFO - Processing file /home/airflow/.local/lib/python3.12/site-packages/airflow/example_dags/example_subdag_operator.py for tasks to queue
[2025-10-10T09:04:37.219+0000] {logging_mixin.py:190} INFO - [2025-10-10T09:04:37.218+0000] {dagbag.py:587} INFO - Filling up the DagBag from /home/airflow/.local/lib/python3.12/site-packages/airflow/example_dags/example_subdag_operator.py
[2025-10-10T09:04:37.358+0000] {processor.py:925} INFO - DAG(s) 'example_subdag_operator.section-1', 'example_subdag_operator.section-2', 'example_subdag_operator' retrieved from /home/airflow/.local/lib/python3.12/site-packages/airflow/example_dags/example_subdag_operator.py
[2025-10-10T09:04:37.446+0000] {logging_mixin.py:190} INFO - [2025-10-10T09:04:37.446+0000] {dag.py:3211} INFO - Sync 3 DAGs
[2025-10-10T09:04:37.567+0000] {logging_mixin.py:190} INFO - [2025-10-10T09:04:37.566+0000] {dag.py:4138} INFO - Setting next_dagrun for example_subdag_operator to 2022-01-01 00:00:00+00:00, run_after=2022-01-01 00:00:00+00:00
[2025-10-10T09:04:37.585+0000] {logging_mixin.py:190} INFO - [2025-10-10T09:04:37.584+0000] {dag.py:4138} INFO - Setting next_dagrun for example_subdag_operator.section-1 to None, run_after=None
[2025-10-10T09:04:37.592+0000] {logging_mixin.py:190} INFO - [2025-10-10T09:04:37.590+0000] {dag.py:4138} INFO - Setting next_dagrun for example_subdag_operator.section-2 to None, run_after=None
[2025-10-10T09:04:37.625+0000] {logging_mixin.py:190} INFO - [2025-10-10T09:04:37.624+0000] {dag.py:3211} INFO - Sync 2 DAGs
[2025-10-10T09:04:37.646+0000] {logging_mixin.py:190} INFO - [2025-10-10T09:04:37.645+0000] {dag.py:4138} INFO - Setting next_dagrun for example_subdag_operator.section-1 to None, run_after=None
[2025-10-10T09:04:37.649+0000] {logging_mixin.py:190} INFO - [2025-10-10T09:04:37.648+0000] {dag.py:4138} INFO - Setting next_dagrun for example_subdag_operator.section-2 to None, run_after=None
[2025-10-10T09:04:37.688+0000] {processor.py:208} INFO - Processing /home/airflow/.local/lib/python3.12/site-packages/airflow/example_dags/example_subdag_operator.py took 0.509 seconds
[2025-10-10T09:05:08.035+0000] {processor.py:186} INFO - Started process (PID=532) to work on /home/airflow/.local/lib/python3.12/site-packages/airflow/example_dags/example_subdag_operator.py
[2025-10-10T09:05:08.039+0000] {processor.py:914} INFO - Processing file /home/airflow/.local/lib/python3.12/site-packages/airflow/example_dags/example_subdag_operator.py for tasks to queue
[2025-10-10T09:05:08.048+0000] {logging_mixin.py:190} INFO - [2025-10-10T09:05:08.047+0000] {dagbag.py:587} INFO - Filling up the DagBag from /home/airflow/.local/lib/python3.12/site-packages/airflow/example_dags/example_subdag_operator.py
[2025-10-10T09:05:08.142+0000] {processor.py:925} INFO - DAG(s) 'example_subdag_operator.section-1', 'example_subdag_operator.section-2', 'example_subdag_operator' retrieved from /home/airflow/.local/lib/python3.12/site-packages/airflow/example_dags/example_subdag_operator.py
[2025-10-10T09:05:08.194+0000] {logging_mixin.py:190} INFO - [2025-10-10T09:05:08.193+0000] {dag.py:3211} INFO - Sync 3 DAGs
[2025-10-10T09:05:08.274+0000] {logging_mixin.py:190} INFO - [2025-10-10T09:05:08.273+0000] {dag.py:4138} INFO - Setting next_dagrun for example_subdag_operator to 2022-01-01 00:00:00+00:00, run_after=2022-01-01 00:00:00+00:00
[2025-10-10T09:05:08.288+0000] {logging_mixin.py:190} INFO - [2025-10-10T09:05:08.287+0000] {dag.py:4138} INFO - Setting next_dagrun for example_subdag_operator.section-1 to None, run_after=None
[2025-10-10T09:05:08.293+0000] {logging_mixin.py:190} INFO - [2025-10-10T09:05:08.292+0000] {dag.py:4138} INFO - Setting next_dagrun for example_subdag_operator.section-2 to None, run_after=None
[2025-10-10T09:05:08.319+0000] {logging_mixin.py:190} INFO - [2025-10-10T09:05:08.318+0000] {dag.py:3211} INFO - Sync 2 DAGs
[2025-10-10T09:05:08.338+0000] {logging_mixin.py:190} INFO - [2025-10-10T09:05:08.337+0000] {dag.py:4138} INFO - Setting next_dagrun for example_subdag_operator.section-1 to None, run_after=None
[2025-10-10T09:05:08.340+0000] {logging_mixin.py:190} INFO - [2025-10-10T09:05:08.340+0000] {dag.py:4138} INFO - Setting next_dagrun for example_subdag_operator.section-2 to None, run_after=None
[2025-10-10T09:05:08.392+0000] {processor.py:208} INFO - Processing /home/airflow/.local/lib/python3.12/site-packages/airflow/example_dags/example_subdag_operator.py took 0.378 seconds
[2025-10-10T09:05:38.657+0000] {processor.py:186} INFO - Started process (PID=594) to work on /home/airflow/.local/lib/python3.12/site-packages/airflow/example_dags/example_subdag_operator.py
[2025-10-10T09:05:38.659+0000] {processor.py:914} INFO - Processing file /home/airflow/.local/lib/python3.12/site-packages/airflow/example_dags/example_subdag_operator.py for tasks to queue
[2025-10-10T09:05:38.668+0000] {logging_mixin.py:190} INFO - [2025-10-10T09:05:38.667+0000] {dagbag.py:587} INFO - Filling up the DagBag from /home/airflow/.local/lib/python3.12/site-packages/airflow/example_dags/example_subdag_operator.py
[2025-10-10T09:05:38.739+0000] {processor.py:925} INFO - DAG(s) 'example_subdag_operator.section-1', 'example_subdag_operator.section-2', 'example_subdag_operator' retrieved from /home/airflow/.local/lib/python3.12/site-packages/airflow/example_dags/example_subdag_operator.py
[2025-10-10T09:05:38.776+0000] {logging_mixin.py:190} INFO - [2025-10-10T09:05:38.775+0000] {dag.py:3211} INFO - Sync 3 DAGs
[2025-10-10T09:05:38.845+0000] {logging_mixin.py:190} INFO - [2025-10-10T09:05:38.845+0000] {dag.py:4138} INFO - Setting next_dagrun for example_subdag_operator to 2022-01-01 00:00:00+00:00, run_after=2022-01-01 00:00:00+00:00
[2025-10-10T09:05:38.856+0000] {logging_mixin.py:190} INFO - [2025-10-10T09:05:38.855+0000] {dag.py:4138} INFO - Setting next_dagrun for example_subdag_operator.section-1 to None, run_after=None
[2025-10-10T09:05:38.860+0000] {logging_mixin.py:190} INFO - [2025-10-10T09:05:38.859+0000] {dag.py:4138} INFO - Setting next_dagrun for example_subdag_operator.section-2 to None, run_after=None
[2025-10-10T09:05:38.874+0000] {logging_mixin.py:190} INFO - [2025-10-10T09:05:38.873+0000] {dag.py:3211} INFO - Sync 2 DAGs
[2025-10-10T09:05:38.887+0000] {logging_mixin.py:190} INFO - [2025-10-10T09:05:38.886+0000] {dag.py:4138} INFO - Setting next_dagrun for example_subdag_operator.section-1 to None, run_after=None
[2025-10-10T09:05:38.888+0000] {logging_mixin.py:190} INFO - [2025-10-10T09:05:38.888+0000] {dag.py:4138} INFO - Setting next_dagrun for example_subdag_operator.section-2 to None, run_after=None
[2025-10-10T09:05:38.915+0000] {processor.py:208} INFO - Processing /home/airflow/.local/lib/python3.12/site-packages/airflow/example_dags/example_subdag_operator.py took 0.274 seconds
