[2025-10-10T08:37:46.980+0000] {processor.py:186} INFO - Started process (PID=66) to work on /home/airflow/.local/lib/python3.12/site-packages/airflow/example_dags/example_bash_operator.py
[2025-10-10T08:37:46.986+0000] {processor.py:914} INFO - Processing file /home/airflow/.local/lib/python3.12/site-packages/airflow/example_dags/example_bash_operator.py for tasks to queue
[2025-10-10T08:37:47.002+0000] {logging_mixin.py:190} INFO - [2025-10-10T08:37:47.000+0000] {dagbag.py:587} INFO - Filling up the DagBag from /home/airflow/.local/lib/python3.12/site-packages/airflow/example_dags/example_bash_operator.py
[2025-10-10T08:37:47.132+0000] {processor.py:925} INFO - DAG(s) 'example_bash_operator' retrieved from /home/airflow/.local/lib/python3.12/site-packages/airflow/example_dags/example_bash_operator.py
[2025-10-10T08:37:47.343+0000] {logging_mixin.py:190} INFO - [2025-10-10T08:37:47.341+0000] {dag.py:3211} INFO - Sync 1 DAGs
[2025-10-10T08:37:47.645+0000] {logging_mixin.py:190} INFO - [2025-10-10T08:37:47.644+0000] {dag.py:4138} INFO - Setting next_dagrun for example_bash_operator to 2025-10-09 00:00:00+00:00, run_after=2025-10-10 00:00:00+00:00
[2025-10-10T08:37:47.722+0000] {processor.py:208} INFO - Processing /home/airflow/.local/lib/python3.12/site-packages/airflow/example_dags/example_bash_operator.py took 0.782 seconds
[2025-10-10T08:38:18.825+0000] {processor.py:186} INFO - Started process (PID=129) to work on /home/airflow/.local/lib/python3.12/site-packages/airflow/example_dags/example_bash_operator.py
[2025-10-10T08:38:18.831+0000] {processor.py:914} INFO - Processing file /home/airflow/.local/lib/python3.12/site-packages/airflow/example_dags/example_bash_operator.py for tasks to queue
[2025-10-10T08:38:18.849+0000] {logging_mixin.py:190} INFO - [2025-10-10T08:38:18.847+0000] {dagbag.py:587} INFO - Filling up the DagBag from /home/airflow/.local/lib/python3.12/site-packages/airflow/example_dags/example_bash_operator.py
[2025-10-10T08:38:18.920+0000] {processor.py:925} INFO - DAG(s) 'example_bash_operator' retrieved from /home/airflow/.local/lib/python3.12/site-packages/airflow/example_dags/example_bash_operator.py
[2025-10-10T08:38:19.008+0000] {logging_mixin.py:190} INFO - [2025-10-10T08:38:19.007+0000] {dag.py:3211} INFO - Sync 1 DAGs
[2025-10-10T08:38:19.099+0000] {logging_mixin.py:190} INFO - [2025-10-10T08:38:19.098+0000] {dag.py:4138} INFO - Setting next_dagrun for example_bash_operator to 2025-10-09 00:00:00+00:00, run_after=2025-10-10 00:00:00+00:00
[2025-10-10T08:38:19.163+0000] {processor.py:208} INFO - Processing /home/airflow/.local/lib/python3.12/site-packages/airflow/example_dags/example_bash_operator.py took 0.374 seconds
[2025-10-10T08:38:49.659+0000] {processor.py:186} INFO - Started process (PID=192) to work on /home/airflow/.local/lib/python3.12/site-packages/airflow/example_dags/example_bash_operator.py
[2025-10-10T08:38:49.663+0000] {processor.py:914} INFO - Processing file /home/airflow/.local/lib/python3.12/site-packages/airflow/example_dags/example_bash_operator.py for tasks to queue
[2025-10-10T08:38:49.672+0000] {logging_mixin.py:190} INFO - [2025-10-10T08:38:49.671+0000] {dagbag.py:587} INFO - Filling up the DagBag from /home/airflow/.local/lib/python3.12/site-packages/airflow/example_dags/example_bash_operator.py
[2025-10-10T08:38:49.713+0000] {processor.py:925} INFO - DAG(s) 'example_bash_operator' retrieved from /home/airflow/.local/lib/python3.12/site-packages/airflow/example_dags/example_bash_operator.py
[2025-10-10T08:38:49.796+0000] {logging_mixin.py:190} INFO - [2025-10-10T08:38:49.796+0000] {dag.py:3211} INFO - Sync 1 DAGs
[2025-10-10T08:38:49.867+0000] {logging_mixin.py:190} INFO - [2025-10-10T08:38:49.866+0000] {dag.py:4138} INFO - Setting next_dagrun for example_bash_operator to 2025-10-09 00:00:00+00:00, run_after=2025-10-10 00:00:00+00:00
[2025-10-10T08:38:49.918+0000] {processor.py:208} INFO - Processing /home/airflow/.local/lib/python3.12/site-packages/airflow/example_dags/example_bash_operator.py took 0.279 seconds
[2025-10-10T08:39:20.413+0000] {processor.py:186} INFO - Started process (PID=255) to work on /home/airflow/.local/lib/python3.12/site-packages/airflow/example_dags/example_bash_operator.py
[2025-10-10T08:39:20.422+0000] {processor.py:914} INFO - Processing file /home/airflow/.local/lib/python3.12/site-packages/airflow/example_dags/example_bash_operator.py for tasks to queue
[2025-10-10T08:39:20.431+0000] {logging_mixin.py:190} INFO - [2025-10-10T08:39:20.430+0000] {dagbag.py:587} INFO - Filling up the DagBag from /home/airflow/.local/lib/python3.12/site-packages/airflow/example_dags/example_bash_operator.py
[2025-10-10T08:39:20.531+0000] {processor.py:925} INFO - DAG(s) 'example_bash_operator' retrieved from /home/airflow/.local/lib/python3.12/site-packages/airflow/example_dags/example_bash_operator.py
[2025-10-10T08:39:20.708+0000] {logging_mixin.py:190} INFO - [2025-10-10T08:39:20.707+0000] {dag.py:3211} INFO - Sync 1 DAGs
[2025-10-10T08:39:20.768+0000] {logging_mixin.py:190} INFO - [2025-10-10T08:39:20.767+0000] {dag.py:4138} INFO - Setting next_dagrun for example_bash_operator to 2025-10-09 00:00:00+00:00, run_after=2025-10-10 00:00:00+00:00
[2025-10-10T08:39:20.827+0000] {processor.py:208} INFO - Processing /home/airflow/.local/lib/python3.12/site-packages/airflow/example_dags/example_bash_operator.py took 0.451 seconds
[2025-10-10T08:39:51.051+0000] {processor.py:186} INFO - Started process (PID=318) to work on /home/airflow/.local/lib/python3.12/site-packages/airflow/example_dags/example_bash_operator.py
[2025-10-10T08:39:51.054+0000] {processor.py:914} INFO - Processing file /home/airflow/.local/lib/python3.12/site-packages/airflow/example_dags/example_bash_operator.py for tasks to queue
[2025-10-10T08:39:51.067+0000] {logging_mixin.py:190} INFO - [2025-10-10T08:39:51.065+0000] {dagbag.py:587} INFO - Filling up the DagBag from /home/airflow/.local/lib/python3.12/site-packages/airflow/example_dags/example_bash_operator.py
[2025-10-10T08:39:51.121+0000] {processor.py:925} INFO - DAG(s) 'example_bash_operator' retrieved from /home/airflow/.local/lib/python3.12/site-packages/airflow/example_dags/example_bash_operator.py
[2025-10-10T08:39:51.198+0000] {logging_mixin.py:190} INFO - [2025-10-10T08:39:51.197+0000] {dag.py:3211} INFO - Sync 1 DAGs
[2025-10-10T08:39:51.322+0000] {logging_mixin.py:190} INFO - [2025-10-10T08:39:51.321+0000] {dag.py:4138} INFO - Setting next_dagrun for example_bash_operator to 2025-10-09 00:00:00+00:00, run_after=2025-10-10 00:00:00+00:00
[2025-10-10T08:39:51.448+0000] {processor.py:208} INFO - Processing /home/airflow/.local/lib/python3.12/site-packages/airflow/example_dags/example_bash_operator.py took 0.416 seconds
[2025-10-10T08:40:21.706+0000] {processor.py:186} INFO - Started process (PID=381) to work on /home/airflow/.local/lib/python3.12/site-packages/airflow/example_dags/example_bash_operator.py
[2025-10-10T08:40:21.712+0000] {processor.py:914} INFO - Processing file /home/airflow/.local/lib/python3.12/site-packages/airflow/example_dags/example_bash_operator.py for tasks to queue
[2025-10-10T08:40:21.726+0000] {logging_mixin.py:190} INFO - [2025-10-10T08:40:21.724+0000] {dagbag.py:587} INFO - Filling up the DagBag from /home/airflow/.local/lib/python3.12/site-packages/airflow/example_dags/example_bash_operator.py
[2025-10-10T08:40:21.810+0000] {processor.py:925} INFO - DAG(s) 'example_bash_operator' retrieved from /home/airflow/.local/lib/python3.12/site-packages/airflow/example_dags/example_bash_operator.py
[2025-10-10T08:40:22.006+0000] {logging_mixin.py:190} INFO - [2025-10-10T08:40:22.006+0000] {dag.py:3211} INFO - Sync 1 DAGs
[2025-10-10T08:40:22.083+0000] {logging_mixin.py:190} INFO - [2025-10-10T08:40:22.082+0000] {dag.py:4138} INFO - Setting next_dagrun for example_bash_operator to 2025-10-09 00:00:00+00:00, run_after=2025-10-10 00:00:00+00:00
[2025-10-10T08:40:22.142+0000] {processor.py:208} INFO - Processing /home/airflow/.local/lib/python3.12/site-packages/airflow/example_dags/example_bash_operator.py took 0.472 seconds
[2025-10-10T08:40:52.914+0000] {processor.py:186} INFO - Started process (PID=444) to work on /home/airflow/.local/lib/python3.12/site-packages/airflow/example_dags/example_bash_operator.py
[2025-10-10T08:40:52.916+0000] {processor.py:914} INFO - Processing file /home/airflow/.local/lib/python3.12/site-packages/airflow/example_dags/example_bash_operator.py for tasks to queue
[2025-10-10T08:40:52.922+0000] {logging_mixin.py:190} INFO - [2025-10-10T08:40:52.921+0000] {dagbag.py:587} INFO - Filling up the DagBag from /home/airflow/.local/lib/python3.12/site-packages/airflow/example_dags/example_bash_operator.py
[2025-10-10T08:40:52.962+0000] {processor.py:925} INFO - DAG(s) 'example_bash_operator' retrieved from /home/airflow/.local/lib/python3.12/site-packages/airflow/example_dags/example_bash_operator.py
[2025-10-10T08:40:53.033+0000] {logging_mixin.py:190} INFO - [2025-10-10T08:40:53.032+0000] {dag.py:3211} INFO - Sync 1 DAGs
[2025-10-10T08:40:53.088+0000] {logging_mixin.py:190} INFO - [2025-10-10T08:40:53.087+0000] {dag.py:4138} INFO - Setting next_dagrun for example_bash_operator to 2025-10-09 00:00:00+00:00, run_after=2025-10-10 00:00:00+00:00
[2025-10-10T08:40:53.131+0000] {processor.py:208} INFO - Processing /home/airflow/.local/lib/python3.12/site-packages/airflow/example_dags/example_bash_operator.py took 0.228 seconds
[2025-10-10T08:41:23.613+0000] {processor.py:186} INFO - Started process (PID=507) to work on /home/airflow/.local/lib/python3.12/site-packages/airflow/example_dags/example_bash_operator.py
[2025-10-10T08:41:23.626+0000] {processor.py:914} INFO - Processing file /home/airflow/.local/lib/python3.12/site-packages/airflow/example_dags/example_bash_operator.py for tasks to queue
[2025-10-10T08:41:23.650+0000] {logging_mixin.py:190} INFO - [2025-10-10T08:41:23.648+0000] {dagbag.py:587} INFO - Filling up the DagBag from /home/airflow/.local/lib/python3.12/site-packages/airflow/example_dags/example_bash_operator.py
[2025-10-10T08:41:23.725+0000] {processor.py:925} INFO - DAG(s) 'example_bash_operator' retrieved from /home/airflow/.local/lib/python3.12/site-packages/airflow/example_dags/example_bash_operator.py
[2025-10-10T08:41:23.810+0000] {logging_mixin.py:190} INFO - [2025-10-10T08:41:23.810+0000] {dag.py:3211} INFO - Sync 1 DAGs
[2025-10-10T08:41:23.885+0000] {logging_mixin.py:190} INFO - [2025-10-10T08:41:23.885+0000] {dag.py:4138} INFO - Setting next_dagrun for example_bash_operator to 2025-10-09 00:00:00+00:00, run_after=2025-10-10 00:00:00+00:00
[2025-10-10T08:41:23.937+0000] {processor.py:208} INFO - Processing /home/airflow/.local/lib/python3.12/site-packages/airflow/example_dags/example_bash_operator.py took 0.375 seconds
[2025-10-10T08:41:54.239+0000] {processor.py:186} INFO - Started process (PID=570) to work on /home/airflow/.local/lib/python3.12/site-packages/airflow/example_dags/example_bash_operator.py
[2025-10-10T08:41:54.243+0000] {processor.py:914} INFO - Processing file /home/airflow/.local/lib/python3.12/site-packages/airflow/example_dags/example_bash_operator.py for tasks to queue
[2025-10-10T08:41:54.251+0000] {logging_mixin.py:190} INFO - [2025-10-10T08:41:54.250+0000] {dagbag.py:587} INFO - Filling up the DagBag from /home/airflow/.local/lib/python3.12/site-packages/airflow/example_dags/example_bash_operator.py
[2025-10-10T08:41:54.292+0000] {processor.py:925} INFO - DAG(s) 'example_bash_operator' retrieved from /home/airflow/.local/lib/python3.12/site-packages/airflow/example_dags/example_bash_operator.py
[2025-10-10T08:41:54.389+0000] {logging_mixin.py:190} INFO - [2025-10-10T08:41:54.389+0000] {dag.py:3211} INFO - Sync 1 DAGs
[2025-10-10T08:41:54.536+0000] {logging_mixin.py:190} INFO - [2025-10-10T08:41:54.535+0000] {dag.py:4138} INFO - Setting next_dagrun for example_bash_operator to 2025-10-09 00:00:00+00:00, run_after=2025-10-10 00:00:00+00:00
[2025-10-10T08:41:54.623+0000] {processor.py:208} INFO - Processing /home/airflow/.local/lib/python3.12/site-packages/airflow/example_dags/example_bash_operator.py took 0.401 seconds
[2025-10-10T08:42:24.958+0000] {processor.py:186} INFO - Started process (PID=633) to work on /home/airflow/.local/lib/python3.12/site-packages/airflow/example_dags/example_bash_operator.py
[2025-10-10T08:42:24.964+0000] {processor.py:914} INFO - Processing file /home/airflow/.local/lib/python3.12/site-packages/airflow/example_dags/example_bash_operator.py for tasks to queue
[2025-10-10T08:42:24.978+0000] {logging_mixin.py:190} INFO - [2025-10-10T08:42:24.977+0000] {dagbag.py:587} INFO - Filling up the DagBag from /home/airflow/.local/lib/python3.12/site-packages/airflow/example_dags/example_bash_operator.py
[2025-10-10T08:42:25.073+0000] {processor.py:925} INFO - DAG(s) 'example_bash_operator' retrieved from /home/airflow/.local/lib/python3.12/site-packages/airflow/example_dags/example_bash_operator.py
[2025-10-10T08:42:25.297+0000] {logging_mixin.py:190} INFO - [2025-10-10T08:42:25.297+0000] {dag.py:3211} INFO - Sync 1 DAGs
[2025-10-10T08:42:25.402+0000] {logging_mixin.py:190} INFO - [2025-10-10T08:42:25.402+0000] {dag.py:4138} INFO - Setting next_dagrun for example_bash_operator to 2025-10-09 00:00:00+00:00, run_after=2025-10-10 00:00:00+00:00
[2025-10-10T08:42:25.477+0000] {processor.py:208} INFO - Processing /home/airflow/.local/lib/python3.12/site-packages/airflow/example_dags/example_bash_operator.py took 0.552 seconds
[2025-10-10T08:42:56.327+0000] {processor.py:186} INFO - Started process (PID=696) to work on /home/airflow/.local/lib/python3.12/site-packages/airflow/example_dags/example_bash_operator.py
[2025-10-10T08:42:56.330+0000] {processor.py:914} INFO - Processing file /home/airflow/.local/lib/python3.12/site-packages/airflow/example_dags/example_bash_operator.py for tasks to queue
[2025-10-10T08:42:56.337+0000] {logging_mixin.py:190} INFO - [2025-10-10T08:42:56.336+0000] {dagbag.py:587} INFO - Filling up the DagBag from /home/airflow/.local/lib/python3.12/site-packages/airflow/example_dags/example_bash_operator.py
[2025-10-10T08:42:56.373+0000] {processor.py:925} INFO - DAG(s) 'example_bash_operator' retrieved from /home/airflow/.local/lib/python3.12/site-packages/airflow/example_dags/example_bash_operator.py
[2025-10-10T08:42:56.455+0000] {logging_mixin.py:190} INFO - [2025-10-10T08:42:56.454+0000] {dag.py:3211} INFO - Sync 1 DAGs
[2025-10-10T08:42:56.520+0000] {logging_mixin.py:190} INFO - [2025-10-10T08:42:56.520+0000] {dag.py:4138} INFO - Setting next_dagrun for example_bash_operator to 2025-10-09 00:00:00+00:00, run_after=2025-10-10 00:00:00+00:00
[2025-10-10T08:42:56.571+0000] {processor.py:208} INFO - Processing /home/airflow/.local/lib/python3.12/site-packages/airflow/example_dags/example_bash_operator.py took 0.259 seconds
[2025-10-10T08:43:27.266+0000] {processor.py:186} INFO - Started process (PID=759) to work on /home/airflow/.local/lib/python3.12/site-packages/airflow/example_dags/example_bash_operator.py
[2025-10-10T08:43:27.274+0000] {processor.py:914} INFO - Processing file /home/airflow/.local/lib/python3.12/site-packages/airflow/example_dags/example_bash_operator.py for tasks to queue
[2025-10-10T08:43:27.287+0000] {logging_mixin.py:190} INFO - [2025-10-10T08:43:27.285+0000] {dagbag.py:587} INFO - Filling up the DagBag from /home/airflow/.local/lib/python3.12/site-packages/airflow/example_dags/example_bash_operator.py
[2025-10-10T08:43:27.382+0000] {processor.py:925} INFO - DAG(s) 'example_bash_operator' retrieved from /home/airflow/.local/lib/python3.12/site-packages/airflow/example_dags/example_bash_operator.py
[2025-10-10T08:43:27.530+0000] {logging_mixin.py:190} INFO - [2025-10-10T08:43:27.530+0000] {dag.py:3211} INFO - Sync 1 DAGs
[2025-10-10T08:43:27.589+0000] {logging_mixin.py:190} INFO - [2025-10-10T08:43:27.588+0000] {dag.py:4138} INFO - Setting next_dagrun for example_bash_operator to 2025-10-09 00:00:00+00:00, run_after=2025-10-10 00:00:00+00:00
[2025-10-10T08:43:27.639+0000] {processor.py:208} INFO - Processing /home/airflow/.local/lib/python3.12/site-packages/airflow/example_dags/example_bash_operator.py took 0.423 seconds
[2025-10-10T08:43:58.386+0000] {processor.py:186} INFO - Started process (PID=822) to work on /home/airflow/.local/lib/python3.12/site-packages/airflow/example_dags/example_bash_operator.py
[2025-10-10T08:43:58.389+0000] {processor.py:914} INFO - Processing file /home/airflow/.local/lib/python3.12/site-packages/airflow/example_dags/example_bash_operator.py for tasks to queue
[2025-10-10T08:43:58.395+0000] {logging_mixin.py:190} INFO - [2025-10-10T08:43:58.394+0000] {dagbag.py:587} INFO - Filling up the DagBag from /home/airflow/.local/lib/python3.12/site-packages/airflow/example_dags/example_bash_operator.py
[2025-10-10T08:43:58.435+0000] {processor.py:925} INFO - DAG(s) 'example_bash_operator' retrieved from /home/airflow/.local/lib/python3.12/site-packages/airflow/example_dags/example_bash_operator.py
[2025-10-10T08:43:58.516+0000] {logging_mixin.py:190} INFO - [2025-10-10T08:43:58.515+0000] {dag.py:3211} INFO - Sync 1 DAGs
[2025-10-10T08:43:58.588+0000] {logging_mixin.py:190} INFO - [2025-10-10T08:43:58.588+0000] {dag.py:4138} INFO - Setting next_dagrun for example_bash_operator to 2025-10-09 00:00:00+00:00, run_after=2025-10-10 00:00:00+00:00
[2025-10-10T08:43:58.647+0000] {processor.py:208} INFO - Processing /home/airflow/.local/lib/python3.12/site-packages/airflow/example_dags/example_bash_operator.py took 0.276 seconds
[2025-10-10T08:44:29.279+0000] {processor.py:186} INFO - Started process (PID=884) to work on /home/airflow/.local/lib/python3.12/site-packages/airflow/example_dags/example_bash_operator.py
[2025-10-10T08:44:29.288+0000] {processor.py:914} INFO - Processing file /home/airflow/.local/lib/python3.12/site-packages/airflow/example_dags/example_bash_operator.py for tasks to queue
[2025-10-10T08:44:29.305+0000] {logging_mixin.py:190} INFO - [2025-10-10T08:44:29.303+0000] {dagbag.py:587} INFO - Filling up the DagBag from /home/airflow/.local/lib/python3.12/site-packages/airflow/example_dags/example_bash_operator.py
[2025-10-10T08:44:29.384+0000] {processor.py:925} INFO - DAG(s) 'example_bash_operator' retrieved from /home/airflow/.local/lib/python3.12/site-packages/airflow/example_dags/example_bash_operator.py
[2025-10-10T08:44:29.583+0000] {logging_mixin.py:190} INFO - [2025-10-10T08:44:29.582+0000] {dag.py:3211} INFO - Sync 1 DAGs
[2025-10-10T08:44:29.649+0000] {logging_mixin.py:190} INFO - [2025-10-10T08:44:29.649+0000] {dag.py:4138} INFO - Setting next_dagrun for example_bash_operator to 2025-10-09 00:00:00+00:00, run_after=2025-10-10 00:00:00+00:00
[2025-10-10T08:44:29.691+0000] {processor.py:208} INFO - Processing /home/airflow/.local/lib/python3.12/site-packages/airflow/example_dags/example_bash_operator.py took 0.459 seconds
[2025-10-10T08:44:59.918+0000] {processor.py:186} INFO - Started process (PID=947) to work on /home/airflow/.local/lib/python3.12/site-packages/airflow/example_dags/example_bash_operator.py
[2025-10-10T08:44:59.921+0000] {processor.py:914} INFO - Processing file /home/airflow/.local/lib/python3.12/site-packages/airflow/example_dags/example_bash_operator.py for tasks to queue
[2025-10-10T08:44:59.927+0000] {logging_mixin.py:190} INFO - [2025-10-10T08:44:59.927+0000] {dagbag.py:587} INFO - Filling up the DagBag from /home/airflow/.local/lib/python3.12/site-packages/airflow/example_dags/example_bash_operator.py
[2025-10-10T08:44:59.978+0000] {processor.py:925} INFO - DAG(s) 'example_bash_operator' retrieved from /home/airflow/.local/lib/python3.12/site-packages/airflow/example_dags/example_bash_operator.py
[2025-10-10T08:45:00.054+0000] {logging_mixin.py:190} INFO - [2025-10-10T08:45:00.053+0000] {dag.py:3211} INFO - Sync 1 DAGs
[2025-10-10T08:45:00.125+0000] {logging_mixin.py:190} INFO - [2025-10-10T08:45:00.124+0000] {dag.py:4138} INFO - Setting next_dagrun for example_bash_operator to 2025-10-09 00:00:00+00:00, run_after=2025-10-10 00:00:00+00:00
[2025-10-10T08:45:00.173+0000] {processor.py:208} INFO - Processing /home/airflow/.local/lib/python3.12/site-packages/airflow/example_dags/example_bash_operator.py took 0.270 seconds
[2025-10-10T08:45:30.952+0000] {processor.py:186} INFO - Started process (PID=1010) to work on /home/airflow/.local/lib/python3.12/site-packages/airflow/example_dags/example_bash_operator.py
[2025-10-10T08:45:30.955+0000] {processor.py:914} INFO - Processing file /home/airflow/.local/lib/python3.12/site-packages/airflow/example_dags/example_bash_operator.py for tasks to queue
[2025-10-10T08:45:30.963+0000] {logging_mixin.py:190} INFO - [2025-10-10T08:45:30.962+0000] {dagbag.py:587} INFO - Filling up the DagBag from /home/airflow/.local/lib/python3.12/site-packages/airflow/example_dags/example_bash_operator.py
[2025-10-10T08:45:31.008+0000] {processor.py:925} INFO - DAG(s) 'example_bash_operator' retrieved from /home/airflow/.local/lib/python3.12/site-packages/airflow/example_dags/example_bash_operator.py
[2025-10-10T08:45:31.163+0000] {logging_mixin.py:190} INFO - [2025-10-10T08:45:31.162+0000] {dag.py:3211} INFO - Sync 1 DAGs
[2025-10-10T08:45:31.294+0000] {logging_mixin.py:190} INFO - [2025-10-10T08:45:31.294+0000] {dag.py:4138} INFO - Setting next_dagrun for example_bash_operator to 2025-10-09 00:00:00+00:00, run_after=2025-10-10 00:00:00+00:00
[2025-10-10T08:45:31.577+0000] {processor.py:208} INFO - Processing /home/airflow/.local/lib/python3.12/site-packages/airflow/example_dags/example_bash_operator.py took 0.645 seconds
[2025-10-10T08:46:01.774+0000] {processor.py:186} INFO - Started process (PID=1074) to work on /home/airflow/.local/lib/python3.12/site-packages/airflow/example_dags/example_bash_operator.py
[2025-10-10T08:46:01.776+0000] {processor.py:914} INFO - Processing file /home/airflow/.local/lib/python3.12/site-packages/airflow/example_dags/example_bash_operator.py for tasks to queue
[2025-10-10T08:46:01.781+0000] {logging_mixin.py:190} INFO - [2025-10-10T08:46:01.780+0000] {dagbag.py:587} INFO - Filling up the DagBag from /home/airflow/.local/lib/python3.12/site-packages/airflow/example_dags/example_bash_operator.py
[2025-10-10T08:46:01.812+0000] {processor.py:925} INFO - DAG(s) 'example_bash_operator' retrieved from /home/airflow/.local/lib/python3.12/site-packages/airflow/example_dags/example_bash_operator.py
[2025-10-10T08:46:01.880+0000] {logging_mixin.py:190} INFO - [2025-10-10T08:46:01.879+0000] {dag.py:3211} INFO - Sync 1 DAGs
[2025-10-10T08:46:01.930+0000] {logging_mixin.py:190} INFO - [2025-10-10T08:46:01.930+0000] {dag.py:4138} INFO - Setting next_dagrun for example_bash_operator to 2025-10-09 00:00:00+00:00, run_after=2025-10-10 00:00:00+00:00
[2025-10-10T08:46:01.970+0000] {processor.py:208} INFO - Processing /home/airflow/.local/lib/python3.12/site-packages/airflow/example_dags/example_bash_operator.py took 0.210 seconds
[2025-10-10T08:46:32.784+0000] {processor.py:186} INFO - Started process (PID=1136) to work on /home/airflow/.local/lib/python3.12/site-packages/airflow/example_dags/example_bash_operator.py
[2025-10-10T08:46:32.792+0000] {processor.py:914} INFO - Processing file /home/airflow/.local/lib/python3.12/site-packages/airflow/example_dags/example_bash_operator.py for tasks to queue
[2025-10-10T08:46:32.813+0000] {logging_mixin.py:190} INFO - [2025-10-10T08:46:32.810+0000] {dagbag.py:587} INFO - Filling up the DagBag from /home/airflow/.local/lib/python3.12/site-packages/airflow/example_dags/example_bash_operator.py
[2025-10-10T08:46:32.897+0000] {processor.py:925} INFO - DAG(s) 'example_bash_operator' retrieved from /home/airflow/.local/lib/python3.12/site-packages/airflow/example_dags/example_bash_operator.py
[2025-10-10T08:46:33.041+0000] {logging_mixin.py:190} INFO - [2025-10-10T08:46:33.040+0000] {dag.py:3211} INFO - Sync 1 DAGs
[2025-10-10T08:46:33.134+0000] {logging_mixin.py:190} INFO - [2025-10-10T08:46:33.134+0000] {dag.py:4138} INFO - Setting next_dagrun for example_bash_operator to 2025-10-09 00:00:00+00:00, run_after=2025-10-10 00:00:00+00:00
[2025-10-10T08:46:33.220+0000] {processor.py:208} INFO - Processing /home/airflow/.local/lib/python3.12/site-packages/airflow/example_dags/example_bash_operator.py took 0.471 seconds
[2025-10-10T08:47:04.165+0000] {processor.py:186} INFO - Started process (PID=1199) to work on /home/airflow/.local/lib/python3.12/site-packages/airflow/example_dags/example_bash_operator.py
[2025-10-10T08:47:04.168+0000] {processor.py:914} INFO - Processing file /home/airflow/.local/lib/python3.12/site-packages/airflow/example_dags/example_bash_operator.py for tasks to queue
[2025-10-10T08:47:04.173+0000] {logging_mixin.py:190} INFO - [2025-10-10T08:47:04.173+0000] {dagbag.py:587} INFO - Filling up the DagBag from /home/airflow/.local/lib/python3.12/site-packages/airflow/example_dags/example_bash_operator.py
[2025-10-10T08:47:04.205+0000] {processor.py:925} INFO - DAG(s) 'example_bash_operator' retrieved from /home/airflow/.local/lib/python3.12/site-packages/airflow/example_dags/example_bash_operator.py
[2025-10-10T08:47:04.264+0000] {logging_mixin.py:190} INFO - [2025-10-10T08:47:04.264+0000] {dag.py:3211} INFO - Sync 1 DAGs
[2025-10-10T08:47:04.313+0000] {logging_mixin.py:190} INFO - [2025-10-10T08:47:04.312+0000] {dag.py:4138} INFO - Setting next_dagrun for example_bash_operator to 2025-10-09 00:00:00+00:00, run_after=2025-10-10 00:00:00+00:00
[2025-10-10T08:47:04.359+0000] {processor.py:208} INFO - Processing /home/airflow/.local/lib/python3.12/site-packages/airflow/example_dags/example_bash_operator.py took 0.212 seconds
[2025-10-10T08:47:35.047+0000] {processor.py:186} INFO - Started process (PID=1262) to work on /home/airflow/.local/lib/python3.12/site-packages/airflow/example_dags/example_bash_operator.py
[2025-10-10T08:47:35.050+0000] {processor.py:914} INFO - Processing file /home/airflow/.local/lib/python3.12/site-packages/airflow/example_dags/example_bash_operator.py for tasks to queue
[2025-10-10T08:47:35.057+0000] {logging_mixin.py:190} INFO - [2025-10-10T08:47:35.055+0000] {dagbag.py:587} INFO - Filling up the DagBag from /home/airflow/.local/lib/python3.12/site-packages/airflow/example_dags/example_bash_operator.py
[2025-10-10T08:47:35.092+0000] {processor.py:925} INFO - DAG(s) 'example_bash_operator' retrieved from /home/airflow/.local/lib/python3.12/site-packages/airflow/example_dags/example_bash_operator.py
[2025-10-10T08:47:35.166+0000] {logging_mixin.py:190} INFO - [2025-10-10T08:47:35.165+0000] {dag.py:3211} INFO - Sync 1 DAGs
[2025-10-10T08:47:35.233+0000] {logging_mixin.py:190} INFO - [2025-10-10T08:47:35.233+0000] {dag.py:4138} INFO - Setting next_dagrun for example_bash_operator to 2025-10-09 00:00:00+00:00, run_after=2025-10-10 00:00:00+00:00
[2025-10-10T08:47:35.304+0000] {processor.py:208} INFO - Processing /home/airflow/.local/lib/python3.12/site-packages/airflow/example_dags/example_bash_operator.py took 0.277 seconds
[2025-10-10T08:48:05.478+0000] {processor.py:186} INFO - Started process (PID=1325) to work on /home/airflow/.local/lib/python3.12/site-packages/airflow/example_dags/example_bash_operator.py
[2025-10-10T08:48:05.480+0000] {processor.py:914} INFO - Processing file /home/airflow/.local/lib/python3.12/site-packages/airflow/example_dags/example_bash_operator.py for tasks to queue
[2025-10-10T08:48:05.487+0000] {logging_mixin.py:190} INFO - [2025-10-10T08:48:05.486+0000] {dagbag.py:587} INFO - Filling up the DagBag from /home/airflow/.local/lib/python3.12/site-packages/airflow/example_dags/example_bash_operator.py
[2025-10-10T08:48:05.524+0000] {processor.py:925} INFO - DAG(s) 'example_bash_operator' retrieved from /home/airflow/.local/lib/python3.12/site-packages/airflow/example_dags/example_bash_operator.py
[2025-10-10T08:48:05.574+0000] {logging_mixin.py:190} INFO - [2025-10-10T08:48:05.574+0000] {dag.py:3211} INFO - Sync 1 DAGs
[2025-10-10T08:48:05.633+0000] {logging_mixin.py:190} INFO - [2025-10-10T08:48:05.632+0000] {dag.py:4138} INFO - Setting next_dagrun for example_bash_operator to 2025-10-09 00:00:00+00:00, run_after=2025-10-10 00:00:00+00:00
[2025-10-10T08:48:05.676+0000] {processor.py:208} INFO - Processing /home/airflow/.local/lib/python3.12/site-packages/airflow/example_dags/example_bash_operator.py took 0.212 seconds
[2025-10-10T08:48:36.022+0000] {processor.py:186} INFO - Started process (PID=1388) to work on /home/airflow/.local/lib/python3.12/site-packages/airflow/example_dags/example_bash_operator.py
[2025-10-10T08:48:36.026+0000] {processor.py:914} INFO - Processing file /home/airflow/.local/lib/python3.12/site-packages/airflow/example_dags/example_bash_operator.py for tasks to queue
[2025-10-10T08:48:36.034+0000] {logging_mixin.py:190} INFO - [2025-10-10T08:48:36.033+0000] {dagbag.py:587} INFO - Filling up the DagBag from /home/airflow/.local/lib/python3.12/site-packages/airflow/example_dags/example_bash_operator.py
[2025-10-10T08:48:36.067+0000] {processor.py:925} INFO - DAG(s) 'example_bash_operator' retrieved from /home/airflow/.local/lib/python3.12/site-packages/airflow/example_dags/example_bash_operator.py
[2025-10-10T08:48:36.137+0000] {logging_mixin.py:190} INFO - [2025-10-10T08:48:36.137+0000] {dag.py:3211} INFO - Sync 1 DAGs
[2025-10-10T08:48:36.182+0000] {logging_mixin.py:190} INFO - [2025-10-10T08:48:36.182+0000] {dag.py:4138} INFO - Setting next_dagrun for example_bash_operator to 2025-10-09 00:00:00+00:00, run_after=2025-10-10 00:00:00+00:00
[2025-10-10T08:48:36.220+0000] {processor.py:208} INFO - Processing /home/airflow/.local/lib/python3.12/site-packages/airflow/example_dags/example_bash_operator.py took 0.214 seconds
[2025-10-10T08:49:06.880+0000] {processor.py:186} INFO - Started process (PID=1451) to work on /home/airflow/.local/lib/python3.12/site-packages/airflow/example_dags/example_bash_operator.py
[2025-10-10T08:49:06.889+0000] {processor.py:914} INFO - Processing file /home/airflow/.local/lib/python3.12/site-packages/airflow/example_dags/example_bash_operator.py for tasks to queue
[2025-10-10T08:49:06.911+0000] {logging_mixin.py:190} INFO - [2025-10-10T08:49:06.909+0000] {dagbag.py:587} INFO - Filling up the DagBag from /home/airflow/.local/lib/python3.12/site-packages/airflow/example_dags/example_bash_operator.py
[2025-10-10T08:49:06.983+0000] {processor.py:925} INFO - DAG(s) 'example_bash_operator' retrieved from /home/airflow/.local/lib/python3.12/site-packages/airflow/example_dags/example_bash_operator.py
[2025-10-10T08:49:07.049+0000] {logging_mixin.py:190} INFO - [2025-10-10T08:49:07.048+0000] {dag.py:3211} INFO - Sync 1 DAGs
[2025-10-10T08:49:07.109+0000] {logging_mixin.py:190} INFO - [2025-10-10T08:49:07.109+0000] {dag.py:4138} INFO - Setting next_dagrun for example_bash_operator to 2025-10-09 00:00:00+00:00, run_after=2025-10-10 00:00:00+00:00
[2025-10-10T08:49:07.319+0000] {processor.py:208} INFO - Processing /home/airflow/.local/lib/python3.12/site-packages/airflow/example_dags/example_bash_operator.py took 0.488 seconds
[2025-10-10T08:53:42.799+0000] {processor.py:186} INFO - Started process (PID=69) to work on /home/airflow/.local/lib/python3.12/site-packages/airflow/example_dags/example_bash_operator.py
[2025-10-10T08:53:42.805+0000] {processor.py:914} INFO - Processing file /home/airflow/.local/lib/python3.12/site-packages/airflow/example_dags/example_bash_operator.py for tasks to queue
[2025-10-10T08:53:42.810+0000] {logging_mixin.py:190} INFO - [2025-10-10T08:53:42.809+0000] {dagbag.py:587} INFO - Filling up the DagBag from /home/airflow/.local/lib/python3.12/site-packages/airflow/example_dags/example_bash_operator.py
[2025-10-10T08:53:42.875+0000] {processor.py:925} INFO - DAG(s) 'example_bash_operator' retrieved from /home/airflow/.local/lib/python3.12/site-packages/airflow/example_dags/example_bash_operator.py
[2025-10-10T08:53:42.997+0000] {logging_mixin.py:190} INFO - [2025-10-10T08:53:42.996+0000] {dag.py:3211} INFO - Sync 1 DAGs
[2025-10-10T08:53:43.092+0000] {logging_mixin.py:190} INFO - [2025-10-10T08:53:43.092+0000] {dag.py:4138} INFO - Setting next_dagrun for example_bash_operator to 2025-10-09 00:00:00+00:00, run_after=2025-10-10 00:00:00+00:00
[2025-10-10T08:53:43.152+0000] {processor.py:208} INFO - Processing /home/airflow/.local/lib/python3.12/site-packages/airflow/example_dags/example_bash_operator.py took 0.381 seconds
[2025-10-10T08:54:13.666+0000] {processor.py:186} INFO - Started process (PID=132) to work on /home/airflow/.local/lib/python3.12/site-packages/airflow/example_dags/example_bash_operator.py
[2025-10-10T08:54:13.670+0000] {processor.py:914} INFO - Processing file /home/airflow/.local/lib/python3.12/site-packages/airflow/example_dags/example_bash_operator.py for tasks to queue
[2025-10-10T08:54:13.677+0000] {logging_mixin.py:190} INFO - [2025-10-10T08:54:13.676+0000] {dagbag.py:587} INFO - Filling up the DagBag from /home/airflow/.local/lib/python3.12/site-packages/airflow/example_dags/example_bash_operator.py
[2025-10-10T08:54:13.735+0000] {processor.py:925} INFO - DAG(s) 'example_bash_operator' retrieved from /home/airflow/.local/lib/python3.12/site-packages/airflow/example_dags/example_bash_operator.py
[2025-10-10T08:54:13.850+0000] {logging_mixin.py:190} INFO - [2025-10-10T08:54:13.849+0000] {dag.py:3211} INFO - Sync 1 DAGs
[2025-10-10T08:54:13.924+0000] {logging_mixin.py:190} INFO - [2025-10-10T08:54:13.923+0000] {dag.py:4138} INFO - Setting next_dagrun for example_bash_operator to 2025-10-09 00:00:00+00:00, run_after=2025-10-10 00:00:00+00:00
[2025-10-10T08:54:13.981+0000] {processor.py:208} INFO - Processing /home/airflow/.local/lib/python3.12/site-packages/airflow/example_dags/example_bash_operator.py took 0.338 seconds
[2025-10-10T08:54:44.942+0000] {processor.py:186} INFO - Started process (PID=196) to work on /home/airflow/.local/lib/python3.12/site-packages/airflow/example_dags/example_bash_operator.py
[2025-10-10T08:54:44.948+0000] {processor.py:914} INFO - Processing file /home/airflow/.local/lib/python3.12/site-packages/airflow/example_dags/example_bash_operator.py for tasks to queue
[2025-10-10T08:54:44.978+0000] {logging_mixin.py:190} INFO - [2025-10-10T08:54:44.971+0000] {dagbag.py:587} INFO - Filling up the DagBag from /home/airflow/.local/lib/python3.12/site-packages/airflow/example_dags/example_bash_operator.py
[2025-10-10T08:54:45.212+0000] {processor.py:925} INFO - DAG(s) 'example_bash_operator' retrieved from /home/airflow/.local/lib/python3.12/site-packages/airflow/example_dags/example_bash_operator.py
[2025-10-10T08:54:45.509+0000] {logging_mixin.py:190} INFO - [2025-10-10T08:54:45.508+0000] {dag.py:3211} INFO - Sync 1 DAGs
[2025-10-10T08:54:45.694+0000] {logging_mixin.py:190} INFO - [2025-10-10T08:54:45.693+0000] {dag.py:4138} INFO - Setting next_dagrun for example_bash_operator to 2025-10-09 00:00:00+00:00, run_after=2025-10-10 00:00:00+00:00
[2025-10-10T08:54:45.786+0000] {processor.py:208} INFO - Processing /home/airflow/.local/lib/python3.12/site-packages/airflow/example_dags/example_bash_operator.py took 0.927 seconds
[2025-10-10T08:57:53.426+0000] {processor.py:186} INFO - Started process (PID=70) to work on /home/airflow/.local/lib/python3.12/site-packages/airflow/example_dags/example_bash_operator.py
[2025-10-10T08:57:53.430+0000] {processor.py:914} INFO - Processing file /home/airflow/.local/lib/python3.12/site-packages/airflow/example_dags/example_bash_operator.py for tasks to queue
[2025-10-10T08:57:53.440+0000] {logging_mixin.py:190} INFO - [2025-10-10T08:57:53.439+0000] {dagbag.py:587} INFO - Filling up the DagBag from /home/airflow/.local/lib/python3.12/site-packages/airflow/example_dags/example_bash_operator.py
[2025-10-10T08:57:53.501+0000] {processor.py:925} INFO - DAG(s) 'example_bash_operator' retrieved from /home/airflow/.local/lib/python3.12/site-packages/airflow/example_dags/example_bash_operator.py
[2025-10-10T08:57:53.824+0000] {logging_mixin.py:190} INFO - [2025-10-10T08:57:53.823+0000] {dag.py:3211} INFO - Sync 1 DAGs
[2025-10-10T08:57:54.215+0000] {logging_mixin.py:190} INFO - [2025-10-10T08:57:54.214+0000] {dag.py:4138} INFO - Setting next_dagrun for example_bash_operator to 2025-10-09 00:00:00+00:00, run_after=2025-10-10 00:00:00+00:00
[2025-10-10T08:57:54.446+0000] {processor.py:208} INFO - Processing /home/airflow/.local/lib/python3.12/site-packages/airflow/example_dags/example_bash_operator.py took 1.044 seconds
[2025-10-10T08:58:24.800+0000] {processor.py:186} INFO - Started process (PID=133) to work on /home/airflow/.local/lib/python3.12/site-packages/airflow/example_dags/example_bash_operator.py
[2025-10-10T08:58:24.803+0000] {processor.py:914} INFO - Processing file /home/airflow/.local/lib/python3.12/site-packages/airflow/example_dags/example_bash_operator.py for tasks to queue
[2025-10-10T08:58:24.816+0000] {logging_mixin.py:190} INFO - [2025-10-10T08:58:24.814+0000] {dagbag.py:587} INFO - Filling up the DagBag from /home/airflow/.local/lib/python3.12/site-packages/airflow/example_dags/example_bash_operator.py
[2025-10-10T08:58:24.877+0000] {processor.py:925} INFO - DAG(s) 'example_bash_operator' retrieved from /home/airflow/.local/lib/python3.12/site-packages/airflow/example_dags/example_bash_operator.py
[2025-10-10T08:58:24.973+0000] {logging_mixin.py:190} INFO - [2025-10-10T08:58:24.973+0000] {dag.py:3211} INFO - Sync 1 DAGs
[2025-10-10T08:58:25.148+0000] {logging_mixin.py:190} INFO - [2025-10-10T08:58:25.147+0000] {dag.py:4138} INFO - Setting next_dagrun for example_bash_operator to 2025-10-09 00:00:00+00:00, run_after=2025-10-10 00:00:00+00:00
[2025-10-10T08:58:25.245+0000] {processor.py:208} INFO - Processing /home/airflow/.local/lib/python3.12/site-packages/airflow/example_dags/example_bash_operator.py took 0.488 seconds
[2025-10-10T09:01:19.884+0000] {processor.py:186} INFO - Started process (PID=69) to work on /home/airflow/.local/lib/python3.12/site-packages/airflow/example_dags/example_bash_operator.py
[2025-10-10T09:01:19.892+0000] {processor.py:914} INFO - Processing file /home/airflow/.local/lib/python3.12/site-packages/airflow/example_dags/example_bash_operator.py for tasks to queue
[2025-10-10T09:01:19.903+0000] {logging_mixin.py:190} INFO - [2025-10-10T09:01:19.902+0000] {dagbag.py:587} INFO - Filling up the DagBag from /home/airflow/.local/lib/python3.12/site-packages/airflow/example_dags/example_bash_operator.py
[2025-10-10T09:01:19.975+0000] {processor.py:925} INFO - DAG(s) 'example_bash_operator' retrieved from /home/airflow/.local/lib/python3.12/site-packages/airflow/example_dags/example_bash_operator.py
[2025-10-10T09:01:20.114+0000] {logging_mixin.py:190} INFO - [2025-10-10T09:01:20.114+0000] {dag.py:3211} INFO - Sync 1 DAGs
[2025-10-10T09:01:20.210+0000] {logging_mixin.py:190} INFO - [2025-10-10T09:01:20.209+0000] {dag.py:4138} INFO - Setting next_dagrun for example_bash_operator to 2025-10-09 00:00:00+00:00, run_after=2025-10-10 00:00:00+00:00
[2025-10-10T09:01:20.270+0000] {processor.py:208} INFO - Processing /home/airflow/.local/lib/python3.12/site-packages/airflow/example_dags/example_bash_operator.py took 0.418 seconds
[2025-10-10T09:01:50.801+0000] {processor.py:186} INFO - Started process (PID=132) to work on /home/airflow/.local/lib/python3.12/site-packages/airflow/example_dags/example_bash_operator.py
[2025-10-10T09:01:50.804+0000] {processor.py:914} INFO - Processing file /home/airflow/.local/lib/python3.12/site-packages/airflow/example_dags/example_bash_operator.py for tasks to queue
[2025-10-10T09:01:50.816+0000] {logging_mixin.py:190} INFO - [2025-10-10T09:01:50.814+0000] {dagbag.py:587} INFO - Filling up the DagBag from /home/airflow/.local/lib/python3.12/site-packages/airflow/example_dags/example_bash_operator.py
[2025-10-10T09:01:50.899+0000] {processor.py:925} INFO - DAG(s) 'example_bash_operator' retrieved from /home/airflow/.local/lib/python3.12/site-packages/airflow/example_dags/example_bash_operator.py
[2025-10-10T09:01:51.035+0000] {logging_mixin.py:190} INFO - [2025-10-10T09:01:51.034+0000] {dag.py:3211} INFO - Sync 1 DAGs
[2025-10-10T09:01:51.265+0000] {logging_mixin.py:190} INFO - [2025-10-10T09:01:51.264+0000] {dag.py:4138} INFO - Setting next_dagrun for example_bash_operator to 2025-10-09 00:00:00+00:00, run_after=2025-10-10 00:00:00+00:00
[2025-10-10T09:01:51.328+0000] {processor.py:208} INFO - Processing /home/airflow/.local/lib/python3.12/site-packages/airflow/example_dags/example_bash_operator.py took 0.557 seconds
[2025-10-10T09:02:21.824+0000] {processor.py:186} INFO - Started process (PID=195) to work on /home/airflow/.local/lib/python3.12/site-packages/airflow/example_dags/example_bash_operator.py
[2025-10-10T09:02:21.828+0000] {processor.py:914} INFO - Processing file /home/airflow/.local/lib/python3.12/site-packages/airflow/example_dags/example_bash_operator.py for tasks to queue
[2025-10-10T09:02:21.842+0000] {logging_mixin.py:190} INFO - [2025-10-10T09:02:21.841+0000] {dagbag.py:587} INFO - Filling up the DagBag from /home/airflow/.local/lib/python3.12/site-packages/airflow/example_dags/example_bash_operator.py
[2025-10-10T09:02:21.900+0000] {processor.py:925} INFO - DAG(s) 'example_bash_operator' retrieved from /home/airflow/.local/lib/python3.12/site-packages/airflow/example_dags/example_bash_operator.py
[2025-10-10T09:02:22.026+0000] {logging_mixin.py:190} INFO - [2025-10-10T09:02:22.024+0000] {dag.py:3211} INFO - Sync 1 DAGs
[2025-10-10T09:02:22.140+0000] {logging_mixin.py:190} INFO - [2025-10-10T09:02:22.139+0000] {dag.py:4138} INFO - Setting next_dagrun for example_bash_operator to 2025-10-09 00:00:00+00:00, run_after=2025-10-10 00:00:00+00:00
[2025-10-10T09:02:22.192+0000] {processor.py:208} INFO - Processing /home/airflow/.local/lib/python3.12/site-packages/airflow/example_dags/example_bash_operator.py took 0.394 seconds
[2025-10-10T09:02:52.517+0000] {processor.py:186} INFO - Started process (PID=259) to work on /home/airflow/.local/lib/python3.12/site-packages/airflow/example_dags/example_bash_operator.py
[2025-10-10T09:02:52.521+0000] {processor.py:914} INFO - Processing file /home/airflow/.local/lib/python3.12/site-packages/airflow/example_dags/example_bash_operator.py for tasks to queue
[2025-10-10T09:02:52.527+0000] {logging_mixin.py:190} INFO - [2025-10-10T09:02:52.526+0000] {dagbag.py:587} INFO - Filling up the DagBag from /home/airflow/.local/lib/python3.12/site-packages/airflow/example_dags/example_bash_operator.py
[2025-10-10T09:02:52.564+0000] {processor.py:925} INFO - DAG(s) 'example_bash_operator' retrieved from /home/airflow/.local/lib/python3.12/site-packages/airflow/example_dags/example_bash_operator.py
[2025-10-10T09:02:52.720+0000] {logging_mixin.py:190} INFO - [2025-10-10T09:02:52.719+0000] {dag.py:3211} INFO - Sync 1 DAGs
[2025-10-10T09:02:52.872+0000] {logging_mixin.py:190} INFO - [2025-10-10T09:02:52.871+0000] {dag.py:4138} INFO - Setting next_dagrun for example_bash_operator to 2025-10-09 00:00:00+00:00, run_after=2025-10-10 00:00:00+00:00
[2025-10-10T09:02:52.982+0000] {processor.py:208} INFO - Processing /home/airflow/.local/lib/python3.12/site-packages/airflow/example_dags/example_bash_operator.py took 0.480 seconds
[2025-10-10T09:03:23.626+0000] {processor.py:186} INFO - Started process (PID=323) to work on /home/airflow/.local/lib/python3.12/site-packages/airflow/example_dags/example_bash_operator.py
[2025-10-10T09:03:23.630+0000] {processor.py:914} INFO - Processing file /home/airflow/.local/lib/python3.12/site-packages/airflow/example_dags/example_bash_operator.py for tasks to queue
[2025-10-10T09:03:23.638+0000] {logging_mixin.py:190} INFO - [2025-10-10T09:03:23.637+0000] {dagbag.py:587} INFO - Filling up the DagBag from /home/airflow/.local/lib/python3.12/site-packages/airflow/example_dags/example_bash_operator.py
[2025-10-10T09:03:23.680+0000] {processor.py:925} INFO - DAG(s) 'example_bash_operator' retrieved from /home/airflow/.local/lib/python3.12/site-packages/airflow/example_dags/example_bash_operator.py
[2025-10-10T09:03:23.768+0000] {logging_mixin.py:190} INFO - [2025-10-10T09:03:23.767+0000] {dag.py:3211} INFO - Sync 1 DAGs
[2025-10-10T09:03:23.843+0000] {logging_mixin.py:190} INFO - [2025-10-10T09:03:23.843+0000] {dag.py:4138} INFO - Setting next_dagrun for example_bash_operator to 2025-10-09 00:00:00+00:00, run_after=2025-10-10 00:00:00+00:00
[2025-10-10T09:03:23.904+0000] {processor.py:208} INFO - Processing /home/airflow/.local/lib/python3.12/site-packages/airflow/example_dags/example_bash_operator.py took 0.295 seconds
[2025-10-10T09:03:54.333+0000] {processor.py:186} INFO - Started process (PID=386) to work on /home/airflow/.local/lib/python3.12/site-packages/airflow/example_dags/example_bash_operator.py
[2025-10-10T09:03:54.339+0000] {processor.py:914} INFO - Processing file /home/airflow/.local/lib/python3.12/site-packages/airflow/example_dags/example_bash_operator.py for tasks to queue
[2025-10-10T09:03:54.354+0000] {logging_mixin.py:190} INFO - [2025-10-10T09:03:54.352+0000] {dagbag.py:587} INFO - Filling up the DagBag from /home/airflow/.local/lib/python3.12/site-packages/airflow/example_dags/example_bash_operator.py
[2025-10-10T09:03:54.474+0000] {processor.py:925} INFO - DAG(s) 'example_bash_operator' retrieved from /home/airflow/.local/lib/python3.12/site-packages/airflow/example_dags/example_bash_operator.py
[2025-10-10T09:03:54.620+0000] {logging_mixin.py:190} INFO - [2025-10-10T09:03:54.619+0000] {dag.py:3211} INFO - Sync 1 DAGs
[2025-10-10T09:03:54.691+0000] {logging_mixin.py:190} INFO - [2025-10-10T09:03:54.690+0000] {dag.py:4138} INFO - Setting next_dagrun for example_bash_operator to 2025-10-09 00:00:00+00:00, run_after=2025-10-10 00:00:00+00:00
[2025-10-10T09:03:54.796+0000] {processor.py:208} INFO - Processing /home/airflow/.local/lib/python3.12/site-packages/airflow/example_dags/example_bash_operator.py took 0.499 seconds
[2025-10-10T09:04:25.556+0000] {processor.py:186} INFO - Started process (PID=449) to work on /home/airflow/.local/lib/python3.12/site-packages/airflow/example_dags/example_bash_operator.py
[2025-10-10T09:04:25.559+0000] {processor.py:914} INFO - Processing file /home/airflow/.local/lib/python3.12/site-packages/airflow/example_dags/example_bash_operator.py for tasks to queue
[2025-10-10T09:04:25.565+0000] {logging_mixin.py:190} INFO - [2025-10-10T09:04:25.565+0000] {dagbag.py:587} INFO - Filling up the DagBag from /home/airflow/.local/lib/python3.12/site-packages/airflow/example_dags/example_bash_operator.py
[2025-10-10T09:04:25.640+0000] {processor.py:925} INFO - DAG(s) 'example_bash_operator' retrieved from /home/airflow/.local/lib/python3.12/site-packages/airflow/example_dags/example_bash_operator.py
[2025-10-10T09:04:25.828+0000] {logging_mixin.py:190} INFO - [2025-10-10T09:04:25.828+0000] {dag.py:3211} INFO - Sync 1 DAGs
[2025-10-10T09:04:26.002+0000] {logging_mixin.py:190} INFO - [2025-10-10T09:04:26.001+0000] {dag.py:4138} INFO - Setting next_dagrun for example_bash_operator to 2025-10-09 00:00:00+00:00, run_after=2025-10-10 00:00:00+00:00
[2025-10-10T09:04:26.119+0000] {processor.py:208} INFO - Processing /home/airflow/.local/lib/python3.12/site-packages/airflow/example_dags/example_bash_operator.py took 0.576 seconds
[2025-10-10T09:04:56.837+0000] {processor.py:186} INFO - Started process (PID=512) to work on /home/airflow/.local/lib/python3.12/site-packages/airflow/example_dags/example_bash_operator.py
[2025-10-10T09:04:56.839+0000] {processor.py:914} INFO - Processing file /home/airflow/.local/lib/python3.12/site-packages/airflow/example_dags/example_bash_operator.py for tasks to queue
[2025-10-10T09:04:56.844+0000] {logging_mixin.py:190} INFO - [2025-10-10T09:04:56.843+0000] {dagbag.py:587} INFO - Filling up the DagBag from /home/airflow/.local/lib/python3.12/site-packages/airflow/example_dags/example_bash_operator.py
[2025-10-10T09:04:56.874+0000] {processor.py:925} INFO - DAG(s) 'example_bash_operator' retrieved from /home/airflow/.local/lib/python3.12/site-packages/airflow/example_dags/example_bash_operator.py
[2025-10-10T09:04:56.923+0000] {logging_mixin.py:190} INFO - [2025-10-10T09:04:56.922+0000] {dag.py:3211} INFO - Sync 1 DAGs
[2025-10-10T09:04:56.966+0000] {logging_mixin.py:190} INFO - [2025-10-10T09:04:56.965+0000] {dag.py:4138} INFO - Setting next_dagrun for example_bash_operator to 2025-10-09 00:00:00+00:00, run_after=2025-10-10 00:00:00+00:00
[2025-10-10T09:04:57.005+0000] {processor.py:208} INFO - Processing /home/airflow/.local/lib/python3.12/site-packages/airflow/example_dags/example_bash_operator.py took 0.179 seconds
[2025-10-10T09:05:27.380+0000] {processor.py:186} INFO - Started process (PID=575) to work on /home/airflow/.local/lib/python3.12/site-packages/airflow/example_dags/example_bash_operator.py
[2025-10-10T09:05:27.387+0000] {processor.py:914} INFO - Processing file /home/airflow/.local/lib/python3.12/site-packages/airflow/example_dags/example_bash_operator.py for tasks to queue
[2025-10-10T09:05:27.405+0000] {logging_mixin.py:190} INFO - [2025-10-10T09:05:27.402+0000] {dagbag.py:587} INFO - Filling up the DagBag from /home/airflow/.local/lib/python3.12/site-packages/airflow/example_dags/example_bash_operator.py
[2025-10-10T09:05:27.488+0000] {processor.py:925} INFO - DAG(s) 'example_bash_operator' retrieved from /home/airflow/.local/lib/python3.12/site-packages/airflow/example_dags/example_bash_operator.py
[2025-10-10T09:05:27.663+0000] {logging_mixin.py:190} INFO - [2025-10-10T09:05:27.662+0000] {dag.py:3211} INFO - Sync 1 DAGs
[2025-10-10T09:05:27.731+0000] {logging_mixin.py:190} INFO - [2025-10-10T09:05:27.730+0000] {dag.py:4138} INFO - Setting next_dagrun for example_bash_operator to 2025-10-09 00:00:00+00:00, run_after=2025-10-10 00:00:00+00:00
[2025-10-10T09:05:27.788+0000] {processor.py:208} INFO - Processing /home/airflow/.local/lib/python3.12/site-packages/airflow/example_dags/example_bash_operator.py took 0.453 seconds
