[2025-10-10T08:37:51.439+0000] {processor.py:186} INFO - Started process (PID=77) to work on /home/airflow/.local/lib/python3.12/site-packages/airflow/example_dags/example_latest_only_with_trigger.py
[2025-10-10T08:37:51.445+0000] {processor.py:914} INFO - Processing file /home/airflow/.local/lib/python3.12/site-packages/airflow/example_dags/example_latest_only_with_trigger.py for tasks to queue
[2025-10-10T08:37:51.456+0000] {logging_mixin.py:190} INFO - [2025-10-10T08:37:51.454+0000] {dagbag.py:587} INFO - Filling up the DagBag from /home/airflow/.local/lib/python3.12/site-packages/airflow/example_dags/example_latest_only_with_trigger.py
[2025-10-10T08:37:51.496+0000] {processor.py:925} INFO - DAG(s) 'latest_only_with_trigger' retrieved from /home/airflow/.local/lib/python3.12/site-packages/airflow/example_dags/example_latest_only_with_trigger.py
[2025-10-10T08:37:51.700+0000] {logging_mixin.py:190} INFO - [2025-10-10T08:37:51.700+0000] {dag.py:3211} INFO - Sync 1 DAGs
[2025-10-10T08:37:51.821+0000] {logging_mixin.py:190} INFO - [2025-10-10T08:37:51.820+0000] {dag.py:4138} INFO - Setting next_dagrun for latest_only_with_trigger to 2025-10-10 04:00:00+00:00, run_after=2025-10-10 08:00:00+00:00
[2025-10-10T08:37:51.925+0000] {processor.py:208} INFO - Processing /home/airflow/.local/lib/python3.12/site-packages/airflow/example_dags/example_latest_only_with_trigger.py took 0.510 seconds
[2025-10-10T08:38:22.656+0000] {processor.py:186} INFO - Started process (PID=140) to work on /home/airflow/.local/lib/python3.12/site-packages/airflow/example_dags/example_latest_only_with_trigger.py
[2025-10-10T08:38:22.659+0000] {processor.py:914} INFO - Processing file /home/airflow/.local/lib/python3.12/site-packages/airflow/example_dags/example_latest_only_with_trigger.py for tasks to queue
[2025-10-10T08:38:22.665+0000] {logging_mixin.py:190} INFO - [2025-10-10T08:38:22.664+0000] {dagbag.py:587} INFO - Filling up the DagBag from /home/airflow/.local/lib/python3.12/site-packages/airflow/example_dags/example_latest_only_with_trigger.py
[2025-10-10T08:38:22.683+0000] {processor.py:925} INFO - DAG(s) 'latest_only_with_trigger' retrieved from /home/airflow/.local/lib/python3.12/site-packages/airflow/example_dags/example_latest_only_with_trigger.py
[2025-10-10T08:38:22.727+0000] {logging_mixin.py:190} INFO - [2025-10-10T08:38:22.727+0000] {dag.py:3211} INFO - Sync 1 DAGs
[2025-10-10T08:38:22.776+0000] {logging_mixin.py:190} INFO - [2025-10-10T08:38:22.775+0000] {dag.py:4138} INFO - Setting next_dagrun for latest_only_with_trigger to 2025-10-10 04:00:00+00:00, run_after=2025-10-10 08:00:00+00:00
[2025-10-10T08:38:22.818+0000] {processor.py:208} INFO - Processing /home/airflow/.local/lib/python3.12/site-packages/airflow/example_dags/example_latest_only_with_trigger.py took 0.174 seconds
[2025-10-10T08:38:53.445+0000] {processor.py:186} INFO - Started process (PID=203) to work on /home/airflow/.local/lib/python3.12/site-packages/airflow/example_dags/example_latest_only_with_trigger.py
[2025-10-10T08:38:53.449+0000] {processor.py:914} INFO - Processing file /home/airflow/.local/lib/python3.12/site-packages/airflow/example_dags/example_latest_only_with_trigger.py for tasks to queue
[2025-10-10T08:38:53.459+0000] {logging_mixin.py:190} INFO - [2025-10-10T08:38:53.458+0000] {dagbag.py:587} INFO - Filling up the DagBag from /home/airflow/.local/lib/python3.12/site-packages/airflow/example_dags/example_latest_only_with_trigger.py
[2025-10-10T08:38:53.483+0000] {processor.py:925} INFO - DAG(s) 'latest_only_with_trigger' retrieved from /home/airflow/.local/lib/python3.12/site-packages/airflow/example_dags/example_latest_only_with_trigger.py
[2025-10-10T08:38:53.540+0000] {logging_mixin.py:190} INFO - [2025-10-10T08:38:53.539+0000] {dag.py:3211} INFO - Sync 1 DAGs
[2025-10-10T08:38:53.613+0000] {logging_mixin.py:190} INFO - [2025-10-10T08:38:53.613+0000] {dag.py:4138} INFO - Setting next_dagrun for latest_only_with_trigger to 2025-10-10 04:00:00+00:00, run_after=2025-10-10 08:00:00+00:00
[2025-10-10T08:38:53.661+0000] {processor.py:208} INFO - Processing /home/airflow/.local/lib/python3.12/site-packages/airflow/example_dags/example_latest_only_with_trigger.py took 0.253 seconds
[2025-10-10T08:39:24.349+0000] {processor.py:186} INFO - Started process (PID=266) to work on /home/airflow/.local/lib/python3.12/site-packages/airflow/example_dags/example_latest_only_with_trigger.py
[2025-10-10T08:39:24.353+0000] {processor.py:914} INFO - Processing file /home/airflow/.local/lib/python3.12/site-packages/airflow/example_dags/example_latest_only_with_trigger.py for tasks to queue
[2025-10-10T08:39:24.360+0000] {logging_mixin.py:190} INFO - [2025-10-10T08:39:24.359+0000] {dagbag.py:587} INFO - Filling up the DagBag from /home/airflow/.local/lib/python3.12/site-packages/airflow/example_dags/example_latest_only_with_trigger.py
[2025-10-10T08:39:24.387+0000] {processor.py:925} INFO - DAG(s) 'latest_only_with_trigger' retrieved from /home/airflow/.local/lib/python3.12/site-packages/airflow/example_dags/example_latest_only_with_trigger.py
[2025-10-10T08:39:24.456+0000] {logging_mixin.py:190} INFO - [2025-10-10T08:39:24.455+0000] {dag.py:3211} INFO - Sync 1 DAGs
[2025-10-10T08:39:24.532+0000] {logging_mixin.py:190} INFO - [2025-10-10T08:39:24.532+0000] {dag.py:4138} INFO - Setting next_dagrun for latest_only_with_trigger to 2025-10-10 04:00:00+00:00, run_after=2025-10-10 08:00:00+00:00
[2025-10-10T08:39:24.593+0000] {processor.py:208} INFO - Processing /home/airflow/.local/lib/python3.12/site-packages/airflow/example_dags/example_latest_only_with_trigger.py took 0.268 seconds
[2025-10-10T08:39:55.822+0000] {processor.py:186} INFO - Started process (PID=329) to work on /home/airflow/.local/lib/python3.12/site-packages/airflow/example_dags/example_latest_only_with_trigger.py
[2025-10-10T08:39:55.825+0000] {processor.py:914} INFO - Processing file /home/airflow/.local/lib/python3.12/site-packages/airflow/example_dags/example_latest_only_with_trigger.py for tasks to queue
[2025-10-10T08:39:55.830+0000] {logging_mixin.py:190} INFO - [2025-10-10T08:39:55.830+0000] {dagbag.py:587} INFO - Filling up the DagBag from /home/airflow/.local/lib/python3.12/site-packages/airflow/example_dags/example_latest_only_with_trigger.py
[2025-10-10T08:39:55.849+0000] {processor.py:925} INFO - DAG(s) 'latest_only_with_trigger' retrieved from /home/airflow/.local/lib/python3.12/site-packages/airflow/example_dags/example_latest_only_with_trigger.py
[2025-10-10T08:39:55.909+0000] {logging_mixin.py:190} INFO - [2025-10-10T08:39:55.909+0000] {dag.py:3211} INFO - Sync 1 DAGs
[2025-10-10T08:39:55.986+0000] {logging_mixin.py:190} INFO - [2025-10-10T08:39:55.985+0000] {dag.py:4138} INFO - Setting next_dagrun for latest_only_with_trigger to 2025-10-10 04:00:00+00:00, run_after=2025-10-10 08:00:00+00:00
[2025-10-10T08:39:56.058+0000] {processor.py:208} INFO - Processing /home/airflow/.local/lib/python3.12/site-packages/airflow/example_dags/example_latest_only_with_trigger.py took 0.260 seconds
[2025-10-10T08:40:26.583+0000] {processor.py:186} INFO - Started process (PID=392) to work on /home/airflow/.local/lib/python3.12/site-packages/airflow/example_dags/example_latest_only_with_trigger.py
[2025-10-10T08:40:26.589+0000] {processor.py:914} INFO - Processing file /home/airflow/.local/lib/python3.12/site-packages/airflow/example_dags/example_latest_only_with_trigger.py for tasks to queue
[2025-10-10T08:40:26.603+0000] {logging_mixin.py:190} INFO - [2025-10-10T08:40:26.601+0000] {dagbag.py:587} INFO - Filling up the DagBag from /home/airflow/.local/lib/python3.12/site-packages/airflow/example_dags/example_latest_only_with_trigger.py
[2025-10-10T08:40:26.650+0000] {processor.py:925} INFO - DAG(s) 'latest_only_with_trigger' retrieved from /home/airflow/.local/lib/python3.12/site-packages/airflow/example_dags/example_latest_only_with_trigger.py
[2025-10-10T08:40:26.776+0000] {logging_mixin.py:190} INFO - [2025-10-10T08:40:26.774+0000] {dag.py:3211} INFO - Sync 1 DAGs
[2025-10-10T08:40:26.905+0000] {logging_mixin.py:190} INFO - [2025-10-10T08:40:26.904+0000] {dag.py:4138} INFO - Setting next_dagrun for latest_only_with_trigger to 2025-10-10 04:00:00+00:00, run_after=2025-10-10 08:00:00+00:00
[2025-10-10T08:40:27.049+0000] {processor.py:208} INFO - Processing /home/airflow/.local/lib/python3.12/site-packages/airflow/example_dags/example_latest_only_with_trigger.py took 0.515 seconds
[2025-10-10T08:40:57.307+0000] {processor.py:186} INFO - Started process (PID=455) to work on /home/airflow/.local/lib/python3.12/site-packages/airflow/example_dags/example_latest_only_with_trigger.py
[2025-10-10T08:40:57.311+0000] {processor.py:914} INFO - Processing file /home/airflow/.local/lib/python3.12/site-packages/airflow/example_dags/example_latest_only_with_trigger.py for tasks to queue
[2025-10-10T08:40:57.317+0000] {logging_mixin.py:190} INFO - [2025-10-10T08:40:57.316+0000] {dagbag.py:587} INFO - Filling up the DagBag from /home/airflow/.local/lib/python3.12/site-packages/airflow/example_dags/example_latest_only_with_trigger.py
[2025-10-10T08:40:57.337+0000] {processor.py:925} INFO - DAG(s) 'latest_only_with_trigger' retrieved from /home/airflow/.local/lib/python3.12/site-packages/airflow/example_dags/example_latest_only_with_trigger.py
[2025-10-10T08:40:57.406+0000] {logging_mixin.py:190} INFO - [2025-10-10T08:40:57.405+0000] {dag.py:3211} INFO - Sync 1 DAGs
[2025-10-10T08:40:57.491+0000] {logging_mixin.py:190} INFO - [2025-10-10T08:40:57.490+0000] {dag.py:4138} INFO - Setting next_dagrun for latest_only_with_trigger to 2025-10-10 04:00:00+00:00, run_after=2025-10-10 08:00:00+00:00
[2025-10-10T08:40:57.561+0000] {processor.py:208} INFO - Processing /home/airflow/.local/lib/python3.12/site-packages/airflow/example_dags/example_latest_only_with_trigger.py took 0.275 seconds
[2025-10-10T08:41:27.861+0000] {processor.py:186} INFO - Started process (PID=517) to work on /home/airflow/.local/lib/python3.12/site-packages/airflow/example_dags/example_latest_only_with_trigger.py
[2025-10-10T08:41:27.864+0000] {processor.py:914} INFO - Processing file /home/airflow/.local/lib/python3.12/site-packages/airflow/example_dags/example_latest_only_with_trigger.py for tasks to queue
[2025-10-10T08:41:27.870+0000] {logging_mixin.py:190} INFO - [2025-10-10T08:41:27.869+0000] {dagbag.py:587} INFO - Filling up the DagBag from /home/airflow/.local/lib/python3.12/site-packages/airflow/example_dags/example_latest_only_with_trigger.py
[2025-10-10T08:41:27.888+0000] {processor.py:925} INFO - DAG(s) 'latest_only_with_trigger' retrieved from /home/airflow/.local/lib/python3.12/site-packages/airflow/example_dags/example_latest_only_with_trigger.py
[2025-10-10T08:41:27.940+0000] {logging_mixin.py:190} INFO - [2025-10-10T08:41:27.940+0000] {dag.py:3211} INFO - Sync 1 DAGs
[2025-10-10T08:41:28.003+0000] {logging_mixin.py:190} INFO - [2025-10-10T08:41:28.002+0000] {dag.py:4138} INFO - Setting next_dagrun for latest_only_with_trigger to 2025-10-10 04:00:00+00:00, run_after=2025-10-10 08:00:00+00:00
[2025-10-10T08:41:28.046+0000] {processor.py:208} INFO - Processing /home/airflow/.local/lib/python3.12/site-packages/airflow/example_dags/example_latest_only_with_trigger.py took 0.202 seconds
[2025-10-10T08:41:58.779+0000] {processor.py:186} INFO - Started process (PID=580) to work on /home/airflow/.local/lib/python3.12/site-packages/airflow/example_dags/example_latest_only_with_trigger.py
[2025-10-10T08:41:58.782+0000] {processor.py:914} INFO - Processing file /home/airflow/.local/lib/python3.12/site-packages/airflow/example_dags/example_latest_only_with_trigger.py for tasks to queue
[2025-10-10T08:41:58.794+0000] {logging_mixin.py:190} INFO - [2025-10-10T08:41:58.792+0000] {dagbag.py:587} INFO - Filling up the DagBag from /home/airflow/.local/lib/python3.12/site-packages/airflow/example_dags/example_latest_only_with_trigger.py
[2025-10-10T08:41:58.814+0000] {processor.py:925} INFO - DAG(s) 'latest_only_with_trigger' retrieved from /home/airflow/.local/lib/python3.12/site-packages/airflow/example_dags/example_latest_only_with_trigger.py
[2025-10-10T08:41:58.872+0000] {logging_mixin.py:190} INFO - [2025-10-10T08:41:58.871+0000] {dag.py:3211} INFO - Sync 1 DAGs
[2025-10-10T08:41:58.970+0000] {logging_mixin.py:190} INFO - [2025-10-10T08:41:58.969+0000] {dag.py:4138} INFO - Setting next_dagrun for latest_only_with_trigger to 2025-10-10 04:00:00+00:00, run_after=2025-10-10 08:00:00+00:00
[2025-10-10T08:41:59.030+0000] {processor.py:208} INFO - Processing /home/airflow/.local/lib/python3.12/site-packages/airflow/example_dags/example_latest_only_with_trigger.py took 0.278 seconds
[2025-10-10T08:42:29.750+0000] {processor.py:186} INFO - Started process (PID=643) to work on /home/airflow/.local/lib/python3.12/site-packages/airflow/example_dags/example_latest_only_with_trigger.py
[2025-10-10T08:42:29.758+0000] {processor.py:914} INFO - Processing file /home/airflow/.local/lib/python3.12/site-packages/airflow/example_dags/example_latest_only_with_trigger.py for tasks to queue
[2025-10-10T08:42:29.768+0000] {logging_mixin.py:190} INFO - [2025-10-10T08:42:29.766+0000] {dagbag.py:587} INFO - Filling up the DagBag from /home/airflow/.local/lib/python3.12/site-packages/airflow/example_dags/example_latest_only_with_trigger.py
[2025-10-10T08:42:29.797+0000] {processor.py:925} INFO - DAG(s) 'latest_only_with_trigger' retrieved from /home/airflow/.local/lib/python3.12/site-packages/airflow/example_dags/example_latest_only_with_trigger.py
[2025-10-10T08:42:29.850+0000] {logging_mixin.py:190} INFO - [2025-10-10T08:42:29.849+0000] {dag.py:3211} INFO - Sync 1 DAGs
[2025-10-10T08:42:29.897+0000] {logging_mixin.py:190} INFO - [2025-10-10T08:42:29.896+0000] {dag.py:4138} INFO - Setting next_dagrun for latest_only_with_trigger to 2025-10-10 04:00:00+00:00, run_after=2025-10-10 08:00:00+00:00
[2025-10-10T08:42:29.935+0000] {processor.py:208} INFO - Processing /home/airflow/.local/lib/python3.12/site-packages/airflow/example_dags/example_latest_only_with_trigger.py took 0.209 seconds
[2025-10-10T08:43:00.952+0000] {processor.py:186} INFO - Started process (PID=706) to work on /home/airflow/.local/lib/python3.12/site-packages/airflow/example_dags/example_latest_only_with_trigger.py
[2025-10-10T08:43:00.955+0000] {processor.py:914} INFO - Processing file /home/airflow/.local/lib/python3.12/site-packages/airflow/example_dags/example_latest_only_with_trigger.py for tasks to queue
[2025-10-10T08:43:00.962+0000] {logging_mixin.py:190} INFO - [2025-10-10T08:43:00.961+0000] {dagbag.py:587} INFO - Filling up the DagBag from /home/airflow/.local/lib/python3.12/site-packages/airflow/example_dags/example_latest_only_with_trigger.py
[2025-10-10T08:43:00.990+0000] {processor.py:925} INFO - DAG(s) 'latest_only_with_trigger' retrieved from /home/airflow/.local/lib/python3.12/site-packages/airflow/example_dags/example_latest_only_with_trigger.py
[2025-10-10T08:43:01.062+0000] {logging_mixin.py:190} INFO - [2025-10-10T08:43:01.062+0000] {dag.py:3211} INFO - Sync 1 DAGs
[2025-10-10T08:43:01.150+0000] {logging_mixin.py:190} INFO - [2025-10-10T08:43:01.149+0000] {dag.py:4138} INFO - Setting next_dagrun for latest_only_with_trigger to 2025-10-10 04:00:00+00:00, run_after=2025-10-10 08:00:00+00:00
[2025-10-10T08:43:01.224+0000] {processor.py:208} INFO - Processing /home/airflow/.local/lib/python3.12/site-packages/airflow/example_dags/example_latest_only_with_trigger.py took 0.293 seconds
[2025-10-10T08:43:32.557+0000] {processor.py:186} INFO - Started process (PID=769) to work on /home/airflow/.local/lib/python3.12/site-packages/airflow/example_dags/example_latest_only_with_trigger.py
[2025-10-10T08:43:32.562+0000] {processor.py:914} INFO - Processing file /home/airflow/.local/lib/python3.12/site-packages/airflow/example_dags/example_latest_only_with_trigger.py for tasks to queue
[2025-10-10T08:43:32.574+0000] {logging_mixin.py:190} INFO - [2025-10-10T08:43:32.573+0000] {dagbag.py:587} INFO - Filling up the DagBag from /home/airflow/.local/lib/python3.12/site-packages/airflow/example_dags/example_latest_only_with_trigger.py
[2025-10-10T08:43:32.607+0000] {processor.py:925} INFO - DAG(s) 'latest_only_with_trigger' retrieved from /home/airflow/.local/lib/python3.12/site-packages/airflow/example_dags/example_latest_only_with_trigger.py
[2025-10-10T08:43:32.688+0000] {logging_mixin.py:190} INFO - [2025-10-10T08:43:32.688+0000] {dag.py:3211} INFO - Sync 1 DAGs
[2025-10-10T08:43:32.758+0000] {logging_mixin.py:190} INFO - [2025-10-10T08:43:32.757+0000] {dag.py:4138} INFO - Setting next_dagrun for latest_only_with_trigger to 2025-10-10 04:00:00+00:00, run_after=2025-10-10 08:00:00+00:00
[2025-10-10T08:43:32.825+0000] {processor.py:208} INFO - Processing /home/airflow/.local/lib/python3.12/site-packages/airflow/example_dags/example_latest_only_with_trigger.py took 0.290 seconds
[2025-10-10T08:44:03.099+0000] {processor.py:186} INFO - Started process (PID=832) to work on /home/airflow/.local/lib/python3.12/site-packages/airflow/example_dags/example_latest_only_with_trigger.py
[2025-10-10T08:44:03.101+0000] {processor.py:914} INFO - Processing file /home/airflow/.local/lib/python3.12/site-packages/airflow/example_dags/example_latest_only_with_trigger.py for tasks to queue
[2025-10-10T08:44:03.108+0000] {logging_mixin.py:190} INFO - [2025-10-10T08:44:03.107+0000] {dagbag.py:587} INFO - Filling up the DagBag from /home/airflow/.local/lib/python3.12/site-packages/airflow/example_dags/example_latest_only_with_trigger.py
[2025-10-10T08:44:03.129+0000] {processor.py:925} INFO - DAG(s) 'latest_only_with_trigger' retrieved from /home/airflow/.local/lib/python3.12/site-packages/airflow/example_dags/example_latest_only_with_trigger.py
[2025-10-10T08:44:03.210+0000] {logging_mixin.py:190} INFO - [2025-10-10T08:44:03.209+0000] {dag.py:3211} INFO - Sync 1 DAGs
[2025-10-10T08:44:03.279+0000] {logging_mixin.py:190} INFO - [2025-10-10T08:44:03.279+0000] {dag.py:4138} INFO - Setting next_dagrun for latest_only_with_trigger to 2025-10-10 04:00:00+00:00, run_after=2025-10-10 08:00:00+00:00
[2025-10-10T08:44:03.339+0000] {processor.py:208} INFO - Processing /home/airflow/.local/lib/python3.12/site-packages/airflow/example_dags/example_latest_only_with_trigger.py took 0.260 seconds
[2025-10-10T08:44:34.216+0000] {processor.py:186} INFO - Started process (PID=894) to work on /home/airflow/.local/lib/python3.12/site-packages/airflow/example_dags/example_latest_only_with_trigger.py
[2025-10-10T08:44:34.221+0000] {processor.py:914} INFO - Processing file /home/airflow/.local/lib/python3.12/site-packages/airflow/example_dags/example_latest_only_with_trigger.py for tasks to queue
[2025-10-10T08:44:34.230+0000] {logging_mixin.py:190} INFO - [2025-10-10T08:44:34.229+0000] {dagbag.py:587} INFO - Filling up the DagBag from /home/airflow/.local/lib/python3.12/site-packages/airflow/example_dags/example_latest_only_with_trigger.py
[2025-10-10T08:44:34.270+0000] {processor.py:925} INFO - DAG(s) 'latest_only_with_trigger' retrieved from /home/airflow/.local/lib/python3.12/site-packages/airflow/example_dags/example_latest_only_with_trigger.py
[2025-10-10T08:44:34.358+0000] {logging_mixin.py:190} INFO - [2025-10-10T08:44:34.357+0000] {dag.py:3211} INFO - Sync 1 DAGs
[2025-10-10T08:44:34.453+0000] {logging_mixin.py:190} INFO - [2025-10-10T08:44:34.453+0000] {dag.py:4138} INFO - Setting next_dagrun for latest_only_with_trigger to 2025-10-10 04:00:00+00:00, run_after=2025-10-10 08:00:00+00:00
[2025-10-10T08:44:34.522+0000] {processor.py:208} INFO - Processing /home/airflow/.local/lib/python3.12/site-packages/airflow/example_dags/example_latest_only_with_trigger.py took 0.335 seconds
[2025-10-10T08:45:05.373+0000] {processor.py:186} INFO - Started process (PID=957) to work on /home/airflow/.local/lib/python3.12/site-packages/airflow/example_dags/example_latest_only_with_trigger.py
[2025-10-10T08:45:05.378+0000] {processor.py:914} INFO - Processing file /home/airflow/.local/lib/python3.12/site-packages/airflow/example_dags/example_latest_only_with_trigger.py for tasks to queue
[2025-10-10T08:45:05.385+0000] {logging_mixin.py:190} INFO - [2025-10-10T08:45:05.384+0000] {dagbag.py:587} INFO - Filling up the DagBag from /home/airflow/.local/lib/python3.12/site-packages/airflow/example_dags/example_latest_only_with_trigger.py
[2025-10-10T08:45:05.408+0000] {processor.py:925} INFO - DAG(s) 'latest_only_with_trigger' retrieved from /home/airflow/.local/lib/python3.12/site-packages/airflow/example_dags/example_latest_only_with_trigger.py
[2025-10-10T08:45:05.489+0000] {logging_mixin.py:190} INFO - [2025-10-10T08:45:05.488+0000] {dag.py:3211} INFO - Sync 1 DAGs
[2025-10-10T08:45:05.558+0000] {logging_mixin.py:190} INFO - [2025-10-10T08:45:05.557+0000] {dag.py:4138} INFO - Setting next_dagrun for latest_only_with_trigger to 2025-10-10 04:00:00+00:00, run_after=2025-10-10 08:00:00+00:00
[2025-10-10T08:45:05.620+0000] {processor.py:208} INFO - Processing /home/airflow/.local/lib/python3.12/site-packages/airflow/example_dags/example_latest_only_with_trigger.py took 0.265 seconds
[2025-10-10T08:45:36.447+0000] {processor.py:186} INFO - Started process (PID=1020) to work on /home/airflow/.local/lib/python3.12/site-packages/airflow/example_dags/example_latest_only_with_trigger.py
[2025-10-10T08:45:36.449+0000] {processor.py:914} INFO - Processing file /home/airflow/.local/lib/python3.12/site-packages/airflow/example_dags/example_latest_only_with_trigger.py for tasks to queue
[2025-10-10T08:45:36.456+0000] {logging_mixin.py:190} INFO - [2025-10-10T08:45:36.455+0000] {dagbag.py:587} INFO - Filling up the DagBag from /home/airflow/.local/lib/python3.12/site-packages/airflow/example_dags/example_latest_only_with_trigger.py
[2025-10-10T08:45:36.483+0000] {processor.py:925} INFO - DAG(s) 'latest_only_with_trigger' retrieved from /home/airflow/.local/lib/python3.12/site-packages/airflow/example_dags/example_latest_only_with_trigger.py
[2025-10-10T08:45:36.551+0000] {logging_mixin.py:190} INFO - [2025-10-10T08:45:36.551+0000] {dag.py:3211} INFO - Sync 1 DAGs
[2025-10-10T08:45:36.627+0000] {logging_mixin.py:190} INFO - [2025-10-10T08:45:36.626+0000] {dag.py:4138} INFO - Setting next_dagrun for latest_only_with_trigger to 2025-10-10 04:00:00+00:00, run_after=2025-10-10 08:00:00+00:00
[2025-10-10T08:45:36.686+0000] {processor.py:208} INFO - Processing /home/airflow/.local/lib/python3.12/site-packages/airflow/example_dags/example_latest_only_with_trigger.py took 0.253 seconds
[2025-10-10T08:46:07.383+0000] {processor.py:186} INFO - Started process (PID=1083) to work on /home/airflow/.local/lib/python3.12/site-packages/airflow/example_dags/example_latest_only_with_trigger.py
[2025-10-10T08:46:07.385+0000] {processor.py:914} INFO - Processing file /home/airflow/.local/lib/python3.12/site-packages/airflow/example_dags/example_latest_only_with_trigger.py for tasks to queue
[2025-10-10T08:46:07.392+0000] {logging_mixin.py:190} INFO - [2025-10-10T08:46:07.391+0000] {dagbag.py:587} INFO - Filling up the DagBag from /home/airflow/.local/lib/python3.12/site-packages/airflow/example_dags/example_latest_only_with_trigger.py
[2025-10-10T08:46:07.409+0000] {processor.py:925} INFO - DAG(s) 'latest_only_with_trigger' retrieved from /home/airflow/.local/lib/python3.12/site-packages/airflow/example_dags/example_latest_only_with_trigger.py
[2025-10-10T08:46:07.457+0000] {logging_mixin.py:190} INFO - [2025-10-10T08:46:07.457+0000] {dag.py:3211} INFO - Sync 1 DAGs
[2025-10-10T08:46:07.507+0000] {logging_mixin.py:190} INFO - [2025-10-10T08:46:07.506+0000] {dag.py:4138} INFO - Setting next_dagrun for latest_only_with_trigger to 2025-10-10 04:00:00+00:00, run_after=2025-10-10 08:00:00+00:00
[2025-10-10T08:46:07.554+0000] {processor.py:208} INFO - Processing /home/airflow/.local/lib/python3.12/site-packages/airflow/example_dags/example_latest_only_with_trigger.py took 0.186 seconds
[2025-10-10T08:46:37.996+0000] {processor.py:186} INFO - Started process (PID=1146) to work on /home/airflow/.local/lib/python3.12/site-packages/airflow/example_dags/example_latest_only_with_trigger.py
[2025-10-10T08:46:37.999+0000] {processor.py:914} INFO - Processing file /home/airflow/.local/lib/python3.12/site-packages/airflow/example_dags/example_latest_only_with_trigger.py for tasks to queue
[2025-10-10T08:46:38.006+0000] {logging_mixin.py:190} INFO - [2025-10-10T08:46:38.005+0000] {dagbag.py:587} INFO - Filling up the DagBag from /home/airflow/.local/lib/python3.12/site-packages/airflow/example_dags/example_latest_only_with_trigger.py
[2025-10-10T08:46:38.027+0000] {processor.py:925} INFO - DAG(s) 'latest_only_with_trigger' retrieved from /home/airflow/.local/lib/python3.12/site-packages/airflow/example_dags/example_latest_only_with_trigger.py
[2025-10-10T08:46:38.088+0000] {logging_mixin.py:190} INFO - [2025-10-10T08:46:38.087+0000] {dag.py:3211} INFO - Sync 1 DAGs
[2025-10-10T08:46:38.146+0000] {logging_mixin.py:190} INFO - [2025-10-10T08:46:38.145+0000] {dag.py:4138} INFO - Setting next_dagrun for latest_only_with_trigger to 2025-10-10 04:00:00+00:00, run_after=2025-10-10 08:00:00+00:00
[2025-10-10T08:46:38.185+0000] {processor.py:208} INFO - Processing /home/airflow/.local/lib/python3.12/site-packages/airflow/example_dags/example_latest_only_with_trigger.py took 0.205 seconds
[2025-10-10T08:47:08.606+0000] {processor.py:186} INFO - Started process (PID=1209) to work on /home/airflow/.local/lib/python3.12/site-packages/airflow/example_dags/example_latest_only_with_trigger.py
[2025-10-10T08:47:08.608+0000] {processor.py:914} INFO - Processing file /home/airflow/.local/lib/python3.12/site-packages/airflow/example_dags/example_latest_only_with_trigger.py for tasks to queue
[2025-10-10T08:47:08.613+0000] {logging_mixin.py:190} INFO - [2025-10-10T08:47:08.612+0000] {dagbag.py:587} INFO - Filling up the DagBag from /home/airflow/.local/lib/python3.12/site-packages/airflow/example_dags/example_latest_only_with_trigger.py
[2025-10-10T08:47:08.628+0000] {processor.py:925} INFO - DAG(s) 'latest_only_with_trigger' retrieved from /home/airflow/.local/lib/python3.12/site-packages/airflow/example_dags/example_latest_only_with_trigger.py
[2025-10-10T08:47:08.677+0000] {logging_mixin.py:190} INFO - [2025-10-10T08:47:08.676+0000] {dag.py:3211} INFO - Sync 1 DAGs
[2025-10-10T08:47:08.724+0000] {logging_mixin.py:190} INFO - [2025-10-10T08:47:08.723+0000] {dag.py:4138} INFO - Setting next_dagrun for latest_only_with_trigger to 2025-10-10 04:00:00+00:00, run_after=2025-10-10 08:00:00+00:00
[2025-10-10T08:47:08.767+0000] {processor.py:208} INFO - Processing /home/airflow/.local/lib/python3.12/site-packages/airflow/example_dags/example_latest_only_with_trigger.py took 0.174 seconds
[2025-10-10T08:47:39.655+0000] {processor.py:186} INFO - Started process (PID=1272) to work on /home/airflow/.local/lib/python3.12/site-packages/airflow/example_dags/example_latest_only_with_trigger.py
[2025-10-10T08:47:39.658+0000] {processor.py:914} INFO - Processing file /home/airflow/.local/lib/python3.12/site-packages/airflow/example_dags/example_latest_only_with_trigger.py for tasks to queue
[2025-10-10T08:47:39.666+0000] {logging_mixin.py:190} INFO - [2025-10-10T08:47:39.665+0000] {dagbag.py:587} INFO - Filling up the DagBag from /home/airflow/.local/lib/python3.12/site-packages/airflow/example_dags/example_latest_only_with_trigger.py
[2025-10-10T08:47:39.693+0000] {processor.py:925} INFO - DAG(s) 'latest_only_with_trigger' retrieved from /home/airflow/.local/lib/python3.12/site-packages/airflow/example_dags/example_latest_only_with_trigger.py
[2025-10-10T08:47:39.763+0000] {logging_mixin.py:190} INFO - [2025-10-10T08:47:39.763+0000] {dag.py:3211} INFO - Sync 1 DAGs
[2025-10-10T08:47:39.838+0000] {logging_mixin.py:190} INFO - [2025-10-10T08:47:39.837+0000] {dag.py:4138} INFO - Setting next_dagrun for latest_only_with_trigger to 2025-10-10 04:00:00+00:00, run_after=2025-10-10 08:00:00+00:00
[2025-10-10T08:47:39.895+0000] {processor.py:208} INFO - Processing /home/airflow/.local/lib/python3.12/site-packages/airflow/example_dags/example_latest_only_with_trigger.py took 0.260 seconds
[2025-10-10T08:48:12.660+0000] {processor.py:186} INFO - Started process (PID=1335) to work on /home/airflow/.local/lib/python3.12/site-packages/airflow/example_dags/example_latest_only_with_trigger.py
[2025-10-10T08:48:12.663+0000] {processor.py:914} INFO - Processing file /home/airflow/.local/lib/python3.12/site-packages/airflow/example_dags/example_latest_only_with_trigger.py for tasks to queue
[2025-10-10T08:48:12.673+0000] {logging_mixin.py:190} INFO - [2025-10-10T08:48:12.672+0000] {dagbag.py:587} INFO - Filling up the DagBag from /home/airflow/.local/lib/python3.12/site-packages/airflow/example_dags/example_latest_only_with_trigger.py
[2025-10-10T08:48:12.702+0000] {processor.py:925} INFO - DAG(s) 'latest_only_with_trigger' retrieved from /home/airflow/.local/lib/python3.12/site-packages/airflow/example_dags/example_latest_only_with_trigger.py
[2025-10-10T08:48:12.745+0000] {logging_mixin.py:190} INFO - [2025-10-10T08:48:12.744+0000] {dag.py:3211} INFO - Sync 1 DAGs
[2025-10-10T08:48:12.788+0000] {logging_mixin.py:190} INFO - [2025-10-10T08:48:12.787+0000] {dag.py:4138} INFO - Setting next_dagrun for latest_only_with_trigger to 2025-10-10 04:00:00+00:00, run_after=2025-10-10 08:00:00+00:00
[2025-10-10T08:48:12.824+0000] {processor.py:208} INFO - Processing /home/airflow/.local/lib/python3.12/site-packages/airflow/example_dags/example_latest_only_with_trigger.py took 0.186 seconds
[2025-10-10T08:48:43.388+0000] {processor.py:186} INFO - Started process (PID=1398) to work on /home/airflow/.local/lib/python3.12/site-packages/airflow/example_dags/example_latest_only_with_trigger.py
[2025-10-10T08:48:43.391+0000] {processor.py:914} INFO - Processing file /home/airflow/.local/lib/python3.12/site-packages/airflow/example_dags/example_latest_only_with_trigger.py for tasks to queue
[2025-10-10T08:48:43.399+0000] {logging_mixin.py:190} INFO - [2025-10-10T08:48:43.398+0000] {dagbag.py:587} INFO - Filling up the DagBag from /home/airflow/.local/lib/python3.12/site-packages/airflow/example_dags/example_latest_only_with_trigger.py
[2025-10-10T08:48:43.424+0000] {processor.py:925} INFO - DAG(s) 'latest_only_with_trigger' retrieved from /home/airflow/.local/lib/python3.12/site-packages/airflow/example_dags/example_latest_only_with_trigger.py
[2025-10-10T08:48:43.471+0000] {logging_mixin.py:190} INFO - [2025-10-10T08:48:43.470+0000] {dag.py:3211} INFO - Sync 1 DAGs
[2025-10-10T08:48:43.526+0000] {logging_mixin.py:190} INFO - [2025-10-10T08:48:43.525+0000] {dag.py:4138} INFO - Setting next_dagrun for latest_only_with_trigger to 2025-10-10 04:00:00+00:00, run_after=2025-10-10 08:00:00+00:00
[2025-10-10T08:48:43.572+0000] {processor.py:208} INFO - Processing /home/airflow/.local/lib/python3.12/site-packages/airflow/example_dags/example_latest_only_with_trigger.py took 0.198 seconds
[2025-10-10T08:49:14.233+0000] {processor.py:186} INFO - Started process (PID=1461) to work on /home/airflow/.local/lib/python3.12/site-packages/airflow/example_dags/example_latest_only_with_trigger.py
[2025-10-10T08:49:14.236+0000] {processor.py:914} INFO - Processing file /home/airflow/.local/lib/python3.12/site-packages/airflow/example_dags/example_latest_only_with_trigger.py for tasks to queue
[2025-10-10T08:49:14.253+0000] {logging_mixin.py:190} INFO - [2025-10-10T08:49:14.252+0000] {dagbag.py:587} INFO - Filling up the DagBag from /home/airflow/.local/lib/python3.12/site-packages/airflow/example_dags/example_latest_only_with_trigger.py
[2025-10-10T08:49:14.298+0000] {processor.py:925} INFO - DAG(s) 'latest_only_with_trigger' retrieved from /home/airflow/.local/lib/python3.12/site-packages/airflow/example_dags/example_latest_only_with_trigger.py
[2025-10-10T08:49:14.540+0000] {logging_mixin.py:190} INFO - [2025-10-10T08:49:14.540+0000] {dag.py:3211} INFO - Sync 1 DAGs
[2025-10-10T08:49:14.663+0000] {logging_mixin.py:190} INFO - [2025-10-10T08:49:14.663+0000] {dag.py:4138} INFO - Setting next_dagrun for latest_only_with_trigger to 2025-10-10 04:00:00+00:00, run_after=2025-10-10 08:00:00+00:00
[2025-10-10T08:49:14.759+0000] {processor.py:208} INFO - Processing /home/airflow/.local/lib/python3.12/site-packages/airflow/example_dags/example_latest_only_with_trigger.py took 0.565 seconds
[2025-10-10T08:53:49.004+0000] {processor.py:186} INFO - Started process (PID=80) to work on /home/airflow/.local/lib/python3.12/site-packages/airflow/example_dags/example_latest_only_with_trigger.py
[2025-10-10T08:53:49.014+0000] {processor.py:914} INFO - Processing file /home/airflow/.local/lib/python3.12/site-packages/airflow/example_dags/example_latest_only_with_trigger.py for tasks to queue
[2025-10-10T08:53:49.043+0000] {logging_mixin.py:190} INFO - [2025-10-10T08:53:49.041+0000] {dagbag.py:587} INFO - Filling up the DagBag from /home/airflow/.local/lib/python3.12/site-packages/airflow/example_dags/example_latest_only_with_trigger.py
[2025-10-10T08:53:49.078+0000] {processor.py:925} INFO - DAG(s) 'latest_only_with_trigger' retrieved from /home/airflow/.local/lib/python3.12/site-packages/airflow/example_dags/example_latest_only_with_trigger.py
[2025-10-10T08:53:49.233+0000] {logging_mixin.py:190} INFO - [2025-10-10T08:53:49.232+0000] {dag.py:3211} INFO - Sync 1 DAGs
[2025-10-10T08:53:49.376+0000] {logging_mixin.py:190} INFO - [2025-10-10T08:53:49.376+0000] {dag.py:4138} INFO - Setting next_dagrun for latest_only_with_trigger to 2025-10-10 04:00:00+00:00, run_after=2025-10-10 08:00:00+00:00
[2025-10-10T08:53:49.465+0000] {processor.py:208} INFO - Processing /home/airflow/.local/lib/python3.12/site-packages/airflow/example_dags/example_latest_only_with_trigger.py took 0.523 seconds
[2025-10-10T08:54:21.848+0000] {processor.py:186} INFO - Started process (PID=143) to work on /home/airflow/.local/lib/python3.12/site-packages/airflow/example_dags/example_latest_only_with_trigger.py
[2025-10-10T08:54:21.892+0000] {processor.py:914} INFO - Processing file /home/airflow/.local/lib/python3.12/site-packages/airflow/example_dags/example_latest_only_with_trigger.py for tasks to queue
[2025-10-10T08:54:21.901+0000] {logging_mixin.py:190} INFO - [2025-10-10T08:54:21.900+0000] {dagbag.py:587} INFO - Filling up the DagBag from /home/airflow/.local/lib/python3.12/site-packages/airflow/example_dags/example_latest_only_with_trigger.py
[2025-10-10T08:54:21.974+0000] {processor.py:925} INFO - DAG(s) 'latest_only_with_trigger' retrieved from /home/airflow/.local/lib/python3.12/site-packages/airflow/example_dags/example_latest_only_with_trigger.py
[2025-10-10T08:54:22.057+0000] {logging_mixin.py:190} INFO - [2025-10-10T08:54:22.056+0000] {dag.py:3211} INFO - Sync 1 DAGs
[2025-10-10T08:54:22.145+0000] {logging_mixin.py:190} INFO - [2025-10-10T08:54:22.144+0000] {dag.py:4138} INFO - Setting next_dagrun for latest_only_with_trigger to 2025-10-10 04:00:00+00:00, run_after=2025-10-10 08:00:00+00:00
[2025-10-10T08:54:22.437+0000] {processor.py:208} INFO - Processing /home/airflow/.local/lib/python3.12/site-packages/airflow/example_dags/example_latest_only_with_trigger.py took 0.626 seconds
[2025-10-10T08:54:53.132+0000] {processor.py:186} INFO - Started process (PID=207) to work on /home/airflow/.local/lib/python3.12/site-packages/airflow/example_dags/example_latest_only_with_trigger.py
[2025-10-10T08:54:53.135+0000] {processor.py:914} INFO - Processing file /home/airflow/.local/lib/python3.12/site-packages/airflow/example_dags/example_latest_only_with_trigger.py for tasks to queue
[2025-10-10T08:54:53.147+0000] {logging_mixin.py:190} INFO - [2025-10-10T08:54:53.146+0000] {dagbag.py:587} INFO - Filling up the DagBag from /home/airflow/.local/lib/python3.12/site-packages/airflow/example_dags/example_latest_only_with_trigger.py
[2025-10-10T08:54:53.183+0000] {processor.py:925} INFO - DAG(s) 'latest_only_with_trigger' retrieved from /home/airflow/.local/lib/python3.12/site-packages/airflow/example_dags/example_latest_only_with_trigger.py
[2025-10-10T08:54:53.244+0000] {logging_mixin.py:190} INFO - [2025-10-10T08:54:53.243+0000] {dag.py:3211} INFO - Sync 1 DAGs
[2025-10-10T08:54:53.295+0000] {logging_mixin.py:190} INFO - [2025-10-10T08:54:53.295+0000] {dag.py:4138} INFO - Setting next_dagrun for latest_only_with_trigger to 2025-10-10 04:00:00+00:00, run_after=2025-10-10 08:00:00+00:00
[2025-10-10T08:54:53.333+0000] {processor.py:208} INFO - Processing /home/airflow/.local/lib/python3.12/site-packages/airflow/example_dags/example_latest_only_with_trigger.py took 0.229 seconds
[2025-10-10T08:57:58.284+0000] {processor.py:186} INFO - Started process (PID=81) to work on /home/airflow/.local/lib/python3.12/site-packages/airflow/example_dags/example_latest_only_with_trigger.py
[2025-10-10T08:57:58.287+0000] {processor.py:914} INFO - Processing file /home/airflow/.local/lib/python3.12/site-packages/airflow/example_dags/example_latest_only_with_trigger.py for tasks to queue
[2025-10-10T08:57:58.298+0000] {logging_mixin.py:190} INFO - [2025-10-10T08:57:58.296+0000] {dagbag.py:587} INFO - Filling up the DagBag from /home/airflow/.local/lib/python3.12/site-packages/airflow/example_dags/example_latest_only_with_trigger.py
[2025-10-10T08:57:58.342+0000] {processor.py:925} INFO - DAG(s) 'latest_only_with_trigger' retrieved from /home/airflow/.local/lib/python3.12/site-packages/airflow/example_dags/example_latest_only_with_trigger.py
[2025-10-10T08:57:58.465+0000] {logging_mixin.py:190} INFO - [2025-10-10T08:57:58.464+0000] {dag.py:3211} INFO - Sync 1 DAGs
[2025-10-10T08:57:58.591+0000] {logging_mixin.py:190} INFO - [2025-10-10T08:57:58.590+0000] {dag.py:4138} INFO - Setting next_dagrun for latest_only_with_trigger to 2025-10-10 04:00:00+00:00, run_after=2025-10-10 08:00:00+00:00
[2025-10-10T08:57:58.668+0000] {processor.py:208} INFO - Processing /home/airflow/.local/lib/python3.12/site-packages/airflow/example_dags/example_latest_only_with_trigger.py took 0.402 seconds
[2025-10-10T08:58:29.451+0000] {processor.py:186} INFO - Started process (PID=144) to work on /home/airflow/.local/lib/python3.12/site-packages/airflow/example_dags/example_latest_only_with_trigger.py
[2025-10-10T08:58:29.453+0000] {processor.py:914} INFO - Processing file /home/airflow/.local/lib/python3.12/site-packages/airflow/example_dags/example_latest_only_with_trigger.py for tasks to queue
[2025-10-10T08:58:29.458+0000] {logging_mixin.py:190} INFO - [2025-10-10T08:58:29.457+0000] {dagbag.py:587} INFO - Filling up the DagBag from /home/airflow/.local/lib/python3.12/site-packages/airflow/example_dags/example_latest_only_with_trigger.py
[2025-10-10T08:58:29.476+0000] {processor.py:925} INFO - DAG(s) 'latest_only_with_trigger' retrieved from /home/airflow/.local/lib/python3.12/site-packages/airflow/example_dags/example_latest_only_with_trigger.py
[2025-10-10T08:58:29.576+0000] {logging_mixin.py:190} INFO - [2025-10-10T08:58:29.574+0000] {dag.py:3211} INFO - Sync 1 DAGs
[2025-10-10T08:58:29.711+0000] {logging_mixin.py:190} INFO - [2025-10-10T08:58:29.706+0000] {dag.py:4138} INFO - Setting next_dagrun for latest_only_with_trigger to 2025-10-10 04:00:00+00:00, run_after=2025-10-10 08:00:00+00:00
[2025-10-10T08:58:29.824+0000] {processor.py:208} INFO - Processing /home/airflow/.local/lib/python3.12/site-packages/airflow/example_dags/example_latest_only_with_trigger.py took 0.388 seconds
[2025-10-10T09:01:26.358+0000] {processor.py:186} INFO - Started process (PID=80) to work on /home/airflow/.local/lib/python3.12/site-packages/airflow/example_dags/example_latest_only_with_trigger.py
[2025-10-10T09:01:26.361+0000] {processor.py:914} INFO - Processing file /home/airflow/.local/lib/python3.12/site-packages/airflow/example_dags/example_latest_only_with_trigger.py for tasks to queue
[2025-10-10T09:01:26.377+0000] {logging_mixin.py:190} INFO - [2025-10-10T09:01:26.376+0000] {dagbag.py:587} INFO - Filling up the DagBag from /home/airflow/.local/lib/python3.12/site-packages/airflow/example_dags/example_latest_only_with_trigger.py
[2025-10-10T09:01:26.427+0000] {processor.py:925} INFO - DAG(s) 'latest_only_with_trigger' retrieved from /home/airflow/.local/lib/python3.12/site-packages/airflow/example_dags/example_latest_only_with_trigger.py
[2025-10-10T09:01:26.553+0000] {logging_mixin.py:190} INFO - [2025-10-10T09:01:26.552+0000] {dag.py:3211} INFO - Sync 1 DAGs
[2025-10-10T09:01:26.683+0000] {logging_mixin.py:190} INFO - [2025-10-10T09:01:26.682+0000] {dag.py:4138} INFO - Setting next_dagrun for latest_only_with_trigger to 2025-10-10 04:00:00+00:00, run_after=2025-10-10 08:00:00+00:00
[2025-10-10T09:01:26.876+0000] {processor.py:208} INFO - Processing /home/airflow/.local/lib/python3.12/site-packages/airflow/example_dags/example_latest_only_with_trigger.py took 0.553 seconds
[2025-10-10T09:01:57.296+0000] {processor.py:186} INFO - Started process (PID=143) to work on /home/airflow/.local/lib/python3.12/site-packages/airflow/example_dags/example_latest_only_with_trigger.py
[2025-10-10T09:01:57.300+0000] {processor.py:914} INFO - Processing file /home/airflow/.local/lib/python3.12/site-packages/airflow/example_dags/example_latest_only_with_trigger.py for tasks to queue
[2025-10-10T09:01:57.307+0000] {logging_mixin.py:190} INFO - [2025-10-10T09:01:57.306+0000] {dagbag.py:587} INFO - Filling up the DagBag from /home/airflow/.local/lib/python3.12/site-packages/airflow/example_dags/example_latest_only_with_trigger.py
[2025-10-10T09:01:57.328+0000] {processor.py:925} INFO - DAG(s) 'latest_only_with_trigger' retrieved from /home/airflow/.local/lib/python3.12/site-packages/airflow/example_dags/example_latest_only_with_trigger.py
[2025-10-10T09:01:57.393+0000] {logging_mixin.py:190} INFO - [2025-10-10T09:01:57.392+0000] {dag.py:3211} INFO - Sync 1 DAGs
[2025-10-10T09:01:57.476+0000] {logging_mixin.py:190} INFO - [2025-10-10T09:01:57.475+0000] {dag.py:4138} INFO - Setting next_dagrun for latest_only_with_trigger to 2025-10-10 04:00:00+00:00, run_after=2025-10-10 08:00:00+00:00
[2025-10-10T09:01:57.548+0000] {processor.py:208} INFO - Processing /home/airflow/.local/lib/python3.12/site-packages/airflow/example_dags/example_latest_only_with_trigger.py took 0.270 seconds
[2025-10-10T09:02:28.056+0000] {processor.py:186} INFO - Started process (PID=206) to work on /home/airflow/.local/lib/python3.12/site-packages/airflow/example_dags/example_latest_only_with_trigger.py
[2025-10-10T09:02:28.059+0000] {processor.py:914} INFO - Processing file /home/airflow/.local/lib/python3.12/site-packages/airflow/example_dags/example_latest_only_with_trigger.py for tasks to queue
[2025-10-10T09:02:28.067+0000] {logging_mixin.py:190} INFO - [2025-10-10T09:02:28.066+0000] {dagbag.py:587} INFO - Filling up the DagBag from /home/airflow/.local/lib/python3.12/site-packages/airflow/example_dags/example_latest_only_with_trigger.py
[2025-10-10T09:02:28.093+0000] {processor.py:925} INFO - DAG(s) 'latest_only_with_trigger' retrieved from /home/airflow/.local/lib/python3.12/site-packages/airflow/example_dags/example_latest_only_with_trigger.py
[2025-10-10T09:02:28.171+0000] {logging_mixin.py:190} INFO - [2025-10-10T09:02:28.170+0000] {dag.py:3211} INFO - Sync 1 DAGs
[2025-10-10T09:02:28.267+0000] {logging_mixin.py:190} INFO - [2025-10-10T09:02:28.266+0000] {dag.py:4138} INFO - Setting next_dagrun for latest_only_with_trigger to 2025-10-10 04:00:00+00:00, run_after=2025-10-10 08:00:00+00:00
[2025-10-10T09:02:28.316+0000] {processor.py:208} INFO - Processing /home/airflow/.local/lib/python3.12/site-packages/airflow/example_dags/example_latest_only_with_trigger.py took 0.274 seconds
[2025-10-10T09:02:58.523+0000] {processor.py:186} INFO - Started process (PID=270) to work on /home/airflow/.local/lib/python3.12/site-packages/airflow/example_dags/example_latest_only_with_trigger.py
[2025-10-10T09:02:58.526+0000] {processor.py:914} INFO - Processing file /home/airflow/.local/lib/python3.12/site-packages/airflow/example_dags/example_latest_only_with_trigger.py for tasks to queue
[2025-10-10T09:02:58.531+0000] {logging_mixin.py:190} INFO - [2025-10-10T09:02:58.530+0000] {dagbag.py:587} INFO - Filling up the DagBag from /home/airflow/.local/lib/python3.12/site-packages/airflow/example_dags/example_latest_only_with_trigger.py
[2025-10-10T09:02:58.550+0000] {processor.py:925} INFO - DAG(s) 'latest_only_with_trigger' retrieved from /home/airflow/.local/lib/python3.12/site-packages/airflow/example_dags/example_latest_only_with_trigger.py
[2025-10-10T09:02:58.614+0000] {logging_mixin.py:190} INFO - [2025-10-10T09:02:58.613+0000] {dag.py:3211} INFO - Sync 1 DAGs
[2025-10-10T09:02:58.685+0000] {logging_mixin.py:190} INFO - [2025-10-10T09:02:58.684+0000] {dag.py:4138} INFO - Setting next_dagrun for latest_only_with_trigger to 2025-10-10 04:00:00+00:00, run_after=2025-10-10 08:00:00+00:00
[2025-10-10T09:02:58.741+0000] {processor.py:208} INFO - Processing /home/airflow/.local/lib/python3.12/site-packages/airflow/example_dags/example_latest_only_with_trigger.py took 0.232 seconds
[2025-10-10T09:03:29.315+0000] {processor.py:186} INFO - Started process (PID=333) to work on /home/airflow/.local/lib/python3.12/site-packages/airflow/example_dags/example_latest_only_with_trigger.py
[2025-10-10T09:03:29.317+0000] {processor.py:914} INFO - Processing file /home/airflow/.local/lib/python3.12/site-packages/airflow/example_dags/example_latest_only_with_trigger.py for tasks to queue
[2025-10-10T09:03:29.323+0000] {logging_mixin.py:190} INFO - [2025-10-10T09:03:29.322+0000] {dagbag.py:587} INFO - Filling up the DagBag from /home/airflow/.local/lib/python3.12/site-packages/airflow/example_dags/example_latest_only_with_trigger.py
[2025-10-10T09:03:29.344+0000] {processor.py:925} INFO - DAG(s) 'latest_only_with_trigger' retrieved from /home/airflow/.local/lib/python3.12/site-packages/airflow/example_dags/example_latest_only_with_trigger.py
[2025-10-10T09:03:29.393+0000] {logging_mixin.py:190} INFO - [2025-10-10T09:03:29.392+0000] {dag.py:3211} INFO - Sync 1 DAGs
[2025-10-10T09:03:29.477+0000] {logging_mixin.py:190} INFO - [2025-10-10T09:03:29.476+0000] {dag.py:4138} INFO - Setting next_dagrun for latest_only_with_trigger to 2025-10-10 04:00:00+00:00, run_after=2025-10-10 08:00:00+00:00
[2025-10-10T09:03:29.530+0000] {processor.py:208} INFO - Processing /home/airflow/.local/lib/python3.12/site-packages/airflow/example_dags/example_latest_only_with_trigger.py took 0.230 seconds
[2025-10-10T09:04:00.574+0000] {processor.py:186} INFO - Started process (PID=396) to work on /home/airflow/.local/lib/python3.12/site-packages/airflow/example_dags/example_latest_only_with_trigger.py
[2025-10-10T09:04:00.578+0000] {processor.py:914} INFO - Processing file /home/airflow/.local/lib/python3.12/site-packages/airflow/example_dags/example_latest_only_with_trigger.py for tasks to queue
[2025-10-10T09:04:00.587+0000] {logging_mixin.py:190} INFO - [2025-10-10T09:04:00.586+0000] {dagbag.py:587} INFO - Filling up the DagBag from /home/airflow/.local/lib/python3.12/site-packages/airflow/example_dags/example_latest_only_with_trigger.py
[2025-10-10T09:04:00.614+0000] {processor.py:925} INFO - DAG(s) 'latest_only_with_trigger' retrieved from /home/airflow/.local/lib/python3.12/site-packages/airflow/example_dags/example_latest_only_with_trigger.py
[2025-10-10T09:04:00.667+0000] {logging_mixin.py:190} INFO - [2025-10-10T09:04:00.666+0000] {dag.py:3211} INFO - Sync 1 DAGs
[2025-10-10T09:04:00.749+0000] {logging_mixin.py:190} INFO - [2025-10-10T09:04:00.748+0000] {dag.py:4138} INFO - Setting next_dagrun for latest_only_with_trigger to 2025-10-10 04:00:00+00:00, run_after=2025-10-10 08:00:00+00:00
[2025-10-10T09:04:00.849+0000] {processor.py:208} INFO - Processing /home/airflow/.local/lib/python3.12/site-packages/airflow/example_dags/example_latest_only_with_trigger.py took 0.301 seconds
[2025-10-10T09:04:31.021+0000] {processor.py:186} INFO - Started process (PID=459) to work on /home/airflow/.local/lib/python3.12/site-packages/airflow/example_dags/example_latest_only_with_trigger.py
[2025-10-10T09:04:31.024+0000] {processor.py:914} INFO - Processing file /home/airflow/.local/lib/python3.12/site-packages/airflow/example_dags/example_latest_only_with_trigger.py for tasks to queue
[2025-10-10T09:04:31.032+0000] {logging_mixin.py:190} INFO - [2025-10-10T09:04:31.031+0000] {dagbag.py:587} INFO - Filling up the DagBag from /home/airflow/.local/lib/python3.12/site-packages/airflow/example_dags/example_latest_only_with_trigger.py
[2025-10-10T09:04:31.084+0000] {processor.py:925} INFO - DAG(s) 'latest_only_with_trigger' retrieved from /home/airflow/.local/lib/python3.12/site-packages/airflow/example_dags/example_latest_only_with_trigger.py
[2025-10-10T09:04:31.151+0000] {logging_mixin.py:190} INFO - [2025-10-10T09:04:31.151+0000] {dag.py:3211} INFO - Sync 1 DAGs
[2025-10-10T09:04:31.194+0000] {logging_mixin.py:190} INFO - [2025-10-10T09:04:31.193+0000] {dag.py:4138} INFO - Setting next_dagrun for latest_only_with_trigger to 2025-10-10 04:00:00+00:00, run_after=2025-10-10 08:00:00+00:00
[2025-10-10T09:04:31.233+0000] {processor.py:208} INFO - Processing /home/airflow/.local/lib/python3.12/site-packages/airflow/example_dags/example_latest_only_with_trigger.py took 0.234 seconds
[2025-10-10T09:05:01.575+0000] {processor.py:186} INFO - Started process (PID=522) to work on /home/airflow/.local/lib/python3.12/site-packages/airflow/example_dags/example_latest_only_with_trigger.py
[2025-10-10T09:05:01.578+0000] {processor.py:914} INFO - Processing file /home/airflow/.local/lib/python3.12/site-packages/airflow/example_dags/example_latest_only_with_trigger.py for tasks to queue
[2025-10-10T09:05:01.586+0000] {logging_mixin.py:190} INFO - [2025-10-10T09:05:01.585+0000] {dagbag.py:587} INFO - Filling up the DagBag from /home/airflow/.local/lib/python3.12/site-packages/airflow/example_dags/example_latest_only_with_trigger.py
[2025-10-10T09:05:01.610+0000] {processor.py:925} INFO - DAG(s) 'latest_only_with_trigger' retrieved from /home/airflow/.local/lib/python3.12/site-packages/airflow/example_dags/example_latest_only_with_trigger.py
[2025-10-10T09:05:01.662+0000] {logging_mixin.py:190} INFO - [2025-10-10T09:05:01.662+0000] {dag.py:3211} INFO - Sync 1 DAGs
[2025-10-10T09:05:01.712+0000] {logging_mixin.py:190} INFO - [2025-10-10T09:05:01.712+0000] {dag.py:4138} INFO - Setting next_dagrun for latest_only_with_trigger to 2025-10-10 04:00:00+00:00, run_after=2025-10-10 08:00:00+00:00
[2025-10-10T09:05:01.757+0000] {processor.py:208} INFO - Processing /home/airflow/.local/lib/python3.12/site-packages/airflow/example_dags/example_latest_only_with_trigger.py took 0.201 seconds
[2025-10-10T09:05:32.432+0000] {processor.py:186} INFO - Started process (PID=585) to work on /home/airflow/.local/lib/python3.12/site-packages/airflow/example_dags/example_latest_only_with_trigger.py
[2025-10-10T09:05:32.435+0000] {processor.py:914} INFO - Processing file /home/airflow/.local/lib/python3.12/site-packages/airflow/example_dags/example_latest_only_with_trigger.py for tasks to queue
[2025-10-10T09:05:32.443+0000] {logging_mixin.py:190} INFO - [2025-10-10T09:05:32.442+0000] {dagbag.py:587} INFO - Filling up the DagBag from /home/airflow/.local/lib/python3.12/site-packages/airflow/example_dags/example_latest_only_with_trigger.py
[2025-10-10T09:05:32.468+0000] {processor.py:925} INFO - DAG(s) 'latest_only_with_trigger' retrieved from /home/airflow/.local/lib/python3.12/site-packages/airflow/example_dags/example_latest_only_with_trigger.py
[2025-10-10T09:05:32.529+0000] {logging_mixin.py:190} INFO - [2025-10-10T09:05:32.528+0000] {dag.py:3211} INFO - Sync 1 DAGs
[2025-10-10T09:05:32.599+0000] {logging_mixin.py:190} INFO - [2025-10-10T09:05:32.598+0000] {dag.py:4138} INFO - Setting next_dagrun for latest_only_with_trigger to 2025-10-10 04:00:00+00:00, run_after=2025-10-10 08:00:00+00:00
[2025-10-10T09:05:32.659+0000] {processor.py:208} INFO - Processing /home/airflow/.local/lib/python3.12/site-packages/airflow/example_dags/example_latest_only_with_trigger.py took 0.251 seconds
