[2025-10-10T08:37:59.809+0000] {processor.py:186} INFO - Started process (PID=113) to work on /home/airflow/.local/lib/python3.12/site-packages/airflow/example_dags/example_branch_datetime_operator.py
[2025-10-10T08:37:59.813+0000] {processor.py:914} INFO - Processing file /home/airflow/.local/lib/python3.12/site-packages/airflow/example_dags/example_branch_datetime_operator.py for tasks to queue
[2025-10-10T08:37:59.828+0000] {logging_mixin.py:190} INFO - [2025-10-10T08:37:59.826+0000] {dagbag.py:587} INFO - Filling up the DagBag from /home/airflow/.local/lib/python3.12/site-packages/airflow/example_dags/example_branch_datetime_operator.py
[2025-10-10T08:37:59.869+0000] {processor.py:925} INFO - DAG(s) 'example_branch_datetime_operator_2', 'example_branch_datetime_operator', 'example_branch_datetime_operator_3' retrieved from /home/airflow/.local/lib/python3.12/site-packages/airflow/example_dags/example_branch_datetime_operator.py
[2025-10-10T08:37:59.947+0000] {logging_mixin.py:190} INFO - [2025-10-10T08:37:59.946+0000] {dag.py:3211} INFO - Sync 3 DAGs
[2025-10-10T08:37:59.998+0000] {logging_mixin.py:190} INFO - [2025-10-10T08:37:59.998+0000] {dag.py:4138} INFO - Setting next_dagrun for example_branch_datetime_operator to 2025-10-09 00:00:00+00:00, run_after=2025-10-10 00:00:00+00:00
[2025-10-10T08:38:00.010+0000] {logging_mixin.py:190} INFO - [2025-10-10T08:38:00.010+0000] {dag.py:4138} INFO - Setting next_dagrun for example_branch_datetime_operator_2 to 2025-10-09 00:00:00+00:00, run_after=2025-10-10 00:00:00+00:00
[2025-10-10T08:38:00.016+0000] {logging_mixin.py:190} INFO - [2025-10-10T08:38:00.016+0000] {dag.py:4138} INFO - Setting next_dagrun for example_branch_datetime_operator_3 to 2025-10-09 00:00:00+00:00, run_after=2025-10-10 00:00:00+00:00
[2025-10-10T08:38:00.056+0000] {processor.py:208} INFO - Processing /home/airflow/.local/lib/python3.12/site-packages/airflow/example_dags/example_branch_datetime_operator.py took 0.267 seconds
[2025-10-10T08:38:30.896+0000] {processor.py:186} INFO - Started process (PID=176) to work on /home/airflow/.local/lib/python3.12/site-packages/airflow/example_dags/example_branch_datetime_operator.py
[2025-10-10T08:38:30.900+0000] {processor.py:914} INFO - Processing file /home/airflow/.local/lib/python3.12/site-packages/airflow/example_dags/example_branch_datetime_operator.py for tasks to queue
[2025-10-10T08:38:30.911+0000] {logging_mixin.py:190} INFO - [2025-10-10T08:38:30.910+0000] {dagbag.py:587} INFO - Filling up the DagBag from /home/airflow/.local/lib/python3.12/site-packages/airflow/example_dags/example_branch_datetime_operator.py
[2025-10-10T08:38:30.964+0000] {processor.py:925} INFO - DAG(s) 'example_branch_datetime_operator', 'example_branch_datetime_operator_3', 'example_branch_datetime_operator_2' retrieved from /home/airflow/.local/lib/python3.12/site-packages/airflow/example_dags/example_branch_datetime_operator.py
[2025-10-10T08:38:31.058+0000] {logging_mixin.py:190} INFO - [2025-10-10T08:38:31.057+0000] {dag.py:3211} INFO - Sync 3 DAGs
[2025-10-10T08:38:31.143+0000] {logging_mixin.py:190} INFO - [2025-10-10T08:38:31.143+0000] {dag.py:4138} INFO - Setting next_dagrun for example_branch_datetime_operator to 2025-10-09 00:00:00+00:00, run_after=2025-10-10 00:00:00+00:00
[2025-10-10T08:38:31.154+0000] {logging_mixin.py:190} INFO - [2025-10-10T08:38:31.154+0000] {dag.py:4138} INFO - Setting next_dagrun for example_branch_datetime_operator_2 to 2025-10-09 00:00:00+00:00, run_after=2025-10-10 00:00:00+00:00
[2025-10-10T08:38:31.159+0000] {logging_mixin.py:190} INFO - [2025-10-10T08:38:31.159+0000] {dag.py:4138} INFO - Setting next_dagrun for example_branch_datetime_operator_3 to 2025-10-09 00:00:00+00:00, run_after=2025-10-10 00:00:00+00:00
[2025-10-10T08:38:31.197+0000] {processor.py:208} INFO - Processing /home/airflow/.local/lib/python3.12/site-packages/airflow/example_dags/example_branch_datetime_operator.py took 0.327 seconds
[2025-10-10T08:39:02.645+0000] {processor.py:186} INFO - Started process (PID=239) to work on /home/airflow/.local/lib/python3.12/site-packages/airflow/example_dags/example_branch_datetime_operator.py
[2025-10-10T08:39:02.649+0000] {processor.py:914} INFO - Processing file /home/airflow/.local/lib/python3.12/site-packages/airflow/example_dags/example_branch_datetime_operator.py for tasks to queue
[2025-10-10T08:39:02.655+0000] {logging_mixin.py:190} INFO - [2025-10-10T08:39:02.654+0000] {dagbag.py:587} INFO - Filling up the DagBag from /home/airflow/.local/lib/python3.12/site-packages/airflow/example_dags/example_branch_datetime_operator.py
[2025-10-10T08:39:02.689+0000] {processor.py:925} INFO - DAG(s) 'example_branch_datetime_operator_2', 'example_branch_datetime_operator_3', 'example_branch_datetime_operator' retrieved from /home/airflow/.local/lib/python3.12/site-packages/airflow/example_dags/example_branch_datetime_operator.py
[2025-10-10T08:39:02.748+0000] {logging_mixin.py:190} INFO - [2025-10-10T08:39:02.748+0000] {dag.py:3211} INFO - Sync 3 DAGs
[2025-10-10T08:39:02.791+0000] {logging_mixin.py:190} INFO - [2025-10-10T08:39:02.790+0000] {dag.py:4138} INFO - Setting next_dagrun for example_branch_datetime_operator to 2025-10-09 00:00:00+00:00, run_after=2025-10-10 00:00:00+00:00
[2025-10-10T08:39:02.799+0000] {logging_mixin.py:190} INFO - [2025-10-10T08:39:02.799+0000] {dag.py:4138} INFO - Setting next_dagrun for example_branch_datetime_operator_2 to 2025-10-09 00:00:00+00:00, run_after=2025-10-10 00:00:00+00:00
[2025-10-10T08:39:02.808+0000] {logging_mixin.py:190} INFO - [2025-10-10T08:39:02.808+0000] {dag.py:4138} INFO - Setting next_dagrun for example_branch_datetime_operator_3 to 2025-10-09 00:00:00+00:00, run_after=2025-10-10 00:00:00+00:00
[2025-10-10T08:39:02.845+0000] {processor.py:208} INFO - Processing /home/airflow/.local/lib/python3.12/site-packages/airflow/example_dags/example_branch_datetime_operator.py took 0.216 seconds
[2025-10-10T08:39:33.103+0000] {processor.py:186} INFO - Started process (PID=302) to work on /home/airflow/.local/lib/python3.12/site-packages/airflow/example_dags/example_branch_datetime_operator.py
[2025-10-10T08:39:33.106+0000] {processor.py:914} INFO - Processing file /home/airflow/.local/lib/python3.12/site-packages/airflow/example_dags/example_branch_datetime_operator.py for tasks to queue
[2025-10-10T08:39:33.114+0000] {logging_mixin.py:190} INFO - [2025-10-10T08:39:33.113+0000] {dagbag.py:587} INFO - Filling up the DagBag from /home/airflow/.local/lib/python3.12/site-packages/airflow/example_dags/example_branch_datetime_operator.py
[2025-10-10T08:39:33.153+0000] {processor.py:925} INFO - DAG(s) 'example_branch_datetime_operator', 'example_branch_datetime_operator_2', 'example_branch_datetime_operator_3' retrieved from /home/airflow/.local/lib/python3.12/site-packages/airflow/example_dags/example_branch_datetime_operator.py
[2025-10-10T08:39:33.226+0000] {logging_mixin.py:190} INFO - [2025-10-10T08:39:33.226+0000] {dag.py:3211} INFO - Sync 3 DAGs
[2025-10-10T08:39:33.291+0000] {logging_mixin.py:190} INFO - [2025-10-10T08:39:33.290+0000] {dag.py:4138} INFO - Setting next_dagrun for example_branch_datetime_operator to 2025-10-09 00:00:00+00:00, run_after=2025-10-10 00:00:00+00:00
[2025-10-10T08:39:33.306+0000] {logging_mixin.py:190} INFO - [2025-10-10T08:39:33.305+0000] {dag.py:4138} INFO - Setting next_dagrun for example_branch_datetime_operator_2 to 2025-10-09 00:00:00+00:00, run_after=2025-10-10 00:00:00+00:00
[2025-10-10T08:39:33.317+0000] {logging_mixin.py:190} INFO - [2025-10-10T08:39:33.316+0000] {dag.py:4138} INFO - Setting next_dagrun for example_branch_datetime_operator_3 to 2025-10-09 00:00:00+00:00, run_after=2025-10-10 00:00:00+00:00
[2025-10-10T08:39:33.420+0000] {processor.py:208} INFO - Processing /home/airflow/.local/lib/python3.12/site-packages/airflow/example_dags/example_branch_datetime_operator.py took 0.343 seconds
[2025-10-10T08:40:06.025+0000] {processor.py:186} INFO - Started process (PID=365) to work on /home/airflow/.local/lib/python3.12/site-packages/airflow/example_dags/example_branch_datetime_operator.py
[2025-10-10T08:40:06.028+0000] {processor.py:914} INFO - Processing file /home/airflow/.local/lib/python3.12/site-packages/airflow/example_dags/example_branch_datetime_operator.py for tasks to queue
[2025-10-10T08:40:06.038+0000] {logging_mixin.py:190} INFO - [2025-10-10T08:40:06.037+0000] {dagbag.py:587} INFO - Filling up the DagBag from /home/airflow/.local/lib/python3.12/site-packages/airflow/example_dags/example_branch_datetime_operator.py
[2025-10-10T08:40:06.076+0000] {processor.py:925} INFO - DAG(s) 'example_branch_datetime_operator', 'example_branch_datetime_operator_2', 'example_branch_datetime_operator_3' retrieved from /home/airflow/.local/lib/python3.12/site-packages/airflow/example_dags/example_branch_datetime_operator.py
[2025-10-10T08:40:06.155+0000] {logging_mixin.py:190} INFO - [2025-10-10T08:40:06.154+0000] {dag.py:3211} INFO - Sync 3 DAGs
[2025-10-10T08:40:06.207+0000] {logging_mixin.py:190} INFO - [2025-10-10T08:40:06.206+0000] {dag.py:4138} INFO - Setting next_dagrun for example_branch_datetime_operator to 2025-10-09 00:00:00+00:00, run_after=2025-10-10 00:00:00+00:00
[2025-10-10T08:40:06.219+0000] {logging_mixin.py:190} INFO - [2025-10-10T08:40:06.218+0000] {dag.py:4138} INFO - Setting next_dagrun for example_branch_datetime_operator_2 to 2025-10-09 00:00:00+00:00, run_after=2025-10-10 00:00:00+00:00
[2025-10-10T08:40:06.226+0000] {logging_mixin.py:190} INFO - [2025-10-10T08:40:06.225+0000] {dag.py:4138} INFO - Setting next_dagrun for example_branch_datetime_operator_3 to 2025-10-09 00:00:00+00:00, run_after=2025-10-10 00:00:00+00:00
[2025-10-10T08:40:06.278+0000] {processor.py:208} INFO - Processing /home/airflow/.local/lib/python3.12/site-packages/airflow/example_dags/example_branch_datetime_operator.py took 0.273 seconds
[2025-10-10T08:40:37.744+0000] {processor.py:186} INFO - Started process (PID=428) to work on /home/airflow/.local/lib/python3.12/site-packages/airflow/example_dags/example_branch_datetime_operator.py
[2025-10-10T08:40:37.749+0000] {processor.py:914} INFO - Processing file /home/airflow/.local/lib/python3.12/site-packages/airflow/example_dags/example_branch_datetime_operator.py for tasks to queue
[2025-10-10T08:40:37.761+0000] {logging_mixin.py:190} INFO - [2025-10-10T08:40:37.760+0000] {dagbag.py:587} INFO - Filling up the DagBag from /home/airflow/.local/lib/python3.12/site-packages/airflow/example_dags/example_branch_datetime_operator.py
[2025-10-10T08:40:37.817+0000] {processor.py:925} INFO - DAG(s) 'example_branch_datetime_operator_2', 'example_branch_datetime_operator', 'example_branch_datetime_operator_3' retrieved from /home/airflow/.local/lib/python3.12/site-packages/airflow/example_dags/example_branch_datetime_operator.py
[2025-10-10T08:40:37.957+0000] {logging_mixin.py:190} INFO - [2025-10-10T08:40:37.956+0000] {dag.py:3211} INFO - Sync 3 DAGs
[2025-10-10T08:40:38.045+0000] {logging_mixin.py:190} INFO - [2025-10-10T08:40:38.039+0000] {dag.py:4138} INFO - Setting next_dagrun for example_branch_datetime_operator to 2025-10-09 00:00:00+00:00, run_after=2025-10-10 00:00:00+00:00
[2025-10-10T08:40:38.062+0000] {logging_mixin.py:190} INFO - [2025-10-10T08:40:38.061+0000] {dag.py:4138} INFO - Setting next_dagrun for example_branch_datetime_operator_2 to 2025-10-09 00:00:00+00:00, run_after=2025-10-10 00:00:00+00:00
[2025-10-10T08:40:38.069+0000] {logging_mixin.py:190} INFO - [2025-10-10T08:40:38.068+0000] {dag.py:4138} INFO - Setting next_dagrun for example_branch_datetime_operator_3 to 2025-10-09 00:00:00+00:00, run_after=2025-10-10 00:00:00+00:00
[2025-10-10T08:40:38.117+0000] {processor.py:208} INFO - Processing /home/airflow/.local/lib/python3.12/site-packages/airflow/example_dags/example_branch_datetime_operator.py took 0.403 seconds
[2025-10-10T08:41:09.005+0000] {processor.py:186} INFO - Started process (PID=491) to work on /home/airflow/.local/lib/python3.12/site-packages/airflow/example_dags/example_branch_datetime_operator.py
[2025-10-10T08:41:09.009+0000] {processor.py:914} INFO - Processing file /home/airflow/.local/lib/python3.12/site-packages/airflow/example_dags/example_branch_datetime_operator.py for tasks to queue
[2025-10-10T08:41:09.018+0000] {logging_mixin.py:190} INFO - [2025-10-10T08:41:09.017+0000] {dagbag.py:587} INFO - Filling up the DagBag from /home/airflow/.local/lib/python3.12/site-packages/airflow/example_dags/example_branch_datetime_operator.py
[2025-10-10T08:41:09.063+0000] {processor.py:925} INFO - DAG(s) 'example_branch_datetime_operator', 'example_branch_datetime_operator_2', 'example_branch_datetime_operator_3' retrieved from /home/airflow/.local/lib/python3.12/site-packages/airflow/example_dags/example_branch_datetime_operator.py
[2025-10-10T08:41:09.166+0000] {logging_mixin.py:190} INFO - [2025-10-10T08:41:09.165+0000] {dag.py:3211} INFO - Sync 3 DAGs
[2025-10-10T08:41:09.330+0000] {logging_mixin.py:190} INFO - [2025-10-10T08:41:09.329+0000] {dag.py:4138} INFO - Setting next_dagrun for example_branch_datetime_operator to 2025-10-09 00:00:00+00:00, run_after=2025-10-10 00:00:00+00:00
[2025-10-10T08:41:09.362+0000] {logging_mixin.py:190} INFO - [2025-10-10T08:41:09.361+0000] {dag.py:4138} INFO - Setting next_dagrun for example_branch_datetime_operator_2 to 2025-10-09 00:00:00+00:00, run_after=2025-10-10 00:00:00+00:00
[2025-10-10T08:41:09.379+0000] {logging_mixin.py:190} INFO - [2025-10-10T08:41:09.378+0000] {dag.py:4138} INFO - Setting next_dagrun for example_branch_datetime_operator_3 to 2025-10-09 00:00:00+00:00, run_after=2025-10-10 00:00:00+00:00
[2025-10-10T08:41:09.429+0000] {processor.py:208} INFO - Processing /home/airflow/.local/lib/python3.12/site-packages/airflow/example_dags/example_branch_datetime_operator.py took 0.449 seconds
[2025-10-10T08:41:40.675+0000] {processor.py:186} INFO - Started process (PID=560) to work on /home/airflow/.local/lib/python3.12/site-packages/airflow/example_dags/example_branch_datetime_operator.py
[2025-10-10T08:41:40.678+0000] {processor.py:914} INFO - Processing file /home/airflow/.local/lib/python3.12/site-packages/airflow/example_dags/example_branch_datetime_operator.py for tasks to queue
[2025-10-10T08:41:40.684+0000] {logging_mixin.py:190} INFO - [2025-10-10T08:41:40.683+0000] {dagbag.py:587} INFO - Filling up the DagBag from /home/airflow/.local/lib/python3.12/site-packages/airflow/example_dags/example_branch_datetime_operator.py
[2025-10-10T08:41:40.711+0000] {processor.py:925} INFO - DAG(s) 'example_branch_datetime_operator', 'example_branch_datetime_operator_2', 'example_branch_datetime_operator_3' retrieved from /home/airflow/.local/lib/python3.12/site-packages/airflow/example_dags/example_branch_datetime_operator.py
[2025-10-10T08:41:40.767+0000] {logging_mixin.py:190} INFO - [2025-10-10T08:41:40.766+0000] {dag.py:3211} INFO - Sync 3 DAGs
[2025-10-10T08:41:40.818+0000] {logging_mixin.py:190} INFO - [2025-10-10T08:41:40.818+0000] {dag.py:4138} INFO - Setting next_dagrun for example_branch_datetime_operator to 2025-10-09 00:00:00+00:00, run_after=2025-10-10 00:00:00+00:00
[2025-10-10T08:41:40.828+0000] {logging_mixin.py:190} INFO - [2025-10-10T08:41:40.827+0000] {dag.py:4138} INFO - Setting next_dagrun for example_branch_datetime_operator_2 to 2025-10-09 00:00:00+00:00, run_after=2025-10-10 00:00:00+00:00
[2025-10-10T08:41:40.833+0000] {logging_mixin.py:190} INFO - [2025-10-10T08:41:40.832+0000] {dag.py:4138} INFO - Setting next_dagrun for example_branch_datetime_operator_3 to 2025-10-09 00:00:00+00:00, run_after=2025-10-10 00:00:00+00:00
[2025-10-10T08:41:40.879+0000] {processor.py:208} INFO - Processing /home/airflow/.local/lib/python3.12/site-packages/airflow/example_dags/example_branch_datetime_operator.py took 0.217 seconds
[2025-10-10T08:42:11.923+0000] {processor.py:186} INFO - Started process (PID=623) to work on /home/airflow/.local/lib/python3.12/site-packages/airflow/example_dags/example_branch_datetime_operator.py
[2025-10-10T08:42:11.925+0000] {processor.py:914} INFO - Processing file /home/airflow/.local/lib/python3.12/site-packages/airflow/example_dags/example_branch_datetime_operator.py for tasks to queue
[2025-10-10T08:42:11.932+0000] {logging_mixin.py:190} INFO - [2025-10-10T08:42:11.931+0000] {dagbag.py:587} INFO - Filling up the DagBag from /home/airflow/.local/lib/python3.12/site-packages/airflow/example_dags/example_branch_datetime_operator.py
[2025-10-10T08:42:11.970+0000] {processor.py:925} INFO - DAG(s) 'example_branch_datetime_operator_3', 'example_branch_datetime_operator_2', 'example_branch_datetime_operator' retrieved from /home/airflow/.local/lib/python3.12/site-packages/airflow/example_dags/example_branch_datetime_operator.py
[2025-10-10T08:42:12.031+0000] {logging_mixin.py:190} INFO - [2025-10-10T08:42:12.031+0000] {dag.py:3211} INFO - Sync 3 DAGs
[2025-10-10T08:42:12.109+0000] {logging_mixin.py:190} INFO - [2025-10-10T08:42:12.108+0000] {dag.py:4138} INFO - Setting next_dagrun for example_branch_datetime_operator to 2025-10-09 00:00:00+00:00, run_after=2025-10-10 00:00:00+00:00
[2025-10-10T08:42:12.120+0000] {logging_mixin.py:190} INFO - [2025-10-10T08:42:12.119+0000] {dag.py:4138} INFO - Setting next_dagrun for example_branch_datetime_operator_2 to 2025-10-09 00:00:00+00:00, run_after=2025-10-10 00:00:00+00:00
[2025-10-10T08:42:12.126+0000] {logging_mixin.py:190} INFO - [2025-10-10T08:42:12.126+0000] {dag.py:4138} INFO - Setting next_dagrun for example_branch_datetime_operator_3 to 2025-10-09 00:00:00+00:00, run_after=2025-10-10 00:00:00+00:00
[2025-10-10T08:42:12.170+0000] {processor.py:208} INFO - Processing /home/airflow/.local/lib/python3.12/site-packages/airflow/example_dags/example_branch_datetime_operator.py took 0.264 seconds
[2025-10-10T08:42:42.621+0000] {processor.py:186} INFO - Started process (PID=686) to work on /home/airflow/.local/lib/python3.12/site-packages/airflow/example_dags/example_branch_datetime_operator.py
[2025-10-10T08:42:42.624+0000] {processor.py:914} INFO - Processing file /home/airflow/.local/lib/python3.12/site-packages/airflow/example_dags/example_branch_datetime_operator.py for tasks to queue
[2025-10-10T08:42:42.631+0000] {logging_mixin.py:190} INFO - [2025-10-10T08:42:42.630+0000] {dagbag.py:587} INFO - Filling up the DagBag from /home/airflow/.local/lib/python3.12/site-packages/airflow/example_dags/example_branch_datetime_operator.py
[2025-10-10T08:42:42.658+0000] {processor.py:925} INFO - DAG(s) 'example_branch_datetime_operator', 'example_branch_datetime_operator_3', 'example_branch_datetime_operator_2' retrieved from /home/airflow/.local/lib/python3.12/site-packages/airflow/example_dags/example_branch_datetime_operator.py
[2025-10-10T08:42:42.723+0000] {logging_mixin.py:190} INFO - [2025-10-10T08:42:42.723+0000] {dag.py:3211} INFO - Sync 3 DAGs
[2025-10-10T08:42:42.773+0000] {logging_mixin.py:190} INFO - [2025-10-10T08:42:42.772+0000] {dag.py:4138} INFO - Setting next_dagrun for example_branch_datetime_operator to 2025-10-09 00:00:00+00:00, run_after=2025-10-10 00:00:00+00:00
[2025-10-10T08:42:42.782+0000] {logging_mixin.py:190} INFO - [2025-10-10T08:42:42.782+0000] {dag.py:4138} INFO - Setting next_dagrun for example_branch_datetime_operator_2 to 2025-10-09 00:00:00+00:00, run_after=2025-10-10 00:00:00+00:00
[2025-10-10T08:42:42.787+0000] {logging_mixin.py:190} INFO - [2025-10-10T08:42:42.787+0000] {dag.py:4138} INFO - Setting next_dagrun for example_branch_datetime_operator_3 to 2025-10-09 00:00:00+00:00, run_after=2025-10-10 00:00:00+00:00
[2025-10-10T08:42:42.830+0000] {processor.py:208} INFO - Processing /home/airflow/.local/lib/python3.12/site-packages/airflow/example_dags/example_branch_datetime_operator.py took 0.223 seconds
[2025-10-10T08:43:13.197+0000] {processor.py:186} INFO - Started process (PID=749) to work on /home/airflow/.local/lib/python3.12/site-packages/airflow/example_dags/example_branch_datetime_operator.py
[2025-10-10T08:43:13.200+0000] {processor.py:914} INFO - Processing file /home/airflow/.local/lib/python3.12/site-packages/airflow/example_dags/example_branch_datetime_operator.py for tasks to queue
[2025-10-10T08:43:13.206+0000] {logging_mixin.py:190} INFO - [2025-10-10T08:43:13.205+0000] {dagbag.py:587} INFO - Filling up the DagBag from /home/airflow/.local/lib/python3.12/site-packages/airflow/example_dags/example_branch_datetime_operator.py
[2025-10-10T08:43:13.237+0000] {processor.py:925} INFO - DAG(s) 'example_branch_datetime_operator_3', 'example_branch_datetime_operator_2', 'example_branch_datetime_operator' retrieved from /home/airflow/.local/lib/python3.12/site-packages/airflow/example_dags/example_branch_datetime_operator.py
[2025-10-10T08:43:13.305+0000] {logging_mixin.py:190} INFO - [2025-10-10T08:43:13.305+0000] {dag.py:3211} INFO - Sync 3 DAGs
[2025-10-10T08:43:13.380+0000] {logging_mixin.py:190} INFO - [2025-10-10T08:43:13.379+0000] {dag.py:4138} INFO - Setting next_dagrun for example_branch_datetime_operator to 2025-10-09 00:00:00+00:00, run_after=2025-10-10 00:00:00+00:00
[2025-10-10T08:43:13.395+0000] {logging_mixin.py:190} INFO - [2025-10-10T08:43:13.395+0000] {dag.py:4138} INFO - Setting next_dagrun for example_branch_datetime_operator_2 to 2025-10-09 00:00:00+00:00, run_after=2025-10-10 00:00:00+00:00
[2025-10-10T08:43:13.403+0000] {logging_mixin.py:190} INFO - [2025-10-10T08:43:13.402+0000] {dag.py:4138} INFO - Setting next_dagrun for example_branch_datetime_operator_3 to 2025-10-09 00:00:00+00:00, run_after=2025-10-10 00:00:00+00:00
[2025-10-10T08:43:13.458+0000] {processor.py:208} INFO - Processing /home/airflow/.local/lib/python3.12/site-packages/airflow/example_dags/example_branch_datetime_operator.py took 0.276 seconds
[2025-10-10T08:43:44.423+0000] {processor.py:186} INFO - Started process (PID=812) to work on /home/airflow/.local/lib/python3.12/site-packages/airflow/example_dags/example_branch_datetime_operator.py
[2025-10-10T08:43:44.426+0000] {processor.py:914} INFO - Processing file /home/airflow/.local/lib/python3.12/site-packages/airflow/example_dags/example_branch_datetime_operator.py for tasks to queue
[2025-10-10T08:43:44.435+0000] {logging_mixin.py:190} INFO - [2025-10-10T08:43:44.434+0000] {dagbag.py:587} INFO - Filling up the DagBag from /home/airflow/.local/lib/python3.12/site-packages/airflow/example_dags/example_branch_datetime_operator.py
[2025-10-10T08:43:44.485+0000] {processor.py:925} INFO - DAG(s) 'example_branch_datetime_operator_3', 'example_branch_datetime_operator_2', 'example_branch_datetime_operator' retrieved from /home/airflow/.local/lib/python3.12/site-packages/airflow/example_dags/example_branch_datetime_operator.py
[2025-10-10T08:43:44.590+0000] {logging_mixin.py:190} INFO - [2025-10-10T08:43:44.589+0000] {dag.py:3211} INFO - Sync 3 DAGs
[2025-10-10T08:43:44.676+0000] {logging_mixin.py:190} INFO - [2025-10-10T08:43:44.675+0000] {dag.py:4138} INFO - Setting next_dagrun for example_branch_datetime_operator to 2025-10-09 00:00:00+00:00, run_after=2025-10-10 00:00:00+00:00
[2025-10-10T08:43:44.692+0000] {logging_mixin.py:190} INFO - [2025-10-10T08:43:44.691+0000] {dag.py:4138} INFO - Setting next_dagrun for example_branch_datetime_operator_2 to 2025-10-09 00:00:00+00:00, run_after=2025-10-10 00:00:00+00:00
[2025-10-10T08:43:44.702+0000] {logging_mixin.py:190} INFO - [2025-10-10T08:43:44.702+0000] {dag.py:4138} INFO - Setting next_dagrun for example_branch_datetime_operator_3 to 2025-10-09 00:00:00+00:00, run_after=2025-10-10 00:00:00+00:00
[2025-10-10T08:43:44.755+0000] {processor.py:208} INFO - Processing /home/airflow/.local/lib/python3.12/site-packages/airflow/example_dags/example_branch_datetime_operator.py took 0.355 seconds
[2025-10-10T08:44:15.368+0000] {processor.py:186} INFO - Started process (PID=874) to work on /home/airflow/.local/lib/python3.12/site-packages/airflow/example_dags/example_branch_datetime_operator.py
[2025-10-10T08:44:15.372+0000] {processor.py:914} INFO - Processing file /home/airflow/.local/lib/python3.12/site-packages/airflow/example_dags/example_branch_datetime_operator.py for tasks to queue
[2025-10-10T08:44:15.379+0000] {logging_mixin.py:190} INFO - [2025-10-10T08:44:15.378+0000] {dagbag.py:587} INFO - Filling up the DagBag from /home/airflow/.local/lib/python3.12/site-packages/airflow/example_dags/example_branch_datetime_operator.py
[2025-10-10T08:44:15.409+0000] {processor.py:925} INFO - DAG(s) 'example_branch_datetime_operator', 'example_branch_datetime_operator_3', 'example_branch_datetime_operator_2' retrieved from /home/airflow/.local/lib/python3.12/site-packages/airflow/example_dags/example_branch_datetime_operator.py
[2025-10-10T08:44:15.462+0000] {logging_mixin.py:190} INFO - [2025-10-10T08:44:15.462+0000] {dag.py:3211} INFO - Sync 3 DAGs
[2025-10-10T08:44:15.558+0000] {logging_mixin.py:190} INFO - [2025-10-10T08:44:15.557+0000] {dag.py:4138} INFO - Setting next_dagrun for example_branch_datetime_operator to 2025-10-09 00:00:00+00:00, run_after=2025-10-10 00:00:00+00:00
[2025-10-10T08:44:15.585+0000] {logging_mixin.py:190} INFO - [2025-10-10T08:44:15.584+0000] {dag.py:4138} INFO - Setting next_dagrun for example_branch_datetime_operator_2 to 2025-10-09 00:00:00+00:00, run_after=2025-10-10 00:00:00+00:00
[2025-10-10T08:44:15.601+0000] {logging_mixin.py:190} INFO - [2025-10-10T08:44:15.600+0000] {dag.py:4138} INFO - Setting next_dagrun for example_branch_datetime_operator_3 to 2025-10-09 00:00:00+00:00, run_after=2025-10-10 00:00:00+00:00
[2025-10-10T08:44:15.706+0000] {processor.py:208} INFO - Processing /home/airflow/.local/lib/python3.12/site-packages/airflow/example_dags/example_branch_datetime_operator.py took 0.356 seconds
[2025-10-10T08:44:47.638+0000] {processor.py:186} INFO - Started process (PID=937) to work on /home/airflow/.local/lib/python3.12/site-packages/airflow/example_dags/example_branch_datetime_operator.py
[2025-10-10T08:44:47.641+0000] {processor.py:914} INFO - Processing file /home/airflow/.local/lib/python3.12/site-packages/airflow/example_dags/example_branch_datetime_operator.py for tasks to queue
[2025-10-10T08:44:47.657+0000] {logging_mixin.py:190} INFO - [2025-10-10T08:44:47.648+0000] {dagbag.py:587} INFO - Filling up the DagBag from /home/airflow/.local/lib/python3.12/site-packages/airflow/example_dags/example_branch_datetime_operator.py
[2025-10-10T08:44:47.710+0000] {processor.py:925} INFO - DAG(s) 'example_branch_datetime_operator', 'example_branch_datetime_operator_3', 'example_branch_datetime_operator_2' retrieved from /home/airflow/.local/lib/python3.12/site-packages/airflow/example_dags/example_branch_datetime_operator.py
[2025-10-10T08:44:47.797+0000] {logging_mixin.py:190} INFO - [2025-10-10T08:44:47.796+0000] {dag.py:3211} INFO - Sync 3 DAGs
[2025-10-10T08:44:47.873+0000] {logging_mixin.py:190} INFO - [2025-10-10T08:44:47.873+0000] {dag.py:4138} INFO - Setting next_dagrun for example_branch_datetime_operator to 2025-10-09 00:00:00+00:00, run_after=2025-10-10 00:00:00+00:00
[2025-10-10T08:44:47.888+0000] {logging_mixin.py:190} INFO - [2025-10-10T08:44:47.887+0000] {dag.py:4138} INFO - Setting next_dagrun for example_branch_datetime_operator_2 to 2025-10-09 00:00:00+00:00, run_after=2025-10-10 00:00:00+00:00
[2025-10-10T08:44:47.896+0000] {logging_mixin.py:190} INFO - [2025-10-10T08:44:47.895+0000] {dag.py:4138} INFO - Setting next_dagrun for example_branch_datetime_operator_3 to 2025-10-09 00:00:00+00:00, run_after=2025-10-10 00:00:00+00:00
[2025-10-10T08:44:47.959+0000] {processor.py:208} INFO - Processing /home/airflow/.local/lib/python3.12/site-packages/airflow/example_dags/example_branch_datetime_operator.py took 0.342 seconds
[2025-10-10T08:45:18.365+0000] {processor.py:186} INFO - Started process (PID=1000) to work on /home/airflow/.local/lib/python3.12/site-packages/airflow/example_dags/example_branch_datetime_operator.py
[2025-10-10T08:45:18.367+0000] {processor.py:914} INFO - Processing file /home/airflow/.local/lib/python3.12/site-packages/airflow/example_dags/example_branch_datetime_operator.py for tasks to queue
[2025-10-10T08:45:18.373+0000] {logging_mixin.py:190} INFO - [2025-10-10T08:45:18.372+0000] {dagbag.py:587} INFO - Filling up the DagBag from /home/airflow/.local/lib/python3.12/site-packages/airflow/example_dags/example_branch_datetime_operator.py
[2025-10-10T08:45:18.405+0000] {processor.py:925} INFO - DAG(s) 'example_branch_datetime_operator_2', 'example_branch_datetime_operator_3', 'example_branch_datetime_operator' retrieved from /home/airflow/.local/lib/python3.12/site-packages/airflow/example_dags/example_branch_datetime_operator.py
[2025-10-10T08:45:18.497+0000] {logging_mixin.py:190} INFO - [2025-10-10T08:45:18.496+0000] {dag.py:3211} INFO - Sync 3 DAGs
[2025-10-10T08:45:18.575+0000] {logging_mixin.py:190} INFO - [2025-10-10T08:45:18.575+0000] {dag.py:4138} INFO - Setting next_dagrun for example_branch_datetime_operator to 2025-10-09 00:00:00+00:00, run_after=2025-10-10 00:00:00+00:00
[2025-10-10T08:45:18.586+0000] {logging_mixin.py:190} INFO - [2025-10-10T08:45:18.586+0000] {dag.py:4138} INFO - Setting next_dagrun for example_branch_datetime_operator_2 to 2025-10-09 00:00:00+00:00, run_after=2025-10-10 00:00:00+00:00
[2025-10-10T08:45:18.596+0000] {logging_mixin.py:190} INFO - [2025-10-10T08:45:18.596+0000] {dag.py:4138} INFO - Setting next_dagrun for example_branch_datetime_operator_3 to 2025-10-09 00:00:00+00:00, run_after=2025-10-10 00:00:00+00:00
[2025-10-10T08:45:18.636+0000] {processor.py:208} INFO - Processing /home/airflow/.local/lib/python3.12/site-packages/airflow/example_dags/example_branch_datetime_operator.py took 0.286 seconds
[2025-10-10T08:45:49.885+0000] {processor.py:186} INFO - Started process (PID=1063) to work on /home/airflow/.local/lib/python3.12/site-packages/airflow/example_dags/example_branch_datetime_operator.py
[2025-10-10T08:45:49.887+0000] {processor.py:914} INFO - Processing file /home/airflow/.local/lib/python3.12/site-packages/airflow/example_dags/example_branch_datetime_operator.py for tasks to queue
[2025-10-10T08:45:49.896+0000] {logging_mixin.py:190} INFO - [2025-10-10T08:45:49.895+0000] {dagbag.py:587} INFO - Filling up the DagBag from /home/airflow/.local/lib/python3.12/site-packages/airflow/example_dags/example_branch_datetime_operator.py
[2025-10-10T08:45:49.930+0000] {processor.py:925} INFO - DAG(s) 'example_branch_datetime_operator', 'example_branch_datetime_operator_2', 'example_branch_datetime_operator_3' retrieved from /home/airflow/.local/lib/python3.12/site-packages/airflow/example_dags/example_branch_datetime_operator.py
[2025-10-10T08:45:50.031+0000] {logging_mixin.py:190} INFO - [2025-10-10T08:45:50.031+0000] {dag.py:3211} INFO - Sync 3 DAGs
[2025-10-10T08:45:50.117+0000] {logging_mixin.py:190} INFO - [2025-10-10T08:45:50.117+0000] {dag.py:4138} INFO - Setting next_dagrun for example_branch_datetime_operator to 2025-10-09 00:00:00+00:00, run_after=2025-10-10 00:00:00+00:00
[2025-10-10T08:45:50.130+0000] {logging_mixin.py:190} INFO - [2025-10-10T08:45:50.129+0000] {dag.py:4138} INFO - Setting next_dagrun for example_branch_datetime_operator_2 to 2025-10-09 00:00:00+00:00, run_after=2025-10-10 00:00:00+00:00
[2025-10-10T08:45:50.135+0000] {logging_mixin.py:190} INFO - [2025-10-10T08:45:50.135+0000] {dag.py:4138} INFO - Setting next_dagrun for example_branch_datetime_operator_3 to 2025-10-09 00:00:00+00:00, run_after=2025-10-10 00:00:00+00:00
[2025-10-10T08:45:50.176+0000] {processor.py:208} INFO - Processing /home/airflow/.local/lib/python3.12/site-packages/airflow/example_dags/example_branch_datetime_operator.py took 0.309 seconds
[2025-10-10T08:46:21.758+0000] {processor.py:186} INFO - Started process (PID=1126) to work on /home/airflow/.local/lib/python3.12/site-packages/airflow/example_dags/example_branch_datetime_operator.py
[2025-10-10T08:46:21.762+0000] {processor.py:914} INFO - Processing file /home/airflow/.local/lib/python3.12/site-packages/airflow/example_dags/example_branch_datetime_operator.py for tasks to queue
[2025-10-10T08:46:21.777+0000] {logging_mixin.py:190} INFO - [2025-10-10T08:46:21.775+0000] {dagbag.py:587} INFO - Filling up the DagBag from /home/airflow/.local/lib/python3.12/site-packages/airflow/example_dags/example_branch_datetime_operator.py
[2025-10-10T08:46:21.844+0000] {processor.py:925} INFO - DAG(s) 'example_branch_datetime_operator_2', 'example_branch_datetime_operator', 'example_branch_datetime_operator_3' retrieved from /home/airflow/.local/lib/python3.12/site-packages/airflow/example_dags/example_branch_datetime_operator.py
[2025-10-10T08:46:22.068+0000] {logging_mixin.py:190} INFO - [2025-10-10T08:46:22.067+0000] {dag.py:3211} INFO - Sync 3 DAGs
[2025-10-10T08:46:22.269+0000] {logging_mixin.py:190} INFO - [2025-10-10T08:46:22.268+0000] {dag.py:4138} INFO - Setting next_dagrun for example_branch_datetime_operator to 2025-10-09 00:00:00+00:00, run_after=2025-10-10 00:00:00+00:00
[2025-10-10T08:46:22.293+0000] {logging_mixin.py:190} INFO - [2025-10-10T08:46:22.292+0000] {dag.py:4138} INFO - Setting next_dagrun for example_branch_datetime_operator_2 to 2025-10-09 00:00:00+00:00, run_after=2025-10-10 00:00:00+00:00
[2025-10-10T08:46:22.305+0000] {logging_mixin.py:190} INFO - [2025-10-10T08:46:22.304+0000] {dag.py:4138} INFO - Setting next_dagrun for example_branch_datetime_operator_3 to 2025-10-09 00:00:00+00:00, run_after=2025-10-10 00:00:00+00:00
[2025-10-10T08:46:22.373+0000] {processor.py:208} INFO - Processing /home/airflow/.local/lib/python3.12/site-packages/airflow/example_dags/example_branch_datetime_operator.py took 0.648 seconds
[2025-10-10T08:46:52.579+0000] {processor.py:186} INFO - Started process (PID=1189) to work on /home/airflow/.local/lib/python3.12/site-packages/airflow/example_dags/example_branch_datetime_operator.py
[2025-10-10T08:46:52.582+0000] {processor.py:914} INFO - Processing file /home/airflow/.local/lib/python3.12/site-packages/airflow/example_dags/example_branch_datetime_operator.py for tasks to queue
[2025-10-10T08:46:52.588+0000] {logging_mixin.py:190} INFO - [2025-10-10T08:46:52.588+0000] {dagbag.py:587} INFO - Filling up the DagBag from /home/airflow/.local/lib/python3.12/site-packages/airflow/example_dags/example_branch_datetime_operator.py
[2025-10-10T08:46:52.615+0000] {processor.py:925} INFO - DAG(s) 'example_branch_datetime_operator', 'example_branch_datetime_operator_2', 'example_branch_datetime_operator_3' retrieved from /home/airflow/.local/lib/python3.12/site-packages/airflow/example_dags/example_branch_datetime_operator.py
[2025-10-10T08:46:52.683+0000] {logging_mixin.py:190} INFO - [2025-10-10T08:46:52.682+0000] {dag.py:3211} INFO - Sync 3 DAGs
[2025-10-10T08:46:52.750+0000] {logging_mixin.py:190} INFO - [2025-10-10T08:46:52.750+0000] {dag.py:4138} INFO - Setting next_dagrun for example_branch_datetime_operator to 2025-10-09 00:00:00+00:00, run_after=2025-10-10 00:00:00+00:00
[2025-10-10T08:46:52.762+0000] {logging_mixin.py:190} INFO - [2025-10-10T08:46:52.762+0000] {dag.py:4138} INFO - Setting next_dagrun for example_branch_datetime_operator_2 to 2025-10-09 00:00:00+00:00, run_after=2025-10-10 00:00:00+00:00
[2025-10-10T08:46:52.768+0000] {logging_mixin.py:190} INFO - [2025-10-10T08:46:52.768+0000] {dag.py:4138} INFO - Setting next_dagrun for example_branch_datetime_operator_3 to 2025-10-09 00:00:00+00:00, run_after=2025-10-10 00:00:00+00:00
[2025-10-10T08:46:52.808+0000] {processor.py:208} INFO - Processing /home/airflow/.local/lib/python3.12/site-packages/airflow/example_dags/example_branch_datetime_operator.py took 0.243 seconds
[2025-10-10T08:47:24.376+0000] {processor.py:186} INFO - Started process (PID=1252) to work on /home/airflow/.local/lib/python3.12/site-packages/airflow/example_dags/example_branch_datetime_operator.py
[2025-10-10T08:47:24.381+0000] {processor.py:914} INFO - Processing file /home/airflow/.local/lib/python3.12/site-packages/airflow/example_dags/example_branch_datetime_operator.py for tasks to queue
[2025-10-10T08:47:24.394+0000] {logging_mixin.py:190} INFO - [2025-10-10T08:47:24.393+0000] {dagbag.py:587} INFO - Filling up the DagBag from /home/airflow/.local/lib/python3.12/site-packages/airflow/example_dags/example_branch_datetime_operator.py
[2025-10-10T08:47:24.428+0000] {processor.py:925} INFO - DAG(s) 'example_branch_datetime_operator', 'example_branch_datetime_operator_3', 'example_branch_datetime_operator_2' retrieved from /home/airflow/.local/lib/python3.12/site-packages/airflow/example_dags/example_branch_datetime_operator.py
[2025-10-10T08:47:24.487+0000] {logging_mixin.py:190} INFO - [2025-10-10T08:47:24.487+0000] {dag.py:3211} INFO - Sync 3 DAGs
[2025-10-10T08:47:24.563+0000] {logging_mixin.py:190} INFO - [2025-10-10T08:47:24.562+0000] {dag.py:4138} INFO - Setting next_dagrun for example_branch_datetime_operator to 2025-10-09 00:00:00+00:00, run_after=2025-10-10 00:00:00+00:00
[2025-10-10T08:47:24.575+0000] {logging_mixin.py:190} INFO - [2025-10-10T08:47:24.574+0000] {dag.py:4138} INFO - Setting next_dagrun for example_branch_datetime_operator_2 to 2025-10-09 00:00:00+00:00, run_after=2025-10-10 00:00:00+00:00
[2025-10-10T08:47:24.582+0000] {logging_mixin.py:190} INFO - [2025-10-10T08:47:24.582+0000] {dag.py:4138} INFO - Setting next_dagrun for example_branch_datetime_operator_3 to 2025-10-09 00:00:00+00:00, run_after=2025-10-10 00:00:00+00:00
[2025-10-10T08:47:24.621+0000] {processor.py:208} INFO - Processing /home/airflow/.local/lib/python3.12/site-packages/airflow/example_dags/example_branch_datetime_operator.py took 0.266 seconds
[2025-10-10T08:47:54.903+0000] {processor.py:186} INFO - Started process (PID=1315) to work on /home/airflow/.local/lib/python3.12/site-packages/airflow/example_dags/example_branch_datetime_operator.py
[2025-10-10T08:47:54.906+0000] {processor.py:914} INFO - Processing file /home/airflow/.local/lib/python3.12/site-packages/airflow/example_dags/example_branch_datetime_operator.py for tasks to queue
[2025-10-10T08:47:54.913+0000] {logging_mixin.py:190} INFO - [2025-10-10T08:47:54.912+0000] {dagbag.py:587} INFO - Filling up the DagBag from /home/airflow/.local/lib/python3.12/site-packages/airflow/example_dags/example_branch_datetime_operator.py
[2025-10-10T08:47:54.942+0000] {processor.py:925} INFO - DAG(s) 'example_branch_datetime_operator_2', 'example_branch_datetime_operator_3', 'example_branch_datetime_operator' retrieved from /home/airflow/.local/lib/python3.12/site-packages/airflow/example_dags/example_branch_datetime_operator.py
[2025-10-10T08:47:55.011+0000] {logging_mixin.py:190} INFO - [2025-10-10T08:47:55.011+0000] {dag.py:3211} INFO - Sync 3 DAGs
[2025-10-10T08:47:55.075+0000] {logging_mixin.py:190} INFO - [2025-10-10T08:47:55.074+0000] {dag.py:4138} INFO - Setting next_dagrun for example_branch_datetime_operator to 2025-10-09 00:00:00+00:00, run_after=2025-10-10 00:00:00+00:00
[2025-10-10T08:47:55.085+0000] {logging_mixin.py:190} INFO - [2025-10-10T08:47:55.085+0000] {dag.py:4138} INFO - Setting next_dagrun for example_branch_datetime_operator_2 to 2025-10-09 00:00:00+00:00, run_after=2025-10-10 00:00:00+00:00
[2025-10-10T08:47:55.092+0000] {logging_mixin.py:190} INFO - [2025-10-10T08:47:55.091+0000] {dag.py:4138} INFO - Setting next_dagrun for example_branch_datetime_operator_3 to 2025-10-09 00:00:00+00:00, run_after=2025-10-10 00:00:00+00:00
[2025-10-10T08:47:55.128+0000] {processor.py:208} INFO - Processing /home/airflow/.local/lib/python3.12/site-packages/airflow/example_dags/example_branch_datetime_operator.py took 0.247 seconds
[2025-10-10T08:48:25.687+0000] {processor.py:186} INFO - Started process (PID=1378) to work on /home/airflow/.local/lib/python3.12/site-packages/airflow/example_dags/example_branch_datetime_operator.py
[2025-10-10T08:48:25.690+0000] {processor.py:914} INFO - Processing file /home/airflow/.local/lib/python3.12/site-packages/airflow/example_dags/example_branch_datetime_operator.py for tasks to queue
[2025-10-10T08:48:25.697+0000] {logging_mixin.py:190} INFO - [2025-10-10T08:48:25.696+0000] {dagbag.py:587} INFO - Filling up the DagBag from /home/airflow/.local/lib/python3.12/site-packages/airflow/example_dags/example_branch_datetime_operator.py
[2025-10-10T08:48:25.729+0000] {processor.py:925} INFO - DAG(s) 'example_branch_datetime_operator_3', 'example_branch_datetime_operator', 'example_branch_datetime_operator_2' retrieved from /home/airflow/.local/lib/python3.12/site-packages/airflow/example_dags/example_branch_datetime_operator.py
[2025-10-10T08:48:25.815+0000] {logging_mixin.py:190} INFO - [2025-10-10T08:48:25.814+0000] {dag.py:3211} INFO - Sync 3 DAGs
[2025-10-10T08:48:25.873+0000] {logging_mixin.py:190} INFO - [2025-10-10T08:48:25.872+0000] {dag.py:4138} INFO - Setting next_dagrun for example_branch_datetime_operator to 2025-10-09 00:00:00+00:00, run_after=2025-10-10 00:00:00+00:00
[2025-10-10T08:48:25.882+0000] {logging_mixin.py:190} INFO - [2025-10-10T08:48:25.881+0000] {dag.py:4138} INFO - Setting next_dagrun for example_branch_datetime_operator_2 to 2025-10-09 00:00:00+00:00, run_after=2025-10-10 00:00:00+00:00
[2025-10-10T08:48:25.887+0000] {logging_mixin.py:190} INFO - [2025-10-10T08:48:25.886+0000] {dag.py:4138} INFO - Setting next_dagrun for example_branch_datetime_operator_3 to 2025-10-09 00:00:00+00:00, run_after=2025-10-10 00:00:00+00:00
[2025-10-10T08:48:25.922+0000] {processor.py:208} INFO - Processing /home/airflow/.local/lib/python3.12/site-packages/airflow/example_dags/example_branch_datetime_operator.py took 0.254 seconds
[2025-10-10T08:48:56.738+0000] {processor.py:186} INFO - Started process (PID=1441) to work on /home/airflow/.local/lib/python3.12/site-packages/airflow/example_dags/example_branch_datetime_operator.py
[2025-10-10T08:48:56.741+0000] {processor.py:914} INFO - Processing file /home/airflow/.local/lib/python3.12/site-packages/airflow/example_dags/example_branch_datetime_operator.py for tasks to queue
[2025-10-10T08:48:56.747+0000] {logging_mixin.py:190} INFO - [2025-10-10T08:48:56.746+0000] {dagbag.py:587} INFO - Filling up the DagBag from /home/airflow/.local/lib/python3.12/site-packages/airflow/example_dags/example_branch_datetime_operator.py
[2025-10-10T08:48:56.777+0000] {processor.py:925} INFO - DAG(s) 'example_branch_datetime_operator', 'example_branch_datetime_operator_2', 'example_branch_datetime_operator_3' retrieved from /home/airflow/.local/lib/python3.12/site-packages/airflow/example_dags/example_branch_datetime_operator.py
[2025-10-10T08:48:56.854+0000] {logging_mixin.py:190} INFO - [2025-10-10T08:48:56.853+0000] {dag.py:3211} INFO - Sync 3 DAGs
[2025-10-10T08:48:56.931+0000] {logging_mixin.py:190} INFO - [2025-10-10T08:48:56.931+0000] {dag.py:4138} INFO - Setting next_dagrun for example_branch_datetime_operator to 2025-10-09 00:00:00+00:00, run_after=2025-10-10 00:00:00+00:00
[2025-10-10T08:48:56.947+0000] {logging_mixin.py:190} INFO - [2025-10-10T08:48:56.946+0000] {dag.py:4138} INFO - Setting next_dagrun for example_branch_datetime_operator_2 to 2025-10-09 00:00:00+00:00, run_after=2025-10-10 00:00:00+00:00
[2025-10-10T08:48:56.957+0000] {logging_mixin.py:190} INFO - [2025-10-10T08:48:56.957+0000] {dag.py:4138} INFO - Setting next_dagrun for example_branch_datetime_operator_3 to 2025-10-09 00:00:00+00:00, run_after=2025-10-10 00:00:00+00:00
[2025-10-10T08:48:57.006+0000] {processor.py:208} INFO - Processing /home/airflow/.local/lib/python3.12/site-packages/airflow/example_dags/example_branch_datetime_operator.py took 0.283 seconds
[2025-10-10T08:54:03.032+0000] {processor.py:186} INFO - Started process (PID=122) to work on /home/airflow/.local/lib/python3.12/site-packages/airflow/example_dags/example_branch_datetime_operator.py
[2025-10-10T08:54:03.036+0000] {processor.py:914} INFO - Processing file /home/airflow/.local/lib/python3.12/site-packages/airflow/example_dags/example_branch_datetime_operator.py for tasks to queue
[2025-10-10T08:54:03.058+0000] {logging_mixin.py:190} INFO - [2025-10-10T08:54:03.055+0000] {dagbag.py:587} INFO - Filling up the DagBag from /home/airflow/.local/lib/python3.12/site-packages/airflow/example_dags/example_branch_datetime_operator.py
[2025-10-10T08:54:03.122+0000] {processor.py:925} INFO - DAG(s) 'example_branch_datetime_operator_2', 'example_branch_datetime_operator', 'example_branch_datetime_operator_3' retrieved from /home/airflow/.local/lib/python3.12/site-packages/airflow/example_dags/example_branch_datetime_operator.py
[2025-10-10T08:54:03.203+0000] {logging_mixin.py:190} INFO - [2025-10-10T08:54:03.202+0000] {dag.py:3211} INFO - Sync 3 DAGs
[2025-10-10T08:54:03.266+0000] {logging_mixin.py:190} INFO - [2025-10-10T08:54:03.265+0000] {dag.py:4138} INFO - Setting next_dagrun for example_branch_datetime_operator to 2025-10-09 00:00:00+00:00, run_after=2025-10-10 00:00:00+00:00
[2025-10-10T08:54:03.276+0000] {logging_mixin.py:190} INFO - [2025-10-10T08:54:03.275+0000] {dag.py:4138} INFO - Setting next_dagrun for example_branch_datetime_operator_2 to 2025-10-09 00:00:00+00:00, run_after=2025-10-10 00:00:00+00:00
[2025-10-10T08:54:03.281+0000] {logging_mixin.py:190} INFO - [2025-10-10T08:54:03.280+0000] {dag.py:4138} INFO - Setting next_dagrun for example_branch_datetime_operator_3 to 2025-10-09 00:00:00+00:00, run_after=2025-10-10 00:00:00+00:00
[2025-10-10T08:54:03.319+0000] {processor.py:208} INFO - Processing /home/airflow/.local/lib/python3.12/site-packages/airflow/example_dags/example_branch_datetime_operator.py took 0.307 seconds
[2025-10-10T08:54:33.797+0000] {processor.py:186} INFO - Started process (PID=186) to work on /home/airflow/.local/lib/python3.12/site-packages/airflow/example_dags/example_branch_datetime_operator.py
[2025-10-10T08:54:33.800+0000] {processor.py:914} INFO - Processing file /home/airflow/.local/lib/python3.12/site-packages/airflow/example_dags/example_branch_datetime_operator.py for tasks to queue
[2025-10-10T08:54:33.808+0000] {logging_mixin.py:190} INFO - [2025-10-10T08:54:33.807+0000] {dagbag.py:587} INFO - Filling up the DagBag from /home/airflow/.local/lib/python3.12/site-packages/airflow/example_dags/example_branch_datetime_operator.py
[2025-10-10T08:54:33.841+0000] {processor.py:925} INFO - DAG(s) 'example_branch_datetime_operator_3', 'example_branch_datetime_operator_2', 'example_branch_datetime_operator' retrieved from /home/airflow/.local/lib/python3.12/site-packages/airflow/example_dags/example_branch_datetime_operator.py
[2025-10-10T08:54:33.899+0000] {logging_mixin.py:190} INFO - [2025-10-10T08:54:33.899+0000] {dag.py:3211} INFO - Sync 3 DAGs
[2025-10-10T08:54:33.954+0000] {logging_mixin.py:190} INFO - [2025-10-10T08:54:33.953+0000] {dag.py:4138} INFO - Setting next_dagrun for example_branch_datetime_operator to 2025-10-09 00:00:00+00:00, run_after=2025-10-10 00:00:00+00:00
[2025-10-10T08:54:33.965+0000] {logging_mixin.py:190} INFO - [2025-10-10T08:54:33.965+0000] {dag.py:4138} INFO - Setting next_dagrun for example_branch_datetime_operator_2 to 2025-10-09 00:00:00+00:00, run_after=2025-10-10 00:00:00+00:00
[2025-10-10T08:54:33.971+0000] {logging_mixin.py:190} INFO - [2025-10-10T08:54:33.971+0000] {dag.py:4138} INFO - Setting next_dagrun for example_branch_datetime_operator_3 to 2025-10-09 00:00:00+00:00, run_after=2025-10-10 00:00:00+00:00
[2025-10-10T08:54:34.048+0000] {processor.py:208} INFO - Processing /home/airflow/.local/lib/python3.12/site-packages/airflow/example_dags/example_branch_datetime_operator.py took 0.270 seconds
[2025-10-10T08:55:05.272+0000] {processor.py:186} INFO - Started process (PID=249) to work on /home/airflow/.local/lib/python3.12/site-packages/airflow/example_dags/example_branch_datetime_operator.py
[2025-10-10T08:55:05.275+0000] {processor.py:914} INFO - Processing file /home/airflow/.local/lib/python3.12/site-packages/airflow/example_dags/example_branch_datetime_operator.py for tasks to queue
[2025-10-10T08:55:05.282+0000] {logging_mixin.py:190} INFO - [2025-10-10T08:55:05.281+0000] {dagbag.py:587} INFO - Filling up the DagBag from /home/airflow/.local/lib/python3.12/site-packages/airflow/example_dags/example_branch_datetime_operator.py
[2025-10-10T08:55:05.318+0000] {processor.py:925} INFO - DAG(s) 'example_branch_datetime_operator_3', 'example_branch_datetime_operator', 'example_branch_datetime_operator_2' retrieved from /home/airflow/.local/lib/python3.12/site-packages/airflow/example_dags/example_branch_datetime_operator.py
[2025-10-10T08:55:05.395+0000] {logging_mixin.py:190} INFO - [2025-10-10T08:55:05.395+0000] {dag.py:3211} INFO - Sync 3 DAGs
[2025-10-10T08:55:05.471+0000] {logging_mixin.py:190} INFO - [2025-10-10T08:55:05.471+0000] {dag.py:4138} INFO - Setting next_dagrun for example_branch_datetime_operator to 2025-10-09 00:00:00+00:00, run_after=2025-10-10 00:00:00+00:00
[2025-10-10T08:55:05.489+0000] {logging_mixin.py:190} INFO - [2025-10-10T08:55:05.488+0000] {dag.py:4138} INFO - Setting next_dagrun for example_branch_datetime_operator_2 to 2025-10-09 00:00:00+00:00, run_after=2025-10-10 00:00:00+00:00
[2025-10-10T08:55:05.499+0000] {logging_mixin.py:190} INFO - [2025-10-10T08:55:05.498+0000] {dag.py:4138} INFO - Setting next_dagrun for example_branch_datetime_operator_3 to 2025-10-09 00:00:00+00:00, run_after=2025-10-10 00:00:00+00:00
[2025-10-10T08:55:05.552+0000] {processor.py:208} INFO - Processing /home/airflow/.local/lib/python3.12/site-packages/airflow/example_dags/example_branch_datetime_operator.py took 0.297 seconds
[2025-10-10T08:58:12.653+0000] {processor.py:186} INFO - Started process (PID=117) to work on /home/airflow/.local/lib/python3.12/site-packages/airflow/example_dags/example_branch_datetime_operator.py
[2025-10-10T08:58:12.675+0000] {processor.py:914} INFO - Processing file /home/airflow/.local/lib/python3.12/site-packages/airflow/example_dags/example_branch_datetime_operator.py for tasks to queue
[2025-10-10T08:58:12.693+0000] {logging_mixin.py:190} INFO - [2025-10-10T08:58:12.688+0000] {dagbag.py:587} INFO - Filling up the DagBag from /home/airflow/.local/lib/python3.12/site-packages/airflow/example_dags/example_branch_datetime_operator.py
[2025-10-10T08:58:12.775+0000] {processor.py:925} INFO - DAG(s) 'example_branch_datetime_operator_3', 'example_branch_datetime_operator_2', 'example_branch_datetime_operator' retrieved from /home/airflow/.local/lib/python3.12/site-packages/airflow/example_dags/example_branch_datetime_operator.py
[2025-10-10T08:58:13.002+0000] {logging_mixin.py:190} INFO - [2025-10-10T08:58:13.001+0000] {dag.py:3211} INFO - Sync 3 DAGs
[2025-10-10T08:58:13.227+0000] {logging_mixin.py:190} INFO - [2025-10-10T08:58:13.226+0000] {dag.py:4138} INFO - Setting next_dagrun for example_branch_datetime_operator to 2025-10-09 00:00:00+00:00, run_after=2025-10-10 00:00:00+00:00
[2025-10-10T08:58:13.255+0000] {logging_mixin.py:190} INFO - [2025-10-10T08:58:13.254+0000] {dag.py:4138} INFO - Setting next_dagrun for example_branch_datetime_operator_2 to 2025-10-09 00:00:00+00:00, run_after=2025-10-10 00:00:00+00:00
[2025-10-10T08:58:13.266+0000] {logging_mixin.py:190} INFO - [2025-10-10T08:58:13.266+0000] {dag.py:4138} INFO - Setting next_dagrun for example_branch_datetime_operator_3 to 2025-10-09 00:00:00+00:00, run_after=2025-10-10 00:00:00+00:00
[2025-10-10T08:58:13.353+0000] {processor.py:208} INFO - Processing /home/airflow/.local/lib/python3.12/site-packages/airflow/example_dags/example_branch_datetime_operator.py took 0.750 seconds
[2025-10-10T08:58:43.626+0000] {processor.py:186} INFO - Started process (PID=181) to work on /home/airflow/.local/lib/python3.12/site-packages/airflow/example_dags/example_branch_datetime_operator.py
[2025-10-10T08:58:43.629+0000] {processor.py:914} INFO - Processing file /home/airflow/.local/lib/python3.12/site-packages/airflow/example_dags/example_branch_datetime_operator.py for tasks to queue
[2025-10-10T08:58:43.637+0000] {logging_mixin.py:190} INFO - [2025-10-10T08:58:43.636+0000] {dagbag.py:587} INFO - Filling up the DagBag from /home/airflow/.local/lib/python3.12/site-packages/airflow/example_dags/example_branch_datetime_operator.py
[2025-10-10T08:58:43.672+0000] {processor.py:925} INFO - DAG(s) 'example_branch_datetime_operator_3', 'example_branch_datetime_operator', 'example_branch_datetime_operator_2' retrieved from /home/airflow/.local/lib/python3.12/site-packages/airflow/example_dags/example_branch_datetime_operator.py
[2025-10-10T08:58:43.744+0000] {logging_mixin.py:190} INFO - [2025-10-10T08:58:43.744+0000] {dag.py:3211} INFO - Sync 3 DAGs
[2025-10-10T08:58:43.810+0000] {logging_mixin.py:190} INFO - [2025-10-10T08:58:43.809+0000] {dag.py:4138} INFO - Setting next_dagrun for example_branch_datetime_operator to 2025-10-09 00:00:00+00:00, run_after=2025-10-10 00:00:00+00:00
[2025-10-10T08:58:43.823+0000] {logging_mixin.py:190} INFO - [2025-10-10T08:58:43.822+0000] {dag.py:4138} INFO - Setting next_dagrun for example_branch_datetime_operator_2 to 2025-10-09 00:00:00+00:00, run_after=2025-10-10 00:00:00+00:00
[2025-10-10T08:58:43.830+0000] {logging_mixin.py:190} INFO - [2025-10-10T08:58:43.829+0000] {dag.py:4138} INFO - Setting next_dagrun for example_branch_datetime_operator_3 to 2025-10-09 00:00:00+00:00, run_after=2025-10-10 00:00:00+00:00
[2025-10-10T08:58:43.878+0000] {processor.py:208} INFO - Processing /home/airflow/.local/lib/python3.12/site-packages/airflow/example_dags/example_branch_datetime_operator.py took 0.266 seconds
[2025-10-10T09:01:36.586+0000] {processor.py:186} INFO - Started process (PID=116) to work on /home/airflow/.local/lib/python3.12/site-packages/airflow/example_dags/example_branch_datetime_operator.py
[2025-10-10T09:01:36.588+0000] {processor.py:914} INFO - Processing file /home/airflow/.local/lib/python3.12/site-packages/airflow/example_dags/example_branch_datetime_operator.py for tasks to queue
[2025-10-10T09:01:36.596+0000] {logging_mixin.py:190} INFO - [2025-10-10T09:01:36.594+0000] {dagbag.py:587} INFO - Filling up the DagBag from /home/airflow/.local/lib/python3.12/site-packages/airflow/example_dags/example_branch_datetime_operator.py
[2025-10-10T09:01:36.631+0000] {processor.py:925} INFO - DAG(s) 'example_branch_datetime_operator_3', 'example_branch_datetime_operator_2', 'example_branch_datetime_operator' retrieved from /home/airflow/.local/lib/python3.12/site-packages/airflow/example_dags/example_branch_datetime_operator.py
[2025-10-10T09:01:36.692+0000] {logging_mixin.py:190} INFO - [2025-10-10T09:01:36.691+0000] {dag.py:3211} INFO - Sync 3 DAGs
[2025-10-10T09:01:36.741+0000] {logging_mixin.py:190} INFO - [2025-10-10T09:01:36.741+0000] {dag.py:4138} INFO - Setting next_dagrun for example_branch_datetime_operator to 2025-10-09 00:00:00+00:00, run_after=2025-10-10 00:00:00+00:00
[2025-10-10T09:01:36.753+0000] {logging_mixin.py:190} INFO - [2025-10-10T09:01:36.752+0000] {dag.py:4138} INFO - Setting next_dagrun for example_branch_datetime_operator_2 to 2025-10-09 00:00:00+00:00, run_after=2025-10-10 00:00:00+00:00
[2025-10-10T09:01:36.761+0000] {logging_mixin.py:190} INFO - [2025-10-10T09:01:36.760+0000] {dag.py:4138} INFO - Setting next_dagrun for example_branch_datetime_operator_3 to 2025-10-09 00:00:00+00:00, run_after=2025-10-10 00:00:00+00:00
[2025-10-10T09:01:36.801+0000] {processor.py:208} INFO - Processing /home/airflow/.local/lib/python3.12/site-packages/airflow/example_dags/example_branch_datetime_operator.py took 0.229 seconds
[2025-10-10T09:02:08.533+0000] {processor.py:186} INFO - Started process (PID=179) to work on /home/airflow/.local/lib/python3.12/site-packages/airflow/example_dags/example_branch_datetime_operator.py
[2025-10-10T09:02:08.536+0000] {processor.py:914} INFO - Processing file /home/airflow/.local/lib/python3.12/site-packages/airflow/example_dags/example_branch_datetime_operator.py for tasks to queue
[2025-10-10T09:02:08.546+0000] {logging_mixin.py:190} INFO - [2025-10-10T09:02:08.545+0000] {dagbag.py:587} INFO - Filling up the DagBag from /home/airflow/.local/lib/python3.12/site-packages/airflow/example_dags/example_branch_datetime_operator.py
[2025-10-10T09:02:08.604+0000] {processor.py:925} INFO - DAG(s) 'example_branch_datetime_operator', 'example_branch_datetime_operator_3', 'example_branch_datetime_operator_2' retrieved from /home/airflow/.local/lib/python3.12/site-packages/airflow/example_dags/example_branch_datetime_operator.py
[2025-10-10T09:02:08.702+0000] {logging_mixin.py:190} INFO - [2025-10-10T09:02:08.701+0000] {dag.py:3211} INFO - Sync 3 DAGs
[2025-10-10T09:02:08.795+0000] {logging_mixin.py:190} INFO - [2025-10-10T09:02:08.794+0000] {dag.py:4138} INFO - Setting next_dagrun for example_branch_datetime_operator to 2025-10-09 00:00:00+00:00, run_after=2025-10-10 00:00:00+00:00
[2025-10-10T09:02:08.834+0000] {logging_mixin.py:190} INFO - [2025-10-10T09:02:08.833+0000] {dag.py:4138} INFO - Setting next_dagrun for example_branch_datetime_operator_2 to 2025-10-09 00:00:00+00:00, run_after=2025-10-10 00:00:00+00:00
[2025-10-10T09:02:08.864+0000] {logging_mixin.py:190} INFO - [2025-10-10T09:02:08.863+0000] {dag.py:4138} INFO - Setting next_dagrun for example_branch_datetime_operator_3 to 2025-10-09 00:00:00+00:00, run_after=2025-10-10 00:00:00+00:00
[2025-10-10T09:02:09.010+0000] {processor.py:208} INFO - Processing /home/airflow/.local/lib/python3.12/site-packages/airflow/example_dags/example_branch_datetime_operator.py took 0.495 seconds
[2025-10-10T09:02:39.235+0000] {processor.py:186} INFO - Started process (PID=242) to work on /home/airflow/.local/lib/python3.12/site-packages/airflow/example_dags/example_branch_datetime_operator.py
[2025-10-10T09:02:39.240+0000] {processor.py:914} INFO - Processing file /home/airflow/.local/lib/python3.12/site-packages/airflow/example_dags/example_branch_datetime_operator.py for tasks to queue
[2025-10-10T09:02:39.250+0000] {logging_mixin.py:190} INFO - [2025-10-10T09:02:39.248+0000] {dagbag.py:587} INFO - Filling up the DagBag from /home/airflow/.local/lib/python3.12/site-packages/airflow/example_dags/example_branch_datetime_operator.py
[2025-10-10T09:02:39.307+0000] {processor.py:925} INFO - DAG(s) 'example_branch_datetime_operator', 'example_branch_datetime_operator_3', 'example_branch_datetime_operator_2' retrieved from /home/airflow/.local/lib/python3.12/site-packages/airflow/example_dags/example_branch_datetime_operator.py
[2025-10-10T09:02:39.399+0000] {logging_mixin.py:190} INFO - [2025-10-10T09:02:39.398+0000] {dag.py:3211} INFO - Sync 3 DAGs
[2025-10-10T09:02:39.494+0000] {logging_mixin.py:190} INFO - [2025-10-10T09:02:39.493+0000] {dag.py:4138} INFO - Setting next_dagrun for example_branch_datetime_operator to 2025-10-09 00:00:00+00:00, run_after=2025-10-10 00:00:00+00:00
[2025-10-10T09:02:39.505+0000] {logging_mixin.py:190} INFO - [2025-10-10T09:02:39.504+0000] {dag.py:4138} INFO - Setting next_dagrun for example_branch_datetime_operator_2 to 2025-10-09 00:00:00+00:00, run_after=2025-10-10 00:00:00+00:00
[2025-10-10T09:02:39.511+0000] {logging_mixin.py:190} INFO - [2025-10-10T09:02:39.510+0000] {dag.py:4138} INFO - Setting next_dagrun for example_branch_datetime_operator_3 to 2025-10-09 00:00:00+00:00, run_after=2025-10-10 00:00:00+00:00
[2025-10-10T09:02:39.539+0000] {processor.py:208} INFO - Processing /home/airflow/.local/lib/python3.12/site-packages/airflow/example_dags/example_branch_datetime_operator.py took 0.319 seconds
[2025-10-10T09:03:10.669+0000] {processor.py:186} INFO - Started process (PID=306) to work on /home/airflow/.local/lib/python3.12/site-packages/airflow/example_dags/example_branch_datetime_operator.py
[2025-10-10T09:03:10.673+0000] {processor.py:914} INFO - Processing file /home/airflow/.local/lib/python3.12/site-packages/airflow/example_dags/example_branch_datetime_operator.py for tasks to queue
[2025-10-10T09:03:10.680+0000] {logging_mixin.py:190} INFO - [2025-10-10T09:03:10.679+0000] {dagbag.py:587} INFO - Filling up the DagBag from /home/airflow/.local/lib/python3.12/site-packages/airflow/example_dags/example_branch_datetime_operator.py
[2025-10-10T09:03:10.727+0000] {processor.py:925} INFO - DAG(s) 'example_branch_datetime_operator', 'example_branch_datetime_operator_2', 'example_branch_datetime_operator_3' retrieved from /home/airflow/.local/lib/python3.12/site-packages/airflow/example_dags/example_branch_datetime_operator.py
[2025-10-10T09:03:10.838+0000] {logging_mixin.py:190} INFO - [2025-10-10T09:03:10.837+0000] {dag.py:3211} INFO - Sync 3 DAGs
[2025-10-10T09:03:10.898+0000] {logging_mixin.py:190} INFO - [2025-10-10T09:03:10.897+0000] {dag.py:4138} INFO - Setting next_dagrun for example_branch_datetime_operator to 2025-10-09 00:00:00+00:00, run_after=2025-10-10 00:00:00+00:00
[2025-10-10T09:03:10.908+0000] {logging_mixin.py:190} INFO - [2025-10-10T09:03:10.908+0000] {dag.py:4138} INFO - Setting next_dagrun for example_branch_datetime_operator_2 to 2025-10-09 00:00:00+00:00, run_after=2025-10-10 00:00:00+00:00
[2025-10-10T09:03:10.915+0000] {logging_mixin.py:190} INFO - [2025-10-10T09:03:10.914+0000] {dag.py:4138} INFO - Setting next_dagrun for example_branch_datetime_operator_3 to 2025-10-09 00:00:00+00:00, run_after=2025-10-10 00:00:00+00:00
[2025-10-10T09:03:10.956+0000] {processor.py:208} INFO - Processing /home/airflow/.local/lib/python3.12/site-packages/airflow/example_dags/example_branch_datetime_operator.py took 0.305 seconds
[2025-10-10T09:03:42.448+0000] {processor.py:186} INFO - Started process (PID=369) to work on /home/airflow/.local/lib/python3.12/site-packages/airflow/example_dags/example_branch_datetime_operator.py
[2025-10-10T09:03:42.451+0000] {processor.py:914} INFO - Processing file /home/airflow/.local/lib/python3.12/site-packages/airflow/example_dags/example_branch_datetime_operator.py for tasks to queue
[2025-10-10T09:03:42.462+0000] {logging_mixin.py:190} INFO - [2025-10-10T09:03:42.461+0000] {dagbag.py:587} INFO - Filling up the DagBag from /home/airflow/.local/lib/python3.12/site-packages/airflow/example_dags/example_branch_datetime_operator.py
[2025-10-10T09:03:42.552+0000] {processor.py:925} INFO - DAG(s) 'example_branch_datetime_operator_3', 'example_branch_datetime_operator', 'example_branch_datetime_operator_2' retrieved from /home/airflow/.local/lib/python3.12/site-packages/airflow/example_dags/example_branch_datetime_operator.py
[2025-10-10T09:03:42.748+0000] {logging_mixin.py:190} INFO - [2025-10-10T09:03:42.747+0000] {dag.py:3211} INFO - Sync 3 DAGs
[2025-10-10T09:03:42.876+0000] {logging_mixin.py:190} INFO - [2025-10-10T09:03:42.875+0000] {dag.py:4138} INFO - Setting next_dagrun for example_branch_datetime_operator to 2025-10-09 00:00:00+00:00, run_after=2025-10-10 00:00:00+00:00
[2025-10-10T09:03:42.901+0000] {logging_mixin.py:190} INFO - [2025-10-10T09:03:42.901+0000] {dag.py:4138} INFO - Setting next_dagrun for example_branch_datetime_operator_2 to 2025-10-09 00:00:00+00:00, run_after=2025-10-10 00:00:00+00:00
[2025-10-10T09:03:42.917+0000] {logging_mixin.py:190} INFO - [2025-10-10T09:03:42.916+0000] {dag.py:4138} INFO - Setting next_dagrun for example_branch_datetime_operator_3 to 2025-10-09 00:00:00+00:00, run_after=2025-10-10 00:00:00+00:00
[2025-10-10T09:03:42.976+0000] {processor.py:208} INFO - Processing /home/airflow/.local/lib/python3.12/site-packages/airflow/example_dags/example_branch_datetime_operator.py took 0.552 seconds
[2025-10-10T09:04:13.895+0000] {processor.py:186} INFO - Started process (PID=438) to work on /home/airflow/.local/lib/python3.12/site-packages/airflow/example_dags/example_branch_datetime_operator.py
[2025-10-10T09:04:13.898+0000] {processor.py:914} INFO - Processing file /home/airflow/.local/lib/python3.12/site-packages/airflow/example_dags/example_branch_datetime_operator.py for tasks to queue
[2025-10-10T09:04:13.907+0000] {logging_mixin.py:190} INFO - [2025-10-10T09:04:13.906+0000] {dagbag.py:587} INFO - Filling up the DagBag from /home/airflow/.local/lib/python3.12/site-packages/airflow/example_dags/example_branch_datetime_operator.py
[2025-10-10T09:04:13.974+0000] {processor.py:925} INFO - DAG(s) 'example_branch_datetime_operator_2', 'example_branch_datetime_operator', 'example_branch_datetime_operator_3' retrieved from /home/airflow/.local/lib/python3.12/site-packages/airflow/example_dags/example_branch_datetime_operator.py
[2025-10-10T09:04:14.069+0000] {logging_mixin.py:190} INFO - [2025-10-10T09:04:14.068+0000] {dag.py:3211} INFO - Sync 3 DAGs
[2025-10-10T09:04:14.150+0000] {logging_mixin.py:190} INFO - [2025-10-10T09:04:14.149+0000] {dag.py:4138} INFO - Setting next_dagrun for example_branch_datetime_operator to 2025-10-09 00:00:00+00:00, run_after=2025-10-10 00:00:00+00:00
[2025-10-10T09:04:14.164+0000] {logging_mixin.py:190} INFO - [2025-10-10T09:04:14.163+0000] {dag.py:4138} INFO - Setting next_dagrun for example_branch_datetime_operator_2 to 2025-10-09 00:00:00+00:00, run_after=2025-10-10 00:00:00+00:00
[2025-10-10T09:04:14.173+0000] {logging_mixin.py:190} INFO - [2025-10-10T09:04:14.173+0000] {dag.py:4138} INFO - Setting next_dagrun for example_branch_datetime_operator_3 to 2025-10-09 00:00:00+00:00, run_after=2025-10-10 00:00:00+00:00
[2025-10-10T09:04:14.210+0000] {processor.py:208} INFO - Processing /home/airflow/.local/lib/python3.12/site-packages/airflow/example_dags/example_branch_datetime_operator.py took 0.345 seconds
[2025-10-10T09:04:44.756+0000] {processor.py:186} INFO - Started process (PID=501) to work on /home/airflow/.local/lib/python3.12/site-packages/airflow/example_dags/example_branch_datetime_operator.py
[2025-10-10T09:04:44.759+0000] {processor.py:914} INFO - Processing file /home/airflow/.local/lib/python3.12/site-packages/airflow/example_dags/example_branch_datetime_operator.py for tasks to queue
[2025-10-10T09:04:44.768+0000] {logging_mixin.py:190} INFO - [2025-10-10T09:04:44.767+0000] {dagbag.py:587} INFO - Filling up the DagBag from /home/airflow/.local/lib/python3.12/site-packages/airflow/example_dags/example_branch_datetime_operator.py
[2025-10-10T09:04:44.809+0000] {processor.py:925} INFO - DAG(s) 'example_branch_datetime_operator_2', 'example_branch_datetime_operator', 'example_branch_datetime_operator_3' retrieved from /home/airflow/.local/lib/python3.12/site-packages/airflow/example_dags/example_branch_datetime_operator.py
[2025-10-10T09:04:44.889+0000] {logging_mixin.py:190} INFO - [2025-10-10T09:04:44.889+0000] {dag.py:3211} INFO - Sync 3 DAGs
[2025-10-10T09:04:44.960+0000] {logging_mixin.py:190} INFO - [2025-10-10T09:04:44.959+0000] {dag.py:4138} INFO - Setting next_dagrun for example_branch_datetime_operator to 2025-10-09 00:00:00+00:00, run_after=2025-10-10 00:00:00+00:00
[2025-10-10T09:04:44.972+0000] {logging_mixin.py:190} INFO - [2025-10-10T09:04:44.972+0000] {dag.py:4138} INFO - Setting next_dagrun for example_branch_datetime_operator_2 to 2025-10-09 00:00:00+00:00, run_after=2025-10-10 00:00:00+00:00
[2025-10-10T09:04:44.981+0000] {logging_mixin.py:190} INFO - [2025-10-10T09:04:44.980+0000] {dag.py:4138} INFO - Setting next_dagrun for example_branch_datetime_operator_3 to 2025-10-09 00:00:00+00:00, run_after=2025-10-10 00:00:00+00:00
[2025-10-10T09:04:45.071+0000] {processor.py:208} INFO - Processing /home/airflow/.local/lib/python3.12/site-packages/airflow/example_dags/example_branch_datetime_operator.py took 0.337 seconds
[2025-10-10T09:05:15.501+0000] {processor.py:186} INFO - Started process (PID=564) to work on /home/airflow/.local/lib/python3.12/site-packages/airflow/example_dags/example_branch_datetime_operator.py
[2025-10-10T09:05:15.511+0000] {processor.py:914} INFO - Processing file /home/airflow/.local/lib/python3.12/site-packages/airflow/example_dags/example_branch_datetime_operator.py for tasks to queue
[2025-10-10T09:05:15.531+0000] {logging_mixin.py:190} INFO - [2025-10-10T09:05:15.528+0000] {dagbag.py:587} INFO - Filling up the DagBag from /home/airflow/.local/lib/python3.12/site-packages/airflow/example_dags/example_branch_datetime_operator.py
[2025-10-10T09:05:15.633+0000] {processor.py:925} INFO - DAG(s) 'example_branch_datetime_operator_3', 'example_branch_datetime_operator_2', 'example_branch_datetime_operator' retrieved from /home/airflow/.local/lib/python3.12/site-packages/airflow/example_dags/example_branch_datetime_operator.py
[2025-10-10T09:05:15.786+0000] {logging_mixin.py:190} INFO - [2025-10-10T09:05:15.786+0000] {dag.py:3211} INFO - Sync 3 DAGs
[2025-10-10T09:05:15.861+0000] {logging_mixin.py:190} INFO - [2025-10-10T09:05:15.860+0000] {dag.py:4138} INFO - Setting next_dagrun for example_branch_datetime_operator to 2025-10-09 00:00:00+00:00, run_after=2025-10-10 00:00:00+00:00
[2025-10-10T09:05:15.870+0000] {logging_mixin.py:190} INFO - [2025-10-10T09:05:15.870+0000] {dag.py:4138} INFO - Setting next_dagrun for example_branch_datetime_operator_2 to 2025-10-09 00:00:00+00:00, run_after=2025-10-10 00:00:00+00:00
[2025-10-10T09:05:15.875+0000] {logging_mixin.py:190} INFO - [2025-10-10T09:05:15.875+0000] {dag.py:4138} INFO - Setting next_dagrun for example_branch_datetime_operator_3 to 2025-10-09 00:00:00+00:00, run_after=2025-10-10 00:00:00+00:00
[2025-10-10T09:05:15.911+0000] {processor.py:208} INFO - Processing /home/airflow/.local/lib/python3.12/site-packages/airflow/example_dags/example_branch_datetime_operator.py took 0.452 seconds
