[2025-10-10T08:37:47.847+0000] {processor.py:186} INFO - Started process (PID=68) to work on /home/airflow/.local/lib/python3.12/site-packages/airflow/example_dags/example_short_circuit_decorator.py
[2025-10-10T08:37:47.851+0000] {processor.py:914} INFO - Processing file /home/airflow/.local/lib/python3.12/site-packages/airflow/example_dags/example_short_circuit_decorator.py for tasks to queue
[2025-10-10T08:37:47.861+0000] {logging_mixin.py:190} INFO - [2025-10-10T08:37:47.860+0000] {dagbag.py:587} INFO - Filling up the DagBag from /home/airflow/.local/lib/python3.12/site-packages/airflow/example_dags/example_short_circuit_decorator.py
[2025-10-10T08:37:47.898+0000] {processor.py:925} INFO - DAG(s) 'example_short_circuit_decorator' retrieved from /home/airflow/.local/lib/python3.12/site-packages/airflow/example_dags/example_short_circuit_decorator.py
[2025-10-10T08:37:48.043+0000] {logging_mixin.py:190} INFO - [2025-10-10T08:37:48.042+0000] {dag.py:3211} INFO - Sync 1 DAGs
[2025-10-10T08:37:48.124+0000] {logging_mixin.py:190} INFO - [2025-10-10T08:37:48.123+0000] {dag.py:4138} INFO - Setting next_dagrun for example_short_circuit_decorator to 2025-10-09 00:00:00+00:00, run_after=2025-10-10 00:00:00+00:00
[2025-10-10T08:37:48.200+0000] {processor.py:208} INFO - Processing /home/airflow/.local/lib/python3.12/site-packages/airflow/example_dags/example_short_circuit_decorator.py took 0.376 seconds
[2025-10-10T08:38:18.824+0000] {processor.py:186} INFO - Started process (PID=130) to work on /home/airflow/.local/lib/python3.12/site-packages/airflow/example_dags/example_short_circuit_decorator.py
[2025-10-10T08:38:18.831+0000] {processor.py:914} INFO - Processing file /home/airflow/.local/lib/python3.12/site-packages/airflow/example_dags/example_short_circuit_decorator.py for tasks to queue
[2025-10-10T08:38:18.853+0000] {logging_mixin.py:190} INFO - [2025-10-10T08:38:18.850+0000] {dagbag.py:587} INFO - Filling up the DagBag from /home/airflow/.local/lib/python3.12/site-packages/airflow/example_dags/example_short_circuit_decorator.py
[2025-10-10T08:38:18.905+0000] {processor.py:925} INFO - DAG(s) 'example_short_circuit_decorator' retrieved from /home/airflow/.local/lib/python3.12/site-packages/airflow/example_dags/example_short_circuit_decorator.py
[2025-10-10T08:38:18.985+0000] {logging_mixin.py:190} INFO - [2025-10-10T08:38:18.985+0000] {dag.py:3211} INFO - Sync 1 DAGs
[2025-10-10T08:38:19.070+0000] {logging_mixin.py:190} INFO - [2025-10-10T08:38:19.069+0000] {dag.py:4138} INFO - Setting next_dagrun for example_short_circuit_decorator to 2025-10-09 00:00:00+00:00, run_after=2025-10-10 00:00:00+00:00
[2025-10-10T08:38:19.132+0000] {processor.py:208} INFO - Processing /home/airflow/.local/lib/python3.12/site-packages/airflow/example_dags/example_short_circuit_decorator.py took 0.345 seconds
[2025-10-10T08:38:49.662+0000] {processor.py:186} INFO - Started process (PID=193) to work on /home/airflow/.local/lib/python3.12/site-packages/airflow/example_dags/example_short_circuit_decorator.py
[2025-10-10T08:38:49.665+0000] {processor.py:914} INFO - Processing file /home/airflow/.local/lib/python3.12/site-packages/airflow/example_dags/example_short_circuit_decorator.py for tasks to queue
[2025-10-10T08:38:49.672+0000] {logging_mixin.py:190} INFO - [2025-10-10T08:38:49.671+0000] {dagbag.py:587} INFO - Filling up the DagBag from /home/airflow/.local/lib/python3.12/site-packages/airflow/example_dags/example_short_circuit_decorator.py
[2025-10-10T08:38:49.704+0000] {processor.py:925} INFO - DAG(s) 'example_short_circuit_decorator' retrieved from /home/airflow/.local/lib/python3.12/site-packages/airflow/example_dags/example_short_circuit_decorator.py
[2025-10-10T08:38:49.771+0000] {logging_mixin.py:190} INFO - [2025-10-10T08:38:49.770+0000] {dag.py:3211} INFO - Sync 1 DAGs
[2025-10-10T08:38:49.841+0000] {logging_mixin.py:190} INFO - [2025-10-10T08:38:49.839+0000] {dag.py:4138} INFO - Setting next_dagrun for example_short_circuit_decorator to 2025-10-09 00:00:00+00:00, run_after=2025-10-10 00:00:00+00:00
[2025-10-10T08:38:49.897+0000] {processor.py:208} INFO - Processing /home/airflow/.local/lib/python3.12/site-packages/airflow/example_dags/example_short_circuit_decorator.py took 0.254 seconds
[2025-10-10T08:39:20.441+0000] {processor.py:186} INFO - Started process (PID=256) to work on /home/airflow/.local/lib/python3.12/site-packages/airflow/example_dags/example_short_circuit_decorator.py
[2025-10-10T08:39:20.453+0000] {processor.py:914} INFO - Processing file /home/airflow/.local/lib/python3.12/site-packages/airflow/example_dags/example_short_circuit_decorator.py for tasks to queue
[2025-10-10T08:39:20.477+0000] {logging_mixin.py:190} INFO - [2025-10-10T08:39:20.476+0000] {dagbag.py:587} INFO - Filling up the DagBag from /home/airflow/.local/lib/python3.12/site-packages/airflow/example_dags/example_short_circuit_decorator.py
[2025-10-10T08:39:20.545+0000] {processor.py:925} INFO - DAG(s) 'example_short_circuit_decorator' retrieved from /home/airflow/.local/lib/python3.12/site-packages/airflow/example_dags/example_short_circuit_decorator.py
[2025-10-10T08:39:20.698+0000] {logging_mixin.py:190} INFO - [2025-10-10T08:39:20.697+0000] {dag.py:3211} INFO - Sync 1 DAGs
[2025-10-10T08:39:20.765+0000] {logging_mixin.py:190} INFO - [2025-10-10T08:39:20.764+0000] {dag.py:4138} INFO - Setting next_dagrun for example_short_circuit_decorator to 2025-10-09 00:00:00+00:00, run_after=2025-10-10 00:00:00+00:00
[2025-10-10T08:39:20.823+0000] {processor.py:208} INFO - Processing /home/airflow/.local/lib/python3.12/site-packages/airflow/example_dags/example_short_circuit_decorator.py took 0.426 seconds
[2025-10-10T08:39:51.051+0000] {processor.py:186} INFO - Started process (PID=319) to work on /home/airflow/.local/lib/python3.12/site-packages/airflow/example_dags/example_short_circuit_decorator.py
[2025-10-10T08:39:51.054+0000] {processor.py:914} INFO - Processing file /home/airflow/.local/lib/python3.12/site-packages/airflow/example_dags/example_short_circuit_decorator.py for tasks to queue
[2025-10-10T08:39:51.066+0000] {logging_mixin.py:190} INFO - [2025-10-10T08:39:51.065+0000] {dagbag.py:587} INFO - Filling up the DagBag from /home/airflow/.local/lib/python3.12/site-packages/airflow/example_dags/example_short_circuit_decorator.py
[2025-10-10T08:39:51.103+0000] {processor.py:925} INFO - DAG(s) 'example_short_circuit_decorator' retrieved from /home/airflow/.local/lib/python3.12/site-packages/airflow/example_dags/example_short_circuit_decorator.py
[2025-10-10T08:39:51.180+0000] {logging_mixin.py:190} INFO - [2025-10-10T08:39:51.180+0000] {dag.py:3211} INFO - Sync 1 DAGs
[2025-10-10T08:39:51.266+0000] {logging_mixin.py:190} INFO - [2025-10-10T08:39:51.265+0000] {dag.py:4138} INFO - Setting next_dagrun for example_short_circuit_decorator to 2025-10-09 00:00:00+00:00, run_after=2025-10-10 00:00:00+00:00
[2025-10-10T08:39:51.357+0000] {processor.py:208} INFO - Processing /home/airflow/.local/lib/python3.12/site-packages/airflow/example_dags/example_short_circuit_decorator.py took 0.324 seconds
[2025-10-10T08:40:21.708+0000] {processor.py:186} INFO - Started process (PID=382) to work on /home/airflow/.local/lib/python3.12/site-packages/airflow/example_dags/example_short_circuit_decorator.py
[2025-10-10T08:40:21.714+0000] {processor.py:914} INFO - Processing file /home/airflow/.local/lib/python3.12/site-packages/airflow/example_dags/example_short_circuit_decorator.py for tasks to queue
[2025-10-10T08:40:21.728+0000] {logging_mixin.py:190} INFO - [2025-10-10T08:40:21.726+0000] {dagbag.py:587} INFO - Filling up the DagBag from /home/airflow/.local/lib/python3.12/site-packages/airflow/example_dags/example_short_circuit_decorator.py
[2025-10-10T08:40:21.785+0000] {processor.py:925} INFO - DAG(s) 'example_short_circuit_decorator' retrieved from /home/airflow/.local/lib/python3.12/site-packages/airflow/example_dags/example_short_circuit_decorator.py
[2025-10-10T08:40:21.970+0000] {logging_mixin.py:190} INFO - [2025-10-10T08:40:21.970+0000] {dag.py:3211} INFO - Sync 1 DAGs
[2025-10-10T08:40:22.039+0000] {logging_mixin.py:190} INFO - [2025-10-10T08:40:22.039+0000] {dag.py:4138} INFO - Setting next_dagrun for example_short_circuit_decorator to 2025-10-09 00:00:00+00:00, run_after=2025-10-10 00:00:00+00:00
[2025-10-10T08:40:22.094+0000] {processor.py:208} INFO - Processing /home/airflow/.local/lib/python3.12/site-packages/airflow/example_dags/example_short_circuit_decorator.py took 0.424 seconds
[2025-10-10T08:40:52.922+0000] {processor.py:186} INFO - Started process (PID=445) to work on /home/airflow/.local/lib/python3.12/site-packages/airflow/example_dags/example_short_circuit_decorator.py
[2025-10-10T08:40:52.925+0000] {processor.py:914} INFO - Processing file /home/airflow/.local/lib/python3.12/site-packages/airflow/example_dags/example_short_circuit_decorator.py for tasks to queue
[2025-10-10T08:40:52.933+0000] {logging_mixin.py:190} INFO - [2025-10-10T08:40:52.932+0000] {dagbag.py:587} INFO - Filling up the DagBag from /home/airflow/.local/lib/python3.12/site-packages/airflow/example_dags/example_short_circuit_decorator.py
[2025-10-10T08:40:52.961+0000] {processor.py:925} INFO - DAG(s) 'example_short_circuit_decorator' retrieved from /home/airflow/.local/lib/python3.12/site-packages/airflow/example_dags/example_short_circuit_decorator.py
[2025-10-10T08:40:53.008+0000] {logging_mixin.py:190} INFO - [2025-10-10T08:40:53.008+0000] {dag.py:3211} INFO - Sync 1 DAGs
[2025-10-10T08:40:53.056+0000] {logging_mixin.py:190} INFO - [2025-10-10T08:40:53.056+0000] {dag.py:4138} INFO - Setting next_dagrun for example_short_circuit_decorator to 2025-10-09 00:00:00+00:00, run_after=2025-10-10 00:00:00+00:00
[2025-10-10T08:40:53.094+0000] {processor.py:208} INFO - Processing /home/airflow/.local/lib/python3.12/site-packages/airflow/example_dags/example_short_circuit_decorator.py took 0.187 seconds
[2025-10-10T08:41:23.614+0000] {processor.py:186} INFO - Started process (PID=508) to work on /home/airflow/.local/lib/python3.12/site-packages/airflow/example_dags/example_short_circuit_decorator.py
[2025-10-10T08:41:23.628+0000] {processor.py:914} INFO - Processing file /home/airflow/.local/lib/python3.12/site-packages/airflow/example_dags/example_short_circuit_decorator.py for tasks to queue
[2025-10-10T08:41:23.648+0000] {logging_mixin.py:190} INFO - [2025-10-10T08:41:23.646+0000] {dagbag.py:587} INFO - Filling up the DagBag from /home/airflow/.local/lib/python3.12/site-packages/airflow/example_dags/example_short_circuit_decorator.py
[2025-10-10T08:41:23.710+0000] {processor.py:925} INFO - DAG(s) 'example_short_circuit_decorator' retrieved from /home/airflow/.local/lib/python3.12/site-packages/airflow/example_dags/example_short_circuit_decorator.py
[2025-10-10T08:41:23.790+0000] {logging_mixin.py:190} INFO - [2025-10-10T08:41:23.789+0000] {dag.py:3211} INFO - Sync 1 DAGs
[2025-10-10T08:41:23.863+0000] {logging_mixin.py:190} INFO - [2025-10-10T08:41:23.863+0000] {dag.py:4138} INFO - Setting next_dagrun for example_short_circuit_decorator to 2025-10-09 00:00:00+00:00, run_after=2025-10-10 00:00:00+00:00
[2025-10-10T08:41:23.918+0000] {processor.py:208} INFO - Processing /home/airflow/.local/lib/python3.12/site-packages/airflow/example_dags/example_short_circuit_decorator.py took 0.356 seconds
[2025-10-10T08:41:54.239+0000] {processor.py:186} INFO - Started process (PID=571) to work on /home/airflow/.local/lib/python3.12/site-packages/airflow/example_dags/example_short_circuit_decorator.py
[2025-10-10T08:41:54.243+0000] {processor.py:914} INFO - Processing file /home/airflow/.local/lib/python3.12/site-packages/airflow/example_dags/example_short_circuit_decorator.py for tasks to queue
[2025-10-10T08:41:54.251+0000] {logging_mixin.py:190} INFO - [2025-10-10T08:41:54.250+0000] {dagbag.py:587} INFO - Filling up the DagBag from /home/airflow/.local/lib/python3.12/site-packages/airflow/example_dags/example_short_circuit_decorator.py
[2025-10-10T08:41:54.282+0000] {processor.py:925} INFO - DAG(s) 'example_short_circuit_decorator' retrieved from /home/airflow/.local/lib/python3.12/site-packages/airflow/example_dags/example_short_circuit_decorator.py
[2025-10-10T08:41:54.371+0000] {logging_mixin.py:190} INFO - [2025-10-10T08:41:54.370+0000] {dag.py:3211} INFO - Sync 1 DAGs
[2025-10-10T08:41:54.458+0000] {logging_mixin.py:190} INFO - [2025-10-10T08:41:54.458+0000] {dag.py:4138} INFO - Setting next_dagrun for example_short_circuit_decorator to 2025-10-09 00:00:00+00:00, run_after=2025-10-10 00:00:00+00:00
[2025-10-10T08:41:54.576+0000] {processor.py:208} INFO - Processing /home/airflow/.local/lib/python3.12/site-packages/airflow/example_dags/example_short_circuit_decorator.py took 0.353 seconds
[2025-10-10T08:42:24.959+0000] {processor.py:186} INFO - Started process (PID=634) to work on /home/airflow/.local/lib/python3.12/site-packages/airflow/example_dags/example_short_circuit_decorator.py
[2025-10-10T08:42:24.965+0000] {processor.py:914} INFO - Processing file /home/airflow/.local/lib/python3.12/site-packages/airflow/example_dags/example_short_circuit_decorator.py for tasks to queue
[2025-10-10T08:42:24.979+0000] {logging_mixin.py:190} INFO - [2025-10-10T08:42:24.977+0000] {dagbag.py:587} INFO - Filling up the DagBag from /home/airflow/.local/lib/python3.12/site-packages/airflow/example_dags/example_short_circuit_decorator.py
[2025-10-10T08:42:25.049+0000] {processor.py:925} INFO - DAG(s) 'example_short_circuit_decorator' retrieved from /home/airflow/.local/lib/python3.12/site-packages/airflow/example_dags/example_short_circuit_decorator.py
[2025-10-10T08:42:25.236+0000] {logging_mixin.py:190} INFO - [2025-10-10T08:42:25.235+0000] {dag.py:3211} INFO - Sync 1 DAGs
[2025-10-10T08:42:25.349+0000] {logging_mixin.py:190} INFO - [2025-10-10T08:42:25.348+0000] {dag.py:4138} INFO - Setting next_dagrun for example_short_circuit_decorator to 2025-10-09 00:00:00+00:00, run_after=2025-10-10 00:00:00+00:00
[2025-10-10T08:42:25.431+0000] {processor.py:208} INFO - Processing /home/airflow/.local/lib/python3.12/site-packages/airflow/example_dags/example_short_circuit_decorator.py took 0.505 seconds
[2025-10-10T08:42:56.330+0000] {processor.py:186} INFO - Started process (PID=697) to work on /home/airflow/.local/lib/python3.12/site-packages/airflow/example_dags/example_short_circuit_decorator.py
[2025-10-10T08:42:56.333+0000] {processor.py:914} INFO - Processing file /home/airflow/.local/lib/python3.12/site-packages/airflow/example_dags/example_short_circuit_decorator.py for tasks to queue
[2025-10-10T08:42:56.342+0000] {logging_mixin.py:190} INFO - [2025-10-10T08:42:56.341+0000] {dagbag.py:587} INFO - Filling up the DagBag from /home/airflow/.local/lib/python3.12/site-packages/airflow/example_dags/example_short_circuit_decorator.py
[2025-10-10T08:42:56.372+0000] {processor.py:925} INFO - DAG(s) 'example_short_circuit_decorator' retrieved from /home/airflow/.local/lib/python3.12/site-packages/airflow/example_dags/example_short_circuit_decorator.py
[2025-10-10T08:42:56.440+0000] {logging_mixin.py:190} INFO - [2025-10-10T08:42:56.439+0000] {dag.py:3211} INFO - Sync 1 DAGs
[2025-10-10T08:42:56.505+0000] {logging_mixin.py:190} INFO - [2025-10-10T08:42:56.505+0000] {dag.py:4138} INFO - Setting next_dagrun for example_short_circuit_decorator to 2025-10-09 00:00:00+00:00, run_after=2025-10-10 00:00:00+00:00
[2025-10-10T08:42:56.562+0000] {processor.py:208} INFO - Processing /home/airflow/.local/lib/python3.12/site-packages/airflow/example_dags/example_short_circuit_decorator.py took 0.247 seconds
[2025-10-10T08:43:27.266+0000] {processor.py:186} INFO - Started process (PID=760) to work on /home/airflow/.local/lib/python3.12/site-packages/airflow/example_dags/example_short_circuit_decorator.py
[2025-10-10T08:43:27.273+0000] {processor.py:914} INFO - Processing file /home/airflow/.local/lib/python3.12/site-packages/airflow/example_dags/example_short_circuit_decorator.py for tasks to queue
[2025-10-10T08:43:27.287+0000] {logging_mixin.py:190} INFO - [2025-10-10T08:43:27.285+0000] {dagbag.py:587} INFO - Filling up the DagBag from /home/airflow/.local/lib/python3.12/site-packages/airflow/example_dags/example_short_circuit_decorator.py
[2025-10-10T08:43:27.348+0000] {processor.py:925} INFO - DAG(s) 'example_short_circuit_decorator' retrieved from /home/airflow/.local/lib/python3.12/site-packages/airflow/example_dags/example_short_circuit_decorator.py
[2025-10-10T08:43:27.497+0000] {logging_mixin.py:190} INFO - [2025-10-10T08:43:27.496+0000] {dag.py:3211} INFO - Sync 1 DAGs
[2025-10-10T08:43:27.569+0000] {logging_mixin.py:190} INFO - [2025-10-10T08:43:27.568+0000] {dag.py:4138} INFO - Setting next_dagrun for example_short_circuit_decorator to 2025-10-09 00:00:00+00:00, run_after=2025-10-10 00:00:00+00:00
[2025-10-10T08:43:27.620+0000] {processor.py:208} INFO - Processing /home/airflow/.local/lib/python3.12/site-packages/airflow/example_dags/example_short_circuit_decorator.py took 0.396 seconds
[2025-10-10T08:43:58.388+0000] {processor.py:186} INFO - Started process (PID=823) to work on /home/airflow/.local/lib/python3.12/site-packages/airflow/example_dags/example_short_circuit_decorator.py
[2025-10-10T08:43:58.390+0000] {processor.py:914} INFO - Processing file /home/airflow/.local/lib/python3.12/site-packages/airflow/example_dags/example_short_circuit_decorator.py for tasks to queue
[2025-10-10T08:43:58.396+0000] {logging_mixin.py:190} INFO - [2025-10-10T08:43:58.395+0000] {dagbag.py:587} INFO - Filling up the DagBag from /home/airflow/.local/lib/python3.12/site-packages/airflow/example_dags/example_short_circuit_decorator.py
[2025-10-10T08:43:58.423+0000] {processor.py:925} INFO - DAG(s) 'example_short_circuit_decorator' retrieved from /home/airflow/.local/lib/python3.12/site-packages/airflow/example_dags/example_short_circuit_decorator.py
[2025-10-10T08:43:58.488+0000] {logging_mixin.py:190} INFO - [2025-10-10T08:43:58.487+0000] {dag.py:3211} INFO - Sync 1 DAGs
[2025-10-10T08:43:58.560+0000] {logging_mixin.py:190} INFO - [2025-10-10T08:43:58.559+0000] {dag.py:4138} INFO - Setting next_dagrun for example_short_circuit_decorator to 2025-10-09 00:00:00+00:00, run_after=2025-10-10 00:00:00+00:00
[2025-10-10T08:43:58.619+0000] {processor.py:208} INFO - Processing /home/airflow/.local/lib/python3.12/site-packages/airflow/example_dags/example_short_circuit_decorator.py took 0.247 seconds
[2025-10-10T08:44:29.289+0000] {processor.py:186} INFO - Started process (PID=885) to work on /home/airflow/.local/lib/python3.12/site-packages/airflow/example_dags/example_short_circuit_decorator.py
[2025-10-10T08:44:29.295+0000] {processor.py:914} INFO - Processing file /home/airflow/.local/lib/python3.12/site-packages/airflow/example_dags/example_short_circuit_decorator.py for tasks to queue
[2025-10-10T08:44:29.311+0000] {logging_mixin.py:190} INFO - [2025-10-10T08:44:29.309+0000] {dagbag.py:587} INFO - Filling up the DagBag from /home/airflow/.local/lib/python3.12/site-packages/airflow/example_dags/example_short_circuit_decorator.py
[2025-10-10T08:44:29.370+0000] {processor.py:925} INFO - DAG(s) 'example_short_circuit_decorator' retrieved from /home/airflow/.local/lib/python3.12/site-packages/airflow/example_dags/example_short_circuit_decorator.py
[2025-10-10T08:44:29.510+0000] {logging_mixin.py:190} INFO - [2025-10-10T08:44:29.509+0000] {dag.py:3211} INFO - Sync 1 DAGs
[2025-10-10T08:44:29.624+0000] {logging_mixin.py:190} INFO - [2025-10-10T08:44:29.624+0000] {dag.py:4138} INFO - Setting next_dagrun for example_short_circuit_decorator to 2025-10-09 00:00:00+00:00, run_after=2025-10-10 00:00:00+00:00
[2025-10-10T08:44:29.671+0000] {processor.py:208} INFO - Processing /home/airflow/.local/lib/python3.12/site-packages/airflow/example_dags/example_short_circuit_decorator.py took 0.422 seconds
[2025-10-10T08:44:59.924+0000] {processor.py:186} INFO - Started process (PID=948) to work on /home/airflow/.local/lib/python3.12/site-packages/airflow/example_dags/example_short_circuit_decorator.py
[2025-10-10T08:44:59.927+0000] {processor.py:914} INFO - Processing file /home/airflow/.local/lib/python3.12/site-packages/airflow/example_dags/example_short_circuit_decorator.py for tasks to queue
[2025-10-10T08:44:59.933+0000] {logging_mixin.py:190} INFO - [2025-10-10T08:44:59.932+0000] {dagbag.py:587} INFO - Filling up the DagBag from /home/airflow/.local/lib/python3.12/site-packages/airflow/example_dags/example_short_circuit_decorator.py
[2025-10-10T08:44:59.975+0000] {processor.py:925} INFO - DAG(s) 'example_short_circuit_decorator' retrieved from /home/airflow/.local/lib/python3.12/site-packages/airflow/example_dags/example_short_circuit_decorator.py
[2025-10-10T08:45:00.039+0000] {logging_mixin.py:190} INFO - [2025-10-10T08:45:00.039+0000] {dag.py:3211} INFO - Sync 1 DAGs
[2025-10-10T08:45:00.102+0000] {logging_mixin.py:190} INFO - [2025-10-10T08:45:00.101+0000] {dag.py:4138} INFO - Setting next_dagrun for example_short_circuit_decorator to 2025-10-09 00:00:00+00:00, run_after=2025-10-10 00:00:00+00:00
[2025-10-10T08:45:00.150+0000] {processor.py:208} INFO - Processing /home/airflow/.local/lib/python3.12/site-packages/airflow/example_dags/example_short_circuit_decorator.py took 0.241 seconds
[2025-10-10T08:45:30.953+0000] {processor.py:186} INFO - Started process (PID=1011) to work on /home/airflow/.local/lib/python3.12/site-packages/airflow/example_dags/example_short_circuit_decorator.py
[2025-10-10T08:45:30.956+0000] {processor.py:914} INFO - Processing file /home/airflow/.local/lib/python3.12/site-packages/airflow/example_dags/example_short_circuit_decorator.py for tasks to queue
[2025-10-10T08:45:30.963+0000] {logging_mixin.py:190} INFO - [2025-10-10T08:45:30.962+0000] {dagbag.py:587} INFO - Filling up the DagBag from /home/airflow/.local/lib/python3.12/site-packages/airflow/example_dags/example_short_circuit_decorator.py
[2025-10-10T08:45:30.993+0000] {processor.py:925} INFO - DAG(s) 'example_short_circuit_decorator' retrieved from /home/airflow/.local/lib/python3.12/site-packages/airflow/example_dags/example_short_circuit_decorator.py
[2025-10-10T08:45:31.122+0000] {logging_mixin.py:190} INFO - [2025-10-10T08:45:31.122+0000] {dag.py:3211} INFO - Sync 1 DAGs
[2025-10-10T08:45:31.242+0000] {logging_mixin.py:190} INFO - [2025-10-10T08:45:31.241+0000] {dag.py:4138} INFO - Setting next_dagrun for example_short_circuit_decorator to 2025-10-09 00:00:00+00:00, run_after=2025-10-10 00:00:00+00:00
[2025-10-10T08:45:31.432+0000] {processor.py:208} INFO - Processing /home/airflow/.local/lib/python3.12/site-packages/airflow/example_dags/example_short_circuit_decorator.py took 0.497 seconds
[2025-10-10T08:46:01.608+0000] {processor.py:186} INFO - Started process (PID=1073) to work on /home/airflow/.local/lib/python3.12/site-packages/airflow/example_dags/example_short_circuit_decorator.py
[2025-10-10T08:46:01.610+0000] {processor.py:914} INFO - Processing file /home/airflow/.local/lib/python3.12/site-packages/airflow/example_dags/example_short_circuit_decorator.py for tasks to queue
[2025-10-10T08:46:01.615+0000] {logging_mixin.py:190} INFO - [2025-10-10T08:46:01.614+0000] {dagbag.py:587} INFO - Filling up the DagBag from /home/airflow/.local/lib/python3.12/site-packages/airflow/example_dags/example_short_circuit_decorator.py
[2025-10-10T08:46:01.635+0000] {processor.py:925} INFO - DAG(s) 'example_short_circuit_decorator' retrieved from /home/airflow/.local/lib/python3.12/site-packages/airflow/example_dags/example_short_circuit_decorator.py
[2025-10-10T08:46:01.685+0000] {logging_mixin.py:190} INFO - [2025-10-10T08:46:01.685+0000] {dag.py:3211} INFO - Sync 1 DAGs
[2025-10-10T08:46:01.728+0000] {logging_mixin.py:190} INFO - [2025-10-10T08:46:01.727+0000] {dag.py:4138} INFO - Setting next_dagrun for example_short_circuit_decorator to 2025-10-09 00:00:00+00:00, run_after=2025-10-10 00:00:00+00:00
[2025-10-10T08:46:01.771+0000] {processor.py:208} INFO - Processing /home/airflow/.local/lib/python3.12/site-packages/airflow/example_dags/example_short_circuit_decorator.py took 0.176 seconds
[2025-10-10T08:46:32.784+0000] {processor.py:186} INFO - Started process (PID=1137) to work on /home/airflow/.local/lib/python3.12/site-packages/airflow/example_dags/example_short_circuit_decorator.py
[2025-10-10T08:46:32.792+0000] {processor.py:914} INFO - Processing file /home/airflow/.local/lib/python3.12/site-packages/airflow/example_dags/example_short_circuit_decorator.py for tasks to queue
[2025-10-10T08:46:32.813+0000] {logging_mixin.py:190} INFO - [2025-10-10T08:46:32.811+0000] {dagbag.py:587} INFO - Filling up the DagBag from /home/airflow/.local/lib/python3.12/site-packages/airflow/example_dags/example_short_circuit_decorator.py
[2025-10-10T08:46:32.876+0000] {processor.py:925} INFO - DAG(s) 'example_short_circuit_decorator' retrieved from /home/airflow/.local/lib/python3.12/site-packages/airflow/example_dags/example_short_circuit_decorator.py
[2025-10-10T08:46:33.018+0000] {logging_mixin.py:190} INFO - [2025-10-10T08:46:33.017+0000] {dag.py:3211} INFO - Sync 1 DAGs
[2025-10-10T08:46:33.130+0000] {logging_mixin.py:190} INFO - [2025-10-10T08:46:33.129+0000] {dag.py:4138} INFO - Setting next_dagrun for example_short_circuit_decorator to 2025-10-09 00:00:00+00:00, run_after=2025-10-10 00:00:00+00:00
[2025-10-10T08:46:33.214+0000] {processor.py:208} INFO - Processing /home/airflow/.local/lib/python3.12/site-packages/airflow/example_dags/example_short_circuit_decorator.py took 0.464 seconds
[2025-10-10T08:47:04.166+0000] {processor.py:186} INFO - Started process (PID=1200) to work on /home/airflow/.local/lib/python3.12/site-packages/airflow/example_dags/example_short_circuit_decorator.py
[2025-10-10T08:47:04.169+0000] {processor.py:914} INFO - Processing file /home/airflow/.local/lib/python3.12/site-packages/airflow/example_dags/example_short_circuit_decorator.py for tasks to queue
[2025-10-10T08:47:04.174+0000] {logging_mixin.py:190} INFO - [2025-10-10T08:47:04.173+0000] {dagbag.py:587} INFO - Filling up the DagBag from /home/airflow/.local/lib/python3.12/site-packages/airflow/example_dags/example_short_circuit_decorator.py
[2025-10-10T08:47:04.200+0000] {processor.py:925} INFO - DAG(s) 'example_short_circuit_decorator' retrieved from /home/airflow/.local/lib/python3.12/site-packages/airflow/example_dags/example_short_circuit_decorator.py
[2025-10-10T08:47:04.255+0000] {logging_mixin.py:190} INFO - [2025-10-10T08:47:04.254+0000] {dag.py:3211} INFO - Sync 1 DAGs
[2025-10-10T08:47:04.302+0000] {logging_mixin.py:190} INFO - [2025-10-10T08:47:04.302+0000] {dag.py:4138} INFO - Setting next_dagrun for example_short_circuit_decorator to 2025-10-09 00:00:00+00:00, run_after=2025-10-10 00:00:00+00:00
[2025-10-10T08:47:04.345+0000] {processor.py:208} INFO - Processing /home/airflow/.local/lib/python3.12/site-packages/airflow/example_dags/example_short_circuit_decorator.py took 0.194 seconds
[2025-10-10T08:47:35.053+0000] {processor.py:186} INFO - Started process (PID=1263) to work on /home/airflow/.local/lib/python3.12/site-packages/airflow/example_dags/example_short_circuit_decorator.py
[2025-10-10T08:47:35.056+0000] {processor.py:914} INFO - Processing file /home/airflow/.local/lib/python3.12/site-packages/airflow/example_dags/example_short_circuit_decorator.py for tasks to queue
[2025-10-10T08:47:35.063+0000] {logging_mixin.py:190} INFO - [2025-10-10T08:47:35.062+0000] {dagbag.py:587} INFO - Filling up the DagBag from /home/airflow/.local/lib/python3.12/site-packages/airflow/example_dags/example_short_circuit_decorator.py
[2025-10-10T08:47:35.092+0000] {processor.py:925} INFO - DAG(s) 'example_short_circuit_decorator' retrieved from /home/airflow/.local/lib/python3.12/site-packages/airflow/example_dags/example_short_circuit_decorator.py
[2025-10-10T08:47:35.151+0000] {logging_mixin.py:190} INFO - [2025-10-10T08:47:35.151+0000] {dag.py:3211} INFO - Sync 1 DAGs
[2025-10-10T08:47:35.222+0000] {logging_mixin.py:190} INFO - [2025-10-10T08:47:35.222+0000] {dag.py:4138} INFO - Setting next_dagrun for example_short_circuit_decorator to 2025-10-09 00:00:00+00:00, run_after=2025-10-10 00:00:00+00:00
[2025-10-10T08:47:35.306+0000] {processor.py:208} INFO - Processing /home/airflow/.local/lib/python3.12/site-packages/airflow/example_dags/example_short_circuit_decorator.py took 0.273 seconds
[2025-10-10T08:48:05.480+0000] {processor.py:186} INFO - Started process (PID=1326) to work on /home/airflow/.local/lib/python3.12/site-packages/airflow/example_dags/example_short_circuit_decorator.py
[2025-10-10T08:48:05.483+0000] {processor.py:914} INFO - Processing file /home/airflow/.local/lib/python3.12/site-packages/airflow/example_dags/example_short_circuit_decorator.py for tasks to queue
[2025-10-10T08:48:05.490+0000] {logging_mixin.py:190} INFO - [2025-10-10T08:48:05.489+0000] {dagbag.py:587} INFO - Filling up the DagBag from /home/airflow/.local/lib/python3.12/site-packages/airflow/example_dags/example_short_circuit_decorator.py
[2025-10-10T08:48:05.516+0000] {processor.py:925} INFO - DAG(s) 'example_short_circuit_decorator' retrieved from /home/airflow/.local/lib/python3.12/site-packages/airflow/example_dags/example_short_circuit_decorator.py
[2025-10-10T08:48:05.564+0000] {logging_mixin.py:190} INFO - [2025-10-10T08:48:05.564+0000] {dag.py:3211} INFO - Sync 1 DAGs
[2025-10-10T08:48:05.617+0000] {logging_mixin.py:190} INFO - [2025-10-10T08:48:05.617+0000] {dag.py:4138} INFO - Setting next_dagrun for example_short_circuit_decorator to 2025-10-09 00:00:00+00:00, run_after=2025-10-10 00:00:00+00:00
[2025-10-10T08:48:05.658+0000] {processor.py:208} INFO - Processing /home/airflow/.local/lib/python3.12/site-packages/airflow/example_dags/example_short_circuit_decorator.py took 0.192 seconds
[2025-10-10T08:48:36.027+0000] {processor.py:186} INFO - Started process (PID=1389) to work on /home/airflow/.local/lib/python3.12/site-packages/airflow/example_dags/example_short_circuit_decorator.py
[2025-10-10T08:48:36.030+0000] {processor.py:914} INFO - Processing file /home/airflow/.local/lib/python3.12/site-packages/airflow/example_dags/example_short_circuit_decorator.py for tasks to queue
[2025-10-10T08:48:36.040+0000] {logging_mixin.py:190} INFO - [2025-10-10T08:48:36.039+0000] {dagbag.py:587} INFO - Filling up the DagBag from /home/airflow/.local/lib/python3.12/site-packages/airflow/example_dags/example_short_circuit_decorator.py
[2025-10-10T08:48:36.064+0000] {processor.py:925} INFO - DAG(s) 'example_short_circuit_decorator' retrieved from /home/airflow/.local/lib/python3.12/site-packages/airflow/example_dags/example_short_circuit_decorator.py
[2025-10-10T08:48:36.132+0000] {logging_mixin.py:190} INFO - [2025-10-10T08:48:36.132+0000] {dag.py:3211} INFO - Sync 1 DAGs
[2025-10-10T08:48:36.176+0000] {logging_mixin.py:190} INFO - [2025-10-10T08:48:36.175+0000] {dag.py:4138} INFO - Setting next_dagrun for example_short_circuit_decorator to 2025-10-09 00:00:00+00:00, run_after=2025-10-10 00:00:00+00:00
[2025-10-10T08:48:36.215+0000] {processor.py:208} INFO - Processing /home/airflow/.local/lib/python3.12/site-packages/airflow/example_dags/example_short_circuit_decorator.py took 0.205 seconds
[2025-10-10T08:49:06.879+0000] {processor.py:186} INFO - Started process (PID=1452) to work on /home/airflow/.local/lib/python3.12/site-packages/airflow/example_dags/example_short_circuit_decorator.py
[2025-10-10T08:49:06.888+0000] {processor.py:914} INFO - Processing file /home/airflow/.local/lib/python3.12/site-packages/airflow/example_dags/example_short_circuit_decorator.py for tasks to queue
[2025-10-10T08:49:06.907+0000] {logging_mixin.py:190} INFO - [2025-10-10T08:49:06.905+0000] {dagbag.py:587} INFO - Filling up the DagBag from /home/airflow/.local/lib/python3.12/site-packages/airflow/example_dags/example_short_circuit_decorator.py
[2025-10-10T08:49:06.976+0000] {processor.py:925} INFO - DAG(s) 'example_short_circuit_decorator' retrieved from /home/airflow/.local/lib/python3.12/site-packages/airflow/example_dags/example_short_circuit_decorator.py
[2025-10-10T08:49:07.044+0000] {logging_mixin.py:190} INFO - [2025-10-10T08:49:07.043+0000] {dag.py:3211} INFO - Sync 1 DAGs
[2025-10-10T08:49:07.100+0000] {logging_mixin.py:190} INFO - [2025-10-10T08:49:07.100+0000] {dag.py:4138} INFO - Setting next_dagrun for example_short_circuit_decorator to 2025-10-09 00:00:00+00:00, run_after=2025-10-10 00:00:00+00:00
[2025-10-10T08:49:07.217+0000] {processor.py:208} INFO - Processing /home/airflow/.local/lib/python3.12/site-packages/airflow/example_dags/example_short_circuit_decorator.py took 0.377 seconds
[2025-10-10T08:53:43.289+0000] {processor.py:186} INFO - Started process (PID=71) to work on /home/airflow/.local/lib/python3.12/site-packages/airflow/example_dags/example_short_circuit_decorator.py
[2025-10-10T08:53:43.293+0000] {processor.py:914} INFO - Processing file /home/airflow/.local/lib/python3.12/site-packages/airflow/example_dags/example_short_circuit_decorator.py for tasks to queue
[2025-10-10T08:53:43.305+0000] {logging_mixin.py:190} INFO - [2025-10-10T08:53:43.304+0000] {dagbag.py:587} INFO - Filling up the DagBag from /home/airflow/.local/lib/python3.12/site-packages/airflow/example_dags/example_short_circuit_decorator.py
[2025-10-10T08:53:43.344+0000] {processor.py:925} INFO - DAG(s) 'example_short_circuit_decorator' retrieved from /home/airflow/.local/lib/python3.12/site-packages/airflow/example_dags/example_short_circuit_decorator.py
[2025-10-10T08:53:43.498+0000] {logging_mixin.py:190} INFO - [2025-10-10T08:53:43.498+0000] {dag.py:3211} INFO - Sync 1 DAGs
[2025-10-10T08:53:43.669+0000] {logging_mixin.py:190} INFO - [2025-10-10T08:53:43.668+0000] {dag.py:4138} INFO - Setting next_dagrun for example_short_circuit_decorator to 2025-10-09 00:00:00+00:00, run_after=2025-10-10 00:00:00+00:00
[2025-10-10T08:53:43.757+0000] {processor.py:208} INFO - Processing /home/airflow/.local/lib/python3.12/site-packages/airflow/example_dags/example_short_circuit_decorator.py took 0.490 seconds
[2025-10-10T08:54:13.889+0000] {processor.py:186} INFO - Started process (PID=133) to work on /home/airflow/.local/lib/python3.12/site-packages/airflow/example_dags/example_short_circuit_decorator.py
[2025-10-10T08:54:13.893+0000] {processor.py:914} INFO - Processing file /home/airflow/.local/lib/python3.12/site-packages/airflow/example_dags/example_short_circuit_decorator.py for tasks to queue
[2025-10-10T08:54:13.901+0000] {logging_mixin.py:190} INFO - [2025-10-10T08:54:13.899+0000] {dagbag.py:587} INFO - Filling up the DagBag from /home/airflow/.local/lib/python3.12/site-packages/airflow/example_dags/example_short_circuit_decorator.py
[2025-10-10T08:54:13.931+0000] {processor.py:925} INFO - DAG(s) 'example_short_circuit_decorator' retrieved from /home/airflow/.local/lib/python3.12/site-packages/airflow/example_dags/example_short_circuit_decorator.py
[2025-10-10T08:54:14.003+0000] {logging_mixin.py:190} INFO - [2025-10-10T08:54:14.003+0000] {dag.py:3211} INFO - Sync 1 DAGs
[2025-10-10T08:54:14.086+0000] {logging_mixin.py:190} INFO - [2025-10-10T08:54:14.085+0000] {dag.py:4138} INFO - Setting next_dagrun for example_short_circuit_decorator to 2025-10-09 00:00:00+00:00, run_after=2025-10-10 00:00:00+00:00
[2025-10-10T08:54:14.146+0000] {processor.py:208} INFO - Processing /home/airflow/.local/lib/python3.12/site-packages/airflow/example_dags/example_short_circuit_decorator.py took 0.271 seconds
[2025-10-10T08:54:45.704+0000] {processor.py:186} INFO - Started process (PID=197) to work on /home/airflow/.local/lib/python3.12/site-packages/airflow/example_dags/example_short_circuit_decorator.py
[2025-10-10T08:54:45.710+0000] {processor.py:914} INFO - Processing file /home/airflow/.local/lib/python3.12/site-packages/airflow/example_dags/example_short_circuit_decorator.py for tasks to queue
[2025-10-10T08:54:45.720+0000] {logging_mixin.py:190} INFO - [2025-10-10T08:54:45.718+0000] {dagbag.py:587} INFO - Filling up the DagBag from /home/airflow/.local/lib/python3.12/site-packages/airflow/example_dags/example_short_circuit_decorator.py
[2025-10-10T08:54:45.810+0000] {processor.py:925} INFO - DAG(s) 'example_short_circuit_decorator' retrieved from /home/airflow/.local/lib/python3.12/site-packages/airflow/example_dags/example_short_circuit_decorator.py
[2025-10-10T08:54:45.941+0000] {logging_mixin.py:190} INFO - [2025-10-10T08:54:45.940+0000] {dag.py:3211} INFO - Sync 1 DAGs
[2025-10-10T08:54:46.002+0000] {logging_mixin.py:190} INFO - [2025-10-10T08:54:46.001+0000] {dag.py:4138} INFO - Setting next_dagrun for example_short_circuit_decorator to 2025-10-09 00:00:00+00:00, run_after=2025-10-10 00:00:00+00:00
[2025-10-10T08:54:46.059+0000] {processor.py:208} INFO - Processing /home/airflow/.local/lib/python3.12/site-packages/airflow/example_dags/example_short_circuit_decorator.py took 0.405 seconds
[2025-10-10T08:57:54.559+0000] {processor.py:186} INFO - Started process (PID=72) to work on /home/airflow/.local/lib/python3.12/site-packages/airflow/example_dags/example_short_circuit_decorator.py
[2025-10-10T08:57:54.586+0000] {processor.py:914} INFO - Processing file /home/airflow/.local/lib/python3.12/site-packages/airflow/example_dags/example_short_circuit_decorator.py for tasks to queue
[2025-10-10T08:57:54.596+0000] {logging_mixin.py:190} INFO - [2025-10-10T08:57:54.595+0000] {dagbag.py:587} INFO - Filling up the DagBag from /home/airflow/.local/lib/python3.12/site-packages/airflow/example_dags/example_short_circuit_decorator.py
[2025-10-10T08:57:54.634+0000] {processor.py:925} INFO - DAG(s) 'example_short_circuit_decorator' retrieved from /home/airflow/.local/lib/python3.12/site-packages/airflow/example_dags/example_short_circuit_decorator.py
[2025-10-10T08:57:54.758+0000] {logging_mixin.py:190} INFO - [2025-10-10T08:57:54.758+0000] {dag.py:3211} INFO - Sync 1 DAGs
[2025-10-10T08:57:54.843+0000] {logging_mixin.py:190} INFO - [2025-10-10T08:57:54.842+0000] {dag.py:4138} INFO - Setting next_dagrun for example_short_circuit_decorator to 2025-10-09 00:00:00+00:00, run_after=2025-10-10 00:00:00+00:00
[2025-10-10T08:57:55.016+0000] {processor.py:208} INFO - Processing /home/airflow/.local/lib/python3.12/site-packages/airflow/example_dags/example_short_circuit_decorator.py took 0.478 seconds
[2025-10-10T08:58:25.344+0000] {processor.py:186} INFO - Started process (PID=135) to work on /home/airflow/.local/lib/python3.12/site-packages/airflow/example_dags/example_short_circuit_decorator.py
[2025-10-10T08:58:25.346+0000] {processor.py:914} INFO - Processing file /home/airflow/.local/lib/python3.12/site-packages/airflow/example_dags/example_short_circuit_decorator.py for tasks to queue
[2025-10-10T08:58:25.352+0000] {logging_mixin.py:190} INFO - [2025-10-10T08:58:25.351+0000] {dagbag.py:587} INFO - Filling up the DagBag from /home/airflow/.local/lib/python3.12/site-packages/airflow/example_dags/example_short_circuit_decorator.py
[2025-10-10T08:58:25.386+0000] {processor.py:925} INFO - DAG(s) 'example_short_circuit_decorator' retrieved from /home/airflow/.local/lib/python3.12/site-packages/airflow/example_dags/example_short_circuit_decorator.py
[2025-10-10T08:58:25.486+0000] {logging_mixin.py:190} INFO - [2025-10-10T08:58:25.484+0000] {dag.py:3211} INFO - Sync 1 DAGs
[2025-10-10T08:58:25.587+0000] {logging_mixin.py:190} INFO - [2025-10-10T08:58:25.586+0000] {dag.py:4138} INFO - Setting next_dagrun for example_short_circuit_decorator to 2025-10-09 00:00:00+00:00, run_after=2025-10-10 00:00:00+00:00
[2025-10-10T08:58:25.655+0000] {processor.py:208} INFO - Processing /home/airflow/.local/lib/python3.12/site-packages/airflow/example_dags/example_short_circuit_decorator.py took 0.325 seconds
[2025-10-10T09:01:20.376+0000] {processor.py:186} INFO - Started process (PID=71) to work on /home/airflow/.local/lib/python3.12/site-packages/airflow/example_dags/example_short_circuit_decorator.py
[2025-10-10T09:01:20.379+0000] {processor.py:914} INFO - Processing file /home/airflow/.local/lib/python3.12/site-packages/airflow/example_dags/example_short_circuit_decorator.py for tasks to queue
[2025-10-10T09:01:20.389+0000] {logging_mixin.py:190} INFO - [2025-10-10T09:01:20.388+0000] {dagbag.py:587} INFO - Filling up the DagBag from /home/airflow/.local/lib/python3.12/site-packages/airflow/example_dags/example_short_circuit_decorator.py
[2025-10-10T09:01:20.426+0000] {processor.py:925} INFO - DAG(s) 'example_short_circuit_decorator' retrieved from /home/airflow/.local/lib/python3.12/site-packages/airflow/example_dags/example_short_circuit_decorator.py
[2025-10-10T09:01:20.547+0000] {logging_mixin.py:190} INFO - [2025-10-10T09:01:20.546+0000] {dag.py:3211} INFO - Sync 1 DAGs
[2025-10-10T09:01:20.616+0000] {logging_mixin.py:190} INFO - [2025-10-10T09:01:20.616+0000] {dag.py:4138} INFO - Setting next_dagrun for example_short_circuit_decorator to 2025-10-09 00:00:00+00:00, run_after=2025-10-10 00:00:00+00:00
[2025-10-10T09:01:20.667+0000] {processor.py:208} INFO - Processing /home/airflow/.local/lib/python3.12/site-packages/airflow/example_dags/example_short_circuit_decorator.py took 0.309 seconds
[2025-10-10T09:01:51.272+0000] {processor.py:186} INFO - Started process (PID=133) to work on /home/airflow/.local/lib/python3.12/site-packages/airflow/example_dags/example_short_circuit_decorator.py
[2025-10-10T09:01:51.278+0000] {processor.py:914} INFO - Processing file /home/airflow/.local/lib/python3.12/site-packages/airflow/example_dags/example_short_circuit_decorator.py for tasks to queue
[2025-10-10T09:01:51.294+0000] {logging_mixin.py:190} INFO - [2025-10-10T09:01:51.293+0000] {dagbag.py:587} INFO - Filling up the DagBag from /home/airflow/.local/lib/python3.12/site-packages/airflow/example_dags/example_short_circuit_decorator.py
[2025-10-10T09:01:51.332+0000] {processor.py:925} INFO - DAG(s) 'example_short_circuit_decorator' retrieved from /home/airflow/.local/lib/python3.12/site-packages/airflow/example_dags/example_short_circuit_decorator.py
[2025-10-10T09:01:51.396+0000] {logging_mixin.py:190} INFO - [2025-10-10T09:01:51.395+0000] {dag.py:3211} INFO - Sync 1 DAGs
[2025-10-10T09:01:51.455+0000] {logging_mixin.py:190} INFO - [2025-10-10T09:01:51.454+0000] {dag.py:4138} INFO - Setting next_dagrun for example_short_circuit_decorator to 2025-10-09 00:00:00+00:00, run_after=2025-10-10 00:00:00+00:00
[2025-10-10T09:01:51.503+0000] {processor.py:208} INFO - Processing /home/airflow/.local/lib/python3.12/site-packages/airflow/example_dags/example_short_circuit_decorator.py took 0.254 seconds
[2025-10-10T09:02:22.097+0000] {processor.py:186} INFO - Started process (PID=196) to work on /home/airflow/.local/lib/python3.12/site-packages/airflow/example_dags/example_short_circuit_decorator.py
[2025-10-10T09:02:22.102+0000] {processor.py:914} INFO - Processing file /home/airflow/.local/lib/python3.12/site-packages/airflow/example_dags/example_short_circuit_decorator.py for tasks to queue
[2025-10-10T09:02:22.111+0000] {logging_mixin.py:190} INFO - [2025-10-10T09:02:22.110+0000] {dagbag.py:587} INFO - Filling up the DagBag from /home/airflow/.local/lib/python3.12/site-packages/airflow/example_dags/example_short_circuit_decorator.py
[2025-10-10T09:02:22.141+0000] {processor.py:925} INFO - DAG(s) 'example_short_circuit_decorator' retrieved from /home/airflow/.local/lib/python3.12/site-packages/airflow/example_dags/example_short_circuit_decorator.py
[2025-10-10T09:02:22.210+0000] {logging_mixin.py:190} INFO - [2025-10-10T09:02:22.210+0000] {dag.py:3211} INFO - Sync 1 DAGs
[2025-10-10T09:02:22.294+0000] {logging_mixin.py:190} INFO - [2025-10-10T09:02:22.294+0000] {dag.py:4138} INFO - Setting next_dagrun for example_short_circuit_decorator to 2025-10-09 00:00:00+00:00, run_after=2025-10-10 00:00:00+00:00
[2025-10-10T09:02:22.357+0000] {processor.py:208} INFO - Processing /home/airflow/.local/lib/python3.12/site-packages/airflow/example_dags/example_short_circuit_decorator.py took 0.281 seconds
[2025-10-10T09:02:52.523+0000] {processor.py:186} INFO - Started process (PID=260) to work on /home/airflow/.local/lib/python3.12/site-packages/airflow/example_dags/example_short_circuit_decorator.py
[2025-10-10T09:02:52.526+0000] {processor.py:914} INFO - Processing file /home/airflow/.local/lib/python3.12/site-packages/airflow/example_dags/example_short_circuit_decorator.py for tasks to queue
[2025-10-10T09:02:52.534+0000] {logging_mixin.py:190} INFO - [2025-10-10T09:02:52.533+0000] {dagbag.py:587} INFO - Filling up the DagBag from /home/airflow/.local/lib/python3.12/site-packages/airflow/example_dags/example_short_circuit_decorator.py
[2025-10-10T09:02:52.573+0000] {processor.py:925} INFO - DAG(s) 'example_short_circuit_decorator' retrieved from /home/airflow/.local/lib/python3.12/site-packages/airflow/example_dags/example_short_circuit_decorator.py
[2025-10-10T09:02:52.709+0000] {logging_mixin.py:190} INFO - [2025-10-10T09:02:52.708+0000] {dag.py:3211} INFO - Sync 1 DAGs
[2025-10-10T09:02:52.859+0000] {logging_mixin.py:190} INFO - [2025-10-10T09:02:52.857+0000] {dag.py:4138} INFO - Setting next_dagrun for example_short_circuit_decorator to 2025-10-09 00:00:00+00:00, run_after=2025-10-10 00:00:00+00:00
[2025-10-10T09:02:52.974+0000] {processor.py:208} INFO - Processing /home/airflow/.local/lib/python3.12/site-packages/airflow/example_dags/example_short_circuit_decorator.py took 0.470 seconds
[2025-10-10T09:03:23.196+0000] {processor.py:186} INFO - Started process (PID=322) to work on /home/airflow/.local/lib/python3.12/site-packages/airflow/example_dags/example_short_circuit_decorator.py
[2025-10-10T09:03:23.200+0000] {processor.py:914} INFO - Processing file /home/airflow/.local/lib/python3.12/site-packages/airflow/example_dags/example_short_circuit_decorator.py for tasks to queue
[2025-10-10T09:03:23.211+0000] {logging_mixin.py:190} INFO - [2025-10-10T09:03:23.209+0000] {dagbag.py:587} INFO - Filling up the DagBag from /home/airflow/.local/lib/python3.12/site-packages/airflow/example_dags/example_short_circuit_decorator.py
[2025-10-10T09:03:23.260+0000] {processor.py:925} INFO - DAG(s) 'example_short_circuit_decorator' retrieved from /home/airflow/.local/lib/python3.12/site-packages/airflow/example_dags/example_short_circuit_decorator.py
[2025-10-10T09:03:23.343+0000] {logging_mixin.py:190} INFO - [2025-10-10T09:03:23.342+0000] {dag.py:3211} INFO - Sync 1 DAGs
[2025-10-10T09:03:23.428+0000] {logging_mixin.py:190} INFO - [2025-10-10T09:03:23.427+0000] {dag.py:4138} INFO - Setting next_dagrun for example_short_circuit_decorator to 2025-10-09 00:00:00+00:00, run_after=2025-10-10 00:00:00+00:00
[2025-10-10T09:03:23.490+0000] {processor.py:208} INFO - Processing /home/airflow/.local/lib/python3.12/site-packages/airflow/example_dags/example_short_circuit_decorator.py took 0.321 seconds
[2025-10-10T09:03:53.788+0000] {processor.py:186} INFO - Started process (PID=385) to work on /home/airflow/.local/lib/python3.12/site-packages/airflow/example_dags/example_short_circuit_decorator.py
[2025-10-10T09:03:53.801+0000] {processor.py:914} INFO - Processing file /home/airflow/.local/lib/python3.12/site-packages/airflow/example_dags/example_short_circuit_decorator.py for tasks to queue
[2025-10-10T09:03:53.815+0000] {logging_mixin.py:190} INFO - [2025-10-10T09:03:53.814+0000] {dagbag.py:587} INFO - Filling up the DagBag from /home/airflow/.local/lib/python3.12/site-packages/airflow/example_dags/example_short_circuit_decorator.py
[2025-10-10T09:03:53.851+0000] {processor.py:925} INFO - DAG(s) 'example_short_circuit_decorator' retrieved from /home/airflow/.local/lib/python3.12/site-packages/airflow/example_dags/example_short_circuit_decorator.py
[2025-10-10T09:03:53.929+0000] {logging_mixin.py:190} INFO - [2025-10-10T09:03:53.929+0000] {dag.py:3211} INFO - Sync 1 DAGs
[2025-10-10T09:03:53.985+0000] {logging_mixin.py:190} INFO - [2025-10-10T09:03:53.984+0000] {dag.py:4138} INFO - Setting next_dagrun for example_short_circuit_decorator to 2025-10-09 00:00:00+00:00, run_after=2025-10-10 00:00:00+00:00
[2025-10-10T09:03:54.077+0000] {processor.py:208} INFO - Processing /home/airflow/.local/lib/python3.12/site-packages/airflow/example_dags/example_short_circuit_decorator.py took 0.341 seconds
[2025-10-10T09:04:24.365+0000] {processor.py:186} INFO - Started process (PID=448) to work on /home/airflow/.local/lib/python3.12/site-packages/airflow/example_dags/example_short_circuit_decorator.py
[2025-10-10T09:04:24.368+0000] {processor.py:914} INFO - Processing file /home/airflow/.local/lib/python3.12/site-packages/airflow/example_dags/example_short_circuit_decorator.py for tasks to queue
[2025-10-10T09:04:24.374+0000] {logging_mixin.py:190} INFO - [2025-10-10T09:04:24.373+0000] {dagbag.py:587} INFO - Filling up the DagBag from /home/airflow/.local/lib/python3.12/site-packages/airflow/example_dags/example_short_circuit_decorator.py
[2025-10-10T09:04:24.403+0000] {processor.py:925} INFO - DAG(s) 'example_short_circuit_decorator' retrieved from /home/airflow/.local/lib/python3.12/site-packages/airflow/example_dags/example_short_circuit_decorator.py
[2025-10-10T09:04:24.457+0000] {logging_mixin.py:190} INFO - [2025-10-10T09:04:24.457+0000] {dag.py:3211} INFO - Sync 1 DAGs
[2025-10-10T09:04:24.522+0000] {logging_mixin.py:190} INFO - [2025-10-10T09:04:24.521+0000] {dag.py:4138} INFO - Setting next_dagrun for example_short_circuit_decorator to 2025-10-09 00:00:00+00:00, run_after=2025-10-10 00:00:00+00:00
[2025-10-10T09:04:24.567+0000] {processor.py:208} INFO - Processing /home/airflow/.local/lib/python3.12/site-packages/airflow/example_dags/example_short_circuit_decorator.py took 0.214 seconds
[2025-10-10T09:04:55.628+0000] {processor.py:186} INFO - Started process (PID=511) to work on /home/airflow/.local/lib/python3.12/site-packages/airflow/example_dags/example_short_circuit_decorator.py
[2025-10-10T09:04:55.631+0000] {processor.py:914} INFO - Processing file /home/airflow/.local/lib/python3.12/site-packages/airflow/example_dags/example_short_circuit_decorator.py for tasks to queue
[2025-10-10T09:04:55.638+0000] {logging_mixin.py:190} INFO - [2025-10-10T09:04:55.637+0000] {dagbag.py:587} INFO - Filling up the DagBag from /home/airflow/.local/lib/python3.12/site-packages/airflow/example_dags/example_short_circuit_decorator.py
[2025-10-10T09:04:55.670+0000] {processor.py:925} INFO - DAG(s) 'example_short_circuit_decorator' retrieved from /home/airflow/.local/lib/python3.12/site-packages/airflow/example_dags/example_short_circuit_decorator.py
[2025-10-10T09:04:55.735+0000] {logging_mixin.py:190} INFO - [2025-10-10T09:04:55.735+0000] {dag.py:3211} INFO - Sync 1 DAGs
[2025-10-10T09:04:55.805+0000] {logging_mixin.py:190} INFO - [2025-10-10T09:04:55.804+0000] {dag.py:4138} INFO - Setting next_dagrun for example_short_circuit_decorator to 2025-10-09 00:00:00+00:00, run_after=2025-10-10 00:00:00+00:00
[2025-10-10T09:04:55.917+0000] {processor.py:208} INFO - Processing /home/airflow/.local/lib/python3.12/site-packages/airflow/example_dags/example_short_circuit_decorator.py took 0.316 seconds
[2025-10-10T09:05:26.699+0000] {processor.py:186} INFO - Started process (PID=574) to work on /home/airflow/.local/lib/python3.12/site-packages/airflow/example_dags/example_short_circuit_decorator.py
[2025-10-10T09:05:26.707+0000] {processor.py:914} INFO - Processing file /home/airflow/.local/lib/python3.12/site-packages/airflow/example_dags/example_short_circuit_decorator.py for tasks to queue
[2025-10-10T09:05:26.721+0000] {logging_mixin.py:190} INFO - [2025-10-10T09:05:26.718+0000] {dagbag.py:587} INFO - Filling up the DagBag from /home/airflow/.local/lib/python3.12/site-packages/airflow/example_dags/example_short_circuit_decorator.py
[2025-10-10T09:05:26.791+0000] {processor.py:925} INFO - DAG(s) 'example_short_circuit_decorator' retrieved from /home/airflow/.local/lib/python3.12/site-packages/airflow/example_dags/example_short_circuit_decorator.py
[2025-10-10T09:05:26.904+0000] {logging_mixin.py:190} INFO - [2025-10-10T09:05:26.903+0000] {dag.py:3211} INFO - Sync 1 DAGs
[2025-10-10T09:05:27.045+0000] {logging_mixin.py:190} INFO - [2025-10-10T09:05:27.044+0000] {dag.py:4138} INFO - Setting next_dagrun for example_short_circuit_decorator to 2025-10-09 00:00:00+00:00, run_after=2025-10-10 00:00:00+00:00
[2025-10-10T09:05:27.146+0000] {processor.py:208} INFO - Processing /home/airflow/.local/lib/python3.12/site-packages/airflow/example_dags/example_short_circuit_decorator.py took 0.491 seconds
