[2025-10-10T08:37:56.800+0000] {processor.py:186} INFO - Started process (PID=98) to work on /home/airflow/.local/lib/python3.12/site-packages/airflow/example_dags/example_complex.py
[2025-10-10T08:37:56.803+0000] {processor.py:914} INFO - Processing file /home/airflow/.local/lib/python3.12/site-packages/airflow/example_dags/example_complex.py for tasks to queue
[2025-10-10T08:37:56.809+0000] {logging_mixin.py:190} INFO - [2025-10-10T08:37:56.809+0000] {dagbag.py:587} INFO - Filling up the DagBag from /home/airflow/.local/lib/python3.12/site-packages/airflow/example_dags/example_complex.py
[2025-10-10T08:37:56.842+0000] {processor.py:925} INFO - DAG(s) 'example_complex' retrieved from /home/airflow/.local/lib/python3.12/site-packages/airflow/example_dags/example_complex.py
[2025-10-10T08:37:56.927+0000] {logging_mixin.py:190} INFO - [2025-10-10T08:37:56.926+0000] {dag.py:3211} INFO - Sync 1 DAGs
[2025-10-10T08:37:56.968+0000] {logging_mixin.py:190} INFO - [2025-10-10T08:37:56.967+0000] {dag.py:4138} INFO - Setting next_dagrun for example_complex to None, run_after=None
[2025-10-10T08:37:57.018+0000] {processor.py:208} INFO - Processing /home/airflow/.local/lib/python3.12/site-packages/airflow/example_dags/example_complex.py took 0.233 seconds
[2025-10-10T08:38:27.868+0000] {processor.py:186} INFO - Started process (PID=161) to work on /home/airflow/.local/lib/python3.12/site-packages/airflow/example_dags/example_complex.py
[2025-10-10T08:38:27.871+0000] {processor.py:914} INFO - Processing file /home/airflow/.local/lib/python3.12/site-packages/airflow/example_dags/example_complex.py for tasks to queue
[2025-10-10T08:38:27.878+0000] {logging_mixin.py:190} INFO - [2025-10-10T08:38:27.877+0000] {dagbag.py:587} INFO - Filling up the DagBag from /home/airflow/.local/lib/python3.12/site-packages/airflow/example_dags/example_complex.py
[2025-10-10T08:38:27.914+0000] {processor.py:925} INFO - DAG(s) 'example_complex' retrieved from /home/airflow/.local/lib/python3.12/site-packages/airflow/example_dags/example_complex.py
[2025-10-10T08:38:28.009+0000] {logging_mixin.py:190} INFO - [2025-10-10T08:38:28.008+0000] {dag.py:3211} INFO - Sync 1 DAGs
[2025-10-10T08:38:28.047+0000] {logging_mixin.py:190} INFO - [2025-10-10T08:38:28.046+0000] {dag.py:4138} INFO - Setting next_dagrun for example_complex to None, run_after=None
[2025-10-10T08:38:28.096+0000] {processor.py:208} INFO - Processing /home/airflow/.local/lib/python3.12/site-packages/airflow/example_dags/example_complex.py took 0.246 seconds
[2025-10-10T08:38:58.937+0000] {processor.py:186} INFO - Started process (PID=224) to work on /home/airflow/.local/lib/python3.12/site-packages/airflow/example_dags/example_complex.py
[2025-10-10T08:38:58.940+0000] {processor.py:914} INFO - Processing file /home/airflow/.local/lib/python3.12/site-packages/airflow/example_dags/example_complex.py for tasks to queue
[2025-10-10T08:38:58.946+0000] {logging_mixin.py:190} INFO - [2025-10-10T08:38:58.946+0000] {dagbag.py:587} INFO - Filling up the DagBag from /home/airflow/.local/lib/python3.12/site-packages/airflow/example_dags/example_complex.py
[2025-10-10T08:38:58.984+0000] {processor.py:925} INFO - DAG(s) 'example_complex' retrieved from /home/airflow/.local/lib/python3.12/site-packages/airflow/example_dags/example_complex.py
[2025-10-10T08:38:59.061+0000] {logging_mixin.py:190} INFO - [2025-10-10T08:38:59.061+0000] {dag.py:3211} INFO - Sync 1 DAGs
[2025-10-10T08:38:59.106+0000] {logging_mixin.py:190} INFO - [2025-10-10T08:38:59.105+0000] {dag.py:4138} INFO - Setting next_dagrun for example_complex to None, run_after=None
[2025-10-10T08:38:59.156+0000] {processor.py:208} INFO - Processing /home/airflow/.local/lib/python3.12/site-packages/airflow/example_dags/example_complex.py took 0.233 seconds
[2025-10-10T08:39:29.798+0000] {processor.py:186} INFO - Started process (PID=287) to work on /home/airflow/.local/lib/python3.12/site-packages/airflow/example_dags/example_complex.py
[2025-10-10T08:39:29.800+0000] {processor.py:914} INFO - Processing file /home/airflow/.local/lib/python3.12/site-packages/airflow/example_dags/example_complex.py for tasks to queue
[2025-10-10T08:39:29.806+0000] {logging_mixin.py:190} INFO - [2025-10-10T08:39:29.805+0000] {dagbag.py:587} INFO - Filling up the DagBag from /home/airflow/.local/lib/python3.12/site-packages/airflow/example_dags/example_complex.py
[2025-10-10T08:39:29.838+0000] {processor.py:925} INFO - DAG(s) 'example_complex' retrieved from /home/airflow/.local/lib/python3.12/site-packages/airflow/example_dags/example_complex.py
[2025-10-10T08:39:29.918+0000] {logging_mixin.py:190} INFO - [2025-10-10T08:39:29.918+0000] {dag.py:3211} INFO - Sync 1 DAGs
[2025-10-10T08:39:29.956+0000] {logging_mixin.py:190} INFO - [2025-10-10T08:39:29.956+0000] {dag.py:4138} INFO - Setting next_dagrun for example_complex to None, run_after=None
[2025-10-10T08:39:30.000+0000] {processor.py:208} INFO - Processing /home/airflow/.local/lib/python3.12/site-packages/airflow/example_dags/example_complex.py took 0.219 seconds
[2025-10-10T08:40:01.857+0000] {processor.py:186} INFO - Started process (PID=350) to work on /home/airflow/.local/lib/python3.12/site-packages/airflow/example_dags/example_complex.py
[2025-10-10T08:40:01.861+0000] {processor.py:914} INFO - Processing file /home/airflow/.local/lib/python3.12/site-packages/airflow/example_dags/example_complex.py for tasks to queue
[2025-10-10T08:40:01.869+0000] {logging_mixin.py:190} INFO - [2025-10-10T08:40:01.867+0000] {dagbag.py:587} INFO - Filling up the DagBag from /home/airflow/.local/lib/python3.12/site-packages/airflow/example_dags/example_complex.py
[2025-10-10T08:40:01.905+0000] {processor.py:925} INFO - DAG(s) 'example_complex' retrieved from /home/airflow/.local/lib/python3.12/site-packages/airflow/example_dags/example_complex.py
[2025-10-10T08:40:01.996+0000] {logging_mixin.py:190} INFO - [2025-10-10T08:40:01.995+0000] {dag.py:3211} INFO - Sync 1 DAGs
[2025-10-10T08:40:02.038+0000] {logging_mixin.py:190} INFO - [2025-10-10T08:40:02.037+0000] {dag.py:4138} INFO - Setting next_dagrun for example_complex to None, run_after=None
[2025-10-10T08:40:02.099+0000] {processor.py:208} INFO - Processing /home/airflow/.local/lib/python3.12/site-packages/airflow/example_dags/example_complex.py took 0.261 seconds
[2025-10-10T08:40:33.292+0000] {processor.py:186} INFO - Started process (PID=413) to work on /home/airflow/.local/lib/python3.12/site-packages/airflow/example_dags/example_complex.py
[2025-10-10T08:40:33.297+0000] {processor.py:914} INFO - Processing file /home/airflow/.local/lib/python3.12/site-packages/airflow/example_dags/example_complex.py for tasks to queue
[2025-10-10T08:40:33.310+0000] {logging_mixin.py:190} INFO - [2025-10-10T08:40:33.309+0000] {dagbag.py:587} INFO - Filling up the DagBag from /home/airflow/.local/lib/python3.12/site-packages/airflow/example_dags/example_complex.py
[2025-10-10T08:40:33.367+0000] {processor.py:925} INFO - DAG(s) 'example_complex' retrieved from /home/airflow/.local/lib/python3.12/site-packages/airflow/example_dags/example_complex.py
[2025-10-10T08:40:33.472+0000] {logging_mixin.py:190} INFO - [2025-10-10T08:40:33.471+0000] {dag.py:3211} INFO - Sync 1 DAGs
[2025-10-10T08:40:33.522+0000] {logging_mixin.py:190} INFO - [2025-10-10T08:40:33.521+0000] {dag.py:4138} INFO - Setting next_dagrun for example_complex to None, run_after=None
[2025-10-10T08:40:33.608+0000] {processor.py:208} INFO - Processing /home/airflow/.local/lib/python3.12/site-packages/airflow/example_dags/example_complex.py took 0.341 seconds
[2025-10-10T08:41:04.890+0000] {processor.py:186} INFO - Started process (PID=476) to work on /home/airflow/.local/lib/python3.12/site-packages/airflow/example_dags/example_complex.py
[2025-10-10T08:41:04.892+0000] {processor.py:914} INFO - Processing file /home/airflow/.local/lib/python3.12/site-packages/airflow/example_dags/example_complex.py for tasks to queue
[2025-10-10T08:41:04.900+0000] {logging_mixin.py:190} INFO - [2025-10-10T08:41:04.899+0000] {dagbag.py:587} INFO - Filling up the DagBag from /home/airflow/.local/lib/python3.12/site-packages/airflow/example_dags/example_complex.py
[2025-10-10T08:41:04.927+0000] {processor.py:925} INFO - DAG(s) 'example_complex' retrieved from /home/airflow/.local/lib/python3.12/site-packages/airflow/example_dags/example_complex.py
[2025-10-10T08:41:05.011+0000] {logging_mixin.py:190} INFO - [2025-10-10T08:41:05.010+0000] {dag.py:3211} INFO - Sync 1 DAGs
[2025-10-10T08:41:05.088+0000] {logging_mixin.py:190} INFO - [2025-10-10T08:41:05.087+0000] {dag.py:4138} INFO - Setting next_dagrun for example_complex to None, run_after=None
[2025-10-10T08:41:05.192+0000] {processor.py:208} INFO - Processing /home/airflow/.local/lib/python3.12/site-packages/airflow/example_dags/example_complex.py took 0.324 seconds
[2025-10-10T08:41:35.792+0000] {processor.py:186} INFO - Started process (PID=539) to work on /home/airflow/.local/lib/python3.12/site-packages/airflow/example_dags/example_complex.py
[2025-10-10T08:41:35.795+0000] {processor.py:914} INFO - Processing file /home/airflow/.local/lib/python3.12/site-packages/airflow/example_dags/example_complex.py for tasks to queue
[2025-10-10T08:41:35.803+0000] {logging_mixin.py:190} INFO - [2025-10-10T08:41:35.802+0000] {dagbag.py:587} INFO - Filling up the DagBag from /home/airflow/.local/lib/python3.12/site-packages/airflow/example_dags/example_complex.py
[2025-10-10T08:41:35.846+0000] {processor.py:925} INFO - DAG(s) 'example_complex' retrieved from /home/airflow/.local/lib/python3.12/site-packages/airflow/example_dags/example_complex.py
[2025-10-10T08:41:35.929+0000] {logging_mixin.py:190} INFO - [2025-10-10T08:41:35.928+0000] {dag.py:3211} INFO - Sync 1 DAGs
[2025-10-10T08:41:35.979+0000] {logging_mixin.py:190} INFO - [2025-10-10T08:41:35.978+0000] {dag.py:4138} INFO - Setting next_dagrun for example_complex to None, run_after=None
[2025-10-10T08:41:36.104+0000] {processor.py:208} INFO - Processing /home/airflow/.local/lib/python3.12/site-packages/airflow/example_dags/example_complex.py took 0.331 seconds
[2025-10-10T08:42:06.611+0000] {processor.py:186} INFO - Started process (PID=602) to work on /home/airflow/.local/lib/python3.12/site-packages/airflow/example_dags/example_complex.py
[2025-10-10T08:42:06.614+0000] {processor.py:914} INFO - Processing file /home/airflow/.local/lib/python3.12/site-packages/airflow/example_dags/example_complex.py for tasks to queue
[2025-10-10T08:42:06.630+0000] {logging_mixin.py:190} INFO - [2025-10-10T08:42:06.629+0000] {dagbag.py:587} INFO - Filling up the DagBag from /home/airflow/.local/lib/python3.12/site-packages/airflow/example_dags/example_complex.py
[2025-10-10T08:42:06.692+0000] {processor.py:925} INFO - DAG(s) 'example_complex' retrieved from /home/airflow/.local/lib/python3.12/site-packages/airflow/example_dags/example_complex.py
[2025-10-10T08:42:06.828+0000] {logging_mixin.py:190} INFO - [2025-10-10T08:42:06.828+0000] {dag.py:3211} INFO - Sync 1 DAGs
[2025-10-10T08:42:06.888+0000] {logging_mixin.py:190} INFO - [2025-10-10T08:42:06.887+0000] {dag.py:4138} INFO - Setting next_dagrun for example_complex to None, run_after=None
[2025-10-10T08:42:06.935+0000] {processor.py:208} INFO - Processing /home/airflow/.local/lib/python3.12/site-packages/airflow/example_dags/example_complex.py took 0.354 seconds
[2025-10-10T08:42:38.134+0000] {processor.py:186} INFO - Started process (PID=665) to work on /home/airflow/.local/lib/python3.12/site-packages/airflow/example_dags/example_complex.py
[2025-10-10T08:42:38.138+0000] {processor.py:914} INFO - Processing file /home/airflow/.local/lib/python3.12/site-packages/airflow/example_dags/example_complex.py for tasks to queue
[2025-10-10T08:42:38.145+0000] {logging_mixin.py:190} INFO - [2025-10-10T08:42:38.144+0000] {dagbag.py:587} INFO - Filling up the DagBag from /home/airflow/.local/lib/python3.12/site-packages/airflow/example_dags/example_complex.py
[2025-10-10T08:42:38.176+0000] {processor.py:925} INFO - DAG(s) 'example_complex' retrieved from /home/airflow/.local/lib/python3.12/site-packages/airflow/example_dags/example_complex.py
[2025-10-10T08:42:38.259+0000] {logging_mixin.py:190} INFO - [2025-10-10T08:42:38.258+0000] {dag.py:3211} INFO - Sync 1 DAGs
[2025-10-10T08:42:38.294+0000] {logging_mixin.py:190} INFO - [2025-10-10T08:42:38.293+0000] {dag.py:4138} INFO - Setting next_dagrun for example_complex to None, run_after=None
[2025-10-10T08:42:38.347+0000] {processor.py:208} INFO - Processing /home/airflow/.local/lib/python3.12/site-packages/airflow/example_dags/example_complex.py took 0.232 seconds
[2025-10-10T08:43:09.057+0000] {processor.py:186} INFO - Started process (PID=728) to work on /home/airflow/.local/lib/python3.12/site-packages/airflow/example_dags/example_complex.py
[2025-10-10T08:43:09.060+0000] {processor.py:914} INFO - Processing file /home/airflow/.local/lib/python3.12/site-packages/airflow/example_dags/example_complex.py for tasks to queue
[2025-10-10T08:43:09.066+0000] {logging_mixin.py:190} INFO - [2025-10-10T08:43:09.065+0000] {dagbag.py:587} INFO - Filling up the DagBag from /home/airflow/.local/lib/python3.12/site-packages/airflow/example_dags/example_complex.py
[2025-10-10T08:43:09.100+0000] {processor.py:925} INFO - DAG(s) 'example_complex' retrieved from /home/airflow/.local/lib/python3.12/site-packages/airflow/example_dags/example_complex.py
[2025-10-10T08:43:09.186+0000] {logging_mixin.py:190} INFO - [2025-10-10T08:43:09.186+0000] {dag.py:3211} INFO - Sync 1 DAGs
[2025-10-10T08:43:09.227+0000] {logging_mixin.py:190} INFO - [2025-10-10T08:43:09.226+0000] {dag.py:4138} INFO - Setting next_dagrun for example_complex to None, run_after=None
[2025-10-10T08:43:09.281+0000] {processor.py:208} INFO - Processing /home/airflow/.local/lib/python3.12/site-packages/airflow/example_dags/example_complex.py took 0.236 seconds
[2025-10-10T08:43:39.895+0000] {processor.py:186} INFO - Started process (PID=791) to work on /home/airflow/.local/lib/python3.12/site-packages/airflow/example_dags/example_complex.py
[2025-10-10T08:43:39.899+0000] {processor.py:914} INFO - Processing file /home/airflow/.local/lib/python3.12/site-packages/airflow/example_dags/example_complex.py for tasks to queue
[2025-10-10T08:43:39.908+0000] {logging_mixin.py:190} INFO - [2025-10-10T08:43:39.907+0000] {dagbag.py:587} INFO - Filling up the DagBag from /home/airflow/.local/lib/python3.12/site-packages/airflow/example_dags/example_complex.py
[2025-10-10T08:43:39.955+0000] {processor.py:925} INFO - DAG(s) 'example_complex' retrieved from /home/airflow/.local/lib/python3.12/site-packages/airflow/example_dags/example_complex.py
[2025-10-10T08:43:40.049+0000] {logging_mixin.py:190} INFO - [2025-10-10T08:43:40.046+0000] {dag.py:3211} INFO - Sync 1 DAGs
[2025-10-10T08:43:40.087+0000] {logging_mixin.py:190} INFO - [2025-10-10T08:43:40.087+0000] {dag.py:4138} INFO - Setting next_dagrun for example_complex to None, run_after=None
[2025-10-10T08:43:40.140+0000] {processor.py:208} INFO - Processing /home/airflow/.local/lib/python3.12/site-packages/airflow/example_dags/example_complex.py took 0.263 seconds
[2025-10-10T08:44:11.530+0000] {processor.py:186} INFO - Started process (PID=859) to work on /home/airflow/.local/lib/python3.12/site-packages/airflow/example_dags/example_complex.py
[2025-10-10T08:44:11.544+0000] {processor.py:914} INFO - Processing file /home/airflow/.local/lib/python3.12/site-packages/airflow/example_dags/example_complex.py for tasks to queue
[2025-10-10T08:44:11.559+0000] {logging_mixin.py:190} INFO - [2025-10-10T08:44:11.558+0000] {dagbag.py:587} INFO - Filling up the DagBag from /home/airflow/.local/lib/python3.12/site-packages/airflow/example_dags/example_complex.py
[2025-10-10T08:44:11.644+0000] {processor.py:925} INFO - DAG(s) 'example_complex' retrieved from /home/airflow/.local/lib/python3.12/site-packages/airflow/example_dags/example_complex.py
[2025-10-10T08:44:11.904+0000] {logging_mixin.py:190} INFO - [2025-10-10T08:44:11.903+0000] {dag.py:3211} INFO - Sync 1 DAGs
[2025-10-10T08:44:11.963+0000] {logging_mixin.py:190} INFO - [2025-10-10T08:44:11.963+0000] {dag.py:4138} INFO - Setting next_dagrun for example_complex to None, run_after=None
[2025-10-10T08:44:12.031+0000] {processor.py:208} INFO - Processing /home/airflow/.local/lib/python3.12/site-packages/airflow/example_dags/example_complex.py took 0.532 seconds
[2025-10-10T08:44:42.767+0000] {processor.py:186} INFO - Started process (PID=922) to work on /home/airflow/.local/lib/python3.12/site-packages/airflow/example_dags/example_complex.py
[2025-10-10T08:44:42.773+0000] {processor.py:914} INFO - Processing file /home/airflow/.local/lib/python3.12/site-packages/airflow/example_dags/example_complex.py for tasks to queue
[2025-10-10T08:44:42.781+0000] {logging_mixin.py:190} INFO - [2025-10-10T08:44:42.781+0000] {dagbag.py:587} INFO - Filling up the DagBag from /home/airflow/.local/lib/python3.12/site-packages/airflow/example_dags/example_complex.py
[2025-10-10T08:44:42.829+0000] {processor.py:925} INFO - DAG(s) 'example_complex' retrieved from /home/airflow/.local/lib/python3.12/site-packages/airflow/example_dags/example_complex.py
[2025-10-10T08:44:43.015+0000] {logging_mixin.py:190} INFO - [2025-10-10T08:44:43.014+0000] {dag.py:3211} INFO - Sync 1 DAGs
[2025-10-10T08:44:43.290+0000] {logging_mixin.py:190} INFO - [2025-10-10T08:44:43.289+0000] {dag.py:4138} INFO - Setting next_dagrun for example_complex to None, run_after=None
[2025-10-10T08:44:43.412+0000] {processor.py:208} INFO - Processing /home/airflow/.local/lib/python3.12/site-packages/airflow/example_dags/example_complex.py took 0.671 seconds
[2025-10-10T08:45:13.913+0000] {processor.py:186} INFO - Started process (PID=985) to work on /home/airflow/.local/lib/python3.12/site-packages/airflow/example_dags/example_complex.py
[2025-10-10T08:45:13.915+0000] {processor.py:914} INFO - Processing file /home/airflow/.local/lib/python3.12/site-packages/airflow/example_dags/example_complex.py for tasks to queue
[2025-10-10T08:45:13.920+0000] {logging_mixin.py:190} INFO - [2025-10-10T08:45:13.919+0000] {dagbag.py:587} INFO - Filling up the DagBag from /home/airflow/.local/lib/python3.12/site-packages/airflow/example_dags/example_complex.py
[2025-10-10T08:45:13.957+0000] {processor.py:925} INFO - DAG(s) 'example_complex' retrieved from /home/airflow/.local/lib/python3.12/site-packages/airflow/example_dags/example_complex.py
[2025-10-10T08:45:14.029+0000] {logging_mixin.py:190} INFO - [2025-10-10T08:45:14.028+0000] {dag.py:3211} INFO - Sync 1 DAGs
[2025-10-10T08:45:14.075+0000] {logging_mixin.py:190} INFO - [2025-10-10T08:45:14.075+0000] {dag.py:4138} INFO - Setting next_dagrun for example_complex to None, run_after=None
[2025-10-10T08:45:14.125+0000] {processor.py:208} INFO - Processing /home/airflow/.local/lib/python3.12/site-packages/airflow/example_dags/example_complex.py took 0.227 seconds
[2025-10-10T08:45:44.906+0000] {processor.py:186} INFO - Started process (PID=1048) to work on /home/airflow/.local/lib/python3.12/site-packages/airflow/example_dags/example_complex.py
[2025-10-10T08:45:44.910+0000] {processor.py:914} INFO - Processing file /home/airflow/.local/lib/python3.12/site-packages/airflow/example_dags/example_complex.py for tasks to queue
[2025-10-10T08:45:44.919+0000] {logging_mixin.py:190} INFO - [2025-10-10T08:45:44.918+0000] {dagbag.py:587} INFO - Filling up the DagBag from /home/airflow/.local/lib/python3.12/site-packages/airflow/example_dags/example_complex.py
[2025-10-10T08:45:44.968+0000] {processor.py:925} INFO - DAG(s) 'example_complex' retrieved from /home/airflow/.local/lib/python3.12/site-packages/airflow/example_dags/example_complex.py
[2025-10-10T08:45:45.095+0000] {logging_mixin.py:190} INFO - [2025-10-10T08:45:45.094+0000] {dag.py:3211} INFO - Sync 1 DAGs
[2025-10-10T08:45:45.162+0000] {logging_mixin.py:190} INFO - [2025-10-10T08:45:45.161+0000] {dag.py:4138} INFO - Setting next_dagrun for example_complex to None, run_after=None
[2025-10-10T08:45:45.250+0000] {processor.py:208} INFO - Processing /home/airflow/.local/lib/python3.12/site-packages/airflow/example_dags/example_complex.py took 0.364 seconds
[2025-10-10T08:46:16.312+0000] {processor.py:186} INFO - Started process (PID=1111) to work on /home/airflow/.local/lib/python3.12/site-packages/airflow/example_dags/example_complex.py
[2025-10-10T08:46:16.316+0000] {processor.py:914} INFO - Processing file /home/airflow/.local/lib/python3.12/site-packages/airflow/example_dags/example_complex.py for tasks to queue
[2025-10-10T08:46:16.329+0000] {logging_mixin.py:190} INFO - [2025-10-10T08:46:16.327+0000] {dagbag.py:587} INFO - Filling up the DagBag from /home/airflow/.local/lib/python3.12/site-packages/airflow/example_dags/example_complex.py
[2025-10-10T08:46:16.381+0000] {processor.py:925} INFO - DAG(s) 'example_complex' retrieved from /home/airflow/.local/lib/python3.12/site-packages/airflow/example_dags/example_complex.py
[2025-10-10T08:46:16.508+0000] {logging_mixin.py:190} INFO - [2025-10-10T08:46:16.508+0000] {dag.py:3211} INFO - Sync 1 DAGs
[2025-10-10T08:46:16.558+0000] {logging_mixin.py:190} INFO - [2025-10-10T08:46:16.557+0000] {dag.py:4138} INFO - Setting next_dagrun for example_complex to None, run_after=None
[2025-10-10T08:46:16.625+0000] {processor.py:208} INFO - Processing /home/airflow/.local/lib/python3.12/site-packages/airflow/example_dags/example_complex.py took 0.333 seconds
[2025-10-10T08:46:48.005+0000] {processor.py:186} INFO - Started process (PID=1174) to work on /home/airflow/.local/lib/python3.12/site-packages/airflow/example_dags/example_complex.py
[2025-10-10T08:46:48.009+0000] {processor.py:914} INFO - Processing file /home/airflow/.local/lib/python3.12/site-packages/airflow/example_dags/example_complex.py for tasks to queue
[2025-10-10T08:46:48.018+0000] {logging_mixin.py:190} INFO - [2025-10-10T08:46:48.016+0000] {dagbag.py:587} INFO - Filling up the DagBag from /home/airflow/.local/lib/python3.12/site-packages/airflow/example_dags/example_complex.py
[2025-10-10T08:46:48.069+0000] {processor.py:925} INFO - DAG(s) 'example_complex' retrieved from /home/airflow/.local/lib/python3.12/site-packages/airflow/example_dags/example_complex.py
[2025-10-10T08:46:48.168+0000] {logging_mixin.py:190} INFO - [2025-10-10T08:46:48.167+0000] {dag.py:3211} INFO - Sync 1 DAGs
[2025-10-10T08:46:48.246+0000] {logging_mixin.py:190} INFO - [2025-10-10T08:46:48.246+0000] {dag.py:4138} INFO - Setting next_dagrun for example_complex to None, run_after=None
[2025-10-10T08:46:48.315+0000] {processor.py:208} INFO - Processing /home/airflow/.local/lib/python3.12/site-packages/airflow/example_dags/example_complex.py took 0.333 seconds
[2025-10-10T08:47:18.513+0000] {processor.py:186} INFO - Started process (PID=1236) to work on /home/airflow/.local/lib/python3.12/site-packages/airflow/example_dags/example_complex.py
[2025-10-10T08:47:18.516+0000] {processor.py:914} INFO - Processing file /home/airflow/.local/lib/python3.12/site-packages/airflow/example_dags/example_complex.py for tasks to queue
[2025-10-10T08:47:18.521+0000] {logging_mixin.py:190} INFO - [2025-10-10T08:47:18.520+0000] {dagbag.py:587} INFO - Filling up the DagBag from /home/airflow/.local/lib/python3.12/site-packages/airflow/example_dags/example_complex.py
[2025-10-10T08:47:18.548+0000] {processor.py:925} INFO - DAG(s) 'example_complex' retrieved from /home/airflow/.local/lib/python3.12/site-packages/airflow/example_dags/example_complex.py
[2025-10-10T08:47:18.667+0000] {logging_mixin.py:190} INFO - [2025-10-10T08:47:18.667+0000] {dag.py:3211} INFO - Sync 1 DAGs
[2025-10-10T08:47:18.718+0000] {logging_mixin.py:190} INFO - [2025-10-10T08:47:18.717+0000] {dag.py:4138} INFO - Setting next_dagrun for example_complex to None, run_after=None
[2025-10-10T08:47:18.774+0000] {processor.py:208} INFO - Processing /home/airflow/.local/lib/python3.12/site-packages/airflow/example_dags/example_complex.py took 0.272 seconds
[2025-10-10T08:47:49.586+0000] {processor.py:186} INFO - Started process (PID=1299) to work on /home/airflow/.local/lib/python3.12/site-packages/airflow/example_dags/example_complex.py
[2025-10-10T08:47:49.589+0000] {processor.py:914} INFO - Processing file /home/airflow/.local/lib/python3.12/site-packages/airflow/example_dags/example_complex.py for tasks to queue
[2025-10-10T08:47:49.597+0000] {logging_mixin.py:190} INFO - [2025-10-10T08:47:49.596+0000] {dagbag.py:587} INFO - Filling up the DagBag from /home/airflow/.local/lib/python3.12/site-packages/airflow/example_dags/example_complex.py
[2025-10-10T08:47:49.635+0000] {processor.py:925} INFO - DAG(s) 'example_complex' retrieved from /home/airflow/.local/lib/python3.12/site-packages/airflow/example_dags/example_complex.py
[2025-10-10T08:47:49.719+0000] {logging_mixin.py:190} INFO - [2025-10-10T08:47:49.718+0000] {dag.py:3211} INFO - Sync 1 DAGs
[2025-10-10T08:47:49.765+0000] {logging_mixin.py:190} INFO - [2025-10-10T08:47:49.764+0000] {dag.py:4138} INFO - Setting next_dagrun for example_complex to None, run_after=None
[2025-10-10T08:47:49.810+0000] {processor.py:208} INFO - Processing /home/airflow/.local/lib/python3.12/site-packages/airflow/example_dags/example_complex.py took 0.258 seconds
[2025-10-10T08:48:20.705+0000] {processor.py:186} INFO - Started process (PID=1362) to work on /home/airflow/.local/lib/python3.12/site-packages/airflow/example_dags/example_complex.py
[2025-10-10T08:48:20.721+0000] {processor.py:914} INFO - Processing file /home/airflow/.local/lib/python3.12/site-packages/airflow/example_dags/example_complex.py for tasks to queue
[2025-10-10T08:48:20.738+0000] {logging_mixin.py:190} INFO - [2025-10-10T08:48:20.736+0000] {dagbag.py:587} INFO - Filling up the DagBag from /home/airflow/.local/lib/python3.12/site-packages/airflow/example_dags/example_complex.py
[2025-10-10T08:48:20.777+0000] {processor.py:925} INFO - DAG(s) 'example_complex' retrieved from /home/airflow/.local/lib/python3.12/site-packages/airflow/example_dags/example_complex.py
[2025-10-10T08:48:20.865+0000] {logging_mixin.py:190} INFO - [2025-10-10T08:48:20.864+0000] {dag.py:3211} INFO - Sync 1 DAGs
[2025-10-10T08:48:20.910+0000] {logging_mixin.py:190} INFO - [2025-10-10T08:48:20.910+0000] {dag.py:4138} INFO - Setting next_dagrun for example_complex to None, run_after=None
[2025-10-10T08:48:20.963+0000] {processor.py:208} INFO - Processing /home/airflow/.local/lib/python3.12/site-packages/airflow/example_dags/example_complex.py took 0.296 seconds
[2025-10-10T08:48:51.465+0000] {processor.py:186} INFO - Started process (PID=1425) to work on /home/airflow/.local/lib/python3.12/site-packages/airflow/example_dags/example_complex.py
[2025-10-10T08:48:51.468+0000] {processor.py:914} INFO - Processing file /home/airflow/.local/lib/python3.12/site-packages/airflow/example_dags/example_complex.py for tasks to queue
[2025-10-10T08:48:51.485+0000] {logging_mixin.py:190} INFO - [2025-10-10T08:48:51.484+0000] {dagbag.py:587} INFO - Filling up the DagBag from /home/airflow/.local/lib/python3.12/site-packages/airflow/example_dags/example_complex.py
[2025-10-10T08:48:51.533+0000] {processor.py:925} INFO - DAG(s) 'example_complex' retrieved from /home/airflow/.local/lib/python3.12/site-packages/airflow/example_dags/example_complex.py
[2025-10-10T08:48:51.676+0000] {logging_mixin.py:190} INFO - [2025-10-10T08:48:51.676+0000] {dag.py:3211} INFO - Sync 1 DAGs
[2025-10-10T08:48:51.747+0000] {logging_mixin.py:190} INFO - [2025-10-10T08:48:51.746+0000] {dag.py:4138} INFO - Setting next_dagrun for example_complex to None, run_after=None
[2025-10-10T08:48:51.850+0000] {processor.py:208} INFO - Processing /home/airflow/.local/lib/python3.12/site-packages/airflow/example_dags/example_complex.py took 0.413 seconds
[2025-10-10T08:49:24.102+0000] {processor.py:186} INFO - Started process (PID=1488) to work on /home/airflow/.local/lib/python3.12/site-packages/airflow/example_dags/example_complex.py
[2025-10-10T08:49:24.105+0000] {processor.py:914} INFO - Processing file /home/airflow/.local/lib/python3.12/site-packages/airflow/example_dags/example_complex.py for tasks to queue
[2025-10-10T08:49:24.113+0000] {logging_mixin.py:190} INFO - [2025-10-10T08:49:24.112+0000] {dagbag.py:587} INFO - Filling up the DagBag from /home/airflow/.local/lib/python3.12/site-packages/airflow/example_dags/example_complex.py
[2025-10-10T08:49:24.142+0000] {processor.py:925} INFO - DAG(s) 'example_complex' retrieved from /home/airflow/.local/lib/python3.12/site-packages/airflow/example_dags/example_complex.py
[2025-10-10T08:49:24.226+0000] {logging_mixin.py:190} INFO - [2025-10-10T08:49:24.225+0000] {dag.py:3211} INFO - Sync 1 DAGs
[2025-10-10T08:49:24.265+0000] {logging_mixin.py:190} INFO - [2025-10-10T08:49:24.265+0000] {dag.py:4138} INFO - Setting next_dagrun for example_complex to None, run_after=None
[2025-10-10T08:49:24.314+0000] {processor.py:208} INFO - Processing /home/airflow/.local/lib/python3.12/site-packages/airflow/example_dags/example_complex.py took 0.226 seconds
[2025-10-10T08:53:57.748+0000] {processor.py:186} INFO - Started process (PID=101) to work on /home/airflow/.local/lib/python3.12/site-packages/airflow/example_dags/example_complex.py
[2025-10-10T08:53:57.799+0000] {processor.py:914} INFO - Processing file /home/airflow/.local/lib/python3.12/site-packages/airflow/example_dags/example_complex.py for tasks to queue
[2025-10-10T08:53:57.810+0000] {logging_mixin.py:190} INFO - [2025-10-10T08:53:57.809+0000] {dagbag.py:587} INFO - Filling up the DagBag from /home/airflow/.local/lib/python3.12/site-packages/airflow/example_dags/example_complex.py
[2025-10-10T08:53:57.945+0000] {processor.py:925} INFO - DAG(s) 'example_complex' retrieved from /home/airflow/.local/lib/python3.12/site-packages/airflow/example_dags/example_complex.py
[2025-10-10T08:53:58.158+0000] {logging_mixin.py:190} INFO - [2025-10-10T08:53:58.157+0000] {dag.py:3211} INFO - Sync 1 DAGs
[2025-10-10T08:53:58.248+0000] {logging_mixin.py:190} INFO - [2025-10-10T08:53:58.247+0000] {dag.py:4138} INFO - Setting next_dagrun for example_complex to None, run_after=None
[2025-10-10T08:53:58.309+0000] {processor.py:208} INFO - Processing /home/airflow/.local/lib/python3.12/site-packages/airflow/example_dags/example_complex.py took 0.582 seconds
[2025-10-10T08:54:28.792+0000] {processor.py:186} INFO - Started process (PID=164) to work on /home/airflow/.local/lib/python3.12/site-packages/airflow/example_dags/example_complex.py
[2025-10-10T08:54:28.795+0000] {processor.py:914} INFO - Processing file /home/airflow/.local/lib/python3.12/site-packages/airflow/example_dags/example_complex.py for tasks to queue
[2025-10-10T08:54:28.800+0000] {logging_mixin.py:190} INFO - [2025-10-10T08:54:28.799+0000] {dagbag.py:587} INFO - Filling up the DagBag from /home/airflow/.local/lib/python3.12/site-packages/airflow/example_dags/example_complex.py
[2025-10-10T08:54:28.830+0000] {processor.py:925} INFO - DAG(s) 'example_complex' retrieved from /home/airflow/.local/lib/python3.12/site-packages/airflow/example_dags/example_complex.py
[2025-10-10T08:54:28.923+0000] {logging_mixin.py:190} INFO - [2025-10-10T08:54:28.922+0000] {dag.py:3211} INFO - Sync 1 DAGs
[2025-10-10T08:54:28.965+0000] {logging_mixin.py:190} INFO - [2025-10-10T08:54:28.964+0000] {dag.py:4138} INFO - Setting next_dagrun for example_complex to None, run_after=None
[2025-10-10T08:54:29.013+0000] {processor.py:208} INFO - Processing /home/airflow/.local/lib/python3.12/site-packages/airflow/example_dags/example_complex.py took 0.236 seconds
[2025-10-10T08:54:59.714+0000] {processor.py:186} INFO - Started process (PID=228) to work on /home/airflow/.local/lib/python3.12/site-packages/airflow/example_dags/example_complex.py
[2025-10-10T08:54:59.717+0000] {processor.py:914} INFO - Processing file /home/airflow/.local/lib/python3.12/site-packages/airflow/example_dags/example_complex.py for tasks to queue
[2025-10-10T08:54:59.724+0000] {logging_mixin.py:190} INFO - [2025-10-10T08:54:59.723+0000] {dagbag.py:587} INFO - Filling up the DagBag from /home/airflow/.local/lib/python3.12/site-packages/airflow/example_dags/example_complex.py
[2025-10-10T08:54:59.755+0000] {processor.py:925} INFO - DAG(s) 'example_complex' retrieved from /home/airflow/.local/lib/python3.12/site-packages/airflow/example_dags/example_complex.py
[2025-10-10T08:54:59.857+0000] {logging_mixin.py:190} INFO - [2025-10-10T08:54:59.857+0000] {dag.py:3211} INFO - Sync 1 DAGs
[2025-10-10T08:54:59.896+0000] {logging_mixin.py:190} INFO - [2025-10-10T08:54:59.895+0000] {dag.py:4138} INFO - Setting next_dagrun for example_complex to None, run_after=None
[2025-10-10T08:54:59.946+0000] {processor.py:208} INFO - Processing /home/airflow/.local/lib/python3.12/site-packages/airflow/example_dags/example_complex.py took 0.248 seconds
[2025-10-10T08:58:05.714+0000] {processor.py:186} INFO - Started process (PID=102) to work on /home/airflow/.local/lib/python3.12/site-packages/airflow/example_dags/example_complex.py
[2025-10-10T08:58:05.718+0000] {processor.py:914} INFO - Processing file /home/airflow/.local/lib/python3.12/site-packages/airflow/example_dags/example_complex.py for tasks to queue
[2025-10-10T08:58:05.727+0000] {logging_mixin.py:190} INFO - [2025-10-10T08:58:05.726+0000] {dagbag.py:587} INFO - Filling up the DagBag from /home/airflow/.local/lib/python3.12/site-packages/airflow/example_dags/example_complex.py
[2025-10-10T08:58:05.779+0000] {processor.py:925} INFO - DAG(s) 'example_complex' retrieved from /home/airflow/.local/lib/python3.12/site-packages/airflow/example_dags/example_complex.py
[2025-10-10T08:58:05.879+0000] {logging_mixin.py:190} INFO - [2025-10-10T08:58:05.878+0000] {dag.py:3211} INFO - Sync 1 DAGs
[2025-10-10T08:58:05.936+0000] {logging_mixin.py:190} INFO - [2025-10-10T08:58:05.936+0000] {dag.py:4138} INFO - Setting next_dagrun for example_complex to None, run_after=None
[2025-10-10T08:58:05.998+0000] {processor.py:208} INFO - Processing /home/airflow/.local/lib/python3.12/site-packages/airflow/example_dags/example_complex.py took 0.305 seconds
[2025-10-10T08:58:37.327+0000] {processor.py:186} INFO - Started process (PID=166) to work on /home/airflow/.local/lib/python3.12/site-packages/airflow/example_dags/example_complex.py
[2025-10-10T08:58:37.330+0000] {processor.py:914} INFO - Processing file /home/airflow/.local/lib/python3.12/site-packages/airflow/example_dags/example_complex.py for tasks to queue
[2025-10-10T08:58:37.337+0000] {logging_mixin.py:190} INFO - [2025-10-10T08:58:37.336+0000] {dagbag.py:587} INFO - Filling up the DagBag from /home/airflow/.local/lib/python3.12/site-packages/airflow/example_dags/example_complex.py
[2025-10-10T08:58:37.372+0000] {processor.py:925} INFO - DAG(s) 'example_complex' retrieved from /home/airflow/.local/lib/python3.12/site-packages/airflow/example_dags/example_complex.py
[2025-10-10T08:58:37.460+0000] {logging_mixin.py:190} INFO - [2025-10-10T08:58:37.459+0000] {dag.py:3211} INFO - Sync 1 DAGs
[2025-10-10T08:58:37.502+0000] {logging_mixin.py:190} INFO - [2025-10-10T08:58:37.502+0000] {dag.py:4138} INFO - Setting next_dagrun for example_complex to None, run_after=None
[2025-10-10T08:58:37.555+0000] {processor.py:208} INFO - Processing /home/airflow/.local/lib/python3.12/site-packages/airflow/example_dags/example_complex.py took 0.244 seconds
[2025-10-10T09:01:31.669+0000] {processor.py:186} INFO - Started process (PID=101) to work on /home/airflow/.local/lib/python3.12/site-packages/airflow/example_dags/example_complex.py
[2025-10-10T09:01:31.671+0000] {processor.py:914} INFO - Processing file /home/airflow/.local/lib/python3.12/site-packages/airflow/example_dags/example_complex.py for tasks to queue
[2025-10-10T09:01:31.677+0000] {logging_mixin.py:190} INFO - [2025-10-10T09:01:31.676+0000] {dagbag.py:587} INFO - Filling up the DagBag from /home/airflow/.local/lib/python3.12/site-packages/airflow/example_dags/example_complex.py
[2025-10-10T09:01:31.707+0000] {processor.py:925} INFO - DAG(s) 'example_complex' retrieved from /home/airflow/.local/lib/python3.12/site-packages/airflow/example_dags/example_complex.py
[2025-10-10T09:01:31.809+0000] {logging_mixin.py:190} INFO - [2025-10-10T09:01:31.809+0000] {dag.py:3211} INFO - Sync 1 DAGs
[2025-10-10T09:01:31.843+0000] {logging_mixin.py:190} INFO - [2025-10-10T09:01:31.843+0000] {dag.py:4138} INFO - Setting next_dagrun for example_complex to None, run_after=None
[2025-10-10T09:01:31.892+0000] {processor.py:208} INFO - Processing /home/airflow/.local/lib/python3.12/site-packages/airflow/example_dags/example_complex.py took 0.237 seconds
[2025-10-10T09:02:03.134+0000] {processor.py:186} INFO - Started process (PID=164) to work on /home/airflow/.local/lib/python3.12/site-packages/airflow/example_dags/example_complex.py
[2025-10-10T09:02:03.142+0000] {processor.py:914} INFO - Processing file /home/airflow/.local/lib/python3.12/site-packages/airflow/example_dags/example_complex.py for tasks to queue
[2025-10-10T09:02:03.156+0000] {logging_mixin.py:190} INFO - [2025-10-10T09:02:03.152+0000] {dagbag.py:587} INFO - Filling up the DagBag from /home/airflow/.local/lib/python3.12/site-packages/airflow/example_dags/example_complex.py
[2025-10-10T09:02:03.216+0000] {processor.py:925} INFO - DAG(s) 'example_complex' retrieved from /home/airflow/.local/lib/python3.12/site-packages/airflow/example_dags/example_complex.py
[2025-10-10T09:02:03.394+0000] {logging_mixin.py:190} INFO - [2025-10-10T09:02:03.394+0000] {dag.py:3211} INFO - Sync 1 DAGs
[2025-10-10T09:02:03.497+0000] {logging_mixin.py:190} INFO - [2025-10-10T09:02:03.496+0000] {dag.py:4138} INFO - Setting next_dagrun for example_complex to None, run_after=None
[2025-10-10T09:02:03.597+0000] {processor.py:208} INFO - Processing /home/airflow/.local/lib/python3.12/site-packages/airflow/example_dags/example_complex.py took 0.502 seconds
[2025-10-10T09:02:35.556+0000] {processor.py:186} INFO - Started process (PID=227) to work on /home/airflow/.local/lib/python3.12/site-packages/airflow/example_dags/example_complex.py
[2025-10-10T09:02:35.559+0000] {processor.py:914} INFO - Processing file /home/airflow/.local/lib/python3.12/site-packages/airflow/example_dags/example_complex.py for tasks to queue
[2025-10-10T09:02:35.568+0000] {logging_mixin.py:190} INFO - [2025-10-10T09:02:35.567+0000] {dagbag.py:587} INFO - Filling up the DagBag from /home/airflow/.local/lib/python3.12/site-packages/airflow/example_dags/example_complex.py
[2025-10-10T09:02:35.601+0000] {processor.py:925} INFO - DAG(s) 'example_complex' retrieved from /home/airflow/.local/lib/python3.12/site-packages/airflow/example_dags/example_complex.py
[2025-10-10T09:02:35.685+0000] {logging_mixin.py:190} INFO - [2025-10-10T09:02:35.684+0000] {dag.py:3211} INFO - Sync 1 DAGs
[2025-10-10T09:02:35.724+0000] {logging_mixin.py:190} INFO - [2025-10-10T09:02:35.723+0000] {dag.py:4138} INFO - Setting next_dagrun for example_complex to None, run_after=None
[2025-10-10T09:02:35.774+0000] {processor.py:208} INFO - Processing /home/airflow/.local/lib/python3.12/site-packages/airflow/example_dags/example_complex.py took 0.236 seconds
[2025-10-10T09:03:06.201+0000] {processor.py:186} INFO - Started process (PID=291) to work on /home/airflow/.local/lib/python3.12/site-packages/airflow/example_dags/example_complex.py
[2025-10-10T09:03:06.221+0000] {processor.py:914} INFO - Processing file /home/airflow/.local/lib/python3.12/site-packages/airflow/example_dags/example_complex.py for tasks to queue
[2025-10-10T09:03:06.229+0000] {logging_mixin.py:190} INFO - [2025-10-10T09:03:06.228+0000] {dagbag.py:587} INFO - Filling up the DagBag from /home/airflow/.local/lib/python3.12/site-packages/airflow/example_dags/example_complex.py
[2025-10-10T09:03:06.286+0000] {processor.py:925} INFO - DAG(s) 'example_complex' retrieved from /home/airflow/.local/lib/python3.12/site-packages/airflow/example_dags/example_complex.py
[2025-10-10T09:03:06.381+0000] {logging_mixin.py:190} INFO - [2025-10-10T09:03:06.380+0000] {dag.py:3211} INFO - Sync 1 DAGs
[2025-10-10T09:03:06.419+0000] {logging_mixin.py:190} INFO - [2025-10-10T09:03:06.419+0000] {dag.py:4138} INFO - Setting next_dagrun for example_complex to None, run_after=None
[2025-10-10T09:03:06.462+0000] {processor.py:208} INFO - Processing /home/airflow/.local/lib/python3.12/site-packages/airflow/example_dags/example_complex.py took 0.277 seconds
[2025-10-10T09:03:37.459+0000] {processor.py:186} INFO - Started process (PID=354) to work on /home/airflow/.local/lib/python3.12/site-packages/airflow/example_dags/example_complex.py
[2025-10-10T09:03:37.462+0000] {processor.py:914} INFO - Processing file /home/airflow/.local/lib/python3.12/site-packages/airflow/example_dags/example_complex.py for tasks to queue
[2025-10-10T09:03:37.472+0000] {logging_mixin.py:190} INFO - [2025-10-10T09:03:37.471+0000] {dagbag.py:587} INFO - Filling up the DagBag from /home/airflow/.local/lib/python3.12/site-packages/airflow/example_dags/example_complex.py
[2025-10-10T09:03:37.509+0000] {processor.py:925} INFO - DAG(s) 'example_complex' retrieved from /home/airflow/.local/lib/python3.12/site-packages/airflow/example_dags/example_complex.py
[2025-10-10T09:03:37.609+0000] {logging_mixin.py:190} INFO - [2025-10-10T09:03:37.608+0000] {dag.py:3211} INFO - Sync 1 DAGs
[2025-10-10T09:03:37.655+0000] {logging_mixin.py:190} INFO - [2025-10-10T09:03:37.654+0000] {dag.py:4138} INFO - Setting next_dagrun for example_complex to None, run_after=None
[2025-10-10T09:03:37.710+0000] {processor.py:208} INFO - Processing /home/airflow/.local/lib/python3.12/site-packages/airflow/example_dags/example_complex.py took 0.277 seconds
[2025-10-10T09:04:09.046+0000] {processor.py:186} INFO - Started process (PID=417) to work on /home/airflow/.local/lib/python3.12/site-packages/airflow/example_dags/example_complex.py
[2025-10-10T09:04:09.054+0000] {processor.py:914} INFO - Processing file /home/airflow/.local/lib/python3.12/site-packages/airflow/example_dags/example_complex.py for tasks to queue
[2025-10-10T09:04:09.062+0000] {logging_mixin.py:190} INFO - [2025-10-10T09:04:09.061+0000] {dagbag.py:587} INFO - Filling up the DagBag from /home/airflow/.local/lib/python3.12/site-packages/airflow/example_dags/example_complex.py
[2025-10-10T09:04:09.116+0000] {processor.py:925} INFO - DAG(s) 'example_complex' retrieved from /home/airflow/.local/lib/python3.12/site-packages/airflow/example_dags/example_complex.py
[2025-10-10T09:04:09.245+0000] {logging_mixin.py:190} INFO - [2025-10-10T09:04:09.244+0000] {dag.py:3211} INFO - Sync 1 DAGs
[2025-10-10T09:04:09.273+0000] {logging_mixin.py:190} INFO - [2025-10-10T09:04:09.273+0000] {dag.py:4138} INFO - Setting next_dagrun for example_complex to None, run_after=None
[2025-10-10T09:04:09.323+0000] {processor.py:208} INFO - Processing /home/airflow/.local/lib/python3.12/site-packages/airflow/example_dags/example_complex.py took 0.309 seconds
[2025-10-10T09:04:40.272+0000] {processor.py:186} INFO - Started process (PID=480) to work on /home/airflow/.local/lib/python3.12/site-packages/airflow/example_dags/example_complex.py
[2025-10-10T09:04:40.275+0000] {processor.py:914} INFO - Processing file /home/airflow/.local/lib/python3.12/site-packages/airflow/example_dags/example_complex.py for tasks to queue
[2025-10-10T09:04:40.283+0000] {logging_mixin.py:190} INFO - [2025-10-10T09:04:40.282+0000] {dagbag.py:587} INFO - Filling up the DagBag from /home/airflow/.local/lib/python3.12/site-packages/airflow/example_dags/example_complex.py
[2025-10-10T09:04:40.317+0000] {processor.py:925} INFO - DAG(s) 'example_complex' retrieved from /home/airflow/.local/lib/python3.12/site-packages/airflow/example_dags/example_complex.py
[2025-10-10T09:04:40.395+0000] {logging_mixin.py:190} INFO - [2025-10-10T09:04:40.395+0000] {dag.py:3211} INFO - Sync 1 DAGs
[2025-10-10T09:04:40.436+0000] {logging_mixin.py:190} INFO - [2025-10-10T09:04:40.435+0000] {dag.py:4138} INFO - Setting next_dagrun for example_complex to None, run_after=None
[2025-10-10T09:04:40.489+0000] {processor.py:208} INFO - Processing /home/airflow/.local/lib/python3.12/site-packages/airflow/example_dags/example_complex.py took 0.234 seconds
[2025-10-10T09:05:11.967+0000] {processor.py:186} INFO - Started process (PID=543) to work on /home/airflow/.local/lib/python3.12/site-packages/airflow/example_dags/example_complex.py
[2025-10-10T09:05:11.970+0000] {processor.py:914} INFO - Processing file /home/airflow/.local/lib/python3.12/site-packages/airflow/example_dags/example_complex.py for tasks to queue
[2025-10-10T09:05:11.978+0000] {logging_mixin.py:190} INFO - [2025-10-10T09:05:11.977+0000] {dagbag.py:587} INFO - Filling up the DagBag from /home/airflow/.local/lib/python3.12/site-packages/airflow/example_dags/example_complex.py
[2025-10-10T09:05:12.005+0000] {processor.py:925} INFO - DAG(s) 'example_complex' retrieved from /home/airflow/.local/lib/python3.12/site-packages/airflow/example_dags/example_complex.py
[2025-10-10T09:05:12.074+0000] {logging_mixin.py:190} INFO - [2025-10-10T09:05:12.074+0000] {dag.py:3211} INFO - Sync 1 DAGs
[2025-10-10T09:05:12.104+0000] {logging_mixin.py:190} INFO - [2025-10-10T09:05:12.104+0000] {dag.py:4138} INFO - Setting next_dagrun for example_complex to None, run_after=None
[2025-10-10T09:05:12.152+0000] {processor.py:208} INFO - Processing /home/airflow/.local/lib/python3.12/site-packages/airflow/example_dags/example_complex.py took 0.199 seconds
[2025-10-10T09:05:42.573+0000] {processor.py:186} INFO - Started process (PID=605) to work on /home/airflow/.local/lib/python3.12/site-packages/airflow/example_dags/example_complex.py
[2025-10-10T09:05:42.575+0000] {processor.py:914} INFO - Processing file /home/airflow/.local/lib/python3.12/site-packages/airflow/example_dags/example_complex.py for tasks to queue
[2025-10-10T09:05:42.581+0000] {logging_mixin.py:190} INFO - [2025-10-10T09:05:42.580+0000] {dagbag.py:587} INFO - Filling up the DagBag from /home/airflow/.local/lib/python3.12/site-packages/airflow/example_dags/example_complex.py
[2025-10-10T09:05:42.618+0000] {processor.py:925} INFO - DAG(s) 'example_complex' retrieved from /home/airflow/.local/lib/python3.12/site-packages/airflow/example_dags/example_complex.py
[2025-10-10T09:05:42.709+0000] {logging_mixin.py:190} INFO - [2025-10-10T09:05:42.709+0000] {dag.py:3211} INFO - Sync 1 DAGs
[2025-10-10T09:05:42.743+0000] {logging_mixin.py:190} INFO - [2025-10-10T09:05:42.742+0000] {dag.py:4138} INFO - Setting next_dagrun for example_complex to None, run_after=None
[2025-10-10T09:05:42.793+0000] {processor.py:208} INFO - Processing /home/airflow/.local/lib/python3.12/site-packages/airflow/example_dags/example_complex.py took 0.237 seconds
