[2025-10-10T08:37:55.150+0000] {processor.py:186} INFO - Started process (PID=90) to work on /home/airflow/.local/lib/python3.12/site-packages/airflow/example_dags/example_trigger_controller_dag.py
[2025-10-10T08:37:55.153+0000] {processor.py:914} INFO - Processing file /home/airflow/.local/lib/python3.12/site-packages/airflow/example_dags/example_trigger_controller_dag.py for tasks to queue
[2025-10-10T08:37:55.161+0000] {logging_mixin.py:190} INFO - [2025-10-10T08:37:55.160+0000] {dagbag.py:587} INFO - Filling up the DagBag from /home/airflow/.local/lib/python3.12/site-packages/airflow/example_dags/example_trigger_controller_dag.py
[2025-10-10T08:37:55.181+0000] {processor.py:925} INFO - DAG(s) 'example_trigger_controller_dag' retrieved from /home/airflow/.local/lib/python3.12/site-packages/airflow/example_dags/example_trigger_controller_dag.py
[2025-10-10T08:37:55.235+0000] {logging_mixin.py:190} INFO - [2025-10-10T08:37:55.234+0000] {dag.py:3211} INFO - Sync 1 DAGs
[2025-10-10T08:37:55.328+0000] {logging_mixin.py:190} INFO - [2025-10-10T08:37:55.328+0000] {dag.py:4138} INFO - Setting next_dagrun for example_trigger_controller_dag to 2021-01-01 00:00:00+00:00, run_after=2021-01-01 00:00:00+00:00
[2025-10-10T08:37:55.403+0000] {processor.py:208} INFO - Processing /home/airflow/.local/lib/python3.12/site-packages/airflow/example_dags/example_trigger_controller_dag.py took 0.269 seconds
[2025-10-10T08:38:25.986+0000] {processor.py:186} INFO - Started process (PID=153) to work on /home/airflow/.local/lib/python3.12/site-packages/airflow/example_dags/example_trigger_controller_dag.py
[2025-10-10T08:38:25.990+0000] {processor.py:914} INFO - Processing file /home/airflow/.local/lib/python3.12/site-packages/airflow/example_dags/example_trigger_controller_dag.py for tasks to queue
[2025-10-10T08:38:26.006+0000] {logging_mixin.py:190} INFO - [2025-10-10T08:38:26.002+0000] {dagbag.py:587} INFO - Filling up the DagBag from /home/airflow/.local/lib/python3.12/site-packages/airflow/example_dags/example_trigger_controller_dag.py
[2025-10-10T08:38:26.028+0000] {processor.py:925} INFO - DAG(s) 'example_trigger_controller_dag' retrieved from /home/airflow/.local/lib/python3.12/site-packages/airflow/example_dags/example_trigger_controller_dag.py
[2025-10-10T08:38:26.099+0000] {logging_mixin.py:190} INFO - [2025-10-10T08:38:26.098+0000] {dag.py:3211} INFO - Sync 1 DAGs
[2025-10-10T08:38:26.194+0000] {logging_mixin.py:190} INFO - [2025-10-10T08:38:26.193+0000] {dag.py:4138} INFO - Setting next_dagrun for example_trigger_controller_dag to 2021-01-01 00:00:00+00:00, run_after=2021-01-01 00:00:00+00:00
[2025-10-10T08:38:26.282+0000] {processor.py:208} INFO - Processing /home/airflow/.local/lib/python3.12/site-packages/airflow/example_dags/example_trigger_controller_dag.py took 0.320 seconds
[2025-10-10T08:38:56.488+0000] {processor.py:186} INFO - Started process (PID=216) to work on /home/airflow/.local/lib/python3.12/site-packages/airflow/example_dags/example_trigger_controller_dag.py
[2025-10-10T08:38:56.491+0000] {processor.py:914} INFO - Processing file /home/airflow/.local/lib/python3.12/site-packages/airflow/example_dags/example_trigger_controller_dag.py for tasks to queue
[2025-10-10T08:38:56.497+0000] {logging_mixin.py:190} INFO - [2025-10-10T08:38:56.496+0000] {dagbag.py:587} INFO - Filling up the DagBag from /home/airflow/.local/lib/python3.12/site-packages/airflow/example_dags/example_trigger_controller_dag.py
[2025-10-10T08:38:56.512+0000] {processor.py:925} INFO - DAG(s) 'example_trigger_controller_dag' retrieved from /home/airflow/.local/lib/python3.12/site-packages/airflow/example_dags/example_trigger_controller_dag.py
[2025-10-10T08:38:56.563+0000] {logging_mixin.py:190} INFO - [2025-10-10T08:38:56.562+0000] {dag.py:3211} INFO - Sync 1 DAGs
[2025-10-10T08:38:56.618+0000] {logging_mixin.py:190} INFO - [2025-10-10T08:38:56.618+0000] {dag.py:4138} INFO - Setting next_dagrun for example_trigger_controller_dag to 2021-01-01 00:00:00+00:00, run_after=2021-01-01 00:00:00+00:00
[2025-10-10T08:38:56.667+0000] {processor.py:208} INFO - Processing /home/airflow/.local/lib/python3.12/site-packages/airflow/example_dags/example_trigger_controller_dag.py took 0.199 seconds
[2025-10-10T08:39:27.859+0000] {processor.py:186} INFO - Started process (PID=279) to work on /home/airflow/.local/lib/python3.12/site-packages/airflow/example_dags/example_trigger_controller_dag.py
[2025-10-10T08:39:27.862+0000] {processor.py:914} INFO - Processing file /home/airflow/.local/lib/python3.12/site-packages/airflow/example_dags/example_trigger_controller_dag.py for tasks to queue
[2025-10-10T08:39:27.868+0000] {logging_mixin.py:190} INFO - [2025-10-10T08:39:27.867+0000] {dagbag.py:587} INFO - Filling up the DagBag from /home/airflow/.local/lib/python3.12/site-packages/airflow/example_dags/example_trigger_controller_dag.py
[2025-10-10T08:39:27.885+0000] {processor.py:925} INFO - DAG(s) 'example_trigger_controller_dag' retrieved from /home/airflow/.local/lib/python3.12/site-packages/airflow/example_dags/example_trigger_controller_dag.py
[2025-10-10T08:39:27.945+0000] {logging_mixin.py:190} INFO - [2025-10-10T08:39:27.944+0000] {dag.py:3211} INFO - Sync 1 DAGs
[2025-10-10T08:39:27.995+0000] {logging_mixin.py:190} INFO - [2025-10-10T08:39:27.994+0000] {dag.py:4138} INFO - Setting next_dagrun for example_trigger_controller_dag to 2021-01-01 00:00:00+00:00, run_after=2021-01-01 00:00:00+00:00
[2025-10-10T08:39:28.041+0000] {processor.py:208} INFO - Processing /home/airflow/.local/lib/python3.12/site-packages/airflow/example_dags/example_trigger_controller_dag.py took 0.196 seconds
[2025-10-10T08:40:00.023+0000] {processor.py:186} INFO - Started process (PID=342) to work on /home/airflow/.local/lib/python3.12/site-packages/airflow/example_dags/example_trigger_controller_dag.py
[2025-10-10T08:40:00.026+0000] {processor.py:914} INFO - Processing file /home/airflow/.local/lib/python3.12/site-packages/airflow/example_dags/example_trigger_controller_dag.py for tasks to queue
[2025-10-10T08:40:00.042+0000] {logging_mixin.py:190} INFO - [2025-10-10T08:40:00.040+0000] {dagbag.py:587} INFO - Filling up the DagBag from /home/airflow/.local/lib/python3.12/site-packages/airflow/example_dags/example_trigger_controller_dag.py
[2025-10-10T08:40:00.069+0000] {processor.py:925} INFO - DAG(s) 'example_trigger_controller_dag' retrieved from /home/airflow/.local/lib/python3.12/site-packages/airflow/example_dags/example_trigger_controller_dag.py
[2025-10-10T08:40:00.146+0000] {logging_mixin.py:190} INFO - [2025-10-10T08:40:00.145+0000] {dag.py:3211} INFO - Sync 1 DAGs
[2025-10-10T08:40:00.216+0000] {logging_mixin.py:190} INFO - [2025-10-10T08:40:00.215+0000] {dag.py:4138} INFO - Setting next_dagrun for example_trigger_controller_dag to 2021-01-01 00:00:00+00:00, run_after=2021-01-01 00:00:00+00:00
[2025-10-10T08:40:00.283+0000] {processor.py:208} INFO - Processing /home/airflow/.local/lib/python3.12/site-packages/airflow/example_dags/example_trigger_controller_dag.py took 0.285 seconds
[2025-10-10T08:40:30.710+0000] {processor.py:186} INFO - Started process (PID=405) to work on /home/airflow/.local/lib/python3.12/site-packages/airflow/example_dags/example_trigger_controller_dag.py
[2025-10-10T08:40:30.712+0000] {processor.py:914} INFO - Processing file /home/airflow/.local/lib/python3.12/site-packages/airflow/example_dags/example_trigger_controller_dag.py for tasks to queue
[2025-10-10T08:40:30.720+0000] {logging_mixin.py:190} INFO - [2025-10-10T08:40:30.719+0000] {dagbag.py:587} INFO - Filling up the DagBag from /home/airflow/.local/lib/python3.12/site-packages/airflow/example_dags/example_trigger_controller_dag.py
[2025-10-10T08:40:30.740+0000] {processor.py:925} INFO - DAG(s) 'example_trigger_controller_dag' retrieved from /home/airflow/.local/lib/python3.12/site-packages/airflow/example_dags/example_trigger_controller_dag.py
[2025-10-10T08:40:30.791+0000] {logging_mixin.py:190} INFO - [2025-10-10T08:40:30.790+0000] {dag.py:3211} INFO - Sync 1 DAGs
[2025-10-10T08:40:30.863+0000] {logging_mixin.py:190} INFO - [2025-10-10T08:40:30.862+0000] {dag.py:4138} INFO - Setting next_dagrun for example_trigger_controller_dag to 2021-01-01 00:00:00+00:00, run_after=2021-01-01 00:00:00+00:00
[2025-10-10T08:40:30.913+0000] {processor.py:208} INFO - Processing /home/airflow/.local/lib/python3.12/site-packages/airflow/example_dags/example_trigger_controller_dag.py took 0.216 seconds
[2025-10-10T08:41:01.563+0000] {processor.py:186} INFO - Started process (PID=468) to work on /home/airflow/.local/lib/python3.12/site-packages/airflow/example_dags/example_trigger_controller_dag.py
[2025-10-10T08:41:01.566+0000] {processor.py:914} INFO - Processing file /home/airflow/.local/lib/python3.12/site-packages/airflow/example_dags/example_trigger_controller_dag.py for tasks to queue
[2025-10-10T08:41:01.576+0000] {logging_mixin.py:190} INFO - [2025-10-10T08:41:01.575+0000] {dagbag.py:587} INFO - Filling up the DagBag from /home/airflow/.local/lib/python3.12/site-packages/airflow/example_dags/example_trigger_controller_dag.py
[2025-10-10T08:41:01.599+0000] {processor.py:925} INFO - DAG(s) 'example_trigger_controller_dag' retrieved from /home/airflow/.local/lib/python3.12/site-packages/airflow/example_dags/example_trigger_controller_dag.py
[2025-10-10T08:41:01.654+0000] {logging_mixin.py:190} INFO - [2025-10-10T08:41:01.653+0000] {dag.py:3211} INFO - Sync 1 DAGs
[2025-10-10T08:41:01.711+0000] {logging_mixin.py:190} INFO - [2025-10-10T08:41:01.710+0000] {dag.py:4138} INFO - Setting next_dagrun for example_trigger_controller_dag to 2021-01-01 00:00:00+00:00, run_after=2021-01-01 00:00:00+00:00
[2025-10-10T08:41:01.762+0000] {processor.py:208} INFO - Processing /home/airflow/.local/lib/python3.12/site-packages/airflow/example_dags/example_trigger_controller_dag.py took 0.219 seconds
[2025-10-10T08:41:32.062+0000] {processor.py:186} INFO - Started process (PID=531) to work on /home/airflow/.local/lib/python3.12/site-packages/airflow/example_dags/example_trigger_controller_dag.py
[2025-10-10T08:41:32.066+0000] {processor.py:914} INFO - Processing file /home/airflow/.local/lib/python3.12/site-packages/airflow/example_dags/example_trigger_controller_dag.py for tasks to queue
[2025-10-10T08:41:32.075+0000] {logging_mixin.py:190} INFO - [2025-10-10T08:41:32.074+0000] {dagbag.py:587} INFO - Filling up the DagBag from /home/airflow/.local/lib/python3.12/site-packages/airflow/example_dags/example_trigger_controller_dag.py
[2025-10-10T08:41:32.100+0000] {processor.py:925} INFO - DAG(s) 'example_trigger_controller_dag' retrieved from /home/airflow/.local/lib/python3.12/site-packages/airflow/example_dags/example_trigger_controller_dag.py
[2025-10-10T08:41:32.155+0000] {logging_mixin.py:190} INFO - [2025-10-10T08:41:32.155+0000] {dag.py:3211} INFO - Sync 1 DAGs
[2025-10-10T08:41:32.222+0000] {logging_mixin.py:190} INFO - [2025-10-10T08:41:32.222+0000] {dag.py:4138} INFO - Setting next_dagrun for example_trigger_controller_dag to 2021-01-01 00:00:00+00:00, run_after=2021-01-01 00:00:00+00:00
[2025-10-10T08:41:32.272+0000] {processor.py:208} INFO - Processing /home/airflow/.local/lib/python3.12/site-packages/airflow/example_dags/example_trigger_controller_dag.py took 0.230 seconds
[2025-10-10T08:42:02.747+0000] {processor.py:186} INFO - Started process (PID=594) to work on /home/airflow/.local/lib/python3.12/site-packages/airflow/example_dags/example_trigger_controller_dag.py
[2025-10-10T08:42:02.750+0000] {processor.py:914} INFO - Processing file /home/airflow/.local/lib/python3.12/site-packages/airflow/example_dags/example_trigger_controller_dag.py for tasks to queue
[2025-10-10T08:42:02.758+0000] {logging_mixin.py:190} INFO - [2025-10-10T08:42:02.757+0000] {dagbag.py:587} INFO - Filling up the DagBag from /home/airflow/.local/lib/python3.12/site-packages/airflow/example_dags/example_trigger_controller_dag.py
[2025-10-10T08:42:02.778+0000] {processor.py:925} INFO - DAG(s) 'example_trigger_controller_dag' retrieved from /home/airflow/.local/lib/python3.12/site-packages/airflow/example_dags/example_trigger_controller_dag.py
[2025-10-10T08:42:02.828+0000] {logging_mixin.py:190} INFO - [2025-10-10T08:42:02.827+0000] {dag.py:3211} INFO - Sync 1 DAGs
[2025-10-10T08:42:02.880+0000] {logging_mixin.py:190} INFO - [2025-10-10T08:42:02.880+0000] {dag.py:4138} INFO - Setting next_dagrun for example_trigger_controller_dag to 2021-01-01 00:00:00+00:00, run_after=2021-01-01 00:00:00+00:00
[2025-10-10T08:42:02.922+0000] {processor.py:208} INFO - Processing /home/airflow/.local/lib/python3.12/site-packages/airflow/example_dags/example_trigger_controller_dag.py took 0.195 seconds
[2025-10-10T08:42:33.843+0000] {processor.py:186} INFO - Started process (PID=657) to work on /home/airflow/.local/lib/python3.12/site-packages/airflow/example_dags/example_trigger_controller_dag.py
[2025-10-10T08:42:33.846+0000] {processor.py:914} INFO - Processing file /home/airflow/.local/lib/python3.12/site-packages/airflow/example_dags/example_trigger_controller_dag.py for tasks to queue
[2025-10-10T08:42:33.854+0000] {logging_mixin.py:190} INFO - [2025-10-10T08:42:33.854+0000] {dagbag.py:587} INFO - Filling up the DagBag from /home/airflow/.local/lib/python3.12/site-packages/airflow/example_dags/example_trigger_controller_dag.py
[2025-10-10T08:42:33.876+0000] {processor.py:925} INFO - DAG(s) 'example_trigger_controller_dag' retrieved from /home/airflow/.local/lib/python3.12/site-packages/airflow/example_dags/example_trigger_controller_dag.py
[2025-10-10T08:42:33.938+0000] {logging_mixin.py:190} INFO - [2025-10-10T08:42:33.938+0000] {dag.py:3211} INFO - Sync 1 DAGs
[2025-10-10T08:42:34.002+0000] {logging_mixin.py:190} INFO - [2025-10-10T08:42:34.001+0000] {dag.py:4138} INFO - Setting next_dagrun for example_trigger_controller_dag to 2021-01-01 00:00:00+00:00, run_after=2021-01-01 00:00:00+00:00
[2025-10-10T08:42:34.054+0000] {processor.py:208} INFO - Processing /home/airflow/.local/lib/python3.12/site-packages/airflow/example_dags/example_trigger_controller_dag.py took 0.231 seconds
[2025-10-10T08:43:05.033+0000] {processor.py:186} INFO - Started process (PID=720) to work on /home/airflow/.local/lib/python3.12/site-packages/airflow/example_dags/example_trigger_controller_dag.py
[2025-10-10T08:43:05.036+0000] {processor.py:914} INFO - Processing file /home/airflow/.local/lib/python3.12/site-packages/airflow/example_dags/example_trigger_controller_dag.py for tasks to queue
[2025-10-10T08:43:05.043+0000] {logging_mixin.py:190} INFO - [2025-10-10T08:43:05.042+0000] {dagbag.py:587} INFO - Filling up the DagBag from /home/airflow/.local/lib/python3.12/site-packages/airflow/example_dags/example_trigger_controller_dag.py
[2025-10-10T08:43:05.066+0000] {processor.py:925} INFO - DAG(s) 'example_trigger_controller_dag' retrieved from /home/airflow/.local/lib/python3.12/site-packages/airflow/example_dags/example_trigger_controller_dag.py
[2025-10-10T08:43:05.127+0000] {logging_mixin.py:190} INFO - [2025-10-10T08:43:05.126+0000] {dag.py:3211} INFO - Sync 1 DAGs
[2025-10-10T08:43:05.211+0000] {logging_mixin.py:190} INFO - [2025-10-10T08:43:05.211+0000] {dag.py:4138} INFO - Setting next_dagrun for example_trigger_controller_dag to 2021-01-01 00:00:00+00:00, run_after=2021-01-01 00:00:00+00:00
[2025-10-10T08:43:05.267+0000] {processor.py:208} INFO - Processing /home/airflow/.local/lib/python3.12/site-packages/airflow/example_dags/example_trigger_controller_dag.py took 0.248 seconds
[2025-10-10T08:43:36.462+0000] {processor.py:186} INFO - Started process (PID=783) to work on /home/airflow/.local/lib/python3.12/site-packages/airflow/example_dags/example_trigger_controller_dag.py
[2025-10-10T08:43:36.465+0000] {processor.py:914} INFO - Processing file /home/airflow/.local/lib/python3.12/site-packages/airflow/example_dags/example_trigger_controller_dag.py for tasks to queue
[2025-10-10T08:43:36.470+0000] {logging_mixin.py:190} INFO - [2025-10-10T08:43:36.470+0000] {dagbag.py:587} INFO - Filling up the DagBag from /home/airflow/.local/lib/python3.12/site-packages/airflow/example_dags/example_trigger_controller_dag.py
[2025-10-10T08:43:36.485+0000] {processor.py:925} INFO - DAG(s) 'example_trigger_controller_dag' retrieved from /home/airflow/.local/lib/python3.12/site-packages/airflow/example_dags/example_trigger_controller_dag.py
[2025-10-10T08:43:36.536+0000] {logging_mixin.py:190} INFO - [2025-10-10T08:43:36.536+0000] {dag.py:3211} INFO - Sync 1 DAGs
[2025-10-10T08:43:36.589+0000] {logging_mixin.py:190} INFO - [2025-10-10T08:43:36.588+0000] {dag.py:4138} INFO - Setting next_dagrun for example_trigger_controller_dag to 2021-01-01 00:00:00+00:00, run_after=2021-01-01 00:00:00+00:00
[2025-10-10T08:43:36.671+0000] {processor.py:208} INFO - Processing /home/airflow/.local/lib/python3.12/site-packages/airflow/example_dags/example_trigger_controller_dag.py took 0.221 seconds
[2025-10-10T08:44:07.616+0000] {processor.py:186} INFO - Started process (PID=846) to work on /home/airflow/.local/lib/python3.12/site-packages/airflow/example_dags/example_trigger_controller_dag.py
[2025-10-10T08:44:07.619+0000] {processor.py:914} INFO - Processing file /home/airflow/.local/lib/python3.12/site-packages/airflow/example_dags/example_trigger_controller_dag.py for tasks to queue
[2025-10-10T08:44:07.625+0000] {logging_mixin.py:190} INFO - [2025-10-10T08:44:07.624+0000] {dagbag.py:587} INFO - Filling up the DagBag from /home/airflow/.local/lib/python3.12/site-packages/airflow/example_dags/example_trigger_controller_dag.py
[2025-10-10T08:44:07.644+0000] {processor.py:925} INFO - DAG(s) 'example_trigger_controller_dag' retrieved from /home/airflow/.local/lib/python3.12/site-packages/airflow/example_dags/example_trigger_controller_dag.py
[2025-10-10T08:44:07.697+0000] {logging_mixin.py:190} INFO - [2025-10-10T08:44:07.696+0000] {dag.py:3211} INFO - Sync 1 DAGs
[2025-10-10T08:44:07.776+0000] {logging_mixin.py:190} INFO - [2025-10-10T08:44:07.775+0000] {dag.py:4138} INFO - Setting next_dagrun for example_trigger_controller_dag to 2021-01-01 00:00:00+00:00, run_after=2021-01-01 00:00:00+00:00
[2025-10-10T08:44:07.834+0000] {processor.py:208} INFO - Processing /home/airflow/.local/lib/python3.12/site-packages/airflow/example_dags/example_trigger_controller_dag.py took 0.234 seconds
[2025-10-10T08:44:39.036+0000] {processor.py:186} INFO - Started process (PID=908) to work on /home/airflow/.local/lib/python3.12/site-packages/airflow/example_dags/example_trigger_controller_dag.py
[2025-10-10T08:44:39.039+0000] {processor.py:914} INFO - Processing file /home/airflow/.local/lib/python3.12/site-packages/airflow/example_dags/example_trigger_controller_dag.py for tasks to queue
[2025-10-10T08:44:39.048+0000] {logging_mixin.py:190} INFO - [2025-10-10T08:44:39.046+0000] {dagbag.py:587} INFO - Filling up the DagBag from /home/airflow/.local/lib/python3.12/site-packages/airflow/example_dags/example_trigger_controller_dag.py
[2025-10-10T08:44:39.077+0000] {processor.py:925} INFO - DAG(s) 'example_trigger_controller_dag' retrieved from /home/airflow/.local/lib/python3.12/site-packages/airflow/example_dags/example_trigger_controller_dag.py
[2025-10-10T08:44:39.134+0000] {logging_mixin.py:190} INFO - [2025-10-10T08:44:39.134+0000] {dag.py:3211} INFO - Sync 1 DAGs
[2025-10-10T08:44:39.192+0000] {logging_mixin.py:190} INFO - [2025-10-10T08:44:39.192+0000] {dag.py:4138} INFO - Setting next_dagrun for example_trigger_controller_dag to 2021-01-01 00:00:00+00:00, run_after=2021-01-01 00:00:00+00:00
[2025-10-10T08:44:39.239+0000] {processor.py:208} INFO - Processing /home/airflow/.local/lib/python3.12/site-packages/airflow/example_dags/example_trigger_controller_dag.py took 0.219 seconds
[2025-10-10T08:45:11.067+0000] {processor.py:186} INFO - Started process (PID=971) to work on /home/airflow/.local/lib/python3.12/site-packages/airflow/example_dags/example_trigger_controller_dag.py
[2025-10-10T08:45:11.070+0000] {processor.py:914} INFO - Processing file /home/airflow/.local/lib/python3.12/site-packages/airflow/example_dags/example_trigger_controller_dag.py for tasks to queue
[2025-10-10T08:45:11.079+0000] {logging_mixin.py:190} INFO - [2025-10-10T08:45:11.078+0000] {dagbag.py:587} INFO - Filling up the DagBag from /home/airflow/.local/lib/python3.12/site-packages/airflow/example_dags/example_trigger_controller_dag.py
[2025-10-10T08:45:11.117+0000] {processor.py:925} INFO - DAG(s) 'example_trigger_controller_dag' retrieved from /home/airflow/.local/lib/python3.12/site-packages/airflow/example_dags/example_trigger_controller_dag.py
[2025-10-10T08:45:11.213+0000] {logging_mixin.py:190} INFO - [2025-10-10T08:45:11.212+0000] {dag.py:3211} INFO - Sync 1 DAGs
[2025-10-10T08:45:11.299+0000] {logging_mixin.py:190} INFO - [2025-10-10T08:45:11.298+0000] {dag.py:4138} INFO - Setting next_dagrun for example_trigger_controller_dag to 2021-01-01 00:00:00+00:00, run_after=2021-01-01 00:00:00+00:00
[2025-10-10T08:45:11.350+0000] {processor.py:208} INFO - Processing /home/airflow/.local/lib/python3.12/site-packages/airflow/example_dags/example_trigger_controller_dag.py took 0.309 seconds
[2025-10-10T08:45:42.562+0000] {processor.py:186} INFO - Started process (PID=1040) to work on /home/airflow/.local/lib/python3.12/site-packages/airflow/example_dags/example_trigger_controller_dag.py
[2025-10-10T08:45:42.565+0000] {processor.py:914} INFO - Processing file /home/airflow/.local/lib/python3.12/site-packages/airflow/example_dags/example_trigger_controller_dag.py for tasks to queue
[2025-10-10T08:45:42.571+0000] {logging_mixin.py:190} INFO - [2025-10-10T08:45:42.570+0000] {dagbag.py:587} INFO - Filling up the DagBag from /home/airflow/.local/lib/python3.12/site-packages/airflow/example_dags/example_trigger_controller_dag.py
[2025-10-10T08:45:42.604+0000] {processor.py:925} INFO - DAG(s) 'example_trigger_controller_dag' retrieved from /home/airflow/.local/lib/python3.12/site-packages/airflow/example_dags/example_trigger_controller_dag.py
[2025-10-10T08:45:42.686+0000] {logging_mixin.py:190} INFO - [2025-10-10T08:45:42.685+0000] {dag.py:3211} INFO - Sync 1 DAGs
[2025-10-10T08:45:42.776+0000] {logging_mixin.py:190} INFO - [2025-10-10T08:45:42.775+0000] {dag.py:4138} INFO - Setting next_dagrun for example_trigger_controller_dag to 2021-01-01 00:00:00+00:00, run_after=2021-01-01 00:00:00+00:00
[2025-10-10T08:45:42.828+0000] {processor.py:208} INFO - Processing /home/airflow/.local/lib/python3.12/site-packages/airflow/example_dags/example_trigger_controller_dag.py took 0.291 seconds
[2025-10-10T08:46:13.572+0000] {processor.py:186} INFO - Started process (PID=1103) to work on /home/airflow/.local/lib/python3.12/site-packages/airflow/example_dags/example_trigger_controller_dag.py
[2025-10-10T08:46:13.575+0000] {processor.py:914} INFO - Processing file /home/airflow/.local/lib/python3.12/site-packages/airflow/example_dags/example_trigger_controller_dag.py for tasks to queue
[2025-10-10T08:46:13.582+0000] {logging_mixin.py:190} INFO - [2025-10-10T08:46:13.581+0000] {dagbag.py:587} INFO - Filling up the DagBag from /home/airflow/.local/lib/python3.12/site-packages/airflow/example_dags/example_trigger_controller_dag.py
[2025-10-10T08:46:13.601+0000] {processor.py:925} INFO - DAG(s) 'example_trigger_controller_dag' retrieved from /home/airflow/.local/lib/python3.12/site-packages/airflow/example_dags/example_trigger_controller_dag.py
[2025-10-10T08:46:13.672+0000] {logging_mixin.py:190} INFO - [2025-10-10T08:46:13.671+0000] {dag.py:3211} INFO - Sync 1 DAGs
[2025-10-10T08:46:13.820+0000] {logging_mixin.py:190} INFO - [2025-10-10T08:46:13.819+0000] {dag.py:4138} INFO - Setting next_dagrun for example_trigger_controller_dag to 2021-01-01 00:00:00+00:00, run_after=2021-01-01 00:00:00+00:00
[2025-10-10T08:46:13.932+0000] {processor.py:208} INFO - Processing /home/airflow/.local/lib/python3.12/site-packages/airflow/example_dags/example_trigger_controller_dag.py took 0.376 seconds
[2025-10-10T08:46:44.964+0000] {processor.py:186} INFO - Started process (PID=1166) to work on /home/airflow/.local/lib/python3.12/site-packages/airflow/example_dags/example_trigger_controller_dag.py
[2025-10-10T08:46:44.966+0000] {processor.py:914} INFO - Processing file /home/airflow/.local/lib/python3.12/site-packages/airflow/example_dags/example_trigger_controller_dag.py for tasks to queue
[2025-10-10T08:46:44.972+0000] {logging_mixin.py:190} INFO - [2025-10-10T08:46:44.971+0000] {dagbag.py:587} INFO - Filling up the DagBag from /home/airflow/.local/lib/python3.12/site-packages/airflow/example_dags/example_trigger_controller_dag.py
[2025-10-10T08:46:44.989+0000] {processor.py:925} INFO - DAG(s) 'example_trigger_controller_dag' retrieved from /home/airflow/.local/lib/python3.12/site-packages/airflow/example_dags/example_trigger_controller_dag.py
[2025-10-10T08:46:45.037+0000] {logging_mixin.py:190} INFO - [2025-10-10T08:46:45.036+0000] {dag.py:3211} INFO - Sync 1 DAGs
[2025-10-10T08:46:45.092+0000] {logging_mixin.py:190} INFO - [2025-10-10T08:46:45.092+0000] {dag.py:4138} INFO - Setting next_dagrun for example_trigger_controller_dag to 2021-01-01 00:00:00+00:00, run_after=2021-01-01 00:00:00+00:00
[2025-10-10T08:46:45.143+0000] {processor.py:208} INFO - Processing /home/airflow/.local/lib/python3.12/site-packages/airflow/example_dags/example_trigger_controller_dag.py took 0.194 seconds
[2025-10-10T08:47:16.267+0000] {processor.py:186} INFO - Started process (PID=1229) to work on /home/airflow/.local/lib/python3.12/site-packages/airflow/example_dags/example_trigger_controller_dag.py
[2025-10-10T08:47:16.269+0000] {processor.py:914} INFO - Processing file /home/airflow/.local/lib/python3.12/site-packages/airflow/example_dags/example_trigger_controller_dag.py for tasks to queue
[2025-10-10T08:47:16.275+0000] {logging_mixin.py:190} INFO - [2025-10-10T08:47:16.275+0000] {dagbag.py:587} INFO - Filling up the DagBag from /home/airflow/.local/lib/python3.12/site-packages/airflow/example_dags/example_trigger_controller_dag.py
[2025-10-10T08:47:16.291+0000] {processor.py:925} INFO - DAG(s) 'example_trigger_controller_dag' retrieved from /home/airflow/.local/lib/python3.12/site-packages/airflow/example_dags/example_trigger_controller_dag.py
[2025-10-10T08:47:16.380+0000] {logging_mixin.py:190} INFO - [2025-10-10T08:47:16.379+0000] {dag.py:3211} INFO - Sync 1 DAGs
[2025-10-10T08:47:16.583+0000] {logging_mixin.py:190} INFO - [2025-10-10T08:47:16.582+0000] {dag.py:4138} INFO - Setting next_dagrun for example_trigger_controller_dag to 2021-01-01 00:00:00+00:00, run_after=2021-01-01 00:00:00+00:00
[2025-10-10T08:47:16.668+0000] {processor.py:208} INFO - Processing /home/airflow/.local/lib/python3.12/site-packages/airflow/example_dags/example_trigger_controller_dag.py took 0.419 seconds
[2025-10-10T08:47:47.543+0000] {processor.py:186} INFO - Started process (PID=1292) to work on /home/airflow/.local/lib/python3.12/site-packages/airflow/example_dags/example_trigger_controller_dag.py
[2025-10-10T08:47:47.546+0000] {processor.py:914} INFO - Processing file /home/airflow/.local/lib/python3.12/site-packages/airflow/example_dags/example_trigger_controller_dag.py for tasks to queue
[2025-10-10T08:47:47.552+0000] {logging_mixin.py:190} INFO - [2025-10-10T08:47:47.551+0000] {dagbag.py:587} INFO - Filling up the DagBag from /home/airflow/.local/lib/python3.12/site-packages/airflow/example_dags/example_trigger_controller_dag.py
[2025-10-10T08:47:47.570+0000] {processor.py:925} INFO - DAG(s) 'example_trigger_controller_dag' retrieved from /home/airflow/.local/lib/python3.12/site-packages/airflow/example_dags/example_trigger_controller_dag.py
[2025-10-10T08:47:47.621+0000] {logging_mixin.py:190} INFO - [2025-10-10T08:47:47.621+0000] {dag.py:3211} INFO - Sync 1 DAGs
[2025-10-10T08:47:47.690+0000] {logging_mixin.py:190} INFO - [2025-10-10T08:47:47.689+0000] {dag.py:4138} INFO - Setting next_dagrun for example_trigger_controller_dag to 2021-01-01 00:00:00+00:00, run_after=2021-01-01 00:00:00+00:00
[2025-10-10T08:47:47.759+0000] {processor.py:208} INFO - Processing /home/airflow/.local/lib/python3.12/site-packages/airflow/example_dags/example_trigger_controller_dag.py took 0.231 seconds
[2025-10-10T08:48:18.426+0000] {processor.py:186} INFO - Started process (PID=1355) to work on /home/airflow/.local/lib/python3.12/site-packages/airflow/example_dags/example_trigger_controller_dag.py
[2025-10-10T08:48:18.429+0000] {processor.py:914} INFO - Processing file /home/airflow/.local/lib/python3.12/site-packages/airflow/example_dags/example_trigger_controller_dag.py for tasks to queue
[2025-10-10T08:48:18.437+0000] {logging_mixin.py:190} INFO - [2025-10-10T08:48:18.436+0000] {dagbag.py:587} INFO - Filling up the DagBag from /home/airflow/.local/lib/python3.12/site-packages/airflow/example_dags/example_trigger_controller_dag.py
[2025-10-10T08:48:18.458+0000] {processor.py:925} INFO - DAG(s) 'example_trigger_controller_dag' retrieved from /home/airflow/.local/lib/python3.12/site-packages/airflow/example_dags/example_trigger_controller_dag.py
[2025-10-10T08:48:18.514+0000] {logging_mixin.py:190} INFO - [2025-10-10T08:48:18.513+0000] {dag.py:3211} INFO - Sync 1 DAGs
[2025-10-10T08:48:18.613+0000] {logging_mixin.py:190} INFO - [2025-10-10T08:48:18.612+0000] {dag.py:4138} INFO - Setting next_dagrun for example_trigger_controller_dag to 2021-01-01 00:00:00+00:00, run_after=2021-01-01 00:00:00+00:00
[2025-10-10T08:48:18.704+0000] {processor.py:208} INFO - Processing /home/airflow/.local/lib/python3.12/site-packages/airflow/example_dags/example_trigger_controller_dag.py took 0.291 seconds
[2025-10-10T08:48:49.673+0000] {processor.py:186} INFO - Started process (PID=1418) to work on /home/airflow/.local/lib/python3.12/site-packages/airflow/example_dags/example_trigger_controller_dag.py
[2025-10-10T08:48:49.676+0000] {processor.py:914} INFO - Processing file /home/airflow/.local/lib/python3.12/site-packages/airflow/example_dags/example_trigger_controller_dag.py for tasks to queue
[2025-10-10T08:48:49.683+0000] {logging_mixin.py:190} INFO - [2025-10-10T08:48:49.682+0000] {dagbag.py:587} INFO - Filling up the DagBag from /home/airflow/.local/lib/python3.12/site-packages/airflow/example_dags/example_trigger_controller_dag.py
[2025-10-10T08:48:49.707+0000] {processor.py:925} INFO - DAG(s) 'example_trigger_controller_dag' retrieved from /home/airflow/.local/lib/python3.12/site-packages/airflow/example_dags/example_trigger_controller_dag.py
[2025-10-10T08:48:49.772+0000] {logging_mixin.py:190} INFO - [2025-10-10T08:48:49.772+0000] {dag.py:3211} INFO - Sync 1 DAGs
[2025-10-10T08:48:49.840+0000] {logging_mixin.py:190} INFO - [2025-10-10T08:48:49.839+0000] {dag.py:4138} INFO - Setting next_dagrun for example_trigger_controller_dag to 2021-01-01 00:00:00+00:00, run_after=2021-01-01 00:00:00+00:00
[2025-10-10T08:48:49.893+0000] {processor.py:208} INFO - Processing /home/airflow/.local/lib/python3.12/site-packages/airflow/example_dags/example_trigger_controller_dag.py took 0.242 seconds
[2025-10-10T08:49:22.068+0000] {processor.py:186} INFO - Started process (PID=1481) to work on /home/airflow/.local/lib/python3.12/site-packages/airflow/example_dags/example_trigger_controller_dag.py
[2025-10-10T08:49:22.071+0000] {processor.py:914} INFO - Processing file /home/airflow/.local/lib/python3.12/site-packages/airflow/example_dags/example_trigger_controller_dag.py for tasks to queue
[2025-10-10T08:49:22.078+0000] {logging_mixin.py:190} INFO - [2025-10-10T08:49:22.077+0000] {dagbag.py:587} INFO - Filling up the DagBag from /home/airflow/.local/lib/python3.12/site-packages/airflow/example_dags/example_trigger_controller_dag.py
[2025-10-10T08:49:22.101+0000] {processor.py:925} INFO - DAG(s) 'example_trigger_controller_dag' retrieved from /home/airflow/.local/lib/python3.12/site-packages/airflow/example_dags/example_trigger_controller_dag.py
[2025-10-10T08:49:22.168+0000] {logging_mixin.py:190} INFO - [2025-10-10T08:49:22.168+0000] {dag.py:3211} INFO - Sync 1 DAGs
[2025-10-10T08:49:22.251+0000] {logging_mixin.py:190} INFO - [2025-10-10T08:49:22.251+0000] {dag.py:4138} INFO - Setting next_dagrun for example_trigger_controller_dag to 2021-01-01 00:00:00+00:00, run_after=2021-01-01 00:00:00+00:00
[2025-10-10T08:49:22.350+0000] {processor.py:208} INFO - Processing /home/airflow/.local/lib/python3.12/site-packages/airflow/example_dags/example_trigger_controller_dag.py took 0.302 seconds
[2025-10-10T08:53:54.709+0000] {processor.py:186} INFO - Started process (PID=93) to work on /home/airflow/.local/lib/python3.12/site-packages/airflow/example_dags/example_trigger_controller_dag.py
[2025-10-10T08:53:54.712+0000] {processor.py:914} INFO - Processing file /home/airflow/.local/lib/python3.12/site-packages/airflow/example_dags/example_trigger_controller_dag.py for tasks to queue
[2025-10-10T08:53:54.719+0000] {logging_mixin.py:190} INFO - [2025-10-10T08:53:54.718+0000] {dagbag.py:587} INFO - Filling up the DagBag from /home/airflow/.local/lib/python3.12/site-packages/airflow/example_dags/example_trigger_controller_dag.py
[2025-10-10T08:53:54.734+0000] {processor.py:925} INFO - DAG(s) 'example_trigger_controller_dag' retrieved from /home/airflow/.local/lib/python3.12/site-packages/airflow/example_dags/example_trigger_controller_dag.py
[2025-10-10T08:53:54.775+0000] {logging_mixin.py:190} INFO - [2025-10-10T08:53:54.775+0000] {dag.py:3211} INFO - Sync 1 DAGs
[2025-10-10T08:53:54.824+0000] {logging_mixin.py:190} INFO - [2025-10-10T08:53:54.823+0000] {dag.py:4138} INFO - Setting next_dagrun for example_trigger_controller_dag to 2021-01-01 00:00:00+00:00, run_after=2021-01-01 00:00:00+00:00
[2025-10-10T08:53:54.865+0000] {processor.py:208} INFO - Processing /home/airflow/.local/lib/python3.12/site-packages/airflow/example_dags/example_trigger_controller_dag.py took 0.173 seconds
[2025-10-10T08:54:25.395+0000] {processor.py:186} INFO - Started process (PID=156) to work on /home/airflow/.local/lib/python3.12/site-packages/airflow/example_dags/example_trigger_controller_dag.py
[2025-10-10T08:54:25.403+0000] {processor.py:914} INFO - Processing file /home/airflow/.local/lib/python3.12/site-packages/airflow/example_dags/example_trigger_controller_dag.py for tasks to queue
[2025-10-10T08:54:25.412+0000] {logging_mixin.py:190} INFO - [2025-10-10T08:54:25.410+0000] {dagbag.py:587} INFO - Filling up the DagBag from /home/airflow/.local/lib/python3.12/site-packages/airflow/example_dags/example_trigger_controller_dag.py
[2025-10-10T08:54:25.433+0000] {processor.py:925} INFO - DAG(s) 'example_trigger_controller_dag' retrieved from /home/airflow/.local/lib/python3.12/site-packages/airflow/example_dags/example_trigger_controller_dag.py
[2025-10-10T08:54:25.492+0000] {logging_mixin.py:190} INFO - [2025-10-10T08:54:25.492+0000] {dag.py:3211} INFO - Sync 1 DAGs
[2025-10-10T08:54:25.549+0000] {logging_mixin.py:190} INFO - [2025-10-10T08:54:25.548+0000] {dag.py:4138} INFO - Setting next_dagrun for example_trigger_controller_dag to 2021-01-01 00:00:00+00:00, run_after=2021-01-01 00:00:00+00:00
[2025-10-10T08:54:25.604+0000] {processor.py:208} INFO - Processing /home/airflow/.local/lib/python3.12/site-packages/airflow/example_dags/example_trigger_controller_dag.py took 0.230 seconds
[2025-10-10T08:54:56.582+0000] {processor.py:186} INFO - Started process (PID=220) to work on /home/airflow/.local/lib/python3.12/site-packages/airflow/example_dags/example_trigger_controller_dag.py
[2025-10-10T08:54:56.585+0000] {processor.py:914} INFO - Processing file /home/airflow/.local/lib/python3.12/site-packages/airflow/example_dags/example_trigger_controller_dag.py for tasks to queue
[2025-10-10T08:54:56.592+0000] {logging_mixin.py:190} INFO - [2025-10-10T08:54:56.591+0000] {dagbag.py:587} INFO - Filling up the DagBag from /home/airflow/.local/lib/python3.12/site-packages/airflow/example_dags/example_trigger_controller_dag.py
[2025-10-10T08:54:56.610+0000] {processor.py:925} INFO - DAG(s) 'example_trigger_controller_dag' retrieved from /home/airflow/.local/lib/python3.12/site-packages/airflow/example_dags/example_trigger_controller_dag.py
[2025-10-10T08:54:56.659+0000] {logging_mixin.py:190} INFO - [2025-10-10T08:54:56.658+0000] {dag.py:3211} INFO - Sync 1 DAGs
[2025-10-10T08:54:56.712+0000] {logging_mixin.py:190} INFO - [2025-10-10T08:54:56.711+0000] {dag.py:4138} INFO - Setting next_dagrun for example_trigger_controller_dag to 2021-01-01 00:00:00+00:00, run_after=2021-01-01 00:00:00+00:00
[2025-10-10T08:54:56.760+0000] {processor.py:208} INFO - Processing /home/airflow/.local/lib/python3.12/site-packages/airflow/example_dags/example_trigger_controller_dag.py took 0.195 seconds
[2025-10-10T08:58:03.664+0000] {processor.py:186} INFO - Started process (PID=94) to work on /home/airflow/.local/lib/python3.12/site-packages/airflow/example_dags/example_trigger_controller_dag.py
[2025-10-10T08:58:03.667+0000] {processor.py:914} INFO - Processing file /home/airflow/.local/lib/python3.12/site-packages/airflow/example_dags/example_trigger_controller_dag.py for tasks to queue
[2025-10-10T08:58:03.674+0000] {logging_mixin.py:190} INFO - [2025-10-10T08:58:03.673+0000] {dagbag.py:587} INFO - Filling up the DagBag from /home/airflow/.local/lib/python3.12/site-packages/airflow/example_dags/example_trigger_controller_dag.py
[2025-10-10T08:58:03.695+0000] {processor.py:925} INFO - DAG(s) 'example_trigger_controller_dag' retrieved from /home/airflow/.local/lib/python3.12/site-packages/airflow/example_dags/example_trigger_controller_dag.py
[2025-10-10T08:58:03.760+0000] {logging_mixin.py:190} INFO - [2025-10-10T08:58:03.759+0000] {dag.py:3211} INFO - Sync 1 DAGs
[2025-10-10T08:58:03.825+0000] {logging_mixin.py:190} INFO - [2025-10-10T08:58:03.825+0000] {dag.py:4138} INFO - Setting next_dagrun for example_trigger_controller_dag to 2021-01-01 00:00:00+00:00, run_after=2021-01-01 00:00:00+00:00
[2025-10-10T08:58:03.874+0000] {processor.py:208} INFO - Processing /home/airflow/.local/lib/python3.12/site-packages/airflow/example_dags/example_trigger_controller_dag.py took 0.239 seconds
[2025-10-10T08:58:34.556+0000] {processor.py:186} INFO - Started process (PID=157) to work on /home/airflow/.local/lib/python3.12/site-packages/airflow/example_dags/example_trigger_controller_dag.py
[2025-10-10T08:58:34.560+0000] {processor.py:914} INFO - Processing file /home/airflow/.local/lib/python3.12/site-packages/airflow/example_dags/example_trigger_controller_dag.py for tasks to queue
[2025-10-10T08:58:34.571+0000] {logging_mixin.py:190} INFO - [2025-10-10T08:58:34.570+0000] {dagbag.py:587} INFO - Filling up the DagBag from /home/airflow/.local/lib/python3.12/site-packages/airflow/example_dags/example_trigger_controller_dag.py
[2025-10-10T08:58:34.600+0000] {processor.py:925} INFO - DAG(s) 'example_trigger_controller_dag' retrieved from /home/airflow/.local/lib/python3.12/site-packages/airflow/example_dags/example_trigger_controller_dag.py
[2025-10-10T08:58:34.656+0000] {logging_mixin.py:190} INFO - [2025-10-10T08:58:34.655+0000] {dag.py:3211} INFO - Sync 1 DAGs
[2025-10-10T08:58:34.738+0000] {logging_mixin.py:190} INFO - [2025-10-10T08:58:34.737+0000] {dag.py:4138} INFO - Setting next_dagrun for example_trigger_controller_dag to 2021-01-01 00:00:00+00:00, run_after=2021-01-01 00:00:00+00:00
[2025-10-10T08:58:35.112+0000] {processor.py:208} INFO - Processing /home/airflow/.local/lib/python3.12/site-packages/airflow/example_dags/example_trigger_controller_dag.py took 0.644 seconds
[2025-10-10T09:01:30.184+0000] {processor.py:186} INFO - Started process (PID=93) to work on /home/airflow/.local/lib/python3.12/site-packages/airflow/example_dags/example_trigger_controller_dag.py
[2025-10-10T09:01:30.189+0000] {processor.py:914} INFO - Processing file /home/airflow/.local/lib/python3.12/site-packages/airflow/example_dags/example_trigger_controller_dag.py for tasks to queue
[2025-10-10T09:01:30.198+0000] {logging_mixin.py:190} INFO - [2025-10-10T09:01:30.197+0000] {dagbag.py:587} INFO - Filling up the DagBag from /home/airflow/.local/lib/python3.12/site-packages/airflow/example_dags/example_trigger_controller_dag.py
[2025-10-10T09:01:30.216+0000] {processor.py:925} INFO - DAG(s) 'example_trigger_controller_dag' retrieved from /home/airflow/.local/lib/python3.12/site-packages/airflow/example_dags/example_trigger_controller_dag.py
[2025-10-10T09:01:30.265+0000] {logging_mixin.py:190} INFO - [2025-10-10T09:01:30.264+0000] {dag.py:3211} INFO - Sync 1 DAGs
[2025-10-10T09:01:30.325+0000] {logging_mixin.py:190} INFO - [2025-10-10T09:01:30.325+0000] {dag.py:4138} INFO - Setting next_dagrun for example_trigger_controller_dag to 2021-01-01 00:00:00+00:00, run_after=2021-01-01 00:00:00+00:00
[2025-10-10T09:01:30.367+0000] {processor.py:208} INFO - Processing /home/airflow/.local/lib/python3.12/site-packages/airflow/example_dags/example_trigger_controller_dag.py took 0.198 seconds
[2025-10-10T09:02:01.130+0000] {processor.py:186} INFO - Started process (PID=156) to work on /home/airflow/.local/lib/python3.12/site-packages/airflow/example_dags/example_trigger_controller_dag.py
[2025-10-10T09:02:01.132+0000] {processor.py:914} INFO - Processing file /home/airflow/.local/lib/python3.12/site-packages/airflow/example_dags/example_trigger_controller_dag.py for tasks to queue
[2025-10-10T09:02:01.138+0000] {logging_mixin.py:190} INFO - [2025-10-10T09:02:01.138+0000] {dagbag.py:587} INFO - Filling up the DagBag from /home/airflow/.local/lib/python3.12/site-packages/airflow/example_dags/example_trigger_controller_dag.py
[2025-10-10T09:02:01.154+0000] {processor.py:925} INFO - DAG(s) 'example_trigger_controller_dag' retrieved from /home/airflow/.local/lib/python3.12/site-packages/airflow/example_dags/example_trigger_controller_dag.py
[2025-10-10T09:02:01.220+0000] {logging_mixin.py:190} INFO - [2025-10-10T09:02:01.220+0000] {dag.py:3211} INFO - Sync 1 DAGs
[2025-10-10T09:02:01.305+0000] {logging_mixin.py:190} INFO - [2025-10-10T09:02:01.305+0000] {dag.py:4138} INFO - Setting next_dagrun for example_trigger_controller_dag to 2021-01-01 00:00:00+00:00, run_after=2021-01-01 00:00:00+00:00
[2025-10-10T09:02:01.359+0000] {processor.py:208} INFO - Processing /home/airflow/.local/lib/python3.12/site-packages/airflow/example_dags/example_trigger_controller_dag.py took 0.243 seconds
[2025-10-10T09:02:32.764+0000] {processor.py:186} INFO - Started process (PID=219) to work on /home/airflow/.local/lib/python3.12/site-packages/airflow/example_dags/example_trigger_controller_dag.py
[2025-10-10T09:02:32.771+0000] {processor.py:914} INFO - Processing file /home/airflow/.local/lib/python3.12/site-packages/airflow/example_dags/example_trigger_controller_dag.py for tasks to queue
[2025-10-10T09:02:32.785+0000] {logging_mixin.py:190} INFO - [2025-10-10T09:02:32.783+0000] {dagbag.py:587} INFO - Filling up the DagBag from /home/airflow/.local/lib/python3.12/site-packages/airflow/example_dags/example_trigger_controller_dag.py
[2025-10-10T09:02:32.822+0000] {processor.py:925} INFO - DAG(s) 'example_trigger_controller_dag' retrieved from /home/airflow/.local/lib/python3.12/site-packages/airflow/example_dags/example_trigger_controller_dag.py
[2025-10-10T09:02:32.931+0000] {logging_mixin.py:190} INFO - [2025-10-10T09:02:32.930+0000] {dag.py:3211} INFO - Sync 1 DAGs
[2025-10-10T09:02:33.065+0000] {logging_mixin.py:190} INFO - [2025-10-10T09:02:33.064+0000] {dag.py:4138} INFO - Setting next_dagrun for example_trigger_controller_dag to 2021-01-01 00:00:00+00:00, run_after=2021-01-01 00:00:00+00:00
[2025-10-10T09:02:33.169+0000] {processor.py:208} INFO - Processing /home/airflow/.local/lib/python3.12/site-packages/airflow/example_dags/example_trigger_controller_dag.py took 0.441 seconds
[2025-10-10T09:03:03.980+0000] {processor.py:186} INFO - Started process (PID=283) to work on /home/airflow/.local/lib/python3.12/site-packages/airflow/example_dags/example_trigger_controller_dag.py
[2025-10-10T09:03:03.983+0000] {processor.py:914} INFO - Processing file /home/airflow/.local/lib/python3.12/site-packages/airflow/example_dags/example_trigger_controller_dag.py for tasks to queue
[2025-10-10T09:03:03.993+0000] {logging_mixin.py:190} INFO - [2025-10-10T09:03:03.992+0000] {dagbag.py:587} INFO - Filling up the DagBag from /home/airflow/.local/lib/python3.12/site-packages/airflow/example_dags/example_trigger_controller_dag.py
[2025-10-10T09:03:04.016+0000] {processor.py:925} INFO - DAG(s) 'example_trigger_controller_dag' retrieved from /home/airflow/.local/lib/python3.12/site-packages/airflow/example_dags/example_trigger_controller_dag.py
[2025-10-10T09:03:04.090+0000] {logging_mixin.py:190} INFO - [2025-10-10T09:03:04.089+0000] {dag.py:3211} INFO - Sync 1 DAGs
[2025-10-10T09:03:04.194+0000] {logging_mixin.py:190} INFO - [2025-10-10T09:03:04.193+0000] {dag.py:4138} INFO - Setting next_dagrun for example_trigger_controller_dag to 2021-01-01 00:00:00+00:00, run_after=2021-01-01 00:00:00+00:00
[2025-10-10T09:03:04.260+0000] {processor.py:208} INFO - Processing /home/airflow/.local/lib/python3.12/site-packages/airflow/example_dags/example_trigger_controller_dag.py took 0.295 seconds
[2025-10-10T09:03:35.182+0000] {processor.py:186} INFO - Started process (PID=346) to work on /home/airflow/.local/lib/python3.12/site-packages/airflow/example_dags/example_trigger_controller_dag.py
[2025-10-10T09:03:35.186+0000] {processor.py:914} INFO - Processing file /home/airflow/.local/lib/python3.12/site-packages/airflow/example_dags/example_trigger_controller_dag.py for tasks to queue
[2025-10-10T09:03:35.194+0000] {logging_mixin.py:190} INFO - [2025-10-10T09:03:35.193+0000] {dagbag.py:587} INFO - Filling up the DagBag from /home/airflow/.local/lib/python3.12/site-packages/airflow/example_dags/example_trigger_controller_dag.py
[2025-10-10T09:03:35.219+0000] {processor.py:925} INFO - DAG(s) 'example_trigger_controller_dag' retrieved from /home/airflow/.local/lib/python3.12/site-packages/airflow/example_dags/example_trigger_controller_dag.py
[2025-10-10T09:03:35.311+0000] {logging_mixin.py:190} INFO - [2025-10-10T09:03:35.310+0000] {dag.py:3211} INFO - Sync 1 DAGs
[2025-10-10T09:03:35.411+0000] {logging_mixin.py:190} INFO - [2025-10-10T09:03:35.410+0000] {dag.py:4138} INFO - Setting next_dagrun for example_trigger_controller_dag to 2021-01-01 00:00:00+00:00, run_after=2021-01-01 00:00:00+00:00
[2025-10-10T09:03:35.482+0000] {processor.py:208} INFO - Processing /home/airflow/.local/lib/python3.12/site-packages/airflow/example_dags/example_trigger_controller_dag.py took 0.322 seconds
[2025-10-10T09:04:07.232+0000] {processor.py:186} INFO - Started process (PID=409) to work on /home/airflow/.local/lib/python3.12/site-packages/airflow/example_dags/example_trigger_controller_dag.py
[2025-10-10T09:04:07.234+0000] {processor.py:914} INFO - Processing file /home/airflow/.local/lib/python3.12/site-packages/airflow/example_dags/example_trigger_controller_dag.py for tasks to queue
[2025-10-10T09:04:07.240+0000] {logging_mixin.py:190} INFO - [2025-10-10T09:04:07.239+0000] {dagbag.py:587} INFO - Filling up the DagBag from /home/airflow/.local/lib/python3.12/site-packages/airflow/example_dags/example_trigger_controller_dag.py
[2025-10-10T09:04:07.256+0000] {processor.py:925} INFO - DAG(s) 'example_trigger_controller_dag' retrieved from /home/airflow/.local/lib/python3.12/site-packages/airflow/example_dags/example_trigger_controller_dag.py
[2025-10-10T09:04:07.305+0000] {logging_mixin.py:190} INFO - [2025-10-10T09:04:07.305+0000] {dag.py:3211} INFO - Sync 1 DAGs
[2025-10-10T09:04:07.358+0000] {logging_mixin.py:190} INFO - [2025-10-10T09:04:07.357+0000] {dag.py:4138} INFO - Setting next_dagrun for example_trigger_controller_dag to 2021-01-01 00:00:00+00:00, run_after=2021-01-01 00:00:00+00:00
[2025-10-10T09:04:07.416+0000] {processor.py:208} INFO - Processing /home/airflow/.local/lib/python3.12/site-packages/airflow/example_dags/example_trigger_controller_dag.py took 0.198 seconds
[2025-10-10T09:04:38.141+0000] {processor.py:186} INFO - Started process (PID=472) to work on /home/airflow/.local/lib/python3.12/site-packages/airflow/example_dags/example_trigger_controller_dag.py
[2025-10-10T09:04:38.144+0000] {processor.py:914} INFO - Processing file /home/airflow/.local/lib/python3.12/site-packages/airflow/example_dags/example_trigger_controller_dag.py for tasks to queue
[2025-10-10T09:04:38.151+0000] {logging_mixin.py:190} INFO - [2025-10-10T09:04:38.150+0000] {dagbag.py:587} INFO - Filling up the DagBag from /home/airflow/.local/lib/python3.12/site-packages/airflow/example_dags/example_trigger_controller_dag.py
[2025-10-10T09:04:38.173+0000] {processor.py:925} INFO - DAG(s) 'example_trigger_controller_dag' retrieved from /home/airflow/.local/lib/python3.12/site-packages/airflow/example_dags/example_trigger_controller_dag.py
[2025-10-10T09:04:38.234+0000] {logging_mixin.py:190} INFO - [2025-10-10T09:04:38.234+0000] {dag.py:3211} INFO - Sync 1 DAGs
[2025-10-10T09:04:38.297+0000] {logging_mixin.py:190} INFO - [2025-10-10T09:04:38.296+0000] {dag.py:4138} INFO - Setting next_dagrun for example_trigger_controller_dag to 2021-01-01 00:00:00+00:00, run_after=2021-01-01 00:00:00+00:00
[2025-10-10T09:04:38.353+0000] {processor.py:208} INFO - Processing /home/airflow/.local/lib/python3.12/site-packages/airflow/example_dags/example_trigger_controller_dag.py took 0.229 seconds
[2025-10-10T09:05:08.968+0000] {processor.py:186} INFO - Started process (PID=535) to work on /home/airflow/.local/lib/python3.12/site-packages/airflow/example_dags/example_trigger_controller_dag.py
[2025-10-10T09:05:08.979+0000] {processor.py:914} INFO - Processing file /home/airflow/.local/lib/python3.12/site-packages/airflow/example_dags/example_trigger_controller_dag.py for tasks to queue
[2025-10-10T09:05:08.997+0000] {logging_mixin.py:190} INFO - [2025-10-10T09:05:08.996+0000] {dagbag.py:587} INFO - Filling up the DagBag from /home/airflow/.local/lib/python3.12/site-packages/airflow/example_dags/example_trigger_controller_dag.py
[2025-10-10T09:05:09.056+0000] {processor.py:925} INFO - DAG(s) 'example_trigger_controller_dag' retrieved from /home/airflow/.local/lib/python3.12/site-packages/airflow/example_dags/example_trigger_controller_dag.py
[2025-10-10T09:05:09.173+0000] {logging_mixin.py:190} INFO - [2025-10-10T09:05:09.173+0000] {dag.py:3211} INFO - Sync 1 DAGs
[2025-10-10T09:05:09.263+0000] {logging_mixin.py:190} INFO - [2025-10-10T09:05:09.263+0000] {dag.py:4138} INFO - Setting next_dagrun for example_trigger_controller_dag to 2021-01-01 00:00:00+00:00, run_after=2021-01-01 00:00:00+00:00
[2025-10-10T09:05:09.304+0000] {processor.py:208} INFO - Processing /home/airflow/.local/lib/python3.12/site-packages/airflow/example_dags/example_trigger_controller_dag.py took 0.382 seconds
[2025-10-10T09:05:40.052+0000] {processor.py:186} INFO - Started process (PID=598) to work on /home/airflow/.local/lib/python3.12/site-packages/airflow/example_dags/example_trigger_controller_dag.py
[2025-10-10T09:05:40.055+0000] {processor.py:914} INFO - Processing file /home/airflow/.local/lib/python3.12/site-packages/airflow/example_dags/example_trigger_controller_dag.py for tasks to queue
[2025-10-10T09:05:40.065+0000] {logging_mixin.py:190} INFO - [2025-10-10T09:05:40.063+0000] {dagbag.py:587} INFO - Filling up the DagBag from /home/airflow/.local/lib/python3.12/site-packages/airflow/example_dags/example_trigger_controller_dag.py
[2025-10-10T09:05:40.104+0000] {processor.py:925} INFO - DAG(s) 'example_trigger_controller_dag' retrieved from /home/airflow/.local/lib/python3.12/site-packages/airflow/example_dags/example_trigger_controller_dag.py
[2025-10-10T09:05:40.173+0000] {logging_mixin.py:190} INFO - [2025-10-10T09:05:40.172+0000] {dag.py:3211} INFO - Sync 1 DAGs
[2025-10-10T09:05:40.255+0000] {logging_mixin.py:190} INFO - [2025-10-10T09:05:40.254+0000] {dag.py:4138} INFO - Setting next_dagrun for example_trigger_controller_dag to 2021-01-01 00:00:00+00:00, run_after=2021-01-01 00:00:00+00:00
[2025-10-10T09:05:40.329+0000] {processor.py:208} INFO - Processing /home/airflow/.local/lib/python3.12/site-packages/airflow/example_dags/example_trigger_controller_dag.py took 0.299 seconds
