[2025-10-10T08:37:56.372+0000] {processor.py:186} INFO - Started process (PID=96) to work on /home/airflow/.local/lib/python3.12/site-packages/airflow/example_dags/example_branch_operator.py
[2025-10-10T08:37:56.376+0000] {processor.py:914} INFO - Processing file /home/airflow/.local/lib/python3.12/site-packages/airflow/example_dags/example_branch_operator.py for tasks to queue
[2025-10-10T08:37:56.384+0000] {logging_mixin.py:190} INFO - [2025-10-10T08:37:56.382+0000] {dagbag.py:587} INFO - Filling up the DagBag from /home/airflow/.local/lib/python3.12/site-packages/airflow/example_dags/example_branch_operator.py
[2025-10-10T08:37:56.442+0000] {processor.py:925} INFO - DAG(s) 'example_branch_operator' retrieved from /home/airflow/.local/lib/python3.12/site-packages/airflow/example_dags/example_branch_operator.py
[2025-10-10T08:37:56.781+0000] {logging_mixin.py:190} INFO - [2025-10-10T08:37:56.780+0000] {dag.py:3211} INFO - Sync 1 DAGs
[2025-10-10T08:37:56.850+0000] {logging_mixin.py:190} INFO - [2025-10-10T08:37:56.849+0000] {dag.py:4138} INFO - Setting next_dagrun for example_branch_operator to 2025-10-09 00:00:00+00:00, run_after=2025-10-10 00:00:00+00:00
[2025-10-10T08:37:56.905+0000] {processor.py:208} INFO - Processing /home/airflow/.local/lib/python3.12/site-packages/airflow/example_dags/example_branch_operator.py took 0.548 seconds
[2025-10-10T08:38:27.459+0000] {processor.py:186} INFO - Started process (PID=159) to work on /home/airflow/.local/lib/python3.12/site-packages/airflow/example_dags/example_branch_operator.py
[2025-10-10T08:38:27.461+0000] {processor.py:914} INFO - Processing file /home/airflow/.local/lib/python3.12/site-packages/airflow/example_dags/example_branch_operator.py for tasks to queue
[2025-10-10T08:38:27.467+0000] {logging_mixin.py:190} INFO - [2025-10-10T08:38:27.467+0000] {dagbag.py:587} INFO - Filling up the DagBag from /home/airflow/.local/lib/python3.12/site-packages/airflow/example_dags/example_branch_operator.py
[2025-10-10T08:38:27.508+0000] {processor.py:925} INFO - DAG(s) 'example_branch_operator' retrieved from /home/airflow/.local/lib/python3.12/site-packages/airflow/example_dags/example_branch_operator.py
[2025-10-10T08:38:27.644+0000] {logging_mixin.py:190} INFO - [2025-10-10T08:38:27.643+0000] {dag.py:3211} INFO - Sync 1 DAGs
[2025-10-10T08:38:27.730+0000] {logging_mixin.py:190} INFO - [2025-10-10T08:38:27.729+0000] {dag.py:4138} INFO - Setting next_dagrun for example_branch_operator to 2025-10-09 00:00:00+00:00, run_after=2025-10-10 00:00:00+00:00
[2025-10-10T08:38:27.779+0000] {processor.py:208} INFO - Processing /home/airflow/.local/lib/python3.12/site-packages/airflow/example_dags/example_branch_operator.py took 0.336 seconds
[2025-10-10T08:38:58.607+0000] {processor.py:186} INFO - Started process (PID=222) to work on /home/airflow/.local/lib/python3.12/site-packages/airflow/example_dags/example_branch_operator.py
[2025-10-10T08:38:58.610+0000] {processor.py:914} INFO - Processing file /home/airflow/.local/lib/python3.12/site-packages/airflow/example_dags/example_branch_operator.py for tasks to queue
[2025-10-10T08:38:58.614+0000] {logging_mixin.py:190} INFO - [2025-10-10T08:38:58.614+0000] {dagbag.py:587} INFO - Filling up the DagBag from /home/airflow/.local/lib/python3.12/site-packages/airflow/example_dags/example_branch_operator.py
[2025-10-10T08:38:58.673+0000] {processor.py:925} INFO - DAG(s) 'example_branch_operator' retrieved from /home/airflow/.local/lib/python3.12/site-packages/airflow/example_dags/example_branch_operator.py
[2025-10-10T08:38:58.741+0000] {logging_mixin.py:190} INFO - [2025-10-10T08:38:58.740+0000] {dag.py:3211} INFO - Sync 1 DAGs
[2025-10-10T08:38:58.800+0000] {logging_mixin.py:190} INFO - [2025-10-10T08:38:58.799+0000] {dag.py:4138} INFO - Setting next_dagrun for example_branch_operator to 2025-10-09 00:00:00+00:00, run_after=2025-10-10 00:00:00+00:00
[2025-10-10T08:38:58.844+0000] {processor.py:208} INFO - Processing /home/airflow/.local/lib/python3.12/site-packages/airflow/example_dags/example_branch_operator.py took 0.249 seconds
[2025-10-10T08:39:29.327+0000] {processor.py:186} INFO - Started process (PID=285) to work on /home/airflow/.local/lib/python3.12/site-packages/airflow/example_dags/example_branch_operator.py
[2025-10-10T08:39:29.332+0000] {processor.py:914} INFO - Processing file /home/airflow/.local/lib/python3.12/site-packages/airflow/example_dags/example_branch_operator.py for tasks to queue
[2025-10-10T08:39:29.348+0000] {logging_mixin.py:190} INFO - [2025-10-10T08:39:29.347+0000] {dagbag.py:587} INFO - Filling up the DagBag from /home/airflow/.local/lib/python3.12/site-packages/airflow/example_dags/example_branch_operator.py
[2025-10-10T08:39:29.453+0000] {processor.py:925} INFO - DAG(s) 'example_branch_operator' retrieved from /home/airflow/.local/lib/python3.12/site-packages/airflow/example_dags/example_branch_operator.py
[2025-10-10T08:39:29.536+0000] {logging_mixin.py:190} INFO - [2025-10-10T08:39:29.536+0000] {dag.py:3211} INFO - Sync 1 DAGs
[2025-10-10T08:39:29.591+0000] {logging_mixin.py:190} INFO - [2025-10-10T08:39:29.590+0000] {dag.py:4138} INFO - Setting next_dagrun for example_branch_operator to 2025-10-09 00:00:00+00:00, run_after=2025-10-10 00:00:00+00:00
[2025-10-10T08:39:29.633+0000] {processor.py:208} INFO - Processing /home/airflow/.local/lib/python3.12/site-packages/airflow/example_dags/example_branch_operator.py took 0.343 seconds
[2025-10-10T08:40:01.400+0000] {processor.py:186} INFO - Started process (PID=348) to work on /home/airflow/.local/lib/python3.12/site-packages/airflow/example_dags/example_branch_operator.py
[2025-10-10T08:40:01.403+0000] {processor.py:914} INFO - Processing file /home/airflow/.local/lib/python3.12/site-packages/airflow/example_dags/example_branch_operator.py for tasks to queue
[2025-10-10T08:40:01.417+0000] {logging_mixin.py:190} INFO - [2025-10-10T08:40:01.415+0000] {dagbag.py:587} INFO - Filling up the DagBag from /home/airflow/.local/lib/python3.12/site-packages/airflow/example_dags/example_branch_operator.py
[2025-10-10T08:40:01.524+0000] {processor.py:925} INFO - DAG(s) 'example_branch_operator' retrieved from /home/airflow/.local/lib/python3.12/site-packages/airflow/example_dags/example_branch_operator.py
[2025-10-10T08:40:01.628+0000] {logging_mixin.py:190} INFO - [2025-10-10T08:40:01.627+0000] {dag.py:3211} INFO - Sync 1 DAGs
[2025-10-10T08:40:01.695+0000] {logging_mixin.py:190} INFO - [2025-10-10T08:40:01.695+0000] {dag.py:4138} INFO - Setting next_dagrun for example_branch_operator to 2025-10-09 00:00:00+00:00, run_after=2025-10-10 00:00:00+00:00
[2025-10-10T08:40:01.749+0000] {processor.py:208} INFO - Processing /home/airflow/.local/lib/python3.12/site-packages/airflow/example_dags/example_branch_operator.py took 0.383 seconds
[2025-10-10T08:40:32.904+0000] {processor.py:186} INFO - Started process (PID=411) to work on /home/airflow/.local/lib/python3.12/site-packages/airflow/example_dags/example_branch_operator.py
[2025-10-10T08:40:32.907+0000] {processor.py:914} INFO - Processing file /home/airflow/.local/lib/python3.12/site-packages/airflow/example_dags/example_branch_operator.py for tasks to queue
[2025-10-10T08:40:32.914+0000] {logging_mixin.py:190} INFO - [2025-10-10T08:40:32.913+0000] {dagbag.py:587} INFO - Filling up the DagBag from /home/airflow/.local/lib/python3.12/site-packages/airflow/example_dags/example_branch_operator.py
[2025-10-10T08:40:32.964+0000] {processor.py:925} INFO - DAG(s) 'example_branch_operator' retrieved from /home/airflow/.local/lib/python3.12/site-packages/airflow/example_dags/example_branch_operator.py
[2025-10-10T08:40:33.046+0000] {logging_mixin.py:190} INFO - [2025-10-10T08:40:33.046+0000] {dag.py:3211} INFO - Sync 1 DAGs
[2025-10-10T08:40:33.099+0000] {logging_mixin.py:190} INFO - [2025-10-10T08:40:33.099+0000] {dag.py:4138} INFO - Setting next_dagrun for example_branch_operator to 2025-10-09 00:00:00+00:00, run_after=2025-10-10 00:00:00+00:00
[2025-10-10T08:40:33.159+0000] {processor.py:208} INFO - Processing /home/airflow/.local/lib/python3.12/site-packages/airflow/example_dags/example_branch_operator.py took 0.269 seconds
[2025-10-10T08:41:04.476+0000] {processor.py:186} INFO - Started process (PID=474) to work on /home/airflow/.local/lib/python3.12/site-packages/airflow/example_dags/example_branch_operator.py
[2025-10-10T08:41:04.482+0000] {processor.py:914} INFO - Processing file /home/airflow/.local/lib/python3.12/site-packages/airflow/example_dags/example_branch_operator.py for tasks to queue
[2025-10-10T08:41:04.494+0000] {logging_mixin.py:190} INFO - [2025-10-10T08:41:04.493+0000] {dagbag.py:587} INFO - Filling up the DagBag from /home/airflow/.local/lib/python3.12/site-packages/airflow/example_dags/example_branch_operator.py
[2025-10-10T08:41:04.585+0000] {processor.py:925} INFO - DAG(s) 'example_branch_operator' retrieved from /home/airflow/.local/lib/python3.12/site-packages/airflow/example_dags/example_branch_operator.py
[2025-10-10T08:41:04.741+0000] {logging_mixin.py:190} INFO - [2025-10-10T08:41:04.740+0000] {dag.py:3211} INFO - Sync 1 DAGs
[2025-10-10T08:41:04.789+0000] {logging_mixin.py:190} INFO - [2025-10-10T08:41:04.789+0000] {dag.py:4138} INFO - Setting next_dagrun for example_branch_operator to 2025-10-09 00:00:00+00:00, run_after=2025-10-10 00:00:00+00:00
[2025-10-10T08:41:04.837+0000] {processor.py:208} INFO - Processing /home/airflow/.local/lib/python3.12/site-packages/airflow/example_dags/example_branch_operator.py took 0.392 seconds
[2025-10-10T08:41:35.426+0000] {processor.py:186} INFO - Started process (PID=537) to work on /home/airflow/.local/lib/python3.12/site-packages/airflow/example_dags/example_branch_operator.py
[2025-10-10T08:41:35.432+0000] {processor.py:914} INFO - Processing file /home/airflow/.local/lib/python3.12/site-packages/airflow/example_dags/example_branch_operator.py for tasks to queue
[2025-10-10T08:41:35.441+0000] {logging_mixin.py:190} INFO - [2025-10-10T08:41:35.440+0000] {dagbag.py:587} INFO - Filling up the DagBag from /home/airflow/.local/lib/python3.12/site-packages/airflow/example_dags/example_branch_operator.py
[2025-10-10T08:41:35.514+0000] {processor.py:925} INFO - DAG(s) 'example_branch_operator' retrieved from /home/airflow/.local/lib/python3.12/site-packages/airflow/example_dags/example_branch_operator.py
[2025-10-10T08:41:35.598+0000] {logging_mixin.py:190} INFO - [2025-10-10T08:41:35.598+0000] {dag.py:3211} INFO - Sync 1 DAGs
[2025-10-10T08:41:35.676+0000] {logging_mixin.py:190} INFO - [2025-10-10T08:41:35.675+0000] {dag.py:4138} INFO - Setting next_dagrun for example_branch_operator to 2025-10-09 00:00:00+00:00, run_after=2025-10-10 00:00:00+00:00
[2025-10-10T08:41:35.742+0000] {processor.py:208} INFO - Processing /home/airflow/.local/lib/python3.12/site-packages/airflow/example_dags/example_branch_operator.py took 0.345 seconds
[2025-10-10T08:42:06.229+0000] {processor.py:186} INFO - Started process (PID=600) to work on /home/airflow/.local/lib/python3.12/site-packages/airflow/example_dags/example_branch_operator.py
[2025-10-10T08:42:06.232+0000] {processor.py:914} INFO - Processing file /home/airflow/.local/lib/python3.12/site-packages/airflow/example_dags/example_branch_operator.py for tasks to queue
[2025-10-10T08:42:06.239+0000] {logging_mixin.py:190} INFO - [2025-10-10T08:42:06.238+0000] {dagbag.py:587} INFO - Filling up the DagBag from /home/airflow/.local/lib/python3.12/site-packages/airflow/example_dags/example_branch_operator.py
[2025-10-10T08:42:06.301+0000] {processor.py:925} INFO - DAG(s) 'example_branch_operator' retrieved from /home/airflow/.local/lib/python3.12/site-packages/airflow/example_dags/example_branch_operator.py
[2025-10-10T08:42:06.412+0000] {logging_mixin.py:190} INFO - [2025-10-10T08:42:06.412+0000] {dag.py:3211} INFO - Sync 1 DAGs
[2025-10-10T08:42:06.494+0000] {logging_mixin.py:190} INFO - [2025-10-10T08:42:06.494+0000] {dag.py:4138} INFO - Setting next_dagrun for example_branch_operator to 2025-10-09 00:00:00+00:00, run_after=2025-10-10 00:00:00+00:00
[2025-10-10T08:42:06.553+0000] {processor.py:208} INFO - Processing /home/airflow/.local/lib/python3.12/site-packages/airflow/example_dags/example_branch_operator.py took 0.340 seconds
[2025-10-10T08:42:36.908+0000] {processor.py:186} INFO - Started process (PID=663) to work on /home/airflow/.local/lib/python3.12/site-packages/airflow/example_dags/example_branch_operator.py
[2025-10-10T08:42:36.914+0000] {processor.py:914} INFO - Processing file /home/airflow/.local/lib/python3.12/site-packages/airflow/example_dags/example_branch_operator.py for tasks to queue
[2025-10-10T08:42:36.929+0000] {logging_mixin.py:190} INFO - [2025-10-10T08:42:36.927+0000] {dagbag.py:587} INFO - Filling up the DagBag from /home/airflow/.local/lib/python3.12/site-packages/airflow/example_dags/example_branch_operator.py
[2025-10-10T08:42:37.032+0000] {processor.py:925} INFO - DAG(s) 'example_branch_operator' retrieved from /home/airflow/.local/lib/python3.12/site-packages/airflow/example_dags/example_branch_operator.py
[2025-10-10T08:42:37.143+0000] {logging_mixin.py:190} INFO - [2025-10-10T08:42:37.142+0000] {dag.py:3211} INFO - Sync 1 DAGs
[2025-10-10T08:42:37.304+0000] {logging_mixin.py:190} INFO - [2025-10-10T08:42:37.302+0000] {dag.py:4138} INFO - Setting next_dagrun for example_branch_operator to 2025-10-09 00:00:00+00:00, run_after=2025-10-10 00:00:00+00:00
[2025-10-10T08:42:37.424+0000] {processor.py:208} INFO - Processing /home/airflow/.local/lib/python3.12/site-packages/airflow/example_dags/example_branch_operator.py took 0.551 seconds
[2025-10-10T08:43:07.677+0000] {processor.py:186} INFO - Started process (PID=725) to work on /home/airflow/.local/lib/python3.12/site-packages/airflow/example_dags/example_branch_operator.py
[2025-10-10T08:43:07.684+0000] {processor.py:914} INFO - Processing file /home/airflow/.local/lib/python3.12/site-packages/airflow/example_dags/example_branch_operator.py for tasks to queue
[2025-10-10T08:43:07.701+0000] {logging_mixin.py:190} INFO - [2025-10-10T08:43:07.699+0000] {dagbag.py:587} INFO - Filling up the DagBag from /home/airflow/.local/lib/python3.12/site-packages/airflow/example_dags/example_branch_operator.py
[2025-10-10T08:43:07.788+0000] {processor.py:925} INFO - DAG(s) 'example_branch_operator' retrieved from /home/airflow/.local/lib/python3.12/site-packages/airflow/example_dags/example_branch_operator.py
[2025-10-10T08:43:07.872+0000] {logging_mixin.py:190} INFO - [2025-10-10T08:43:07.871+0000] {dag.py:3211} INFO - Sync 1 DAGs
[2025-10-10T08:43:07.941+0000] {logging_mixin.py:190} INFO - [2025-10-10T08:43:07.940+0000] {dag.py:4138} INFO - Setting next_dagrun for example_branch_operator to 2025-10-09 00:00:00+00:00, run_after=2025-10-10 00:00:00+00:00
[2025-10-10T08:43:07.995+0000] {processor.py:208} INFO - Processing /home/airflow/.local/lib/python3.12/site-packages/airflow/example_dags/example_branch_operator.py took 0.360 seconds
[2025-10-10T08:43:38.424+0000] {processor.py:186} INFO - Started process (PID=788) to work on /home/airflow/.local/lib/python3.12/site-packages/airflow/example_dags/example_branch_operator.py
[2025-10-10T08:43:38.426+0000] {processor.py:914} INFO - Processing file /home/airflow/.local/lib/python3.12/site-packages/airflow/example_dags/example_branch_operator.py for tasks to queue
[2025-10-10T08:43:38.433+0000] {logging_mixin.py:190} INFO - [2025-10-10T08:43:38.432+0000] {dagbag.py:587} INFO - Filling up the DagBag from /home/airflow/.local/lib/python3.12/site-packages/airflow/example_dags/example_branch_operator.py
[2025-10-10T08:43:38.495+0000] {processor.py:925} INFO - DAG(s) 'example_branch_operator' retrieved from /home/airflow/.local/lib/python3.12/site-packages/airflow/example_dags/example_branch_operator.py
[2025-10-10T08:43:38.680+0000] {logging_mixin.py:190} INFO - [2025-10-10T08:43:38.679+0000] {dag.py:3211} INFO - Sync 1 DAGs
[2025-10-10T08:43:38.729+0000] {logging_mixin.py:190} INFO - [2025-10-10T08:43:38.728+0000] {dag.py:4138} INFO - Setting next_dagrun for example_branch_operator to 2025-10-09 00:00:00+00:00, run_after=2025-10-10 00:00:00+00:00
[2025-10-10T08:43:38.795+0000] {processor.py:208} INFO - Processing /home/airflow/.local/lib/python3.12/site-packages/airflow/example_dags/example_branch_operator.py took 0.385 seconds
[2025-10-10T08:44:08.947+0000] {processor.py:186} INFO - Started process (PID=851) to work on /home/airflow/.local/lib/python3.12/site-packages/airflow/example_dags/example_branch_operator.py
[2025-10-10T08:44:08.950+0000] {processor.py:914} INFO - Processing file /home/airflow/.local/lib/python3.12/site-packages/airflow/example_dags/example_branch_operator.py for tasks to queue
[2025-10-10T08:44:08.956+0000] {logging_mixin.py:190} INFO - [2025-10-10T08:44:08.955+0000] {dagbag.py:587} INFO - Filling up the DagBag from /home/airflow/.local/lib/python3.12/site-packages/airflow/example_dags/example_branch_operator.py
[2025-10-10T08:44:09.008+0000] {processor.py:925} INFO - DAG(s) 'example_branch_operator' retrieved from /home/airflow/.local/lib/python3.12/site-packages/airflow/example_dags/example_branch_operator.py
[2025-10-10T08:44:09.087+0000] {logging_mixin.py:190} INFO - [2025-10-10T08:44:09.087+0000] {dag.py:3211} INFO - Sync 1 DAGs
[2025-10-10T08:44:09.220+0000] {logging_mixin.py:190} INFO - [2025-10-10T08:44:09.219+0000] {dag.py:4138} INFO - Setting next_dagrun for example_branch_operator to 2025-10-09 00:00:00+00:00, run_after=2025-10-10 00:00:00+00:00
[2025-10-10T08:44:09.309+0000] {processor.py:208} INFO - Processing /home/airflow/.local/lib/python3.12/site-packages/airflow/example_dags/example_branch_operator.py took 0.376 seconds
[2025-10-10T08:44:39.865+0000] {processor.py:186} INFO - Started process (PID=913) to work on /home/airflow/.local/lib/python3.12/site-packages/airflow/example_dags/example_branch_operator.py
[2025-10-10T08:44:39.868+0000] {processor.py:914} INFO - Processing file /home/airflow/.local/lib/python3.12/site-packages/airflow/example_dags/example_branch_operator.py for tasks to queue
[2025-10-10T08:44:39.875+0000] {logging_mixin.py:190} INFO - [2025-10-10T08:44:39.874+0000] {dagbag.py:587} INFO - Filling up the DagBag from /home/airflow/.local/lib/python3.12/site-packages/airflow/example_dags/example_branch_operator.py
[2025-10-10T08:44:39.936+0000] {processor.py:925} INFO - DAG(s) 'example_branch_operator' retrieved from /home/airflow/.local/lib/python3.12/site-packages/airflow/example_dags/example_branch_operator.py
[2025-10-10T08:44:40.016+0000] {logging_mixin.py:190} INFO - [2025-10-10T08:44:40.015+0000] {dag.py:3211} INFO - Sync 1 DAGs
[2025-10-10T08:44:40.085+0000] {logging_mixin.py:190} INFO - [2025-10-10T08:44:40.084+0000] {dag.py:4138} INFO - Setting next_dagrun for example_branch_operator to 2025-10-09 00:00:00+00:00, run_after=2025-10-10 00:00:00+00:00
[2025-10-10T08:44:40.131+0000] {processor.py:208} INFO - Processing /home/airflow/.local/lib/python3.12/site-packages/airflow/example_dags/example_branch_operator.py took 0.286 seconds
[2025-10-10T08:45:12.403+0000] {processor.py:186} INFO - Started process (PID=982) to work on /home/airflow/.local/lib/python3.12/site-packages/airflow/example_dags/example_branch_operator.py
[2025-10-10T08:45:12.407+0000] {processor.py:914} INFO - Processing file /home/airflow/.local/lib/python3.12/site-packages/airflow/example_dags/example_branch_operator.py for tasks to queue
[2025-10-10T08:45:12.415+0000] {logging_mixin.py:190} INFO - [2025-10-10T08:45:12.414+0000] {dagbag.py:587} INFO - Filling up the DagBag from /home/airflow/.local/lib/python3.12/site-packages/airflow/example_dags/example_branch_operator.py
[2025-10-10T08:45:12.500+0000] {processor.py:925} INFO - DAG(s) 'example_branch_operator' retrieved from /home/airflow/.local/lib/python3.12/site-packages/airflow/example_dags/example_branch_operator.py
[2025-10-10T08:45:12.618+0000] {logging_mixin.py:190} INFO - [2025-10-10T08:45:12.618+0000] {dag.py:3211} INFO - Sync 1 DAGs
[2025-10-10T08:45:12.679+0000] {logging_mixin.py:190} INFO - [2025-10-10T08:45:12.679+0000] {dag.py:4138} INFO - Setting next_dagrun for example_branch_operator to 2025-10-09 00:00:00+00:00, run_after=2025-10-10 00:00:00+00:00
[2025-10-10T08:45:12.749+0000] {processor.py:208} INFO - Processing /home/airflow/.local/lib/python3.12/site-packages/airflow/example_dags/example_branch_operator.py took 0.365 seconds
[2025-10-10T08:45:43.392+0000] {processor.py:186} INFO - Started process (PID=1045) to work on /home/airflow/.local/lib/python3.12/site-packages/airflow/example_dags/example_branch_operator.py
[2025-10-10T08:45:43.396+0000] {processor.py:914} INFO - Processing file /home/airflow/.local/lib/python3.12/site-packages/airflow/example_dags/example_branch_operator.py for tasks to queue
[2025-10-10T08:45:43.407+0000] {logging_mixin.py:190} INFO - [2025-10-10T08:45:43.406+0000] {dagbag.py:587} INFO - Filling up the DagBag from /home/airflow/.local/lib/python3.12/site-packages/airflow/example_dags/example_branch_operator.py
[2025-10-10T08:45:43.489+0000] {processor.py:925} INFO - DAG(s) 'example_branch_operator' retrieved from /home/airflow/.local/lib/python3.12/site-packages/airflow/example_dags/example_branch_operator.py
[2025-10-10T08:45:43.589+0000] {logging_mixin.py:190} INFO - [2025-10-10T08:45:43.588+0000] {dag.py:3211} INFO - Sync 1 DAGs
[2025-10-10T08:45:43.677+0000] {logging_mixin.py:190} INFO - [2025-10-10T08:45:43.676+0000] {dag.py:4138} INFO - Setting next_dagrun for example_branch_operator to 2025-10-09 00:00:00+00:00, run_after=2025-10-10 00:00:00+00:00
[2025-10-10T08:45:43.758+0000] {processor.py:208} INFO - Processing /home/airflow/.local/lib/python3.12/site-packages/airflow/example_dags/example_branch_operator.py took 0.387 seconds
[2025-10-10T08:46:15.650+0000] {processor.py:186} INFO - Started process (PID=1108) to work on /home/airflow/.local/lib/python3.12/site-packages/airflow/example_dags/example_branch_operator.py
[2025-10-10T08:46:15.653+0000] {processor.py:914} INFO - Processing file /home/airflow/.local/lib/python3.12/site-packages/airflow/example_dags/example_branch_operator.py for tasks to queue
[2025-10-10T08:46:15.661+0000] {logging_mixin.py:190} INFO - [2025-10-10T08:46:15.659+0000] {dagbag.py:587} INFO - Filling up the DagBag from /home/airflow/.local/lib/python3.12/site-packages/airflow/example_dags/example_branch_operator.py
[2025-10-10T08:46:15.725+0000] {processor.py:925} INFO - DAG(s) 'example_branch_operator' retrieved from /home/airflow/.local/lib/python3.12/site-packages/airflow/example_dags/example_branch_operator.py
[2025-10-10T08:46:15.813+0000] {logging_mixin.py:190} INFO - [2025-10-10T08:46:15.813+0000] {dag.py:3211} INFO - Sync 1 DAGs
[2025-10-10T08:46:15.938+0000] {logging_mixin.py:190} INFO - [2025-10-10T08:46:15.937+0000] {dag.py:4138} INFO - Setting next_dagrun for example_branch_operator to 2025-10-09 00:00:00+00:00, run_after=2025-10-10 00:00:00+00:00
[2025-10-10T08:46:16.040+0000] {processor.py:208} INFO - Processing /home/airflow/.local/lib/python3.12/site-packages/airflow/example_dags/example_branch_operator.py took 0.409 seconds
[2025-10-10T08:46:46.194+0000] {processor.py:186} INFO - Started process (PID=1171) to work on /home/airflow/.local/lib/python3.12/site-packages/airflow/example_dags/example_branch_operator.py
[2025-10-10T08:46:46.198+0000] {processor.py:914} INFO - Processing file /home/airflow/.local/lib/python3.12/site-packages/airflow/example_dags/example_branch_operator.py for tasks to queue
[2025-10-10T08:46:46.207+0000] {logging_mixin.py:190} INFO - [2025-10-10T08:46:46.206+0000] {dagbag.py:587} INFO - Filling up the DagBag from /home/airflow/.local/lib/python3.12/site-packages/airflow/example_dags/example_branch_operator.py
[2025-10-10T08:46:46.258+0000] {processor.py:925} INFO - DAG(s) 'example_branch_operator' retrieved from /home/airflow/.local/lib/python3.12/site-packages/airflow/example_dags/example_branch_operator.py
[2025-10-10T08:46:46.345+0000] {logging_mixin.py:190} INFO - [2025-10-10T08:46:46.344+0000] {dag.py:3211} INFO - Sync 1 DAGs
[2025-10-10T08:46:46.403+0000] {logging_mixin.py:190} INFO - [2025-10-10T08:46:46.402+0000] {dag.py:4138} INFO - Setting next_dagrun for example_branch_operator to 2025-10-09 00:00:00+00:00, run_after=2025-10-10 00:00:00+00:00
[2025-10-10T08:46:46.442+0000] {processor.py:208} INFO - Processing /home/airflow/.local/lib/python3.12/site-packages/airflow/example_dags/example_branch_operator.py took 0.266 seconds
[2025-10-10T08:47:17.383+0000] {processor.py:186} INFO - Started process (PID=1234) to work on /home/airflow/.local/lib/python3.12/site-packages/airflow/example_dags/example_branch_operator.py
[2025-10-10T08:47:17.386+0000] {processor.py:914} INFO - Processing file /home/airflow/.local/lib/python3.12/site-packages/airflow/example_dags/example_branch_operator.py for tasks to queue
[2025-10-10T08:47:17.394+0000] {logging_mixin.py:190} INFO - [2025-10-10T08:47:17.393+0000] {dagbag.py:587} INFO - Filling up the DagBag from /home/airflow/.local/lib/python3.12/site-packages/airflow/example_dags/example_branch_operator.py
[2025-10-10T08:47:17.466+0000] {processor.py:925} INFO - DAG(s) 'example_branch_operator' retrieved from /home/airflow/.local/lib/python3.12/site-packages/airflow/example_dags/example_branch_operator.py
[2025-10-10T08:47:17.528+0000] {logging_mixin.py:190} INFO - [2025-10-10T08:47:17.527+0000] {dag.py:3211} INFO - Sync 1 DAGs
[2025-10-10T08:47:17.595+0000] {logging_mixin.py:190} INFO - [2025-10-10T08:47:17.595+0000] {dag.py:4138} INFO - Setting next_dagrun for example_branch_operator to 2025-10-09 00:00:00+00:00, run_after=2025-10-10 00:00:00+00:00
[2025-10-10T08:47:17.648+0000] {processor.py:208} INFO - Processing /home/airflow/.local/lib/python3.12/site-packages/airflow/example_dags/example_branch_operator.py took 0.284 seconds
[2025-10-10T08:47:48.410+0000] {processor.py:186} INFO - Started process (PID=1297) to work on /home/airflow/.local/lib/python3.12/site-packages/airflow/example_dags/example_branch_operator.py
[2025-10-10T08:47:48.414+0000] {processor.py:914} INFO - Processing file /home/airflow/.local/lib/python3.12/site-packages/airflow/example_dags/example_branch_operator.py for tasks to queue
[2025-10-10T08:47:48.426+0000] {logging_mixin.py:190} INFO - [2025-10-10T08:47:48.423+0000] {dagbag.py:587} INFO - Filling up the DagBag from /home/airflow/.local/lib/python3.12/site-packages/airflow/example_dags/example_branch_operator.py
[2025-10-10T08:47:48.493+0000] {processor.py:925} INFO - DAG(s) 'example_branch_operator' retrieved from /home/airflow/.local/lib/python3.12/site-packages/airflow/example_dags/example_branch_operator.py
[2025-10-10T08:47:48.569+0000] {logging_mixin.py:190} INFO - [2025-10-10T08:47:48.568+0000] {dag.py:3211} INFO - Sync 1 DAGs
[2025-10-10T08:47:48.650+0000] {logging_mixin.py:190} INFO - [2025-10-10T08:47:48.649+0000] {dag.py:4138} INFO - Setting next_dagrun for example_branch_operator to 2025-10-09 00:00:00+00:00, run_after=2025-10-10 00:00:00+00:00
[2025-10-10T08:47:48.721+0000] {processor.py:208} INFO - Processing /home/airflow/.local/lib/python3.12/site-packages/airflow/example_dags/example_branch_operator.py took 0.330 seconds
[2025-10-10T08:48:19.419+0000] {processor.py:186} INFO - Started process (PID=1360) to work on /home/airflow/.local/lib/python3.12/site-packages/airflow/example_dags/example_branch_operator.py
[2025-10-10T08:48:19.422+0000] {processor.py:914} INFO - Processing file /home/airflow/.local/lib/python3.12/site-packages/airflow/example_dags/example_branch_operator.py for tasks to queue
[2025-10-10T08:48:19.431+0000] {logging_mixin.py:190} INFO - [2025-10-10T08:48:19.430+0000] {dagbag.py:587} INFO - Filling up the DagBag from /home/airflow/.local/lib/python3.12/site-packages/airflow/example_dags/example_branch_operator.py
[2025-10-10T08:48:19.502+0000] {processor.py:925} INFO - DAG(s) 'example_branch_operator' retrieved from /home/airflow/.local/lib/python3.12/site-packages/airflow/example_dags/example_branch_operator.py
[2025-10-10T08:48:19.589+0000] {logging_mixin.py:190} INFO - [2025-10-10T08:48:19.588+0000] {dag.py:3211} INFO - Sync 1 DAGs
[2025-10-10T08:48:19.656+0000] {logging_mixin.py:190} INFO - [2025-10-10T08:48:19.655+0000] {dag.py:4138} INFO - Setting next_dagrun for example_branch_operator to 2025-10-09 00:00:00+00:00, run_after=2025-10-10 00:00:00+00:00
[2025-10-10T08:48:19.751+0000] {processor.py:208} INFO - Processing /home/airflow/.local/lib/python3.12/site-packages/airflow/example_dags/example_branch_operator.py took 0.349 seconds
[2025-10-10T08:48:50.639+0000] {processor.py:186} INFO - Started process (PID=1423) to work on /home/airflow/.local/lib/python3.12/site-packages/airflow/example_dags/example_branch_operator.py
[2025-10-10T08:48:50.659+0000] {processor.py:914} INFO - Processing file /home/airflow/.local/lib/python3.12/site-packages/airflow/example_dags/example_branch_operator.py for tasks to queue
[2025-10-10T08:48:50.686+0000] {logging_mixin.py:190} INFO - [2025-10-10T08:48:50.685+0000] {dagbag.py:587} INFO - Filling up the DagBag from /home/airflow/.local/lib/python3.12/site-packages/airflow/example_dags/example_branch_operator.py
[2025-10-10T08:48:50.890+0000] {processor.py:925} INFO - DAG(s) 'example_branch_operator' retrieved from /home/airflow/.local/lib/python3.12/site-packages/airflow/example_dags/example_branch_operator.py
[2025-10-10T08:48:51.035+0000] {logging_mixin.py:190} INFO - [2025-10-10T08:48:51.034+0000] {dag.py:3211} INFO - Sync 1 DAGs
[2025-10-10T08:48:51.181+0000] {logging_mixin.py:190} INFO - [2025-10-10T08:48:51.180+0000] {dag.py:4138} INFO - Setting next_dagrun for example_branch_operator to 2025-10-09 00:00:00+00:00, run_after=2025-10-10 00:00:00+00:00
[2025-10-10T08:48:51.297+0000] {processor.py:208} INFO - Processing /home/airflow/.local/lib/python3.12/site-packages/airflow/example_dags/example_branch_operator.py took 0.707 seconds
[2025-10-10T08:49:23.811+0000] {processor.py:186} INFO - Started process (PID=1486) to work on /home/airflow/.local/lib/python3.12/site-packages/airflow/example_dags/example_branch_operator.py
[2025-10-10T08:49:23.814+0000] {processor.py:914} INFO - Processing file /home/airflow/.local/lib/python3.12/site-packages/airflow/example_dags/example_branch_operator.py for tasks to queue
[2025-10-10T08:49:23.821+0000] {logging_mixin.py:190} INFO - [2025-10-10T08:49:23.820+0000] {dagbag.py:587} INFO - Filling up the DagBag from /home/airflow/.local/lib/python3.12/site-packages/airflow/example_dags/example_branch_operator.py
[2025-10-10T08:49:23.863+0000] {processor.py:925} INFO - DAG(s) 'example_branch_operator' retrieved from /home/airflow/.local/lib/python3.12/site-packages/airflow/example_dags/example_branch_operator.py
[2025-10-10T08:49:23.927+0000] {logging_mixin.py:190} INFO - [2025-10-10T08:49:23.926+0000] {dag.py:3211} INFO - Sync 1 DAGs
[2025-10-10T08:49:23.978+0000] {logging_mixin.py:190} INFO - [2025-10-10T08:49:23.978+0000] {dag.py:4138} INFO - Setting next_dagrun for example_branch_operator to 2025-10-09 00:00:00+00:00, run_after=2025-10-10 00:00:00+00:00
[2025-10-10T08:49:24.024+0000] {processor.py:208} INFO - Processing /home/airflow/.local/lib/python3.12/site-packages/airflow/example_dags/example_branch_operator.py took 0.244 seconds
[2025-10-10T08:53:56.690+0000] {processor.py:186} INFO - Started process (PID=99) to work on /home/airflow/.local/lib/python3.12/site-packages/airflow/example_dags/example_branch_operator.py
[2025-10-10T08:53:56.724+0000] {processor.py:914} INFO - Processing file /home/airflow/.local/lib/python3.12/site-packages/airflow/example_dags/example_branch_operator.py for tasks to queue
[2025-10-10T08:53:56.741+0000] {logging_mixin.py:190} INFO - [2025-10-10T08:53:56.739+0000] {dagbag.py:587} INFO - Filling up the DagBag from /home/airflow/.local/lib/python3.12/site-packages/airflow/example_dags/example_branch_operator.py
[2025-10-10T08:53:56.874+0000] {processor.py:925} INFO - DAG(s) 'example_branch_operator' retrieved from /home/airflow/.local/lib/python3.12/site-packages/airflow/example_dags/example_branch_operator.py
[2025-10-10T08:53:57.516+0000] {logging_mixin.py:190} INFO - [2025-10-10T08:53:57.515+0000] {dag.py:3211} INFO - Sync 1 DAGs
[2025-10-10T08:53:57.577+0000] {logging_mixin.py:190} INFO - [2025-10-10T08:53:57.577+0000] {dag.py:4138} INFO - Setting next_dagrun for example_branch_operator to 2025-10-09 00:00:00+00:00, run_after=2025-10-10 00:00:00+00:00
[2025-10-10T08:53:58.083+0000] {processor.py:208} INFO - Processing /home/airflow/.local/lib/python3.12/site-packages/airflow/example_dags/example_branch_operator.py took 1.434 seconds
[2025-10-10T08:54:28.476+0000] {processor.py:186} INFO - Started process (PID=162) to work on /home/airflow/.local/lib/python3.12/site-packages/airflow/example_dags/example_branch_operator.py
[2025-10-10T08:54:28.478+0000] {processor.py:914} INFO - Processing file /home/airflow/.local/lib/python3.12/site-packages/airflow/example_dags/example_branch_operator.py for tasks to queue
[2025-10-10T08:54:28.485+0000] {logging_mixin.py:190} INFO - [2025-10-10T08:54:28.484+0000] {dagbag.py:587} INFO - Filling up the DagBag from /home/airflow/.local/lib/python3.12/site-packages/airflow/example_dags/example_branch_operator.py
[2025-10-10T08:54:28.535+0000] {processor.py:925} INFO - DAG(s) 'example_branch_operator' retrieved from /home/airflow/.local/lib/python3.12/site-packages/airflow/example_dags/example_branch_operator.py
[2025-10-10T08:54:28.632+0000] {logging_mixin.py:190} INFO - [2025-10-10T08:54:28.631+0000] {dag.py:3211} INFO - Sync 1 DAGs
[2025-10-10T08:54:28.699+0000] {logging_mixin.py:190} INFO - [2025-10-10T08:54:28.699+0000] {dag.py:4138} INFO - Setting next_dagrun for example_branch_operator to 2025-10-09 00:00:00+00:00, run_after=2025-10-10 00:00:00+00:00
[2025-10-10T08:54:28.756+0000] {processor.py:208} INFO - Processing /home/airflow/.local/lib/python3.12/site-packages/airflow/example_dags/example_branch_operator.py took 0.301 seconds
[2025-10-10T08:54:59.364+0000] {processor.py:186} INFO - Started process (PID=226) to work on /home/airflow/.local/lib/python3.12/site-packages/airflow/example_dags/example_branch_operator.py
[2025-10-10T08:54:59.370+0000] {processor.py:914} INFO - Processing file /home/airflow/.local/lib/python3.12/site-packages/airflow/example_dags/example_branch_operator.py for tasks to queue
[2025-10-10T08:54:59.381+0000] {logging_mixin.py:190} INFO - [2025-10-10T08:54:59.379+0000] {dagbag.py:587} INFO - Filling up the DagBag from /home/airflow/.local/lib/python3.12/site-packages/airflow/example_dags/example_branch_operator.py
[2025-10-10T08:54:59.470+0000] {processor.py:925} INFO - DAG(s) 'example_branch_operator' retrieved from /home/airflow/.local/lib/python3.12/site-packages/airflow/example_dags/example_branch_operator.py
[2025-10-10T08:54:59.548+0000] {logging_mixin.py:190} INFO - [2025-10-10T08:54:59.547+0000] {dag.py:3211} INFO - Sync 1 DAGs
[2025-10-10T08:54:59.617+0000] {logging_mixin.py:190} INFO - [2025-10-10T08:54:59.616+0000] {dag.py:4138} INFO - Setting next_dagrun for example_branch_operator to 2025-10-09 00:00:00+00:00, run_after=2025-10-10 00:00:00+00:00
[2025-10-10T08:54:59.671+0000] {processor.py:208} INFO - Processing /home/airflow/.local/lib/python3.12/site-packages/airflow/example_dags/example_branch_operator.py took 0.339 seconds
[2025-10-10T08:58:05.193+0000] {processor.py:186} INFO - Started process (PID=100) to work on /home/airflow/.local/lib/python3.12/site-packages/airflow/example_dags/example_branch_operator.py
[2025-10-10T08:58:05.197+0000] {processor.py:914} INFO - Processing file /home/airflow/.local/lib/python3.12/site-packages/airflow/example_dags/example_branch_operator.py for tasks to queue
[2025-10-10T08:58:05.208+0000] {logging_mixin.py:190} INFO - [2025-10-10T08:58:05.206+0000] {dagbag.py:587} INFO - Filling up the DagBag from /home/airflow/.local/lib/python3.12/site-packages/airflow/example_dags/example_branch_operator.py
[2025-10-10T08:58:05.320+0000] {processor.py:925} INFO - DAG(s) 'example_branch_operator' retrieved from /home/airflow/.local/lib/python3.12/site-packages/airflow/example_dags/example_branch_operator.py
[2025-10-10T08:58:05.745+0000] {logging_mixin.py:190} INFO - [2025-10-10T08:58:05.744+0000] {dag.py:3211} INFO - Sync 1 DAGs
[2025-10-10T08:58:05.823+0000] {logging_mixin.py:190} INFO - [2025-10-10T08:58:05.823+0000] {dag.py:4138} INFO - Setting next_dagrun for example_branch_operator to 2025-10-09 00:00:00+00:00, run_after=2025-10-10 00:00:00+00:00
[2025-10-10T08:58:05.881+0000] {processor.py:208} INFO - Processing /home/airflow/.local/lib/python3.12/site-packages/airflow/example_dags/example_branch_operator.py took 0.717 seconds
[2025-10-10T08:58:36.971+0000] {processor.py:186} INFO - Started process (PID=164) to work on /home/airflow/.local/lib/python3.12/site-packages/airflow/example_dags/example_branch_operator.py
[2025-10-10T08:58:36.982+0000] {processor.py:914} INFO - Processing file /home/airflow/.local/lib/python3.12/site-packages/airflow/example_dags/example_branch_operator.py for tasks to queue
[2025-10-10T08:58:36.989+0000] {logging_mixin.py:190} INFO - [2025-10-10T08:58:36.988+0000] {dagbag.py:587} INFO - Filling up the DagBag from /home/airflow/.local/lib/python3.12/site-packages/airflow/example_dags/example_branch_operator.py
[2025-10-10T08:58:37.036+0000] {processor.py:925} INFO - DAG(s) 'example_branch_operator' retrieved from /home/airflow/.local/lib/python3.12/site-packages/airflow/example_dags/example_branch_operator.py
[2025-10-10T08:58:37.134+0000] {logging_mixin.py:190} INFO - [2025-10-10T08:58:37.133+0000] {dag.py:3211} INFO - Sync 1 DAGs
[2025-10-10T08:58:37.191+0000] {logging_mixin.py:190} INFO - [2025-10-10T08:58:37.191+0000] {dag.py:4138} INFO - Setting next_dagrun for example_branch_operator to 2025-10-09 00:00:00+00:00, run_after=2025-10-10 00:00:00+00:00
[2025-10-10T08:58:37.243+0000] {processor.py:208} INFO - Processing /home/airflow/.local/lib/python3.12/site-packages/airflow/example_dags/example_branch_operator.py took 0.292 seconds
[2025-10-10T09:01:31.257+0000] {processor.py:186} INFO - Started process (PID=99) to work on /home/airflow/.local/lib/python3.12/site-packages/airflow/example_dags/example_branch_operator.py
[2025-10-10T09:01:31.259+0000] {processor.py:914} INFO - Processing file /home/airflow/.local/lib/python3.12/site-packages/airflow/example_dags/example_branch_operator.py for tasks to queue
[2025-10-10T09:01:31.266+0000] {logging_mixin.py:190} INFO - [2025-10-10T09:01:31.265+0000] {dagbag.py:587} INFO - Filling up the DagBag from /home/airflow/.local/lib/python3.12/site-packages/airflow/example_dags/example_branch_operator.py
[2025-10-10T09:01:31.312+0000] {processor.py:925} INFO - DAG(s) 'example_branch_operator' retrieved from /home/airflow/.local/lib/python3.12/site-packages/airflow/example_dags/example_branch_operator.py
[2025-10-10T09:01:31.587+0000] {logging_mixin.py:190} INFO - [2025-10-10T09:01:31.586+0000] {dag.py:3211} INFO - Sync 1 DAGs
[2025-10-10T09:01:31.648+0000] {logging_mixin.py:190} INFO - [2025-10-10T09:01:31.648+0000] {dag.py:4138} INFO - Setting next_dagrun for example_branch_operator to 2025-10-09 00:00:00+00:00, run_after=2025-10-10 00:00:00+00:00
[2025-10-10T09:01:31.696+0000] {processor.py:208} INFO - Processing /home/airflow/.local/lib/python3.12/site-packages/airflow/example_dags/example_branch_operator.py took 0.459 seconds
[2025-10-10T09:02:02.599+0000] {processor.py:186} INFO - Started process (PID=162) to work on /home/airflow/.local/lib/python3.12/site-packages/airflow/example_dags/example_branch_operator.py
[2025-10-10T09:02:02.602+0000] {processor.py:914} INFO - Processing file /home/airflow/.local/lib/python3.12/site-packages/airflow/example_dags/example_branch_operator.py for tasks to queue
[2025-10-10T09:02:02.610+0000] {logging_mixin.py:190} INFO - [2025-10-10T09:02:02.609+0000] {dagbag.py:587} INFO - Filling up the DagBag from /home/airflow/.local/lib/python3.12/site-packages/airflow/example_dags/example_branch_operator.py
[2025-10-10T09:02:02.685+0000] {processor.py:925} INFO - DAG(s) 'example_branch_operator' retrieved from /home/airflow/.local/lib/python3.12/site-packages/airflow/example_dags/example_branch_operator.py
[2025-10-10T09:02:02.796+0000] {logging_mixin.py:190} INFO - [2025-10-10T09:02:02.796+0000] {dag.py:3211} INFO - Sync 1 DAGs
[2025-10-10T09:02:02.892+0000] {logging_mixin.py:190} INFO - [2025-10-10T09:02:02.892+0000] {dag.py:4138} INFO - Setting next_dagrun for example_branch_operator to 2025-10-09 00:00:00+00:00, run_after=2025-10-10 00:00:00+00:00
[2025-10-10T09:02:02.962+0000] {processor.py:208} INFO - Processing /home/airflow/.local/lib/python3.12/site-packages/airflow/example_dags/example_branch_operator.py took 0.382 seconds
[2025-10-10T09:02:35.032+0000] {processor.py:186} INFO - Started process (PID=225) to work on /home/airflow/.local/lib/python3.12/site-packages/airflow/example_dags/example_branch_operator.py
[2025-10-10T09:02:35.037+0000] {processor.py:914} INFO - Processing file /home/airflow/.local/lib/python3.12/site-packages/airflow/example_dags/example_branch_operator.py for tasks to queue
[2025-10-10T09:02:35.051+0000] {logging_mixin.py:190} INFO - [2025-10-10T09:02:35.049+0000] {dagbag.py:587} INFO - Filling up the DagBag from /home/airflow/.local/lib/python3.12/site-packages/airflow/example_dags/example_branch_operator.py
[2025-10-10T09:02:35.157+0000] {processor.py:925} INFO - DAG(s) 'example_branch_operator' retrieved from /home/airflow/.local/lib/python3.12/site-packages/airflow/example_dags/example_branch_operator.py
[2025-10-10T09:02:35.351+0000] {logging_mixin.py:190} INFO - [2025-10-10T09:02:35.350+0000] {dag.py:3211} INFO - Sync 1 DAGs
[2025-10-10T09:02:35.400+0000] {logging_mixin.py:190} INFO - [2025-10-10T09:02:35.399+0000] {dag.py:4138} INFO - Setting next_dagrun for example_branch_operator to 2025-10-09 00:00:00+00:00, run_after=2025-10-10 00:00:00+00:00
[2025-10-10T09:02:35.448+0000] {processor.py:208} INFO - Processing /home/airflow/.local/lib/python3.12/site-packages/airflow/example_dags/example_branch_operator.py took 0.439 seconds
[2025-10-10T09:03:05.663+0000] {processor.py:186} INFO - Started process (PID=289) to work on /home/airflow/.local/lib/python3.12/site-packages/airflow/example_dags/example_branch_operator.py
[2025-10-10T09:03:05.666+0000] {processor.py:914} INFO - Processing file /home/airflow/.local/lib/python3.12/site-packages/airflow/example_dags/example_branch_operator.py for tasks to queue
[2025-10-10T09:03:05.673+0000] {logging_mixin.py:190} INFO - [2025-10-10T09:03:05.672+0000] {dagbag.py:587} INFO - Filling up the DagBag from /home/airflow/.local/lib/python3.12/site-packages/airflow/example_dags/example_branch_operator.py
[2025-10-10T09:03:05.727+0000] {processor.py:925} INFO - DAG(s) 'example_branch_operator' retrieved from /home/airflow/.local/lib/python3.12/site-packages/airflow/example_dags/example_branch_operator.py
[2025-10-10T09:03:05.814+0000] {logging_mixin.py:190} INFO - [2025-10-10T09:03:05.813+0000] {dag.py:3211} INFO - Sync 1 DAGs
[2025-10-10T09:03:05.905+0000] {logging_mixin.py:190} INFO - [2025-10-10T09:03:05.904+0000] {dag.py:4138} INFO - Setting next_dagrun for example_branch_operator to 2025-10-09 00:00:00+00:00, run_after=2025-10-10 00:00:00+00:00
[2025-10-10T09:03:05.970+0000] {processor.py:208} INFO - Processing /home/airflow/.local/lib/python3.12/site-packages/airflow/example_dags/example_branch_operator.py took 0.339 seconds
[2025-10-10T09:03:36.678+0000] {processor.py:186} INFO - Started process (PID=352) to work on /home/airflow/.local/lib/python3.12/site-packages/airflow/example_dags/example_branch_operator.py
[2025-10-10T09:03:36.682+0000] {processor.py:914} INFO - Processing file /home/airflow/.local/lib/python3.12/site-packages/airflow/example_dags/example_branch_operator.py for tasks to queue
[2025-10-10T09:03:36.699+0000] {logging_mixin.py:190} INFO - [2025-10-10T09:03:36.698+0000] {dagbag.py:587} INFO - Filling up the DagBag from /home/airflow/.local/lib/python3.12/site-packages/airflow/example_dags/example_branch_operator.py
[2025-10-10T09:03:36.766+0000] {processor.py:925} INFO - DAG(s) 'example_branch_operator' retrieved from /home/airflow/.local/lib/python3.12/site-packages/airflow/example_dags/example_branch_operator.py
[2025-10-10T09:03:36.852+0000] {logging_mixin.py:190} INFO - [2025-10-10T09:03:36.851+0000] {dag.py:3211} INFO - Sync 1 DAGs
[2025-10-10T09:03:36.924+0000] {logging_mixin.py:190} INFO - [2025-10-10T09:03:36.923+0000] {dag.py:4138} INFO - Setting next_dagrun for example_branch_operator to 2025-10-09 00:00:00+00:00, run_after=2025-10-10 00:00:00+00:00
[2025-10-10T09:03:37.010+0000] {processor.py:208} INFO - Processing /home/airflow/.local/lib/python3.12/site-packages/airflow/example_dags/example_branch_operator.py took 0.376 seconds
[2025-10-10T09:04:08.277+0000] {processor.py:186} INFO - Started process (PID=414) to work on /home/airflow/.local/lib/python3.12/site-packages/airflow/example_dags/example_branch_operator.py
[2025-10-10T09:04:08.280+0000] {processor.py:914} INFO - Processing file /home/airflow/.local/lib/python3.12/site-packages/airflow/example_dags/example_branch_operator.py for tasks to queue
[2025-10-10T09:04:08.285+0000] {logging_mixin.py:190} INFO - [2025-10-10T09:04:08.285+0000] {dagbag.py:587} INFO - Filling up the DagBag from /home/airflow/.local/lib/python3.12/site-packages/airflow/example_dags/example_branch_operator.py
[2025-10-10T09:04:08.324+0000] {processor.py:925} INFO - DAG(s) 'example_branch_operator' retrieved from /home/airflow/.local/lib/python3.12/site-packages/airflow/example_dags/example_branch_operator.py
[2025-10-10T09:04:08.399+0000] {logging_mixin.py:190} INFO - [2025-10-10T09:04:08.399+0000] {dag.py:3211} INFO - Sync 1 DAGs
[2025-10-10T09:04:08.467+0000] {logging_mixin.py:190} INFO - [2025-10-10T09:04:08.467+0000] {dag.py:4138} INFO - Setting next_dagrun for example_branch_operator to 2025-10-09 00:00:00+00:00, run_after=2025-10-10 00:00:00+00:00
[2025-10-10T09:04:08.514+0000] {processor.py:208} INFO - Processing /home/airflow/.local/lib/python3.12/site-packages/airflow/example_dags/example_branch_operator.py took 0.250 seconds
[2025-10-10T09:04:39.467+0000] {processor.py:186} INFO - Started process (PID=477) to work on /home/airflow/.local/lib/python3.12/site-packages/airflow/example_dags/example_branch_operator.py
[2025-10-10T09:04:39.470+0000] {processor.py:914} INFO - Processing file /home/airflow/.local/lib/python3.12/site-packages/airflow/example_dags/example_branch_operator.py for tasks to queue
[2025-10-10T09:04:39.477+0000] {logging_mixin.py:190} INFO - [2025-10-10T09:04:39.476+0000] {dagbag.py:587} INFO - Filling up the DagBag from /home/airflow/.local/lib/python3.12/site-packages/airflow/example_dags/example_branch_operator.py
[2025-10-10T09:04:39.529+0000] {processor.py:925} INFO - DAG(s) 'example_branch_operator' retrieved from /home/airflow/.local/lib/python3.12/site-packages/airflow/example_dags/example_branch_operator.py
[2025-10-10T09:04:39.627+0000] {logging_mixin.py:190} INFO - [2025-10-10T09:04:39.627+0000] {dag.py:3211} INFO - Sync 1 DAGs
[2025-10-10T09:04:39.756+0000] {logging_mixin.py:190} INFO - [2025-10-10T09:04:39.756+0000] {dag.py:4138} INFO - Setting next_dagrun for example_branch_operator to 2025-10-09 00:00:00+00:00, run_after=2025-10-10 00:00:00+00:00
[2025-10-10T09:04:39.831+0000] {processor.py:208} INFO - Processing /home/airflow/.local/lib/python3.12/site-packages/airflow/example_dags/example_branch_operator.py took 0.379 seconds
[2025-10-10T09:05:10.952+0000] {processor.py:186} INFO - Started process (PID=540) to work on /home/airflow/.local/lib/python3.12/site-packages/airflow/example_dags/example_branch_operator.py
[2025-10-10T09:05:10.955+0000] {processor.py:914} INFO - Processing file /home/airflow/.local/lib/python3.12/site-packages/airflow/example_dags/example_branch_operator.py for tasks to queue
[2025-10-10T09:05:10.962+0000] {logging_mixin.py:190} INFO - [2025-10-10T09:05:10.961+0000] {dagbag.py:587} INFO - Filling up the DagBag from /home/airflow/.local/lib/python3.12/site-packages/airflow/example_dags/example_branch_operator.py
[2025-10-10T09:05:11.021+0000] {processor.py:925} INFO - DAG(s) 'example_branch_operator' retrieved from /home/airflow/.local/lib/python3.12/site-packages/airflow/example_dags/example_branch_operator.py
[2025-10-10T09:05:11.125+0000] {logging_mixin.py:190} INFO - [2025-10-10T09:05:11.125+0000] {dag.py:3211} INFO - Sync 1 DAGs
[2025-10-10T09:05:11.236+0000] {logging_mixin.py:190} INFO - [2025-10-10T09:05:11.235+0000] {dag.py:4138} INFO - Setting next_dagrun for example_branch_operator to 2025-10-09 00:00:00+00:00, run_after=2025-10-10 00:00:00+00:00
[2025-10-10T09:05:11.288+0000] {processor.py:208} INFO - Processing /home/airflow/.local/lib/python3.12/site-packages/airflow/example_dags/example_branch_operator.py took 0.361 seconds
[2025-10-10T09:05:42.051+0000] {processor.py:186} INFO - Started process (PID=603) to work on /home/airflow/.local/lib/python3.12/site-packages/airflow/example_dags/example_branch_operator.py
[2025-10-10T09:05:42.058+0000] {processor.py:914} INFO - Processing file /home/airflow/.local/lib/python3.12/site-packages/airflow/example_dags/example_branch_operator.py for tasks to queue
[2025-10-10T09:05:42.085+0000] {logging_mixin.py:190} INFO - [2025-10-10T09:05:42.084+0000] {dagbag.py:587} INFO - Filling up the DagBag from /home/airflow/.local/lib/python3.12/site-packages/airflow/example_dags/example_branch_operator.py
[2025-10-10T09:05:42.159+0000] {processor.py:925} INFO - DAG(s) 'example_branch_operator' retrieved from /home/airflow/.local/lib/python3.12/site-packages/airflow/example_dags/example_branch_operator.py
[2025-10-10T09:05:42.268+0000] {logging_mixin.py:190} INFO - [2025-10-10T09:05:42.267+0000] {dag.py:3211} INFO - Sync 1 DAGs
[2025-10-10T09:05:42.358+0000] {logging_mixin.py:190} INFO - [2025-10-10T09:05:42.357+0000] {dag.py:4138} INFO - Setting next_dagrun for example_branch_operator to 2025-10-09 00:00:00+00:00, run_after=2025-10-10 00:00:00+00:00
[2025-10-10T09:05:42.424+0000] {processor.py:208} INFO - Processing /home/airflow/.local/lib/python3.12/site-packages/airflow/example_dags/example_branch_operator.py took 0.392 seconds
