[2025-10-10T08:37:50.054+0000] {processor.py:186} INFO - Started process (PID=74) to work on /home/airflow/.local/lib/python3.12/site-packages/airflow/example_dags/tutorial_taskflow_api.py
[2025-10-10T08:37:50.057+0000] {processor.py:914} INFO - Processing file /home/airflow/.local/lib/python3.12/site-packages/airflow/example_dags/tutorial_taskflow_api.py for tasks to queue
[2025-10-10T08:37:50.064+0000] {logging_mixin.py:190} INFO - [2025-10-10T08:37:50.063+0000] {dagbag.py:587} INFO - Filling up the DagBag from /home/airflow/.local/lib/python3.12/site-packages/airflow/example_dags/tutorial_taskflow_api.py
[2025-10-10T08:37:50.095+0000] {processor.py:925} INFO - DAG(s) 'tutorial_taskflow_api' retrieved from /home/airflow/.local/lib/python3.12/site-packages/airflow/example_dags/tutorial_taskflow_api.py
[2025-10-10T08:37:50.326+0000] {logging_mixin.py:190} INFO - [2025-10-10T08:37:50.325+0000] {dag.py:3211} INFO - Sync 1 DAGs
[2025-10-10T08:37:50.436+0000] {logging_mixin.py:190} INFO - [2025-10-10T08:37:50.436+0000] {dag.py:4138} INFO - Setting next_dagrun for tutorial_taskflow_api to None, run_after=None
[2025-10-10T08:37:50.593+0000] {processor.py:208} INFO - Processing /home/airflow/.local/lib/python3.12/site-packages/airflow/example_dags/tutorial_taskflow_api.py took 0.563 seconds
[2025-10-10T08:38:21.290+0000] {processor.py:186} INFO - Started process (PID=137) to work on /home/airflow/.local/lib/python3.12/site-packages/airflow/example_dags/tutorial_taskflow_api.py
[2025-10-10T08:38:21.294+0000] {processor.py:914} INFO - Processing file /home/airflow/.local/lib/python3.12/site-packages/airflow/example_dags/tutorial_taskflow_api.py for tasks to queue
[2025-10-10T08:38:21.301+0000] {logging_mixin.py:190} INFO - [2025-10-10T08:38:21.300+0000] {dagbag.py:587} INFO - Filling up the DagBag from /home/airflow/.local/lib/python3.12/site-packages/airflow/example_dags/tutorial_taskflow_api.py
[2025-10-10T08:38:21.326+0000] {processor.py:925} INFO - DAG(s) 'tutorial_taskflow_api' retrieved from /home/airflow/.local/lib/python3.12/site-packages/airflow/example_dags/tutorial_taskflow_api.py
[2025-10-10T08:38:21.375+0000] {logging_mixin.py:190} INFO - [2025-10-10T08:38:21.374+0000] {dag.py:3211} INFO - Sync 1 DAGs
[2025-10-10T08:38:21.406+0000] {logging_mixin.py:190} INFO - [2025-10-10T08:38:21.406+0000] {dag.py:4138} INFO - Setting next_dagrun for tutorial_taskflow_api to None, run_after=None
[2025-10-10T08:38:21.447+0000] {processor.py:208} INFO - Processing /home/airflow/.local/lib/python3.12/site-packages/airflow/example_dags/tutorial_taskflow_api.py took 0.177 seconds
[2025-10-10T08:38:51.817+0000] {processor.py:186} INFO - Started process (PID=200) to work on /home/airflow/.local/lib/python3.12/site-packages/airflow/example_dags/tutorial_taskflow_api.py
[2025-10-10T08:38:51.820+0000] {processor.py:914} INFO - Processing file /home/airflow/.local/lib/python3.12/site-packages/airflow/example_dags/tutorial_taskflow_api.py for tasks to queue
[2025-10-10T08:38:51.828+0000] {logging_mixin.py:190} INFO - [2025-10-10T08:38:51.827+0000] {dagbag.py:587} INFO - Filling up the DagBag from /home/airflow/.local/lib/python3.12/site-packages/airflow/example_dags/tutorial_taskflow_api.py
[2025-10-10T08:38:51.849+0000] {processor.py:925} INFO - DAG(s) 'tutorial_taskflow_api' retrieved from /home/airflow/.local/lib/python3.12/site-packages/airflow/example_dags/tutorial_taskflow_api.py
[2025-10-10T08:38:51.898+0000] {logging_mixin.py:190} INFO - [2025-10-10T08:38:51.898+0000] {dag.py:3211} INFO - Sync 1 DAGs
[2025-10-10T08:38:51.934+0000] {logging_mixin.py:190} INFO - [2025-10-10T08:38:51.934+0000] {dag.py:4138} INFO - Setting next_dagrun for tutorial_taskflow_api to None, run_after=None
[2025-10-10T08:38:51.985+0000] {processor.py:208} INFO - Processing /home/airflow/.local/lib/python3.12/site-packages/airflow/example_dags/tutorial_taskflow_api.py took 0.182 seconds
[2025-10-10T08:39:23.702+0000] {processor.py:186} INFO - Started process (PID=263) to work on /home/airflow/.local/lib/python3.12/site-packages/airflow/example_dags/tutorial_taskflow_api.py
[2025-10-10T08:39:23.706+0000] {processor.py:914} INFO - Processing file /home/airflow/.local/lib/python3.12/site-packages/airflow/example_dags/tutorial_taskflow_api.py for tasks to queue
[2025-10-10T08:39:23.714+0000] {logging_mixin.py:190} INFO - [2025-10-10T08:39:23.713+0000] {dagbag.py:587} INFO - Filling up the DagBag from /home/airflow/.local/lib/python3.12/site-packages/airflow/example_dags/tutorial_taskflow_api.py
[2025-10-10T08:39:23.740+0000] {processor.py:925} INFO - DAG(s) 'tutorial_taskflow_api' retrieved from /home/airflow/.local/lib/python3.12/site-packages/airflow/example_dags/tutorial_taskflow_api.py
[2025-10-10T08:39:23.810+0000] {logging_mixin.py:190} INFO - [2025-10-10T08:39:23.810+0000] {dag.py:3211} INFO - Sync 1 DAGs
[2025-10-10T08:39:23.873+0000] {logging_mixin.py:190} INFO - [2025-10-10T08:39:23.872+0000] {dag.py:4138} INFO - Setting next_dagrun for tutorial_taskflow_api to None, run_after=None
[2025-10-10T08:39:23.953+0000] {processor.py:208} INFO - Processing /home/airflow/.local/lib/python3.12/site-packages/airflow/example_dags/tutorial_taskflow_api.py took 0.276 seconds
[2025-10-10T08:39:55.094+0000] {processor.py:186} INFO - Started process (PID=326) to work on /home/airflow/.local/lib/python3.12/site-packages/airflow/example_dags/tutorial_taskflow_api.py
[2025-10-10T08:39:55.097+0000] {processor.py:914} INFO - Processing file /home/airflow/.local/lib/python3.12/site-packages/airflow/example_dags/tutorial_taskflow_api.py for tasks to queue
[2025-10-10T08:39:55.107+0000] {logging_mixin.py:190} INFO - [2025-10-10T08:39:55.107+0000] {dagbag.py:587} INFO - Filling up the DagBag from /home/airflow/.local/lib/python3.12/site-packages/airflow/example_dags/tutorial_taskflow_api.py
[2025-10-10T08:39:55.134+0000] {processor.py:925} INFO - DAG(s) 'tutorial_taskflow_api' retrieved from /home/airflow/.local/lib/python3.12/site-packages/airflow/example_dags/tutorial_taskflow_api.py
[2025-10-10T08:39:55.204+0000] {logging_mixin.py:190} INFO - [2025-10-10T08:39:55.203+0000] {dag.py:3211} INFO - Sync 1 DAGs
[2025-10-10T08:39:55.247+0000] {logging_mixin.py:190} INFO - [2025-10-10T08:39:55.246+0000] {dag.py:4138} INFO - Setting next_dagrun for tutorial_taskflow_api to None, run_after=None
[2025-10-10T08:39:55.304+0000] {processor.py:208} INFO - Processing /home/airflow/.local/lib/python3.12/site-packages/airflow/example_dags/tutorial_taskflow_api.py took 0.231 seconds
[2025-10-10T08:40:25.514+0000] {processor.py:186} INFO - Started process (PID=388) to work on /home/airflow/.local/lib/python3.12/site-packages/airflow/example_dags/tutorial_taskflow_api.py
[2025-10-10T08:40:25.517+0000] {processor.py:914} INFO - Processing file /home/airflow/.local/lib/python3.12/site-packages/airflow/example_dags/tutorial_taskflow_api.py for tasks to queue
[2025-10-10T08:40:25.526+0000] {logging_mixin.py:190} INFO - [2025-10-10T08:40:25.524+0000] {dagbag.py:587} INFO - Filling up the DagBag from /home/airflow/.local/lib/python3.12/site-packages/airflow/example_dags/tutorial_taskflow_api.py
[2025-10-10T08:40:25.545+0000] {processor.py:925} INFO - DAG(s) 'tutorial_taskflow_api' retrieved from /home/airflow/.local/lib/python3.12/site-packages/airflow/example_dags/tutorial_taskflow_api.py
[2025-10-10T08:40:25.588+0000] {logging_mixin.py:190} INFO - [2025-10-10T08:40:25.587+0000] {dag.py:3211} INFO - Sync 1 DAGs
[2025-10-10T08:40:25.625+0000] {logging_mixin.py:190} INFO - [2025-10-10T08:40:25.625+0000] {dag.py:4138} INFO - Setting next_dagrun for tutorial_taskflow_api to None, run_after=None
[2025-10-10T08:40:25.680+0000] {processor.py:208} INFO - Processing /home/airflow/.local/lib/python3.12/site-packages/airflow/example_dags/tutorial_taskflow_api.py took 0.188 seconds
[2025-10-10T08:40:56.659+0000] {processor.py:186} INFO - Started process (PID=451) to work on /home/airflow/.local/lib/python3.12/site-packages/airflow/example_dags/tutorial_taskflow_api.py
[2025-10-10T08:40:56.661+0000] {processor.py:914} INFO - Processing file /home/airflow/.local/lib/python3.12/site-packages/airflow/example_dags/tutorial_taskflow_api.py for tasks to queue
[2025-10-10T08:40:56.666+0000] {logging_mixin.py:190} INFO - [2025-10-10T08:40:56.665+0000] {dagbag.py:587} INFO - Filling up the DagBag from /home/airflow/.local/lib/python3.12/site-packages/airflow/example_dags/tutorial_taskflow_api.py
[2025-10-10T08:40:56.681+0000] {processor.py:925} INFO - DAG(s) 'tutorial_taskflow_api' retrieved from /home/airflow/.local/lib/python3.12/site-packages/airflow/example_dags/tutorial_taskflow_api.py
[2025-10-10T08:40:56.721+0000] {logging_mixin.py:190} INFO - [2025-10-10T08:40:56.721+0000] {dag.py:3211} INFO - Sync 1 DAGs
[2025-10-10T08:40:56.753+0000] {logging_mixin.py:190} INFO - [2025-10-10T08:40:56.753+0000] {dag.py:4138} INFO - Setting next_dagrun for tutorial_taskflow_api to None, run_after=None
[2025-10-10T08:40:56.810+0000] {processor.py:208} INFO - Processing /home/airflow/.local/lib/python3.12/site-packages/airflow/example_dags/tutorial_taskflow_api.py took 0.161 seconds
[2025-10-10T08:41:27.230+0000] {processor.py:186} INFO - Started process (PID=514) to work on /home/airflow/.local/lib/python3.12/site-packages/airflow/example_dags/tutorial_taskflow_api.py
[2025-10-10T08:41:27.232+0000] {processor.py:914} INFO - Processing file /home/airflow/.local/lib/python3.12/site-packages/airflow/example_dags/tutorial_taskflow_api.py for tasks to queue
[2025-10-10T08:41:27.238+0000] {logging_mixin.py:190} INFO - [2025-10-10T08:41:27.237+0000] {dagbag.py:587} INFO - Filling up the DagBag from /home/airflow/.local/lib/python3.12/site-packages/airflow/example_dags/tutorial_taskflow_api.py
[2025-10-10T08:41:27.264+0000] {processor.py:925} INFO - DAG(s) 'tutorial_taskflow_api' retrieved from /home/airflow/.local/lib/python3.12/site-packages/airflow/example_dags/tutorial_taskflow_api.py
[2025-10-10T08:41:27.344+0000] {logging_mixin.py:190} INFO - [2025-10-10T08:41:27.343+0000] {dag.py:3211} INFO - Sync 1 DAGs
[2025-10-10T08:41:27.401+0000] {logging_mixin.py:190} INFO - [2025-10-10T08:41:27.401+0000] {dag.py:4138} INFO - Setting next_dagrun for tutorial_taskflow_api to None, run_after=None
[2025-10-10T08:41:27.465+0000] {processor.py:208} INFO - Processing /home/airflow/.local/lib/python3.12/site-packages/airflow/example_dags/tutorial_taskflow_api.py took 0.253 seconds
[2025-10-10T08:41:58.087+0000] {processor.py:186} INFO - Started process (PID=577) to work on /home/airflow/.local/lib/python3.12/site-packages/airflow/example_dags/tutorial_taskflow_api.py
[2025-10-10T08:41:58.090+0000] {processor.py:914} INFO - Processing file /home/airflow/.local/lib/python3.12/site-packages/airflow/example_dags/tutorial_taskflow_api.py for tasks to queue
[2025-10-10T08:41:58.098+0000] {logging_mixin.py:190} INFO - [2025-10-10T08:41:58.097+0000] {dagbag.py:587} INFO - Filling up the DagBag from /home/airflow/.local/lib/python3.12/site-packages/airflow/example_dags/tutorial_taskflow_api.py
[2025-10-10T08:41:58.120+0000] {processor.py:925} INFO - DAG(s) 'tutorial_taskflow_api' retrieved from /home/airflow/.local/lib/python3.12/site-packages/airflow/example_dags/tutorial_taskflow_api.py
[2025-10-10T08:41:58.188+0000] {logging_mixin.py:190} INFO - [2025-10-10T08:41:58.186+0000] {dag.py:3211} INFO - Sync 1 DAGs
[2025-10-10T08:41:58.232+0000] {logging_mixin.py:190} INFO - [2025-10-10T08:41:58.231+0000] {dag.py:4138} INFO - Setting next_dagrun for tutorial_taskflow_api to None, run_after=None
[2025-10-10T08:41:58.300+0000] {processor.py:208} INFO - Processing /home/airflow/.local/lib/python3.12/site-packages/airflow/example_dags/tutorial_taskflow_api.py took 0.237 seconds
[2025-10-10T08:42:29.026+0000] {processor.py:186} INFO - Started process (PID=640) to work on /home/airflow/.local/lib/python3.12/site-packages/airflow/example_dags/tutorial_taskflow_api.py
[2025-10-10T08:42:29.038+0000] {processor.py:914} INFO - Processing file /home/airflow/.local/lib/python3.12/site-packages/airflow/example_dags/tutorial_taskflow_api.py for tasks to queue
[2025-10-10T08:42:29.056+0000] {logging_mixin.py:190} INFO - [2025-10-10T08:42:29.054+0000] {dagbag.py:587} INFO - Filling up the DagBag from /home/airflow/.local/lib/python3.12/site-packages/airflow/example_dags/tutorial_taskflow_api.py
[2025-10-10T08:42:29.094+0000] {processor.py:925} INFO - DAG(s) 'tutorial_taskflow_api' retrieved from /home/airflow/.local/lib/python3.12/site-packages/airflow/example_dags/tutorial_taskflow_api.py
[2025-10-10T08:42:29.146+0000] {logging_mixin.py:190} INFO - [2025-10-10T08:42:29.145+0000] {dag.py:3211} INFO - Sync 1 DAGs
[2025-10-10T08:42:29.180+0000] {logging_mixin.py:190} INFO - [2025-10-10T08:42:29.180+0000] {dag.py:4138} INFO - Setting next_dagrun for tutorial_taskflow_api to None, run_after=None
[2025-10-10T08:42:29.225+0000] {processor.py:208} INFO - Processing /home/airflow/.local/lib/python3.12/site-packages/airflow/example_dags/tutorial_taskflow_api.py took 0.254 seconds
[2025-10-10T08:43:00.059+0000] {processor.py:186} INFO - Started process (PID=703) to work on /home/airflow/.local/lib/python3.12/site-packages/airflow/example_dags/tutorial_taskflow_api.py
[2025-10-10T08:43:00.062+0000] {processor.py:914} INFO - Processing file /home/airflow/.local/lib/python3.12/site-packages/airflow/example_dags/tutorial_taskflow_api.py for tasks to queue
[2025-10-10T08:43:00.073+0000] {logging_mixin.py:190} INFO - [2025-10-10T08:43:00.072+0000] {dagbag.py:587} INFO - Filling up the DagBag from /home/airflow/.local/lib/python3.12/site-packages/airflow/example_dags/tutorial_taskflow_api.py
[2025-10-10T08:43:00.101+0000] {processor.py:925} INFO - DAG(s) 'tutorial_taskflow_api' retrieved from /home/airflow/.local/lib/python3.12/site-packages/airflow/example_dags/tutorial_taskflow_api.py
[2025-10-10T08:43:00.186+0000] {logging_mixin.py:190} INFO - [2025-10-10T08:43:00.185+0000] {dag.py:3211} INFO - Sync 1 DAGs
[2025-10-10T08:43:00.252+0000] {logging_mixin.py:190} INFO - [2025-10-10T08:43:00.251+0000] {dag.py:4138} INFO - Setting next_dagrun for tutorial_taskflow_api to None, run_after=None
[2025-10-10T08:43:00.326+0000] {processor.py:208} INFO - Processing /home/airflow/.local/lib/python3.12/site-packages/airflow/example_dags/tutorial_taskflow_api.py took 0.318 seconds
[2025-10-10T08:43:31.242+0000] {processor.py:186} INFO - Started process (PID=766) to work on /home/airflow/.local/lib/python3.12/site-packages/airflow/example_dags/tutorial_taskflow_api.py
[2025-10-10T08:43:31.245+0000] {processor.py:914} INFO - Processing file /home/airflow/.local/lib/python3.12/site-packages/airflow/example_dags/tutorial_taskflow_api.py for tasks to queue
[2025-10-10T08:43:31.255+0000] {logging_mixin.py:190} INFO - [2025-10-10T08:43:31.254+0000] {dagbag.py:587} INFO - Filling up the DagBag from /home/airflow/.local/lib/python3.12/site-packages/airflow/example_dags/tutorial_taskflow_api.py
[2025-10-10T08:43:31.290+0000] {processor.py:925} INFO - DAG(s) 'tutorial_taskflow_api' retrieved from /home/airflow/.local/lib/python3.12/site-packages/airflow/example_dags/tutorial_taskflow_api.py
[2025-10-10T08:43:31.360+0000] {logging_mixin.py:190} INFO - [2025-10-10T08:43:31.360+0000] {dag.py:3211} INFO - Sync 1 DAGs
[2025-10-10T08:43:31.423+0000] {logging_mixin.py:190} INFO - [2025-10-10T08:43:31.422+0000] {dag.py:4138} INFO - Setting next_dagrun for tutorial_taskflow_api to None, run_after=None
[2025-10-10T08:43:31.470+0000] {processor.py:208} INFO - Processing /home/airflow/.local/lib/python3.12/site-packages/airflow/example_dags/tutorial_taskflow_api.py took 0.253 seconds
[2025-10-10T08:44:02.430+0000] {processor.py:186} INFO - Started process (PID=829) to work on /home/airflow/.local/lib/python3.12/site-packages/airflow/example_dags/tutorial_taskflow_api.py
[2025-10-10T08:44:02.434+0000] {processor.py:914} INFO - Processing file /home/airflow/.local/lib/python3.12/site-packages/airflow/example_dags/tutorial_taskflow_api.py for tasks to queue
[2025-10-10T08:44:02.444+0000] {logging_mixin.py:190} INFO - [2025-10-10T08:44:02.443+0000] {dagbag.py:587} INFO - Filling up the DagBag from /home/airflow/.local/lib/python3.12/site-packages/airflow/example_dags/tutorial_taskflow_api.py
[2025-10-10T08:44:02.485+0000] {processor.py:925} INFO - DAG(s) 'tutorial_taskflow_api' retrieved from /home/airflow/.local/lib/python3.12/site-packages/airflow/example_dags/tutorial_taskflow_api.py
[2025-10-10T08:44:02.600+0000] {logging_mixin.py:190} INFO - [2025-10-10T08:44:02.598+0000] {dag.py:3211} INFO - Sync 1 DAGs
[2025-10-10T08:44:02.691+0000] {logging_mixin.py:190} INFO - [2025-10-10T08:44:02.690+0000] {dag.py:4138} INFO - Setting next_dagrun for tutorial_taskflow_api to None, run_after=None
[2025-10-10T08:44:02.774+0000] {processor.py:208} INFO - Processing /home/airflow/.local/lib/python3.12/site-packages/airflow/example_dags/tutorial_taskflow_api.py took 0.372 seconds
[2025-10-10T08:44:33.234+0000] {processor.py:186} INFO - Started process (PID=891) to work on /home/airflow/.local/lib/python3.12/site-packages/airflow/example_dags/tutorial_taskflow_api.py
[2025-10-10T08:44:33.238+0000] {processor.py:914} INFO - Processing file /home/airflow/.local/lib/python3.12/site-packages/airflow/example_dags/tutorial_taskflow_api.py for tasks to queue
[2025-10-10T08:44:33.254+0000] {logging_mixin.py:190} INFO - [2025-10-10T08:44:33.252+0000] {dagbag.py:587} INFO - Filling up the DagBag from /home/airflow/.local/lib/python3.12/site-packages/airflow/example_dags/tutorial_taskflow_api.py
[2025-10-10T08:44:33.303+0000] {processor.py:925} INFO - DAG(s) 'tutorial_taskflow_api' retrieved from /home/airflow/.local/lib/python3.12/site-packages/airflow/example_dags/tutorial_taskflow_api.py
[2025-10-10T08:44:33.405+0000] {logging_mixin.py:190} INFO - [2025-10-10T08:44:33.404+0000] {dag.py:3211} INFO - Sync 1 DAGs
[2025-10-10T08:44:33.471+0000] {logging_mixin.py:190} INFO - [2025-10-10T08:44:33.470+0000] {dag.py:4138} INFO - Setting next_dagrun for tutorial_taskflow_api to None, run_after=None
[2025-10-10T08:44:33.553+0000] {processor.py:208} INFO - Processing /home/airflow/.local/lib/python3.12/site-packages/airflow/example_dags/tutorial_taskflow_api.py took 0.355 seconds
[2025-10-10T08:45:04.530+0000] {processor.py:186} INFO - Started process (PID=954) to work on /home/airflow/.local/lib/python3.12/site-packages/airflow/example_dags/tutorial_taskflow_api.py
[2025-10-10T08:45:04.533+0000] {processor.py:914} INFO - Processing file /home/airflow/.local/lib/python3.12/site-packages/airflow/example_dags/tutorial_taskflow_api.py for tasks to queue
[2025-10-10T08:45:04.542+0000] {logging_mixin.py:190} INFO - [2025-10-10T08:45:04.541+0000] {dagbag.py:587} INFO - Filling up the DagBag from /home/airflow/.local/lib/python3.12/site-packages/airflow/example_dags/tutorial_taskflow_api.py
[2025-10-10T08:45:04.581+0000] {processor.py:925} INFO - DAG(s) 'tutorial_taskflow_api' retrieved from /home/airflow/.local/lib/python3.12/site-packages/airflow/example_dags/tutorial_taskflow_api.py
[2025-10-10T08:45:04.693+0000] {logging_mixin.py:190} INFO - [2025-10-10T08:45:04.693+0000] {dag.py:3211} INFO - Sync 1 DAGs
[2025-10-10T08:45:04.743+0000] {logging_mixin.py:190} INFO - [2025-10-10T08:45:04.742+0000] {dag.py:4138} INFO - Setting next_dagrun for tutorial_taskflow_api to None, run_after=None
[2025-10-10T08:45:04.817+0000] {processor.py:208} INFO - Processing /home/airflow/.local/lib/python3.12/site-packages/airflow/example_dags/tutorial_taskflow_api.py took 0.307 seconds
[2025-10-10T08:45:35.778+0000] {processor.py:186} INFO - Started process (PID=1017) to work on /home/airflow/.local/lib/python3.12/site-packages/airflow/example_dags/tutorial_taskflow_api.py
[2025-10-10T08:45:35.781+0000] {processor.py:914} INFO - Processing file /home/airflow/.local/lib/python3.12/site-packages/airflow/example_dags/tutorial_taskflow_api.py for tasks to queue
[2025-10-10T08:45:35.789+0000] {logging_mixin.py:190} INFO - [2025-10-10T08:45:35.788+0000] {dagbag.py:587} INFO - Filling up the DagBag from /home/airflow/.local/lib/python3.12/site-packages/airflow/example_dags/tutorial_taskflow_api.py
[2025-10-10T08:45:35.812+0000] {processor.py:925} INFO - DAG(s) 'tutorial_taskflow_api' retrieved from /home/airflow/.local/lib/python3.12/site-packages/airflow/example_dags/tutorial_taskflow_api.py
[2025-10-10T08:45:35.855+0000] {logging_mixin.py:190} INFO - [2025-10-10T08:45:35.854+0000] {dag.py:3211} INFO - Sync 1 DAGs
[2025-10-10T08:45:35.884+0000] {logging_mixin.py:190} INFO - [2025-10-10T08:45:35.884+0000] {dag.py:4138} INFO - Setting next_dagrun for tutorial_taskflow_api to None, run_after=None
[2025-10-10T08:45:35.934+0000] {processor.py:208} INFO - Processing /home/airflow/.local/lib/python3.12/site-packages/airflow/example_dags/tutorial_taskflow_api.py took 0.171 seconds
[2025-10-10T08:46:06.044+0000] {processor.py:186} INFO - Started process (PID=1079) to work on /home/airflow/.local/lib/python3.12/site-packages/airflow/example_dags/tutorial_taskflow_api.py
[2025-10-10T08:46:06.046+0000] {processor.py:914} INFO - Processing file /home/airflow/.local/lib/python3.12/site-packages/airflow/example_dags/tutorial_taskflow_api.py for tasks to queue
[2025-10-10T08:46:06.052+0000] {logging_mixin.py:190} INFO - [2025-10-10T08:46:06.052+0000] {dagbag.py:587} INFO - Filling up the DagBag from /home/airflow/.local/lib/python3.12/site-packages/airflow/example_dags/tutorial_taskflow_api.py
[2025-10-10T08:46:06.070+0000] {processor.py:925} INFO - DAG(s) 'tutorial_taskflow_api' retrieved from /home/airflow/.local/lib/python3.12/site-packages/airflow/example_dags/tutorial_taskflow_api.py
[2025-10-10T08:46:06.124+0000] {logging_mixin.py:190} INFO - [2025-10-10T08:46:06.123+0000] {dag.py:3211} INFO - Sync 1 DAGs
[2025-10-10T08:46:06.173+0000] {logging_mixin.py:190} INFO - [2025-10-10T08:46:06.172+0000] {dag.py:4138} INFO - Setting next_dagrun for tutorial_taskflow_api to None, run_after=None
[2025-10-10T08:46:06.220+0000] {processor.py:208} INFO - Processing /home/airflow/.local/lib/python3.12/site-packages/airflow/example_dags/tutorial_taskflow_api.py took 0.190 seconds
[2025-10-10T08:46:36.575+0000] {processor.py:186} INFO - Started process (PID=1142) to work on /home/airflow/.local/lib/python3.12/site-packages/airflow/example_dags/tutorial_taskflow_api.py
[2025-10-10T08:46:36.579+0000] {processor.py:914} INFO - Processing file /home/airflow/.local/lib/python3.12/site-packages/airflow/example_dags/tutorial_taskflow_api.py for tasks to queue
[2025-10-10T08:46:36.586+0000] {logging_mixin.py:190} INFO - [2025-10-10T08:46:36.586+0000] {dagbag.py:587} INFO - Filling up the DagBag from /home/airflow/.local/lib/python3.12/site-packages/airflow/example_dags/tutorial_taskflow_api.py
[2025-10-10T08:46:36.613+0000] {processor.py:925} INFO - DAG(s) 'tutorial_taskflow_api' retrieved from /home/airflow/.local/lib/python3.12/site-packages/airflow/example_dags/tutorial_taskflow_api.py
[2025-10-10T08:46:36.692+0000] {logging_mixin.py:190} INFO - [2025-10-10T08:46:36.691+0000] {dag.py:3211} INFO - Sync 1 DAGs
[2025-10-10T08:46:36.745+0000] {logging_mixin.py:190} INFO - [2025-10-10T08:46:36.744+0000] {dag.py:4138} INFO - Setting next_dagrun for tutorial_taskflow_api to None, run_after=None
[2025-10-10T08:46:36.820+0000] {processor.py:208} INFO - Processing /home/airflow/.local/lib/python3.12/site-packages/airflow/example_dags/tutorial_taskflow_api.py took 0.280 seconds
[2025-10-10T08:47:07.605+0000] {processor.py:186} INFO - Started process (PID=1205) to work on /home/airflow/.local/lib/python3.12/site-packages/airflow/example_dags/tutorial_taskflow_api.py
[2025-10-10T08:47:07.608+0000] {processor.py:914} INFO - Processing file /home/airflow/.local/lib/python3.12/site-packages/airflow/example_dags/tutorial_taskflow_api.py for tasks to queue
[2025-10-10T08:47:07.617+0000] {logging_mixin.py:190} INFO - [2025-10-10T08:47:07.616+0000] {dagbag.py:587} INFO - Filling up the DagBag from /home/airflow/.local/lib/python3.12/site-packages/airflow/example_dags/tutorial_taskflow_api.py
[2025-10-10T08:47:07.652+0000] {processor.py:925} INFO - DAG(s) 'tutorial_taskflow_api' retrieved from /home/airflow/.local/lib/python3.12/site-packages/airflow/example_dags/tutorial_taskflow_api.py
[2025-10-10T08:47:07.726+0000] {logging_mixin.py:190} INFO - [2025-10-10T08:47:07.726+0000] {dag.py:3211} INFO - Sync 1 DAGs
[2025-10-10T08:47:07.782+0000] {logging_mixin.py:190} INFO - [2025-10-10T08:47:07.781+0000] {dag.py:4138} INFO - Setting next_dagrun for tutorial_taskflow_api to None, run_after=None
[2025-10-10T08:47:07.857+0000] {processor.py:208} INFO - Processing /home/airflow/.local/lib/python3.12/site-packages/airflow/example_dags/tutorial_taskflow_api.py took 0.277 seconds
[2025-10-10T08:47:38.279+0000] {processor.py:186} INFO - Started process (PID=1268) to work on /home/airflow/.local/lib/python3.12/site-packages/airflow/example_dags/tutorial_taskflow_api.py
[2025-10-10T08:47:38.284+0000] {processor.py:914} INFO - Processing file /home/airflow/.local/lib/python3.12/site-packages/airflow/example_dags/tutorial_taskflow_api.py for tasks to queue
[2025-10-10T08:47:38.293+0000] {logging_mixin.py:190} INFO - [2025-10-10T08:47:38.292+0000] {dagbag.py:587} INFO - Filling up the DagBag from /home/airflow/.local/lib/python3.12/site-packages/airflow/example_dags/tutorial_taskflow_api.py
[2025-10-10T08:47:38.321+0000] {processor.py:925} INFO - DAG(s) 'tutorial_taskflow_api' retrieved from /home/airflow/.local/lib/python3.12/site-packages/airflow/example_dags/tutorial_taskflow_api.py
[2025-10-10T08:47:38.378+0000] {logging_mixin.py:190} INFO - [2025-10-10T08:47:38.377+0000] {dag.py:3211} INFO - Sync 1 DAGs
[2025-10-10T08:47:38.409+0000] {logging_mixin.py:190} INFO - [2025-10-10T08:47:38.408+0000] {dag.py:4138} INFO - Setting next_dagrun for tutorial_taskflow_api to None, run_after=None
[2025-10-10T08:47:38.461+0000] {processor.py:208} INFO - Processing /home/airflow/.local/lib/python3.12/site-packages/airflow/example_dags/tutorial_taskflow_api.py took 0.211 seconds
[2025-10-10T08:48:09.226+0000] {processor.py:186} INFO - Started process (PID=1331) to work on /home/airflow/.local/lib/python3.12/site-packages/airflow/example_dags/tutorial_taskflow_api.py
[2025-10-10T08:48:09.229+0000] {processor.py:914} INFO - Processing file /home/airflow/.local/lib/python3.12/site-packages/airflow/example_dags/tutorial_taskflow_api.py for tasks to queue
[2025-10-10T08:48:09.240+0000] {logging_mixin.py:190} INFO - [2025-10-10T08:48:09.239+0000] {dagbag.py:587} INFO - Filling up the DagBag from /home/airflow/.local/lib/python3.12/site-packages/airflow/example_dags/tutorial_taskflow_api.py
[2025-10-10T08:48:09.268+0000] {processor.py:925} INFO - DAG(s) 'tutorial_taskflow_api' retrieved from /home/airflow/.local/lib/python3.12/site-packages/airflow/example_dags/tutorial_taskflow_api.py
[2025-10-10T08:48:09.345+0000] {logging_mixin.py:190} INFO - [2025-10-10T08:48:09.345+0000] {dag.py:3211} INFO - Sync 1 DAGs
[2025-10-10T08:48:09.399+0000] {logging_mixin.py:190} INFO - [2025-10-10T08:48:09.398+0000] {dag.py:4138} INFO - Setting next_dagrun for tutorial_taskflow_api to None, run_after=None
[2025-10-10T08:48:09.466+0000] {processor.py:208} INFO - Processing /home/airflow/.local/lib/python3.12/site-packages/airflow/example_dags/tutorial_taskflow_api.py took 0.258 seconds
[2025-10-10T08:48:39.730+0000] {processor.py:186} INFO - Started process (PID=1394) to work on /home/airflow/.local/lib/python3.12/site-packages/airflow/example_dags/tutorial_taskflow_api.py
[2025-10-10T08:48:39.732+0000] {processor.py:914} INFO - Processing file /home/airflow/.local/lib/python3.12/site-packages/airflow/example_dags/tutorial_taskflow_api.py for tasks to queue
[2025-10-10T08:48:39.737+0000] {logging_mixin.py:190} INFO - [2025-10-10T08:48:39.736+0000] {dagbag.py:587} INFO - Filling up the DagBag from /home/airflow/.local/lib/python3.12/site-packages/airflow/example_dags/tutorial_taskflow_api.py
[2025-10-10T08:48:39.755+0000] {processor.py:925} INFO - DAG(s) 'tutorial_taskflow_api' retrieved from /home/airflow/.local/lib/python3.12/site-packages/airflow/example_dags/tutorial_taskflow_api.py
[2025-10-10T08:48:39.803+0000] {logging_mixin.py:190} INFO - [2025-10-10T08:48:39.802+0000] {dag.py:3211} INFO - Sync 1 DAGs
[2025-10-10T08:48:39.857+0000] {logging_mixin.py:190} INFO - [2025-10-10T08:48:39.857+0000] {dag.py:4138} INFO - Setting next_dagrun for tutorial_taskflow_api to None, run_after=None
[2025-10-10T08:48:39.899+0000] {processor.py:208} INFO - Processing /home/airflow/.local/lib/python3.12/site-packages/airflow/example_dags/tutorial_taskflow_api.py took 0.183 seconds
[2025-10-10T08:49:10.972+0000] {processor.py:186} INFO - Started process (PID=1457) to work on /home/airflow/.local/lib/python3.12/site-packages/airflow/example_dags/tutorial_taskflow_api.py
[2025-10-10T08:49:10.981+0000] {processor.py:914} INFO - Processing file /home/airflow/.local/lib/python3.12/site-packages/airflow/example_dags/tutorial_taskflow_api.py for tasks to queue
[2025-10-10T08:49:10.991+0000] {logging_mixin.py:190} INFO - [2025-10-10T08:49:10.990+0000] {dagbag.py:587} INFO - Filling up the DagBag from /home/airflow/.local/lib/python3.12/site-packages/airflow/example_dags/tutorial_taskflow_api.py
[2025-10-10T08:49:11.042+0000] {processor.py:925} INFO - DAG(s) 'tutorial_taskflow_api' retrieved from /home/airflow/.local/lib/python3.12/site-packages/airflow/example_dags/tutorial_taskflow_api.py
[2025-10-10T08:49:11.178+0000] {logging_mixin.py:190} INFO - [2025-10-10T08:49:11.177+0000] {dag.py:3211} INFO - Sync 1 DAGs
[2025-10-10T08:49:11.264+0000] {logging_mixin.py:190} INFO - [2025-10-10T08:49:11.263+0000] {dag.py:4138} INFO - Setting next_dagrun for tutorial_taskflow_api to None, run_after=None
[2025-10-10T08:49:11.375+0000] {processor.py:208} INFO - Processing /home/airflow/.local/lib/python3.12/site-packages/airflow/example_dags/tutorial_taskflow_api.py took 0.430 seconds
[2025-10-10T08:53:48.162+0000] {processor.py:186} INFO - Started process (PID=77) to work on /home/airflow/.local/lib/python3.12/site-packages/airflow/example_dags/tutorial_taskflow_api.py
[2025-10-10T08:53:48.170+0000] {processor.py:914} INFO - Processing file /home/airflow/.local/lib/python3.12/site-packages/airflow/example_dags/tutorial_taskflow_api.py for tasks to queue
[2025-10-10T08:53:48.187+0000] {logging_mixin.py:190} INFO - [2025-10-10T08:53:48.185+0000] {dagbag.py:587} INFO - Filling up the DagBag from /home/airflow/.local/lib/python3.12/site-packages/airflow/example_dags/tutorial_taskflow_api.py
[2025-10-10T08:53:48.267+0000] {processor.py:925} INFO - DAG(s) 'tutorial_taskflow_api' retrieved from /home/airflow/.local/lib/python3.12/site-packages/airflow/example_dags/tutorial_taskflow_api.py
[2025-10-10T08:53:48.386+0000] {logging_mixin.py:190} INFO - [2025-10-10T08:53:48.386+0000] {dag.py:3211} INFO - Sync 1 DAGs
[2025-10-10T08:53:48.432+0000] {logging_mixin.py:190} INFO - [2025-10-10T08:53:48.431+0000] {dag.py:4138} INFO - Setting next_dagrun for tutorial_taskflow_api to None, run_after=None
[2025-10-10T08:53:48.494+0000] {processor.py:208} INFO - Processing /home/airflow/.local/lib/python3.12/site-packages/airflow/example_dags/tutorial_taskflow_api.py took 0.371 seconds
[2025-10-10T08:54:20.489+0000] {processor.py:186} INFO - Started process (PID=140) to work on /home/airflow/.local/lib/python3.12/site-packages/airflow/example_dags/tutorial_taskflow_api.py
[2025-10-10T08:54:20.525+0000] {processor.py:914} INFO - Processing file /home/airflow/.local/lib/python3.12/site-packages/airflow/example_dags/tutorial_taskflow_api.py for tasks to queue
[2025-10-10T08:54:20.531+0000] {logging_mixin.py:190} INFO - [2025-10-10T08:54:20.530+0000] {dagbag.py:587} INFO - Filling up the DagBag from /home/airflow/.local/lib/python3.12/site-packages/airflow/example_dags/tutorial_taskflow_api.py
[2025-10-10T08:54:20.597+0000] {processor.py:925} INFO - DAG(s) 'tutorial_taskflow_api' retrieved from /home/airflow/.local/lib/python3.12/site-packages/airflow/example_dags/tutorial_taskflow_api.py
[2025-10-10T08:54:20.714+0000] {logging_mixin.py:190} INFO - [2025-10-10T08:54:20.714+0000] {dag.py:3211} INFO - Sync 1 DAGs
[2025-10-10T08:54:20.768+0000] {logging_mixin.py:190} INFO - [2025-10-10T08:54:20.767+0000] {dag.py:4138} INFO - Setting next_dagrun for tutorial_taskflow_api to None, run_after=None
[2025-10-10T08:54:21.045+0000] {processor.py:208} INFO - Processing /home/airflow/.local/lib/python3.12/site-packages/airflow/example_dags/tutorial_taskflow_api.py took 0.578 seconds
[2025-10-10T08:54:51.249+0000] {processor.py:186} INFO - Started process (PID=204) to work on /home/airflow/.local/lib/python3.12/site-packages/airflow/example_dags/tutorial_taskflow_api.py
[2025-10-10T08:54:51.252+0000] {processor.py:914} INFO - Processing file /home/airflow/.local/lib/python3.12/site-packages/airflow/example_dags/tutorial_taskflow_api.py for tasks to queue
[2025-10-10T08:54:51.261+0000] {logging_mixin.py:190} INFO - [2025-10-10T08:54:51.260+0000] {dagbag.py:587} INFO - Filling up the DagBag from /home/airflow/.local/lib/python3.12/site-packages/airflow/example_dags/tutorial_taskflow_api.py
[2025-10-10T08:54:51.298+0000] {processor.py:925} INFO - DAG(s) 'tutorial_taskflow_api' retrieved from /home/airflow/.local/lib/python3.12/site-packages/airflow/example_dags/tutorial_taskflow_api.py
[2025-10-10T08:54:51.375+0000] {logging_mixin.py:190} INFO - [2025-10-10T08:54:51.374+0000] {dag.py:3211} INFO - Sync 1 DAGs
[2025-10-10T08:54:51.414+0000] {logging_mixin.py:190} INFO - [2025-10-10T08:54:51.413+0000] {dag.py:4138} INFO - Setting next_dagrun for tutorial_taskflow_api to None, run_after=None
[2025-10-10T08:54:51.470+0000] {processor.py:208} INFO - Processing /home/airflow/.local/lib/python3.12/site-packages/airflow/example_dags/tutorial_taskflow_api.py took 0.263 seconds
[2025-10-10T08:57:56.754+0000] {processor.py:186} INFO - Started process (PID=78) to work on /home/airflow/.local/lib/python3.12/site-packages/airflow/example_dags/tutorial_taskflow_api.py
[2025-10-10T08:57:56.765+0000] {processor.py:914} INFO - Processing file /home/airflow/.local/lib/python3.12/site-packages/airflow/example_dags/tutorial_taskflow_api.py for tasks to queue
[2025-10-10T08:57:56.777+0000] {logging_mixin.py:190} INFO - [2025-10-10T08:57:56.776+0000] {dagbag.py:587} INFO - Filling up the DagBag from /home/airflow/.local/lib/python3.12/site-packages/airflow/example_dags/tutorial_taskflow_api.py
[2025-10-10T08:57:56.930+0000] {processor.py:925} INFO - DAG(s) 'tutorial_taskflow_api' retrieved from /home/airflow/.local/lib/python3.12/site-packages/airflow/example_dags/tutorial_taskflow_api.py
[2025-10-10T08:57:57.097+0000] {logging_mixin.py:190} INFO - [2025-10-10T08:57:57.096+0000] {dag.py:3211} INFO - Sync 1 DAGs
[2025-10-10T08:57:57.203+0000] {logging_mixin.py:190} INFO - [2025-10-10T08:57:57.202+0000] {dag.py:4138} INFO - Setting next_dagrun for tutorial_taskflow_api to None, run_after=None
[2025-10-10T08:57:57.339+0000] {processor.py:208} INFO - Processing /home/airflow/.local/lib/python3.12/site-packages/airflow/example_dags/tutorial_taskflow_api.py took 0.659 seconds
[2025-10-10T08:58:27.683+0000] {processor.py:186} INFO - Started process (PID=141) to work on /home/airflow/.local/lib/python3.12/site-packages/airflow/example_dags/tutorial_taskflow_api.py
[2025-10-10T08:58:27.686+0000] {processor.py:914} INFO - Processing file /home/airflow/.local/lib/python3.12/site-packages/airflow/example_dags/tutorial_taskflow_api.py for tasks to queue
[2025-10-10T08:58:27.693+0000] {logging_mixin.py:190} INFO - [2025-10-10T08:58:27.692+0000] {dagbag.py:587} INFO - Filling up the DagBag from /home/airflow/.local/lib/python3.12/site-packages/airflow/example_dags/tutorial_taskflow_api.py
[2025-10-10T08:58:27.722+0000] {processor.py:925} INFO - DAG(s) 'tutorial_taskflow_api' retrieved from /home/airflow/.local/lib/python3.12/site-packages/airflow/example_dags/tutorial_taskflow_api.py
[2025-10-10T08:58:27.788+0000] {logging_mixin.py:190} INFO - [2025-10-10T08:58:27.787+0000] {dag.py:3211} INFO - Sync 1 DAGs
[2025-10-10T08:58:27.840+0000] {logging_mixin.py:190} INFO - [2025-10-10T08:58:27.839+0000] {dag.py:4138} INFO - Setting next_dagrun for tutorial_taskflow_api to None, run_after=None
[2025-10-10T08:58:27.889+0000] {processor.py:208} INFO - Processing /home/airflow/.local/lib/python3.12/site-packages/airflow/example_dags/tutorial_taskflow_api.py took 0.227 seconds
[2025-10-10T09:01:22.134+0000] {processor.py:186} INFO - Started process (PID=77) to work on /home/airflow/.local/lib/python3.12/site-packages/airflow/example_dags/tutorial_taskflow_api.py
[2025-10-10T09:01:22.137+0000] {processor.py:914} INFO - Processing file /home/airflow/.local/lib/python3.12/site-packages/airflow/example_dags/tutorial_taskflow_api.py for tasks to queue
[2025-10-10T09:01:22.145+0000] {logging_mixin.py:190} INFO - [2025-10-10T09:01:22.144+0000] {dagbag.py:587} INFO - Filling up the DagBag from /home/airflow/.local/lib/python3.12/site-packages/airflow/example_dags/tutorial_taskflow_api.py
[2025-10-10T09:01:22.183+0000] {processor.py:925} INFO - DAG(s) 'tutorial_taskflow_api' retrieved from /home/airflow/.local/lib/python3.12/site-packages/airflow/example_dags/tutorial_taskflow_api.py
[2025-10-10T09:01:22.250+0000] {logging_mixin.py:190} INFO - [2025-10-10T09:01:22.249+0000] {dag.py:3211} INFO - Sync 1 DAGs
[2025-10-10T09:01:22.505+0000] {logging_mixin.py:190} INFO - [2025-10-10T09:01:22.499+0000] {dag.py:4138} INFO - Setting next_dagrun for tutorial_taskflow_api to None, run_after=None
[2025-10-10T09:01:23.447+0000] {processor.py:208} INFO - Processing /home/airflow/.local/lib/python3.12/site-packages/airflow/example_dags/tutorial_taskflow_api.py took 1.334 seconds
[2025-10-10T09:01:54.202+0000] {processor.py:186} INFO - Started process (PID=140) to work on /home/airflow/.local/lib/python3.12/site-packages/airflow/example_dags/tutorial_taskflow_api.py
[2025-10-10T09:01:54.207+0000] {processor.py:914} INFO - Processing file /home/airflow/.local/lib/python3.12/site-packages/airflow/example_dags/tutorial_taskflow_api.py for tasks to queue
[2025-10-10T09:01:54.216+0000] {logging_mixin.py:190} INFO - [2025-10-10T09:01:54.215+0000] {dagbag.py:587} INFO - Filling up the DagBag from /home/airflow/.local/lib/python3.12/site-packages/airflow/example_dags/tutorial_taskflow_api.py
[2025-10-10T09:01:54.252+0000] {processor.py:925} INFO - DAG(s) 'tutorial_taskflow_api' retrieved from /home/airflow/.local/lib/python3.12/site-packages/airflow/example_dags/tutorial_taskflow_api.py
[2025-10-10T09:01:54.373+0000] {logging_mixin.py:190} INFO - [2025-10-10T09:01:54.372+0000] {dag.py:3211} INFO - Sync 1 DAGs
[2025-10-10T09:01:54.497+0000] {logging_mixin.py:190} INFO - [2025-10-10T09:01:54.495+0000] {dag.py:4138} INFO - Setting next_dagrun for tutorial_taskflow_api to None, run_after=None
[2025-10-10T09:01:54.584+0000] {processor.py:208} INFO - Processing /home/airflow/.local/lib/python3.12/site-packages/airflow/example_dags/tutorial_taskflow_api.py took 0.403 seconds
[2025-10-10T09:02:24.956+0000] {processor.py:186} INFO - Started process (PID=202) to work on /home/airflow/.local/lib/python3.12/site-packages/airflow/example_dags/tutorial_taskflow_api.py
[2025-10-10T09:02:24.960+0000] {processor.py:914} INFO - Processing file /home/airflow/.local/lib/python3.12/site-packages/airflow/example_dags/tutorial_taskflow_api.py for tasks to queue
[2025-10-10T09:02:24.969+0000] {logging_mixin.py:190} INFO - [2025-10-10T09:02:24.968+0000] {dagbag.py:587} INFO - Filling up the DagBag from /home/airflow/.local/lib/python3.12/site-packages/airflow/example_dags/tutorial_taskflow_api.py
[2025-10-10T09:02:25.013+0000] {processor.py:925} INFO - DAG(s) 'tutorial_taskflow_api' retrieved from /home/airflow/.local/lib/python3.12/site-packages/airflow/example_dags/tutorial_taskflow_api.py
[2025-10-10T09:02:25.126+0000] {logging_mixin.py:190} INFO - [2025-10-10T09:02:25.126+0000] {dag.py:3211} INFO - Sync 1 DAGs
[2025-10-10T09:02:25.193+0000] {logging_mixin.py:190} INFO - [2025-10-10T09:02:25.192+0000] {dag.py:4138} INFO - Setting next_dagrun for tutorial_taskflow_api to None, run_after=None
[2025-10-10T09:02:25.254+0000] {processor.py:208} INFO - Processing /home/airflow/.local/lib/python3.12/site-packages/airflow/example_dags/tutorial_taskflow_api.py took 0.320 seconds
[2025-10-10T09:02:56.614+0000] {processor.py:186} INFO - Started process (PID=267) to work on /home/airflow/.local/lib/python3.12/site-packages/airflow/example_dags/tutorial_taskflow_api.py
[2025-10-10T09:02:56.617+0000] {processor.py:914} INFO - Processing file /home/airflow/.local/lib/python3.12/site-packages/airflow/example_dags/tutorial_taskflow_api.py for tasks to queue
[2025-10-10T09:02:56.623+0000] {logging_mixin.py:190} INFO - [2025-10-10T09:02:56.622+0000] {dagbag.py:587} INFO - Filling up the DagBag from /home/airflow/.local/lib/python3.12/site-packages/airflow/example_dags/tutorial_taskflow_api.py
[2025-10-10T09:02:56.650+0000] {processor.py:925} INFO - DAG(s) 'tutorial_taskflow_api' retrieved from /home/airflow/.local/lib/python3.12/site-packages/airflow/example_dags/tutorial_taskflow_api.py
[2025-10-10T09:02:56.733+0000] {logging_mixin.py:190} INFO - [2025-10-10T09:02:56.732+0000] {dag.py:3211} INFO - Sync 1 DAGs
[2025-10-10T09:02:56.812+0000] {logging_mixin.py:190} INFO - [2025-10-10T09:02:56.811+0000] {dag.py:4138} INFO - Setting next_dagrun for tutorial_taskflow_api to None, run_after=None
[2025-10-10T09:02:56.923+0000] {processor.py:208} INFO - Processing /home/airflow/.local/lib/python3.12/site-packages/airflow/example_dags/tutorial_taskflow_api.py took 0.325 seconds
[2025-10-10T09:03:27.237+0000] {processor.py:186} INFO - Started process (PID=330) to work on /home/airflow/.local/lib/python3.12/site-packages/airflow/example_dags/tutorial_taskflow_api.py
[2025-10-10T09:03:27.240+0000] {processor.py:914} INFO - Processing file /home/airflow/.local/lib/python3.12/site-packages/airflow/example_dags/tutorial_taskflow_api.py for tasks to queue
[2025-10-10T09:03:27.247+0000] {logging_mixin.py:190} INFO - [2025-10-10T09:03:27.246+0000] {dagbag.py:587} INFO - Filling up the DagBag from /home/airflow/.local/lib/python3.12/site-packages/airflow/example_dags/tutorial_taskflow_api.py
[2025-10-10T09:03:27.271+0000] {processor.py:925} INFO - DAG(s) 'tutorial_taskflow_api' retrieved from /home/airflow/.local/lib/python3.12/site-packages/airflow/example_dags/tutorial_taskflow_api.py
[2025-10-10T09:03:27.328+0000] {logging_mixin.py:190} INFO - [2025-10-10T09:03:27.327+0000] {dag.py:3211} INFO - Sync 1 DAGs
[2025-10-10T09:03:27.368+0000] {logging_mixin.py:190} INFO - [2025-10-10T09:03:27.368+0000] {dag.py:4138} INFO - Setting next_dagrun for tutorial_taskflow_api to None, run_after=None
[2025-10-10T09:03:27.421+0000] {processor.py:208} INFO - Processing /home/airflow/.local/lib/python3.12/site-packages/airflow/example_dags/tutorial_taskflow_api.py took 0.200 seconds
[2025-10-10T09:03:57.841+0000] {processor.py:186} INFO - Started process (PID=392) to work on /home/airflow/.local/lib/python3.12/site-packages/airflow/example_dags/tutorial_taskflow_api.py
[2025-10-10T09:03:57.845+0000] {processor.py:914} INFO - Processing file /home/airflow/.local/lib/python3.12/site-packages/airflow/example_dags/tutorial_taskflow_api.py for tasks to queue
[2025-10-10T09:03:57.853+0000] {logging_mixin.py:190} INFO - [2025-10-10T09:03:57.852+0000] {dagbag.py:587} INFO - Filling up the DagBag from /home/airflow/.local/lib/python3.12/site-packages/airflow/example_dags/tutorial_taskflow_api.py
[2025-10-10T09:03:57.881+0000] {processor.py:925} INFO - DAG(s) 'tutorial_taskflow_api' retrieved from /home/airflow/.local/lib/python3.12/site-packages/airflow/example_dags/tutorial_taskflow_api.py
[2025-10-10T09:03:57.936+0000] {logging_mixin.py:190} INFO - [2025-10-10T09:03:57.936+0000] {dag.py:3211} INFO - Sync 1 DAGs
[2025-10-10T09:03:57.970+0000] {logging_mixin.py:190} INFO - [2025-10-10T09:03:57.969+0000] {dag.py:4138} INFO - Setting next_dagrun for tutorial_taskflow_api to None, run_after=None
[2025-10-10T09:03:58.021+0000] {processor.py:208} INFO - Processing /home/airflow/.local/lib/python3.12/site-packages/airflow/example_dags/tutorial_taskflow_api.py took 0.200 seconds
[2025-10-10T09:04:28.290+0000] {processor.py:186} INFO - Started process (PID=455) to work on /home/airflow/.local/lib/python3.12/site-packages/airflow/example_dags/tutorial_taskflow_api.py
[2025-10-10T09:04:28.293+0000] {processor.py:914} INFO - Processing file /home/airflow/.local/lib/python3.12/site-packages/airflow/example_dags/tutorial_taskflow_api.py for tasks to queue
[2025-10-10T09:04:28.302+0000] {logging_mixin.py:190} INFO - [2025-10-10T09:04:28.301+0000] {dagbag.py:587} INFO - Filling up the DagBag from /home/airflow/.local/lib/python3.12/site-packages/airflow/example_dags/tutorial_taskflow_api.py
[2025-10-10T09:04:28.325+0000] {processor.py:925} INFO - DAG(s) 'tutorial_taskflow_api' retrieved from /home/airflow/.local/lib/python3.12/site-packages/airflow/example_dags/tutorial_taskflow_api.py
[2025-10-10T09:04:28.378+0000] {logging_mixin.py:190} INFO - [2025-10-10T09:04:28.378+0000] {dag.py:3211} INFO - Sync 1 DAGs
[2025-10-10T09:04:28.416+0000] {logging_mixin.py:190} INFO - [2025-10-10T09:04:28.416+0000] {dag.py:4138} INFO - Setting next_dagrun for tutorial_taskflow_api to None, run_after=None
[2025-10-10T09:04:28.466+0000] {processor.py:208} INFO - Processing /home/airflow/.local/lib/python3.12/site-packages/airflow/example_dags/tutorial_taskflow_api.py took 0.204 seconds
[2025-10-10T09:04:58.766+0000] {processor.py:186} INFO - Started process (PID=518) to work on /home/airflow/.local/lib/python3.12/site-packages/airflow/example_dags/tutorial_taskflow_api.py
[2025-10-10T09:04:58.769+0000] {processor.py:914} INFO - Processing file /home/airflow/.local/lib/python3.12/site-packages/airflow/example_dags/tutorial_taskflow_api.py for tasks to queue
[2025-10-10T09:04:58.774+0000] {logging_mixin.py:190} INFO - [2025-10-10T09:04:58.773+0000] {dagbag.py:587} INFO - Filling up the DagBag from /home/airflow/.local/lib/python3.12/site-packages/airflow/example_dags/tutorial_taskflow_api.py
[2025-10-10T09:04:58.789+0000] {processor.py:925} INFO - DAG(s) 'tutorial_taskflow_api' retrieved from /home/airflow/.local/lib/python3.12/site-packages/airflow/example_dags/tutorial_taskflow_api.py
[2025-10-10T09:04:58.838+0000] {logging_mixin.py:190} INFO - [2025-10-10T09:04:58.837+0000] {dag.py:3211} INFO - Sync 1 DAGs
[2025-10-10T09:04:58.868+0000] {logging_mixin.py:190} INFO - [2025-10-10T09:04:58.867+0000] {dag.py:4138} INFO - Setting next_dagrun for tutorial_taskflow_api to None, run_after=None
[2025-10-10T09:04:58.910+0000] {processor.py:208} INFO - Processing /home/airflow/.local/lib/python3.12/site-packages/airflow/example_dags/tutorial_taskflow_api.py took 0.160 seconds
[2025-10-10T09:05:30.016+0000] {processor.py:186} INFO - Started process (PID=581) to work on /home/airflow/.local/lib/python3.12/site-packages/airflow/example_dags/tutorial_taskflow_api.py
[2025-10-10T09:05:30.022+0000] {processor.py:914} INFO - Processing file /home/airflow/.local/lib/python3.12/site-packages/airflow/example_dags/tutorial_taskflow_api.py for tasks to queue
[2025-10-10T09:05:30.038+0000] {logging_mixin.py:190} INFO - [2025-10-10T09:05:30.037+0000] {dagbag.py:587} INFO - Filling up the DagBag from /home/airflow/.local/lib/python3.12/site-packages/airflow/example_dags/tutorial_taskflow_api.py
[2025-10-10T09:05:30.069+0000] {processor.py:925} INFO - DAG(s) 'tutorial_taskflow_api' retrieved from /home/airflow/.local/lib/python3.12/site-packages/airflow/example_dags/tutorial_taskflow_api.py
[2025-10-10T09:05:30.128+0000] {logging_mixin.py:190} INFO - [2025-10-10T09:05:30.128+0000] {dag.py:3211} INFO - Sync 1 DAGs
[2025-10-10T09:05:30.162+0000] {logging_mixin.py:190} INFO - [2025-10-10T09:05:30.162+0000] {dag.py:4138} INFO - Setting next_dagrun for tutorial_taskflow_api to None, run_after=None
[2025-10-10T09:05:30.208+0000] {processor.py:208} INFO - Processing /home/airflow/.local/lib/python3.12/site-packages/airflow/example_dags/tutorial_taskflow_api.py took 0.234 seconds
