[2025-10-10T08:37:56.117+0000] {processor.py:186} INFO - Started process (PID=94) to work on /home/airflow/.local/lib/python3.12/site-packages/airflow/example_dags/tutorial_objectstorage.py
[2025-10-10T08:37:56.120+0000] {processor.py:914} INFO - Processing file /home/airflow/.local/lib/python3.12/site-packages/airflow/example_dags/tutorial_objectstorage.py for tasks to queue
[2025-10-10T08:37:56.126+0000] {logging_mixin.py:190} INFO - [2025-10-10T08:37:56.125+0000] {dagbag.py:587} INFO - Filling up the DagBag from /home/airflow/.local/lib/python3.12/site-packages/airflow/example_dags/tutorial_objectstorage.py
[2025-10-10T08:37:56.150+0000] {processor.py:925} INFO - DAG(s) 'tutorial_objectstorage' retrieved from /home/airflow/.local/lib/python3.12/site-packages/airflow/example_dags/tutorial_objectstorage.py
[2025-10-10T08:37:56.198+0000] {logging_mixin.py:190} INFO - [2025-10-10T08:37:56.198+0000] {dag.py:3211} INFO - Sync 1 DAGs
[2025-10-10T08:37:56.231+0000] {logging_mixin.py:190} INFO - [2025-10-10T08:37:56.231+0000] {dag.py:4138} INFO - Setting next_dagrun for tutorial_objectstorage to None, run_after=None
[2025-10-10T08:37:56.272+0000] {processor.py:208} INFO - Processing /home/airflow/.local/lib/python3.12/site-packages/airflow/example_dags/tutorial_objectstorage.py took 0.172 seconds
[2025-10-10T08:38:27.174+0000] {processor.py:186} INFO - Started process (PID=157) to work on /home/airflow/.local/lib/python3.12/site-packages/airflow/example_dags/tutorial_objectstorage.py
[2025-10-10T08:38:27.178+0000] {processor.py:914} INFO - Processing file /home/airflow/.local/lib/python3.12/site-packages/airflow/example_dags/tutorial_objectstorage.py for tasks to queue
[2025-10-10T08:38:27.185+0000] {logging_mixin.py:190} INFO - [2025-10-10T08:38:27.184+0000] {dagbag.py:587} INFO - Filling up the DagBag from /home/airflow/.local/lib/python3.12/site-packages/airflow/example_dags/tutorial_objectstorage.py
[2025-10-10T08:38:27.220+0000] {processor.py:925} INFO - DAG(s) 'tutorial_objectstorage' retrieved from /home/airflow/.local/lib/python3.12/site-packages/airflow/example_dags/tutorial_objectstorage.py
[2025-10-10T08:38:27.289+0000] {logging_mixin.py:190} INFO - [2025-10-10T08:38:27.289+0000] {dag.py:3211} INFO - Sync 1 DAGs
[2025-10-10T08:38:27.332+0000] {logging_mixin.py:190} INFO - [2025-10-10T08:38:27.331+0000] {dag.py:4138} INFO - Setting next_dagrun for tutorial_objectstorage to None, run_after=None
[2025-10-10T08:38:27.372+0000] {processor.py:208} INFO - Processing /home/airflow/.local/lib/python3.12/site-packages/airflow/example_dags/tutorial_objectstorage.py took 0.217 seconds
[2025-10-10T08:38:58.191+0000] {processor.py:186} INFO - Started process (PID=220) to work on /home/airflow/.local/lib/python3.12/site-packages/airflow/example_dags/tutorial_objectstorage.py
[2025-10-10T08:38:58.193+0000] {processor.py:914} INFO - Processing file /home/airflow/.local/lib/python3.12/site-packages/airflow/example_dags/tutorial_objectstorage.py for tasks to queue
[2025-10-10T08:38:58.199+0000] {logging_mixin.py:190} INFO - [2025-10-10T08:38:58.198+0000] {dagbag.py:587} INFO - Filling up the DagBag from /home/airflow/.local/lib/python3.12/site-packages/airflow/example_dags/tutorial_objectstorage.py
[2025-10-10T08:38:58.219+0000] {processor.py:925} INFO - DAG(s) 'tutorial_objectstorage' retrieved from /home/airflow/.local/lib/python3.12/site-packages/airflow/example_dags/tutorial_objectstorage.py
[2025-10-10T08:38:58.263+0000] {logging_mixin.py:190} INFO - [2025-10-10T08:38:58.263+0000] {dag.py:3211} INFO - Sync 1 DAGs
[2025-10-10T08:38:58.303+0000] {logging_mixin.py:190} INFO - [2025-10-10T08:38:58.303+0000] {dag.py:4138} INFO - Setting next_dagrun for tutorial_objectstorage to None, run_after=None
[2025-10-10T08:38:58.353+0000] {processor.py:208} INFO - Processing /home/airflow/.local/lib/python3.12/site-packages/airflow/example_dags/tutorial_objectstorage.py took 0.178 seconds
[2025-10-10T08:39:28.744+0000] {processor.py:186} INFO - Started process (PID=283) to work on /home/airflow/.local/lib/python3.12/site-packages/airflow/example_dags/tutorial_objectstorage.py
[2025-10-10T08:39:28.746+0000] {processor.py:914} INFO - Processing file /home/airflow/.local/lib/python3.12/site-packages/airflow/example_dags/tutorial_objectstorage.py for tasks to queue
[2025-10-10T08:39:28.752+0000] {logging_mixin.py:190} INFO - [2025-10-10T08:39:28.752+0000] {dagbag.py:587} INFO - Filling up the DagBag from /home/airflow/.local/lib/python3.12/site-packages/airflow/example_dags/tutorial_objectstorage.py
[2025-10-10T08:39:28.773+0000] {processor.py:925} INFO - DAG(s) 'tutorial_objectstorage' retrieved from /home/airflow/.local/lib/python3.12/site-packages/airflow/example_dags/tutorial_objectstorage.py
[2025-10-10T08:39:28.821+0000] {logging_mixin.py:190} INFO - [2025-10-10T08:39:28.820+0000] {dag.py:3211} INFO - Sync 1 DAGs
[2025-10-10T08:39:28.856+0000] {logging_mixin.py:190} INFO - [2025-10-10T08:39:28.856+0000] {dag.py:4138} INFO - Setting next_dagrun for tutorial_objectstorage to None, run_after=None
[2025-10-10T08:39:28.905+0000] {processor.py:208} INFO - Processing /home/airflow/.local/lib/python3.12/site-packages/airflow/example_dags/tutorial_objectstorage.py took 0.176 seconds
[2025-10-10T08:40:01.150+0000] {processor.py:186} INFO - Started process (PID=346) to work on /home/airflow/.local/lib/python3.12/site-packages/airflow/example_dags/tutorial_objectstorage.py
[2025-10-10T08:40:01.152+0000] {processor.py:914} INFO - Processing file /home/airflow/.local/lib/python3.12/site-packages/airflow/example_dags/tutorial_objectstorage.py for tasks to queue
[2025-10-10T08:40:01.158+0000] {logging_mixin.py:190} INFO - [2025-10-10T08:40:01.158+0000] {dagbag.py:587} INFO - Filling up the DagBag from /home/airflow/.local/lib/python3.12/site-packages/airflow/example_dags/tutorial_objectstorage.py
[2025-10-10T08:40:01.180+0000] {processor.py:925} INFO - DAG(s) 'tutorial_objectstorage' retrieved from /home/airflow/.local/lib/python3.12/site-packages/airflow/example_dags/tutorial_objectstorage.py
[2025-10-10T08:40:01.219+0000] {logging_mixin.py:190} INFO - [2025-10-10T08:40:01.219+0000] {dag.py:3211} INFO - Sync 1 DAGs
[2025-10-10T08:40:01.248+0000] {logging_mixin.py:190} INFO - [2025-10-10T08:40:01.248+0000] {dag.py:4138} INFO - Setting next_dagrun for tutorial_objectstorage to None, run_after=None
[2025-10-10T08:40:01.289+0000] {processor.py:208} INFO - Processing /home/airflow/.local/lib/python3.12/site-packages/airflow/example_dags/tutorial_objectstorage.py took 0.158 seconds
[2025-10-10T08:40:32.458+0000] {processor.py:186} INFO - Started process (PID=409) to work on /home/airflow/.local/lib/python3.12/site-packages/airflow/example_dags/tutorial_objectstorage.py
[2025-10-10T08:40:32.460+0000] {processor.py:914} INFO - Processing file /home/airflow/.local/lib/python3.12/site-packages/airflow/example_dags/tutorial_objectstorage.py for tasks to queue
[2025-10-10T08:40:32.465+0000] {logging_mixin.py:190} INFO - [2025-10-10T08:40:32.465+0000] {dagbag.py:587} INFO - Filling up the DagBag from /home/airflow/.local/lib/python3.12/site-packages/airflow/example_dags/tutorial_objectstorage.py
[2025-10-10T08:40:32.484+0000] {processor.py:925} INFO - DAG(s) 'tutorial_objectstorage' retrieved from /home/airflow/.local/lib/python3.12/site-packages/airflow/example_dags/tutorial_objectstorage.py
[2025-10-10T08:40:32.526+0000] {logging_mixin.py:190} INFO - [2025-10-10T08:40:32.526+0000] {dag.py:3211} INFO - Sync 1 DAGs
[2025-10-10T08:40:32.564+0000] {logging_mixin.py:190} INFO - [2025-10-10T08:40:32.563+0000] {dag.py:4138} INFO - Setting next_dagrun for tutorial_objectstorage to None, run_after=None
[2025-10-10T08:40:32.621+0000] {processor.py:208} INFO - Processing /home/airflow/.local/lib/python3.12/site-packages/airflow/example_dags/tutorial_objectstorage.py took 0.175 seconds
[2025-10-10T08:41:03.068+0000] {processor.py:186} INFO - Started process (PID=471) to work on /home/airflow/.local/lib/python3.12/site-packages/airflow/example_dags/tutorial_objectstorage.py
[2025-10-10T08:41:03.071+0000] {processor.py:914} INFO - Processing file /home/airflow/.local/lib/python3.12/site-packages/airflow/example_dags/tutorial_objectstorage.py for tasks to queue
[2025-10-10T08:41:03.080+0000] {logging_mixin.py:190} INFO - [2025-10-10T08:41:03.078+0000] {dagbag.py:587} INFO - Filling up the DagBag from /home/airflow/.local/lib/python3.12/site-packages/airflow/example_dags/tutorial_objectstorage.py
[2025-10-10T08:41:03.104+0000] {processor.py:925} INFO - DAG(s) 'tutorial_objectstorage' retrieved from /home/airflow/.local/lib/python3.12/site-packages/airflow/example_dags/tutorial_objectstorage.py
[2025-10-10T08:41:03.170+0000] {logging_mixin.py:190} INFO - [2025-10-10T08:41:03.169+0000] {dag.py:3211} INFO - Sync 1 DAGs
[2025-10-10T08:41:03.206+0000] {logging_mixin.py:190} INFO - [2025-10-10T08:41:03.206+0000] {dag.py:4138} INFO - Setting next_dagrun for tutorial_objectstorage to None, run_after=None
[2025-10-10T08:41:03.250+0000] {processor.py:208} INFO - Processing /home/airflow/.local/lib/python3.12/site-packages/airflow/example_dags/tutorial_objectstorage.py took 0.202 seconds
[2025-10-10T08:41:33.377+0000] {processor.py:186} INFO - Started process (PID=534) to work on /home/airflow/.local/lib/python3.12/site-packages/airflow/example_dags/tutorial_objectstorage.py
[2025-10-10T08:41:33.379+0000] {processor.py:914} INFO - Processing file /home/airflow/.local/lib/python3.12/site-packages/airflow/example_dags/tutorial_objectstorage.py for tasks to queue
[2025-10-10T08:41:33.384+0000] {logging_mixin.py:190} INFO - [2025-10-10T08:41:33.383+0000] {dagbag.py:587} INFO - Filling up the DagBag from /home/airflow/.local/lib/python3.12/site-packages/airflow/example_dags/tutorial_objectstorage.py
[2025-10-10T08:41:33.401+0000] {processor.py:925} INFO - DAG(s) 'tutorial_objectstorage' retrieved from /home/airflow/.local/lib/python3.12/site-packages/airflow/example_dags/tutorial_objectstorage.py
[2025-10-10T08:41:33.439+0000] {logging_mixin.py:190} INFO - [2025-10-10T08:41:33.438+0000] {dag.py:3211} INFO - Sync 1 DAGs
[2025-10-10T08:41:33.463+0000] {logging_mixin.py:190} INFO - [2025-10-10T08:41:33.463+0000] {dag.py:4138} INFO - Setting next_dagrun for tutorial_objectstorage to None, run_after=None
[2025-10-10T08:41:33.503+0000] {processor.py:208} INFO - Processing /home/airflow/.local/lib/python3.12/site-packages/airflow/example_dags/tutorial_objectstorage.py took 0.138 seconds
[2025-10-10T08:42:04.046+0000] {processor.py:186} INFO - Started process (PID=597) to work on /home/airflow/.local/lib/python3.12/site-packages/airflow/example_dags/tutorial_objectstorage.py
[2025-10-10T08:42:04.050+0000] {processor.py:914} INFO - Processing file /home/airflow/.local/lib/python3.12/site-packages/airflow/example_dags/tutorial_objectstorage.py for tasks to queue
[2025-10-10T08:42:04.071+0000] {logging_mixin.py:190} INFO - [2025-10-10T08:42:04.070+0000] {dagbag.py:587} INFO - Filling up the DagBag from /home/airflow/.local/lib/python3.12/site-packages/airflow/example_dags/tutorial_objectstorage.py
[2025-10-10T08:42:04.110+0000] {processor.py:925} INFO - DAG(s) 'tutorial_objectstorage' retrieved from /home/airflow/.local/lib/python3.12/site-packages/airflow/example_dags/tutorial_objectstorage.py
[2025-10-10T08:42:04.178+0000] {logging_mixin.py:190} INFO - [2025-10-10T08:42:04.177+0000] {dag.py:3211} INFO - Sync 1 DAGs
[2025-10-10T08:42:04.250+0000] {logging_mixin.py:190} INFO - [2025-10-10T08:42:04.250+0000] {dag.py:4138} INFO - Setting next_dagrun for tutorial_objectstorage to None, run_after=None
[2025-10-10T08:42:04.349+0000] {processor.py:208} INFO - Processing /home/airflow/.local/lib/python3.12/site-packages/airflow/example_dags/tutorial_objectstorage.py took 0.325 seconds
[2025-10-10T08:42:35.290+0000] {processor.py:186} INFO - Started process (PID=660) to work on /home/airflow/.local/lib/python3.12/site-packages/airflow/example_dags/tutorial_objectstorage.py
[2025-10-10T08:42:35.294+0000] {processor.py:914} INFO - Processing file /home/airflow/.local/lib/python3.12/site-packages/airflow/example_dags/tutorial_objectstorage.py for tasks to queue
[2025-10-10T08:42:35.305+0000] {logging_mixin.py:190} INFO - [2025-10-10T08:42:35.303+0000] {dagbag.py:587} INFO - Filling up the DagBag from /home/airflow/.local/lib/python3.12/site-packages/airflow/example_dags/tutorial_objectstorage.py
[2025-10-10T08:42:35.355+0000] {processor.py:925} INFO - DAG(s) 'tutorial_objectstorage' retrieved from /home/airflow/.local/lib/python3.12/site-packages/airflow/example_dags/tutorial_objectstorage.py
[2025-10-10T08:42:35.494+0000] {logging_mixin.py:190} INFO - [2025-10-10T08:42:35.494+0000] {dag.py:3211} INFO - Sync 1 DAGs
[2025-10-10T08:42:35.564+0000] {logging_mixin.py:190} INFO - [2025-10-10T08:42:35.563+0000] {dag.py:4138} INFO - Setting next_dagrun for tutorial_objectstorage to None, run_after=None
[2025-10-10T08:42:35.640+0000] {processor.py:208} INFO - Processing /home/airflow/.local/lib/python3.12/site-packages/airflow/example_dags/tutorial_objectstorage.py took 0.378 seconds
[2025-10-10T08:43:06.529+0000] {processor.py:186} INFO - Started process (PID=723) to work on /home/airflow/.local/lib/python3.12/site-packages/airflow/example_dags/tutorial_objectstorage.py
[2025-10-10T08:43:06.538+0000] {processor.py:914} INFO - Processing file /home/airflow/.local/lib/python3.12/site-packages/airflow/example_dags/tutorial_objectstorage.py for tasks to queue
[2025-10-10T08:43:06.553+0000] {logging_mixin.py:190} INFO - [2025-10-10T08:43:06.551+0000] {dagbag.py:587} INFO - Filling up the DagBag from /home/airflow/.local/lib/python3.12/site-packages/airflow/example_dags/tutorial_objectstorage.py
[2025-10-10T08:43:06.604+0000] {processor.py:925} INFO - DAG(s) 'tutorial_objectstorage' retrieved from /home/airflow/.local/lib/python3.12/site-packages/airflow/example_dags/tutorial_objectstorage.py
[2025-10-10T08:43:06.718+0000] {logging_mixin.py:190} INFO - [2025-10-10T08:43:06.716+0000] {dag.py:3211} INFO - Sync 1 DAGs
[2025-10-10T08:43:06.810+0000] {logging_mixin.py:190} INFO - [2025-10-10T08:43:06.809+0000] {dag.py:4138} INFO - Setting next_dagrun for tutorial_objectstorage to None, run_after=None
[2025-10-10T08:43:06.936+0000] {processor.py:208} INFO - Processing /home/airflow/.local/lib/python3.12/site-packages/airflow/example_dags/tutorial_objectstorage.py took 0.447 seconds
[2025-10-10T08:43:37.172+0000] {processor.py:186} INFO - Started process (PID=785) to work on /home/airflow/.local/lib/python3.12/site-packages/airflow/example_dags/tutorial_objectstorage.py
[2025-10-10T08:43:37.178+0000] {processor.py:914} INFO - Processing file /home/airflow/.local/lib/python3.12/site-packages/airflow/example_dags/tutorial_objectstorage.py for tasks to queue
[2025-10-10T08:43:37.192+0000] {logging_mixin.py:190} INFO - [2025-10-10T08:43:37.190+0000] {dagbag.py:587} INFO - Filling up the DagBag from /home/airflow/.local/lib/python3.12/site-packages/airflow/example_dags/tutorial_objectstorage.py
[2025-10-10T08:43:37.236+0000] {processor.py:925} INFO - DAG(s) 'tutorial_objectstorage' retrieved from /home/airflow/.local/lib/python3.12/site-packages/airflow/example_dags/tutorial_objectstorage.py
[2025-10-10T08:43:37.331+0000] {logging_mixin.py:190} INFO - [2025-10-10T08:43:37.330+0000] {dag.py:3211} INFO - Sync 1 DAGs
[2025-10-10T08:43:37.375+0000] {logging_mixin.py:190} INFO - [2025-10-10T08:43:37.374+0000] {dag.py:4138} INFO - Setting next_dagrun for tutorial_objectstorage to None, run_after=None
[2025-10-10T08:43:37.421+0000] {processor.py:208} INFO - Processing /home/airflow/.local/lib/python3.12/site-packages/airflow/example_dags/tutorial_objectstorage.py took 0.277 seconds
[2025-10-10T08:44:07.965+0000] {processor.py:186} INFO - Started process (PID=848) to work on /home/airflow/.local/lib/python3.12/site-packages/airflow/example_dags/tutorial_objectstorage.py
[2025-10-10T08:44:07.968+0000] {processor.py:914} INFO - Processing file /home/airflow/.local/lib/python3.12/site-packages/airflow/example_dags/tutorial_objectstorage.py for tasks to queue
[2025-10-10T08:44:07.977+0000] {logging_mixin.py:190} INFO - [2025-10-10T08:44:07.975+0000] {dagbag.py:587} INFO - Filling up the DagBag from /home/airflow/.local/lib/python3.12/site-packages/airflow/example_dags/tutorial_objectstorage.py
[2025-10-10T08:44:08.002+0000] {processor.py:925} INFO - DAG(s) 'tutorial_objectstorage' retrieved from /home/airflow/.local/lib/python3.12/site-packages/airflow/example_dags/tutorial_objectstorage.py
[2025-10-10T08:44:08.051+0000] {logging_mixin.py:190} INFO - [2025-10-10T08:44:08.051+0000] {dag.py:3211} INFO - Sync 1 DAGs
[2025-10-10T08:44:08.096+0000] {logging_mixin.py:190} INFO - [2025-10-10T08:44:08.095+0000] {dag.py:4138} INFO - Setting next_dagrun for tutorial_objectstorage to None, run_after=None
[2025-10-10T08:44:08.222+0000] {processor.py:208} INFO - Processing /home/airflow/.local/lib/python3.12/site-packages/airflow/example_dags/tutorial_objectstorage.py took 0.276 seconds
[2025-10-10T08:44:39.337+0000] {processor.py:186} INFO - Started process (PID=910) to work on /home/airflow/.local/lib/python3.12/site-packages/airflow/example_dags/tutorial_objectstorage.py
[2025-10-10T08:44:39.341+0000] {processor.py:914} INFO - Processing file /home/airflow/.local/lib/python3.12/site-packages/airflow/example_dags/tutorial_objectstorage.py for tasks to queue
[2025-10-10T08:44:39.351+0000] {logging_mixin.py:190} INFO - [2025-10-10T08:44:39.348+0000] {dagbag.py:587} INFO - Filling up the DagBag from /home/airflow/.local/lib/python3.12/site-packages/airflow/example_dags/tutorial_objectstorage.py
[2025-10-10T08:44:39.377+0000] {processor.py:925} INFO - DAG(s) 'tutorial_objectstorage' retrieved from /home/airflow/.local/lib/python3.12/site-packages/airflow/example_dags/tutorial_objectstorage.py
[2025-10-10T08:44:39.444+0000] {logging_mixin.py:190} INFO - [2025-10-10T08:44:39.443+0000] {dag.py:3211} INFO - Sync 1 DAGs
[2025-10-10T08:44:39.499+0000] {logging_mixin.py:190} INFO - [2025-10-10T08:44:39.499+0000] {dag.py:4138} INFO - Setting next_dagrun for tutorial_objectstorage to None, run_after=None
[2025-10-10T08:44:39.554+0000] {processor.py:208} INFO - Processing /home/airflow/.local/lib/python3.12/site-packages/airflow/example_dags/tutorial_objectstorage.py took 0.232 seconds
[2025-10-10T08:45:11.799+0000] {processor.py:186} INFO - Started process (PID=980) to work on /home/airflow/.local/lib/python3.12/site-packages/airflow/example_dags/tutorial_objectstorage.py
[2025-10-10T08:45:11.802+0000] {processor.py:914} INFO - Processing file /home/airflow/.local/lib/python3.12/site-packages/airflow/example_dags/tutorial_objectstorage.py for tasks to queue
[2025-10-10T08:45:11.814+0000] {logging_mixin.py:190} INFO - [2025-10-10T08:45:11.813+0000] {dagbag.py:587} INFO - Filling up the DagBag from /home/airflow/.local/lib/python3.12/site-packages/airflow/example_dags/tutorial_objectstorage.py
[2025-10-10T08:45:11.841+0000] {processor.py:925} INFO - DAG(s) 'tutorial_objectstorage' retrieved from /home/airflow/.local/lib/python3.12/site-packages/airflow/example_dags/tutorial_objectstorage.py
[2025-10-10T08:45:11.928+0000] {logging_mixin.py:190} INFO - [2025-10-10T08:45:11.927+0000] {dag.py:3211} INFO - Sync 1 DAGs
[2025-10-10T08:45:12.004+0000] {logging_mixin.py:190} INFO - [2025-10-10T08:45:12.003+0000] {dag.py:4138} INFO - Setting next_dagrun for tutorial_objectstorage to None, run_after=None
[2025-10-10T08:45:12.051+0000] {processor.py:208} INFO - Processing /home/airflow/.local/lib/python3.12/site-packages/airflow/example_dags/tutorial_objectstorage.py took 0.268 seconds
[2025-10-10T08:45:43.062+0000] {processor.py:186} INFO - Started process (PID=1043) to work on /home/airflow/.local/lib/python3.12/site-packages/airflow/example_dags/tutorial_objectstorage.py
[2025-10-10T08:45:43.065+0000] {processor.py:914} INFO - Processing file /home/airflow/.local/lib/python3.12/site-packages/airflow/example_dags/tutorial_objectstorage.py for tasks to queue
[2025-10-10T08:45:43.074+0000] {logging_mixin.py:190} INFO - [2025-10-10T08:45:43.072+0000] {dagbag.py:587} INFO - Filling up the DagBag from /home/airflow/.local/lib/python3.12/site-packages/airflow/example_dags/tutorial_objectstorage.py
[2025-10-10T08:45:43.100+0000] {processor.py:925} INFO - DAG(s) 'tutorial_objectstorage' retrieved from /home/airflow/.local/lib/python3.12/site-packages/airflow/example_dags/tutorial_objectstorage.py
[2025-10-10T08:45:43.156+0000] {logging_mixin.py:190} INFO - [2025-10-10T08:45:43.155+0000] {dag.py:3211} INFO - Sync 1 DAGs
[2025-10-10T08:45:43.194+0000] {logging_mixin.py:190} INFO - [2025-10-10T08:45:43.194+0000] {dag.py:4138} INFO - Setting next_dagrun for tutorial_objectstorage to None, run_after=None
[2025-10-10T08:45:43.268+0000] {processor.py:208} INFO - Processing /home/airflow/.local/lib/python3.12/site-packages/airflow/example_dags/tutorial_objectstorage.py took 0.226 seconds
[2025-10-10T08:46:15.139+0000] {processor.py:186} INFO - Started process (PID=1106) to work on /home/airflow/.local/lib/python3.12/site-packages/airflow/example_dags/tutorial_objectstorage.py
[2025-10-10T08:46:15.155+0000] {processor.py:914} INFO - Processing file /home/airflow/.local/lib/python3.12/site-packages/airflow/example_dags/tutorial_objectstorage.py for tasks to queue
[2025-10-10T08:46:15.186+0000] {logging_mixin.py:190} INFO - [2025-10-10T08:46:15.185+0000] {dagbag.py:587} INFO - Filling up the DagBag from /home/airflow/.local/lib/python3.12/site-packages/airflow/example_dags/tutorial_objectstorage.py
[2025-10-10T08:46:15.270+0000] {processor.py:925} INFO - DAG(s) 'tutorial_objectstorage' retrieved from /home/airflow/.local/lib/python3.12/site-packages/airflow/example_dags/tutorial_objectstorage.py
[2025-10-10T08:46:15.381+0000] {logging_mixin.py:190} INFO - [2025-10-10T08:46:15.375+0000] {dag.py:3211} INFO - Sync 1 DAGs
[2025-10-10T08:46:15.483+0000] {logging_mixin.py:190} INFO - [2025-10-10T08:46:15.482+0000] {dag.py:4138} INFO - Setting next_dagrun for tutorial_objectstorage to None, run_after=None
[2025-10-10T08:46:15.547+0000] {processor.py:208} INFO - Processing /home/airflow/.local/lib/python3.12/site-packages/airflow/example_dags/tutorial_objectstorage.py took 0.477 seconds
[2025-10-10T08:46:45.899+0000] {processor.py:186} INFO - Started process (PID=1169) to work on /home/airflow/.local/lib/python3.12/site-packages/airflow/example_dags/tutorial_objectstorage.py
[2025-10-10T08:46:45.901+0000] {processor.py:914} INFO - Processing file /home/airflow/.local/lib/python3.12/site-packages/airflow/example_dags/tutorial_objectstorage.py for tasks to queue
[2025-10-10T08:46:45.906+0000] {logging_mixin.py:190} INFO - [2025-10-10T08:46:45.905+0000] {dagbag.py:587} INFO - Filling up the DagBag from /home/airflow/.local/lib/python3.12/site-packages/airflow/example_dags/tutorial_objectstorage.py
[2025-10-10T08:46:45.923+0000] {processor.py:925} INFO - DAG(s) 'tutorial_objectstorage' retrieved from /home/airflow/.local/lib/python3.12/site-packages/airflow/example_dags/tutorial_objectstorage.py
[2025-10-10T08:46:45.969+0000] {logging_mixin.py:190} INFO - [2025-10-10T08:46:45.968+0000] {dag.py:3211} INFO - Sync 1 DAGs
[2025-10-10T08:46:46.011+0000] {logging_mixin.py:190} INFO - [2025-10-10T08:46:46.010+0000] {dag.py:4138} INFO - Setting next_dagrun for tutorial_objectstorage to None, run_after=None
[2025-10-10T08:46:46.071+0000] {processor.py:208} INFO - Processing /home/airflow/.local/lib/python3.12/site-packages/airflow/example_dags/tutorial_objectstorage.py took 0.188 seconds
[2025-10-10T08:47:17.063+0000] {processor.py:186} INFO - Started process (PID=1232) to work on /home/airflow/.local/lib/python3.12/site-packages/airflow/example_dags/tutorial_objectstorage.py
[2025-10-10T08:47:17.067+0000] {processor.py:914} INFO - Processing file /home/airflow/.local/lib/python3.12/site-packages/airflow/example_dags/tutorial_objectstorage.py for tasks to queue
[2025-10-10T08:47:17.074+0000] {logging_mixin.py:190} INFO - [2025-10-10T08:47:17.073+0000] {dagbag.py:587} INFO - Filling up the DagBag from /home/airflow/.local/lib/python3.12/site-packages/airflow/example_dags/tutorial_objectstorage.py
[2025-10-10T08:47:17.110+0000] {processor.py:925} INFO - DAG(s) 'tutorial_objectstorage' retrieved from /home/airflow/.local/lib/python3.12/site-packages/airflow/example_dags/tutorial_objectstorage.py
[2025-10-10T08:47:17.171+0000] {logging_mixin.py:190} INFO - [2025-10-10T08:47:17.171+0000] {dag.py:3211} INFO - Sync 1 DAGs
[2025-10-10T08:47:17.213+0000] {logging_mixin.py:190} INFO - [2025-10-10T08:47:17.212+0000] {dag.py:4138} INFO - Setting next_dagrun for tutorial_objectstorage to None, run_after=None
[2025-10-10T08:47:17.275+0000] {processor.py:208} INFO - Processing /home/airflow/.local/lib/python3.12/site-packages/airflow/example_dags/tutorial_objectstorage.py took 0.235 seconds
[2025-10-10T08:47:48.116+0000] {processor.py:186} INFO - Started process (PID=1295) to work on /home/airflow/.local/lib/python3.12/site-packages/airflow/example_dags/tutorial_objectstorage.py
[2025-10-10T08:47:48.119+0000] {processor.py:914} INFO - Processing file /home/airflow/.local/lib/python3.12/site-packages/airflow/example_dags/tutorial_objectstorage.py for tasks to queue
[2025-10-10T08:47:48.126+0000] {logging_mixin.py:190} INFO - [2025-10-10T08:47:48.125+0000] {dagbag.py:587} INFO - Filling up the DagBag from /home/airflow/.local/lib/python3.12/site-packages/airflow/example_dags/tutorial_objectstorage.py
[2025-10-10T08:47:48.150+0000] {processor.py:925} INFO - DAG(s) 'tutorial_objectstorage' retrieved from /home/airflow/.local/lib/python3.12/site-packages/airflow/example_dags/tutorial_objectstorage.py
[2025-10-10T08:47:48.197+0000] {logging_mixin.py:190} INFO - [2025-10-10T08:47:48.196+0000] {dag.py:3211} INFO - Sync 1 DAGs
[2025-10-10T08:47:48.239+0000] {logging_mixin.py:190} INFO - [2025-10-10T08:47:48.239+0000] {dag.py:4138} INFO - Setting next_dagrun for tutorial_objectstorage to None, run_after=None
[2025-10-10T08:47:48.292+0000] {processor.py:208} INFO - Processing /home/airflow/.local/lib/python3.12/site-packages/airflow/example_dags/tutorial_objectstorage.py took 0.197 seconds
[2025-10-10T08:48:19.140+0000] {processor.py:186} INFO - Started process (PID=1358) to work on /home/airflow/.local/lib/python3.12/site-packages/airflow/example_dags/tutorial_objectstorage.py
[2025-10-10T08:48:19.143+0000] {processor.py:914} INFO - Processing file /home/airflow/.local/lib/python3.12/site-packages/airflow/example_dags/tutorial_objectstorage.py for tasks to queue
[2025-10-10T08:48:19.154+0000] {logging_mixin.py:190} INFO - [2025-10-10T08:48:19.153+0000] {dagbag.py:587} INFO - Filling up the DagBag from /home/airflow/.local/lib/python3.12/site-packages/airflow/example_dags/tutorial_objectstorage.py
[2025-10-10T08:48:19.197+0000] {processor.py:925} INFO - DAG(s) 'tutorial_objectstorage' retrieved from /home/airflow/.local/lib/python3.12/site-packages/airflow/example_dags/tutorial_objectstorage.py
[2025-10-10T08:48:19.251+0000] {logging_mixin.py:190} INFO - [2025-10-10T08:48:19.251+0000] {dag.py:3211} INFO - Sync 1 DAGs
[2025-10-10T08:48:19.278+0000] {logging_mixin.py:190} INFO - [2025-10-10T08:48:19.277+0000] {dag.py:4138} INFO - Setting next_dagrun for tutorial_objectstorage to None, run_after=None
[2025-10-10T08:48:19.322+0000] {processor.py:208} INFO - Processing /home/airflow/.local/lib/python3.12/site-packages/airflow/example_dags/tutorial_objectstorage.py took 0.208 seconds
[2025-10-10T08:48:50.156+0000] {processor.py:186} INFO - Started process (PID=1421) to work on /home/airflow/.local/lib/python3.12/site-packages/airflow/example_dags/tutorial_objectstorage.py
[2025-10-10T08:48:50.159+0000] {processor.py:914} INFO - Processing file /home/airflow/.local/lib/python3.12/site-packages/airflow/example_dags/tutorial_objectstorage.py for tasks to queue
[2025-10-10T08:48:50.166+0000] {logging_mixin.py:190} INFO - [2025-10-10T08:48:50.166+0000] {dagbag.py:587} INFO - Filling up the DagBag from /home/airflow/.local/lib/python3.12/site-packages/airflow/example_dags/tutorial_objectstorage.py
[2025-10-10T08:48:50.193+0000] {processor.py:925} INFO - DAG(s) 'tutorial_objectstorage' retrieved from /home/airflow/.local/lib/python3.12/site-packages/airflow/example_dags/tutorial_objectstorage.py
[2025-10-10T08:48:50.251+0000] {logging_mixin.py:190} INFO - [2025-10-10T08:48:50.250+0000] {dag.py:3211} INFO - Sync 1 DAGs
[2025-10-10T08:48:50.291+0000] {logging_mixin.py:190} INFO - [2025-10-10T08:48:50.290+0000] {dag.py:4138} INFO - Setting next_dagrun for tutorial_objectstorage to None, run_after=None
[2025-10-10T08:48:50.397+0000] {processor.py:208} INFO - Processing /home/airflow/.local/lib/python3.12/site-packages/airflow/example_dags/tutorial_objectstorage.py took 0.259 seconds
[2025-10-10T08:49:23.080+0000] {processor.py:186} INFO - Started process (PID=1484) to work on /home/airflow/.local/lib/python3.12/site-packages/airflow/example_dags/tutorial_objectstorage.py
[2025-10-10T08:49:23.085+0000] {processor.py:914} INFO - Processing file /home/airflow/.local/lib/python3.12/site-packages/airflow/example_dags/tutorial_objectstorage.py for tasks to queue
[2025-10-10T08:49:23.099+0000] {logging_mixin.py:190} INFO - [2025-10-10T08:49:23.098+0000] {dagbag.py:587} INFO - Filling up the DagBag from /home/airflow/.local/lib/python3.12/site-packages/airflow/example_dags/tutorial_objectstorage.py
[2025-10-10T08:49:23.142+0000] {processor.py:925} INFO - DAG(s) 'tutorial_objectstorage' retrieved from /home/airflow/.local/lib/python3.12/site-packages/airflow/example_dags/tutorial_objectstorage.py
[2025-10-10T08:49:23.224+0000] {logging_mixin.py:190} INFO - [2025-10-10T08:49:23.223+0000] {dag.py:3211} INFO - Sync 1 DAGs
[2025-10-10T08:49:23.287+0000] {logging_mixin.py:190} INFO - [2025-10-10T08:49:23.286+0000] {dag.py:4138} INFO - Setting next_dagrun for tutorial_objectstorage to None, run_after=None
[2025-10-10T08:49:23.364+0000] {processor.py:208} INFO - Processing /home/airflow/.local/lib/python3.12/site-packages/airflow/example_dags/tutorial_objectstorage.py took 0.309 seconds
[2025-10-10T08:53:55.724+0000] {processor.py:186} INFO - Started process (PID=97) to work on /home/airflow/.local/lib/python3.12/site-packages/airflow/example_dags/tutorial_objectstorage.py
[2025-10-10T08:53:55.799+0000] {processor.py:914} INFO - Processing file /home/airflow/.local/lib/python3.12/site-packages/airflow/example_dags/tutorial_objectstorage.py for tasks to queue
[2025-10-10T08:53:55.815+0000] {logging_mixin.py:190} INFO - [2025-10-10T08:53:55.807+0000] {dagbag.py:587} INFO - Filling up the DagBag from /home/airflow/.local/lib/python3.12/site-packages/airflow/example_dags/tutorial_objectstorage.py
[2025-10-10T08:53:55.897+0000] {processor.py:925} INFO - DAG(s) 'tutorial_objectstorage' retrieved from /home/airflow/.local/lib/python3.12/site-packages/airflow/example_dags/tutorial_objectstorage.py
[2025-10-10T08:53:56.011+0000] {logging_mixin.py:190} INFO - [2025-10-10T08:53:56.010+0000] {dag.py:3211} INFO - Sync 1 DAGs
[2025-10-10T08:53:56.083+0000] {logging_mixin.py:190} INFO - [2025-10-10T08:53:56.083+0000] {dag.py:4138} INFO - Setting next_dagrun for tutorial_objectstorage to None, run_after=None
[2025-10-10T08:53:56.412+0000] {processor.py:208} INFO - Processing /home/airflow/.local/lib/python3.12/site-packages/airflow/example_dags/tutorial_objectstorage.py took 0.725 seconds
[2025-10-10T08:54:26.982+0000] {processor.py:186} INFO - Started process (PID=160) to work on /home/airflow/.local/lib/python3.12/site-packages/airflow/example_dags/tutorial_objectstorage.py
[2025-10-10T08:54:26.989+0000] {processor.py:914} INFO - Processing file /home/airflow/.local/lib/python3.12/site-packages/airflow/example_dags/tutorial_objectstorage.py for tasks to queue
[2025-10-10T08:54:27.008+0000] {logging_mixin.py:190} INFO - [2025-10-10T08:54:27.007+0000] {dagbag.py:587} INFO - Filling up the DagBag from /home/airflow/.local/lib/python3.12/site-packages/airflow/example_dags/tutorial_objectstorage.py
[2025-10-10T08:54:27.068+0000] {processor.py:925} INFO - DAG(s) 'tutorial_objectstorage' retrieved from /home/airflow/.local/lib/python3.12/site-packages/airflow/example_dags/tutorial_objectstorage.py
[2025-10-10T08:54:27.177+0000] {logging_mixin.py:190} INFO - [2025-10-10T08:54:27.172+0000] {dag.py:3211} INFO - Sync 1 DAGs
[2025-10-10T08:54:27.240+0000] {logging_mixin.py:190} INFO - [2025-10-10T08:54:27.239+0000] {dag.py:4138} INFO - Setting next_dagrun for tutorial_objectstorage to None, run_after=None
[2025-10-10T08:54:27.305+0000] {processor.py:208} INFO - Processing /home/airflow/.local/lib/python3.12/site-packages/airflow/example_dags/tutorial_objectstorage.py took 0.354 seconds
[2025-10-10T08:54:57.755+0000] {processor.py:186} INFO - Started process (PID=224) to work on /home/airflow/.local/lib/python3.12/site-packages/airflow/example_dags/tutorial_objectstorage.py
[2025-10-10T08:54:57.774+0000] {processor.py:914} INFO - Processing file /home/airflow/.local/lib/python3.12/site-packages/airflow/example_dags/tutorial_objectstorage.py for tasks to queue
[2025-10-10T08:54:57.791+0000] {logging_mixin.py:190} INFO - [2025-10-10T08:54:57.790+0000] {dagbag.py:587} INFO - Filling up the DagBag from /home/airflow/.local/lib/python3.12/site-packages/airflow/example_dags/tutorial_objectstorage.py
[2025-10-10T08:54:57.874+0000] {processor.py:925} INFO - DAG(s) 'tutorial_objectstorage' retrieved from /home/airflow/.local/lib/python3.12/site-packages/airflow/example_dags/tutorial_objectstorage.py
[2025-10-10T08:54:57.996+0000] {logging_mixin.py:190} INFO - [2025-10-10T08:54:57.987+0000] {dag.py:3211} INFO - Sync 1 DAGs
[2025-10-10T08:54:58.127+0000] {logging_mixin.py:190} INFO - [2025-10-10T08:54:58.125+0000] {dag.py:4138} INFO - Setting next_dagrun for tutorial_objectstorage to None, run_after=None
[2025-10-10T08:54:58.194+0000] {processor.py:208} INFO - Processing /home/airflow/.local/lib/python3.12/site-packages/airflow/example_dags/tutorial_objectstorage.py took 0.489 seconds
[2025-10-10T08:58:04.816+0000] {processor.py:186} INFO - Started process (PID=98) to work on /home/airflow/.local/lib/python3.12/site-packages/airflow/example_dags/tutorial_objectstorage.py
[2025-10-10T08:58:04.823+0000] {processor.py:914} INFO - Processing file /home/airflow/.local/lib/python3.12/site-packages/airflow/example_dags/tutorial_objectstorage.py for tasks to queue
[2025-10-10T08:58:04.834+0000] {logging_mixin.py:190} INFO - [2025-10-10T08:58:04.833+0000] {dagbag.py:587} INFO - Filling up the DagBag from /home/airflow/.local/lib/python3.12/site-packages/airflow/example_dags/tutorial_objectstorage.py
[2025-10-10T08:58:04.879+0000] {processor.py:925} INFO - DAG(s) 'tutorial_objectstorage' retrieved from /home/airflow/.local/lib/python3.12/site-packages/airflow/example_dags/tutorial_objectstorage.py
[2025-10-10T08:58:04.945+0000] {logging_mixin.py:190} INFO - [2025-10-10T08:58:04.944+0000] {dag.py:3211} INFO - Sync 1 DAGs
[2025-10-10T08:58:05.004+0000] {logging_mixin.py:190} INFO - [2025-10-10T08:58:05.003+0000] {dag.py:4138} INFO - Setting next_dagrun for tutorial_objectstorage to None, run_after=None
[2025-10-10T08:58:05.072+0000] {processor.py:208} INFO - Processing /home/airflow/.local/lib/python3.12/site-packages/airflow/example_dags/tutorial_objectstorage.py took 0.285 seconds
[2025-10-10T08:58:36.275+0000] {processor.py:186} INFO - Started process (PID=161) to work on /home/airflow/.local/lib/python3.12/site-packages/airflow/example_dags/tutorial_objectstorage.py
[2025-10-10T08:58:36.283+0000] {processor.py:914} INFO - Processing file /home/airflow/.local/lib/python3.12/site-packages/airflow/example_dags/tutorial_objectstorage.py for tasks to queue
[2025-10-10T08:58:36.296+0000] {logging_mixin.py:190} INFO - [2025-10-10T08:58:36.293+0000] {dagbag.py:587} INFO - Filling up the DagBag from /home/airflow/.local/lib/python3.12/site-packages/airflow/example_dags/tutorial_objectstorage.py
[2025-10-10T08:58:36.385+0000] {processor.py:925} INFO - DAG(s) 'tutorial_objectstorage' retrieved from /home/airflow/.local/lib/python3.12/site-packages/airflow/example_dags/tutorial_objectstorage.py
[2025-10-10T08:58:36.497+0000] {logging_mixin.py:190} INFO - [2025-10-10T08:58:36.496+0000] {dag.py:3211} INFO - Sync 1 DAGs
[2025-10-10T08:58:36.574+0000] {logging_mixin.py:190} INFO - [2025-10-10T08:58:36.573+0000] {dag.py:4138} INFO - Setting next_dagrun for tutorial_objectstorage to None, run_after=None
[2025-10-10T08:58:36.650+0000] {processor.py:208} INFO - Processing /home/airflow/.local/lib/python3.12/site-packages/airflow/example_dags/tutorial_objectstorage.py took 0.413 seconds
[2025-10-10T09:01:30.994+0000] {processor.py:186} INFO - Started process (PID=97) to work on /home/airflow/.local/lib/python3.12/site-packages/airflow/example_dags/tutorial_objectstorage.py
[2025-10-10T09:01:30.998+0000] {processor.py:914} INFO - Processing file /home/airflow/.local/lib/python3.12/site-packages/airflow/example_dags/tutorial_objectstorage.py for tasks to queue
[2025-10-10T09:01:31.004+0000] {logging_mixin.py:190} INFO - [2025-10-10T09:01:31.003+0000] {dagbag.py:587} INFO - Filling up the DagBag from /home/airflow/.local/lib/python3.12/site-packages/airflow/example_dags/tutorial_objectstorage.py
[2025-10-10T09:01:31.026+0000] {processor.py:925} INFO - DAG(s) 'tutorial_objectstorage' retrieved from /home/airflow/.local/lib/python3.12/site-packages/airflow/example_dags/tutorial_objectstorage.py
[2025-10-10T09:01:31.085+0000] {logging_mixin.py:190} INFO - [2025-10-10T09:01:31.085+0000] {dag.py:3211} INFO - Sync 1 DAGs
[2025-10-10T09:01:31.120+0000] {logging_mixin.py:190} INFO - [2025-10-10T09:01:31.120+0000] {dag.py:4138} INFO - Setting next_dagrun for tutorial_objectstorage to None, run_after=None
[2025-10-10T09:01:31.164+0000] {processor.py:208} INFO - Processing /home/airflow/.local/lib/python3.12/site-packages/airflow/example_dags/tutorial_objectstorage.py took 0.183 seconds
[2025-10-10T09:02:02.214+0000] {processor.py:186} INFO - Started process (PID=160) to work on /home/airflow/.local/lib/python3.12/site-packages/airflow/example_dags/tutorial_objectstorage.py
[2025-10-10T09:02:02.216+0000] {processor.py:914} INFO - Processing file /home/airflow/.local/lib/python3.12/site-packages/airflow/example_dags/tutorial_objectstorage.py for tasks to queue
[2025-10-10T09:02:02.223+0000] {logging_mixin.py:190} INFO - [2025-10-10T09:02:02.222+0000] {dagbag.py:587} INFO - Filling up the DagBag from /home/airflow/.local/lib/python3.12/site-packages/airflow/example_dags/tutorial_objectstorage.py
[2025-10-10T09:02:02.249+0000] {processor.py:925} INFO - DAG(s) 'tutorial_objectstorage' retrieved from /home/airflow/.local/lib/python3.12/site-packages/airflow/example_dags/tutorial_objectstorage.py
[2025-10-10T09:02:02.324+0000] {logging_mixin.py:190} INFO - [2025-10-10T09:02:02.323+0000] {dag.py:3211} INFO - Sync 1 DAGs
[2025-10-10T09:02:02.391+0000] {logging_mixin.py:190} INFO - [2025-10-10T09:02:02.390+0000] {dag.py:4138} INFO - Setting next_dagrun for tutorial_objectstorage to None, run_after=None
[2025-10-10T09:02:02.466+0000] {processor.py:208} INFO - Processing /home/airflow/.local/lib/python3.12/site-packages/airflow/example_dags/tutorial_objectstorage.py took 0.271 seconds
[2025-10-10T09:02:34.554+0000] {processor.py:186} INFO - Started process (PID=223) to work on /home/airflow/.local/lib/python3.12/site-packages/airflow/example_dags/tutorial_objectstorage.py
[2025-10-10T09:02:34.557+0000] {processor.py:914} INFO - Processing file /home/airflow/.local/lib/python3.12/site-packages/airflow/example_dags/tutorial_objectstorage.py for tasks to queue
[2025-10-10T09:02:34.564+0000] {logging_mixin.py:190} INFO - [2025-10-10T09:02:34.563+0000] {dagbag.py:587} INFO - Filling up the DagBag from /home/airflow/.local/lib/python3.12/site-packages/airflow/example_dags/tutorial_objectstorage.py
[2025-10-10T09:02:34.601+0000] {processor.py:925} INFO - DAG(s) 'tutorial_objectstorage' retrieved from /home/airflow/.local/lib/python3.12/site-packages/airflow/example_dags/tutorial_objectstorage.py
[2025-10-10T09:02:34.689+0000] {logging_mixin.py:190} INFO - [2025-10-10T09:02:34.688+0000] {dag.py:3211} INFO - Sync 1 DAGs
[2025-10-10T09:02:34.728+0000] {logging_mixin.py:190} INFO - [2025-10-10T09:02:34.727+0000] {dag.py:4138} INFO - Setting next_dagrun for tutorial_objectstorage to None, run_after=None
[2025-10-10T09:02:34.779+0000] {processor.py:208} INFO - Processing /home/airflow/.local/lib/python3.12/site-packages/airflow/example_dags/tutorial_objectstorage.py took 0.242 seconds
[2025-10-10T09:03:04.986+0000] {processor.py:186} INFO - Started process (PID=286) to work on /home/airflow/.local/lib/python3.12/site-packages/airflow/example_dags/tutorial_objectstorage.py
[2025-10-10T09:03:04.989+0000] {processor.py:914} INFO - Processing file /home/airflow/.local/lib/python3.12/site-packages/airflow/example_dags/tutorial_objectstorage.py for tasks to queue
[2025-10-10T09:03:04.996+0000] {logging_mixin.py:190} INFO - [2025-10-10T09:03:04.995+0000] {dagbag.py:587} INFO - Filling up the DagBag from /home/airflow/.local/lib/python3.12/site-packages/airflow/example_dags/tutorial_objectstorage.py
[2025-10-10T09:03:05.029+0000] {processor.py:925} INFO - DAG(s) 'tutorial_objectstorage' retrieved from /home/airflow/.local/lib/python3.12/site-packages/airflow/example_dags/tutorial_objectstorage.py
[2025-10-10T09:03:05.080+0000] {logging_mixin.py:190} INFO - [2025-10-10T09:03:05.080+0000] {dag.py:3211} INFO - Sync 1 DAGs
[2025-10-10T09:03:05.127+0000] {logging_mixin.py:190} INFO - [2025-10-10T09:03:05.127+0000] {dag.py:4138} INFO - Setting next_dagrun for tutorial_objectstorage to None, run_after=None
[2025-10-10T09:03:05.177+0000] {processor.py:208} INFO - Processing /home/airflow/.local/lib/python3.12/site-packages/airflow/example_dags/tutorial_objectstorage.py took 0.211 seconds
[2025-10-10T09:03:35.903+0000] {processor.py:186} INFO - Started process (PID=349) to work on /home/airflow/.local/lib/python3.12/site-packages/airflow/example_dags/tutorial_objectstorage.py
[2025-10-10T09:03:35.907+0000] {processor.py:914} INFO - Processing file /home/airflow/.local/lib/python3.12/site-packages/airflow/example_dags/tutorial_objectstorage.py for tasks to queue
[2025-10-10T09:03:35.915+0000] {logging_mixin.py:190} INFO - [2025-10-10T09:03:35.914+0000] {dagbag.py:587} INFO - Filling up the DagBag from /home/airflow/.local/lib/python3.12/site-packages/airflow/example_dags/tutorial_objectstorage.py
[2025-10-10T09:03:35.956+0000] {processor.py:925} INFO - DAG(s) 'tutorial_objectstorage' retrieved from /home/airflow/.local/lib/python3.12/site-packages/airflow/example_dags/tutorial_objectstorage.py
[2025-10-10T09:03:36.037+0000] {logging_mixin.py:190} INFO - [2025-10-10T09:03:36.036+0000] {dag.py:3211} INFO - Sync 1 DAGs
[2025-10-10T09:03:36.077+0000] {logging_mixin.py:190} INFO - [2025-10-10T09:03:36.076+0000] {dag.py:4138} INFO - Setting next_dagrun for tutorial_objectstorage to None, run_after=None
[2025-10-10T09:03:36.152+0000] {processor.py:208} INFO - Processing /home/airflow/.local/lib/python3.12/site-packages/airflow/example_dags/tutorial_objectstorage.py took 0.272 seconds
[2025-10-10T09:04:07.917+0000] {processor.py:186} INFO - Started process (PID=412) to work on /home/airflow/.local/lib/python3.12/site-packages/airflow/example_dags/tutorial_objectstorage.py
[2025-10-10T09:04:07.921+0000] {processor.py:914} INFO - Processing file /home/airflow/.local/lib/python3.12/site-packages/airflow/example_dags/tutorial_objectstorage.py for tasks to queue
[2025-10-10T09:04:07.930+0000] {logging_mixin.py:190} INFO - [2025-10-10T09:04:07.929+0000] {dagbag.py:587} INFO - Filling up the DagBag from /home/airflow/.local/lib/python3.12/site-packages/airflow/example_dags/tutorial_objectstorage.py
[2025-10-10T09:04:07.961+0000] {processor.py:925} INFO - DAG(s) 'tutorial_objectstorage' retrieved from /home/airflow/.local/lib/python3.12/site-packages/airflow/example_dags/tutorial_objectstorage.py
[2025-10-10T09:04:08.031+0000] {logging_mixin.py:190} INFO - [2025-10-10T09:04:08.031+0000] {dag.py:3211} INFO - Sync 1 DAGs
[2025-10-10T09:04:08.093+0000] {logging_mixin.py:190} INFO - [2025-10-10T09:04:08.093+0000] {dag.py:4138} INFO - Setting next_dagrun for tutorial_objectstorage to None, run_after=None
[2025-10-10T09:04:08.174+0000] {processor.py:208} INFO - Processing /home/airflow/.local/lib/python3.12/site-packages/airflow/example_dags/tutorial_objectstorage.py took 0.278 seconds
[2025-10-10T09:04:38.882+0000] {processor.py:186} INFO - Started process (PID=475) to work on /home/airflow/.local/lib/python3.12/site-packages/airflow/example_dags/tutorial_objectstorage.py
[2025-10-10T09:04:38.885+0000] {processor.py:914} INFO - Processing file /home/airflow/.local/lib/python3.12/site-packages/airflow/example_dags/tutorial_objectstorage.py for tasks to queue
[2025-10-10T09:04:38.892+0000] {logging_mixin.py:190} INFO - [2025-10-10T09:04:38.891+0000] {dagbag.py:587} INFO - Filling up the DagBag from /home/airflow/.local/lib/python3.12/site-packages/airflow/example_dags/tutorial_objectstorage.py
[2025-10-10T09:04:38.953+0000] {processor.py:925} INFO - DAG(s) 'tutorial_objectstorage' retrieved from /home/airflow/.local/lib/python3.12/site-packages/airflow/example_dags/tutorial_objectstorage.py
[2025-10-10T09:04:39.090+0000] {logging_mixin.py:190} INFO - [2025-10-10T09:04:39.090+0000] {dag.py:3211} INFO - Sync 1 DAGs
[2025-10-10T09:04:39.220+0000] {logging_mixin.py:190} INFO - [2025-10-10T09:04:39.219+0000] {dag.py:4138} INFO - Setting next_dagrun for tutorial_objectstorage to None, run_after=None
[2025-10-10T09:04:39.333+0000] {processor.py:208} INFO - Processing /home/airflow/.local/lib/python3.12/site-packages/airflow/example_dags/tutorial_objectstorage.py took 0.470 seconds
[2025-10-10T09:05:10.496+0000] {processor.py:186} INFO - Started process (PID=538) to work on /home/airflow/.local/lib/python3.12/site-packages/airflow/example_dags/tutorial_objectstorage.py
[2025-10-10T09:05:10.502+0000] {processor.py:914} INFO - Processing file /home/airflow/.local/lib/python3.12/site-packages/airflow/example_dags/tutorial_objectstorage.py for tasks to queue
[2025-10-10T09:05:10.517+0000] {logging_mixin.py:190} INFO - [2025-10-10T09:05:10.515+0000] {dagbag.py:587} INFO - Filling up the DagBag from /home/airflow/.local/lib/python3.12/site-packages/airflow/example_dags/tutorial_objectstorage.py
[2025-10-10T09:05:10.590+0000] {processor.py:925} INFO - DAG(s) 'tutorial_objectstorage' retrieved from /home/airflow/.local/lib/python3.12/site-packages/airflow/example_dags/tutorial_objectstorage.py
[2025-10-10T09:05:10.695+0000] {logging_mixin.py:190} INFO - [2025-10-10T09:05:10.695+0000] {dag.py:3211} INFO - Sync 1 DAGs
[2025-10-10T09:05:10.740+0000] {logging_mixin.py:190} INFO - [2025-10-10T09:05:10.740+0000] {dag.py:4138} INFO - Setting next_dagrun for tutorial_objectstorage to None, run_after=None
[2025-10-10T09:05:10.799+0000] {processor.py:208} INFO - Processing /home/airflow/.local/lib/python3.12/site-packages/airflow/example_dags/tutorial_objectstorage.py took 0.343 seconds
[2025-10-10T09:05:41.747+0000] {processor.py:186} INFO - Started process (PID=601) to work on /home/airflow/.local/lib/python3.12/site-packages/airflow/example_dags/tutorial_objectstorage.py
[2025-10-10T09:05:41.750+0000] {processor.py:914} INFO - Processing file /home/airflow/.local/lib/python3.12/site-packages/airflow/example_dags/tutorial_objectstorage.py for tasks to queue
[2025-10-10T09:05:41.756+0000] {logging_mixin.py:190} INFO - [2025-10-10T09:05:41.755+0000] {dagbag.py:587} INFO - Filling up the DagBag from /home/airflow/.local/lib/python3.12/site-packages/airflow/example_dags/tutorial_objectstorage.py
[2025-10-10T09:05:41.777+0000] {processor.py:925} INFO - DAG(s) 'tutorial_objectstorage' retrieved from /home/airflow/.local/lib/python3.12/site-packages/airflow/example_dags/tutorial_objectstorage.py
[2025-10-10T09:05:41.827+0000] {logging_mixin.py:190} INFO - [2025-10-10T09:05:41.827+0000] {dag.py:3211} INFO - Sync 1 DAGs
[2025-10-10T09:05:41.859+0000] {logging_mixin.py:190} INFO - [2025-10-10T09:05:41.858+0000] {dag.py:4138} INFO - Setting next_dagrun for tutorial_objectstorage to None, run_after=None
[2025-10-10T09:05:41.917+0000] {processor.py:208} INFO - Processing /home/airflow/.local/lib/python3.12/site-packages/airflow/example_dags/tutorial_objectstorage.py took 0.186 seconds
