[2025-10-10T08:37:53.638+0000] {processor.py:186} INFO - Started process (PID=83) to work on /home/airflow/.local/lib/python3.12/site-packages/airflow/example_dags/tutorial.py
[2025-10-10T08:37:53.642+0000] {processor.py:914} INFO - Processing file /home/airflow/.local/lib/python3.12/site-packages/airflow/example_dags/tutorial.py for tasks to queue
[2025-10-10T08:37:53.652+0000] {logging_mixin.py:190} INFO - [2025-10-10T08:37:53.651+0000] {dagbag.py:587} INFO - Filling up the DagBag from /home/airflow/.local/lib/python3.12/site-packages/airflow/example_dags/tutorial.py
[2025-10-10T08:37:53.683+0000] {processor.py:925} INFO - DAG(s) 'tutorial' retrieved from /home/airflow/.local/lib/python3.12/site-packages/airflow/example_dags/tutorial.py
[2025-10-10T08:37:53.783+0000] {logging_mixin.py:190} INFO - [2025-10-10T08:37:53.782+0000] {dag.py:3211} INFO - Sync 1 DAGs
[2025-10-10T08:37:53.865+0000] {logging_mixin.py:190} INFO - [2025-10-10T08:37:53.864+0000] {dag.py:4138} INFO - Setting next_dagrun for tutorial to 2025-10-09 00:00:00+00:00, run_after=2025-10-10 00:00:00+00:00
[2025-10-10T08:37:53.925+0000] {processor.py:208} INFO - Processing /home/airflow/.local/lib/python3.12/site-packages/airflow/example_dags/tutorial.py took 0.305 seconds
[2025-10-10T08:38:24.758+0000] {processor.py:186} INFO - Started process (PID=146) to work on /home/airflow/.local/lib/python3.12/site-packages/airflow/example_dags/tutorial.py
[2025-10-10T08:38:24.761+0000] {processor.py:914} INFO - Processing file /home/airflow/.local/lib/python3.12/site-packages/airflow/example_dags/tutorial.py for tasks to queue
[2025-10-10T08:38:24.768+0000] {logging_mixin.py:190} INFO - [2025-10-10T08:38:24.767+0000] {dagbag.py:587} INFO - Filling up the DagBag from /home/airflow/.local/lib/python3.12/site-packages/airflow/example_dags/tutorial.py
[2025-10-10T08:38:24.784+0000] {processor.py:925} INFO - DAG(s) 'tutorial' retrieved from /home/airflow/.local/lib/python3.12/site-packages/airflow/example_dags/tutorial.py
[2025-10-10T08:38:24.836+0000] {logging_mixin.py:190} INFO - [2025-10-10T08:38:24.836+0000] {dag.py:3211} INFO - Sync 1 DAGs
[2025-10-10T08:38:24.901+0000] {logging_mixin.py:190} INFO - [2025-10-10T08:38:24.900+0000] {dag.py:4138} INFO - Setting next_dagrun for tutorial to 2025-10-09 00:00:00+00:00, run_after=2025-10-10 00:00:00+00:00
[2025-10-10T08:38:24.959+0000] {processor.py:208} INFO - Processing /home/airflow/.local/lib/python3.12/site-packages/airflow/example_dags/tutorial.py took 0.216 seconds
[2025-10-10T08:38:55.504+0000] {processor.py:186} INFO - Started process (PID=209) to work on /home/airflow/.local/lib/python3.12/site-packages/airflow/example_dags/tutorial.py
[2025-10-10T08:38:55.507+0000] {processor.py:914} INFO - Processing file /home/airflow/.local/lib/python3.12/site-packages/airflow/example_dags/tutorial.py for tasks to queue
[2025-10-10T08:38:55.514+0000] {logging_mixin.py:190} INFO - [2025-10-10T08:38:55.513+0000] {dagbag.py:587} INFO - Filling up the DagBag from /home/airflow/.local/lib/python3.12/site-packages/airflow/example_dags/tutorial.py
[2025-10-10T08:38:55.536+0000] {processor.py:925} INFO - DAG(s) 'tutorial' retrieved from /home/airflow/.local/lib/python3.12/site-packages/airflow/example_dags/tutorial.py
[2025-10-10T08:38:55.591+0000] {logging_mixin.py:190} INFO - [2025-10-10T08:38:55.590+0000] {dag.py:3211} INFO - Sync 1 DAGs
[2025-10-10T08:38:55.656+0000] {logging_mixin.py:190} INFO - [2025-10-10T08:38:55.655+0000] {dag.py:4138} INFO - Setting next_dagrun for tutorial to 2025-10-09 00:00:00+00:00, run_after=2025-10-10 00:00:00+00:00
[2025-10-10T08:38:55.694+0000] {processor.py:208} INFO - Processing /home/airflow/.local/lib/python3.12/site-packages/airflow/example_dags/tutorial.py took 0.204 seconds
[2025-10-10T08:39:26.517+0000] {processor.py:186} INFO - Started process (PID=272) to work on /home/airflow/.local/lib/python3.12/site-packages/airflow/example_dags/tutorial.py
[2025-10-10T08:39:26.520+0000] {processor.py:914} INFO - Processing file /home/airflow/.local/lib/python3.12/site-packages/airflow/example_dags/tutorial.py for tasks to queue
[2025-10-10T08:39:26.527+0000] {logging_mixin.py:190} INFO - [2025-10-10T08:39:26.526+0000] {dagbag.py:587} INFO - Filling up the DagBag from /home/airflow/.local/lib/python3.12/site-packages/airflow/example_dags/tutorial.py
[2025-10-10T08:39:26.544+0000] {processor.py:925} INFO - DAG(s) 'tutorial' retrieved from /home/airflow/.local/lib/python3.12/site-packages/airflow/example_dags/tutorial.py
[2025-10-10T08:39:26.593+0000] {logging_mixin.py:190} INFO - [2025-10-10T08:39:26.592+0000] {dag.py:3211} INFO - Sync 1 DAGs
[2025-10-10T08:39:26.658+0000] {logging_mixin.py:190} INFO - [2025-10-10T08:39:26.658+0000] {dag.py:4138} INFO - Setting next_dagrun for tutorial to 2025-10-09 00:00:00+00:00, run_after=2025-10-10 00:00:00+00:00
[2025-10-10T08:39:26.708+0000] {processor.py:208} INFO - Processing /home/airflow/.local/lib/python3.12/site-packages/airflow/example_dags/tutorial.py took 0.203 seconds
[2025-10-10T08:39:57.143+0000] {processor.py:186} INFO - Started process (PID=335) to work on /home/airflow/.local/lib/python3.12/site-packages/airflow/example_dags/tutorial.py
[2025-10-10T08:39:57.145+0000] {processor.py:914} INFO - Processing file /home/airflow/.local/lib/python3.12/site-packages/airflow/example_dags/tutorial.py for tasks to queue
[2025-10-10T08:39:57.151+0000] {logging_mixin.py:190} INFO - [2025-10-10T08:39:57.150+0000] {dagbag.py:587} INFO - Filling up the DagBag from /home/airflow/.local/lib/python3.12/site-packages/airflow/example_dags/tutorial.py
[2025-10-10T08:39:57.172+0000] {processor.py:925} INFO - DAG(s) 'tutorial' retrieved from /home/airflow/.local/lib/python3.12/site-packages/airflow/example_dags/tutorial.py
[2025-10-10T08:39:57.227+0000] {logging_mixin.py:190} INFO - [2025-10-10T08:39:57.227+0000] {dag.py:3211} INFO - Sync 1 DAGs
[2025-10-10T08:39:57.316+0000] {logging_mixin.py:190} INFO - [2025-10-10T08:39:57.316+0000] {dag.py:4138} INFO - Setting next_dagrun for tutorial to 2025-10-09 00:00:00+00:00, run_after=2025-10-10 00:00:00+00:00
[2025-10-10T08:39:57.379+0000] {processor.py:208} INFO - Processing /home/airflow/.local/lib/python3.12/site-packages/airflow/example_dags/tutorial.py took 0.249 seconds
[2025-10-10T08:40:27.947+0000] {processor.py:186} INFO - Started process (PID=397) to work on /home/airflow/.local/lib/python3.12/site-packages/airflow/example_dags/tutorial.py
[2025-10-10T08:40:27.953+0000] {processor.py:914} INFO - Processing file /home/airflow/.local/lib/python3.12/site-packages/airflow/example_dags/tutorial.py for tasks to queue
[2025-10-10T08:40:27.969+0000] {logging_mixin.py:190} INFO - [2025-10-10T08:40:27.967+0000] {dagbag.py:587} INFO - Filling up the DagBag from /home/airflow/.local/lib/python3.12/site-packages/airflow/example_dags/tutorial.py
[2025-10-10T08:40:28.015+0000] {processor.py:925} INFO - DAG(s) 'tutorial' retrieved from /home/airflow/.local/lib/python3.12/site-packages/airflow/example_dags/tutorial.py
[2025-10-10T08:40:28.129+0000] {logging_mixin.py:190} INFO - [2025-10-10T08:40:28.127+0000] {dag.py:3211} INFO - Sync 1 DAGs
[2025-10-10T08:40:28.253+0000] {logging_mixin.py:190} INFO - [2025-10-10T08:40:28.252+0000] {dag.py:4138} INFO - Setting next_dagrun for tutorial to 2025-10-09 00:00:00+00:00, run_after=2025-10-10 00:00:00+00:00
[2025-10-10T08:40:28.354+0000] {processor.py:208} INFO - Processing /home/airflow/.local/lib/python3.12/site-packages/airflow/example_dags/tutorial.py took 0.452 seconds
[2025-10-10T08:40:58.801+0000] {processor.py:186} INFO - Started process (PID=460) to work on /home/airflow/.local/lib/python3.12/site-packages/airflow/example_dags/tutorial.py
[2025-10-10T08:40:58.807+0000] {processor.py:914} INFO - Processing file /home/airflow/.local/lib/python3.12/site-packages/airflow/example_dags/tutorial.py for tasks to queue
[2025-10-10T08:40:58.820+0000] {logging_mixin.py:190} INFO - [2025-10-10T08:40:58.819+0000] {dagbag.py:587} INFO - Filling up the DagBag from /home/airflow/.local/lib/python3.12/site-packages/airflow/example_dags/tutorial.py
[2025-10-10T08:40:58.862+0000] {processor.py:925} INFO - DAG(s) 'tutorial' retrieved from /home/airflow/.local/lib/python3.12/site-packages/airflow/example_dags/tutorial.py
[2025-10-10T08:40:58.969+0000] {logging_mixin.py:190} INFO - [2025-10-10T08:40:58.968+0000] {dag.py:3211} INFO - Sync 1 DAGs
[2025-10-10T08:40:59.093+0000] {logging_mixin.py:190} INFO - [2025-10-10T08:40:59.092+0000] {dag.py:4138} INFO - Setting next_dagrun for tutorial to 2025-10-09 00:00:00+00:00, run_after=2025-10-10 00:00:00+00:00
[2025-10-10T08:40:59.206+0000] {processor.py:208} INFO - Processing /home/airflow/.local/lib/python3.12/site-packages/airflow/example_dags/tutorial.py took 0.442 seconds
[2025-10-10T08:41:29.393+0000] {processor.py:186} INFO - Started process (PID=523) to work on /home/airflow/.local/lib/python3.12/site-packages/airflow/example_dags/tutorial.py
[2025-10-10T08:41:29.395+0000] {processor.py:914} INFO - Processing file /home/airflow/.local/lib/python3.12/site-packages/airflow/example_dags/tutorial.py for tasks to queue
[2025-10-10T08:41:29.401+0000] {logging_mixin.py:190} INFO - [2025-10-10T08:41:29.400+0000] {dagbag.py:587} INFO - Filling up the DagBag from /home/airflow/.local/lib/python3.12/site-packages/airflow/example_dags/tutorial.py
[2025-10-10T08:41:29.420+0000] {processor.py:925} INFO - DAG(s) 'tutorial' retrieved from /home/airflow/.local/lib/python3.12/site-packages/airflow/example_dags/tutorial.py
[2025-10-10T08:41:29.462+0000] {logging_mixin.py:190} INFO - [2025-10-10T08:41:29.461+0000] {dag.py:3211} INFO - Sync 1 DAGs
[2025-10-10T08:41:29.513+0000] {logging_mixin.py:190} INFO - [2025-10-10T08:41:29.513+0000] {dag.py:4138} INFO - Setting next_dagrun for tutorial to 2025-10-09 00:00:00+00:00, run_after=2025-10-10 00:00:00+00:00
[2025-10-10T08:41:29.563+0000] {processor.py:208} INFO - Processing /home/airflow/.local/lib/python3.12/site-packages/airflow/example_dags/tutorial.py took 0.181 seconds
[2025-10-10T08:41:59.772+0000] {processor.py:186} INFO - Started process (PID=586) to work on /home/airflow/.local/lib/python3.12/site-packages/airflow/example_dags/tutorial.py
[2025-10-10T08:41:59.774+0000] {processor.py:914} INFO - Processing file /home/airflow/.local/lib/python3.12/site-packages/airflow/example_dags/tutorial.py for tasks to queue
[2025-10-10T08:41:59.780+0000] {logging_mixin.py:190} INFO - [2025-10-10T08:41:59.779+0000] {dagbag.py:587} INFO - Filling up the DagBag from /home/airflow/.local/lib/python3.12/site-packages/airflow/example_dags/tutorial.py
[2025-10-10T08:41:59.801+0000] {processor.py:925} INFO - DAG(s) 'tutorial' retrieved from /home/airflow/.local/lib/python3.12/site-packages/airflow/example_dags/tutorial.py
[2025-10-10T08:41:59.846+0000] {logging_mixin.py:190} INFO - [2025-10-10T08:41:59.846+0000] {dag.py:3211} INFO - Sync 1 DAGs
[2025-10-10T08:41:59.910+0000] {logging_mixin.py:190} INFO - [2025-10-10T08:41:59.909+0000] {dag.py:4138} INFO - Setting next_dagrun for tutorial to 2025-10-09 00:00:00+00:00, run_after=2025-10-10 00:00:00+00:00
[2025-10-10T08:41:59.972+0000] {processor.py:208} INFO - Processing /home/airflow/.local/lib/python3.12/site-packages/airflow/example_dags/tutorial.py took 0.213 seconds
[2025-10-10T08:42:31.047+0000] {processor.py:186} INFO - Started process (PID=649) to work on /home/airflow/.local/lib/python3.12/site-packages/airflow/example_dags/tutorial.py
[2025-10-10T08:42:31.050+0000] {processor.py:914} INFO - Processing file /home/airflow/.local/lib/python3.12/site-packages/airflow/example_dags/tutorial.py for tasks to queue
[2025-10-10T08:42:31.058+0000] {logging_mixin.py:190} INFO - [2025-10-10T08:42:31.057+0000] {dagbag.py:587} INFO - Filling up the DagBag from /home/airflow/.local/lib/python3.12/site-packages/airflow/example_dags/tutorial.py
[2025-10-10T08:42:31.080+0000] {processor.py:925} INFO - DAG(s) 'tutorial' retrieved from /home/airflow/.local/lib/python3.12/site-packages/airflow/example_dags/tutorial.py
[2025-10-10T08:42:31.138+0000] {logging_mixin.py:190} INFO - [2025-10-10T08:42:31.138+0000] {dag.py:3211} INFO - Sync 1 DAGs
[2025-10-10T08:42:31.210+0000] {logging_mixin.py:190} INFO - [2025-10-10T08:42:31.209+0000] {dag.py:4138} INFO - Setting next_dagrun for tutorial to 2025-10-09 00:00:00+00:00, run_after=2025-10-10 00:00:00+00:00
[2025-10-10T08:42:31.255+0000] {processor.py:208} INFO - Processing /home/airflow/.local/lib/python3.12/site-packages/airflow/example_dags/tutorial.py took 0.227 seconds
[2025-10-10T08:43:02.241+0000] {processor.py:186} INFO - Started process (PID=712) to work on /home/airflow/.local/lib/python3.12/site-packages/airflow/example_dags/tutorial.py
[2025-10-10T08:43:02.246+0000] {processor.py:914} INFO - Processing file /home/airflow/.local/lib/python3.12/site-packages/airflow/example_dags/tutorial.py for tasks to queue
[2025-10-10T08:43:02.261+0000] {logging_mixin.py:190} INFO - [2025-10-10T08:43:02.259+0000] {dagbag.py:587} INFO - Filling up the DagBag from /home/airflow/.local/lib/python3.12/site-packages/airflow/example_dags/tutorial.py
[2025-10-10T08:43:02.309+0000] {processor.py:925} INFO - DAG(s) 'tutorial' retrieved from /home/airflow/.local/lib/python3.12/site-packages/airflow/example_dags/tutorial.py
[2025-10-10T08:43:02.418+0000] {logging_mixin.py:190} INFO - [2025-10-10T08:43:02.417+0000] {dag.py:3211} INFO - Sync 1 DAGs
[2025-10-10T08:43:02.477+0000] {logging_mixin.py:190} INFO - [2025-10-10T08:43:02.477+0000] {dag.py:4138} INFO - Setting next_dagrun for tutorial to 2025-10-09 00:00:00+00:00, run_after=2025-10-10 00:00:00+00:00
[2025-10-10T08:43:02.517+0000] {processor.py:208} INFO - Processing /home/airflow/.local/lib/python3.12/site-packages/airflow/example_dags/tutorial.py took 0.307 seconds
[2025-10-10T08:43:34.376+0000] {processor.py:186} INFO - Started process (PID=775) to work on /home/airflow/.local/lib/python3.12/site-packages/airflow/example_dags/tutorial.py
[2025-10-10T08:43:34.379+0000] {processor.py:914} INFO - Processing file /home/airflow/.local/lib/python3.12/site-packages/airflow/example_dags/tutorial.py for tasks to queue
[2025-10-10T08:43:34.387+0000] {logging_mixin.py:190} INFO - [2025-10-10T08:43:34.386+0000] {dagbag.py:587} INFO - Filling up the DagBag from /home/airflow/.local/lib/python3.12/site-packages/airflow/example_dags/tutorial.py
[2025-10-10T08:43:34.410+0000] {processor.py:925} INFO - DAG(s) 'tutorial' retrieved from /home/airflow/.local/lib/python3.12/site-packages/airflow/example_dags/tutorial.py
[2025-10-10T08:43:34.472+0000] {logging_mixin.py:190} INFO - [2025-10-10T08:43:34.471+0000] {dag.py:3211} INFO - Sync 1 DAGs
[2025-10-10T08:43:34.543+0000] {logging_mixin.py:190} INFO - [2025-10-10T08:43:34.542+0000] {dag.py:4138} INFO - Setting next_dagrun for tutorial to 2025-10-09 00:00:00+00:00, run_after=2025-10-10 00:00:00+00:00
[2025-10-10T08:43:34.607+0000] {processor.py:208} INFO - Processing /home/airflow/.local/lib/python3.12/site-packages/airflow/example_dags/tutorial.py took 0.248 seconds
[2025-10-10T08:44:05.023+0000] {processor.py:186} INFO - Started process (PID=838) to work on /home/airflow/.local/lib/python3.12/site-packages/airflow/example_dags/tutorial.py
[2025-10-10T08:44:05.027+0000] {processor.py:914} INFO - Processing file /home/airflow/.local/lib/python3.12/site-packages/airflow/example_dags/tutorial.py for tasks to queue
[2025-10-10T08:44:05.034+0000] {logging_mixin.py:190} INFO - [2025-10-10T08:44:05.033+0000] {dagbag.py:587} INFO - Filling up the DagBag from /home/airflow/.local/lib/python3.12/site-packages/airflow/example_dags/tutorial.py
[2025-10-10T08:44:05.056+0000] {processor.py:925} INFO - DAG(s) 'tutorial' retrieved from /home/airflow/.local/lib/python3.12/site-packages/airflow/example_dags/tutorial.py
[2025-10-10T08:44:05.115+0000] {logging_mixin.py:190} INFO - [2025-10-10T08:44:05.115+0000] {dag.py:3211} INFO - Sync 1 DAGs
[2025-10-10T08:44:05.168+0000] {logging_mixin.py:190} INFO - [2025-10-10T08:44:05.168+0000] {dag.py:4138} INFO - Setting next_dagrun for tutorial to 2025-10-09 00:00:00+00:00, run_after=2025-10-10 00:00:00+00:00
[2025-10-10T08:44:05.217+0000] {processor.py:208} INFO - Processing /home/airflow/.local/lib/python3.12/site-packages/airflow/example_dags/tutorial.py took 0.213 seconds
[2025-10-10T08:44:35.735+0000] {processor.py:186} INFO - Started process (PID=899) to work on /home/airflow/.local/lib/python3.12/site-packages/airflow/example_dags/tutorial.py
[2025-10-10T08:44:35.741+0000] {processor.py:914} INFO - Processing file /home/airflow/.local/lib/python3.12/site-packages/airflow/example_dags/tutorial.py for tasks to queue
[2025-10-10T08:44:35.769+0000] {logging_mixin.py:190} INFO - [2025-10-10T08:44:35.763+0000] {dagbag.py:587} INFO - Filling up the DagBag from /home/airflow/.local/lib/python3.12/site-packages/airflow/example_dags/tutorial.py
[2025-10-10T08:44:35.856+0000] {processor.py:925} INFO - DAG(s) 'tutorial' retrieved from /home/airflow/.local/lib/python3.12/site-packages/airflow/example_dags/tutorial.py
[2025-10-10T08:44:35.999+0000] {logging_mixin.py:190} INFO - [2025-10-10T08:44:35.998+0000] {dag.py:3211} INFO - Sync 1 DAGs
[2025-10-10T08:44:36.145+0000] {logging_mixin.py:190} INFO - [2025-10-10T08:44:36.143+0000] {dag.py:4138} INFO - Setting next_dagrun for tutorial to 2025-10-09 00:00:00+00:00, run_after=2025-10-10 00:00:00+00:00
[2025-10-10T08:44:36.252+0000] {processor.py:208} INFO - Processing /home/airflow/.local/lib/python3.12/site-packages/airflow/example_dags/tutorial.py took 0.599 seconds
[2025-10-10T08:45:06.661+0000] {processor.py:186} INFO - Started process (PID=962) to work on /home/airflow/.local/lib/python3.12/site-packages/airflow/example_dags/tutorial.py
[2025-10-10T08:45:06.665+0000] {processor.py:914} INFO - Processing file /home/airflow/.local/lib/python3.12/site-packages/airflow/example_dags/tutorial.py for tasks to queue
[2025-10-10T08:45:06.673+0000] {logging_mixin.py:190} INFO - [2025-10-10T08:45:06.673+0000] {dagbag.py:587} INFO - Filling up the DagBag from /home/airflow/.local/lib/python3.12/site-packages/airflow/example_dags/tutorial.py
[2025-10-10T08:45:06.698+0000] {processor.py:925} INFO - DAG(s) 'tutorial' retrieved from /home/airflow/.local/lib/python3.12/site-packages/airflow/example_dags/tutorial.py
[2025-10-10T08:45:06.756+0000] {logging_mixin.py:190} INFO - [2025-10-10T08:45:06.755+0000] {dag.py:3211} INFO - Sync 1 DAGs
[2025-10-10T08:45:06.818+0000] {logging_mixin.py:190} INFO - [2025-10-10T08:45:06.817+0000] {dag.py:4138} INFO - Setting next_dagrun for tutorial to 2025-10-09 00:00:00+00:00, run_after=2025-10-10 00:00:00+00:00
[2025-10-10T08:45:06.866+0000] {processor.py:208} INFO - Processing /home/airflow/.local/lib/python3.12/site-packages/airflow/example_dags/tutorial.py took 0.226 seconds
[2025-10-10T08:45:37.800+0000] {processor.py:186} INFO - Started process (PID=1025) to work on /home/airflow/.local/lib/python3.12/site-packages/airflow/example_dags/tutorial.py
[2025-10-10T08:45:37.803+0000] {processor.py:914} INFO - Processing file /home/airflow/.local/lib/python3.12/site-packages/airflow/example_dags/tutorial.py for tasks to queue
[2025-10-10T08:45:37.811+0000] {logging_mixin.py:190} INFO - [2025-10-10T08:45:37.810+0000] {dagbag.py:587} INFO - Filling up the DagBag from /home/airflow/.local/lib/python3.12/site-packages/airflow/example_dags/tutorial.py
[2025-10-10T08:45:37.835+0000] {processor.py:925} INFO - DAG(s) 'tutorial' retrieved from /home/airflow/.local/lib/python3.12/site-packages/airflow/example_dags/tutorial.py
[2025-10-10T08:45:37.896+0000] {logging_mixin.py:190} INFO - [2025-10-10T08:45:37.895+0000] {dag.py:3211} INFO - Sync 1 DAGs
[2025-10-10T08:45:37.964+0000] {logging_mixin.py:190} INFO - [2025-10-10T08:45:37.964+0000] {dag.py:4138} INFO - Setting next_dagrun for tutorial to 2025-10-09 00:00:00+00:00, run_after=2025-10-10 00:00:00+00:00
[2025-10-10T08:45:38.019+0000] {processor.py:208} INFO - Processing /home/airflow/.local/lib/python3.12/site-packages/airflow/example_dags/tutorial.py took 0.238 seconds
[2025-10-10T08:46:08.337+0000] {processor.py:186} INFO - Started process (PID=1088) to work on /home/airflow/.local/lib/python3.12/site-packages/airflow/example_dags/tutorial.py
[2025-10-10T08:46:08.341+0000] {processor.py:914} INFO - Processing file /home/airflow/.local/lib/python3.12/site-packages/airflow/example_dags/tutorial.py for tasks to queue
[2025-10-10T08:46:08.353+0000] {logging_mixin.py:190} INFO - [2025-10-10T08:46:08.352+0000] {dagbag.py:587} INFO - Filling up the DagBag from /home/airflow/.local/lib/python3.12/site-packages/airflow/example_dags/tutorial.py
[2025-10-10T08:46:08.387+0000] {processor.py:925} INFO - DAG(s) 'tutorial' retrieved from /home/airflow/.local/lib/python3.12/site-packages/airflow/example_dags/tutorial.py
[2025-10-10T08:46:08.452+0000] {logging_mixin.py:190} INFO - [2025-10-10T08:46:08.451+0000] {dag.py:3211} INFO - Sync 1 DAGs
[2025-10-10T08:46:08.517+0000] {logging_mixin.py:190} INFO - [2025-10-10T08:46:08.516+0000] {dag.py:4138} INFO - Setting next_dagrun for tutorial to 2025-10-09 00:00:00+00:00, run_after=2025-10-10 00:00:00+00:00
[2025-10-10T08:46:08.574+0000] {processor.py:208} INFO - Processing /home/airflow/.local/lib/python3.12/site-packages/airflow/example_dags/tutorial.py took 0.271 seconds
[2025-10-10T08:46:39.580+0000] {processor.py:186} INFO - Started process (PID=1151) to work on /home/airflow/.local/lib/python3.12/site-packages/airflow/example_dags/tutorial.py
[2025-10-10T08:46:39.583+0000] {processor.py:914} INFO - Processing file /home/airflow/.local/lib/python3.12/site-packages/airflow/example_dags/tutorial.py for tasks to queue
[2025-10-10T08:46:39.596+0000] {logging_mixin.py:190} INFO - [2025-10-10T08:46:39.594+0000] {dagbag.py:587} INFO - Filling up the DagBag from /home/airflow/.local/lib/python3.12/site-packages/airflow/example_dags/tutorial.py
[2025-10-10T08:46:39.627+0000] {processor.py:925} INFO - DAG(s) 'tutorial' retrieved from /home/airflow/.local/lib/python3.12/site-packages/airflow/example_dags/tutorial.py
[2025-10-10T08:46:39.706+0000] {logging_mixin.py:190} INFO - [2025-10-10T08:46:39.706+0000] {dag.py:3211} INFO - Sync 1 DAGs
[2025-10-10T08:46:39.852+0000] {logging_mixin.py:190} INFO - [2025-10-10T08:46:39.852+0000] {dag.py:4138} INFO - Setting next_dagrun for tutorial to 2025-10-09 00:00:00+00:00, run_after=2025-10-10 00:00:00+00:00
[2025-10-10T08:46:39.930+0000] {processor.py:208} INFO - Processing /home/airflow/.local/lib/python3.12/site-packages/airflow/example_dags/tutorial.py took 0.371 seconds
[2025-10-10T08:47:10.481+0000] {processor.py:186} INFO - Started process (PID=1214) to work on /home/airflow/.local/lib/python3.12/site-packages/airflow/example_dags/tutorial.py
[2025-10-10T08:47:10.493+0000] {processor.py:914} INFO - Processing file /home/airflow/.local/lib/python3.12/site-packages/airflow/example_dags/tutorial.py for tasks to queue
[2025-10-10T08:47:10.510+0000] {logging_mixin.py:190} INFO - [2025-10-10T08:47:10.509+0000] {dagbag.py:587} INFO - Filling up the DagBag from /home/airflow/.local/lib/python3.12/site-packages/airflow/example_dags/tutorial.py
[2025-10-10T08:47:10.605+0000] {processor.py:925} INFO - DAG(s) 'tutorial' retrieved from /home/airflow/.local/lib/python3.12/site-packages/airflow/example_dags/tutorial.py
[2025-10-10T08:47:10.782+0000] {logging_mixin.py:190} INFO - [2025-10-10T08:47:10.781+0000] {dag.py:3211} INFO - Sync 1 DAGs
[2025-10-10T08:47:10.985+0000] {logging_mixin.py:190} INFO - [2025-10-10T08:47:10.985+0000] {dag.py:4138} INFO - Setting next_dagrun for tutorial to 2025-10-09 00:00:00+00:00, run_after=2025-10-10 00:00:00+00:00
[2025-10-10T08:47:11.075+0000] {processor.py:208} INFO - Processing /home/airflow/.local/lib/python3.12/site-packages/airflow/example_dags/tutorial.py took 0.635 seconds
[2025-10-10T08:47:41.584+0000] {processor.py:186} INFO - Started process (PID=1277) to work on /home/airflow/.local/lib/python3.12/site-packages/airflow/example_dags/tutorial.py
[2025-10-10T08:47:41.592+0000] {processor.py:914} INFO - Processing file /home/airflow/.local/lib/python3.12/site-packages/airflow/example_dags/tutorial.py for tasks to queue
[2025-10-10T08:47:41.610+0000] {logging_mixin.py:190} INFO - [2025-10-10T08:47:41.608+0000] {dagbag.py:587} INFO - Filling up the DagBag from /home/airflow/.local/lib/python3.12/site-packages/airflow/example_dags/tutorial.py
[2025-10-10T08:47:41.678+0000] {processor.py:925} INFO - DAG(s) 'tutorial' retrieved from /home/airflow/.local/lib/python3.12/site-packages/airflow/example_dags/tutorial.py
[2025-10-10T08:47:41.789+0000] {logging_mixin.py:190} INFO - [2025-10-10T08:47:41.788+0000] {dag.py:3211} INFO - Sync 1 DAGs
[2025-10-10T08:47:41.894+0000] {logging_mixin.py:190} INFO - [2025-10-10T08:47:41.893+0000] {dag.py:4138} INFO - Setting next_dagrun for tutorial to 2025-10-09 00:00:00+00:00, run_after=2025-10-10 00:00:00+00:00
[2025-10-10T08:47:42.018+0000] {processor.py:208} INFO - Processing /home/airflow/.local/lib/python3.12/site-packages/airflow/example_dags/tutorial.py took 0.484 seconds
[2025-10-10T08:48:13.544+0000] {processor.py:186} INFO - Started process (PID=1340) to work on /home/airflow/.local/lib/python3.12/site-packages/airflow/example_dags/tutorial.py
[2025-10-10T08:48:13.547+0000] {processor.py:914} INFO - Processing file /home/airflow/.local/lib/python3.12/site-packages/airflow/example_dags/tutorial.py for tasks to queue
[2025-10-10T08:48:13.553+0000] {logging_mixin.py:190} INFO - [2025-10-10T08:48:13.552+0000] {dagbag.py:587} INFO - Filling up the DagBag from /home/airflow/.local/lib/python3.12/site-packages/airflow/example_dags/tutorial.py
[2025-10-10T08:48:13.573+0000] {processor.py:925} INFO - DAG(s) 'tutorial' retrieved from /home/airflow/.local/lib/python3.12/site-packages/airflow/example_dags/tutorial.py
[2025-10-10T08:48:13.627+0000] {logging_mixin.py:190} INFO - [2025-10-10T08:48:13.626+0000] {dag.py:3211} INFO - Sync 1 DAGs
[2025-10-10T08:48:13.695+0000] {logging_mixin.py:190} INFO - [2025-10-10T08:48:13.694+0000] {dag.py:4138} INFO - Setting next_dagrun for tutorial to 2025-10-09 00:00:00+00:00, run_after=2025-10-10 00:00:00+00:00
[2025-10-10T08:48:13.740+0000] {processor.py:208} INFO - Processing /home/airflow/.local/lib/python3.12/site-packages/airflow/example_dags/tutorial.py took 0.211 seconds
[2025-10-10T08:48:44.287+0000] {processor.py:186} INFO - Started process (PID=1403) to work on /home/airflow/.local/lib/python3.12/site-packages/airflow/example_dags/tutorial.py
[2025-10-10T08:48:44.289+0000] {processor.py:914} INFO - Processing file /home/airflow/.local/lib/python3.12/site-packages/airflow/example_dags/tutorial.py for tasks to queue
[2025-10-10T08:48:44.294+0000] {logging_mixin.py:190} INFO - [2025-10-10T08:48:44.294+0000] {dagbag.py:587} INFO - Filling up the DagBag from /home/airflow/.local/lib/python3.12/site-packages/airflow/example_dags/tutorial.py
[2025-10-10T08:48:44.319+0000] {processor.py:925} INFO - DAG(s) 'tutorial' retrieved from /home/airflow/.local/lib/python3.12/site-packages/airflow/example_dags/tutorial.py
[2025-10-10T08:48:44.373+0000] {logging_mixin.py:190} INFO - [2025-10-10T08:48:44.373+0000] {dag.py:3211} INFO - Sync 1 DAGs
[2025-10-10T08:48:44.439+0000] {logging_mixin.py:190} INFO - [2025-10-10T08:48:44.439+0000] {dag.py:4138} INFO - Setting next_dagrun for tutorial to 2025-10-09 00:00:00+00:00, run_after=2025-10-10 00:00:00+00:00
[2025-10-10T08:48:44.489+0000] {processor.py:208} INFO - Processing /home/airflow/.local/lib/python3.12/site-packages/airflow/example_dags/tutorial.py took 0.217 seconds
[2025-10-10T08:49:17.203+0000] {processor.py:186} INFO - Started process (PID=1472) to work on /home/airflow/.local/lib/python3.12/site-packages/airflow/example_dags/tutorial.py
[2025-10-10T08:49:17.209+0000] {processor.py:914} INFO - Processing file /home/airflow/.local/lib/python3.12/site-packages/airflow/example_dags/tutorial.py for tasks to queue
[2025-10-10T08:49:17.228+0000] {logging_mixin.py:190} INFO - [2025-10-10T08:49:17.219+0000] {dagbag.py:587} INFO - Filling up the DagBag from /home/airflow/.local/lib/python3.12/site-packages/airflow/example_dags/tutorial.py
[2025-10-10T08:49:17.287+0000] {processor.py:925} INFO - DAG(s) 'tutorial' retrieved from /home/airflow/.local/lib/python3.12/site-packages/airflow/example_dags/tutorial.py
[2025-10-10T08:49:17.427+0000] {logging_mixin.py:190} INFO - [2025-10-10T08:49:17.426+0000] {dag.py:3211} INFO - Sync 1 DAGs
[2025-10-10T08:49:17.578+0000] {logging_mixin.py:190} INFO - [2025-10-10T08:49:17.576+0000] {dag.py:4138} INFO - Setting next_dagrun for tutorial to 2025-10-09 00:00:00+00:00, run_after=2025-10-10 00:00:00+00:00
[2025-10-10T08:49:17.681+0000] {processor.py:208} INFO - Processing /home/airflow/.local/lib/python3.12/site-packages/airflow/example_dags/tutorial.py took 0.516 seconds
[2025-10-10T08:53:52.364+0000] {processor.py:186} INFO - Started process (PID=86) to work on /home/airflow/.local/lib/python3.12/site-packages/airflow/example_dags/tutorial.py
[2025-10-10T08:53:52.367+0000] {processor.py:914} INFO - Processing file /home/airflow/.local/lib/python3.12/site-packages/airflow/example_dags/tutorial.py for tasks to queue
[2025-10-10T08:53:52.376+0000] {logging_mixin.py:190} INFO - [2025-10-10T08:53:52.375+0000] {dagbag.py:587} INFO - Filling up the DagBag from /home/airflow/.local/lib/python3.12/site-packages/airflow/example_dags/tutorial.py
[2025-10-10T08:53:52.400+0000] {processor.py:925} INFO - DAG(s) 'tutorial' retrieved from /home/airflow/.local/lib/python3.12/site-packages/airflow/example_dags/tutorial.py
[2025-10-10T08:53:52.480+0000] {logging_mixin.py:190} INFO - [2025-10-10T08:53:52.479+0000] {dag.py:3211} INFO - Sync 1 DAGs
[2025-10-10T08:53:52.566+0000] {logging_mixin.py:190} INFO - [2025-10-10T08:53:52.565+0000] {dag.py:4138} INFO - Setting next_dagrun for tutorial to 2025-10-09 00:00:00+00:00, run_after=2025-10-10 00:00:00+00:00
[2025-10-10T08:53:52.637+0000] {processor.py:208} INFO - Processing /home/airflow/.local/lib/python3.12/site-packages/airflow/example_dags/tutorial.py took 0.288 seconds
[2025-10-10T08:54:23.958+0000] {processor.py:186} INFO - Started process (PID=149) to work on /home/airflow/.local/lib/python3.12/site-packages/airflow/example_dags/tutorial.py
[2025-10-10T08:54:23.962+0000] {processor.py:914} INFO - Processing file /home/airflow/.local/lib/python3.12/site-packages/airflow/example_dags/tutorial.py for tasks to queue
[2025-10-10T08:54:23.971+0000] {logging_mixin.py:190} INFO - [2025-10-10T08:54:23.970+0000] {dagbag.py:587} INFO - Filling up the DagBag from /home/airflow/.local/lib/python3.12/site-packages/airflow/example_dags/tutorial.py
[2025-10-10T08:54:23.995+0000] {processor.py:925} INFO - DAG(s) 'tutorial' retrieved from /home/airflow/.local/lib/python3.12/site-packages/airflow/example_dags/tutorial.py
[2025-10-10T08:54:24.060+0000] {logging_mixin.py:190} INFO - [2025-10-10T08:54:24.059+0000] {dag.py:3211} INFO - Sync 1 DAGs
[2025-10-10T08:54:24.139+0000] {logging_mixin.py:190} INFO - [2025-10-10T08:54:24.138+0000] {dag.py:4138} INFO - Setting next_dagrun for tutorial to 2025-10-09 00:00:00+00:00, run_after=2025-10-10 00:00:00+00:00
[2025-10-10T08:54:24.196+0000] {processor.py:208} INFO - Processing /home/airflow/.local/lib/python3.12/site-packages/airflow/example_dags/tutorial.py took 0.256 seconds
[2025-10-10T08:54:55.402+0000] {processor.py:186} INFO - Started process (PID=213) to work on /home/airflow/.local/lib/python3.12/site-packages/airflow/example_dags/tutorial.py
[2025-10-10T08:54:55.406+0000] {processor.py:914} INFO - Processing file /home/airflow/.local/lib/python3.12/site-packages/airflow/example_dags/tutorial.py for tasks to queue
[2025-10-10T08:54:55.414+0000] {logging_mixin.py:190} INFO - [2025-10-10T08:54:55.413+0000] {dagbag.py:587} INFO - Filling up the DagBag from /home/airflow/.local/lib/python3.12/site-packages/airflow/example_dags/tutorial.py
[2025-10-10T08:54:55.442+0000] {processor.py:925} INFO - DAG(s) 'tutorial' retrieved from /home/airflow/.local/lib/python3.12/site-packages/airflow/example_dags/tutorial.py
[2025-10-10T08:54:55.518+0000] {logging_mixin.py:190} INFO - [2025-10-10T08:54:55.516+0000] {dag.py:3211} INFO - Sync 1 DAGs
[2025-10-10T08:54:55.591+0000] {logging_mixin.py:190} INFO - [2025-10-10T08:54:55.590+0000] {dag.py:4138} INFO - Setting next_dagrun for tutorial to 2025-10-09 00:00:00+00:00, run_after=2025-10-10 00:00:00+00:00
[2025-10-10T08:54:55.645+0000] {processor.py:208} INFO - Processing /home/airflow/.local/lib/python3.12/site-packages/airflow/example_dags/tutorial.py took 0.260 seconds
[2025-10-10T08:58:01.225+0000] {processor.py:186} INFO - Started process (PID=87) to work on /home/airflow/.local/lib/python3.12/site-packages/airflow/example_dags/tutorial.py
[2025-10-10T08:58:01.230+0000] {processor.py:914} INFO - Processing file /home/airflow/.local/lib/python3.12/site-packages/airflow/example_dags/tutorial.py for tasks to queue
[2025-10-10T08:58:01.239+0000] {logging_mixin.py:190} INFO - [2025-10-10T08:58:01.237+0000] {dagbag.py:587} INFO - Filling up the DagBag from /home/airflow/.local/lib/python3.12/site-packages/airflow/example_dags/tutorial.py
[2025-10-10T08:58:01.292+0000] {processor.py:925} INFO - DAG(s) 'tutorial' retrieved from /home/airflow/.local/lib/python3.12/site-packages/airflow/example_dags/tutorial.py
[2025-10-10T08:58:01.462+0000] {logging_mixin.py:190} INFO - [2025-10-10T08:58:01.461+0000] {dag.py:3211} INFO - Sync 1 DAGs
[2025-10-10T08:58:01.579+0000] {logging_mixin.py:190} INFO - [2025-10-10T08:58:01.579+0000] {dag.py:4138} INFO - Setting next_dagrun for tutorial to 2025-10-09 00:00:00+00:00, run_after=2025-10-10 00:00:00+00:00
[2025-10-10T08:58:01.695+0000] {processor.py:208} INFO - Processing /home/airflow/.local/lib/python3.12/site-packages/airflow/example_dags/tutorial.py took 0.514 seconds
[2025-10-10T08:58:32.200+0000] {processor.py:186} INFO - Started process (PID=150) to work on /home/airflow/.local/lib/python3.12/site-packages/airflow/example_dags/tutorial.py
[2025-10-10T08:58:32.202+0000] {processor.py:914} INFO - Processing file /home/airflow/.local/lib/python3.12/site-packages/airflow/example_dags/tutorial.py for tasks to queue
[2025-10-10T08:58:32.211+0000] {logging_mixin.py:190} INFO - [2025-10-10T08:58:32.210+0000] {dagbag.py:587} INFO - Filling up the DagBag from /home/airflow/.local/lib/python3.12/site-packages/airflow/example_dags/tutorial.py
[2025-10-10T08:58:32.233+0000] {processor.py:925} INFO - DAG(s) 'tutorial' retrieved from /home/airflow/.local/lib/python3.12/site-packages/airflow/example_dags/tutorial.py
[2025-10-10T08:58:32.285+0000] {logging_mixin.py:190} INFO - [2025-10-10T08:58:32.285+0000] {dag.py:3211} INFO - Sync 1 DAGs
[2025-10-10T08:58:32.411+0000] {logging_mixin.py:190} INFO - [2025-10-10T08:58:32.410+0000] {dag.py:4138} INFO - Setting next_dagrun for tutorial to 2025-10-09 00:00:00+00:00, run_after=2025-10-10 00:00:00+00:00
[2025-10-10T08:58:32.514+0000] {processor.py:208} INFO - Processing /home/airflow/.local/lib/python3.12/site-packages/airflow/example_dags/tutorial.py took 0.330 seconds
[2025-10-10T09:01:28.433+0000] {processor.py:186} INFO - Started process (PID=86) to work on /home/airflow/.local/lib/python3.12/site-packages/airflow/example_dags/tutorial.py
[2025-10-10T09:01:28.435+0000] {processor.py:914} INFO - Processing file /home/airflow/.local/lib/python3.12/site-packages/airflow/example_dags/tutorial.py for tasks to queue
[2025-10-10T09:01:28.441+0000] {logging_mixin.py:190} INFO - [2025-10-10T09:01:28.441+0000] {dagbag.py:587} INFO - Filling up the DagBag from /home/airflow/.local/lib/python3.12/site-packages/airflow/example_dags/tutorial.py
[2025-10-10T09:01:28.465+0000] {processor.py:925} INFO - DAG(s) 'tutorial' retrieved from /home/airflow/.local/lib/python3.12/site-packages/airflow/example_dags/tutorial.py
[2025-10-10T09:01:28.536+0000] {logging_mixin.py:190} INFO - [2025-10-10T09:01:28.536+0000] {dag.py:3211} INFO - Sync 1 DAGs
[2025-10-10T09:01:28.608+0000] {logging_mixin.py:190} INFO - [2025-10-10T09:01:28.608+0000] {dag.py:4138} INFO - Setting next_dagrun for tutorial to 2025-10-09 00:00:00+00:00, run_after=2025-10-10 00:00:00+00:00
[2025-10-10T09:01:28.681+0000] {processor.py:208} INFO - Processing /home/airflow/.local/lib/python3.12/site-packages/airflow/example_dags/tutorial.py took 0.265 seconds
[2025-10-10T09:01:59.467+0000] {processor.py:186} INFO - Started process (PID=149) to work on /home/airflow/.local/lib/python3.12/site-packages/airflow/example_dags/tutorial.py
[2025-10-10T09:01:59.471+0000] {processor.py:914} INFO - Processing file /home/airflow/.local/lib/python3.12/site-packages/airflow/example_dags/tutorial.py for tasks to queue
[2025-10-10T09:01:59.480+0000] {logging_mixin.py:190} INFO - [2025-10-10T09:01:59.479+0000] {dagbag.py:587} INFO - Filling up the DagBag from /home/airflow/.local/lib/python3.12/site-packages/airflow/example_dags/tutorial.py
[2025-10-10T09:01:59.515+0000] {processor.py:925} INFO - DAG(s) 'tutorial' retrieved from /home/airflow/.local/lib/python3.12/site-packages/airflow/example_dags/tutorial.py
[2025-10-10T09:01:59.624+0000] {logging_mixin.py:190} INFO - [2025-10-10T09:01:59.623+0000] {dag.py:3211} INFO - Sync 1 DAGs
[2025-10-10T09:01:59.777+0000] {logging_mixin.py:190} INFO - [2025-10-10T09:01:59.777+0000] {dag.py:4138} INFO - Setting next_dagrun for tutorial to 2025-10-09 00:00:00+00:00, run_after=2025-10-10 00:00:00+00:00
[2025-10-10T09:01:59.870+0000] {processor.py:208} INFO - Processing /home/airflow/.local/lib/python3.12/site-packages/airflow/example_dags/tutorial.py took 0.428 seconds
[2025-10-10T09:02:30.896+0000] {processor.py:186} INFO - Started process (PID=212) to work on /home/airflow/.local/lib/python3.12/site-packages/airflow/example_dags/tutorial.py
[2025-10-10T09:02:30.899+0000] {processor.py:914} INFO - Processing file /home/airflow/.local/lib/python3.12/site-packages/airflow/example_dags/tutorial.py for tasks to queue
[2025-10-10T09:02:30.909+0000] {logging_mixin.py:190} INFO - [2025-10-10T09:02:30.908+0000] {dagbag.py:587} INFO - Filling up the DagBag from /home/airflow/.local/lib/python3.12/site-packages/airflow/example_dags/tutorial.py
[2025-10-10T09:02:30.945+0000] {processor.py:925} INFO - DAG(s) 'tutorial' retrieved from /home/airflow/.local/lib/python3.12/site-packages/airflow/example_dags/tutorial.py
[2025-10-10T09:02:31.030+0000] {logging_mixin.py:190} INFO - [2025-10-10T09:02:31.030+0000] {dag.py:3211} INFO - Sync 1 DAGs
[2025-10-10T09:02:31.215+0000] {logging_mixin.py:190} INFO - [2025-10-10T09:02:31.214+0000] {dag.py:4138} INFO - Setting next_dagrun for tutorial to 2025-10-09 00:00:00+00:00, run_after=2025-10-10 00:00:00+00:00
[2025-10-10T09:02:31.285+0000] {processor.py:208} INFO - Processing /home/airflow/.local/lib/python3.12/site-packages/airflow/example_dags/tutorial.py took 0.407 seconds
[2025-10-10T09:03:02.117+0000] {processor.py:186} INFO - Started process (PID=276) to work on /home/airflow/.local/lib/python3.12/site-packages/airflow/example_dags/tutorial.py
[2025-10-10T09:03:02.120+0000] {processor.py:914} INFO - Processing file /home/airflow/.local/lib/python3.12/site-packages/airflow/example_dags/tutorial.py for tasks to queue
[2025-10-10T09:03:02.127+0000] {logging_mixin.py:190} INFO - [2025-10-10T09:03:02.126+0000] {dagbag.py:587} INFO - Filling up the DagBag from /home/airflow/.local/lib/python3.12/site-packages/airflow/example_dags/tutorial.py
[2025-10-10T09:03:02.153+0000] {processor.py:925} INFO - DAG(s) 'tutorial' retrieved from /home/airflow/.local/lib/python3.12/site-packages/airflow/example_dags/tutorial.py
[2025-10-10T09:03:02.220+0000] {logging_mixin.py:190} INFO - [2025-10-10T09:03:02.219+0000] {dag.py:3211} INFO - Sync 1 DAGs
[2025-10-10T09:03:02.284+0000] {logging_mixin.py:190} INFO - [2025-10-10T09:03:02.284+0000] {dag.py:4138} INFO - Setting next_dagrun for tutorial to 2025-10-09 00:00:00+00:00, run_after=2025-10-10 00:00:00+00:00
[2025-10-10T09:03:02.333+0000] {processor.py:208} INFO - Processing /home/airflow/.local/lib/python3.12/site-packages/airflow/example_dags/tutorial.py took 0.233 seconds
[2025-10-10T09:03:33.435+0000] {processor.py:186} INFO - Started process (PID=339) to work on /home/airflow/.local/lib/python3.12/site-packages/airflow/example_dags/tutorial.py
[2025-10-10T09:03:33.442+0000] {processor.py:914} INFO - Processing file /home/airflow/.local/lib/python3.12/site-packages/airflow/example_dags/tutorial.py for tasks to queue
[2025-10-10T09:03:33.462+0000] {logging_mixin.py:190} INFO - [2025-10-10T09:03:33.459+0000] {dagbag.py:587} INFO - Filling up the DagBag from /home/airflow/.local/lib/python3.12/site-packages/airflow/example_dags/tutorial.py
[2025-10-10T09:03:33.530+0000] {processor.py:925} INFO - DAG(s) 'tutorial' retrieved from /home/airflow/.local/lib/python3.12/site-packages/airflow/example_dags/tutorial.py
[2025-10-10T09:03:33.639+0000] {logging_mixin.py:190} INFO - [2025-10-10T09:03:33.638+0000] {dag.py:3211} INFO - Sync 1 DAGs
[2025-10-10T09:03:33.746+0000] {logging_mixin.py:190} INFO - [2025-10-10T09:03:33.745+0000] {dag.py:4138} INFO - Setting next_dagrun for tutorial to 2025-10-09 00:00:00+00:00, run_after=2025-10-10 00:00:00+00:00
[2025-10-10T09:03:33.798+0000] {processor.py:208} INFO - Processing /home/airflow/.local/lib/python3.12/site-packages/airflow/example_dags/tutorial.py took 0.400 seconds
[2025-10-10T09:04:04.641+0000] {processor.py:186} INFO - Started process (PID=401) to work on /home/airflow/.local/lib/python3.12/site-packages/airflow/example_dags/tutorial.py
[2025-10-10T09:04:04.661+0000] {processor.py:914} INFO - Processing file /home/airflow/.local/lib/python3.12/site-packages/airflow/example_dags/tutorial.py for tasks to queue
[2025-10-10T09:04:04.684+0000] {logging_mixin.py:190} INFO - [2025-10-10T09:04:04.682+0000] {dagbag.py:587} INFO - Filling up the DagBag from /home/airflow/.local/lib/python3.12/site-packages/airflow/example_dags/tutorial.py
[2025-10-10T09:04:04.737+0000] {processor.py:925} INFO - DAG(s) 'tutorial' retrieved from /home/airflow/.local/lib/python3.12/site-packages/airflow/example_dags/tutorial.py
[2025-10-10T09:04:04.912+0000] {logging_mixin.py:190} INFO - [2025-10-10T09:04:04.912+0000] {dag.py:3211} INFO - Sync 1 DAGs
[2025-10-10T09:04:05.108+0000] {logging_mixin.py:190} INFO - [2025-10-10T09:04:05.107+0000] {dag.py:4138} INFO - Setting next_dagrun for tutorial to 2025-10-09 00:00:00+00:00, run_after=2025-10-10 00:00:00+00:00
[2025-10-10T09:04:05.235+0000] {processor.py:208} INFO - Processing /home/airflow/.local/lib/python3.12/site-packages/airflow/example_dags/tutorial.py took 0.622 seconds
[2025-10-10T09:04:35.819+0000] {processor.py:186} INFO - Started process (PID=464) to work on /home/airflow/.local/lib/python3.12/site-packages/airflow/example_dags/tutorial.py
[2025-10-10T09:04:35.822+0000] {processor.py:914} INFO - Processing file /home/airflow/.local/lib/python3.12/site-packages/airflow/example_dags/tutorial.py for tasks to queue
[2025-10-10T09:04:35.831+0000] {logging_mixin.py:190} INFO - [2025-10-10T09:04:35.830+0000] {dagbag.py:587} INFO - Filling up the DagBag from /home/airflow/.local/lib/python3.12/site-packages/airflow/example_dags/tutorial.py
[2025-10-10T09:04:35.864+0000] {processor.py:925} INFO - DAG(s) 'tutorial' retrieved from /home/airflow/.local/lib/python3.12/site-packages/airflow/example_dags/tutorial.py
[2025-10-10T09:04:35.959+0000] {logging_mixin.py:190} INFO - [2025-10-10T09:04:35.958+0000] {dag.py:3211} INFO - Sync 1 DAGs
[2025-10-10T09:04:36.049+0000] {logging_mixin.py:190} INFO - [2025-10-10T09:04:36.049+0000] {dag.py:4138} INFO - Setting next_dagrun for tutorial to 2025-10-09 00:00:00+00:00, run_after=2025-10-10 00:00:00+00:00
[2025-10-10T09:04:36.122+0000] {processor.py:208} INFO - Processing /home/airflow/.local/lib/python3.12/site-packages/airflow/example_dags/tutorial.py took 0.328 seconds
[2025-10-10T09:05:06.764+0000] {processor.py:186} INFO - Started process (PID=527) to work on /home/airflow/.local/lib/python3.12/site-packages/airflow/example_dags/tutorial.py
[2025-10-10T09:05:06.768+0000] {processor.py:914} INFO - Processing file /home/airflow/.local/lib/python3.12/site-packages/airflow/example_dags/tutorial.py for tasks to queue
[2025-10-10T09:05:06.779+0000] {logging_mixin.py:190} INFO - [2025-10-10T09:05:06.778+0000] {dagbag.py:587} INFO - Filling up the DagBag from /home/airflow/.local/lib/python3.12/site-packages/airflow/example_dags/tutorial.py
[2025-10-10T09:05:06.805+0000] {processor.py:925} INFO - DAG(s) 'tutorial' retrieved from /home/airflow/.local/lib/python3.12/site-packages/airflow/example_dags/tutorial.py
[2025-10-10T09:05:06.852+0000] {logging_mixin.py:190} INFO - [2025-10-10T09:05:06.852+0000] {dag.py:3211} INFO - Sync 1 DAGs
[2025-10-10T09:05:06.902+0000] {logging_mixin.py:190} INFO - [2025-10-10T09:05:06.902+0000] {dag.py:4138} INFO - Setting next_dagrun for tutorial to 2025-10-09 00:00:00+00:00, run_after=2025-10-10 00:00:00+00:00
[2025-10-10T09:05:06.946+0000] {processor.py:208} INFO - Processing /home/airflow/.local/lib/python3.12/site-packages/airflow/example_dags/tutorial.py took 0.206 seconds
[2025-10-10T09:05:37.190+0000] {processor.py:186} INFO - Started process (PID=590) to work on /home/airflow/.local/lib/python3.12/site-packages/airflow/example_dags/tutorial.py
[2025-10-10T09:05:37.193+0000] {processor.py:914} INFO - Processing file /home/airflow/.local/lib/python3.12/site-packages/airflow/example_dags/tutorial.py for tasks to queue
[2025-10-10T09:05:37.200+0000] {logging_mixin.py:190} INFO - [2025-10-10T09:05:37.199+0000] {dagbag.py:587} INFO - Filling up the DagBag from /home/airflow/.local/lib/python3.12/site-packages/airflow/example_dags/tutorial.py
[2025-10-10T09:05:37.222+0000] {processor.py:925} INFO - DAG(s) 'tutorial' retrieved from /home/airflow/.local/lib/python3.12/site-packages/airflow/example_dags/tutorial.py
[2025-10-10T09:05:37.276+0000] {logging_mixin.py:190} INFO - [2025-10-10T09:05:37.275+0000] {dag.py:3211} INFO - Sync 1 DAGs
[2025-10-10T09:05:37.375+0000] {logging_mixin.py:190} INFO - [2025-10-10T09:05:37.373+0000] {dag.py:4138} INFO - Setting next_dagrun for tutorial to 2025-10-09 00:00:00+00:00, run_after=2025-10-10 00:00:00+00:00
[2025-10-10T09:05:37.460+0000] {processor.py:208} INFO - Processing /home/airflow/.local/lib/python3.12/site-packages/airflow/example_dags/tutorial.py took 0.286 seconds
