[2025-10-09T19:01:04.292+0000] {processor.py:186} INFO - Started process (PID=115) to work on /opt/airflow/dags/churn_pipeline.py
[2025-10-09T19:01:04.310+0000] {processor.py:914} INFO - Processing file /opt/airflow/dags/churn_pipeline.py for tasks to queue
[2025-10-09T19:01:04.434+0000] {logging_mixin.py:190} INFO - [2025-10-09T19:01:04.432+0000] {dagbag.py:587} INFO - Filling up the DagBag from /opt/airflow/dags/churn_pipeline.py
[2025-10-09T19:01:05.027+0000] {processor.py:927} WARNING - No viable dags retrieved from /opt/airflow/dags/churn_pipeline.py
[2025-10-09T19:01:06.871+0000] {processor.py:208} INFO - Processing /opt/airflow/dags/churn_pipeline.py took 2.755 seconds
[2025-10-09T19:03:56.609+0000] {processor.py:186} INFO - Started process (PID=204) to work on /opt/airflow/dags/churn_pipeline.py
[2025-10-09T19:03:56.617+0000] {processor.py:914} INFO - Processing file /opt/airflow/dags/churn_pipeline.py for tasks to queue
[2025-10-09T19:03:56.648+0000] {logging_mixin.py:190} INFO - [2025-10-09T19:03:56.646+0000] {dagbag.py:587} INFO - Filling up the DagBag from /opt/airflow/dags/churn_pipeline.py
[2025-10-09T19:03:56.734+0000] {processor.py:927} WARNING - No viable dags retrieved from /opt/airflow/dags/churn_pipeline.py
[2025-10-09T19:03:56.880+0000] {processor.py:208} INFO - Processing /opt/airflow/dags/churn_pipeline.py took 0.339 seconds
[2025-10-09T19:04:34.893+0000] {processor.py:186} INFO - Started process (PID=264) to work on /opt/airflow/dags/churn_pipeline.py
[2025-10-09T19:04:34.899+0000] {processor.py:914} INFO - Processing file /opt/airflow/dags/churn_pipeline.py for tasks to queue
[2025-10-09T19:04:34.918+0000] {logging_mixin.py:190} INFO - [2025-10-09T19:04:34.916+0000] {dagbag.py:587} INFO - Filling up the DagBag from /opt/airflow/dags/churn_pipeline.py
[2025-10-09T19:04:34.975+0000] {processor.py:927} WARNING - No viable dags retrieved from /opt/airflow/dags/churn_pipeline.py
[2025-10-09T19:04:35.045+0000] {processor.py:208} INFO - Processing /opt/airflow/dags/churn_pipeline.py took 0.187 seconds
[2025-10-09T19:05:11.901+0000] {processor.py:186} INFO - Started process (PID=316) to work on /opt/airflow/dags/churn_pipeline.py
[2025-10-09T19:05:11.907+0000] {processor.py:914} INFO - Processing file /opt/airflow/dags/churn_pipeline.py for tasks to queue
[2025-10-09T19:05:11.920+0000] {logging_mixin.py:190} INFO - [2025-10-09T19:05:11.918+0000] {dagbag.py:587} INFO - Filling up the DagBag from /opt/airflow/dags/churn_pipeline.py
[2025-10-09T19:05:11.981+0000] {processor.py:927} WARNING - No viable dags retrieved from /opt/airflow/dags/churn_pipeline.py
[2025-10-09T19:05:12.057+0000] {processor.py:208} INFO - Processing /opt/airflow/dags/churn_pipeline.py took 0.195 seconds
[2025-10-09T19:05:51.607+0000] {processor.py:186} INFO - Started process (PID=374) to work on /opt/airflow/dags/churn_pipeline.py
[2025-10-09T19:05:51.615+0000] {processor.py:914} INFO - Processing file /opt/airflow/dags/churn_pipeline.py for tasks to queue
[2025-10-09T19:05:51.639+0000] {logging_mixin.py:190} INFO - [2025-10-09T19:05:51.636+0000] {dagbag.py:587} INFO - Filling up the DagBag from /opt/airflow/dags/churn_pipeline.py
[2025-10-09T19:05:51.722+0000] {processor.py:927} WARNING - No viable dags retrieved from /opt/airflow/dags/churn_pipeline.py
[2025-10-09T19:05:51.916+0000] {processor.py:208} INFO - Processing /opt/airflow/dags/churn_pipeline.py took 0.354 seconds
[2025-10-09T19:06:25.809+0000] {processor.py:186} INFO - Started process (PID=430) to work on /opt/airflow/dags/churn_pipeline.py
[2025-10-09T19:06:25.849+0000] {processor.py:914} INFO - Processing file /opt/airflow/dags/churn_pipeline.py for tasks to queue
[2025-10-09T19:06:25.888+0000] {logging_mixin.py:190} INFO - [2025-10-09T19:06:25.886+0000] {dagbag.py:587} INFO - Filling up the DagBag from /opt/airflow/dags/churn_pipeline.py
[2025-10-09T19:06:26.160+0000] {processor.py:927} WARNING - No viable dags retrieved from /opt/airflow/dags/churn_pipeline.py
[2025-10-09T19:06:26.328+0000] {processor.py:208} INFO - Processing /opt/airflow/dags/churn_pipeline.py took 0.629 seconds
[2025-10-09T19:06:56.781+0000] {processor.py:186} INFO - Started process (PID=491) to work on /opt/airflow/dags/churn_pipeline.py
[2025-10-09T19:06:56.786+0000] {processor.py:914} INFO - Processing file /opt/airflow/dags/churn_pipeline.py for tasks to queue
[2025-10-09T19:06:56.795+0000] {logging_mixin.py:190} INFO - [2025-10-09T19:06:56.794+0000] {dagbag.py:587} INFO - Filling up the DagBag from /opt/airflow/dags/churn_pipeline.py
[2025-10-09T19:06:56.853+0000] {processor.py:927} WARNING - No viable dags retrieved from /opt/airflow/dags/churn_pipeline.py
[2025-10-09T19:06:56.913+0000] {processor.py:208} INFO - Processing /opt/airflow/dags/churn_pipeline.py took 0.159 seconds
[2025-10-09T19:13:49.255+0000] {processor.py:186} INFO - Started process (PID=72) to work on /opt/airflow/dags/churn_pipeline.py
[2025-10-09T19:13:49.264+0000] {processor.py:914} INFO - Processing file /opt/airflow/dags/churn_pipeline.py for tasks to queue
[2025-10-09T19:13:49.302+0000] {logging_mixin.py:190} INFO - [2025-10-09T19:13:49.300+0000] {dagbag.py:587} INFO - Filling up the DagBag from /opt/airflow/dags/churn_pipeline.py
[2025-10-09T19:13:49.413+0000] {processor.py:927} WARNING - No viable dags retrieved from /opt/airflow/dags/churn_pipeline.py
[2025-10-09T19:13:49.601+0000] {processor.py:208} INFO - Processing /opt/airflow/dags/churn_pipeline.py took 0.536 seconds
[2025-10-09T19:14:20.704+0000] {processor.py:186} INFO - Started process (PID=135) to work on /opt/airflow/dags/churn_pipeline.py
[2025-10-09T19:14:20.709+0000] {processor.py:914} INFO - Processing file /opt/airflow/dags/churn_pipeline.py for tasks to queue
[2025-10-09T19:14:20.725+0000] {logging_mixin.py:190} INFO - [2025-10-09T19:14:20.723+0000] {dagbag.py:587} INFO - Filling up the DagBag from /opt/airflow/dags/churn_pipeline.py
[2025-10-09T19:14:20.829+0000] {processor.py:927} WARNING - No viable dags retrieved from /opt/airflow/dags/churn_pipeline.py
[2025-10-09T19:14:20.920+0000] {processor.py:208} INFO - Processing /opt/airflow/dags/churn_pipeline.py took 0.245 seconds
[2025-10-09T19:14:51.494+0000] {processor.py:186} INFO - Started process (PID=199) to work on /opt/airflow/dags/churn_pipeline.py
[2025-10-09T19:14:51.499+0000] {processor.py:914} INFO - Processing file /opt/airflow/dags/churn_pipeline.py for tasks to queue
[2025-10-09T19:14:51.515+0000] {logging_mixin.py:190} INFO - [2025-10-09T19:14:51.513+0000] {dagbag.py:587} INFO - Filling up the DagBag from /opt/airflow/dags/churn_pipeline.py
[2025-10-09T19:14:51.596+0000] {processor.py:927} WARNING - No viable dags retrieved from /opt/airflow/dags/churn_pipeline.py
[2025-10-09T19:14:51.673+0000] {processor.py:208} INFO - Processing /opt/airflow/dags/churn_pipeline.py took 0.212 seconds
[2025-10-09T19:15:22.559+0000] {processor.py:186} INFO - Started process (PID=262) to work on /opt/airflow/dags/churn_pipeline.py
[2025-10-09T19:15:22.566+0000] {processor.py:914} INFO - Processing file /opt/airflow/dags/churn_pipeline.py for tasks to queue
[2025-10-09T19:15:22.589+0000] {logging_mixin.py:190} INFO - [2025-10-09T19:15:22.586+0000] {dagbag.py:587} INFO - Filling up the DagBag from /opt/airflow/dags/churn_pipeline.py
[2025-10-09T19:15:22.682+0000] {processor.py:927} WARNING - No viable dags retrieved from /opt/airflow/dags/churn_pipeline.py
[2025-10-09T19:15:22.762+0000] {processor.py:208} INFO - Processing /opt/airflow/dags/churn_pipeline.py took 0.240 seconds
[2025-10-09T19:15:53.100+0000] {processor.py:186} INFO - Started process (PID=325) to work on /opt/airflow/dags/churn_pipeline.py
[2025-10-09T19:15:53.103+0000] {processor.py:914} INFO - Processing file /opt/airflow/dags/churn_pipeline.py for tasks to queue
[2025-10-09T19:15:53.114+0000] {logging_mixin.py:190} INFO - [2025-10-09T19:15:53.112+0000] {dagbag.py:587} INFO - Filling up the DagBag from /opt/airflow/dags/churn_pipeline.py
[2025-10-09T19:15:53.163+0000] {processor.py:927} WARNING - No viable dags retrieved from /opt/airflow/dags/churn_pipeline.py
[2025-10-09T19:15:53.218+0000] {processor.py:208} INFO - Processing /opt/airflow/dags/churn_pipeline.py took 0.138 seconds
[2025-10-09T19:16:29.888+0000] {processor.py:186} INFO - Started process (PID=370) to work on /opt/airflow/dags/churn_pipeline.py
[2025-10-09T19:16:29.940+0000] {processor.py:914} INFO - Processing file /opt/airflow/dags/churn_pipeline.py for tasks to queue
[2025-10-09T19:16:30.010+0000] {logging_mixin.py:190} INFO - [2025-10-09T19:16:29.996+0000] {dagbag.py:587} INFO - Filling up the DagBag from /opt/airflow/dags/churn_pipeline.py
[2025-10-09T19:16:30.277+0000] {processor.py:927} WARNING - No viable dags retrieved from /opt/airflow/dags/churn_pipeline.py
[2025-10-09T19:16:30.632+0000] {processor.py:208} INFO - Processing /opt/airflow/dags/churn_pipeline.py took 0.899 seconds
[2025-10-09T19:17:12.610+0000] {processor.py:186} INFO - Started process (PID=398) to work on /opt/airflow/dags/churn_pipeline.py
[2025-10-09T19:17:12.642+0000] {processor.py:914} INFO - Processing file /opt/airflow/dags/churn_pipeline.py for tasks to queue
[2025-10-09T19:17:12.739+0000] {logging_mixin.py:190} INFO - [2025-10-09T19:17:12.694+0000] {dagbag.py:587} INFO - Filling up the DagBag from /opt/airflow/dags/churn_pipeline.py
[2025-10-09T19:17:13.517+0000] {processor.py:927} WARNING - No viable dags retrieved from /opt/airflow/dags/churn_pipeline.py
[2025-10-09T19:17:13.793+0000] {processor.py:208} INFO - Processing /opt/airflow/dags/churn_pipeline.py took 1.376 seconds
[2025-10-09T19:19:57.412+0000] {processor.py:186} INFO - Started process (PID=469) to work on /opt/airflow/dags/churn_pipeline.py
[2025-10-09T19:19:57.446+0000] {processor.py:914} INFO - Processing file /opt/airflow/dags/churn_pipeline.py for tasks to queue
[2025-10-09T19:19:57.605+0000] {logging_mixin.py:190} INFO - [2025-10-09T19:19:57.602+0000] {dagbag.py:587} INFO - Filling up the DagBag from /opt/airflow/dags/churn_pipeline.py
[2025-10-09T19:19:58.363+0000] {processor.py:927} WARNING - No viable dags retrieved from /opt/airflow/dags/churn_pipeline.py
[2025-10-09T19:20:00.874+0000] {processor.py:208} INFO - Processing /opt/airflow/dags/churn_pipeline.py took 2.424 seconds
[2025-10-09T19:22:23.553+0000] {processor.py:186} INFO - Started process (PID=537) to work on /opt/airflow/dags/churn_pipeline.py
[2025-10-09T19:22:23.622+0000] {processor.py:914} INFO - Processing file /opt/airflow/dags/churn_pipeline.py for tasks to queue
[2025-10-09T19:22:23.719+0000] {logging_mixin.py:190} INFO - [2025-10-09T19:22:23.704+0000] {dagbag.py:587} INFO - Filling up the DagBag from /opt/airflow/dags/churn_pipeline.py
[2025-10-09T19:22:25.312+0000] {processor.py:927} WARNING - No viable dags retrieved from /opt/airflow/dags/churn_pipeline.py
[2025-10-09T19:22:25.701+0000] {processor.py:208} INFO - Processing /opt/airflow/dags/churn_pipeline.py took 2.363 seconds
[2025-10-09T19:23:52.351+0000] {processor.py:186} INFO - Started process (PID=595) to work on /opt/airflow/dags/churn_pipeline.py
[2025-10-09T19:23:52.360+0000] {processor.py:914} INFO - Processing file /opt/airflow/dags/churn_pipeline.py for tasks to queue
[2025-10-09T19:23:52.379+0000] {logging_mixin.py:190} INFO - [2025-10-09T19:23:52.374+0000] {dagbag.py:587} INFO - Filling up the DagBag from /opt/airflow/dags/churn_pipeline.py
[2025-10-09T19:23:52.448+0000] {processor.py:927} WARNING - No viable dags retrieved from /opt/airflow/dags/churn_pipeline.py
[2025-10-09T19:23:52.530+0000] {processor.py:208} INFO - Processing /opt/airflow/dags/churn_pipeline.py took 0.221 seconds
[2025-10-09T19:24:23.435+0000] {processor.py:186} INFO - Started process (PID=656) to work on /opt/airflow/dags/churn_pipeline.py
[2025-10-09T19:24:23.440+0000] {processor.py:914} INFO - Processing file /opt/airflow/dags/churn_pipeline.py for tasks to queue
[2025-10-09T19:24:23.454+0000] {logging_mixin.py:190} INFO - [2025-10-09T19:24:23.453+0000] {dagbag.py:587} INFO - Filling up the DagBag from /opt/airflow/dags/churn_pipeline.py
[2025-10-09T19:24:23.528+0000] {processor.py:927} WARNING - No viable dags retrieved from /opt/airflow/dags/churn_pipeline.py
[2025-10-09T19:24:23.627+0000] {processor.py:208} INFO - Processing /opt/airflow/dags/churn_pipeline.py took 0.221 seconds
[2025-10-09T19:24:54.278+0000] {processor.py:186} INFO - Started process (PID=718) to work on /opt/airflow/dags/churn_pipeline.py
[2025-10-09T19:24:54.284+0000] {processor.py:914} INFO - Processing file /opt/airflow/dags/churn_pipeline.py for tasks to queue
[2025-10-09T19:24:54.299+0000] {logging_mixin.py:190} INFO - [2025-10-09T19:24:54.297+0000] {dagbag.py:587} INFO - Filling up the DagBag from /opt/airflow/dags/churn_pipeline.py
[2025-10-09T19:24:54.368+0000] {processor.py:927} WARNING - No viable dags retrieved from /opt/airflow/dags/churn_pipeline.py
[2025-10-09T19:24:54.428+0000] {processor.py:208} INFO - Processing /opt/airflow/dags/churn_pipeline.py took 0.193 seconds
[2025-10-09T19:25:25.035+0000] {processor.py:186} INFO - Started process (PID=779) to work on /opt/airflow/dags/churn_pipeline.py
[2025-10-09T19:25:25.037+0000] {processor.py:914} INFO - Processing file /opt/airflow/dags/churn_pipeline.py for tasks to queue
[2025-10-09T19:25:25.045+0000] {logging_mixin.py:190} INFO - [2025-10-09T19:25:25.044+0000] {dagbag.py:587} INFO - Filling up the DagBag from /opt/airflow/dags/churn_pipeline.py
[2025-10-09T19:25:25.084+0000] {processor.py:927} WARNING - No viable dags retrieved from /opt/airflow/dags/churn_pipeline.py
[2025-10-09T19:25:25.124+0000] {processor.py:208} INFO - Processing /opt/airflow/dags/churn_pipeline.py took 0.105 seconds
[2025-10-09T19:25:56.136+0000] {processor.py:186} INFO - Started process (PID=842) to work on /opt/airflow/dags/churn_pipeline.py
[2025-10-09T19:25:56.141+0000] {processor.py:914} INFO - Processing file /opt/airflow/dags/churn_pipeline.py for tasks to queue
[2025-10-09T19:25:56.150+0000] {logging_mixin.py:190} INFO - [2025-10-09T19:25:56.149+0000] {dagbag.py:587} INFO - Filling up the DagBag from /opt/airflow/dags/churn_pipeline.py
[2025-10-09T19:25:56.191+0000] {processor.py:927} WARNING - No viable dags retrieved from /opt/airflow/dags/churn_pipeline.py
[2025-10-09T19:25:56.238+0000] {processor.py:208} INFO - Processing /opt/airflow/dags/churn_pipeline.py took 0.125 seconds
[2025-10-09T19:26:26.806+0000] {processor.py:186} INFO - Started process (PID=905) to work on /opt/airflow/dags/churn_pipeline.py
[2025-10-09T19:26:26.809+0000] {processor.py:914} INFO - Processing file /opt/airflow/dags/churn_pipeline.py for tasks to queue
[2025-10-09T19:26:26.819+0000] {logging_mixin.py:190} INFO - [2025-10-09T19:26:26.818+0000] {dagbag.py:587} INFO - Filling up the DagBag from /opt/airflow/dags/churn_pipeline.py
[2025-10-09T19:26:26.866+0000] {processor.py:927} WARNING - No viable dags retrieved from /opt/airflow/dags/churn_pipeline.py
[2025-10-09T19:26:26.918+0000] {processor.py:208} INFO - Processing /opt/airflow/dags/churn_pipeline.py took 0.131 seconds
[2025-10-09T19:26:57.887+0000] {processor.py:186} INFO - Started process (PID=968) to work on /opt/airflow/dags/churn_pipeline.py
[2025-10-09T19:26:57.900+0000] {processor.py:914} INFO - Processing file /opt/airflow/dags/churn_pipeline.py for tasks to queue
[2025-10-09T19:26:57.918+0000] {logging_mixin.py:190} INFO - [2025-10-09T19:26:57.916+0000] {dagbag.py:587} INFO - Filling up the DagBag from /opt/airflow/dags/churn_pipeline.py
[2025-10-09T19:26:58.003+0000] {processor.py:927} WARNING - No viable dags retrieved from /opt/airflow/dags/churn_pipeline.py
[2025-10-09T19:26:58.132+0000] {processor.py:208} INFO - Processing /opt/airflow/dags/churn_pipeline.py took 0.308 seconds
[2025-10-09T19:27:28.411+0000] {processor.py:186} INFO - Started process (PID=1029) to work on /opt/airflow/dags/churn_pipeline.py
[2025-10-09T19:27:28.416+0000] {processor.py:914} INFO - Processing file /opt/airflow/dags/churn_pipeline.py for tasks to queue
[2025-10-09T19:27:28.433+0000] {logging_mixin.py:190} INFO - [2025-10-09T19:27:28.431+0000] {dagbag.py:587} INFO - Filling up the DagBag from /opt/airflow/dags/churn_pipeline.py
[2025-10-09T19:27:28.757+0000] {processor.py:927} WARNING - No viable dags retrieved from /opt/airflow/dags/churn_pipeline.py
[2025-10-09T19:27:28.991+0000] {processor.py:208} INFO - Processing /opt/airflow/dags/churn_pipeline.py took 0.630 seconds
[2025-10-09T19:28:01.952+0000] {processor.py:186} INFO - Started process (PID=1079) to work on /opt/airflow/dags/churn_pipeline.py
[2025-10-09T19:28:01.967+0000] {processor.py:914} INFO - Processing file /opt/airflow/dags/churn_pipeline.py for tasks to queue
[2025-10-09T19:28:02.018+0000] {logging_mixin.py:190} INFO - [2025-10-09T19:28:02.003+0000] {dagbag.py:587} INFO - Filling up the DagBag from /opt/airflow/dags/churn_pipeline.py
[2025-10-09T19:28:02.159+0000] {processor.py:927} WARNING - No viable dags retrieved from /opt/airflow/dags/churn_pipeline.py
[2025-10-09T19:28:02.361+0000] {processor.py:208} INFO - Processing /opt/airflow/dags/churn_pipeline.py took 0.476 seconds
[2025-10-09T19:28:51.177+0000] {processor.py:186} INFO - Started process (PID=1141) to work on /opt/airflow/dags/churn_pipeline.py
[2025-10-09T19:28:51.187+0000] {processor.py:914} INFO - Processing file /opt/airflow/dags/churn_pipeline.py for tasks to queue
[2025-10-09T19:28:51.209+0000] {logging_mixin.py:190} INFO - [2025-10-09T19:28:51.206+0000] {dagbag.py:587} INFO - Filling up the DagBag from /opt/airflow/dags/churn_pipeline.py
[2025-10-09T19:28:51.402+0000] {processor.py:927} WARNING - No viable dags retrieved from /opt/airflow/dags/churn_pipeline.py
[2025-10-09T19:28:51.822+0000] {processor.py:208} INFO - Processing /opt/airflow/dags/churn_pipeline.py took 0.725 seconds
[2025-10-09T19:29:25.938+0000] {processor.py:186} INFO - Started process (PID=1174) to work on /opt/airflow/dags/churn_pipeline.py
[2025-10-09T19:29:25.949+0000] {processor.py:914} INFO - Processing file /opt/airflow/dags/churn_pipeline.py for tasks to queue
[2025-10-09T19:29:25.995+0000] {logging_mixin.py:190} INFO - [2025-10-09T19:29:25.989+0000] {dagbag.py:587} INFO - Filling up the DagBag from /opt/airflow/dags/churn_pipeline.py
[2025-10-09T19:29:26.136+0000] {processor.py:927} WARNING - No viable dags retrieved from /opt/airflow/dags/churn_pipeline.py
[2025-10-09T19:29:26.259+0000] {processor.py:208} INFO - Processing /opt/airflow/dags/churn_pipeline.py took 0.402 seconds
[2025-10-09T19:30:21.018+0000] {processor.py:186} INFO - Started process (PID=1210) to work on /opt/airflow/dags/churn_pipeline.py
[2025-10-09T19:30:21.038+0000] {processor.py:914} INFO - Processing file /opt/airflow/dags/churn_pipeline.py for tasks to queue
[2025-10-09T19:30:21.110+0000] {logging_mixin.py:190} INFO - [2025-10-09T19:30:21.094+0000] {dagbag.py:587} INFO - Filling up the DagBag from /opt/airflow/dags/churn_pipeline.py
[2025-10-09T19:30:21.626+0000] {processor.py:927} WARNING - No viable dags retrieved from /opt/airflow/dags/churn_pipeline.py
[2025-10-09T19:30:21.957+0000] {processor.py:208} INFO - Processing /opt/airflow/dags/churn_pipeline.py took 1.236 seconds
