[2025-10-09T19:01:08.293+0000] {processor.py:186} INFO - Started process (PID=117) to work on /home/airflow/.local/lib/python3.12/site-packages/airflow/example_dags/example_inlet_event_extra.py
[2025-10-09T19:01:08.326+0000] {processor.py:914} INFO - Processing file /home/airflow/.local/lib/python3.12/site-packages/airflow/example_dags/example_inlet_event_extra.py for tasks to queue
[2025-10-09T19:01:08.404+0000] {logging_mixin.py:190} INFO - [2025-10-09T19:01:08.402+0000] {dagbag.py:587} INFO - Filling up the DagBag from /home/airflow/.local/lib/python3.12/site-packages/airflow/example_dags/example_inlet_event_extra.py
[2025-10-09T19:01:28.300+0000] {processor.py:925} INFO - DAG(s) 'read_dataset_event_from_classic', 'read_dataset_event' retrieved from /home/airflow/.local/lib/python3.12/site-packages/airflow/example_dags/example_inlet_event_extra.py
[2025-10-09T19:01:32.884+0000] {logging_mixin.py:190} INFO - [2025-10-09T19:01:32.613+0000] {override.py:1858} INFO - Created Permission View: can edit on DAG:read_dataset_event_from_classic
[2025-10-09T19:01:34.503+0000] {logging_mixin.py:190} INFO - [2025-10-09T19:01:34.483+0000] {override.py:1858} INFO - Created Permission View: can delete on DAG:read_dataset_event_from_classic
[2025-10-09T19:01:34.973+0000] {logging_mixin.py:190} INFO - [2025-10-09T19:01:34.971+0000] {override.py:1858} INFO - Created Permission View: can read on DAG:read_dataset_event_from_classic
[2025-10-09T19:01:36.194+0000] {logging_mixin.py:190} INFO - [2025-10-09T19:01:36.192+0000] {override.py:1858} INFO - Created Permission View: can edit on DAG:read_dataset_event
[2025-10-09T19:01:36.679+0000] {logging_mixin.py:190} INFO - [2025-10-09T19:01:36.677+0000] {override.py:1858} INFO - Created Permission View: can delete on DAG:read_dataset_event
[2025-10-09T19:01:37.400+0000] {logging_mixin.py:190} INFO - [2025-10-09T19:01:37.398+0000] {override.py:1858} INFO - Created Permission View: can read on DAG:read_dataset_event
[2025-10-09T19:01:40.973+0000] {logging_mixin.py:190} INFO - [2025-10-09T19:01:38.342+0000] {dag.py:3211} INFO - Sync 2 DAGs
[2025-10-09T19:01:42.427+0000] {logging_mixin.py:190} INFO - [2025-10-09T19:01:42.425+0000] {dag.py:3234} INFO - Creating ORM DAG for read_dataset_event_from_classic
[2025-10-09T19:01:42.469+0000] {logging_mixin.py:190} INFO - [2025-10-09T19:01:42.468+0000] {dag.py:3234} INFO - Creating ORM DAG for read_dataset_event
[2025-10-09T19:01:42.905+0000] {logging_mixin.py:190} INFO - [2025-10-09T19:01:42.904+0000] {dag.py:4138} INFO - Setting next_dagrun for read_dataset_event to 2025-10-08 00:00:00+00:00, run_after=2025-10-09 00:00:00+00:00
[2025-10-09T19:01:43.002+0000] {logging_mixin.py:190} INFO - [2025-10-09T19:01:42.975+0000] {dag.py:4138} INFO - Setting next_dagrun for read_dataset_event_from_classic to 2025-10-08 00:00:00+00:00, run_after=2025-10-09 00:00:00+00:00
[2025-10-09T19:01:43.669+0000] {processor.py:208} INFO - Processing /home/airflow/.local/lib/python3.12/site-packages/airflow/example_dags/example_inlet_event_extra.py took 35.556 seconds
[2025-10-09T19:03:57.278+0000] {processor.py:186} INFO - Started process (PID=206) to work on /home/airflow/.local/lib/python3.12/site-packages/airflow/example_dags/example_inlet_event_extra.py
[2025-10-09T19:03:57.294+0000] {processor.py:914} INFO - Processing file /home/airflow/.local/lib/python3.12/site-packages/airflow/example_dags/example_inlet_event_extra.py for tasks to queue
[2025-10-09T19:03:57.315+0000] {logging_mixin.py:190} INFO - [2025-10-09T19:03:57.313+0000] {dagbag.py:587} INFO - Filling up the DagBag from /home/airflow/.local/lib/python3.12/site-packages/airflow/example_dags/example_inlet_event_extra.py
[2025-10-09T19:03:59.090+0000] {processor.py:925} INFO - DAG(s) 'read_dataset_event', 'read_dataset_event_from_classic' retrieved from /home/airflow/.local/lib/python3.12/site-packages/airflow/example_dags/example_inlet_event_extra.py
[2025-10-09T19:03:59.324+0000] {logging_mixin.py:190} INFO - [2025-10-09T19:03:59.322+0000] {dag.py:3211} INFO - Sync 2 DAGs
[2025-10-09T19:03:59.616+0000] {logging_mixin.py:190} INFO - [2025-10-09T19:03:59.615+0000] {dag.py:4138} INFO - Setting next_dagrun for read_dataset_event to 2025-10-08 00:00:00+00:00, run_after=2025-10-09 00:00:00+00:00
[2025-10-09T19:03:59.660+0000] {logging_mixin.py:190} INFO - [2025-10-09T19:03:59.657+0000] {dag.py:4138} INFO - Setting next_dagrun for read_dataset_event_from_classic to 2025-10-08 00:00:00+00:00, run_after=2025-10-09 00:00:00+00:00
[2025-10-09T19:03:59.806+0000] {processor.py:208} INFO - Processing /home/airflow/.local/lib/python3.12/site-packages/airflow/example_dags/example_inlet_event_extra.py took 2.617 seconds
[2025-10-09T19:04:35.329+0000] {processor.py:186} INFO - Started process (PID=266) to work on /home/airflow/.local/lib/python3.12/site-packages/airflow/example_dags/example_inlet_event_extra.py
[2025-10-09T19:04:35.334+0000] {processor.py:914} INFO - Processing file /home/airflow/.local/lib/python3.12/site-packages/airflow/example_dags/example_inlet_event_extra.py for tasks to queue
[2025-10-09T19:04:35.351+0000] {logging_mixin.py:190} INFO - [2025-10-09T19:04:35.349+0000] {dagbag.py:587} INFO - Filling up the DagBag from /home/airflow/.local/lib/python3.12/site-packages/airflow/example_dags/example_inlet_event_extra.py
[2025-10-09T19:04:36.430+0000] {processor.py:925} INFO - DAG(s) 'read_dataset_event_from_classic', 'read_dataset_event' retrieved from /home/airflow/.local/lib/python3.12/site-packages/airflow/example_dags/example_inlet_event_extra.py
[2025-10-09T19:04:36.556+0000] {logging_mixin.py:190} INFO - [2025-10-09T19:04:36.555+0000] {dag.py:3211} INFO - Sync 2 DAGs
[2025-10-09T19:04:36.679+0000] {logging_mixin.py:190} INFO - [2025-10-09T19:04:36.678+0000] {dag.py:4138} INFO - Setting next_dagrun for read_dataset_event to 2025-10-08 00:00:00+00:00, run_after=2025-10-09 00:00:00+00:00
[2025-10-09T19:04:36.700+0000] {logging_mixin.py:190} INFO - [2025-10-09T19:04:36.699+0000] {dag.py:4138} INFO - Setting next_dagrun for read_dataset_event_from_classic to 2025-10-08 00:00:00+00:00, run_after=2025-10-09 00:00:00+00:00
[2025-10-09T19:04:36.775+0000] {processor.py:208} INFO - Processing /home/airflow/.local/lib/python3.12/site-packages/airflow/example_dags/example_inlet_event_extra.py took 1.501 seconds
[2025-10-09T19:05:13.137+0000] {processor.py:186} INFO - Started process (PID=324) to work on /home/airflow/.local/lib/python3.12/site-packages/airflow/example_dags/example_inlet_event_extra.py
[2025-10-09T19:05:13.145+0000] {processor.py:914} INFO - Processing file /home/airflow/.local/lib/python3.12/site-packages/airflow/example_dags/example_inlet_event_extra.py for tasks to queue
[2025-10-09T19:05:13.168+0000] {logging_mixin.py:190} INFO - [2025-10-09T19:05:13.166+0000] {dagbag.py:587} INFO - Filling up the DagBag from /home/airflow/.local/lib/python3.12/site-packages/airflow/example_dags/example_inlet_event_extra.py
[2025-10-09T19:05:14.707+0000] {processor.py:925} INFO - DAG(s) 'read_dataset_event_from_classic', 'read_dataset_event' retrieved from /home/airflow/.local/lib/python3.12/site-packages/airflow/example_dags/example_inlet_event_extra.py
[2025-10-09T19:05:14.846+0000] {logging_mixin.py:190} INFO - [2025-10-09T19:05:14.846+0000] {dag.py:3211} INFO - Sync 2 DAGs
[2025-10-09T19:05:15.024+0000] {logging_mixin.py:190} INFO - [2025-10-09T19:05:15.023+0000] {dag.py:4138} INFO - Setting next_dagrun for read_dataset_event to 2025-10-08 00:00:00+00:00, run_after=2025-10-09 00:00:00+00:00
[2025-10-09T19:05:15.059+0000] {logging_mixin.py:190} INFO - [2025-10-09T19:05:15.057+0000] {dag.py:4138} INFO - Setting next_dagrun for read_dataset_event_from_classic to 2025-10-08 00:00:00+00:00, run_after=2025-10-09 00:00:00+00:00
[2025-10-09T19:05:15.149+0000] {processor.py:208} INFO - Processing /home/airflow/.local/lib/python3.12/site-packages/airflow/example_dags/example_inlet_event_extra.py took 2.091 seconds
[2025-10-09T19:05:53.027+0000] {processor.py:186} INFO - Started process (PID=376) to work on /home/airflow/.local/lib/python3.12/site-packages/airflow/example_dags/example_inlet_event_extra.py
[2025-10-09T19:05:53.057+0000] {processor.py:914} INFO - Processing file /home/airflow/.local/lib/python3.12/site-packages/airflow/example_dags/example_inlet_event_extra.py for tasks to queue
[2025-10-09T19:05:53.083+0000] {logging_mixin.py:190} INFO - [2025-10-09T19:05:53.081+0000] {dagbag.py:587} INFO - Filling up the DagBag from /home/airflow/.local/lib/python3.12/site-packages/airflow/example_dags/example_inlet_event_extra.py
[2025-10-09T19:05:54.833+0000] {processor.py:925} INFO - DAG(s) 'read_dataset_event_from_classic', 'read_dataset_event' retrieved from /home/airflow/.local/lib/python3.12/site-packages/airflow/example_dags/example_inlet_event_extra.py
[2025-10-09T19:05:55.078+0000] {logging_mixin.py:190} INFO - [2025-10-09T19:05:55.067+0000] {dag.py:3211} INFO - Sync 2 DAGs
[2025-10-09T19:05:55.498+0000] {logging_mixin.py:190} INFO - [2025-10-09T19:05:55.496+0000] {dag.py:4138} INFO - Setting next_dagrun for read_dataset_event to 2025-10-08 00:00:00+00:00, run_after=2025-10-09 00:00:00+00:00
[2025-10-09T19:05:55.595+0000] {logging_mixin.py:190} INFO - [2025-10-09T19:05:55.593+0000] {dag.py:4138} INFO - Setting next_dagrun for read_dataset_event_from_classic to 2025-10-08 00:00:00+00:00, run_after=2025-10-09 00:00:00+00:00
[2025-10-09T19:05:55.948+0000] {processor.py:208} INFO - Processing /home/airflow/.local/lib/python3.12/site-packages/airflow/example_dags/example_inlet_event_extra.py took 3.024 seconds
[2025-10-09T19:06:32.222+0000] {processor.py:186} INFO - Started process (PID=439) to work on /home/airflow/.local/lib/python3.12/site-packages/airflow/example_dags/example_inlet_event_extra.py
[2025-10-09T19:06:32.228+0000] {processor.py:914} INFO - Processing file /home/airflow/.local/lib/python3.12/site-packages/airflow/example_dags/example_inlet_event_extra.py for tasks to queue
[2025-10-09T19:06:32.251+0000] {logging_mixin.py:190} INFO - [2025-10-09T19:06:32.248+0000] {dagbag.py:587} INFO - Filling up the DagBag from /home/airflow/.local/lib/python3.12/site-packages/airflow/example_dags/example_inlet_event_extra.py
[2025-10-09T19:06:32.349+0000] {processor.py:925} INFO - DAG(s) 'read_dataset_event_from_classic', 'read_dataset_event' retrieved from /home/airflow/.local/lib/python3.12/site-packages/airflow/example_dags/example_inlet_event_extra.py
[2025-10-09T19:06:32.481+0000] {logging_mixin.py:190} INFO - [2025-10-09T19:06:32.480+0000] {dag.py:3211} INFO - Sync 2 DAGs
[2025-10-09T19:06:32.661+0000] {logging_mixin.py:190} INFO - [2025-10-09T19:06:32.659+0000] {dag.py:4138} INFO - Setting next_dagrun for read_dataset_event to 2025-10-08 00:00:00+00:00, run_after=2025-10-09 00:00:00+00:00
[2025-10-09T19:06:32.693+0000] {logging_mixin.py:190} INFO - [2025-10-09T19:06:32.692+0000] {dag.py:4138} INFO - Setting next_dagrun for read_dataset_event_from_classic to 2025-10-08 00:00:00+00:00, run_after=2025-10-09 00:00:00+00:00
[2025-10-09T19:06:32.947+0000] {processor.py:208} INFO - Processing /home/airflow/.local/lib/python3.12/site-packages/airflow/example_dags/example_inlet_event_extra.py took 1.851 seconds
[2025-10-09T19:07:03.517+0000] {processor.py:186} INFO - Started process (PID=502) to work on /home/airflow/.local/lib/python3.12/site-packages/airflow/example_dags/example_inlet_event_extra.py
[2025-10-09T19:07:03.523+0000] {processor.py:914} INFO - Processing file /home/airflow/.local/lib/python3.12/site-packages/airflow/example_dags/example_inlet_event_extra.py for tasks to queue
[2025-10-09T19:07:03.536+0000] {logging_mixin.py:190} INFO - [2025-10-09T19:07:03.533+0000] {dagbag.py:587} INFO - Filling up the DagBag from /home/airflow/.local/lib/python3.12/site-packages/airflow/example_dags/example_inlet_event_extra.py
[2025-10-09T19:07:04.447+0000] {processor.py:925} INFO - DAG(s) 'read_dataset_event_from_classic', 'read_dataset_event' retrieved from /home/airflow/.local/lib/python3.12/site-packages/airflow/example_dags/example_inlet_event_extra.py
[2025-10-09T19:07:04.565+0000] {logging_mixin.py:190} INFO - [2025-10-09T19:07:04.563+0000] {dag.py:3211} INFO - Sync 2 DAGs
[2025-10-09T19:07:04.692+0000] {logging_mixin.py:190} INFO - [2025-10-09T19:07:04.691+0000] {dag.py:4138} INFO - Setting next_dagrun for read_dataset_event to 2025-10-08 00:00:00+00:00, run_after=2025-10-09 00:00:00+00:00
[2025-10-09T19:07:04.719+0000] {logging_mixin.py:190} INFO - [2025-10-09T19:07:04.718+0000] {dag.py:4138} INFO - Setting next_dagrun for read_dataset_event_from_classic to 2025-10-08 00:00:00+00:00, run_after=2025-10-09 00:00:00+00:00
[2025-10-09T19:07:04.794+0000] {processor.py:208} INFO - Processing /home/airflow/.local/lib/python3.12/site-packages/airflow/example_dags/example_inlet_event_extra.py took 1.310 seconds
[2025-10-09T19:13:50.098+0000] {processor.py:186} INFO - Started process (PID=74) to work on /home/airflow/.local/lib/python3.12/site-packages/airflow/example_dags/example_inlet_event_extra.py
[2025-10-09T19:13:50.110+0000] {processor.py:914} INFO - Processing file /home/airflow/.local/lib/python3.12/site-packages/airflow/example_dags/example_inlet_event_extra.py for tasks to queue
[2025-10-09T19:13:50.151+0000] {logging_mixin.py:190} INFO - [2025-10-09T19:13:50.150+0000] {dagbag.py:587} INFO - Filling up the DagBag from /home/airflow/.local/lib/python3.12/site-packages/airflow/example_dags/example_inlet_event_extra.py
[2025-10-09T19:13:54.135+0000] {processor.py:925} INFO - DAG(s) 'read_dataset_event', 'read_dataset_event_from_classic' retrieved from /home/airflow/.local/lib/python3.12/site-packages/airflow/example_dags/example_inlet_event_extra.py
[2025-10-09T19:13:54.379+0000] {logging_mixin.py:190} INFO - [2025-10-09T19:13:54.378+0000] {dag.py:3211} INFO - Sync 2 DAGs
[2025-10-09T19:13:54.595+0000] {logging_mixin.py:190} INFO - [2025-10-09T19:13:54.594+0000] {dag.py:4138} INFO - Setting next_dagrun for read_dataset_event to 2025-10-08 00:00:00+00:00, run_after=2025-10-09 00:00:00+00:00
[2025-10-09T19:13:54.629+0000] {logging_mixin.py:190} INFO - [2025-10-09T19:13:54.628+0000] {dag.py:4138} INFO - Setting next_dagrun for read_dataset_event_from_classic to 2025-10-08 00:00:00+00:00, run_after=2025-10-09 00:00:00+00:00
[2025-10-09T19:13:54.723+0000] {processor.py:208} INFO - Processing /home/airflow/.local/lib/python3.12/site-packages/airflow/example_dags/example_inlet_event_extra.py took 4.686 seconds
[2025-10-09T19:14:25.388+0000] {processor.py:186} INFO - Started process (PID=139) to work on /home/airflow/.local/lib/python3.12/site-packages/airflow/example_dags/example_inlet_event_extra.py
[2025-10-09T19:14:25.396+0000] {processor.py:914} INFO - Processing file /home/airflow/.local/lib/python3.12/site-packages/airflow/example_dags/example_inlet_event_extra.py for tasks to queue
[2025-10-09T19:14:25.413+0000] {logging_mixin.py:190} INFO - [2025-10-09T19:14:25.411+0000] {dagbag.py:587} INFO - Filling up the DagBag from /home/airflow/.local/lib/python3.12/site-packages/airflow/example_dags/example_inlet_event_extra.py
[2025-10-09T19:14:25.906+0000] {processor.py:925} INFO - DAG(s) 'read_dataset_event_from_classic', 'read_dataset_event' retrieved from /home/airflow/.local/lib/python3.12/site-packages/airflow/example_dags/example_inlet_event_extra.py
[2025-10-09T19:14:25.964+0000] {logging_mixin.py:190} INFO - [2025-10-09T19:14:25.963+0000] {dag.py:3211} INFO - Sync 2 DAGs
[2025-10-09T19:14:26.030+0000] {logging_mixin.py:190} INFO - [2025-10-09T19:14:26.029+0000] {dag.py:4138} INFO - Setting next_dagrun for read_dataset_event to 2025-10-08 00:00:00+00:00, run_after=2025-10-09 00:00:00+00:00
[2025-10-09T19:14:26.043+0000] {logging_mixin.py:190} INFO - [2025-10-09T19:14:26.043+0000] {dag.py:4138} INFO - Setting next_dagrun for read_dataset_event_from_classic to 2025-10-08 00:00:00+00:00, run_after=2025-10-09 00:00:00+00:00
[2025-10-09T19:14:26.081+0000] {processor.py:208} INFO - Processing /home/airflow/.local/lib/python3.12/site-packages/airflow/example_dags/example_inlet_event_extra.py took 0.732 seconds
[2025-10-09T19:14:56.260+0000] {processor.py:186} INFO - Started process (PID=203) to work on /home/airflow/.local/lib/python3.12/site-packages/airflow/example_dags/example_inlet_event_extra.py
[2025-10-09T19:14:56.266+0000] {processor.py:914} INFO - Processing file /home/airflow/.local/lib/python3.12/site-packages/airflow/example_dags/example_inlet_event_extra.py for tasks to queue
[2025-10-09T19:14:56.282+0000] {logging_mixin.py:190} INFO - [2025-10-09T19:14:56.279+0000] {dagbag.py:587} INFO - Filling up the DagBag from /home/airflow/.local/lib/python3.12/site-packages/airflow/example_dags/example_inlet_event_extra.py
[2025-10-09T19:14:56.699+0000] {processor.py:925} INFO - DAG(s) 'read_dataset_event_from_classic', 'read_dataset_event' retrieved from /home/airflow/.local/lib/python3.12/site-packages/airflow/example_dags/example_inlet_event_extra.py
[2025-10-09T19:14:56.766+0000] {logging_mixin.py:190} INFO - [2025-10-09T19:14:56.765+0000] {dag.py:3211} INFO - Sync 2 DAGs
[2025-10-09T19:14:56.847+0000] {logging_mixin.py:190} INFO - [2025-10-09T19:14:56.846+0000] {dag.py:4138} INFO - Setting next_dagrun for read_dataset_event to 2025-10-08 00:00:00+00:00, run_after=2025-10-09 00:00:00+00:00
[2025-10-09T19:14:56.863+0000] {logging_mixin.py:190} INFO - [2025-10-09T19:14:56.862+0000] {dag.py:4138} INFO - Setting next_dagrun for read_dataset_event_from_classic to 2025-10-08 00:00:00+00:00, run_after=2025-10-09 00:00:00+00:00
[2025-10-09T19:14:56.910+0000] {processor.py:208} INFO - Processing /home/airflow/.local/lib/python3.12/site-packages/airflow/example_dags/example_inlet_event_extra.py took 0.682 seconds
[2025-10-09T19:15:27.786+0000] {processor.py:186} INFO - Started process (PID=266) to work on /home/airflow/.local/lib/python3.12/site-packages/airflow/example_dags/example_inlet_event_extra.py
[2025-10-09T19:15:27.795+0000] {processor.py:914} INFO - Processing file /home/airflow/.local/lib/python3.12/site-packages/airflow/example_dags/example_inlet_event_extra.py for tasks to queue
[2025-10-09T19:15:27.815+0000] {logging_mixin.py:190} INFO - [2025-10-09T19:15:27.812+0000] {dagbag.py:587} INFO - Filling up the DagBag from /home/airflow/.local/lib/python3.12/site-packages/airflow/example_dags/example_inlet_event_extra.py
[2025-10-09T19:15:30.085+0000] {processor.py:925} INFO - DAG(s) 'read_dataset_event', 'read_dataset_event_from_classic' retrieved from /home/airflow/.local/lib/python3.12/site-packages/airflow/example_dags/example_inlet_event_extra.py
[2025-10-09T19:15:30.180+0000] {logging_mixin.py:190} INFO - [2025-10-09T19:15:30.179+0000] {dag.py:3211} INFO - Sync 2 DAGs
[2025-10-09T19:15:30.246+0000] {logging_mixin.py:190} INFO - [2025-10-09T19:15:30.245+0000] {dag.py:4138} INFO - Setting next_dagrun for read_dataset_event to 2025-10-08 00:00:00+00:00, run_after=2025-10-09 00:00:00+00:00
[2025-10-09T19:15:30.258+0000] {logging_mixin.py:190} INFO - [2025-10-09T19:15:30.257+0000] {dag.py:4138} INFO - Setting next_dagrun for read_dataset_event_from_classic to 2025-10-08 00:00:00+00:00, run_after=2025-10-09 00:00:00+00:00
[2025-10-09T19:15:30.510+0000] {processor.py:208} INFO - Processing /home/airflow/.local/lib/python3.12/site-packages/airflow/example_dags/example_inlet_event_extra.py took 2.565 seconds
[2025-10-09T19:16:00.753+0000] {processor.py:186} INFO - Started process (PID=331) to work on /home/airflow/.local/lib/python3.12/site-packages/airflow/example_dags/example_inlet_event_extra.py
[2025-10-09T19:16:00.758+0000] {processor.py:914} INFO - Processing file /home/airflow/.local/lib/python3.12/site-packages/airflow/example_dags/example_inlet_event_extra.py for tasks to queue
[2025-10-09T19:16:00.766+0000] {logging_mixin.py:190} INFO - [2025-10-09T19:16:00.764+0000] {dagbag.py:587} INFO - Filling up the DagBag from /home/airflow/.local/lib/python3.12/site-packages/airflow/example_dags/example_inlet_event_extra.py
[2025-10-09T19:16:01.371+0000] {processor.py:925} INFO - DAG(s) 'read_dataset_event_from_classic', 'read_dataset_event' retrieved from /home/airflow/.local/lib/python3.12/site-packages/airflow/example_dags/example_inlet_event_extra.py
[2025-10-09T19:16:01.422+0000] {logging_mixin.py:190} INFO - [2025-10-09T19:16:01.422+0000] {dag.py:3211} INFO - Sync 2 DAGs
[2025-10-09T19:16:01.500+0000] {logging_mixin.py:190} INFO - [2025-10-09T19:16:01.500+0000] {dag.py:4138} INFO - Setting next_dagrun for read_dataset_event to 2025-10-08 00:00:00+00:00, run_after=2025-10-09 00:00:00+00:00
[2025-10-09T19:16:01.513+0000] {logging_mixin.py:190} INFO - [2025-10-09T19:16:01.513+0000] {dag.py:4138} INFO - Setting next_dagrun for read_dataset_event_from_classic to 2025-10-08 00:00:00+00:00, run_after=2025-10-09 00:00:00+00:00
[2025-10-09T19:16:01.555+0000] {processor.py:208} INFO - Processing /home/airflow/.local/lib/python3.12/site-packages/airflow/example_dags/example_inlet_event_extra.py took 0.827 seconds
[2025-10-09T19:17:14.692+0000] {processor.py:186} INFO - Started process (PID=400) to work on /home/airflow/.local/lib/python3.12/site-packages/airflow/example_dags/example_inlet_event_extra.py
[2025-10-09T19:17:14.722+0000] {processor.py:914} INFO - Processing file /home/airflow/.local/lib/python3.12/site-packages/airflow/example_dags/example_inlet_event_extra.py for tasks to queue
[2025-10-09T19:17:14.831+0000] {logging_mixin.py:190} INFO - [2025-10-09T19:17:14.792+0000] {dagbag.py:587} INFO - Filling up the DagBag from /home/airflow/.local/lib/python3.12/site-packages/airflow/example_dags/example_inlet_event_extra.py
[2025-10-09T19:17:20.550+0000] {processor.py:925} INFO - DAG(s) 'read_dataset_event', 'read_dataset_event_from_classic' retrieved from /home/airflow/.local/lib/python3.12/site-packages/airflow/example_dags/example_inlet_event_extra.py
[2025-10-09T19:17:21.809+0000] {logging_mixin.py:190} INFO - [2025-10-09T19:17:21.806+0000] {dag.py:3211} INFO - Sync 2 DAGs
[2025-10-09T19:17:22.963+0000] {logging_mixin.py:190} INFO - [2025-10-09T19:17:22.959+0000] {dag.py:4138} INFO - Setting next_dagrun for read_dataset_event to 2025-10-08 00:00:00+00:00, run_after=2025-10-09 00:00:00+00:00
[2025-10-09T19:17:23.187+0000] {logging_mixin.py:190} INFO - [2025-10-09T19:17:23.172+0000] {dag.py:4138} INFO - Setting next_dagrun for read_dataset_event_from_classic to 2025-10-08 00:00:00+00:00, run_after=2025-10-09 00:00:00+00:00
[2025-10-09T19:17:24.022+0000] {processor.py:208} INFO - Processing /home/airflow/.local/lib/python3.12/site-packages/airflow/example_dags/example_inlet_event_extra.py took 9.493 seconds
[2025-10-09T19:20:02.940+0000] {processor.py:186} INFO - Started process (PID=471) to work on /home/airflow/.local/lib/python3.12/site-packages/airflow/example_dags/example_inlet_event_extra.py
[2025-10-09T19:20:02.992+0000] {processor.py:914} INFO - Processing file /home/airflow/.local/lib/python3.12/site-packages/airflow/example_dags/example_inlet_event_extra.py for tasks to queue
[2025-10-09T19:20:03.131+0000] {logging_mixin.py:190} INFO - [2025-10-09T19:20:03.095+0000] {dagbag.py:587} INFO - Filling up the DagBag from /home/airflow/.local/lib/python3.12/site-packages/airflow/example_dags/example_inlet_event_extra.py
[2025-10-09T19:20:09.705+0000] {processor.py:925} INFO - DAG(s) 'read_dataset_event', 'read_dataset_event_from_classic' retrieved from /home/airflow/.local/lib/python3.12/site-packages/airflow/example_dags/example_inlet_event_extra.py
[2025-10-09T19:20:11.056+0000] {logging_mixin.py:190} INFO - [2025-10-09T19:20:11.042+0000] {dag.py:3211} INFO - Sync 2 DAGs
[2025-10-09T19:20:14.637+0000] {logging_mixin.py:190} INFO - [2025-10-09T19:20:14.628+0000] {dag.py:4138} INFO - Setting next_dagrun for read_dataset_event to 2025-10-08 00:00:00+00:00, run_after=2025-10-09 00:00:00+00:00
[2025-10-09T19:20:14.773+0000] {logging_mixin.py:190} INFO - [2025-10-09T19:20:14.770+0000] {dag.py:4138} INFO - Setting next_dagrun for read_dataset_event_from_classic to 2025-10-08 00:00:00+00:00, run_after=2025-10-09 00:00:00+00:00
[2025-10-09T19:20:16.154+0000] {processor.py:208} INFO - Processing /home/airflow/.local/lib/python3.12/site-packages/airflow/example_dags/example_inlet_event_extra.py took 13.734 seconds
[2025-10-09T19:22:27.792+0000] {processor.py:186} INFO - Started process (PID=539) to work on /home/airflow/.local/lib/python3.12/site-packages/airflow/example_dags/example_inlet_event_extra.py
[2025-10-09T19:22:27.859+0000] {processor.py:914} INFO - Processing file /home/airflow/.local/lib/python3.12/site-packages/airflow/example_dags/example_inlet_event_extra.py for tasks to queue
[2025-10-09T19:22:27.962+0000] {logging_mixin.py:190} INFO - [2025-10-09T19:22:27.958+0000] {dagbag.py:587} INFO - Filling up the DagBag from /home/airflow/.local/lib/python3.12/site-packages/airflow/example_dags/example_inlet_event_extra.py
[2025-10-09T19:22:35.128+0000] {processor.py:925} INFO - DAG(s) 'read_dataset_event', 'read_dataset_event_from_classic' retrieved from /home/airflow/.local/lib/python3.12/site-packages/airflow/example_dags/example_inlet_event_extra.py
[2025-10-09T19:22:35.781+0000] {logging_mixin.py:190} INFO - [2025-10-09T19:22:35.760+0000] {dag.py:3211} INFO - Sync 2 DAGs
[2025-10-09T19:22:36.808+0000] {logging_mixin.py:190} INFO - [2025-10-09T19:22:36.797+0000] {dag.py:4138} INFO - Setting next_dagrun for read_dataset_event to 2025-10-08 00:00:00+00:00, run_after=2025-10-09 00:00:00+00:00
[2025-10-09T19:22:35.871+0000] {logging_mixin.py:190} INFO - [2025-10-09T19:22:35.866+0000] {dag.py:4138} INFO - Setting next_dagrun for read_dataset_event_from_classic to 2025-10-08 00:00:00+00:00, run_after=2025-10-09 00:00:00+00:00
[2025-10-09T19:22:36.749+0000] {processor.py:208} INFO - Processing /home/airflow/.local/lib/python3.12/site-packages/airflow/example_dags/example_inlet_event_extra.py took 10.342 seconds
