[2025-10-09T19:02:41.333+0000] {processor.py:186} INFO - Started process (PID=147) to work on /home/airflow/.local/lib/python3.12/site-packages/airflow/example_dags/example_skip_dag.py
[2025-10-09T19:02:41.452+0000] {processor.py:914} INFO - Processing file /home/airflow/.local/lib/python3.12/site-packages/airflow/example_dags/example_skip_dag.py for tasks to queue
[2025-10-09T19:02:41.586+0000] {logging_mixin.py:190} INFO - [2025-10-09T19:02:41.566+0000] {dagbag.py:587} INFO - Filling up the DagBag from /home/airflow/.local/lib/python3.12/site-packages/airflow/example_dags/example_skip_dag.py
[2025-10-09T19:02:42.158+0000] {processor.py:925} INFO - DAG(s) 'example_skip_dag' retrieved from /home/airflow/.local/lib/python3.12/site-packages/airflow/example_dags/example_skip_dag.py
[2025-10-09T19:02:46.299+0000] {logging_mixin.py:190} INFO - [2025-10-09T19:02:46.293+0000] {override.py:1858} INFO - Created Permission View: can edit on DAG:example_skip_dag
[2025-10-09T19:02:46.435+0000] {logging_mixin.py:190} INFO - [2025-10-09T19:02:46.434+0000] {override.py:1858} INFO - Created Permission View: can delete on DAG:example_skip_dag
[2025-10-09T19:02:46.527+0000] {logging_mixin.py:190} INFO - [2025-10-09T19:02:46.525+0000] {override.py:1858} INFO - Created Permission View: can read on DAG:example_skip_dag
[2025-10-09T19:02:46.534+0000] {logging_mixin.py:190} INFO - [2025-10-09T19:02:46.532+0000] {dag.py:3211} INFO - Sync 1 DAGs
[2025-10-09T19:02:46.736+0000] {logging_mixin.py:190} INFO - [2025-10-09T19:02:46.734+0000] {dag.py:3234} INFO - Creating ORM DAG for example_skip_dag
[2025-10-09T19:02:46.917+0000] {logging_mixin.py:190} INFO - [2025-10-09T19:02:46.915+0000] {dag.py:4138} INFO - Setting next_dagrun for example_skip_dag to 2025-10-08 00:00:00+00:00, run_after=2025-10-09 00:00:00+00:00
[2025-10-09T19:02:47.251+0000] {processor.py:208} INFO - Processing /home/airflow/.local/lib/python3.12/site-packages/airflow/example_dags/example_skip_dag.py took 6.707 seconds
[2025-10-09T19:04:08.019+0000] {processor.py:186} INFO - Started process (PID=217) to work on /home/airflow/.local/lib/python3.12/site-packages/airflow/example_dags/example_skip_dag.py
[2025-10-09T19:04:08.040+0000] {processor.py:914} INFO - Processing file /home/airflow/.local/lib/python3.12/site-packages/airflow/example_dags/example_skip_dag.py for tasks to queue
[2025-10-09T19:04:08.088+0000] {logging_mixin.py:190} INFO - [2025-10-09T19:04:08.086+0000] {dagbag.py:587} INFO - Filling up the DagBag from /home/airflow/.local/lib/python3.12/site-packages/airflow/example_dags/example_skip_dag.py
[2025-10-09T19:04:08.182+0000] {processor.py:925} INFO - DAG(s) 'example_skip_dag' retrieved from /home/airflow/.local/lib/python3.12/site-packages/airflow/example_dags/example_skip_dag.py
[2025-10-09T19:04:08.379+0000] {logging_mixin.py:190} INFO - [2025-10-09T19:04:08.377+0000] {dag.py:3211} INFO - Sync 1 DAGs
[2025-10-09T19:04:08.565+0000] {logging_mixin.py:190} INFO - [2025-10-09T19:04:08.555+0000] {dag.py:4138} INFO - Setting next_dagrun for example_skip_dag to 2025-10-08 00:00:00+00:00, run_after=2025-10-09 00:00:00+00:00
[2025-10-09T19:04:08.689+0000] {processor.py:208} INFO - Processing /home/airflow/.local/lib/python3.12/site-packages/airflow/example_dags/example_skip_dag.py took 0.787 seconds
[2025-10-09T19:04:44.135+0000] {processor.py:186} INFO - Started process (PID=287) to work on /home/airflow/.local/lib/python3.12/site-packages/airflow/example_dags/example_skip_dag.py
[2025-10-09T19:04:44.146+0000] {processor.py:914} INFO - Processing file /home/airflow/.local/lib/python3.12/site-packages/airflow/example_dags/example_skip_dag.py for tasks to queue
[2025-10-09T19:04:44.175+0000] {logging_mixin.py:190} INFO - [2025-10-09T19:04:44.172+0000] {dagbag.py:587} INFO - Filling up the DagBag from /home/airflow/.local/lib/python3.12/site-packages/airflow/example_dags/example_skip_dag.py
[2025-10-09T19:04:44.249+0000] {processor.py:925} INFO - DAG(s) 'example_skip_dag' retrieved from /home/airflow/.local/lib/python3.12/site-packages/airflow/example_dags/example_skip_dag.py
[2025-10-09T19:04:44.402+0000] {logging_mixin.py:190} INFO - [2025-10-09T19:04:44.400+0000] {dag.py:3211} INFO - Sync 1 DAGs
[2025-10-09T19:04:44.623+0000] {logging_mixin.py:190} INFO - [2025-10-09T19:04:44.622+0000] {dag.py:4138} INFO - Setting next_dagrun for example_skip_dag to 2025-10-08 00:00:00+00:00, run_after=2025-10-09 00:00:00+00:00
[2025-10-09T19:04:44.923+0000] {processor.py:208} INFO - Processing /home/airflow/.local/lib/python3.12/site-packages/airflow/example_dags/example_skip_dag.py took 0.850 seconds
[2025-10-09T19:05:38.476+0000] {processor.py:186} INFO - Started process (PID=350) to work on /home/airflow/.local/lib/python3.12/site-packages/airflow/example_dags/example_skip_dag.py
[2025-10-09T19:05:38.484+0000] {processor.py:914} INFO - Processing file /home/airflow/.local/lib/python3.12/site-packages/airflow/example_dags/example_skip_dag.py for tasks to queue
[2025-10-09T19:05:38.505+0000] {logging_mixin.py:190} INFO - [2025-10-09T19:05:38.502+0000] {dagbag.py:587} INFO - Filling up the DagBag from /home/airflow/.local/lib/python3.12/site-packages/airflow/example_dags/example_skip_dag.py
[2025-10-09T19:05:38.553+0000] {processor.py:925} INFO - DAG(s) 'example_skip_dag' retrieved from /home/airflow/.local/lib/python3.12/site-packages/airflow/example_dags/example_skip_dag.py
[2025-10-09T19:05:38.805+0000] {logging_mixin.py:190} INFO - [2025-10-09T19:05:38.803+0000] {dag.py:3211} INFO - Sync 1 DAGs
[2025-10-09T19:05:39.108+0000] {logging_mixin.py:190} INFO - [2025-10-09T19:05:39.105+0000] {dag.py:4138} INFO - Setting next_dagrun for example_skip_dag to 2025-10-08 00:00:00+00:00, run_after=2025-10-09 00:00:00+00:00
[2025-10-09T19:05:39.281+0000] {processor.py:208} INFO - Processing /home/airflow/.local/lib/python3.12/site-packages/airflow/example_dags/example_skip_dag.py took 0.864 seconds
[2025-10-09T19:06:19.294+0000] {processor.py:186} INFO - Started process (PID=420) to work on /home/airflow/.local/lib/python3.12/site-packages/airflow/example_dags/example_skip_dag.py
[2025-10-09T19:06:19.307+0000] {processor.py:914} INFO - Processing file /home/airflow/.local/lib/python3.12/site-packages/airflow/example_dags/example_skip_dag.py for tasks to queue
[2025-10-09T19:06:19.342+0000] {logging_mixin.py:190} INFO - [2025-10-09T19:06:19.340+0000] {dagbag.py:587} INFO - Filling up the DagBag from /home/airflow/.local/lib/python3.12/site-packages/airflow/example_dags/example_skip_dag.py
[2025-10-09T19:06:19.450+0000] {processor.py:925} INFO - DAG(s) 'example_skip_dag' retrieved from /home/airflow/.local/lib/python3.12/site-packages/airflow/example_dags/example_skip_dag.py
[2025-10-09T19:06:19.756+0000] {logging_mixin.py:190} INFO - [2025-10-09T19:06:19.755+0000] {dag.py:3211} INFO - Sync 1 DAGs
[2025-10-09T19:06:20.163+0000] {logging_mixin.py:190} INFO - [2025-10-09T19:06:20.161+0000] {dag.py:4138} INFO - Setting next_dagrun for example_skip_dag to 2025-10-08 00:00:00+00:00, run_after=2025-10-09 00:00:00+00:00
[2025-10-09T19:06:20.386+0000] {processor.py:208} INFO - Processing /home/airflow/.local/lib/python3.12/site-packages/airflow/example_dags/example_skip_dag.py took 1.175 seconds
[2025-10-09T19:06:52.929+0000] {processor.py:186} INFO - Started process (PID=480) to work on /home/airflow/.local/lib/python3.12/site-packages/airflow/example_dags/example_skip_dag.py
[2025-10-09T19:06:52.937+0000] {processor.py:914} INFO - Processing file /home/airflow/.local/lib/python3.12/site-packages/airflow/example_dags/example_skip_dag.py for tasks to queue
[2025-10-09T19:06:52.954+0000] {logging_mixin.py:190} INFO - [2025-10-09T19:06:52.952+0000] {dagbag.py:587} INFO - Filling up the DagBag from /home/airflow/.local/lib/python3.12/site-packages/airflow/example_dags/example_skip_dag.py
[2025-10-09T19:06:53.004+0000] {processor.py:925} INFO - DAG(s) 'example_skip_dag' retrieved from /home/airflow/.local/lib/python3.12/site-packages/airflow/example_dags/example_skip_dag.py
[2025-10-09T19:06:53.138+0000] {logging_mixin.py:190} INFO - [2025-10-09T19:06:53.137+0000] {dag.py:3211} INFO - Sync 1 DAGs
[2025-10-09T19:06:53.274+0000] {logging_mixin.py:190} INFO - [2025-10-09T19:06:53.273+0000] {dag.py:4138} INFO - Setting next_dagrun for example_skip_dag to 2025-10-08 00:00:00+00:00, run_after=2025-10-09 00:00:00+00:00
[2025-10-09T19:06:53.582+0000] {processor.py:208} INFO - Processing /home/airflow/.local/lib/python3.12/site-packages/airflow/example_dags/example_skip_dag.py took 0.692 seconds
[2025-10-09T19:07:27.549+0000] {processor.py:186} INFO - Started process (PID=537) to work on /home/airflow/.local/lib/python3.12/site-packages/airflow/example_dags/example_skip_dag.py
[2025-10-09T19:07:27.554+0000] {processor.py:914} INFO - Processing file /home/airflow/.local/lib/python3.12/site-packages/airflow/example_dags/example_skip_dag.py for tasks to queue
[2025-10-09T19:07:27.574+0000] {logging_mixin.py:190} INFO - [2025-10-09T19:07:27.572+0000] {dagbag.py:587} INFO - Filling up the DagBag from /home/airflow/.local/lib/python3.12/site-packages/airflow/example_dags/example_skip_dag.py
[2025-10-09T19:07:27.638+0000] {processor.py:925} INFO - DAG(s) 'example_skip_dag' retrieved from /home/airflow/.local/lib/python3.12/site-packages/airflow/example_dags/example_skip_dag.py
[2025-10-09T19:07:27.888+0000] {logging_mixin.py:190} INFO - [2025-10-09T19:07:27.878+0000] {dag.py:3211} INFO - Sync 1 DAGs
[2025-10-09T19:07:28.105+0000] {logging_mixin.py:190} INFO - [2025-10-09T19:07:28.103+0000] {dag.py:4138} INFO - Setting next_dagrun for example_skip_dag to 2025-10-08 00:00:00+00:00, run_after=2025-10-09 00:00:00+00:00
[2025-10-09T19:07:28.250+0000] {processor.py:208} INFO - Processing /home/airflow/.local/lib/python3.12/site-packages/airflow/example_dags/example_skip_dag.py took 0.751 seconds
[2025-10-09T19:13:57.539+0000] {processor.py:186} INFO - Started process (PID=85) to work on /home/airflow/.local/lib/python3.12/site-packages/airflow/example_dags/example_skip_dag.py
[2025-10-09T19:13:57.544+0000] {processor.py:914} INFO - Processing file /home/airflow/.local/lib/python3.12/site-packages/airflow/example_dags/example_skip_dag.py for tasks to queue
[2025-10-09T19:13:57.554+0000] {logging_mixin.py:190} INFO - [2025-10-09T19:13:57.553+0000] {dagbag.py:587} INFO - Filling up the DagBag from /home/airflow/.local/lib/python3.12/site-packages/airflow/example_dags/example_skip_dag.py
[2025-10-09T19:13:57.604+0000] {processor.py:925} INFO - DAG(s) 'example_skip_dag' retrieved from /home/airflow/.local/lib/python3.12/site-packages/airflow/example_dags/example_skip_dag.py
[2025-10-09T19:13:57.749+0000] {logging_mixin.py:190} INFO - [2025-10-09T19:13:57.749+0000] {dag.py:3211} INFO - Sync 1 DAGs
[2025-10-09T19:13:57.828+0000] {logging_mixin.py:190} INFO - [2025-10-09T19:13:57.827+0000] {dag.py:4138} INFO - Setting next_dagrun for example_skip_dag to 2025-10-08 00:00:00+00:00, run_after=2025-10-09 00:00:00+00:00
[2025-10-09T19:13:57.900+0000] {processor.py:208} INFO - Processing /home/airflow/.local/lib/python3.12/site-packages/airflow/example_dags/example_skip_dag.py took 0.389 seconds
[2025-10-09T19:14:28.163+0000] {processor.py:186} INFO - Started process (PID=148) to work on /home/airflow/.local/lib/python3.12/site-packages/airflow/example_dags/example_skip_dag.py
[2025-10-09T19:14:28.165+0000] {processor.py:914} INFO - Processing file /home/airflow/.local/lib/python3.12/site-packages/airflow/example_dags/example_skip_dag.py for tasks to queue
[2025-10-09T19:14:28.173+0000] {logging_mixin.py:190} INFO - [2025-10-09T19:14:28.172+0000] {dagbag.py:587} INFO - Filling up the DagBag from /home/airflow/.local/lib/python3.12/site-packages/airflow/example_dags/example_skip_dag.py
[2025-10-09T19:14:28.192+0000] {processor.py:925} INFO - DAG(s) 'example_skip_dag' retrieved from /home/airflow/.local/lib/python3.12/site-packages/airflow/example_dags/example_skip_dag.py
[2025-10-09T19:14:28.246+0000] {logging_mixin.py:190} INFO - [2025-10-09T19:14:28.245+0000] {dag.py:3211} INFO - Sync 1 DAGs
[2025-10-09T19:14:28.388+0000] {logging_mixin.py:190} INFO - [2025-10-09T19:14:28.387+0000] {dag.py:4138} INFO - Setting next_dagrun for example_skip_dag to 2025-10-08 00:00:00+00:00, run_after=2025-10-09 00:00:00+00:00
[2025-10-09T19:14:28.530+0000] {processor.py:208} INFO - Processing /home/airflow/.local/lib/python3.12/site-packages/airflow/example_dags/example_skip_dag.py took 0.381 seconds
[2025-10-09T19:14:59.987+0000] {processor.py:186} INFO - Started process (PID=212) to work on /home/airflow/.local/lib/python3.12/site-packages/airflow/example_dags/example_skip_dag.py
[2025-10-09T19:14:59.991+0000] {processor.py:914} INFO - Processing file /home/airflow/.local/lib/python3.12/site-packages/airflow/example_dags/example_skip_dag.py for tasks to queue
[2025-10-09T19:15:00.006+0000] {logging_mixin.py:190} INFO - [2025-10-09T19:14:59.999+0000] {dagbag.py:587} INFO - Filling up the DagBag from /home/airflow/.local/lib/python3.12/site-packages/airflow/example_dags/example_skip_dag.py
[2025-10-09T19:15:00.050+0000] {processor.py:925} INFO - DAG(s) 'example_skip_dag' retrieved from /home/airflow/.local/lib/python3.12/site-packages/airflow/example_dags/example_skip_dag.py
[2025-10-09T19:15:00.111+0000] {logging_mixin.py:190} INFO - [2025-10-09T19:15:00.110+0000] {dag.py:3211} INFO - Sync 1 DAGs
[2025-10-09T19:15:00.174+0000] {logging_mixin.py:190} INFO - [2025-10-09T19:15:00.173+0000] {dag.py:4138} INFO - Setting next_dagrun for example_skip_dag to 2025-10-08 00:00:00+00:00, run_after=2025-10-09 00:00:00+00:00
[2025-10-09T19:15:00.224+0000] {processor.py:208} INFO - Processing /home/airflow/.local/lib/python3.12/site-packages/airflow/example_dags/example_skip_dag.py took 0.268 seconds
[2025-10-09T19:15:32.115+0000] {processor.py:186} INFO - Started process (PID=275) to work on /home/airflow/.local/lib/python3.12/site-packages/airflow/example_dags/example_skip_dag.py
[2025-10-09T19:15:32.121+0000] {processor.py:914} INFO - Processing file /home/airflow/.local/lib/python3.12/site-packages/airflow/example_dags/example_skip_dag.py for tasks to queue
[2025-10-09T19:15:32.131+0000] {logging_mixin.py:190} INFO - [2025-10-09T19:15:32.130+0000] {dagbag.py:587} INFO - Filling up the DagBag from /home/airflow/.local/lib/python3.12/site-packages/airflow/example_dags/example_skip_dag.py
[2025-10-09T19:15:32.177+0000] {processor.py:925} INFO - DAG(s) 'example_skip_dag' retrieved from /home/airflow/.local/lib/python3.12/site-packages/airflow/example_dags/example_skip_dag.py
[2025-10-09T19:15:30.679+0000] {logging_mixin.py:190} INFO - [2025-10-09T19:15:30.678+0000] {dag.py:3211} INFO - Sync 1 DAGs
[2025-10-09T19:15:30.808+0000] {logging_mixin.py:190} INFO - [2025-10-09T19:15:30.807+0000] {dag.py:4138} INFO - Setting next_dagrun for example_skip_dag to 2025-10-08 00:00:00+00:00, run_after=2025-10-09 00:00:00+00:00
[2025-10-09T19:15:30.880+0000] {processor.py:208} INFO - Processing /home/airflow/.local/lib/python3.12/site-packages/airflow/example_dags/example_skip_dag.py took 0.395 seconds
[2025-10-09T19:16:02.356+0000] {processor.py:186} INFO - Started process (PID=334) to work on /home/airflow/.local/lib/python3.12/site-packages/airflow/example_dags/example_skip_dag.py
[2025-10-09T19:16:02.359+0000] {processor.py:914} INFO - Processing file /home/airflow/.local/lib/python3.12/site-packages/airflow/example_dags/example_skip_dag.py for tasks to queue
[2025-10-09T19:16:02.367+0000] {logging_mixin.py:190} INFO - [2025-10-09T19:16:02.366+0000] {dagbag.py:587} INFO - Filling up the DagBag from /home/airflow/.local/lib/python3.12/site-packages/airflow/example_dags/example_skip_dag.py
[2025-10-09T19:16:02.405+0000] {processor.py:925} INFO - DAG(s) 'example_skip_dag' retrieved from /home/airflow/.local/lib/python3.12/site-packages/airflow/example_dags/example_skip_dag.py
[2025-10-09T19:16:02.467+0000] {logging_mixin.py:190} INFO - [2025-10-09T19:16:02.467+0000] {dag.py:3211} INFO - Sync 1 DAGs
[2025-10-09T19:16:02.533+0000] {logging_mixin.py:190} INFO - [2025-10-09T19:16:02.532+0000] {dag.py:4138} INFO - Setting next_dagrun for example_skip_dag to 2025-10-08 00:00:00+00:00, run_after=2025-10-09 00:00:00+00:00
[2025-10-09T19:16:02.598+0000] {processor.py:208} INFO - Processing /home/airflow/.local/lib/python3.12/site-packages/airflow/example_dags/example_skip_dag.py took 0.261 seconds
[2025-10-09T19:17:45.072+0000] {processor.py:186} INFO - Started process (PID=417) to work on /home/airflow/.local/lib/python3.12/site-packages/airflow/example_dags/example_skip_dag.py
[2025-10-09T19:17:45.117+0000] {processor.py:914} INFO - Processing file /home/airflow/.local/lib/python3.12/site-packages/airflow/example_dags/example_skip_dag.py for tasks to queue
[2025-10-09T19:17:45.251+0000] {logging_mixin.py:190} INFO - [2025-10-09T19:17:45.234+0000] {dagbag.py:587} INFO - Filling up the DagBag from /home/airflow/.local/lib/python3.12/site-packages/airflow/example_dags/example_skip_dag.py
[2025-10-09T19:17:45.686+0000] {processor.py:925} INFO - DAG(s) 'example_skip_dag' retrieved from /home/airflow/.local/lib/python3.12/site-packages/airflow/example_dags/example_skip_dag.py
[2025-10-09T19:17:49.924+0000] {logging_mixin.py:190} INFO - [2025-10-09T19:17:49.883+0000] {dag.py:3211} INFO - Sync 1 DAGs
[2025-10-09T19:17:51.987+0000] {logging_mixin.py:190} INFO - [2025-10-09T19:17:51.984+0000] {dag.py:4138} INFO - Setting next_dagrun for example_skip_dag to 2025-10-08 00:00:00+00:00, run_after=2025-10-09 00:00:00+00:00
[2025-10-09T19:17:53.620+0000] {processor.py:208} INFO - Processing /home/airflow/.local/lib/python3.12/site-packages/airflow/example_dags/example_skip_dag.py took 8.692 seconds
[2025-10-09T19:20:47.681+0000] {processor.py:186} INFO - Started process (PID=488) to work on /home/airflow/.local/lib/python3.12/site-packages/airflow/example_dags/example_skip_dag.py
[2025-10-09T19:20:47.918+0000] {processor.py:914} INFO - Processing file /home/airflow/.local/lib/python3.12/site-packages/airflow/example_dags/example_skip_dag.py for tasks to queue
[2025-10-09T19:20:48.056+0000] {logging_mixin.py:190} INFO - [2025-10-09T19:20:48.041+0000] {dagbag.py:587} INFO - Filling up the DagBag from /home/airflow/.local/lib/python3.12/site-packages/airflow/example_dags/example_skip_dag.py
[2025-10-09T19:20:48.500+0000] {processor.py:925} INFO - DAG(s) 'example_skip_dag' retrieved from /home/airflow/.local/lib/python3.12/site-packages/airflow/example_dags/example_skip_dag.py
[2025-10-09T19:20:49.608+0000] {logging_mixin.py:190} INFO - [2025-10-09T19:20:49.595+0000] {dag.py:3211} INFO - Sync 1 DAGs
[2025-10-09T19:20:50.649+0000] {logging_mixin.py:190} INFO - [2025-10-09T19:20:50.647+0000] {dag.py:4138} INFO - Setting next_dagrun for example_skip_dag to 2025-10-08 00:00:00+00:00, run_after=2025-10-09 00:00:00+00:00
[2025-10-09T19:20:52.417+0000] {processor.py:208} INFO - Processing /home/airflow/.local/lib/python3.12/site-packages/airflow/example_dags/example_skip_dag.py took 4.885 seconds
[2025-10-09T19:22:59.083+0000] {processor.py:186} INFO - Started process (PID=556) to work on /home/airflow/.local/lib/python3.12/site-packages/airflow/example_dags/example_skip_dag.py
[2025-10-09T19:22:59.153+0000] {processor.py:914} INFO - Processing file /home/airflow/.local/lib/python3.12/site-packages/airflow/example_dags/example_skip_dag.py for tasks to queue
[2025-10-09T19:22:59.310+0000] {logging_mixin.py:190} INFO - [2025-10-09T19:22:59.293+0000] {dagbag.py:587} INFO - Filling up the DagBag from /home/airflow/.local/lib/python3.12/site-packages/airflow/example_dags/example_skip_dag.py
[2025-10-09T19:22:59.599+0000] {processor.py:925} INFO - DAG(s) 'example_skip_dag' retrieved from /home/airflow/.local/lib/python3.12/site-packages/airflow/example_dags/example_skip_dag.py
[2025-10-09T19:23:00.349+0000] {logging_mixin.py:190} INFO - [2025-10-09T19:23:00.343+0000] {dag.py:3211} INFO - Sync 1 DAGs
[2025-10-09T19:23:00.966+0000] {logging_mixin.py:190} INFO - [2025-10-09T19:23:00.963+0000] {dag.py:4138} INFO - Setting next_dagrun for example_skip_dag to 2025-10-08 00:00:00+00:00, run_after=2025-10-09 00:00:00+00:00
[2025-10-09T19:23:01.538+0000] {processor.py:208} INFO - Processing /home/airflow/.local/lib/python3.12/site-packages/airflow/example_dags/example_skip_dag.py took 2.700 seconds
