[2025-10-09T19:03:23.364+0000] {processor.py:186} INFO - Started process (PID=174) to work on /home/airflow/.local/lib/python3.12/site-packages/airflow/example_dags/example_complex.py
[2025-10-09T19:03:23.370+0000] {processor.py:914} INFO - Processing file /home/airflow/.local/lib/python3.12/site-packages/airflow/example_dags/example_complex.py for tasks to queue
[2025-10-09T19:03:23.384+0000] {logging_mixin.py:190} INFO - [2025-10-09T19:03:23.382+0000] {dagbag.py:587} INFO - Filling up the DagBag from /home/airflow/.local/lib/python3.12/site-packages/airflow/example_dags/example_complex.py
[2025-10-09T19:03:23.480+0000] {processor.py:925} INFO - DAG(s) 'example_complex' retrieved from /home/airflow/.local/lib/python3.12/site-packages/airflow/example_dags/example_complex.py
[2025-10-09T19:03:24.224+0000] {logging_mixin.py:190} INFO - [2025-10-09T19:03:24.220+0000] {override.py:1858} INFO - Created Permission View: can edit on DAG:example_complex
[2025-10-09T19:03:24.295+0000] {logging_mixin.py:190} INFO - [2025-10-09T19:03:24.294+0000] {override.py:1858} INFO - Created Permission View: can delete on DAG:example_complex
[2025-10-09T19:03:24.338+0000] {logging_mixin.py:190} INFO - [2025-10-09T19:03:24.336+0000] {override.py:1858} INFO - Created Permission View: can read on DAG:example_complex
[2025-10-09T19:03:24.343+0000] {logging_mixin.py:190} INFO - [2025-10-09T19:03:24.342+0000] {dag.py:3211} INFO - Sync 1 DAGs
[2025-10-09T19:03:24.429+0000] {logging_mixin.py:190} INFO - [2025-10-09T19:03:24.428+0000] {dag.py:3234} INFO - Creating ORM DAG for example_complex
[2025-10-09T19:03:24.435+0000] {logging_mixin.py:190} INFO - [2025-10-09T19:03:24.434+0000] {dag.py:4138} INFO - Setting next_dagrun for example_complex to None, run_after=None
[2025-10-09T19:03:24.543+0000] {processor.py:208} INFO - Processing /home/airflow/.local/lib/python3.12/site-packages/airflow/example_dags/example_complex.py took 1.225 seconds
[2025-10-09T19:04:24.451+0000] {processor.py:186} INFO - Started process (PID=244) to work on /home/airflow/.local/lib/python3.12/site-packages/airflow/example_dags/example_complex.py
[2025-10-09T19:04:24.457+0000] {processor.py:914} INFO - Processing file /home/airflow/.local/lib/python3.12/site-packages/airflow/example_dags/example_complex.py for tasks to queue
[2025-10-09T19:04:24.476+0000] {logging_mixin.py:190} INFO - [2025-10-09T19:04:24.474+0000] {dagbag.py:587} INFO - Filling up the DagBag from /home/airflow/.local/lib/python3.12/site-packages/airflow/example_dags/example_complex.py
[2025-10-09T19:04:24.598+0000] {processor.py:925} INFO - DAG(s) 'example_complex' retrieved from /home/airflow/.local/lib/python3.12/site-packages/airflow/example_dags/example_complex.py
[2025-10-09T19:04:25.006+0000] {logging_mixin.py:190} INFO - [2025-10-09T19:04:25.005+0000] {dag.py:3211} INFO - Sync 1 DAGs
[2025-10-09T19:04:25.125+0000] {logging_mixin.py:190} INFO - [2025-10-09T19:04:25.124+0000] {dag.py:4138} INFO - Setting next_dagrun for example_complex to None, run_after=None
[2025-10-09T19:04:25.267+0000] {processor.py:208} INFO - Processing /home/airflow/.local/lib/python3.12/site-packages/airflow/example_dags/example_complex.py took 0.863 seconds
[2025-10-09T19:05:07.183+0000] {processor.py:186} INFO - Started process (PID=307) to work on /home/airflow/.local/lib/python3.12/site-packages/airflow/example_dags/example_complex.py
[2025-10-09T19:05:07.198+0000] {processor.py:914} INFO - Processing file /home/airflow/.local/lib/python3.12/site-packages/airflow/example_dags/example_complex.py for tasks to queue
[2025-10-09T19:05:07.230+0000] {logging_mixin.py:190} INFO - [2025-10-09T19:05:07.220+0000] {dagbag.py:587} INFO - Filling up the DagBag from /home/airflow/.local/lib/python3.12/site-packages/airflow/example_dags/example_complex.py
[2025-10-09T19:05:07.393+0000] {processor.py:925} INFO - DAG(s) 'example_complex' retrieved from /home/airflow/.local/lib/python3.12/site-packages/airflow/example_dags/example_complex.py
[2025-10-09T19:05:07.727+0000] {logging_mixin.py:190} INFO - [2025-10-09T19:05:07.725+0000] {dag.py:3211} INFO - Sync 1 DAGs
[2025-10-09T19:05:07.860+0000] {logging_mixin.py:190} INFO - [2025-10-09T19:05:07.859+0000] {dag.py:4138} INFO - Setting next_dagrun for example_complex to None, run_after=None
[2025-10-09T19:05:08.032+0000] {processor.py:208} INFO - Processing /home/airflow/.local/lib/python3.12/site-packages/airflow/example_dags/example_complex.py took 0.933 seconds
[2025-10-09T19:06:03.082+0000] {processor.py:186} INFO - Started process (PID=385) to work on /home/airflow/.local/lib/python3.12/site-packages/airflow/example_dags/example_complex.py
[2025-10-09T19:06:03.090+0000] {processor.py:914} INFO - Processing file /home/airflow/.local/lib/python3.12/site-packages/airflow/example_dags/example_complex.py for tasks to queue
[2025-10-09T19:06:03.107+0000] {logging_mixin.py:190} INFO - [2025-10-09T19:06:03.105+0000] {dagbag.py:587} INFO - Filling up the DagBag from /home/airflow/.local/lib/python3.12/site-packages/airflow/example_dags/example_complex.py
[2025-10-09T19:06:03.232+0000] {processor.py:925} INFO - DAG(s) 'example_complex' retrieved from /home/airflow/.local/lib/python3.12/site-packages/airflow/example_dags/example_complex.py
[2025-10-09T19:06:03.446+0000] {logging_mixin.py:190} INFO - [2025-10-09T19:06:03.445+0000] {dag.py:3211} INFO - Sync 1 DAGs
[2025-10-09T19:06:03.551+0000] {logging_mixin.py:190} INFO - [2025-10-09T19:06:03.549+0000] {dag.py:4138} INFO - Setting next_dagrun for example_complex to None, run_after=None
[2025-10-09T19:06:03.715+0000] {processor.py:208} INFO - Processing /home/airflow/.local/lib/python3.12/site-packages/airflow/example_dags/example_complex.py took 0.675 seconds
[2025-10-09T19:06:38.909+0000] {processor.py:186} INFO - Started process (PID=448) to work on /home/airflow/.local/lib/python3.12/site-packages/airflow/example_dags/example_complex.py
[2025-10-09T19:06:38.918+0000] {processor.py:914} INFO - Processing file /home/airflow/.local/lib/python3.12/site-packages/airflow/example_dags/example_complex.py for tasks to queue
[2025-10-09T19:06:38.936+0000] {logging_mixin.py:190} INFO - [2025-10-09T19:06:38.934+0000] {dagbag.py:587} INFO - Filling up the DagBag from /home/airflow/.local/lib/python3.12/site-packages/airflow/example_dags/example_complex.py
[2025-10-09T19:06:39.095+0000] {processor.py:925} INFO - DAG(s) 'example_complex' retrieved from /home/airflow/.local/lib/python3.12/site-packages/airflow/example_dags/example_complex.py
[2025-10-09T19:06:39.506+0000] {logging_mixin.py:190} INFO - [2025-10-09T19:06:39.504+0000] {dag.py:3211} INFO - Sync 1 DAGs
[2025-10-09T19:06:39.672+0000] {logging_mixin.py:190} INFO - [2025-10-09T19:06:39.670+0000] {dag.py:4138} INFO - Setting next_dagrun for example_complex to None, run_after=None
[2025-10-09T19:06:39.938+0000] {processor.py:208} INFO - Processing /home/airflow/.local/lib/python3.12/site-packages/airflow/example_dags/example_complex.py took 1.089 seconds
[2025-10-09T19:07:11.804+0000] {processor.py:186} INFO - Started process (PID=512) to work on /home/airflow/.local/lib/python3.12/site-packages/airflow/example_dags/example_complex.py
[2025-10-09T19:07:11.817+0000] {processor.py:914} INFO - Processing file /home/airflow/.local/lib/python3.12/site-packages/airflow/example_dags/example_complex.py for tasks to queue
[2025-10-09T19:07:11.861+0000] {logging_mixin.py:190} INFO - [2025-10-09T19:07:11.846+0000] {dagbag.py:587} INFO - Filling up the DagBag from /home/airflow/.local/lib/python3.12/site-packages/airflow/example_dags/example_complex.py
[2025-10-09T19:07:12.149+0000] {processor.py:925} INFO - DAG(s) 'example_complex' retrieved from /home/airflow/.local/lib/python3.12/site-packages/airflow/example_dags/example_complex.py
[2025-10-09T19:07:13.297+0000] {logging_mixin.py:190} INFO - [2025-10-09T19:07:13.284+0000] {dag.py:3211} INFO - Sync 1 DAGs
[2025-10-09T19:07:13.740+0000] {logging_mixin.py:190} INFO - [2025-10-09T19:07:13.739+0000] {dag.py:4138} INFO - Setting next_dagrun for example_complex to None, run_after=None
[2025-10-09T19:07:14.219+0000] {processor.py:208} INFO - Processing /home/airflow/.local/lib/python3.12/site-packages/airflow/example_dags/example_complex.py took 2.526 seconds
[2025-10-09T19:14:07.001+0000] {processor.py:186} INFO - Started process (PID=105) to work on /home/airflow/.local/lib/python3.12/site-packages/airflow/example_dags/example_complex.py
[2025-10-09T19:14:07.006+0000] {processor.py:914} INFO - Processing file /home/airflow/.local/lib/python3.12/site-packages/airflow/example_dags/example_complex.py for tasks to queue
[2025-10-09T19:14:07.015+0000] {logging_mixin.py:190} INFO - [2025-10-09T19:14:07.013+0000] {dagbag.py:587} INFO - Filling up the DagBag from /home/airflow/.local/lib/python3.12/site-packages/airflow/example_dags/example_complex.py
[2025-10-09T19:14:07.107+0000] {processor.py:925} INFO - DAG(s) 'example_complex' retrieved from /home/airflow/.local/lib/python3.12/site-packages/airflow/example_dags/example_complex.py
[2025-10-09T19:14:07.262+0000] {logging_mixin.py:190} INFO - [2025-10-09T19:14:07.262+0000] {dag.py:3211} INFO - Sync 1 DAGs
[2025-10-09T19:14:07.328+0000] {logging_mixin.py:190} INFO - [2025-10-09T19:14:07.328+0000] {dag.py:4138} INFO - Setting next_dagrun for example_complex to None, run_after=None
[2025-10-09T19:14:07.413+0000] {processor.py:208} INFO - Processing /home/airflow/.local/lib/python3.12/site-packages/airflow/example_dags/example_complex.py took 0.451 seconds
[2025-10-09T19:14:38.052+0000] {processor.py:186} INFO - Started process (PID=168) to work on /home/airflow/.local/lib/python3.12/site-packages/airflow/example_dags/example_complex.py
[2025-10-09T19:14:38.055+0000] {processor.py:914} INFO - Processing file /home/airflow/.local/lib/python3.12/site-packages/airflow/example_dags/example_complex.py for tasks to queue
[2025-10-09T19:14:38.062+0000] {logging_mixin.py:190} INFO - [2025-10-09T19:14:38.061+0000] {dagbag.py:587} INFO - Filling up the DagBag from /home/airflow/.local/lib/python3.12/site-packages/airflow/example_dags/example_complex.py
[2025-10-09T19:14:38.092+0000] {processor.py:925} INFO - DAG(s) 'example_complex' retrieved from /home/airflow/.local/lib/python3.12/site-packages/airflow/example_dags/example_complex.py
[2025-10-09T19:14:38.157+0000] {logging_mixin.py:190} INFO - [2025-10-09T19:14:38.156+0000] {dag.py:3211} INFO - Sync 1 DAGs
[2025-10-09T19:14:38.190+0000] {logging_mixin.py:190} INFO - [2025-10-09T19:14:38.189+0000] {dag.py:4138} INFO - Setting next_dagrun for example_complex to None, run_after=None
[2025-10-09T19:14:38.250+0000] {processor.py:208} INFO - Processing /home/airflow/.local/lib/python3.12/site-packages/airflow/example_dags/example_complex.py took 0.222 seconds
[2025-10-09T19:15:08.748+0000] {processor.py:186} INFO - Started process (PID=232) to work on /home/airflow/.local/lib/python3.12/site-packages/airflow/example_dags/example_complex.py
[2025-10-09T19:15:08.753+0000] {processor.py:914} INFO - Processing file /home/airflow/.local/lib/python3.12/site-packages/airflow/example_dags/example_complex.py for tasks to queue
[2025-10-09T19:15:08.770+0000] {logging_mixin.py:190} INFO - [2025-10-09T19:15:08.769+0000] {dagbag.py:587} INFO - Filling up the DagBag from /home/airflow/.local/lib/python3.12/site-packages/airflow/example_dags/example_complex.py
[2025-10-09T19:15:08.872+0000] {processor.py:925} INFO - DAG(s) 'example_complex' retrieved from /home/airflow/.local/lib/python3.12/site-packages/airflow/example_dags/example_complex.py
[2025-10-09T19:15:09.173+0000] {logging_mixin.py:190} INFO - [2025-10-09T19:15:09.172+0000] {dag.py:3211} INFO - Sync 1 DAGs
[2025-10-09T19:15:09.302+0000] {logging_mixin.py:190} INFO - [2025-10-09T19:15:09.300+0000] {dag.py:4138} INFO - Setting next_dagrun for example_complex to None, run_after=None
[2025-10-09T19:15:09.444+0000] {processor.py:208} INFO - Processing /home/airflow/.local/lib/python3.12/site-packages/airflow/example_dags/example_complex.py took 0.712 seconds
[2025-10-09T19:15:40.483+0000] {processor.py:186} INFO - Started process (PID=295) to work on /home/airflow/.local/lib/python3.12/site-packages/airflow/example_dags/example_complex.py
[2025-10-09T19:15:40.489+0000] {processor.py:914} INFO - Processing file /home/airflow/.local/lib/python3.12/site-packages/airflow/example_dags/example_complex.py for tasks to queue
[2025-10-09T19:15:40.502+0000] {logging_mixin.py:190} INFO - [2025-10-09T19:15:40.500+0000] {dagbag.py:587} INFO - Filling up the DagBag from /home/airflow/.local/lib/python3.12/site-packages/airflow/example_dags/example_complex.py
[2025-10-09T19:15:40.591+0000] {processor.py:925} INFO - DAG(s) 'example_complex' retrieved from /home/airflow/.local/lib/python3.12/site-packages/airflow/example_dags/example_complex.py
[2025-10-09T19:15:40.835+0000] {logging_mixin.py:190} INFO - [2025-10-09T19:15:40.834+0000] {dag.py:3211} INFO - Sync 1 DAGs
[2025-10-09T19:15:40.917+0000] {logging_mixin.py:190} INFO - [2025-10-09T19:15:40.917+0000] {dag.py:4138} INFO - Setting next_dagrun for example_complex to None, run_after=None
[2025-10-09T19:15:41.052+0000] {processor.py:208} INFO - Processing /home/airflow/.local/lib/python3.12/site-packages/airflow/example_dags/example_complex.py took 0.601 seconds
[2025-10-09T19:16:20.504+0000] {processor.py:186} INFO - Started process (PID=364) to work on /home/airflow/.local/lib/python3.12/site-packages/airflow/example_dags/example_complex.py
[2025-10-09T19:16:20.515+0000] {processor.py:914} INFO - Processing file /home/airflow/.local/lib/python3.12/site-packages/airflow/example_dags/example_complex.py for tasks to queue
[2025-10-09T19:16:20.555+0000] {logging_mixin.py:190} INFO - [2025-10-09T19:16:20.549+0000] {dagbag.py:587} INFO - Filling up the DagBag from /home/airflow/.local/lib/python3.12/site-packages/airflow/example_dags/example_complex.py
[2025-10-09T19:16:20.737+0000] {processor.py:925} INFO - DAG(s) 'example_complex' retrieved from /home/airflow/.local/lib/python3.12/site-packages/airflow/example_dags/example_complex.py
[2025-10-09T19:16:21.547+0000] {logging_mixin.py:190} INFO - [2025-10-09T19:16:21.534+0000] {dag.py:3211} INFO - Sync 1 DAGs
[2025-10-09T19:16:22.003+0000] {logging_mixin.py:190} INFO - [2025-10-09T19:16:21.996+0000] {dag.py:4138} INFO - Setting next_dagrun for example_complex to None, run_after=None
[2025-10-09T19:16:22.460+0000] {processor.py:208} INFO - Processing /home/airflow/.local/lib/python3.12/site-packages/airflow/example_dags/example_complex.py took 2.076 seconds
[2025-10-09T19:19:33.022+0000] {processor.py:186} INFO - Started process (PID=455) to work on /home/airflow/.local/lib/python3.12/site-packages/airflow/example_dags/example_complex.py
[2025-10-09T19:19:33.041+0000] {processor.py:914} INFO - Processing file /home/airflow/.local/lib/python3.12/site-packages/airflow/example_dags/example_complex.py for tasks to queue
[2025-10-09T19:19:31.768+0000] {logging_mixin.py:190} INFO - [2025-10-09T19:19:31.726+0000] {dagbag.py:587} INFO - Filling up the DagBag from /home/airflow/.local/lib/python3.12/site-packages/airflow/example_dags/example_complex.py
[2025-10-09T19:19:32.459+0000] {processor.py:925} INFO - DAG(s) 'example_complex' retrieved from /home/airflow/.local/lib/python3.12/site-packages/airflow/example_dags/example_complex.py
[2025-10-09T19:19:34.295+0000] {logging_mixin.py:190} INFO - [2025-10-09T19:19:34.292+0000] {dag.py:3211} INFO - Sync 1 DAGs
[2025-10-09T19:19:35.093+0000] {logging_mixin.py:190} INFO - [2025-10-09T19:19:35.090+0000] {dag.py:4138} INFO - Setting next_dagrun for example_complex to None, run_after=None
[2025-10-09T19:19:36.933+0000] {processor.py:208} INFO - Processing /home/airflow/.local/lib/python3.12/site-packages/airflow/example_dags/example_complex.py took 5.536 seconds
[2025-10-09T19:23:45.050+0000] {processor.py:186} INFO - Started process (PID=588) to work on /home/airflow/.local/lib/python3.12/site-packages/airflow/example_dags/example_complex.py
[2025-10-09T19:23:45.057+0000] {processor.py:914} INFO - Processing file /home/airflow/.local/lib/python3.12/site-packages/airflow/example_dags/example_complex.py for tasks to queue
[2025-10-09T19:23:45.082+0000] {logging_mixin.py:190} INFO - [2025-10-09T19:23:45.080+0000] {dagbag.py:587} INFO - Filling up the DagBag from /home/airflow/.local/lib/python3.12/site-packages/airflow/example_dags/example_complex.py
[2025-10-09T19:23:45.251+0000] {processor.py:925} INFO - DAG(s) 'example_complex' retrieved from /home/airflow/.local/lib/python3.12/site-packages/airflow/example_dags/example_complex.py
[2025-10-09T19:23:45.794+0000] {logging_mixin.py:190} INFO - [2025-10-09T19:23:45.787+0000] {dag.py:3211} INFO - Sync 1 DAGs
[2025-10-09T19:23:46.009+0000] {logging_mixin.py:190} INFO - [2025-10-09T19:23:46.008+0000] {dag.py:4138} INFO - Setting next_dagrun for example_complex to None, run_after=None
[2025-10-09T19:23:46.319+0000] {processor.py:208} INFO - Processing /home/airflow/.local/lib/python3.12/site-packages/airflow/example_dags/example_complex.py took 1.323 seconds
[2025-10-09T19:24:17.157+0000] {processor.py:186} INFO - Started process (PID=650) to work on /home/airflow/.local/lib/python3.12/site-packages/airflow/example_dags/example_complex.py
[2025-10-09T19:24:17.161+0000] {processor.py:914} INFO - Processing file /home/airflow/.local/lib/python3.12/site-packages/airflow/example_dags/example_complex.py for tasks to queue
[2025-10-09T19:24:17.169+0000] {logging_mixin.py:190} INFO - [2025-10-09T19:24:17.168+0000] {dagbag.py:587} INFO - Filling up the DagBag from /home/airflow/.local/lib/python3.12/site-packages/airflow/example_dags/example_complex.py
[2025-10-09T19:24:17.211+0000] {processor.py:925} INFO - DAG(s) 'example_complex' retrieved from /home/airflow/.local/lib/python3.12/site-packages/airflow/example_dags/example_complex.py
[2025-10-09T19:24:17.330+0000] {logging_mixin.py:190} INFO - [2025-10-09T19:24:17.329+0000] {dag.py:3211} INFO - Sync 1 DAGs
[2025-10-09T19:24:17.375+0000] {logging_mixin.py:190} INFO - [2025-10-09T19:24:17.374+0000] {dag.py:4138} INFO - Setting next_dagrun for example_complex to None, run_after=None
[2025-10-09T19:24:17.429+0000] {processor.py:208} INFO - Processing /home/airflow/.local/lib/python3.12/site-packages/airflow/example_dags/example_complex.py took 0.296 seconds
[2025-10-09T19:24:47.635+0000] {processor.py:186} INFO - Started process (PID=713) to work on /home/airflow/.local/lib/python3.12/site-packages/airflow/example_dags/example_complex.py
[2025-10-09T19:24:47.638+0000] {processor.py:914} INFO - Processing file /home/airflow/.local/lib/python3.12/site-packages/airflow/example_dags/example_complex.py for tasks to queue
[2025-10-09T19:24:47.648+0000] {logging_mixin.py:190} INFO - [2025-10-09T19:24:47.647+0000] {dagbag.py:587} INFO - Filling up the DagBag from /home/airflow/.local/lib/python3.12/site-packages/airflow/example_dags/example_complex.py
[2025-10-09T19:24:47.723+0000] {processor.py:925} INFO - DAG(s) 'example_complex' retrieved from /home/airflow/.local/lib/python3.12/site-packages/airflow/example_dags/example_complex.py
[2025-10-09T19:24:47.951+0000] {logging_mixin.py:190} INFO - [2025-10-09T19:24:47.950+0000] {dag.py:3211} INFO - Sync 1 DAGs
[2025-10-09T19:24:48.068+0000] {logging_mixin.py:190} INFO - [2025-10-09T19:24:48.067+0000] {dag.py:4138} INFO - Setting next_dagrun for example_complex to None, run_after=None
[2025-10-09T19:24:48.229+0000] {processor.py:208} INFO - Processing /home/airflow/.local/lib/python3.12/site-packages/airflow/example_dags/example_complex.py took 0.625 seconds
[2025-10-09T19:25:19.233+0000] {processor.py:186} INFO - Started process (PID=776) to work on /home/airflow/.local/lib/python3.12/site-packages/airflow/example_dags/example_complex.py
[2025-10-09T19:25:19.237+0000] {processor.py:914} INFO - Processing file /home/airflow/.local/lib/python3.12/site-packages/airflow/example_dags/example_complex.py for tasks to queue
[2025-10-09T19:25:19.249+0000] {logging_mixin.py:190} INFO - [2025-10-09T19:25:19.247+0000] {dagbag.py:587} INFO - Filling up the DagBag from /home/airflow/.local/lib/python3.12/site-packages/airflow/example_dags/example_complex.py
[2025-10-09T19:25:19.312+0000] {processor.py:925} INFO - DAG(s) 'example_complex' retrieved from /home/airflow/.local/lib/python3.12/site-packages/airflow/example_dags/example_complex.py
[2025-10-09T19:25:19.524+0000] {logging_mixin.py:190} INFO - [2025-10-09T19:25:19.523+0000] {dag.py:3211} INFO - Sync 1 DAGs
[2025-10-09T19:25:19.603+0000] {logging_mixin.py:190} INFO - [2025-10-09T19:25:19.602+0000] {dag.py:4138} INFO - Setting next_dagrun for example_complex to None, run_after=None
[2025-10-09T19:25:19.685+0000] {processor.py:208} INFO - Processing /home/airflow/.local/lib/python3.12/site-packages/airflow/example_dags/example_complex.py took 0.481 seconds
[2025-10-09T19:25:51.462+0000] {processor.py:186} INFO - Started process (PID=839) to work on /home/airflow/.local/lib/python3.12/site-packages/airflow/example_dags/example_complex.py
[2025-10-09T19:25:51.466+0000] {processor.py:914} INFO - Processing file /home/airflow/.local/lib/python3.12/site-packages/airflow/example_dags/example_complex.py for tasks to queue
[2025-10-09T19:25:51.476+0000] {logging_mixin.py:190} INFO - [2025-10-09T19:25:51.475+0000] {dagbag.py:587} INFO - Filling up the DagBag from /home/airflow/.local/lib/python3.12/site-packages/airflow/example_dags/example_complex.py
[2025-10-09T19:25:51.520+0000] {processor.py:925} INFO - DAG(s) 'example_complex' retrieved from /home/airflow/.local/lib/python3.12/site-packages/airflow/example_dags/example_complex.py
[2025-10-09T19:25:51.648+0000] {logging_mixin.py:190} INFO - [2025-10-09T19:25:51.647+0000] {dag.py:3211} INFO - Sync 1 DAGs
[2025-10-09T19:25:51.713+0000] {logging_mixin.py:190} INFO - [2025-10-09T19:25:51.706+0000] {dag.py:4138} INFO - Setting next_dagrun for example_complex to None, run_after=None
[2025-10-09T19:25:51.789+0000] {processor.py:208} INFO - Processing /home/airflow/.local/lib/python3.12/site-packages/airflow/example_dags/example_complex.py took 0.352 seconds
[2025-10-09T19:26:22.217+0000] {processor.py:186} INFO - Started process (PID=902) to work on /home/airflow/.local/lib/python3.12/site-packages/airflow/example_dags/example_complex.py
[2025-10-09T19:26:22.220+0000] {processor.py:914} INFO - Processing file /home/airflow/.local/lib/python3.12/site-packages/airflow/example_dags/example_complex.py for tasks to queue
[2025-10-09T19:26:22.229+0000] {logging_mixin.py:190} INFO - [2025-10-09T19:26:22.228+0000] {dagbag.py:587} INFO - Filling up the DagBag from /home/airflow/.local/lib/python3.12/site-packages/airflow/example_dags/example_complex.py
[2025-10-09T19:26:22.277+0000] {processor.py:925} INFO - DAG(s) 'example_complex' retrieved from /home/airflow/.local/lib/python3.12/site-packages/airflow/example_dags/example_complex.py
[2025-10-09T19:26:22.387+0000] {logging_mixin.py:190} INFO - [2025-10-09T19:26:22.386+0000] {dag.py:3211} INFO - Sync 1 DAGs
[2025-10-09T19:26:22.438+0000] {logging_mixin.py:190} INFO - [2025-10-09T19:26:22.437+0000] {dag.py:4138} INFO - Setting next_dagrun for example_complex to None, run_after=None
[2025-10-09T19:26:22.492+0000] {processor.py:208} INFO - Processing /home/airflow/.local/lib/python3.12/site-packages/airflow/example_dags/example_complex.py took 0.298 seconds
[2025-10-09T19:26:53.926+0000] {processor.py:186} INFO - Started process (PID=965) to work on /home/airflow/.local/lib/python3.12/site-packages/airflow/example_dags/example_complex.py
[2025-10-09T19:26:53.932+0000] {processor.py:914} INFO - Processing file /home/airflow/.local/lib/python3.12/site-packages/airflow/example_dags/example_complex.py for tasks to queue
[2025-10-09T19:26:53.947+0000] {logging_mixin.py:190} INFO - [2025-10-09T19:26:53.945+0000] {dagbag.py:587} INFO - Filling up the DagBag from /home/airflow/.local/lib/python3.12/site-packages/airflow/example_dags/example_complex.py
[2025-10-09T19:26:54.086+0000] {processor.py:925} INFO - DAG(s) 'example_complex' retrieved from /home/airflow/.local/lib/python3.12/site-packages/airflow/example_dags/example_complex.py
[2025-10-09T19:26:54.416+0000] {logging_mixin.py:190} INFO - [2025-10-09T19:26:54.414+0000] {dag.py:3211} INFO - Sync 1 DAGs
[2025-10-09T19:26:54.558+0000] {logging_mixin.py:190} INFO - [2025-10-09T19:26:54.557+0000] {dag.py:4138} INFO - Setting next_dagrun for example_complex to None, run_after=None
[2025-10-09T19:26:54.721+0000] {processor.py:208} INFO - Processing /home/airflow/.local/lib/python3.12/site-packages/airflow/example_dags/example_complex.py took 0.839 seconds
[2025-10-09T19:27:28.302+0000] {processor.py:186} INFO - Started process (PID=1028) to work on /home/airflow/.local/lib/python3.12/site-packages/airflow/example_dags/example_complex.py
[2025-10-09T19:27:28.312+0000] {processor.py:914} INFO - Processing file /home/airflow/.local/lib/python3.12/site-packages/airflow/example_dags/example_complex.py for tasks to queue
[2025-10-09T19:27:28.328+0000] {logging_mixin.py:190} INFO - [2025-10-09T19:27:28.325+0000] {dagbag.py:587} INFO - Filling up the DagBag from /home/airflow/.local/lib/python3.12/site-packages/airflow/example_dags/example_complex.py
[2025-10-09T19:27:28.429+0000] {processor.py:925} INFO - DAG(s) 'example_complex' retrieved from /home/airflow/.local/lib/python3.12/site-packages/airflow/example_dags/example_complex.py
[2025-10-09T19:27:29.068+0000] {logging_mixin.py:190} INFO - [2025-10-09T19:27:29.067+0000] {dag.py:3211} INFO - Sync 1 DAGs
[2025-10-09T19:27:29.332+0000] {logging_mixin.py:190} INFO - [2025-10-09T19:27:29.320+0000] {dag.py:4138} INFO - Setting next_dagrun for example_complex to None, run_after=None
[2025-10-09T19:27:29.649+0000] {processor.py:208} INFO - Processing /home/airflow/.local/lib/python3.12/site-packages/airflow/example_dags/example_complex.py took 1.389 seconds
[2025-10-09T19:28:12.648+0000] {processor.py:186} INFO - Started process (PID=1092) to work on /home/airflow/.local/lib/python3.12/site-packages/airflow/example_dags/example_complex.py
[2025-10-09T19:28:12.661+0000] {processor.py:914} INFO - Processing file /home/airflow/.local/lib/python3.12/site-packages/airflow/example_dags/example_complex.py for tasks to queue
[2025-10-09T19:28:12.682+0000] {logging_mixin.py:190} INFO - [2025-10-09T19:28:12.679+0000] {dagbag.py:587} INFO - Filling up the DagBag from /home/airflow/.local/lib/python3.12/site-packages/airflow/example_dags/example_complex.py
[2025-10-09T19:28:12.793+0000] {processor.py:925} INFO - DAG(s) 'example_complex' retrieved from /home/airflow/.local/lib/python3.12/site-packages/airflow/example_dags/example_complex.py
[2025-10-09T19:28:13.128+0000] {logging_mixin.py:190} INFO - [2025-10-09T19:28:13.120+0000] {dag.py:3211} INFO - Sync 1 DAGs
[2025-10-09T19:28:13.281+0000] {logging_mixin.py:190} INFO - [2025-10-09T19:28:13.280+0000] {dag.py:4138} INFO - Setting next_dagrun for example_complex to None, run_after=None
[2025-10-09T19:28:13.506+0000] {processor.py:208} INFO - Processing /home/airflow/.local/lib/python3.12/site-packages/airflow/example_dags/example_complex.py took 0.903 seconds
[2025-10-09T19:29:20.482+0000] {processor.py:186} INFO - Started process (PID=1158) to work on /home/airflow/.local/lib/python3.12/site-packages/airflow/example_dags/example_complex.py
[2025-10-09T19:29:20.505+0000] {processor.py:914} INFO - Processing file /home/airflow/.local/lib/python3.12/site-packages/airflow/example_dags/example_complex.py for tasks to queue
[2025-10-09T19:29:20.657+0000] {logging_mixin.py:190} INFO - [2025-10-09T19:29:20.648+0000] {dagbag.py:587} INFO - Filling up the DagBag from /home/airflow/.local/lib/python3.12/site-packages/airflow/example_dags/example_complex.py
[2025-10-09T19:29:21.189+0000] {processor.py:925} INFO - DAG(s) 'example_complex' retrieved from /home/airflow/.local/lib/python3.12/site-packages/airflow/example_dags/example_complex.py
[2025-10-09T19:29:22.040+0000] {logging_mixin.py:190} INFO - [2025-10-09T19:29:22.033+0000] {dag.py:3211} INFO - Sync 1 DAGs
[2025-10-09T19:29:22.282+0000] {logging_mixin.py:190} INFO - [2025-10-09T19:29:22.280+0000] {dag.py:4138} INFO - Setting next_dagrun for example_complex to None, run_after=None
[2025-10-09T19:29:22.441+0000] {processor.py:208} INFO - Processing /home/airflow/.local/lib/python3.12/site-packages/airflow/example_dags/example_complex.py took 2.330 seconds
