[2025-10-09T19:03:21.263+0000] {processor.py:186} INFO - Started process (PID=171) to work on /home/airflow/.local/lib/python3.12/site-packages/airflow/example_dags/example_display_name.py
[2025-10-09T19:03:21.272+0000] {processor.py:914} INFO - Processing file /home/airflow/.local/lib/python3.12/site-packages/airflow/example_dags/example_display_name.py for tasks to queue
[2025-10-09T19:03:21.299+0000] {logging_mixin.py:190} INFO - [2025-10-09T19:03:21.297+0000] {dagbag.py:587} INFO - Filling up the DagBag from /home/airflow/.local/lib/python3.12/site-packages/airflow/example_dags/example_display_name.py
[2025-10-09T19:03:21.412+0000] {processor.py:925} INFO - DAG(s) 'example_display_name' retrieved from /home/airflow/.local/lib/python3.12/site-packages/airflow/example_dags/example_display_name.py
[2025-10-09T19:03:22.323+0000] {logging_mixin.py:190} INFO - [2025-10-09T19:03:22.320+0000] {override.py:1858} INFO - Created Permission View: can edit on DAG:example_display_name
[2025-10-09T19:03:22.373+0000] {logging_mixin.py:190} INFO - [2025-10-09T19:03:22.372+0000] {override.py:1858} INFO - Created Permission View: can delete on DAG:example_display_name
[2025-10-09T19:03:22.425+0000] {logging_mixin.py:190} INFO - [2025-10-09T19:03:22.424+0000] {override.py:1858} INFO - Created Permission View: can read on DAG:example_display_name
[2025-10-09T19:03:22.436+0000] {logging_mixin.py:190} INFO - [2025-10-09T19:03:22.435+0000] {dag.py:3211} INFO - Sync 1 DAGs
[2025-10-09T19:03:22.510+0000] {logging_mixin.py:190} INFO - [2025-10-09T19:03:22.509+0000] {dag.py:3234} INFO - Creating ORM DAG for example_display_name
[2025-10-09T19:03:22.516+0000] {logging_mixin.py:190} INFO - [2025-10-09T19:03:22.515+0000] {dag.py:4138} INFO - Setting next_dagrun for example_display_name to None, run_after=None
[2025-10-09T19:03:22.622+0000] {processor.py:208} INFO - Processing /home/airflow/.local/lib/python3.12/site-packages/airflow/example_dags/example_display_name.py took 1.421 seconds
[2025-10-09T19:04:22.979+0000] {processor.py:186} INFO - Started process (PID=241) to work on /home/airflow/.local/lib/python3.12/site-packages/airflow/example_dags/example_display_name.py
[2025-10-09T19:04:22.986+0000] {processor.py:914} INFO - Processing file /home/airflow/.local/lib/python3.12/site-packages/airflow/example_dags/example_display_name.py for tasks to queue
[2025-10-09T19:04:23.000+0000] {logging_mixin.py:190} INFO - [2025-10-09T19:04:22.998+0000] {dagbag.py:587} INFO - Filling up the DagBag from /home/airflow/.local/lib/python3.12/site-packages/airflow/example_dags/example_display_name.py
[2025-10-09T19:04:23.060+0000] {processor.py:925} INFO - DAG(s) 'example_display_name' retrieved from /home/airflow/.local/lib/python3.12/site-packages/airflow/example_dags/example_display_name.py
[2025-10-09T19:04:23.323+0000] {logging_mixin.py:190} INFO - [2025-10-09T19:04:23.322+0000] {dag.py:3211} INFO - Sync 1 DAGs
[2025-10-09T19:04:23.465+0000] {logging_mixin.py:190} INFO - [2025-10-09T19:04:23.464+0000] {dag.py:4138} INFO - Setting next_dagrun for example_display_name to None, run_after=None
[2025-10-09T19:04:23.568+0000] {processor.py:208} INFO - Processing /home/airflow/.local/lib/python3.12/site-packages/airflow/example_dags/example_display_name.py took 0.634 seconds
[2025-10-09T19:05:04.041+0000] {processor.py:186} INFO - Started process (PID=304) to work on /home/airflow/.local/lib/python3.12/site-packages/airflow/example_dags/example_display_name.py
[2025-10-09T19:05:04.059+0000] {processor.py:914} INFO - Processing file /home/airflow/.local/lib/python3.12/site-packages/airflow/example_dags/example_display_name.py for tasks to queue
[2025-10-09T19:05:04.099+0000] {logging_mixin.py:190} INFO - [2025-10-09T19:05:04.093+0000] {dagbag.py:587} INFO - Filling up the DagBag from /home/airflow/.local/lib/python3.12/site-packages/airflow/example_dags/example_display_name.py
[2025-10-09T19:05:04.379+0000] {processor.py:925} INFO - DAG(s) 'example_display_name' retrieved from /home/airflow/.local/lib/python3.12/site-packages/airflow/example_dags/example_display_name.py
[2025-10-09T19:05:04.907+0000] {logging_mixin.py:190} INFO - [2025-10-09T19:05:04.894+0000] {dag.py:3211} INFO - Sync 1 DAGs
[2025-10-09T19:05:05.219+0000] {logging_mixin.py:190} INFO - [2025-10-09T19:05:05.218+0000] {dag.py:4138} INFO - Setting next_dagrun for example_display_name to None, run_after=None
[2025-10-09T19:05:05.543+0000] {processor.py:208} INFO - Processing /home/airflow/.local/lib/python3.12/site-packages/airflow/example_dags/example_display_name.py took 1.581 seconds
[2025-10-09T19:06:00.445+0000] {processor.py:186} INFO - Started process (PID=382) to work on /home/airflow/.local/lib/python3.12/site-packages/airflow/example_dags/example_display_name.py
[2025-10-09T19:06:00.513+0000] {processor.py:914} INFO - Processing file /home/airflow/.local/lib/python3.12/site-packages/airflow/example_dags/example_display_name.py for tasks to queue
[2025-10-09T19:06:00.535+0000] {logging_mixin.py:190} INFO - [2025-10-09T19:06:00.532+0000] {dagbag.py:587} INFO - Filling up the DagBag from /home/airflow/.local/lib/python3.12/site-packages/airflow/example_dags/example_display_name.py
[2025-10-09T19:06:00.616+0000] {processor.py:925} INFO - DAG(s) 'example_display_name' retrieved from /home/airflow/.local/lib/python3.12/site-packages/airflow/example_dags/example_display_name.py
[2025-10-09T19:06:00.790+0000] {logging_mixin.py:190} INFO - [2025-10-09T19:06:00.788+0000] {dag.py:3211} INFO - Sync 1 DAGs
[2025-10-09T19:06:00.947+0000] {logging_mixin.py:190} INFO - [2025-10-09T19:06:00.945+0000] {dag.py:4138} INFO - Setting next_dagrun for example_display_name to None, run_after=None
[2025-10-09T19:06:01.159+0000] {processor.py:208} INFO - Processing /home/airflow/.local/lib/python3.12/site-packages/airflow/example_dags/example_display_name.py took 0.786 seconds
[2025-10-09T19:06:35.967+0000] {processor.py:186} INFO - Started process (PID=445) to work on /home/airflow/.local/lib/python3.12/site-packages/airflow/example_dags/example_display_name.py
[2025-10-09T19:06:35.984+0000] {processor.py:914} INFO - Processing file /home/airflow/.local/lib/python3.12/site-packages/airflow/example_dags/example_display_name.py for tasks to queue
[2025-10-09T19:06:36.015+0000] {logging_mixin.py:190} INFO - [2025-10-09T19:06:36.010+0000] {dagbag.py:587} INFO - Filling up the DagBag from /home/airflow/.local/lib/python3.12/site-packages/airflow/example_dags/example_display_name.py
[2025-10-09T19:06:36.304+0000] {processor.py:925} INFO - DAG(s) 'example_display_name' retrieved from /home/airflow/.local/lib/python3.12/site-packages/airflow/example_dags/example_display_name.py
[2025-10-09T19:06:36.709+0000] {logging_mixin.py:190} INFO - [2025-10-09T19:06:36.708+0000] {dag.py:3211} INFO - Sync 1 DAGs
[2025-10-09T19:06:36.907+0000] {logging_mixin.py:190} INFO - [2025-10-09T19:06:36.901+0000] {dag.py:4138} INFO - Setting next_dagrun for example_display_name to None, run_after=None
[2025-10-09T19:06:37.054+0000] {processor.py:208} INFO - Processing /home/airflow/.local/lib/python3.12/site-packages/airflow/example_dags/example_display_name.py took 1.191 seconds
[2025-10-09T19:07:07.382+0000] {processor.py:186} INFO - Started process (PID=509) to work on /home/airflow/.local/lib/python3.12/site-packages/airflow/example_dags/example_display_name.py
[2025-10-09T19:07:07.390+0000] {processor.py:914} INFO - Processing file /home/airflow/.local/lib/python3.12/site-packages/airflow/example_dags/example_display_name.py for tasks to queue
[2025-10-09T19:07:07.409+0000] {logging_mixin.py:190} INFO - [2025-10-09T19:07:07.407+0000] {dagbag.py:587} INFO - Filling up the DagBag from /home/airflow/.local/lib/python3.12/site-packages/airflow/example_dags/example_display_name.py
[2025-10-09T19:07:07.474+0000] {processor.py:925} INFO - DAG(s) 'example_display_name' retrieved from /home/airflow/.local/lib/python3.12/site-packages/airflow/example_dags/example_display_name.py
[2025-10-09T19:07:07.625+0000] {logging_mixin.py:190} INFO - [2025-10-09T19:07:07.623+0000] {dag.py:3211} INFO - Sync 1 DAGs
[2025-10-09T19:07:07.818+0000] {logging_mixin.py:190} INFO - [2025-10-09T19:07:07.817+0000] {dag.py:4138} INFO - Setting next_dagrun for example_display_name to None, run_after=None
[2025-10-09T19:07:08.014+0000] {processor.py:208} INFO - Processing /home/airflow/.local/lib/python3.12/site-packages/airflow/example_dags/example_display_name.py took 0.686 seconds
[2025-10-09T19:14:05.402+0000] {processor.py:186} INFO - Started process (PID=102) to work on /home/airflow/.local/lib/python3.12/site-packages/airflow/example_dags/example_display_name.py
[2025-10-09T19:14:05.406+0000] {processor.py:914} INFO - Processing file /home/airflow/.local/lib/python3.12/site-packages/airflow/example_dags/example_display_name.py for tasks to queue
[2025-10-09T19:14:05.415+0000] {logging_mixin.py:190} INFO - [2025-10-09T19:14:05.414+0000] {dagbag.py:587} INFO - Filling up the DagBag from /home/airflow/.local/lib/python3.12/site-packages/airflow/example_dags/example_display_name.py
[2025-10-09T19:14:05.447+0000] {processor.py:925} INFO - DAG(s) 'example_display_name' retrieved from /home/airflow/.local/lib/python3.12/site-packages/airflow/example_dags/example_display_name.py
[2025-10-09T19:14:05.508+0000] {logging_mixin.py:190} INFO - [2025-10-09T19:14:05.507+0000] {dag.py:3211} INFO - Sync 1 DAGs
[2025-10-09T19:14:05.550+0000] {logging_mixin.py:190} INFO - [2025-10-09T19:14:05.550+0000] {dag.py:4138} INFO - Setting next_dagrun for example_display_name to None, run_after=None
[2025-10-09T19:14:05.607+0000] {processor.py:208} INFO - Processing /home/airflow/.local/lib/python3.12/site-packages/airflow/example_dags/example_display_name.py took 0.225 seconds
[2025-10-09T19:14:36.444+0000] {processor.py:186} INFO - Started process (PID=165) to work on /home/airflow/.local/lib/python3.12/site-packages/airflow/example_dags/example_display_name.py
[2025-10-09T19:14:36.447+0000] {processor.py:914} INFO - Processing file /home/airflow/.local/lib/python3.12/site-packages/airflow/example_dags/example_display_name.py for tasks to queue
[2025-10-09T19:14:36.458+0000] {logging_mixin.py:190} INFO - [2025-10-09T19:14:36.457+0000] {dagbag.py:587} INFO - Filling up the DagBag from /home/airflow/.local/lib/python3.12/site-packages/airflow/example_dags/example_display_name.py
[2025-10-09T19:14:36.493+0000] {processor.py:925} INFO - DAG(s) 'example_display_name' retrieved from /home/airflow/.local/lib/python3.12/site-packages/airflow/example_dags/example_display_name.py
[2025-10-09T19:14:36.584+0000] {logging_mixin.py:190} INFO - [2025-10-09T19:14:36.583+0000] {dag.py:3211} INFO - Sync 1 DAGs
[2025-10-09T19:14:36.642+0000] {logging_mixin.py:190} INFO - [2025-10-09T19:14:36.641+0000] {dag.py:4138} INFO - Setting next_dagrun for example_display_name to None, run_after=None
[2025-10-09T19:14:36.702+0000] {processor.py:208} INFO - Processing /home/airflow/.local/lib/python3.12/site-packages/airflow/example_dags/example_display_name.py took 0.277 seconds
[2025-10-09T19:15:07.034+0000] {processor.py:186} INFO - Started process (PID=229) to work on /home/airflow/.local/lib/python3.12/site-packages/airflow/example_dags/example_display_name.py
[2025-10-09T19:15:07.037+0000] {processor.py:914} INFO - Processing file /home/airflow/.local/lib/python3.12/site-packages/airflow/example_dags/example_display_name.py for tasks to queue
[2025-10-09T19:15:07.043+0000] {logging_mixin.py:190} INFO - [2025-10-09T19:15:07.042+0000] {dagbag.py:587} INFO - Filling up the DagBag from /home/airflow/.local/lib/python3.12/site-packages/airflow/example_dags/example_display_name.py
[2025-10-09T19:15:07.061+0000] {processor.py:925} INFO - DAG(s) 'example_display_name' retrieved from /home/airflow/.local/lib/python3.12/site-packages/airflow/example_dags/example_display_name.py
[2025-10-09T19:15:07.107+0000] {logging_mixin.py:190} INFO - [2025-10-09T19:15:07.106+0000] {dag.py:3211} INFO - Sync 1 DAGs
[2025-10-09T19:15:07.140+0000] {logging_mixin.py:190} INFO - [2025-10-09T19:15:07.140+0000] {dag.py:4138} INFO - Setting next_dagrun for example_display_name to None, run_after=None
[2025-10-09T19:15:07.185+0000] {processor.py:208} INFO - Processing /home/airflow/.local/lib/python3.12/site-packages/airflow/example_dags/example_display_name.py took 0.168 seconds
[2025-10-09T19:15:37.836+0000] {processor.py:186} INFO - Started process (PID=291) to work on /home/airflow/.local/lib/python3.12/site-packages/airflow/example_dags/example_display_name.py
[2025-10-09T19:15:37.839+0000] {processor.py:914} INFO - Processing file /home/airflow/.local/lib/python3.12/site-packages/airflow/example_dags/example_display_name.py for tasks to queue
[2025-10-09T19:15:37.846+0000] {logging_mixin.py:190} INFO - [2025-10-09T19:15:37.846+0000] {dagbag.py:587} INFO - Filling up the DagBag from /home/airflow/.local/lib/python3.12/site-packages/airflow/example_dags/example_display_name.py
[2025-10-09T19:15:37.878+0000] {processor.py:925} INFO - DAG(s) 'example_display_name' retrieved from /home/airflow/.local/lib/python3.12/site-packages/airflow/example_dags/example_display_name.py
[2025-10-09T19:15:37.946+0000] {logging_mixin.py:190} INFO - [2025-10-09T19:15:37.945+0000] {dag.py:3211} INFO - Sync 1 DAGs
[2025-10-09T19:15:37.985+0000] {logging_mixin.py:190} INFO - [2025-10-09T19:15:37.984+0000] {dag.py:4138} INFO - Setting next_dagrun for example_display_name to None, run_after=None
[2025-10-09T19:15:38.046+0000] {processor.py:208} INFO - Processing /home/airflow/.local/lib/python3.12/site-packages/airflow/example_dags/example_display_name.py took 0.226 seconds
[2025-10-09T19:16:13.072+0000] {processor.py:186} INFO - Started process (PID=354) to work on /home/airflow/.local/lib/python3.12/site-packages/airflow/example_dags/example_display_name.py
[2025-10-09T19:16:13.169+0000] {processor.py:914} INFO - Processing file /home/airflow/.local/lib/python3.12/site-packages/airflow/example_dags/example_display_name.py for tasks to queue
[2025-10-09T19:16:13.294+0000] {logging_mixin.py:190} INFO - [2025-10-09T19:16:13.278+0000] {dagbag.py:587} INFO - Filling up the DagBag from /home/airflow/.local/lib/python3.12/site-packages/airflow/example_dags/example_display_name.py
[2025-10-09T19:16:13.735+0000] {processor.py:925} INFO - DAG(s) 'example_display_name' retrieved from /home/airflow/.local/lib/python3.12/site-packages/airflow/example_dags/example_display_name.py
[2025-10-09T19:16:14.588+0000] {logging_mixin.py:190} INFO - [2025-10-09T19:16:14.573+0000] {dag.py:3211} INFO - Sync 1 DAGs
[2025-10-09T19:16:15.487+0000] {logging_mixin.py:190} INFO - [2025-10-09T19:16:15.484+0000] {dag.py:4138} INFO - Setting next_dagrun for example_display_name to None, run_after=None
[2025-10-09T19:16:16.111+0000] {processor.py:208} INFO - Processing /home/airflow/.local/lib/python3.12/site-packages/airflow/example_dags/example_display_name.py took 3.412 seconds
[2025-10-09T19:19:25.523+0000] {processor.py:186} INFO - Started process (PID=452) to work on /home/airflow/.local/lib/python3.12/site-packages/airflow/example_dags/example_display_name.py
[2025-10-09T19:19:25.549+0000] {processor.py:914} INFO - Processing file /home/airflow/.local/lib/python3.12/site-packages/airflow/example_dags/example_display_name.py for tasks to queue
[2025-10-09T19:19:25.651+0000] {logging_mixin.py:190} INFO - [2025-10-09T19:19:25.644+0000] {dagbag.py:587} INFO - Filling up the DagBag from /home/airflow/.local/lib/python3.12/site-packages/airflow/example_dags/example_display_name.py
[2025-10-09T19:19:26.278+0000] {processor.py:925} INFO - DAG(s) 'example_display_name' retrieved from /home/airflow/.local/lib/python3.12/site-packages/airflow/example_dags/example_display_name.py
[2025-10-09T19:19:27.894+0000] {logging_mixin.py:190} INFO - [2025-10-09T19:19:27.892+0000] {dag.py:3211} INFO - Sync 1 DAGs
[2025-10-09T19:19:28.783+0000] {logging_mixin.py:190} INFO - [2025-10-09T19:19:28.767+0000] {dag.py:4138} INFO - Setting next_dagrun for example_display_name to None, run_after=None
[2025-10-09T19:19:29.537+0000] {processor.py:208} INFO - Processing /home/airflow/.local/lib/python3.12/site-packages/airflow/example_dags/example_display_name.py took 4.156 seconds
