[2025-10-09T19:02:28.299+0000] {processor.py:186} INFO - Started process (PID=138) to work on /home/airflow/.local/lib/python3.12/site-packages/airflow/example_dags/example_sensors.py
[2025-10-09T19:02:28.410+0000] {processor.py:914} INFO - Processing file /home/airflow/.local/lib/python3.12/site-packages/airflow/example_dags/example_sensors.py for tasks to queue
[2025-10-09T19:02:28.657+0000] {logging_mixin.py:190} INFO - [2025-10-09T19:02:28.642+0000] {dagbag.py:587} INFO - Filling up the DagBag from /home/airflow/.local/lib/python3.12/site-packages/airflow/example_dags/example_sensors.py
[2025-10-09T19:02:29.244+0000] {processor.py:925} INFO - DAG(s) 'example_sensors' retrieved from /home/airflow/.local/lib/python3.12/site-packages/airflow/example_dags/example_sensors.py
[2025-10-09T19:02:34.897+0000] {logging_mixin.py:190} INFO - [2025-10-09T19:02:34.854+0000] {override.py:1858} INFO - Created Permission View: can edit on DAG:example_sensors
[2025-10-09T19:02:35.158+0000] {logging_mixin.py:190} INFO - [2025-10-09T19:02:35.157+0000] {override.py:1858} INFO - Created Permission View: can delete on DAG:example_sensors
[2025-10-09T19:02:35.243+0000] {logging_mixin.py:190} INFO - [2025-10-09T19:02:35.235+0000] {override.py:1858} INFO - Created Permission View: can read on DAG:example_sensors
[2025-10-09T19:02:35.262+0000] {logging_mixin.py:190} INFO - [2025-10-09T19:02:35.249+0000] {dag.py:3211} INFO - Sync 1 DAGs
[2025-10-09T19:02:35.813+0000] {logging_mixin.py:190} INFO - [2025-10-09T19:02:35.811+0000] {dag.py:3234} INFO - Creating ORM DAG for example_sensors
[2025-10-09T19:02:35.841+0000] {logging_mixin.py:190} INFO - [2025-10-09T19:02:35.832+0000] {dag.py:4138} INFO - Setting next_dagrun for example_sensors to None, run_after=None
[2025-10-09T19:02:36.486+0000] {processor.py:208} INFO - Processing /home/airflow/.local/lib/python3.12/site-packages/airflow/example_dags/example_sensors.py took 8.802 seconds
[2025-10-09T19:04:04.860+0000] {processor.py:186} INFO - Started process (PID=214) to work on /home/airflow/.local/lib/python3.12/site-packages/airflow/example_dags/example_sensors.py
[2025-10-09T19:04:04.868+0000] {processor.py:914} INFO - Processing file /home/airflow/.local/lib/python3.12/site-packages/airflow/example_dags/example_sensors.py for tasks to queue
[2025-10-09T19:04:04.907+0000] {logging_mixin.py:190} INFO - [2025-10-09T19:04:04.904+0000] {dagbag.py:587} INFO - Filling up the DagBag from /home/airflow/.local/lib/python3.12/site-packages/airflow/example_dags/example_sensors.py
[2025-10-09T19:04:05.034+0000] {processor.py:925} INFO - DAG(s) 'example_sensors' retrieved from /home/airflow/.local/lib/python3.12/site-packages/airflow/example_dags/example_sensors.py
[2025-10-09T19:04:05.331+0000] {logging_mixin.py:190} INFO - [2025-10-09T19:04:05.329+0000] {dag.py:3211} INFO - Sync 1 DAGs
[2025-10-09T19:04:05.459+0000] {logging_mixin.py:190} INFO - [2025-10-09T19:04:05.457+0000] {dag.py:4138} INFO - Setting next_dagrun for example_sensors to None, run_after=None
[2025-10-09T19:04:05.635+0000] {processor.py:208} INFO - Processing /home/airflow/.local/lib/python3.12/site-packages/airflow/example_dags/example_sensors.py took 0.853 seconds
[2025-10-09T19:04:42.102+0000] {processor.py:186} INFO - Started process (PID=278) to work on /home/airflow/.local/lib/python3.12/site-packages/airflow/example_dags/example_sensors.py
[2025-10-09T19:04:42.114+0000] {processor.py:914} INFO - Processing file /home/airflow/.local/lib/python3.12/site-packages/airflow/example_dags/example_sensors.py for tasks to queue
[2025-10-09T19:04:42.136+0000] {logging_mixin.py:190} INFO - [2025-10-09T19:04:42.134+0000] {dagbag.py:587} INFO - Filling up the DagBag from /home/airflow/.local/lib/python3.12/site-packages/airflow/example_dags/example_sensors.py
[2025-10-09T19:04:42.301+0000] {processor.py:925} INFO - DAG(s) 'example_sensors' retrieved from /home/airflow/.local/lib/python3.12/site-packages/airflow/example_dags/example_sensors.py
[2025-10-09T19:04:42.630+0000] {logging_mixin.py:190} INFO - [2025-10-09T19:04:42.628+0000] {dag.py:3211} INFO - Sync 1 DAGs
[2025-10-09T19:04:42.786+0000] {logging_mixin.py:190} INFO - [2025-10-09T19:04:42.785+0000] {dag.py:4138} INFO - Setting next_dagrun for example_sensors to None, run_after=None
[2025-10-09T19:04:42.952+0000] {processor.py:208} INFO - Processing /home/airflow/.local/lib/python3.12/site-packages/airflow/example_dags/example_sensors.py took 0.930 seconds
[2025-10-09T19:05:35.446+0000] {processor.py:186} INFO - Started process (PID=347) to work on /home/airflow/.local/lib/python3.12/site-packages/airflow/example_dags/example_sensors.py
[2025-10-09T19:05:35.484+0000] {processor.py:914} INFO - Processing file /home/airflow/.local/lib/python3.12/site-packages/airflow/example_dags/example_sensors.py for tasks to queue
[2025-10-09T19:05:35.610+0000] {logging_mixin.py:190} INFO - [2025-10-09T19:05:35.597+0000] {dagbag.py:587} INFO - Filling up the DagBag from /home/airflow/.local/lib/python3.12/site-packages/airflow/example_dags/example_sensors.py
[2025-10-09T19:05:35.780+0000] {processor.py:925} INFO - DAG(s) 'example_sensors' retrieved from /home/airflow/.local/lib/python3.12/site-packages/airflow/example_dags/example_sensors.py
[2025-10-09T19:05:36.824+0000] {logging_mixin.py:190} INFO - [2025-10-09T19:05:36.822+0000] {dag.py:3211} INFO - Sync 1 DAGs
[2025-10-09T19:05:37.026+0000] {logging_mixin.py:190} INFO - [2025-10-09T19:05:37.023+0000] {dag.py:4138} INFO - Setting next_dagrun for example_sensors to None, run_after=None
[2025-10-09T19:05:37.361+0000] {processor.py:208} INFO - Processing /home/airflow/.local/lib/python3.12/site-packages/airflow/example_dags/example_sensors.py took 2.173 seconds
[2025-10-09T19:06:17.726+0000] {processor.py:186} INFO - Started process (PID=417) to work on /home/airflow/.local/lib/python3.12/site-packages/airflow/example_dags/example_sensors.py
[2025-10-09T19:06:17.732+0000] {processor.py:914} INFO - Processing file /home/airflow/.local/lib/python3.12/site-packages/airflow/example_dags/example_sensors.py for tasks to queue
[2025-10-09T19:06:17.751+0000] {logging_mixin.py:190} INFO - [2025-10-09T19:06:17.749+0000] {dagbag.py:587} INFO - Filling up the DagBag from /home/airflow/.local/lib/python3.12/site-packages/airflow/example_dags/example_sensors.py
[2025-10-09T19:06:17.858+0000] {processor.py:925} INFO - DAG(s) 'example_sensors' retrieved from /home/airflow/.local/lib/python3.12/site-packages/airflow/example_dags/example_sensors.py
[2025-10-09T19:06:18.201+0000] {logging_mixin.py:190} INFO - [2025-10-09T19:06:18.199+0000] {dag.py:3211} INFO - Sync 1 DAGs
[2025-10-09T19:06:18.363+0000] {logging_mixin.py:190} INFO - [2025-10-09T19:06:18.362+0000] {dag.py:4138} INFO - Setting next_dagrun for example_sensors to None, run_after=None
[2025-10-09T19:06:18.504+0000] {processor.py:208} INFO - Processing /home/airflow/.local/lib/python3.12/site-packages/airflow/example_dags/example_sensors.py took 0.832 seconds
[2025-10-09T19:06:51.785+0000] {processor.py:186} INFO - Started process (PID=477) to work on /home/airflow/.local/lib/python3.12/site-packages/airflow/example_dags/example_sensors.py
[2025-10-09T19:06:51.792+0000] {processor.py:914} INFO - Processing file /home/airflow/.local/lib/python3.12/site-packages/airflow/example_dags/example_sensors.py for tasks to queue
[2025-10-09T19:06:51.809+0000] {logging_mixin.py:190} INFO - [2025-10-09T19:06:51.806+0000] {dagbag.py:587} INFO - Filling up the DagBag from /home/airflow/.local/lib/python3.12/site-packages/airflow/example_dags/example_sensors.py
[2025-10-09T19:06:51.897+0000] {processor.py:925} INFO - DAG(s) 'example_sensors' retrieved from /home/airflow/.local/lib/python3.12/site-packages/airflow/example_dags/example_sensors.py
[2025-10-09T19:06:52.177+0000] {logging_mixin.py:190} INFO - [2025-10-09T19:06:52.176+0000] {dag.py:3211} INFO - Sync 1 DAGs
[2025-10-09T19:06:52.312+0000] {logging_mixin.py:190} INFO - [2025-10-09T19:06:52.310+0000] {dag.py:4138} INFO - Setting next_dagrun for example_sensors to None, run_after=None
[2025-10-09T19:06:52.748+0000] {processor.py:208} INFO - Processing /home/airflow/.local/lib/python3.12/site-packages/airflow/example_dags/example_sensors.py took 1.003 seconds
[2025-10-09T19:07:26.753+0000] {processor.py:186} INFO - Started process (PID=534) to work on /home/airflow/.local/lib/python3.12/site-packages/airflow/example_dags/example_sensors.py
[2025-10-09T19:07:26.759+0000] {processor.py:914} INFO - Processing file /home/airflow/.local/lib/python3.12/site-packages/airflow/example_dags/example_sensors.py for tasks to queue
[2025-10-09T19:07:26.775+0000] {logging_mixin.py:190} INFO - [2025-10-09T19:07:26.773+0000] {dagbag.py:587} INFO - Filling up the DagBag from /home/airflow/.local/lib/python3.12/site-packages/airflow/example_dags/example_sensors.py
[2025-10-09T19:07:26.852+0000] {processor.py:925} INFO - DAG(s) 'example_sensors' retrieved from /home/airflow/.local/lib/python3.12/site-packages/airflow/example_dags/example_sensors.py
[2025-10-09T19:07:27.023+0000] {logging_mixin.py:190} INFO - [2025-10-09T19:07:27.022+0000] {dag.py:3211} INFO - Sync 1 DAGs
[2025-10-09T19:07:27.145+0000] {logging_mixin.py:190} INFO - [2025-10-09T19:07:27.144+0000] {dag.py:4138} INFO - Setting next_dagrun for example_sensors to None, run_after=None
[2025-10-09T19:07:27.259+0000] {processor.py:208} INFO - Processing /home/airflow/.local/lib/python3.12/site-packages/airflow/example_dags/example_sensors.py took 0.537 seconds
[2025-10-09T19:13:56.525+0000] {processor.py:186} INFO - Started process (PID=82) to work on /home/airflow/.local/lib/python3.12/site-packages/airflow/example_dags/example_sensors.py
[2025-10-09T19:13:56.529+0000] {processor.py:914} INFO - Processing file /home/airflow/.local/lib/python3.12/site-packages/airflow/example_dags/example_sensors.py for tasks to queue
[2025-10-09T19:13:56.537+0000] {logging_mixin.py:190} INFO - [2025-10-09T19:13:56.536+0000] {dagbag.py:587} INFO - Filling up the DagBag from /home/airflow/.local/lib/python3.12/site-packages/airflow/example_dags/example_sensors.py
[2025-10-09T19:13:56.578+0000] {processor.py:925} INFO - DAG(s) 'example_sensors' retrieved from /home/airflow/.local/lib/python3.12/site-packages/airflow/example_dags/example_sensors.py
[2025-10-09T19:13:56.961+0000] {logging_mixin.py:190} INFO - [2025-10-09T19:13:56.959+0000] {dag.py:3211} INFO - Sync 1 DAGs
[2025-10-09T19:13:57.021+0000] {logging_mixin.py:190} INFO - [2025-10-09T19:13:57.020+0000] {dag.py:4138} INFO - Setting next_dagrun for example_sensors to None, run_after=None
[2025-10-09T19:13:57.073+0000] {processor.py:208} INFO - Processing /home/airflow/.local/lib/python3.12/site-packages/airflow/example_dags/example_sensors.py took 0.566 seconds
[2025-10-09T19:14:27.360+0000] {processor.py:186} INFO - Started process (PID=145) to work on /home/airflow/.local/lib/python3.12/site-packages/airflow/example_dags/example_sensors.py
[2025-10-09T19:14:27.363+0000] {processor.py:914} INFO - Processing file /home/airflow/.local/lib/python3.12/site-packages/airflow/example_dags/example_sensors.py for tasks to queue
[2025-10-09T19:14:27.370+0000] {logging_mixin.py:190} INFO - [2025-10-09T19:14:27.369+0000] {dagbag.py:587} INFO - Filling up the DagBag from /home/airflow/.local/lib/python3.12/site-packages/airflow/example_dags/example_sensors.py
[2025-10-09T19:14:27.397+0000] {processor.py:925} INFO - DAG(s) 'example_sensors' retrieved from /home/airflow/.local/lib/python3.12/site-packages/airflow/example_dags/example_sensors.py
[2025-10-09T19:14:27.460+0000] {logging_mixin.py:190} INFO - [2025-10-09T19:14:27.460+0000] {dag.py:3211} INFO - Sync 1 DAGs
[2025-10-09T19:14:27.497+0000] {logging_mixin.py:190} INFO - [2025-10-09T19:14:27.497+0000] {dag.py:4138} INFO - Setting next_dagrun for example_sensors to None, run_after=None
[2025-10-09T19:14:27.538+0000] {processor.py:208} INFO - Processing /home/airflow/.local/lib/python3.12/site-packages/airflow/example_dags/example_sensors.py took 0.200 seconds
[2025-10-09T19:14:58.207+0000] {processor.py:186} INFO - Started process (PID=209) to work on /home/airflow/.local/lib/python3.12/site-packages/airflow/example_dags/example_sensors.py
[2025-10-09T19:14:58.210+0000] {processor.py:914} INFO - Processing file /home/airflow/.local/lib/python3.12/site-packages/airflow/example_dags/example_sensors.py for tasks to queue
[2025-10-09T19:14:58.219+0000] {logging_mixin.py:190} INFO - [2025-10-09T19:14:58.218+0000] {dagbag.py:587} INFO - Filling up the DagBag from /home/airflow/.local/lib/python3.12/site-packages/airflow/example_dags/example_sensors.py
[2025-10-09T19:14:58.254+0000] {processor.py:925} INFO - DAG(s) 'example_sensors' retrieved from /home/airflow/.local/lib/python3.12/site-packages/airflow/example_dags/example_sensors.py
[2025-10-09T19:14:58.373+0000] {logging_mixin.py:190} INFO - [2025-10-09T19:14:58.373+0000] {dag.py:3211} INFO - Sync 1 DAGs
[2025-10-09T19:14:58.426+0000] {logging_mixin.py:190} INFO - [2025-10-09T19:14:58.426+0000] {dag.py:4138} INFO - Setting next_dagrun for example_sensors to None, run_after=None
[2025-10-09T19:14:58.492+0000] {processor.py:208} INFO - Processing /home/airflow/.local/lib/python3.12/site-packages/airflow/example_dags/example_sensors.py took 0.310 seconds
[2025-10-09T19:15:31.305+0000] {processor.py:186} INFO - Started process (PID=272) to work on /home/airflow/.local/lib/python3.12/site-packages/airflow/example_dags/example_sensors.py
[2025-10-09T19:15:31.308+0000] {processor.py:914} INFO - Processing file /home/airflow/.local/lib/python3.12/site-packages/airflow/example_dags/example_sensors.py for tasks to queue
[2025-10-09T19:15:31.316+0000] {logging_mixin.py:190} INFO - [2025-10-09T19:15:31.315+0000] {dagbag.py:587} INFO - Filling up the DagBag from /home/airflow/.local/lib/python3.12/site-packages/airflow/example_dags/example_sensors.py
[2025-10-09T19:15:31.377+0000] {processor.py:925} INFO - DAG(s) 'example_sensors' retrieved from /home/airflow/.local/lib/python3.12/site-packages/airflow/example_dags/example_sensors.py
[2025-10-09T19:15:31.576+0000] {logging_mixin.py:190} INFO - [2025-10-09T19:15:31.576+0000] {dag.py:3211} INFO - Sync 1 DAGs
[2025-10-09T19:15:31.638+0000] {logging_mixin.py:190} INFO - [2025-10-09T19:15:31.637+0000] {dag.py:4138} INFO - Setting next_dagrun for example_sensors to None, run_after=None
[2025-10-09T19:15:31.720+0000] {processor.py:208} INFO - Processing /home/airflow/.local/lib/python3.12/site-packages/airflow/example_dags/example_sensors.py took 0.437 seconds
[2025-10-09T19:16:02.713+0000] {processor.py:186} INFO - Started process (PID=336) to work on /home/airflow/.local/lib/python3.12/site-packages/airflow/example_dags/example_sensors.py
[2025-10-09T19:16:02.717+0000] {processor.py:914} INFO - Processing file /home/airflow/.local/lib/python3.12/site-packages/airflow/example_dags/example_sensors.py for tasks to queue
[2025-10-09T19:16:02.728+0000] {logging_mixin.py:190} INFO - [2025-10-09T19:16:02.726+0000] {dagbag.py:587} INFO - Filling up the DagBag from /home/airflow/.local/lib/python3.12/site-packages/airflow/example_dags/example_sensors.py
[2025-10-09T19:16:02.776+0000] {processor.py:925} INFO - DAG(s) 'example_sensors' retrieved from /home/airflow/.local/lib/python3.12/site-packages/airflow/example_dags/example_sensors.py
[2025-10-09T19:16:02.859+0000] {logging_mixin.py:190} INFO - [2025-10-09T19:16:02.858+0000] {dag.py:3211} INFO - Sync 1 DAGs
[2025-10-09T19:16:02.905+0000] {logging_mixin.py:190} INFO - [2025-10-09T19:16:02.904+0000] {dag.py:4138} INFO - Setting next_dagrun for example_sensors to None, run_after=None
[2025-10-09T19:16:02.956+0000] {processor.py:208} INFO - Processing /home/airflow/.local/lib/python3.12/site-packages/airflow/example_dags/example_sensors.py took 0.266 seconds
[2025-10-09T19:17:40.616+0000] {processor.py:186} INFO - Started process (PID=414) to work on /home/airflow/.local/lib/python3.12/site-packages/airflow/example_dags/example_sensors.py
[2025-10-09T19:17:40.637+0000] {processor.py:914} INFO - Processing file /home/airflow/.local/lib/python3.12/site-packages/airflow/example_dags/example_sensors.py for tasks to queue
[2025-10-09T19:17:40.730+0000] {logging_mixin.py:190} INFO - [2025-10-09T19:17:40.715+0000] {dagbag.py:587} INFO - Filling up the DagBag from /home/airflow/.local/lib/python3.12/site-packages/airflow/example_dags/example_sensors.py
[2025-10-09T19:17:41.084+0000] {processor.py:925} INFO - DAG(s) 'example_sensors' retrieved from /home/airflow/.local/lib/python3.12/site-packages/airflow/example_dags/example_sensors.py
[2025-10-09T19:17:41.871+0000] {logging_mixin.py:190} INFO - [2025-10-09T19:17:41.869+0000] {dag.py:3211} INFO - Sync 1 DAGs
[2025-10-09T19:17:42.393+0000] {logging_mixin.py:190} INFO - [2025-10-09T19:17:42.379+0000] {dag.py:4138} INFO - Setting next_dagrun for example_sensors to None, run_after=None
[2025-10-09T19:17:43.294+0000] {processor.py:208} INFO - Processing /home/airflow/.local/lib/python3.12/site-packages/airflow/example_dags/example_sensors.py took 2.830 seconds
[2025-10-09T19:20:42.442+0000] {processor.py:186} INFO - Started process (PID=485) to work on /home/airflow/.local/lib/python3.12/site-packages/airflow/example_dags/example_sensors.py
[2025-10-09T19:20:42.515+0000] {processor.py:914} INFO - Processing file /home/airflow/.local/lib/python3.12/site-packages/airflow/example_dags/example_sensors.py for tasks to queue
[2025-10-09T19:20:42.593+0000] {logging_mixin.py:190} INFO - [2025-10-09T19:20:42.589+0000] {dagbag.py:587} INFO - Filling up the DagBag from /home/airflow/.local/lib/python3.12/site-packages/airflow/example_dags/example_sensors.py
[2025-10-09T19:20:43.516+0000] {processor.py:925} INFO - DAG(s) 'example_sensors' retrieved from /home/airflow/.local/lib/python3.12/site-packages/airflow/example_dags/example_sensors.py
[2025-10-09T19:20:44.697+0000] {logging_mixin.py:190} INFO - [2025-10-09T19:20:44.694+0000] {dag.py:3211} INFO - Sync 1 DAGs
[2025-10-09T19:20:45.113+0000] {logging_mixin.py:190} INFO - [2025-10-09T19:20:45.111+0000] {dag.py:4138} INFO - Setting next_dagrun for example_sensors to None, run_after=None
[2025-10-09T19:20:45.679+0000] {processor.py:208} INFO - Processing /home/airflow/.local/lib/python3.12/site-packages/airflow/example_dags/example_sensors.py took 3.611 seconds
[2025-10-09T19:22:53.126+0000] {processor.py:186} INFO - Started process (PID=553) to work on /home/airflow/.local/lib/python3.12/site-packages/airflow/example_dags/example_sensors.py
[2025-10-09T19:22:53.178+0000] {processor.py:914} INFO - Processing file /home/airflow/.local/lib/python3.12/site-packages/airflow/example_dags/example_sensors.py for tasks to queue
[2025-10-09T19:22:53.355+0000] {logging_mixin.py:190} INFO - [2025-10-09T19:22:53.335+0000] {dagbag.py:587} INFO - Filling up the DagBag from /home/airflow/.local/lib/python3.12/site-packages/airflow/example_dags/example_sensors.py
[2025-10-09T19:22:53.844+0000] {processor.py:925} INFO - DAG(s) 'example_sensors' retrieved from /home/airflow/.local/lib/python3.12/site-packages/airflow/example_dags/example_sensors.py
[2025-10-09T19:22:54.654+0000] {logging_mixin.py:190} INFO - [2025-10-09T19:22:54.652+0000] {dag.py:3211} INFO - Sync 1 DAGs
[2025-10-09T19:22:54.969+0000] {logging_mixin.py:190} INFO - [2025-10-09T19:22:54.967+0000] {dag.py:4138} INFO - Setting next_dagrun for example_sensors to None, run_after=None
[2025-10-09T19:22:55.903+0000] {processor.py:208} INFO - Processing /home/airflow/.local/lib/python3.12/site-packages/airflow/example_dags/example_sensors.py took 3.039 seconds
