[2025-10-09T19:02:14.137+0000] {processor.py:186} INFO - Started process (PID=135) to work on /home/airflow/.local/lib/python3.12/site-packages/airflow/example_dags/example_setup_teardown.py
[2025-10-09T19:02:14.144+0000] {processor.py:914} INFO - Processing file /home/airflow/.local/lib/python3.12/site-packages/airflow/example_dags/example_setup_teardown.py for tasks to queue
[2025-10-09T19:02:14.269+0000] {logging_mixin.py:190} INFO - [2025-10-09T19:02:14.261+0000] {dagbag.py:587} INFO - Filling up the DagBag from /home/airflow/.local/lib/python3.12/site-packages/airflow/example_dags/example_setup_teardown.py
[2025-10-09T19:02:14.739+0000] {processor.py:925} INFO - DAG(s) 'example_setup_teardown' retrieved from /home/airflow/.local/lib/python3.12/site-packages/airflow/example_dags/example_setup_teardown.py
[2025-10-09T19:02:19.843+0000] {logging_mixin.py:190} INFO - [2025-10-09T19:02:19.829+0000] {override.py:1858} INFO - Created Permission View: can edit on DAG:example_setup_teardown
[2025-10-09T19:02:20.092+0000] {logging_mixin.py:190} INFO - [2025-10-09T19:02:20.090+0000] {override.py:1858} INFO - Created Permission View: can delete on DAG:example_setup_teardown
[2025-10-09T19:02:20.148+0000] {logging_mixin.py:190} INFO - [2025-10-09T19:02:20.146+0000] {override.py:1858} INFO - Created Permission View: can read on DAG:example_setup_teardown
[2025-10-09T19:02:20.167+0000] {logging_mixin.py:190} INFO - [2025-10-09T19:02:20.156+0000] {dag.py:3211} INFO - Sync 1 DAGs
[2025-10-09T19:02:20.787+0000] {logging_mixin.py:190} INFO - [2025-10-09T19:02:20.780+0000] {dag.py:3234} INFO - Creating ORM DAG for example_setup_teardown
[2025-10-09T19:02:21.086+0000] {logging_mixin.py:190} INFO - [2025-10-09T19:02:21.085+0000] {dag.py:4138} INFO - Setting next_dagrun for example_setup_teardown to 2025-10-08 00:00:00+00:00, run_after=2025-10-09 00:00:00+00:00
[2025-10-09T19:02:21.357+0000] {processor.py:208} INFO - Processing /home/airflow/.local/lib/python3.12/site-packages/airflow/example_dags/example_setup_teardown.py took 7.406 seconds
[2025-10-09T19:04:01.967+0000] {processor.py:186} INFO - Started process (PID=211) to work on /home/airflow/.local/lib/python3.12/site-packages/airflow/example_dags/example_setup_teardown.py
[2025-10-09T19:04:01.974+0000] {processor.py:914} INFO - Processing file /home/airflow/.local/lib/python3.12/site-packages/airflow/example_dags/example_setup_teardown.py for tasks to queue
[2025-10-09T19:04:02.020+0000] {logging_mixin.py:190} INFO - [2025-10-09T19:04:02.010+0000] {dagbag.py:587} INFO - Filling up the DagBag from /home/airflow/.local/lib/python3.12/site-packages/airflow/example_dags/example_setup_teardown.py
[2025-10-09T19:04:02.169+0000] {processor.py:925} INFO - DAG(s) 'example_setup_teardown' retrieved from /home/airflow/.local/lib/python3.12/site-packages/airflow/example_dags/example_setup_teardown.py
[2025-10-09T19:04:02.448+0000] {logging_mixin.py:190} INFO - [2025-10-09T19:04:02.446+0000] {dag.py:3211} INFO - Sync 1 DAGs
[2025-10-09T19:04:02.737+0000] {logging_mixin.py:190} INFO - [2025-10-09T19:04:02.735+0000] {dag.py:4138} INFO - Setting next_dagrun for example_setup_teardown to 2025-10-08 00:00:00+00:00, run_after=2025-10-09 00:00:00+00:00
[2025-10-09T19:04:02.924+0000] {processor.py:208} INFO - Processing /home/airflow/.local/lib/python3.12/site-packages/airflow/example_dags/example_setup_teardown.py took 1.099 seconds
[2025-10-09T19:04:38.264+0000] {processor.py:186} INFO - Started process (PID=271) to work on /home/airflow/.local/lib/python3.12/site-packages/airflow/example_dags/example_setup_teardown.py
[2025-10-09T19:04:38.270+0000] {processor.py:914} INFO - Processing file /home/airflow/.local/lib/python3.12/site-packages/airflow/example_dags/example_setup_teardown.py for tasks to queue
[2025-10-09T19:04:38.291+0000] {logging_mixin.py:190} INFO - [2025-10-09T19:04:38.289+0000] {dagbag.py:587} INFO - Filling up the DagBag from /home/airflow/.local/lib/python3.12/site-packages/airflow/example_dags/example_setup_teardown.py
[2025-10-09T19:04:38.375+0000] {processor.py:925} INFO - DAG(s) 'example_setup_teardown' retrieved from /home/airflow/.local/lib/python3.12/site-packages/airflow/example_dags/example_setup_teardown.py
[2025-10-09T19:04:38.589+0000] {logging_mixin.py:190} INFO - [2025-10-09T19:04:38.588+0000] {dag.py:3211} INFO - Sync 1 DAGs
[2025-10-09T19:04:38.763+0000] {logging_mixin.py:190} INFO - [2025-10-09T19:04:38.762+0000] {dag.py:4138} INFO - Setting next_dagrun for example_setup_teardown to 2025-10-08 00:00:00+00:00, run_after=2025-10-09 00:00:00+00:00
[2025-10-09T19:04:38.887+0000] {processor.py:208} INFO - Processing /home/airflow/.local/lib/python3.12/site-packages/airflow/example_dags/example_setup_teardown.py took 0.658 seconds
[2025-10-09T19:05:18.365+0000] {processor.py:186} INFO - Started process (PID=329) to work on /home/airflow/.local/lib/python3.12/site-packages/airflow/example_dags/example_setup_teardown.py
[2025-10-09T19:05:18.382+0000] {processor.py:914} INFO - Processing file /home/airflow/.local/lib/python3.12/site-packages/airflow/example_dags/example_setup_teardown.py for tasks to queue
[2025-10-09T19:05:18.411+0000] {logging_mixin.py:190} INFO - [2025-10-09T19:05:18.407+0000] {dagbag.py:587} INFO - Filling up the DagBag from /home/airflow/.local/lib/python3.12/site-packages/airflow/example_dags/example_setup_teardown.py
[2025-10-09T19:05:18.510+0000] {processor.py:925} INFO - DAG(s) 'example_setup_teardown' retrieved from /home/airflow/.local/lib/python3.12/site-packages/airflow/example_dags/example_setup_teardown.py
[2025-10-09T19:05:18.864+0000] {logging_mixin.py:190} INFO - [2025-10-09T19:05:18.863+0000] {dag.py:3211} INFO - Sync 1 DAGs
[2025-10-09T19:05:19.147+0000] {logging_mixin.py:190} INFO - [2025-10-09T19:05:19.145+0000] {dag.py:4138} INFO - Setting next_dagrun for example_setup_teardown to 2025-10-08 00:00:00+00:00, run_after=2025-10-09 00:00:00+00:00
[2025-10-09T19:05:19.471+0000] {processor.py:208} INFO - Processing /home/airflow/.local/lib/python3.12/site-packages/airflow/example_dags/example_setup_teardown.py took 1.158 seconds
[2025-10-09T19:05:58.953+0000] {processor.py:186} INFO - Started process (PID=381) to work on /home/airflow/.local/lib/python3.12/site-packages/airflow/example_dags/example_setup_teardown.py
[2025-10-09T19:05:58.963+0000] {processor.py:914} INFO - Processing file /home/airflow/.local/lib/python3.12/site-packages/airflow/example_dags/example_setup_teardown.py for tasks to queue
[2025-10-09T19:05:58.987+0000] {logging_mixin.py:190} INFO - [2025-10-09T19:05:58.985+0000] {dagbag.py:587} INFO - Filling up the DagBag from /home/airflow/.local/lib/python3.12/site-packages/airflow/example_dags/example_setup_teardown.py
[2025-10-09T19:05:59.104+0000] {processor.py:925} INFO - DAG(s) 'example_setup_teardown' retrieved from /home/airflow/.local/lib/python3.12/site-packages/airflow/example_dags/example_setup_teardown.py
[2025-10-09T19:05:59.362+0000] {logging_mixin.py:190} INFO - [2025-10-09T19:05:59.361+0000] {dag.py:3211} INFO - Sync 1 DAGs
[2025-10-09T19:05:59.779+0000] {logging_mixin.py:190} INFO - [2025-10-09T19:05:59.777+0000] {dag.py:4138} INFO - Setting next_dagrun for example_setup_teardown to 2025-10-08 00:00:00+00:00, run_after=2025-10-09 00:00:00+00:00
[2025-10-09T19:06:00.080+0000] {processor.py:208} INFO - Processing /home/airflow/.local/lib/python3.12/site-packages/airflow/example_dags/example_setup_teardown.py took 1.249 seconds
[2025-10-09T19:06:34.942+0000] {processor.py:186} INFO - Started process (PID=444) to work on /home/airflow/.local/lib/python3.12/site-packages/airflow/example_dags/example_setup_teardown.py
[2025-10-09T19:06:34.949+0000] {processor.py:914} INFO - Processing file /home/airflow/.local/lib/python3.12/site-packages/airflow/example_dags/example_setup_teardown.py for tasks to queue
[2025-10-09T19:06:34.967+0000] {logging_mixin.py:190} INFO - [2025-10-09T19:06:34.965+0000] {dagbag.py:587} INFO - Filling up the DagBag from /home/airflow/.local/lib/python3.12/site-packages/airflow/example_dags/example_setup_teardown.py
[2025-10-09T19:06:35.028+0000] {processor.py:925} INFO - DAG(s) 'example_setup_teardown' retrieved from /home/airflow/.local/lib/python3.12/site-packages/airflow/example_dags/example_setup_teardown.py
[2025-10-09T19:06:35.224+0000] {logging_mixin.py:190} INFO - [2025-10-09T19:06:35.220+0000] {dag.py:3211} INFO - Sync 1 DAGs
[2025-10-09T19:06:35.464+0000] {logging_mixin.py:190} INFO - [2025-10-09T19:06:35.462+0000] {dag.py:4138} INFO - Setting next_dagrun for example_setup_teardown to 2025-10-08 00:00:00+00:00, run_after=2025-10-09 00:00:00+00:00
[2025-10-09T19:06:35.641+0000] {processor.py:208} INFO - Processing /home/airflow/.local/lib/python3.12/site-packages/airflow/example_dags/example_setup_teardown.py took 0.753 seconds
[2025-10-09T19:07:06.128+0000] {processor.py:186} INFO - Started process (PID=507) to work on /home/airflow/.local/lib/python3.12/site-packages/airflow/example_dags/example_setup_teardown.py
[2025-10-09T19:07:06.143+0000] {processor.py:914} INFO - Processing file /home/airflow/.local/lib/python3.12/site-packages/airflow/example_dags/example_setup_teardown.py for tasks to queue
[2025-10-09T19:07:06.171+0000] {logging_mixin.py:190} INFO - [2025-10-09T19:07:06.169+0000] {dagbag.py:587} INFO - Filling up the DagBag from /home/airflow/.local/lib/python3.12/site-packages/airflow/example_dags/example_setup_teardown.py
[2025-10-09T19:07:06.260+0000] {processor.py:925} INFO - DAG(s) 'example_setup_teardown' retrieved from /home/airflow/.local/lib/python3.12/site-packages/airflow/example_dags/example_setup_teardown.py
[2025-10-09T19:07:06.496+0000] {logging_mixin.py:190} INFO - [2025-10-09T19:07:06.486+0000] {dag.py:3211} INFO - Sync 1 DAGs
[2025-10-09T19:07:06.791+0000] {logging_mixin.py:190} INFO - [2025-10-09T19:07:06.790+0000] {dag.py:4138} INFO - Setting next_dagrun for example_setup_teardown to 2025-10-08 00:00:00+00:00, run_after=2025-10-09 00:00:00+00:00
[2025-10-09T19:07:07.021+0000] {processor.py:208} INFO - Processing /home/airflow/.local/lib/python3.12/site-packages/airflow/example_dags/example_setup_teardown.py took 0.970 seconds
[2025-10-09T19:13:55.600+0000] {processor.py:186} INFO - Started process (PID=79) to work on /home/airflow/.local/lib/python3.12/site-packages/airflow/example_dags/example_setup_teardown.py
[2025-10-09T19:13:55.604+0000] {processor.py:914} INFO - Processing file /home/airflow/.local/lib/python3.12/site-packages/airflow/example_dags/example_setup_teardown.py for tasks to queue
[2025-10-09T19:13:55.612+0000] {logging_mixin.py:190} INFO - [2025-10-09T19:13:55.611+0000] {dagbag.py:587} INFO - Filling up the DagBag from /home/airflow/.local/lib/python3.12/site-packages/airflow/example_dags/example_setup_teardown.py
[2025-10-09T19:13:55.677+0000] {processor.py:925} INFO - DAG(s) 'example_setup_teardown' retrieved from /home/airflow/.local/lib/python3.12/site-packages/airflow/example_dags/example_setup_teardown.py
[2025-10-09T19:13:55.784+0000] {logging_mixin.py:190} INFO - [2025-10-09T19:13:55.783+0000] {dag.py:3211} INFO - Sync 1 DAGs
[2025-10-09T19:13:55.878+0000] {logging_mixin.py:190} INFO - [2025-10-09T19:13:55.877+0000] {dag.py:4138} INFO - Setting next_dagrun for example_setup_teardown to 2025-10-08 00:00:00+00:00, run_after=2025-10-09 00:00:00+00:00
[2025-10-09T19:13:55.928+0000] {processor.py:208} INFO - Processing /home/airflow/.local/lib/python3.12/site-packages/airflow/example_dags/example_setup_teardown.py took 0.349 seconds
[2025-10-09T19:14:26.484+0000] {processor.py:186} INFO - Started process (PID=142) to work on /home/airflow/.local/lib/python3.12/site-packages/airflow/example_dags/example_setup_teardown.py
[2025-10-09T19:14:26.486+0000] {processor.py:914} INFO - Processing file /home/airflow/.local/lib/python3.12/site-packages/airflow/example_dags/example_setup_teardown.py for tasks to queue
[2025-10-09T19:14:26.492+0000] {logging_mixin.py:190} INFO - [2025-10-09T19:14:26.492+0000] {dagbag.py:587} INFO - Filling up the DagBag from /home/airflow/.local/lib/python3.12/site-packages/airflow/example_dags/example_setup_teardown.py
[2025-10-09T19:14:26.515+0000] {processor.py:925} INFO - DAG(s) 'example_setup_teardown' retrieved from /home/airflow/.local/lib/python3.12/site-packages/airflow/example_dags/example_setup_teardown.py
[2025-10-09T19:14:26.564+0000] {logging_mixin.py:190} INFO - [2025-10-09T19:14:26.564+0000] {dag.py:3211} INFO - Sync 1 DAGs
[2025-10-09T19:14:26.627+0000] {logging_mixin.py:190} INFO - [2025-10-09T19:14:26.626+0000] {dag.py:4138} INFO - Setting next_dagrun for example_setup_teardown to 2025-10-08 00:00:00+00:00, run_after=2025-10-09 00:00:00+00:00
[2025-10-09T19:14:26.675+0000] {processor.py:208} INFO - Processing /home/airflow/.local/lib/python3.12/site-packages/airflow/example_dags/example_setup_teardown.py took 0.205 seconds
[2025-10-09T19:14:57.026+0000] {processor.py:186} INFO - Started process (PID=205) to work on /home/airflow/.local/lib/python3.12/site-packages/airflow/example_dags/example_setup_teardown.py
[2025-10-09T19:14:57.029+0000] {processor.py:914} INFO - Processing file /home/airflow/.local/lib/python3.12/site-packages/airflow/example_dags/example_setup_teardown.py for tasks to queue
[2025-10-09T19:14:57.036+0000] {logging_mixin.py:190} INFO - [2025-10-09T19:14:57.035+0000] {dagbag.py:587} INFO - Filling up the DagBag from /home/airflow/.local/lib/python3.12/site-packages/airflow/example_dags/example_setup_teardown.py
[2025-10-09T19:14:57.063+0000] {processor.py:925} INFO - DAG(s) 'example_setup_teardown' retrieved from /home/airflow/.local/lib/python3.12/site-packages/airflow/example_dags/example_setup_teardown.py
[2025-10-09T19:14:57.129+0000] {logging_mixin.py:190} INFO - [2025-10-09T19:14:57.128+0000] {dag.py:3211} INFO - Sync 1 DAGs
[2025-10-09T19:14:57.199+0000] {logging_mixin.py:190} INFO - [2025-10-09T19:14:57.199+0000] {dag.py:4138} INFO - Setting next_dagrun for example_setup_teardown to 2025-10-08 00:00:00+00:00, run_after=2025-10-09 00:00:00+00:00
[2025-10-09T19:14:57.268+0000] {processor.py:208} INFO - Processing /home/airflow/.local/lib/python3.12/site-packages/airflow/example_dags/example_setup_teardown.py took 0.260 seconds
[2025-10-09T19:15:28.787+0000] {processor.py:186} INFO - Started process (PID=268) to work on /home/airflow/.local/lib/python3.12/site-packages/airflow/example_dags/example_setup_teardown.py
[2025-10-09T19:15:28.840+0000] {processor.py:914} INFO - Processing file /home/airflow/.local/lib/python3.12/site-packages/airflow/example_dags/example_setup_teardown.py for tasks to queue
[2025-10-09T19:15:28.888+0000] {logging_mixin.py:190} INFO - [2025-10-09T19:15:28.873+0000] {dagbag.py:587} INFO - Filling up the DagBag from /home/airflow/.local/lib/python3.12/site-packages/airflow/example_dags/example_setup_teardown.py
[2025-10-09T19:15:29.039+0000] {processor.py:925} INFO - DAG(s) 'example_setup_teardown' retrieved from /home/airflow/.local/lib/python3.12/site-packages/airflow/example_dags/example_setup_teardown.py
[2025-10-09T19:15:29.182+0000] {logging_mixin.py:190} INFO - [2025-10-09T19:15:29.181+0000] {dag.py:3211} INFO - Sync 1 DAGs
[2025-10-09T19:15:29.355+0000] {logging_mixin.py:190} INFO - [2025-10-09T19:15:29.354+0000] {dag.py:4138} INFO - Setting next_dagrun for example_setup_teardown to 2025-10-08 00:00:00+00:00, run_after=2025-10-09 00:00:00+00:00
[2025-10-09T19:15:29.688+0000] {processor.py:208} INFO - Processing /home/airflow/.local/lib/python3.12/site-packages/airflow/example_dags/example_setup_teardown.py took 0.952 seconds
[2025-10-09T19:16:00.235+0000] {processor.py:186} INFO - Started process (PID=330) to work on /home/airflow/.local/lib/python3.12/site-packages/airflow/example_dags/example_setup_teardown.py
[2025-10-09T19:16:00.240+0000] {processor.py:914} INFO - Processing file /home/airflow/.local/lib/python3.12/site-packages/airflow/example_dags/example_setup_teardown.py for tasks to queue
[2025-10-09T19:16:00.258+0000] {logging_mixin.py:190} INFO - [2025-10-09T19:16:00.257+0000] {dagbag.py:587} INFO - Filling up the DagBag from /home/airflow/.local/lib/python3.12/site-packages/airflow/example_dags/example_setup_teardown.py
[2025-10-09T19:16:00.323+0000] {processor.py:925} INFO - DAG(s) 'example_setup_teardown' retrieved from /home/airflow/.local/lib/python3.12/site-packages/airflow/example_dags/example_setup_teardown.py
[2025-10-09T19:16:00.444+0000] {logging_mixin.py:190} INFO - [2025-10-09T19:16:00.443+0000] {dag.py:3211} INFO - Sync 1 DAGs
[2025-10-09T19:16:00.566+0000] {logging_mixin.py:190} INFO - [2025-10-09T19:16:00.565+0000] {dag.py:4138} INFO - Setting next_dagrun for example_setup_teardown to 2025-10-08 00:00:00+00:00, run_after=2025-10-09 00:00:00+00:00
[2025-10-09T19:16:00.618+0000] {processor.py:208} INFO - Processing /home/airflow/.local/lib/python3.12/site-packages/airflow/example_dags/example_setup_teardown.py took 0.417 seconds
[2025-10-09T19:17:31.194+0000] {processor.py:186} INFO - Started process (PID=411) to work on /home/airflow/.local/lib/python3.12/site-packages/airflow/example_dags/example_setup_teardown.py
[2025-10-09T19:17:31.251+0000] {processor.py:914} INFO - Processing file /home/airflow/.local/lib/python3.12/site-packages/airflow/example_dags/example_setup_teardown.py for tasks to queue
[2025-10-09T19:17:31.518+0000] {logging_mixin.py:190} INFO - [2025-10-09T19:17:31.514+0000] {dagbag.py:587} INFO - Filling up the DagBag from /home/airflow/.local/lib/python3.12/site-packages/airflow/example_dags/example_setup_teardown.py
[2025-10-09T19:17:32.095+0000] {processor.py:925} INFO - DAG(s) 'example_setup_teardown' retrieved from /home/airflow/.local/lib/python3.12/site-packages/airflow/example_dags/example_setup_teardown.py
[2025-10-09T19:17:32.990+0000] {logging_mixin.py:190} INFO - [2025-10-09T19:17:32.987+0000] {dag.py:3211} INFO - Sync 1 DAGs
[2025-10-09T19:17:34.380+0000] {logging_mixin.py:190} INFO - [2025-10-09T19:17:34.377+0000] {dag.py:4138} INFO - Setting next_dagrun for example_setup_teardown to 2025-10-08 00:00:00+00:00, run_after=2025-10-09 00:00:00+00:00
[2025-10-09T19:17:35.227+0000] {processor.py:208} INFO - Processing /home/airflow/.local/lib/python3.12/site-packages/airflow/example_dags/example_setup_teardown.py took 4.211 seconds
[2025-10-09T19:20:27.551+0000] {processor.py:186} INFO - Started process (PID=482) to work on /home/airflow/.local/lib/python3.12/site-packages/airflow/example_dags/example_setup_teardown.py
[2025-10-09T19:20:27.584+0000] {processor.py:914} INFO - Processing file /home/airflow/.local/lib/python3.12/site-packages/airflow/example_dags/example_setup_teardown.py for tasks to queue
[2025-10-09T19:20:27.737+0000] {logging_mixin.py:190} INFO - [2025-10-09T19:20:27.698+0000] {dagbag.py:587} INFO - Filling up the DagBag from /home/airflow/.local/lib/python3.12/site-packages/airflow/example_dags/example_setup_teardown.py
[2025-10-09T19:20:27.954+0000] {processor.py:925} INFO - DAG(s) 'example_setup_teardown' retrieved from /home/airflow/.local/lib/python3.12/site-packages/airflow/example_dags/example_setup_teardown.py
[2025-10-09T19:20:30.167+0000] {logging_mixin.py:190} INFO - [2025-10-09T19:20:30.165+0000] {dag.py:3211} INFO - Sync 1 DAGs
[2025-10-09T19:20:32.762+0000] {logging_mixin.py:190} INFO - [2025-10-09T19:20:32.750+0000] {dag.py:4138} INFO - Setting next_dagrun for example_setup_teardown to 2025-10-08 00:00:00+00:00, run_after=2025-10-09 00:00:00+00:00
[2025-10-09T19:20:33.564+0000] {processor.py:208} INFO - Processing /home/airflow/.local/lib/python3.12/site-packages/airflow/example_dags/example_setup_teardown.py took 6.388 seconds
[2025-10-09T19:22:41.139+0000] {processor.py:186} INFO - Started process (PID=550) to work on /home/airflow/.local/lib/python3.12/site-packages/airflow/example_dags/example_setup_teardown.py
[2025-10-09T19:22:41.202+0000] {processor.py:914} INFO - Processing file /home/airflow/.local/lib/python3.12/site-packages/airflow/example_dags/example_setup_teardown.py for tasks to queue
[2025-10-09T19:22:41.291+0000] {logging_mixin.py:190} INFO - [2025-10-09T19:22:41.263+0000] {dagbag.py:587} INFO - Filling up the DagBag from /home/airflow/.local/lib/python3.12/site-packages/airflow/example_dags/example_setup_teardown.py
[2025-10-09T19:22:41.459+0000] {processor.py:925} INFO - DAG(s) 'example_setup_teardown' retrieved from /home/airflow/.local/lib/python3.12/site-packages/airflow/example_dags/example_setup_teardown.py
[2025-10-09T19:22:41.941+0000] {logging_mixin.py:190} INFO - [2025-10-09T19:22:41.928+0000] {dag.py:3211} INFO - Sync 1 DAGs
[2025-10-09T19:22:42.580+0000] {logging_mixin.py:190} INFO - [2025-10-09T19:22:42.577+0000] {dag.py:4138} INFO - Setting next_dagrun for example_setup_teardown to 2025-10-08 00:00:00+00:00, run_after=2025-10-09 00:00:00+00:00
[2025-10-09T19:22:42.907+0000] {processor.py:208} INFO - Processing /home/airflow/.local/lib/python3.12/site-packages/airflow/example_dags/example_setup_teardown.py took 1.940 seconds
[2025-10-09T19:23:57.419+0000] {processor.py:186} INFO - Started process (PID=602) to work on /home/airflow/.local/lib/python3.12/site-packages/airflow/example_dags/example_setup_teardown.py
[2025-10-09T19:23:57.426+0000] {processor.py:914} INFO - Processing file /home/airflow/.local/lib/python3.12/site-packages/airflow/example_dags/example_setup_teardown.py for tasks to queue
[2025-10-09T19:23:57.447+0000] {logging_mixin.py:190} INFO - [2025-10-09T19:23:57.446+0000] {dagbag.py:587} INFO - Filling up the DagBag from /home/airflow/.local/lib/python3.12/site-packages/airflow/example_dags/example_setup_teardown.py
[2025-10-09T19:23:57.518+0000] {processor.py:925} INFO - DAG(s) 'example_setup_teardown' retrieved from /home/airflow/.local/lib/python3.12/site-packages/airflow/example_dags/example_setup_teardown.py
[2025-10-09T19:23:57.651+0000] {logging_mixin.py:190} INFO - [2025-10-09T19:23:57.650+0000] {dag.py:3211} INFO - Sync 1 DAGs
[2025-10-09T19:23:57.774+0000] {logging_mixin.py:190} INFO - [2025-10-09T19:23:57.772+0000] {dag.py:4138} INFO - Setting next_dagrun for example_setup_teardown to 2025-10-08 00:00:00+00:00, run_after=2025-10-09 00:00:00+00:00
[2025-10-09T19:23:57.853+0000] {processor.py:208} INFO - Processing /home/airflow/.local/lib/python3.12/site-packages/airflow/example_dags/example_setup_teardown.py took 0.481 seconds
[2025-10-09T19:24:28.601+0000] {processor.py:186} INFO - Started process (PID=664) to work on /home/airflow/.local/lib/python3.12/site-packages/airflow/example_dags/example_setup_teardown.py
[2025-10-09T19:24:28.609+0000] {processor.py:914} INFO - Processing file /home/airflow/.local/lib/python3.12/site-packages/airflow/example_dags/example_setup_teardown.py for tasks to queue
[2025-10-09T19:24:28.625+0000] {logging_mixin.py:190} INFO - [2025-10-09T19:24:28.622+0000] {dagbag.py:587} INFO - Filling up the DagBag from /home/airflow/.local/lib/python3.12/site-packages/airflow/example_dags/example_setup_teardown.py
[2025-10-09T19:24:28.706+0000] {processor.py:925} INFO - DAG(s) 'example_setup_teardown' retrieved from /home/airflow/.local/lib/python3.12/site-packages/airflow/example_dags/example_setup_teardown.py
[2025-10-09T19:24:28.798+0000] {logging_mixin.py:190} INFO - [2025-10-09T19:24:28.797+0000] {dag.py:3211} INFO - Sync 1 DAGs
[2025-10-09T19:24:28.869+0000] {logging_mixin.py:190} INFO - [2025-10-09T19:24:28.869+0000] {dag.py:4138} INFO - Setting next_dagrun for example_setup_teardown to 2025-10-08 00:00:00+00:00, run_after=2025-10-09 00:00:00+00:00
[2025-10-09T19:24:28.935+0000] {processor.py:208} INFO - Processing /home/airflow/.local/lib/python3.12/site-packages/airflow/example_dags/example_setup_teardown.py took 0.363 seconds
[2025-10-09T19:24:59.691+0000] {processor.py:186} INFO - Started process (PID=726) to work on /home/airflow/.local/lib/python3.12/site-packages/airflow/example_dags/example_setup_teardown.py
[2025-10-09T19:24:59.701+0000] {processor.py:914} INFO - Processing file /home/airflow/.local/lib/python3.12/site-packages/airflow/example_dags/example_setup_teardown.py for tasks to queue
[2025-10-09T19:24:59.724+0000] {logging_mixin.py:190} INFO - [2025-10-09T19:24:59.721+0000] {dagbag.py:587} INFO - Filling up the DagBag from /home/airflow/.local/lib/python3.12/site-packages/airflow/example_dags/example_setup_teardown.py
[2025-10-09T19:24:59.803+0000] {processor.py:925} INFO - DAG(s) 'example_setup_teardown' retrieved from /home/airflow/.local/lib/python3.12/site-packages/airflow/example_dags/example_setup_teardown.py
[2025-10-09T19:24:59.923+0000] {logging_mixin.py:190} INFO - [2025-10-09T19:24:59.922+0000] {dag.py:3211} INFO - Sync 1 DAGs
[2025-10-09T19:25:00.051+0000] {logging_mixin.py:190} INFO - [2025-10-09T19:25:00.050+0000] {dag.py:4138} INFO - Setting next_dagrun for example_setup_teardown to 2025-10-08 00:00:00+00:00, run_after=2025-10-09 00:00:00+00:00
[2025-10-09T19:25:00.160+0000] {processor.py:208} INFO - Processing /home/airflow/.local/lib/python3.12/site-packages/airflow/example_dags/example_setup_teardown.py took 0.508 seconds
[2025-10-09T19:25:30.435+0000] {processor.py:186} INFO - Started process (PID=789) to work on /home/airflow/.local/lib/python3.12/site-packages/airflow/example_dags/example_setup_teardown.py
[2025-10-09T19:25:30.440+0000] {processor.py:914} INFO - Processing file /home/airflow/.local/lib/python3.12/site-packages/airflow/example_dags/example_setup_teardown.py for tasks to queue
[2025-10-09T19:25:30.458+0000] {logging_mixin.py:190} INFO - [2025-10-09T19:25:30.457+0000] {dagbag.py:587} INFO - Filling up the DagBag from /home/airflow/.local/lib/python3.12/site-packages/airflow/example_dags/example_setup_teardown.py
[2025-10-09T19:25:30.506+0000] {processor.py:925} INFO - DAG(s) 'example_setup_teardown' retrieved from /home/airflow/.local/lib/python3.12/site-packages/airflow/example_dags/example_setup_teardown.py
[2025-10-09T19:25:30.609+0000] {logging_mixin.py:190} INFO - [2025-10-09T19:25:30.608+0000] {dag.py:3211} INFO - Sync 1 DAGs
[2025-10-09T19:25:30.693+0000] {logging_mixin.py:190} INFO - [2025-10-09T19:25:30.692+0000] {dag.py:4138} INFO - Setting next_dagrun for example_setup_teardown to 2025-10-08 00:00:00+00:00, run_after=2025-10-09 00:00:00+00:00
[2025-10-09T19:25:30.791+0000] {processor.py:208} INFO - Processing /home/airflow/.local/lib/python3.12/site-packages/airflow/example_dags/example_setup_teardown.py took 0.390 seconds
[2025-10-09T19:26:01.020+0000] {processor.py:186} INFO - Started process (PID=852) to work on /home/airflow/.local/lib/python3.12/site-packages/airflow/example_dags/example_setup_teardown.py
[2025-10-09T19:26:01.024+0000] {processor.py:914} INFO - Processing file /home/airflow/.local/lib/python3.12/site-packages/airflow/example_dags/example_setup_teardown.py for tasks to queue
[2025-10-09T19:26:01.033+0000] {logging_mixin.py:190} INFO - [2025-10-09T19:26:01.032+0000] {dagbag.py:587} INFO - Filling up the DagBag from /home/airflow/.local/lib/python3.12/site-packages/airflow/example_dags/example_setup_teardown.py
[2025-10-09T19:26:01.066+0000] {processor.py:925} INFO - DAG(s) 'example_setup_teardown' retrieved from /home/airflow/.local/lib/python3.12/site-packages/airflow/example_dags/example_setup_teardown.py
[2025-10-09T19:26:01.132+0000] {logging_mixin.py:190} INFO - [2025-10-09T19:26:01.132+0000] {dag.py:3211} INFO - Sync 1 DAGs
[2025-10-09T19:26:01.192+0000] {logging_mixin.py:190} INFO - [2025-10-09T19:26:01.192+0000] {dag.py:4138} INFO - Setting next_dagrun for example_setup_teardown to 2025-10-08 00:00:00+00:00, run_after=2025-10-09 00:00:00+00:00
[2025-10-09T19:26:01.243+0000] {processor.py:208} INFO - Processing /home/airflow/.local/lib/python3.12/site-packages/airflow/example_dags/example_setup_teardown.py took 0.247 seconds
[2025-10-09T19:26:31.785+0000] {processor.py:186} INFO - Started process (PID=914) to work on /home/airflow/.local/lib/python3.12/site-packages/airflow/example_dags/example_setup_teardown.py
[2025-10-09T19:26:31.790+0000] {processor.py:914} INFO - Processing file /home/airflow/.local/lib/python3.12/site-packages/airflow/example_dags/example_setup_teardown.py for tasks to queue
[2025-10-09T19:26:31.805+0000] {logging_mixin.py:190} INFO - [2025-10-09T19:26:31.803+0000] {dagbag.py:587} INFO - Filling up the DagBag from /home/airflow/.local/lib/python3.12/site-packages/airflow/example_dags/example_setup_teardown.py
[2025-10-09T19:26:31.852+0000] {processor.py:925} INFO - DAG(s) 'example_setup_teardown' retrieved from /home/airflow/.local/lib/python3.12/site-packages/airflow/example_dags/example_setup_teardown.py
[2025-10-09T19:26:31.961+0000] {logging_mixin.py:190} INFO - [2025-10-09T19:26:31.960+0000] {dag.py:3211} INFO - Sync 1 DAGs
[2025-10-09T19:26:32.144+0000] {logging_mixin.py:190} INFO - [2025-10-09T19:26:32.142+0000] {dag.py:4138} INFO - Setting next_dagrun for example_setup_teardown to 2025-10-08 00:00:00+00:00, run_after=2025-10-09 00:00:00+00:00
[2025-10-09T19:26:32.243+0000] {processor.py:208} INFO - Processing /home/airflow/.local/lib/python3.12/site-packages/airflow/example_dags/example_setup_teardown.py took 0.489 seconds
[2025-10-09T19:27:02.426+0000] {processor.py:186} INFO - Started process (PID=977) to work on /home/airflow/.local/lib/python3.12/site-packages/airflow/example_dags/example_setup_teardown.py
[2025-10-09T19:27:02.430+0000] {processor.py:914} INFO - Processing file /home/airflow/.local/lib/python3.12/site-packages/airflow/example_dags/example_setup_teardown.py for tasks to queue
[2025-10-09T19:27:02.440+0000] {logging_mixin.py:190} INFO - [2025-10-09T19:27:02.438+0000] {dagbag.py:587} INFO - Filling up the DagBag from /home/airflow/.local/lib/python3.12/site-packages/airflow/example_dags/example_setup_teardown.py
[2025-10-09T19:27:02.478+0000] {processor.py:925} INFO - DAG(s) 'example_setup_teardown' retrieved from /home/airflow/.local/lib/python3.12/site-packages/airflow/example_dags/example_setup_teardown.py
[2025-10-09T19:27:02.558+0000] {logging_mixin.py:190} INFO - [2025-10-09T19:27:02.557+0000] {dag.py:3211} INFO - Sync 1 DAGs
[2025-10-09T19:27:03.309+0000] {logging_mixin.py:190} INFO - [2025-10-09T19:27:03.308+0000] {dag.py:4138} INFO - Setting next_dagrun for example_setup_teardown to 2025-10-08 00:00:00+00:00, run_after=2025-10-09 00:00:00+00:00
[2025-10-09T19:27:03.366+0000] {processor.py:208} INFO - Processing /home/airflow/.local/lib/python3.12/site-packages/airflow/example_dags/example_setup_teardown.py took 0.308 seconds
[2025-10-09T19:27:35.551+0000] {processor.py:186} INFO - Started process (PID=1039) to work on /home/airflow/.local/lib/python3.12/site-packages/airflow/example_dags/example_setup_teardown.py
[2025-10-09T19:27:35.557+0000] {processor.py:914} INFO - Processing file /home/airflow/.local/lib/python3.12/site-packages/airflow/example_dags/example_setup_teardown.py for tasks to queue
[2025-10-09T19:27:35.580+0000] {logging_mixin.py:190} INFO - [2025-10-09T19:27:35.576+0000] {dagbag.py:587} INFO - Filling up the DagBag from /home/airflow/.local/lib/python3.12/site-packages/airflow/example_dags/example_setup_teardown.py
[2025-10-09T19:27:35.655+0000] {processor.py:925} INFO - DAG(s) 'example_setup_teardown' retrieved from /home/airflow/.local/lib/python3.12/site-packages/airflow/example_dags/example_setup_teardown.py
[2025-10-09T19:27:35.876+0000] {logging_mixin.py:190} INFO - [2025-10-09T19:27:35.875+0000] {dag.py:3211} INFO - Sync 1 DAGs
[2025-10-09T19:27:36.088+0000] {logging_mixin.py:190} INFO - [2025-10-09T19:27:36.087+0000] {dag.py:4138} INFO - Setting next_dagrun for example_setup_teardown to 2025-10-08 00:00:00+00:00, run_after=2025-10-09 00:00:00+00:00
[2025-10-09T19:27:36.208+0000] {processor.py:208} INFO - Processing /home/airflow/.local/lib/python3.12/site-packages/airflow/example_dags/example_setup_teardown.py took 0.709 seconds
[2025-10-09T19:28:20.925+0000] {processor.py:186} INFO - Started process (PID=1106) to work on /home/airflow/.local/lib/python3.12/site-packages/airflow/example_dags/example_setup_teardown.py
[2025-10-09T19:28:20.959+0000] {processor.py:914} INFO - Processing file /home/airflow/.local/lib/python3.12/site-packages/airflow/example_dags/example_setup_teardown.py for tasks to queue
[2025-10-09T19:28:21.051+0000] {logging_mixin.py:190} INFO - [2025-10-09T19:28:21.048+0000] {dagbag.py:587} INFO - Filling up the DagBag from /home/airflow/.local/lib/python3.12/site-packages/airflow/example_dags/example_setup_teardown.py
[2025-10-09T19:28:21.299+0000] {processor.py:925} INFO - DAG(s) 'example_setup_teardown' retrieved from /home/airflow/.local/lib/python3.12/site-packages/airflow/example_dags/example_setup_teardown.py
[2025-10-09T19:28:21.646+0000] {logging_mixin.py:190} INFO - [2025-10-09T19:28:21.642+0000] {dag.py:3211} INFO - Sync 1 DAGs
[2025-10-09T19:28:22.097+0000] {logging_mixin.py:190} INFO - [2025-10-09T19:28:22.094+0000] {dag.py:4138} INFO - Setting next_dagrun for example_setup_teardown to 2025-10-08 00:00:00+00:00, run_after=2025-10-09 00:00:00+00:00
[2025-10-09T19:28:22.353+0000] {processor.py:208} INFO - Processing /home/airflow/.local/lib/python3.12/site-packages/airflow/example_dags/example_setup_teardown.py took 1.634 seconds
[2025-10-09T19:29:27.483+0000] {processor.py:186} INFO - Started process (PID=1177) to work on /home/airflow/.local/lib/python3.12/site-packages/airflow/example_dags/example_setup_teardown.py
[2025-10-09T19:29:27.490+0000] {processor.py:914} INFO - Processing file /home/airflow/.local/lib/python3.12/site-packages/airflow/example_dags/example_setup_teardown.py for tasks to queue
[2025-10-09T19:29:27.509+0000] {logging_mixin.py:190} INFO - [2025-10-09T19:29:27.506+0000] {dagbag.py:587} INFO - Filling up the DagBag from /home/airflow/.local/lib/python3.12/site-packages/airflow/example_dags/example_setup_teardown.py
[2025-10-09T19:29:27.575+0000] {processor.py:925} INFO - DAG(s) 'example_setup_teardown' retrieved from /home/airflow/.local/lib/python3.12/site-packages/airflow/example_dags/example_setup_teardown.py
[2025-10-09T19:29:27.797+0000] {logging_mixin.py:190} INFO - [2025-10-09T19:29:27.795+0000] {dag.py:3211} INFO - Sync 1 DAGs
[2025-10-09T19:29:28.025+0000] {logging_mixin.py:190} INFO - [2025-10-09T19:29:28.023+0000] {dag.py:4138} INFO - Setting next_dagrun for example_setup_teardown to 2025-10-08 00:00:00+00:00, run_after=2025-10-09 00:00:00+00:00
[2025-10-09T19:29:28.186+0000] {processor.py:208} INFO - Processing /home/airflow/.local/lib/python3.12/site-packages/airflow/example_dags/example_setup_teardown.py took 0.760 seconds
