[2025-10-09T19:02:17.161+0000] {processor.py:186} INFO - Started process (PID=136) to work on /home/airflow/.local/lib/python3.12/site-packages/airflow/example_dags/example_kubernetes_executor.py
[2025-10-09T19:02:17.243+0000] {processor.py:914} INFO - Processing file /home/airflow/.local/lib/python3.12/site-packages/airflow/example_dags/example_kubernetes_executor.py for tasks to queue
[2025-10-09T19:02:17.428+0000] {logging_mixin.py:190} INFO - [2025-10-09T19:02:17.425+0000] {dagbag.py:587} INFO - Filling up the DagBag from /home/airflow/.local/lib/python3.12/site-packages/airflow/example_dags/example_kubernetes_executor.py
[2025-10-09T19:02:17.995+0000] {processor.py:925} INFO - DAG(s) 'example_kubernetes_executor' retrieved from /home/airflow/.local/lib/python3.12/site-packages/airflow/example_dags/example_kubernetes_executor.py
[2025-10-09T19:02:24.962+0000] {logging_mixin.py:190} INFO - [2025-10-09T19:02:24.823+0000] {override.py:1858} INFO - Created Permission View: can edit on DAG:example_kubernetes_executor
[2025-10-09T19:02:25.637+0000] {logging_mixin.py:190} INFO - [2025-10-09T19:02:25.633+0000] {override.py:1858} INFO - Created Permission View: can delete on DAG:example_kubernetes_executor
[2025-10-09T19:02:25.747+0000] {logging_mixin.py:190} INFO - [2025-10-09T19:02:25.743+0000] {override.py:1858} INFO - Created Permission View: can read on DAG:example_kubernetes_executor
[2025-10-09T19:02:25.769+0000] {logging_mixin.py:190} INFO - [2025-10-09T19:02:25.768+0000] {dag.py:3211} INFO - Sync 1 DAGs
[2025-10-09T19:02:26.591+0000] {logging_mixin.py:190} INFO - [2025-10-09T19:02:26.590+0000] {dag.py:3234} INFO - Creating ORM DAG for example_kubernetes_executor
[2025-10-09T19:02:26.633+0000] {logging_mixin.py:190} INFO - [2025-10-09T19:02:26.632+0000] {dag.py:4138} INFO - Setting next_dagrun for example_kubernetes_executor to None, run_after=None
[2025-10-09T19:02:26.970+0000] {processor.py:208} INFO - Processing /home/airflow/.local/lib/python3.12/site-packages/airflow/example_dags/example_kubernetes_executor.py took 10.168 seconds
[2025-10-09T19:04:03.305+0000] {processor.py:186} INFO - Started process (PID=212) to work on /home/airflow/.local/lib/python3.12/site-packages/airflow/example_dags/example_kubernetes_executor.py
[2025-10-09T19:04:03.330+0000] {processor.py:914} INFO - Processing file /home/airflow/.local/lib/python3.12/site-packages/airflow/example_dags/example_kubernetes_executor.py for tasks to queue
[2025-10-09T19:04:03.355+0000] {logging_mixin.py:190} INFO - [2025-10-09T19:04:03.350+0000] {dagbag.py:587} INFO - Filling up the DagBag from /home/airflow/.local/lib/python3.12/site-packages/airflow/example_dags/example_kubernetes_executor.py
[2025-10-09T19:04:03.552+0000] {processor.py:925} INFO - DAG(s) 'example_kubernetes_executor' retrieved from /home/airflow/.local/lib/python3.12/site-packages/airflow/example_dags/example_kubernetes_executor.py
[2025-10-09T19:04:04.058+0000] {logging_mixin.py:190} INFO - [2025-10-09T19:04:04.057+0000] {dag.py:3211} INFO - Sync 1 DAGs
[2025-10-09T19:04:04.244+0000] {logging_mixin.py:190} INFO - [2025-10-09T19:04:04.234+0000] {dag.py:4138} INFO - Setting next_dagrun for example_kubernetes_executor to None, run_after=None
[2025-10-09T19:04:04.472+0000] {processor.py:208} INFO - Processing /home/airflow/.local/lib/python3.12/site-packages/airflow/example_dags/example_kubernetes_executor.py took 1.254 seconds
[2025-10-09T19:04:39.299+0000] {processor.py:186} INFO - Started process (PID=272) to work on /home/airflow/.local/lib/python3.12/site-packages/airflow/example_dags/example_kubernetes_executor.py
[2025-10-09T19:04:39.313+0000] {processor.py:914} INFO - Processing file /home/airflow/.local/lib/python3.12/site-packages/airflow/example_dags/example_kubernetes_executor.py for tasks to queue
[2025-10-09T19:04:39.334+0000] {logging_mixin.py:190} INFO - [2025-10-09T19:04:39.332+0000] {dagbag.py:587} INFO - Filling up the DagBag from /home/airflow/.local/lib/python3.12/site-packages/airflow/example_dags/example_kubernetes_executor.py
[2025-10-09T19:04:39.471+0000] {processor.py:925} INFO - DAG(s) 'example_kubernetes_executor' retrieved from /home/airflow/.local/lib/python3.12/site-packages/airflow/example_dags/example_kubernetes_executor.py
[2025-10-09T19:04:39.816+0000] {logging_mixin.py:190} INFO - [2025-10-09T19:04:39.815+0000] {dag.py:3211} INFO - Sync 1 DAGs
[2025-10-09T19:04:40.026+0000] {logging_mixin.py:190} INFO - [2025-10-09T19:04:40.025+0000] {dag.py:4138} INFO - Setting next_dagrun for example_kubernetes_executor to None, run_after=None
[2025-10-09T19:04:40.243+0000] {processor.py:208} INFO - Processing /home/airflow/.local/lib/python3.12/site-packages/airflow/example_dags/example_kubernetes_executor.py took 1.004 seconds
[2025-10-09T19:05:20.046+0000] {processor.py:186} INFO - Started process (PID=330) to work on /home/airflow/.local/lib/python3.12/site-packages/airflow/example_dags/example_kubernetes_executor.py
[2025-10-09T19:05:20.062+0000] {processor.py:914} INFO - Processing file /home/airflow/.local/lib/python3.12/site-packages/airflow/example_dags/example_kubernetes_executor.py for tasks to queue
[2025-10-09T19:05:20.123+0000] {logging_mixin.py:190} INFO - [2025-10-09T19:05:20.121+0000] {dagbag.py:587} INFO - Filling up the DagBag from /home/airflow/.local/lib/python3.12/site-packages/airflow/example_dags/example_kubernetes_executor.py
[2025-10-09T19:05:20.518+0000] {processor.py:925} INFO - DAG(s) 'example_kubernetes_executor' retrieved from /home/airflow/.local/lib/python3.12/site-packages/airflow/example_dags/example_kubernetes_executor.py
[2025-10-09T19:05:21.129+0000] {logging_mixin.py:190} INFO - [2025-10-09T19:05:21.128+0000] {dag.py:3211} INFO - Sync 1 DAGs
[2025-10-09T19:05:21.633+0000] {logging_mixin.py:190} INFO - [2025-10-09T19:05:21.631+0000] {dag.py:4138} INFO - Setting next_dagrun for example_kubernetes_executor to None, run_after=None
[2025-10-09T19:05:22.292+0000] {processor.py:208} INFO - Processing /home/airflow/.local/lib/python3.12/site-packages/airflow/example_dags/example_kubernetes_executor.py took 2.405 seconds
[2025-10-09T19:06:07.617+0000] {processor.py:186} INFO - Started process (PID=394) to work on /home/airflow/.local/lib/python3.12/site-packages/airflow/example_dags/example_kubernetes_executor.py
[2025-10-09T19:06:07.622+0000] {processor.py:914} INFO - Processing file /home/airflow/.local/lib/python3.12/site-packages/airflow/example_dags/example_kubernetes_executor.py for tasks to queue
[2025-10-09T19:06:07.640+0000] {logging_mixin.py:190} INFO - [2025-10-09T19:06:07.638+0000] {dagbag.py:587} INFO - Filling up the DagBag from /home/airflow/.local/lib/python3.12/site-packages/airflow/example_dags/example_kubernetes_executor.py
[2025-10-09T19:06:07.839+0000] {processor.py:925} INFO - DAG(s) 'example_kubernetes_executor' retrieved from /home/airflow/.local/lib/python3.12/site-packages/airflow/example_dags/example_kubernetes_executor.py
[2025-10-09T19:06:08.218+0000] {logging_mixin.py:190} INFO - [2025-10-09T19:06:08.216+0000] {dag.py:3211} INFO - Sync 1 DAGs
[2025-10-09T19:06:08.315+0000] {logging_mixin.py:190} INFO - [2025-10-09T19:06:08.314+0000] {dag.py:4138} INFO - Setting next_dagrun for example_kubernetes_executor to None, run_after=None
[2025-10-09T19:06:08.478+0000] {processor.py:208} INFO - Processing /home/airflow/.local/lib/python3.12/site-packages/airflow/example_dags/example_kubernetes_executor.py took 0.912 seconds
[2025-10-09T19:06:41.219+0000] {processor.py:186} INFO - Started process (PID=452) to work on /home/airflow/.local/lib/python3.12/site-packages/airflow/example_dags/example_kubernetes_executor.py
[2025-10-09T19:06:41.225+0000] {processor.py:914} INFO - Processing file /home/airflow/.local/lib/python3.12/site-packages/airflow/example_dags/example_kubernetes_executor.py for tasks to queue
[2025-10-09T19:06:41.241+0000] {logging_mixin.py:190} INFO - [2025-10-09T19:06:41.239+0000] {dagbag.py:587} INFO - Filling up the DagBag from /home/airflow/.local/lib/python3.12/site-packages/airflow/example_dags/example_kubernetes_executor.py
[2025-10-09T19:06:41.371+0000] {processor.py:925} INFO - DAG(s) 'example_kubernetes_executor' retrieved from /home/airflow/.local/lib/python3.12/site-packages/airflow/example_dags/example_kubernetes_executor.py
[2025-10-09T19:06:41.598+0000] {logging_mixin.py:190} INFO - [2025-10-09T19:06:41.597+0000] {dag.py:3211} INFO - Sync 1 DAGs
[2025-10-09T19:06:41.728+0000] {logging_mixin.py:190} INFO - [2025-10-09T19:06:41.726+0000] {dag.py:4138} INFO - Setting next_dagrun for example_kubernetes_executor to None, run_after=None
[2025-10-09T19:06:41.889+0000] {processor.py:208} INFO - Processing /home/airflow/.local/lib/python3.12/site-packages/airflow/example_dags/example_kubernetes_executor.py took 0.758 seconds
[2025-10-09T19:07:15.269+0000] {processor.py:186} INFO - Started process (PID=521) to work on /home/airflow/.local/lib/python3.12/site-packages/airflow/example_dags/example_kubernetes_executor.py
[2025-10-09T19:07:15.279+0000] {processor.py:914} INFO - Processing file /home/airflow/.local/lib/python3.12/site-packages/airflow/example_dags/example_kubernetes_executor.py for tasks to queue
[2025-10-09T19:07:15.335+0000] {logging_mixin.py:190} INFO - [2025-10-09T19:07:15.323+0000] {dagbag.py:587} INFO - Filling up the DagBag from /home/airflow/.local/lib/python3.12/site-packages/airflow/example_dags/example_kubernetes_executor.py
[2025-10-09T19:07:15.664+0000] {processor.py:925} INFO - DAG(s) 'example_kubernetes_executor' retrieved from /home/airflow/.local/lib/python3.12/site-packages/airflow/example_dags/example_kubernetes_executor.py
[2025-10-09T19:07:16.601+0000] {logging_mixin.py:190} INFO - [2025-10-09T19:07:16.600+0000] {dag.py:3211} INFO - Sync 1 DAGs
[2025-10-09T19:07:16.871+0000] {logging_mixin.py:190} INFO - [2025-10-09T19:07:16.869+0000] {dag.py:4138} INFO - Setting next_dagrun for example_kubernetes_executor to None, run_after=None
[2025-10-09T19:07:17.071+0000] {processor.py:208} INFO - Processing /home/airflow/.local/lib/python3.12/site-packages/airflow/example_dags/example_kubernetes_executor.py took 1.877 seconds
[2025-10-09T19:13:56.044+0000] {processor.py:186} INFO - Started process (PID=80) to work on /home/airflow/.local/lib/python3.12/site-packages/airflow/example_dags/example_kubernetes_executor.py
[2025-10-09T19:13:56.047+0000] {processor.py:914} INFO - Processing file /home/airflow/.local/lib/python3.12/site-packages/airflow/example_dags/example_kubernetes_executor.py for tasks to queue
[2025-10-09T19:13:56.053+0000] {logging_mixin.py:190} INFO - [2025-10-09T19:13:56.053+0000] {dagbag.py:587} INFO - Filling up the DagBag from /home/airflow/.local/lib/python3.12/site-packages/airflow/example_dags/example_kubernetes_executor.py
[2025-10-09T19:13:56.113+0000] {processor.py:925} INFO - DAG(s) 'example_kubernetes_executor' retrieved from /home/airflow/.local/lib/python3.12/site-packages/airflow/example_dags/example_kubernetes_executor.py
[2025-10-09T19:13:56.271+0000] {logging_mixin.py:190} INFO - [2025-10-09T19:13:56.270+0000] {dag.py:3211} INFO - Sync 1 DAGs
[2025-10-09T19:13:56.308+0000] {logging_mixin.py:190} INFO - [2025-10-09T19:13:56.308+0000] {dag.py:4138} INFO - Setting next_dagrun for example_kubernetes_executor to None, run_after=None
[2025-10-09T19:13:56.357+0000] {processor.py:208} INFO - Processing /home/airflow/.local/lib/python3.12/site-packages/airflow/example_dags/example_kubernetes_executor.py took 0.335 seconds
[2025-10-09T19:14:26.769+0000] {processor.py:186} INFO - Started process (PID=143) to work on /home/airflow/.local/lib/python3.12/site-packages/airflow/example_dags/example_kubernetes_executor.py
[2025-10-09T19:14:26.772+0000] {processor.py:914} INFO - Processing file /home/airflow/.local/lib/python3.12/site-packages/airflow/example_dags/example_kubernetes_executor.py for tasks to queue
[2025-10-09T19:14:26.778+0000] {logging_mixin.py:190} INFO - [2025-10-09T19:14:26.777+0000] {dagbag.py:587} INFO - Filling up the DagBag from /home/airflow/.local/lib/python3.12/site-packages/airflow/example_dags/example_kubernetes_executor.py
[2025-10-09T19:14:26.810+0000] {processor.py:925} INFO - DAG(s) 'example_kubernetes_executor' retrieved from /home/airflow/.local/lib/python3.12/site-packages/airflow/example_dags/example_kubernetes_executor.py
[2025-10-09T19:14:26.912+0000] {logging_mixin.py:190} INFO - [2025-10-09T19:14:26.912+0000] {dag.py:3211} INFO - Sync 1 DAGs
[2025-10-09T19:14:26.955+0000] {logging_mixin.py:190} INFO - [2025-10-09T19:14:26.954+0000] {dag.py:4138} INFO - Setting next_dagrun for example_kubernetes_executor to None, run_after=None
[2025-10-09T19:14:27.003+0000] {processor.py:208} INFO - Processing /home/airflow/.local/lib/python3.12/site-packages/airflow/example_dags/example_kubernetes_executor.py took 0.249 seconds
[2025-10-09T19:14:57.413+0000] {processor.py:186} INFO - Started process (PID=207) to work on /home/airflow/.local/lib/python3.12/site-packages/airflow/example_dags/example_kubernetes_executor.py
[2025-10-09T19:14:57.417+0000] {processor.py:914} INFO - Processing file /home/airflow/.local/lib/python3.12/site-packages/airflow/example_dags/example_kubernetes_executor.py for tasks to queue
[2025-10-09T19:14:57.426+0000] {logging_mixin.py:190} INFO - [2025-10-09T19:14:57.426+0000] {dagbag.py:587} INFO - Filling up the DagBag from /home/airflow/.local/lib/python3.12/site-packages/airflow/example_dags/example_kubernetes_executor.py
[2025-10-09T19:14:57.498+0000] {processor.py:925} INFO - DAG(s) 'example_kubernetes_executor' retrieved from /home/airflow/.local/lib/python3.12/site-packages/airflow/example_dags/example_kubernetes_executor.py
[2025-10-09T19:14:57.691+0000] {logging_mixin.py:190} INFO - [2025-10-09T19:14:57.690+0000] {dag.py:3211} INFO - Sync 1 DAGs
[2025-10-09T19:14:57.731+0000] {logging_mixin.py:190} INFO - [2025-10-09T19:14:57.730+0000] {dag.py:4138} INFO - Setting next_dagrun for example_kubernetes_executor to None, run_after=None
[2025-10-09T19:14:57.776+0000] {processor.py:208} INFO - Processing /home/airflow/.local/lib/python3.12/site-packages/airflow/example_dags/example_kubernetes_executor.py took 0.386 seconds
[2025-10-09T19:15:30.731+0000] {processor.py:186} INFO - Started process (PID=270) to work on /home/airflow/.local/lib/python3.12/site-packages/airflow/example_dags/example_kubernetes_executor.py
[2025-10-09T19:15:30.734+0000] {processor.py:914} INFO - Processing file /home/airflow/.local/lib/python3.12/site-packages/airflow/example_dags/example_kubernetes_executor.py for tasks to queue
[2025-10-09T19:15:30.741+0000] {logging_mixin.py:190} INFO - [2025-10-09T19:15:30.740+0000] {dagbag.py:587} INFO - Filling up the DagBag from /home/airflow/.local/lib/python3.12/site-packages/airflow/example_dags/example_kubernetes_executor.py
[2025-10-09T19:15:30.805+0000] {processor.py:925} INFO - DAG(s) 'example_kubernetes_executor' retrieved from /home/airflow/.local/lib/python3.12/site-packages/airflow/example_dags/example_kubernetes_executor.py
[2025-10-09T19:15:30.936+0000] {logging_mixin.py:190} INFO - [2025-10-09T19:15:30.935+0000] {dag.py:3211} INFO - Sync 1 DAGs
[2025-10-09T19:15:31.023+0000] {logging_mixin.py:190} INFO - [2025-10-09T19:15:31.022+0000] {dag.py:4138} INFO - Setting next_dagrun for example_kubernetes_executor to None, run_after=None
[2025-10-09T19:15:31.120+0000] {processor.py:208} INFO - Processing /home/airflow/.local/lib/python3.12/site-packages/airflow/example_dags/example_kubernetes_executor.py took 0.412 seconds
[2025-10-09T19:16:01.650+0000] {processor.py:186} INFO - Started process (PID=333) to work on /home/airflow/.local/lib/python3.12/site-packages/airflow/example_dags/example_kubernetes_executor.py
[2025-10-09T19:16:01.653+0000] {processor.py:914} INFO - Processing file /home/airflow/.local/lib/python3.12/site-packages/airflow/example_dags/example_kubernetes_executor.py for tasks to queue
[2025-10-09T19:16:01.659+0000] {logging_mixin.py:190} INFO - [2025-10-09T19:16:01.658+0000] {dagbag.py:587} INFO - Filling up the DagBag from /home/airflow/.local/lib/python3.12/site-packages/airflow/example_dags/example_kubernetes_executor.py
[2025-10-09T19:16:01.750+0000] {processor.py:925} INFO - DAG(s) 'example_kubernetes_executor' retrieved from /home/airflow/.local/lib/python3.12/site-packages/airflow/example_dags/example_kubernetes_executor.py
[2025-10-09T19:16:02.088+0000] {logging_mixin.py:190} INFO - [2025-10-09T19:16:02.087+0000] {dag.py:3211} INFO - Sync 1 DAGs
[2025-10-09T19:16:02.153+0000] {logging_mixin.py:190} INFO - [2025-10-09T19:16:02.152+0000] {dag.py:4138} INFO - Setting next_dagrun for example_kubernetes_executor to None, run_after=None
[2025-10-09T19:16:02.225+0000] {processor.py:208} INFO - Processing /home/airflow/.local/lib/python3.12/site-packages/airflow/example_dags/example_kubernetes_executor.py took 0.589 seconds
[2025-10-09T19:17:36.062+0000] {processor.py:186} INFO - Started process (PID=412) to work on /home/airflow/.local/lib/python3.12/site-packages/airflow/example_dags/example_kubernetes_executor.py
[2025-10-09T19:17:36.080+0000] {processor.py:914} INFO - Processing file /home/airflow/.local/lib/python3.12/site-packages/airflow/example_dags/example_kubernetes_executor.py for tasks to queue
[2025-10-09T19:17:36.271+0000] {logging_mixin.py:190} INFO - [2025-10-09T19:17:36.222+0000] {dagbag.py:587} INFO - Filling up the DagBag from /home/airflow/.local/lib/python3.12/site-packages/airflow/example_dags/example_kubernetes_executor.py
[2025-10-09T19:17:37.859+0000] {processor.py:925} INFO - DAG(s) 'example_kubernetes_executor' retrieved from /home/airflow/.local/lib/python3.12/site-packages/airflow/example_dags/example_kubernetes_executor.py
[2025-10-09T19:17:39.475+0000] {logging_mixin.py:190} INFO - [2025-10-09T19:17:39.473+0000] {dag.py:3211} INFO - Sync 1 DAGs
[2025-10-09T19:17:40.068+0000] {logging_mixin.py:190} INFO - [2025-10-09T19:17:40.054+0000] {dag.py:4138} INFO - Setting next_dagrun for example_kubernetes_executor to None, run_after=None
[2025-10-09T19:17:40.512+0000] {processor.py:208} INFO - Processing /home/airflow/.local/lib/python3.12/site-packages/airflow/example_dags/example_kubernetes_executor.py took 4.638 seconds
[2025-10-09T19:20:35.589+0000] {processor.py:186} INFO - Started process (PID=483) to work on /home/airflow/.local/lib/python3.12/site-packages/airflow/example_dags/example_kubernetes_executor.py
[2025-10-09T19:20:35.634+0000] {processor.py:914} INFO - Processing file /home/airflow/.local/lib/python3.12/site-packages/airflow/example_dags/example_kubernetes_executor.py for tasks to queue
[2025-10-09T19:20:35.799+0000] {logging_mixin.py:190} INFO - [2025-10-09T19:20:35.768+0000] {dagbag.py:587} INFO - Filling up the DagBag from /home/airflow/.local/lib/python3.12/site-packages/airflow/example_dags/example_kubernetes_executor.py
[2025-10-09T19:20:37.165+0000] {processor.py:925} INFO - DAG(s) 'example_kubernetes_executor' retrieved from /home/airflow/.local/lib/python3.12/site-packages/airflow/example_dags/example_kubernetes_executor.py
[2025-10-09T19:20:38.942+0000] {logging_mixin.py:190} INFO - [2025-10-09T19:20:38.940+0000] {dag.py:3211} INFO - Sync 1 DAGs
[2025-10-09T19:20:39.296+0000] {logging_mixin.py:190} INFO - [2025-10-09T19:20:39.294+0000] {dag.py:4138} INFO - Setting next_dagrun for example_kubernetes_executor to None, run_after=None
[2025-10-09T19:20:39.908+0000] {processor.py:208} INFO - Processing /home/airflow/.local/lib/python3.12/site-packages/airflow/example_dags/example_kubernetes_executor.py took 4.580 seconds
[2025-10-09T19:22:43.934+0000] {processor.py:186} INFO - Started process (PID=551) to work on /home/airflow/.local/lib/python3.12/site-packages/airflow/example_dags/example_kubernetes_executor.py
[2025-10-09T19:22:44.145+0000] {processor.py:914} INFO - Processing file /home/airflow/.local/lib/python3.12/site-packages/airflow/example_dags/example_kubernetes_executor.py for tasks to queue
[2025-10-09T19:22:44.440+0000] {logging_mixin.py:190} INFO - [2025-10-09T19:22:44.353+0000] {dagbag.py:587} INFO - Filling up the DagBag from /home/airflow/.local/lib/python3.12/site-packages/airflow/example_dags/example_kubernetes_executor.py
[2025-10-09T19:22:45.166+0000] {processor.py:925} INFO - DAG(s) 'example_kubernetes_executor' retrieved from /home/airflow/.local/lib/python3.12/site-packages/airflow/example_dags/example_kubernetes_executor.py
[2025-10-09T19:22:47.484+0000] {logging_mixin.py:190} INFO - [2025-10-09T19:22:47.473+0000] {dag.py:3211} INFO - Sync 1 DAGs
[2025-10-09T19:22:47.992+0000] {logging_mixin.py:190} INFO - [2025-10-09T19:22:47.990+0000] {dag.py:4138} INFO - Setting next_dagrun for example_kubernetes_executor to None, run_after=None
[2025-10-09T19:22:49.850+0000] {processor.py:208} INFO - Processing /home/airflow/.local/lib/python3.12/site-packages/airflow/example_dags/example_kubernetes_executor.py took 6.154 seconds
