[2025-10-09T19:02:32.328+0000] {processor.py:186} INFO - Started process (PID=139) to work on /home/airflow/.local/lib/python3.12/site-packages/airflow/example_dags/example_time_delta_sensor_async.py
[2025-10-09T19:02:32.392+0000] {processor.py:914} INFO - Processing file /home/airflow/.local/lib/python3.12/site-packages/airflow/example_dags/example_time_delta_sensor_async.py for tasks to queue
[2025-10-09T19:02:32.510+0000] {logging_mixin.py:190} INFO - [2025-10-09T19:02:32.503+0000] {dagbag.py:587} INFO - Filling up the DagBag from /home/airflow/.local/lib/python3.12/site-packages/airflow/example_dags/example_time_delta_sensor_async.py
[2025-10-09T19:02:34.248+0000] {processor.py:925} INFO - DAG(s) 'example_time_delta_sensor_async' retrieved from /home/airflow/.local/lib/python3.12/site-packages/airflow/example_dags/example_time_delta_sensor_async.py
[2025-10-09T19:02:38.604+0000] {logging_mixin.py:190} INFO - [2025-10-09T19:02:38.589+0000] {override.py:1858} INFO - Created Permission View: can edit on DAG:example_time_delta_sensor_async
[2025-10-09T19:02:38.863+0000] {logging_mixin.py:190} INFO - [2025-10-09T19:02:38.861+0000] {override.py:1858} INFO - Created Permission View: can delete on DAG:example_time_delta_sensor_async
[2025-10-09T19:02:38.994+0000] {logging_mixin.py:190} INFO - [2025-10-09T19:02:38.993+0000] {override.py:1858} INFO - Created Permission View: can read on DAG:example_time_delta_sensor_async
[2025-10-09T19:02:39.000+0000] {logging_mixin.py:190} INFO - [2025-10-09T19:02:38.999+0000] {dag.py:3211} INFO - Sync 1 DAGs
[2025-10-09T19:02:39.746+0000] {logging_mixin.py:190} INFO - [2025-10-09T19:02:39.744+0000] {dag.py:3234} INFO - Creating ORM DAG for example_time_delta_sensor_async
[2025-10-09T19:02:39.766+0000] {logging_mixin.py:190} INFO - [2025-10-09T19:02:39.765+0000] {dag.py:4138} INFO - Setting next_dagrun for example_time_delta_sensor_async to None, run_after=None
[2025-10-09T19:02:40.056+0000] {processor.py:208} INFO - Processing /home/airflow/.local/lib/python3.12/site-packages/airflow/example_dags/example_time_delta_sensor_async.py took 8.297 seconds
[2025-10-09T19:04:05.945+0000] {processor.py:186} INFO - Started process (PID=215) to work on /home/airflow/.local/lib/python3.12/site-packages/airflow/example_dags/example_time_delta_sensor_async.py
[2025-10-09T19:04:05.982+0000] {processor.py:914} INFO - Processing file /home/airflow/.local/lib/python3.12/site-packages/airflow/example_dags/example_time_delta_sensor_async.py for tasks to queue
[2025-10-09T19:04:06.024+0000] {logging_mixin.py:190} INFO - [2025-10-09T19:04:06.022+0000] {dagbag.py:587} INFO - Filling up the DagBag from /home/airflow/.local/lib/python3.12/site-packages/airflow/example_dags/example_time_delta_sensor_async.py
[2025-10-09T19:04:06.166+0000] {processor.py:925} INFO - DAG(s) 'example_time_delta_sensor_async' retrieved from /home/airflow/.local/lib/python3.12/site-packages/airflow/example_dags/example_time_delta_sensor_async.py
[2025-10-09T19:04:06.592+0000] {logging_mixin.py:190} INFO - [2025-10-09T19:04:06.579+0000] {dag.py:3211} INFO - Sync 1 DAGs
[2025-10-09T19:04:06.931+0000] {logging_mixin.py:190} INFO - [2025-10-09T19:04:06.930+0000] {dag.py:4138} INFO - Setting next_dagrun for example_time_delta_sensor_async to None, run_after=None
[2025-10-09T19:04:07.315+0000] {processor.py:208} INFO - Processing /home/airflow/.local/lib/python3.12/site-packages/airflow/example_dags/example_time_delta_sensor_async.py took 1.503 seconds
[2025-10-09T19:04:43.066+0000] {processor.py:186} INFO - Started process (PID=285) to work on /home/airflow/.local/lib/python3.12/site-packages/airflow/example_dags/example_time_delta_sensor_async.py
[2025-10-09T19:04:43.081+0000] {processor.py:914} INFO - Processing file /home/airflow/.local/lib/python3.12/site-packages/airflow/example_dags/example_time_delta_sensor_async.py for tasks to queue
[2025-10-09T19:04:43.107+0000] {logging_mixin.py:190} INFO - [2025-10-09T19:04:43.105+0000] {dagbag.py:587} INFO - Filling up the DagBag from /home/airflow/.local/lib/python3.12/site-packages/airflow/example_dags/example_time_delta_sensor_async.py
[2025-10-09T19:04:43.180+0000] {processor.py:925} INFO - DAG(s) 'example_time_delta_sensor_async' retrieved from /home/airflow/.local/lib/python3.12/site-packages/airflow/example_dags/example_time_delta_sensor_async.py
[2025-10-09T19:04:43.332+0000] {logging_mixin.py:190} INFO - [2025-10-09T19:04:43.331+0000] {dag.py:3211} INFO - Sync 1 DAGs
[2025-10-09T19:04:43.473+0000] {logging_mixin.py:190} INFO - [2025-10-09T19:04:43.471+0000] {dag.py:4138} INFO - Setting next_dagrun for example_time_delta_sensor_async to None, run_after=None
[2025-10-09T19:04:43.664+0000] {processor.py:208} INFO - Processing /home/airflow/.local/lib/python3.12/site-packages/airflow/example_dags/example_time_delta_sensor_async.py took 0.670 seconds
[2025-10-09T19:05:37.596+0000] {processor.py:186} INFO - Started process (PID=348) to work on /home/airflow/.local/lib/python3.12/site-packages/airflow/example_dags/example_time_delta_sensor_async.py
[2025-10-09T19:05:37.602+0000] {processor.py:914} INFO - Processing file /home/airflow/.local/lib/python3.12/site-packages/airflow/example_dags/example_time_delta_sensor_async.py for tasks to queue
[2025-10-09T19:05:37.627+0000] {logging_mixin.py:190} INFO - [2025-10-09T19:05:37.621+0000] {dagbag.py:587} INFO - Filling up the DagBag from /home/airflow/.local/lib/python3.12/site-packages/airflow/example_dags/example_time_delta_sensor_async.py
[2025-10-09T19:05:37.680+0000] {processor.py:925} INFO - DAG(s) 'example_time_delta_sensor_async' retrieved from /home/airflow/.local/lib/python3.12/site-packages/airflow/example_dags/example_time_delta_sensor_async.py
[2025-10-09T19:05:37.838+0000] {logging_mixin.py:190} INFO - [2025-10-09T19:05:37.836+0000] {dag.py:3211} INFO - Sync 1 DAGs
[2025-10-09T19:05:37.960+0000] {logging_mixin.py:190} INFO - [2025-10-09T19:05:37.958+0000] {dag.py:4138} INFO - Setting next_dagrun for example_time_delta_sensor_async to None, run_after=None
[2025-10-09T19:05:38.117+0000] {processor.py:208} INFO - Processing /home/airflow/.local/lib/python3.12/site-packages/airflow/example_dags/example_time_delta_sensor_async.py took 0.556 seconds
[2025-10-09T19:06:17.756+0000] {processor.py:186} INFO - Started process (PID=418) to work on /home/airflow/.local/lib/python3.12/site-packages/airflow/example_dags/example_time_delta_sensor_async.py
[2025-10-09T19:06:17.768+0000] {processor.py:914} INFO - Processing file /home/airflow/.local/lib/python3.12/site-packages/airflow/example_dags/example_time_delta_sensor_async.py for tasks to queue
[2025-10-09T19:06:17.788+0000] {logging_mixin.py:190} INFO - [2025-10-09T19:06:17.786+0000] {dagbag.py:587} INFO - Filling up the DagBag from /home/airflow/.local/lib/python3.12/site-packages/airflow/example_dags/example_time_delta_sensor_async.py
[2025-10-09T19:06:17.848+0000] {processor.py:925} INFO - DAG(s) 'example_time_delta_sensor_async' retrieved from /home/airflow/.local/lib/python3.12/site-packages/airflow/example_dags/example_time_delta_sensor_async.py
[2025-10-09T19:06:18.104+0000] {logging_mixin.py:190} INFO - [2025-10-09T19:06:18.102+0000] {dag.py:3211} INFO - Sync 1 DAGs
[2025-10-09T19:06:18.290+0000] {logging_mixin.py:190} INFO - [2025-10-09T19:06:18.288+0000] {dag.py:4138} INFO - Setting next_dagrun for example_time_delta_sensor_async to None, run_after=None
[2025-10-09T19:06:18.458+0000] {processor.py:208} INFO - Processing /home/airflow/.local/lib/python3.12/site-packages/airflow/example_dags/example_time_delta_sensor_async.py took 0.757 seconds
[2025-10-09T19:06:51.833+0000] {processor.py:186} INFO - Started process (PID=478) to work on /home/airflow/.local/lib/python3.12/site-packages/airflow/example_dags/example_time_delta_sensor_async.py
[2025-10-09T19:06:51.840+0000] {processor.py:914} INFO - Processing file /home/airflow/.local/lib/python3.12/site-packages/airflow/example_dags/example_time_delta_sensor_async.py for tasks to queue
[2025-10-09T19:06:51.854+0000] {logging_mixin.py:190} INFO - [2025-10-09T19:06:51.852+0000] {dagbag.py:587} INFO - Filling up the DagBag from /home/airflow/.local/lib/python3.12/site-packages/airflow/example_dags/example_time_delta_sensor_async.py
[2025-10-09T19:06:51.913+0000] {processor.py:925} INFO - DAG(s) 'example_time_delta_sensor_async' retrieved from /home/airflow/.local/lib/python3.12/site-packages/airflow/example_dags/example_time_delta_sensor_async.py
[2025-10-09T19:06:52.126+0000] {logging_mixin.py:190} INFO - [2025-10-09T19:06:52.124+0000] {dag.py:3211} INFO - Sync 1 DAGs
[2025-10-09T19:06:52.278+0000] {logging_mixin.py:190} INFO - [2025-10-09T19:06:52.277+0000] {dag.py:4138} INFO - Setting next_dagrun for example_time_delta_sensor_async to None, run_after=None
[2025-10-09T19:06:52.581+0000] {processor.py:208} INFO - Processing /home/airflow/.local/lib/python3.12/site-packages/airflow/example_dags/example_time_delta_sensor_async.py took 0.791 seconds
[2025-10-09T19:07:26.769+0000] {processor.py:186} INFO - Started process (PID=535) to work on /home/airflow/.local/lib/python3.12/site-packages/airflow/example_dags/example_time_delta_sensor_async.py
[2025-10-09T19:07:26.778+0000] {processor.py:914} INFO - Processing file /home/airflow/.local/lib/python3.12/site-packages/airflow/example_dags/example_time_delta_sensor_async.py for tasks to queue
[2025-10-09T19:07:26.792+0000] {logging_mixin.py:190} INFO - [2025-10-09T19:07:26.791+0000] {dagbag.py:587} INFO - Filling up the DagBag from /home/airflow/.local/lib/python3.12/site-packages/airflow/example_dags/example_time_delta_sensor_async.py
[2025-10-09T19:07:26.840+0000] {processor.py:925} INFO - DAG(s) 'example_time_delta_sensor_async' retrieved from /home/airflow/.local/lib/python3.12/site-packages/airflow/example_dags/example_time_delta_sensor_async.py
[2025-10-09T19:07:26.969+0000] {logging_mixin.py:190} INFO - [2025-10-09T19:07:26.969+0000] {dag.py:3211} INFO - Sync 1 DAGs
[2025-10-09T19:07:27.072+0000] {logging_mixin.py:190} INFO - [2025-10-09T19:07:27.071+0000] {dag.py:4138} INFO - Setting next_dagrun for example_time_delta_sensor_async to None, run_after=None
[2025-10-09T19:07:27.212+0000] {processor.py:208} INFO - Processing /home/airflow/.local/lib/python3.12/site-packages/airflow/example_dags/example_time_delta_sensor_async.py took 0.480 seconds
[2025-10-09T19:13:57.050+0000] {processor.py:186} INFO - Started process (PID=83) to work on /home/airflow/.local/lib/python3.12/site-packages/airflow/example_dags/example_time_delta_sensor_async.py
[2025-10-09T19:13:57.053+0000] {processor.py:914} INFO - Processing file /home/airflow/.local/lib/python3.12/site-packages/airflow/example_dags/example_time_delta_sensor_async.py for tasks to queue
[2025-10-09T19:13:57.060+0000] {logging_mixin.py:190} INFO - [2025-10-09T19:13:57.059+0000] {dagbag.py:587} INFO - Filling up the DagBag from /home/airflow/.local/lib/python3.12/site-packages/airflow/example_dags/example_time_delta_sensor_async.py
[2025-10-09T19:13:57.084+0000] {processor.py:925} INFO - DAG(s) 'example_time_delta_sensor_async' retrieved from /home/airflow/.local/lib/python3.12/site-packages/airflow/example_dags/example_time_delta_sensor_async.py
[2025-10-09T19:13:57.190+0000] {logging_mixin.py:190} INFO - [2025-10-09T19:13:57.189+0000] {dag.py:3211} INFO - Sync 1 DAGs
[2025-10-09T19:13:57.241+0000] {logging_mixin.py:190} INFO - [2025-10-09T19:13:57.240+0000] {dag.py:4138} INFO - Setting next_dagrun for example_time_delta_sensor_async to None, run_after=None
[2025-10-09T19:13:57.321+0000] {processor.py:208} INFO - Processing /home/airflow/.local/lib/python3.12/site-packages/airflow/example_dags/example_time_delta_sensor_async.py took 0.289 seconds
[2025-10-09T19:14:27.634+0000] {processor.py:186} INFO - Started process (PID=146) to work on /home/airflow/.local/lib/python3.12/site-packages/airflow/example_dags/example_time_delta_sensor_async.py
[2025-10-09T19:14:27.636+0000] {processor.py:914} INFO - Processing file /home/airflow/.local/lib/python3.12/site-packages/airflow/example_dags/example_time_delta_sensor_async.py for tasks to queue
[2025-10-09T19:14:27.641+0000] {logging_mixin.py:190} INFO - [2025-10-09T19:14:27.641+0000] {dagbag.py:587} INFO - Filling up the DagBag from /home/airflow/.local/lib/python3.12/site-packages/airflow/example_dags/example_time_delta_sensor_async.py
[2025-10-09T19:14:27.656+0000] {processor.py:925} INFO - DAG(s) 'example_time_delta_sensor_async' retrieved from /home/airflow/.local/lib/python3.12/site-packages/airflow/example_dags/example_time_delta_sensor_async.py
[2025-10-09T19:14:27.704+0000] {logging_mixin.py:190} INFO - [2025-10-09T19:14:27.703+0000] {dag.py:3211} INFO - Sync 1 DAGs
[2025-10-09T19:14:27.744+0000] {logging_mixin.py:190} INFO - [2025-10-09T19:14:27.744+0000] {dag.py:4138} INFO - Setting next_dagrun for example_time_delta_sensor_async to None, run_after=None
[2025-10-09T19:14:27.794+0000] {processor.py:208} INFO - Processing /home/airflow/.local/lib/python3.12/site-packages/airflow/example_dags/example_time_delta_sensor_async.py took 0.176 seconds
[2025-10-09T19:14:58.420+0000] {processor.py:186} INFO - Started process (PID=210) to work on /home/airflow/.local/lib/python3.12/site-packages/airflow/example_dags/example_time_delta_sensor_async.py
[2025-10-09T19:14:58.423+0000] {processor.py:914} INFO - Processing file /home/airflow/.local/lib/python3.12/site-packages/airflow/example_dags/example_time_delta_sensor_async.py for tasks to queue
[2025-10-09T19:14:58.432+0000] {logging_mixin.py:190} INFO - [2025-10-09T19:14:58.431+0000] {dagbag.py:587} INFO - Filling up the DagBag from /home/airflow/.local/lib/python3.12/site-packages/airflow/example_dags/example_time_delta_sensor_async.py
[2025-10-09T19:14:58.455+0000] {processor.py:925} INFO - DAG(s) 'example_time_delta_sensor_async' retrieved from /home/airflow/.local/lib/python3.12/site-packages/airflow/example_dags/example_time_delta_sensor_async.py
[2025-10-09T19:14:58.524+0000] {logging_mixin.py:190} INFO - [2025-10-09T19:14:58.524+0000] {dag.py:3211} INFO - Sync 1 DAGs
[2025-10-09T19:14:58.587+0000] {logging_mixin.py:190} INFO - [2025-10-09T19:14:58.587+0000] {dag.py:4138} INFO - Setting next_dagrun for example_time_delta_sensor_async to None, run_after=None
[2025-10-09T19:14:58.647+0000] {processor.py:208} INFO - Processing /home/airflow/.local/lib/python3.12/site-packages/airflow/example_dags/example_time_delta_sensor_async.py took 0.249 seconds
[2025-10-09T19:15:31.786+0000] {processor.py:186} INFO - Started process (PID=273) to work on /home/airflow/.local/lib/python3.12/site-packages/airflow/example_dags/example_time_delta_sensor_async.py
[2025-10-09T19:15:31.790+0000] {processor.py:914} INFO - Processing file /home/airflow/.local/lib/python3.12/site-packages/airflow/example_dags/example_time_delta_sensor_async.py for tasks to queue
[2025-10-09T19:15:31.802+0000] {logging_mixin.py:190} INFO - [2025-10-09T19:15:31.800+0000] {dagbag.py:587} INFO - Filling up the DagBag from /home/airflow/.local/lib/python3.12/site-packages/airflow/example_dags/example_time_delta_sensor_async.py
[2025-10-09T19:15:31.831+0000] {processor.py:925} INFO - DAG(s) 'example_time_delta_sensor_async' retrieved from /home/airflow/.local/lib/python3.12/site-packages/airflow/example_dags/example_time_delta_sensor_async.py
[2025-10-09T19:15:31.886+0000] {logging_mixin.py:190} INFO - [2025-10-09T19:15:31.886+0000] {dag.py:3211} INFO - Sync 1 DAGs
[2025-10-09T19:15:31.920+0000] {logging_mixin.py:190} INFO - [2025-10-09T19:15:31.920+0000] {dag.py:4138} INFO - Setting next_dagrun for example_time_delta_sensor_async to None, run_after=None
[2025-10-09T19:15:31.966+0000] {processor.py:208} INFO - Processing /home/airflow/.local/lib/python3.12/site-packages/airflow/example_dags/example_time_delta_sensor_async.py took 0.210 seconds
[2025-10-09T19:16:02.815+0000] {processor.py:186} INFO - Started process (PID=337) to work on /home/airflow/.local/lib/python3.12/site-packages/airflow/example_dags/example_time_delta_sensor_async.py
[2025-10-09T19:16:02.818+0000] {processor.py:914} INFO - Processing file /home/airflow/.local/lib/python3.12/site-packages/airflow/example_dags/example_time_delta_sensor_async.py for tasks to queue
[2025-10-09T19:16:02.829+0000] {logging_mixin.py:190} INFO - [2025-10-09T19:16:02.828+0000] {dagbag.py:587} INFO - Filling up the DagBag from /home/airflow/.local/lib/python3.12/site-packages/airflow/example_dags/example_time_delta_sensor_async.py
[2025-10-09T19:16:02.851+0000] {processor.py:925} INFO - DAG(s) 'example_time_delta_sensor_async' retrieved from /home/airflow/.local/lib/python3.12/site-packages/airflow/example_dags/example_time_delta_sensor_async.py
[2025-10-09T19:16:02.909+0000] {logging_mixin.py:190} INFO - [2025-10-09T19:16:02.908+0000] {dag.py:3211} INFO - Sync 1 DAGs
[2025-10-09T19:16:02.948+0000] {logging_mixin.py:190} INFO - [2025-10-09T19:16:02.947+0000] {dag.py:4138} INFO - Setting next_dagrun for example_time_delta_sensor_async to None, run_after=None
[2025-10-09T19:16:02.996+0000] {processor.py:208} INFO - Processing /home/airflow/.local/lib/python3.12/site-packages/airflow/example_dags/example_time_delta_sensor_async.py took 0.203 seconds
[2025-10-09T19:17:41.685+0000] {processor.py:186} INFO - Started process (PID=415) to work on /home/airflow/.local/lib/python3.12/site-packages/airflow/example_dags/example_time_delta_sensor_async.py
[2025-10-09T19:17:41.697+0000] {processor.py:914} INFO - Processing file /home/airflow/.local/lib/python3.12/site-packages/airflow/example_dags/example_time_delta_sensor_async.py for tasks to queue
[2025-10-09T19:17:41.760+0000] {logging_mixin.py:190} INFO - [2025-10-09T19:17:41.746+0000] {dagbag.py:587} INFO - Filling up the DagBag from /home/airflow/.local/lib/python3.12/site-packages/airflow/example_dags/example_time_delta_sensor_async.py
[2025-10-09T19:17:41.879+0000] {processor.py:925} INFO - DAG(s) 'example_time_delta_sensor_async' retrieved from /home/airflow/.local/lib/python3.12/site-packages/airflow/example_dags/example_time_delta_sensor_async.py
[2025-10-09T19:17:42.362+0000] {logging_mixin.py:190} INFO - [2025-10-09T19:17:42.359+0000] {dag.py:3211} INFO - Sync 1 DAGs
[2025-10-09T19:17:42.872+0000] {logging_mixin.py:190} INFO - [2025-10-09T19:17:42.871+0000] {dag.py:4138} INFO - Setting next_dagrun for example_time_delta_sensor_async to None, run_after=None
[2025-10-09T19:17:43.707+0000] {processor.py:208} INFO - Processing /home/airflow/.local/lib/python3.12/site-packages/airflow/example_dags/example_time_delta_sensor_async.py took 2.177 seconds
[2025-10-09T19:20:42.678+0000] {processor.py:186} INFO - Started process (PID=486) to work on /home/airflow/.local/lib/python3.12/site-packages/airflow/example_dags/example_time_delta_sensor_async.py
[2025-10-09T19:20:42.912+0000] {processor.py:914} INFO - Processing file /home/airflow/.local/lib/python3.12/site-packages/airflow/example_dags/example_time_delta_sensor_async.py for tasks to queue
[2025-10-09T19:20:43.166+0000] {logging_mixin.py:190} INFO - [2025-10-09T19:20:43.147+0000] {dagbag.py:587} INFO - Filling up the DagBag from /home/airflow/.local/lib/python3.12/site-packages/airflow/example_dags/example_time_delta_sensor_async.py
[2025-10-09T19:20:43.706+0000] {processor.py:925} INFO - DAG(s) 'example_time_delta_sensor_async' retrieved from /home/airflow/.local/lib/python3.12/site-packages/airflow/example_dags/example_time_delta_sensor_async.py
[2025-10-09T19:20:44.857+0000] {logging_mixin.py:190} INFO - [2025-10-09T19:20:44.855+0000] {dag.py:3211} INFO - Sync 1 DAGs
[2025-10-09T19:20:45.647+0000] {logging_mixin.py:190} INFO - [2025-10-09T19:20:45.645+0000] {dag.py:4138} INFO - Setting next_dagrun for example_time_delta_sensor_async to None, run_after=None
[2025-10-09T19:20:46.458+0000] {processor.py:208} INFO - Processing /home/airflow/.local/lib/python3.12/site-packages/airflow/example_dags/example_time_delta_sensor_async.py took 4.315 seconds
[2025-10-09T19:22:54.036+0000] {processor.py:186} INFO - Started process (PID=554) to work on /home/airflow/.local/lib/python3.12/site-packages/airflow/example_dags/example_time_delta_sensor_async.py
[2025-10-09T19:22:54.099+0000] {processor.py:914} INFO - Processing file /home/airflow/.local/lib/python3.12/site-packages/airflow/example_dags/example_time_delta_sensor_async.py for tasks to queue
[2025-10-09T19:22:54.282+0000] {logging_mixin.py:190} INFO - [2025-10-09T19:22:54.248+0000] {dagbag.py:587} INFO - Filling up the DagBag from /home/airflow/.local/lib/python3.12/site-packages/airflow/example_dags/example_time_delta_sensor_async.py
[2025-10-09T19:22:54.647+0000] {processor.py:925} INFO - DAG(s) 'example_time_delta_sensor_async' retrieved from /home/airflow/.local/lib/python3.12/site-packages/airflow/example_dags/example_time_delta_sensor_async.py
[2025-10-09T19:22:55.552+0000] {logging_mixin.py:190} INFO - [2025-10-09T19:22:55.536+0000] {dag.py:3211} INFO - Sync 1 DAGs
[2025-10-09T19:22:56.331+0000] {logging_mixin.py:190} INFO - [2025-10-09T19:22:56.317+0000] {dag.py:4138} INFO - Setting next_dagrun for example_time_delta_sensor_async to None, run_after=None
[2025-10-09T19:22:56.858+0000] {processor.py:208} INFO - Processing /home/airflow/.local/lib/python3.12/site-packages/airflow/example_dags/example_time_delta_sensor_async.py took 2.969 seconds
