[2025-10-09T19:03:26.755+0000] {processor.py:186} INFO - Started process (PID=178) to work on /home/airflow/.local/lib/python3.12/site-packages/airflow/example_dags/example_sensor_decorator.py
[2025-10-09T19:03:26.762+0000] {processor.py:914} INFO - Processing file /home/airflow/.local/lib/python3.12/site-packages/airflow/example_dags/example_sensor_decorator.py for tasks to queue
[2025-10-09T19:03:26.778+0000] {logging_mixin.py:190} INFO - [2025-10-09T19:03:26.776+0000] {dagbag.py:587} INFO - Filling up the DagBag from /home/airflow/.local/lib/python3.12/site-packages/airflow/example_dags/example_sensor_decorator.py
[2025-10-09T19:03:26.866+0000] {processor.py:925} INFO - DAG(s) 'example_sensor_decorator' retrieved from /home/airflow/.local/lib/python3.12/site-packages/airflow/example_dags/example_sensor_decorator.py
[2025-10-09T19:03:28.118+0000] {logging_mixin.py:190} INFO - [2025-10-09T19:03:28.114+0000] {override.py:1858} INFO - Created Permission View: can edit on DAG:example_sensor_decorator
[2025-10-09T19:03:28.253+0000] {logging_mixin.py:190} INFO - [2025-10-09T19:03:28.251+0000] {override.py:1858} INFO - Created Permission View: can delete on DAG:example_sensor_decorator
[2025-10-09T19:03:28.358+0000] {logging_mixin.py:190} INFO - [2025-10-09T19:03:28.356+0000] {override.py:1858} INFO - Created Permission View: can read on DAG:example_sensor_decorator
[2025-10-09T19:03:28.362+0000] {logging_mixin.py:190} INFO - [2025-10-09T19:03:28.361+0000] {dag.py:3211} INFO - Sync 1 DAGs
[2025-10-09T19:03:28.628+0000] {logging_mixin.py:190} INFO - [2025-10-09T19:03:28.626+0000] {dag.py:3234} INFO - Creating ORM DAG for example_sensor_decorator
[2025-10-09T19:03:28.645+0000] {logging_mixin.py:190} INFO - [2025-10-09T19:03:28.643+0000] {dag.py:4138} INFO - Setting next_dagrun for example_sensor_decorator to None, run_after=None
[2025-10-09T19:03:28.896+0000] {processor.py:208} INFO - Processing /home/airflow/.local/lib/python3.12/site-packages/airflow/example_dags/example_sensor_decorator.py took 2.187 seconds
[2025-10-09T19:04:26.309+0000] {processor.py:186} INFO - Started process (PID=248) to work on /home/airflow/.local/lib/python3.12/site-packages/airflow/example_dags/example_sensor_decorator.py
[2025-10-09T19:04:26.321+0000] {processor.py:914} INFO - Processing file /home/airflow/.local/lib/python3.12/site-packages/airflow/example_dags/example_sensor_decorator.py for tasks to queue
[2025-10-09T19:04:26.349+0000] {logging_mixin.py:190} INFO - [2025-10-09T19:04:26.343+0000] {dagbag.py:587} INFO - Filling up the DagBag from /home/airflow/.local/lib/python3.12/site-packages/airflow/example_dags/example_sensor_decorator.py
[2025-10-09T19:04:26.426+0000] {processor.py:925} INFO - DAG(s) 'example_sensor_decorator' retrieved from /home/airflow/.local/lib/python3.12/site-packages/airflow/example_dags/example_sensor_decorator.py
[2025-10-09T19:04:26.570+0000] {logging_mixin.py:190} INFO - [2025-10-09T19:04:26.569+0000] {dag.py:3211} INFO - Sync 1 DAGs
[2025-10-09T19:04:26.676+0000] {logging_mixin.py:190} INFO - [2025-10-09T19:04:26.675+0000] {dag.py:4138} INFO - Setting next_dagrun for example_sensor_decorator to None, run_after=None
[2025-10-09T19:04:27.004+0000] {processor.py:208} INFO - Processing /home/airflow/.local/lib/python3.12/site-packages/airflow/example_dags/example_sensor_decorator.py took 0.748 seconds
[2025-10-09T19:05:08.993+0000] {processor.py:186} INFO - Started process (PID=311) to work on /home/airflow/.local/lib/python3.12/site-packages/airflow/example_dags/example_sensor_decorator.py
[2025-10-09T19:05:08.999+0000] {processor.py:914} INFO - Processing file /home/airflow/.local/lib/python3.12/site-packages/airflow/example_dags/example_sensor_decorator.py for tasks to queue
[2025-10-09T19:05:09.013+0000] {logging_mixin.py:190} INFO - [2025-10-09T19:05:09.011+0000] {dagbag.py:587} INFO - Filling up the DagBag from /home/airflow/.local/lib/python3.12/site-packages/airflow/example_dags/example_sensor_decorator.py
[2025-10-09T19:05:09.069+0000] {processor.py:925} INFO - DAG(s) 'example_sensor_decorator' retrieved from /home/airflow/.local/lib/python3.12/site-packages/airflow/example_dags/example_sensor_decorator.py
[2025-10-09T19:05:09.203+0000] {logging_mixin.py:190} INFO - [2025-10-09T19:05:09.202+0000] {dag.py:3211} INFO - Sync 1 DAGs
[2025-10-09T19:05:09.294+0000] {logging_mixin.py:190} INFO - [2025-10-09T19:05:09.293+0000] {dag.py:4138} INFO - Setting next_dagrun for example_sensor_decorator to None, run_after=None
[2025-10-09T19:05:09.418+0000] {processor.py:208} INFO - Processing /home/airflow/.local/lib/python3.12/site-packages/airflow/example_dags/example_sensor_decorator.py took 0.466 seconds
[2025-10-09T19:06:04.633+0000] {processor.py:186} INFO - Started process (PID=389) to work on /home/airflow/.local/lib/python3.12/site-packages/airflow/example_dags/example_sensor_decorator.py
[2025-10-09T19:06:04.644+0000] {processor.py:914} INFO - Processing file /home/airflow/.local/lib/python3.12/site-packages/airflow/example_dags/example_sensor_decorator.py for tasks to queue
[2025-10-09T19:06:04.661+0000] {logging_mixin.py:190} INFO - [2025-10-09T19:06:04.659+0000] {dagbag.py:587} INFO - Filling up the DagBag from /home/airflow/.local/lib/python3.12/site-packages/airflow/example_dags/example_sensor_decorator.py
[2025-10-09T19:06:04.722+0000] {processor.py:925} INFO - DAG(s) 'example_sensor_decorator' retrieved from /home/airflow/.local/lib/python3.12/site-packages/airflow/example_dags/example_sensor_decorator.py
[2025-10-09T19:06:04.924+0000] {logging_mixin.py:190} INFO - [2025-10-09T19:06:04.923+0000] {dag.py:3211} INFO - Sync 1 DAGs
[2025-10-09T19:06:05.080+0000] {logging_mixin.py:190} INFO - [2025-10-09T19:06:05.078+0000] {dag.py:4138} INFO - Setting next_dagrun for example_sensor_decorator to None, run_after=None
[2025-10-09T19:06:05.258+0000] {processor.py:208} INFO - Processing /home/airflow/.local/lib/python3.12/site-packages/airflow/example_dags/example_sensor_decorator.py took 0.679 seconds
[2025-10-09T19:06:40.483+0000] {processor.py:186} INFO - Started process (PID=451) to work on /home/airflow/.local/lib/python3.12/site-packages/airflow/example_dags/example_sensor_decorator.py
[2025-10-09T19:06:40.490+0000] {processor.py:914} INFO - Processing file /home/airflow/.local/lib/python3.12/site-packages/airflow/example_dags/example_sensor_decorator.py for tasks to queue
[2025-10-09T19:06:40.511+0000] {logging_mixin.py:190} INFO - [2025-10-09T19:06:40.507+0000] {dagbag.py:587} INFO - Filling up the DagBag from /home/airflow/.local/lib/python3.12/site-packages/airflow/example_dags/example_sensor_decorator.py
[2025-10-09T19:06:40.567+0000] {processor.py:925} INFO - DAG(s) 'example_sensor_decorator' retrieved from /home/airflow/.local/lib/python3.12/site-packages/airflow/example_dags/example_sensor_decorator.py
[2025-10-09T19:06:40.749+0000] {logging_mixin.py:190} INFO - [2025-10-09T19:06:40.748+0000] {dag.py:3211} INFO - Sync 1 DAGs
[2025-10-09T19:06:40.871+0000] {logging_mixin.py:190} INFO - [2025-10-09T19:06:40.870+0000] {dag.py:4138} INFO - Setting next_dagrun for example_sensor_decorator to None, run_after=None
[2025-10-09T19:06:41.072+0000] {processor.py:208} INFO - Processing /home/airflow/.local/lib/python3.12/site-packages/airflow/example_dags/example_sensor_decorator.py took 0.630 seconds
[2025-10-09T19:07:18.291+0000] {processor.py:186} INFO - Started process (PID=524) to work on /home/airflow/.local/lib/python3.12/site-packages/airflow/example_dags/example_sensor_decorator.py
[2025-10-09T19:07:18.304+0000] {processor.py:914} INFO - Processing file /home/airflow/.local/lib/python3.12/site-packages/airflow/example_dags/example_sensor_decorator.py for tasks to queue
[2025-10-09T19:07:18.327+0000] {logging_mixin.py:190} INFO - [2025-10-09T19:07:18.325+0000] {dagbag.py:587} INFO - Filling up the DagBag from /home/airflow/.local/lib/python3.12/site-packages/airflow/example_dags/example_sensor_decorator.py
[2025-10-09T19:07:18.430+0000] {processor.py:925} INFO - DAG(s) 'example_sensor_decorator' retrieved from /home/airflow/.local/lib/python3.12/site-packages/airflow/example_dags/example_sensor_decorator.py
[2025-10-09T19:07:18.658+0000] {logging_mixin.py:190} INFO - [2025-10-09T19:07:18.657+0000] {dag.py:3211} INFO - Sync 1 DAGs
[2025-10-09T19:07:18.821+0000] {logging_mixin.py:190} INFO - [2025-10-09T19:07:18.820+0000] {dag.py:4138} INFO - Setting next_dagrun for example_sensor_decorator to None, run_after=None
[2025-10-09T19:07:18.954+0000] {processor.py:208} INFO - Processing /home/airflow/.local/lib/python3.12/site-packages/airflow/example_dags/example_sensor_decorator.py took 0.732 seconds
[2025-10-09T19:14:08.490+0000] {processor.py:186} INFO - Started process (PID=109) to work on /home/airflow/.local/lib/python3.12/site-packages/airflow/example_dags/example_sensor_decorator.py
[2025-10-09T19:14:08.495+0000] {processor.py:914} INFO - Processing file /home/airflow/.local/lib/python3.12/site-packages/airflow/example_dags/example_sensor_decorator.py for tasks to queue
[2025-10-09T19:14:08.515+0000] {logging_mixin.py:190} INFO - [2025-10-09T19:14:08.513+0000] {dagbag.py:587} INFO - Filling up the DagBag from /home/airflow/.local/lib/python3.12/site-packages/airflow/example_dags/example_sensor_decorator.py
[2025-10-09T19:14:08.607+0000] {processor.py:925} INFO - DAG(s) 'example_sensor_decorator' retrieved from /home/airflow/.local/lib/python3.12/site-packages/airflow/example_dags/example_sensor_decorator.py
[2025-10-09T19:14:08.741+0000] {logging_mixin.py:190} INFO - [2025-10-09T19:14:08.740+0000] {dag.py:3211} INFO - Sync 1 DAGs
[2025-10-09T19:14:08.811+0000] {logging_mixin.py:190} INFO - [2025-10-09T19:14:08.810+0000] {dag.py:4138} INFO - Setting next_dagrun for example_sensor_decorator to None, run_after=None
[2025-10-09T19:14:08.929+0000] {processor.py:208} INFO - Processing /home/airflow/.local/lib/python3.12/site-packages/airflow/example_dags/example_sensor_decorator.py took 0.469 seconds
[2025-10-09T19:14:39.413+0000] {processor.py:186} INFO - Started process (PID=171) to work on /home/airflow/.local/lib/python3.12/site-packages/airflow/example_dags/example_sensor_decorator.py
[2025-10-09T19:14:39.416+0000] {processor.py:914} INFO - Processing file /home/airflow/.local/lib/python3.12/site-packages/airflow/example_dags/example_sensor_decorator.py for tasks to queue
[2025-10-09T19:14:39.424+0000] {logging_mixin.py:190} INFO - [2025-10-09T19:14:39.423+0000] {dagbag.py:587} INFO - Filling up the DagBag from /home/airflow/.local/lib/python3.12/site-packages/airflow/example_dags/example_sensor_decorator.py
[2025-10-09T19:14:39.449+0000] {processor.py:925} INFO - DAG(s) 'example_sensor_decorator' retrieved from /home/airflow/.local/lib/python3.12/site-packages/airflow/example_dags/example_sensor_decorator.py
[2025-10-09T19:14:39.506+0000] {logging_mixin.py:190} INFO - [2025-10-09T19:14:39.505+0000] {dag.py:3211} INFO - Sync 1 DAGs
[2025-10-09T19:14:39.559+0000] {logging_mixin.py:190} INFO - [2025-10-09T19:14:39.558+0000] {dag.py:4138} INFO - Setting next_dagrun for example_sensor_decorator to None, run_after=None
[2025-10-09T19:14:39.629+0000] {processor.py:208} INFO - Processing /home/airflow/.local/lib/python3.12/site-packages/airflow/example_dags/example_sensor_decorator.py took 0.231 seconds
[2025-10-09T19:15:11.011+0000] {processor.py:186} INFO - Started process (PID=235) to work on /home/airflow/.local/lib/python3.12/site-packages/airflow/example_dags/example_sensor_decorator.py
[2025-10-09T19:15:11.014+0000] {processor.py:914} INFO - Processing file /home/airflow/.local/lib/python3.12/site-packages/airflow/example_dags/example_sensor_decorator.py for tasks to queue
[2025-10-09T19:15:11.024+0000] {logging_mixin.py:190} INFO - [2025-10-09T19:15:11.022+0000] {dagbag.py:587} INFO - Filling up the DagBag from /home/airflow/.local/lib/python3.12/site-packages/airflow/example_dags/example_sensor_decorator.py
[2025-10-09T19:15:11.080+0000] {processor.py:925} INFO - DAG(s) 'example_sensor_decorator' retrieved from /home/airflow/.local/lib/python3.12/site-packages/airflow/example_dags/example_sensor_decorator.py
[2025-10-09T19:15:11.136+0000] {logging_mixin.py:190} INFO - [2025-10-09T19:15:11.135+0000] {dag.py:3211} INFO - Sync 1 DAGs
[2025-10-09T19:15:11.173+0000] {logging_mixin.py:190} INFO - [2025-10-09T19:15:11.172+0000] {dag.py:4138} INFO - Setting next_dagrun for example_sensor_decorator to None, run_after=None
[2025-10-09T19:15:11.226+0000] {processor.py:208} INFO - Processing /home/airflow/.local/lib/python3.12/site-packages/airflow/example_dags/example_sensor_decorator.py took 0.235 seconds
[2025-10-09T19:15:41.703+0000] {processor.py:186} INFO - Started process (PID=298) to work on /home/airflow/.local/lib/python3.12/site-packages/airflow/example_dags/example_sensor_decorator.py
[2025-10-09T19:15:41.706+0000] {processor.py:914} INFO - Processing file /home/airflow/.local/lib/python3.12/site-packages/airflow/example_dags/example_sensor_decorator.py for tasks to queue
[2025-10-09T19:15:41.715+0000] {logging_mixin.py:190} INFO - [2025-10-09T19:15:41.714+0000] {dagbag.py:587} INFO - Filling up the DagBag from /home/airflow/.local/lib/python3.12/site-packages/airflow/example_dags/example_sensor_decorator.py
[2025-10-09T19:15:41.749+0000] {processor.py:925} INFO - DAG(s) 'example_sensor_decorator' retrieved from /home/airflow/.local/lib/python3.12/site-packages/airflow/example_dags/example_sensor_decorator.py
[2025-10-09T19:15:41.817+0000] {logging_mixin.py:190} INFO - [2025-10-09T19:15:41.816+0000] {dag.py:3211} INFO - Sync 1 DAGs
[2025-10-09T19:15:41.859+0000] {logging_mixin.py:190} INFO - [2025-10-09T19:15:41.858+0000] {dag.py:4138} INFO - Setting next_dagrun for example_sensor_decorator to None, run_after=None
[2025-10-09T19:15:41.914+0000] {processor.py:208} INFO - Processing /home/airflow/.local/lib/python3.12/site-packages/airflow/example_dags/example_sensor_decorator.py took 0.233 seconds
[2025-10-09T19:16:26.978+0000] {processor.py:186} INFO - Started process (PID=367) to work on /home/airflow/.local/lib/python3.12/site-packages/airflow/example_dags/example_sensor_decorator.py
[2025-10-09T19:16:26.998+0000] {processor.py:914} INFO - Processing file /home/airflow/.local/lib/python3.12/site-packages/airflow/example_dags/example_sensor_decorator.py for tasks to queue
[2025-10-09T19:16:27.060+0000] {logging_mixin.py:190} INFO - [2025-10-09T19:16:27.057+0000] {dagbag.py:587} INFO - Filling up the DagBag from /home/airflow/.local/lib/python3.12/site-packages/airflow/example_dags/example_sensor_decorator.py
[2025-10-09T19:16:27.150+0000] {processor.py:925} INFO - DAG(s) 'example_sensor_decorator' retrieved from /home/airflow/.local/lib/python3.12/site-packages/airflow/example_dags/example_sensor_decorator.py
[2025-10-09T19:16:27.365+0000] {logging_mixin.py:190} INFO - [2025-10-09T19:16:27.364+0000] {dag.py:3211} INFO - Sync 1 DAGs
[2025-10-09T19:16:27.571+0000] {logging_mixin.py:190} INFO - [2025-10-09T19:16:27.569+0000] {dag.py:4138} INFO - Setting next_dagrun for example_sensor_decorator to None, run_after=None
[2025-10-09T19:16:27.784+0000] {processor.py:208} INFO - Processing /home/airflow/.local/lib/python3.12/site-packages/airflow/example_dags/example_sensor_decorator.py took 0.904 seconds
[2025-10-09T19:19:44.795+0000] {processor.py:186} INFO - Started process (PID=458) to work on /home/airflow/.local/lib/python3.12/site-packages/airflow/example_dags/example_sensor_decorator.py
[2025-10-09T19:19:44.848+0000] {processor.py:914} INFO - Processing file /home/airflow/.local/lib/python3.12/site-packages/airflow/example_dags/example_sensor_decorator.py for tasks to queue
[2025-10-09T19:19:45.066+0000] {logging_mixin.py:190} INFO - [2025-10-09T19:19:45.063+0000] {dagbag.py:587} INFO - Filling up the DagBag from /home/airflow/.local/lib/python3.12/site-packages/airflow/example_dags/example_sensor_decorator.py
[2025-10-09T19:19:45.393+0000] {processor.py:925} INFO - DAG(s) 'example_sensor_decorator' retrieved from /home/airflow/.local/lib/python3.12/site-packages/airflow/example_dags/example_sensor_decorator.py
[2025-10-09T19:19:46.368+0000] {logging_mixin.py:190} INFO - [2025-10-09T19:19:46.367+0000] {dag.py:3211} INFO - Sync 1 DAGs
[2025-10-09T19:19:47.428+0000] {logging_mixin.py:190} INFO - [2025-10-09T19:19:47.426+0000] {dag.py:4138} INFO - Setting next_dagrun for example_sensor_decorator to None, run_after=None
[2025-10-09T19:19:49.267+0000] {processor.py:208} INFO - Processing /home/airflow/.local/lib/python3.12/site-packages/airflow/example_dags/example_sensor_decorator.py took 5.161 seconds
