[2025-10-09T19:03:45.450+0000] {processor.py:186} INFO - Started process (PID=195) to work on /home/airflow/.local/lib/python3.12/site-packages/airflow/example_dags/example_branch_datetime_operator.py
[2025-10-09T19:03:45.461+0000] {processor.py:914} INFO - Processing file /home/airflow/.local/lib/python3.12/site-packages/airflow/example_dags/example_branch_datetime_operator.py for tasks to queue
[2025-10-09T19:03:45.541+0000] {logging_mixin.py:190} INFO - [2025-10-09T19:03:45.527+0000] {dagbag.py:587} INFO - Filling up the DagBag from /home/airflow/.local/lib/python3.12/site-packages/airflow/example_dags/example_branch_datetime_operator.py
[2025-10-09T19:03:45.940+0000] {processor.py:925} INFO - DAG(s) 'example_branch_datetime_operator_2', 'example_branch_datetime_operator', 'example_branch_datetime_operator_3' retrieved from /home/airflow/.local/lib/python3.12/site-packages/airflow/example_dags/example_branch_datetime_operator.py
[2025-10-09T19:03:47.242+0000] {logging_mixin.py:190} INFO - [2025-10-09T19:03:47.238+0000] {override.py:1858} INFO - Created Permission View: can edit on DAG:example_branch_datetime_operator_2
[2025-10-09T19:03:47.345+0000] {logging_mixin.py:190} INFO - [2025-10-09T19:03:47.344+0000] {override.py:1858} INFO - Created Permission View: can delete on DAG:example_branch_datetime_operator_2
[2025-10-09T19:03:47.395+0000] {logging_mixin.py:190} INFO - [2025-10-09T19:03:47.393+0000] {override.py:1858} INFO - Created Permission View: can read on DAG:example_branch_datetime_operator_2
[2025-10-09T19:03:47.505+0000] {logging_mixin.py:190} INFO - [2025-10-09T19:03:47.503+0000] {override.py:1858} INFO - Created Permission View: can edit on DAG:example_branch_datetime_operator
[2025-10-09T19:03:47.562+0000] {logging_mixin.py:190} INFO - [2025-10-09T19:03:47.560+0000] {override.py:1858} INFO - Created Permission View: can delete on DAG:example_branch_datetime_operator
[2025-10-09T19:03:47.622+0000] {logging_mixin.py:190} INFO - [2025-10-09T19:03:47.620+0000] {override.py:1858} INFO - Created Permission View: can read on DAG:example_branch_datetime_operator
[2025-10-09T19:03:47.712+0000] {logging_mixin.py:190} INFO - [2025-10-09T19:03:47.711+0000] {override.py:1858} INFO - Created Permission View: can edit on DAG:example_branch_datetime_operator_3
[2025-10-09T19:03:47.790+0000] {logging_mixin.py:190} INFO - [2025-10-09T19:03:47.788+0000] {override.py:1858} INFO - Created Permission View: can delete on DAG:example_branch_datetime_operator_3
[2025-10-09T19:03:47.880+0000] {logging_mixin.py:190} INFO - [2025-10-09T19:03:47.873+0000] {override.py:1858} INFO - Created Permission View: can read on DAG:example_branch_datetime_operator_3
[2025-10-09T19:03:47.892+0000] {logging_mixin.py:190} INFO - [2025-10-09T19:03:47.891+0000] {dag.py:3211} INFO - Sync 3 DAGs
[2025-10-09T19:03:48.158+0000] {logging_mixin.py:190} INFO - [2025-10-09T19:03:48.156+0000] {dag.py:3234} INFO - Creating ORM DAG for example_branch_datetime_operator_2
[2025-10-09T19:03:48.182+0000] {logging_mixin.py:190} INFO - [2025-10-09T19:03:48.181+0000] {dag.py:3234} INFO - Creating ORM DAG for example_branch_datetime_operator_3
[2025-10-09T19:03:48.221+0000] {logging_mixin.py:190} INFO - [2025-10-09T19:03:48.220+0000] {dag.py:3234} INFO - Creating ORM DAG for example_branch_datetime_operator
[2025-10-09T19:03:48.538+0000] {logging_mixin.py:190} INFO - [2025-10-09T19:03:48.525+0000] {dag.py:4138} INFO - Setting next_dagrun for example_branch_datetime_operator to 2025-10-08 00:00:00+00:00, run_after=2025-10-09 00:00:00+00:00
[2025-10-09T19:03:48.603+0000] {logging_mixin.py:190} INFO - [2025-10-09T19:03:48.601+0000] {dag.py:4138} INFO - Setting next_dagrun for example_branch_datetime_operator_2 to 2025-10-08 00:00:00+00:00, run_after=2025-10-09 00:00:00+00:00
[2025-10-09T19:03:48.682+0000] {logging_mixin.py:190} INFO - [2025-10-09T19:03:48.681+0000] {dag.py:4138} INFO - Setting next_dagrun for example_branch_datetime_operator_3 to 2025-10-08 00:00:00+00:00, run_after=2025-10-09 00:00:00+00:00
[2025-10-09T19:03:49.121+0000] {processor.py:208} INFO - Processing /home/airflow/.local/lib/python3.12/site-packages/airflow/example_dags/example_branch_datetime_operator.py took 3.735 seconds
[2025-10-09T19:04:33.109+0000] {processor.py:186} INFO - Started process (PID=259) to work on /home/airflow/.local/lib/python3.12/site-packages/airflow/example_dags/example_branch_datetime_operator.py
[2025-10-09T19:04:33.115+0000] {processor.py:914} INFO - Processing file /home/airflow/.local/lib/python3.12/site-packages/airflow/example_dags/example_branch_datetime_operator.py for tasks to queue
[2025-10-09T19:04:33.129+0000] {logging_mixin.py:190} INFO - [2025-10-09T19:04:33.128+0000] {dagbag.py:587} INFO - Filling up the DagBag from /home/airflow/.local/lib/python3.12/site-packages/airflow/example_dags/example_branch_datetime_operator.py
[2025-10-09T19:04:33.215+0000] {processor.py:925} INFO - DAG(s) 'example_branch_datetime_operator_3', 'example_branch_datetime_operator', 'example_branch_datetime_operator_2' retrieved from /home/airflow/.local/lib/python3.12/site-packages/airflow/example_dags/example_branch_datetime_operator.py
[2025-10-09T19:04:33.414+0000] {logging_mixin.py:190} INFO - [2025-10-09T19:04:33.413+0000] {dag.py:3211} INFO - Sync 3 DAGs
[2025-10-09T19:04:33.580+0000] {logging_mixin.py:190} INFO - [2025-10-09T19:04:33.579+0000] {dag.py:4138} INFO - Setting next_dagrun for example_branch_datetime_operator to 2025-10-08 00:00:00+00:00, run_after=2025-10-09 00:00:00+00:00
[2025-10-09T19:04:33.602+0000] {logging_mixin.py:190} INFO - [2025-10-09T19:04:33.601+0000] {dag.py:4138} INFO - Setting next_dagrun for example_branch_datetime_operator_2 to 2025-10-08 00:00:00+00:00, run_after=2025-10-09 00:00:00+00:00
[2025-10-09T19:04:33.615+0000] {logging_mixin.py:190} INFO - [2025-10-09T19:04:33.614+0000] {dag.py:4138} INFO - Setting next_dagrun for example_branch_datetime_operator_3 to 2025-10-08 00:00:00+00:00, run_after=2025-10-09 00:00:00+00:00
[2025-10-09T19:04:33.688+0000] {processor.py:208} INFO - Processing /home/airflow/.local/lib/python3.12/site-packages/airflow/example_dags/example_branch_datetime_operator.py took 0.631 seconds
[2025-10-09T19:05:25.671+0000] {processor.py:186} INFO - Started process (PID=337) to work on /home/airflow/.local/lib/python3.12/site-packages/airflow/example_dags/example_branch_datetime_operator.py
[2025-10-09T19:05:25.681+0000] {processor.py:914} INFO - Processing file /home/airflow/.local/lib/python3.12/site-packages/airflow/example_dags/example_branch_datetime_operator.py for tasks to queue
[2025-10-09T19:05:25.736+0000] {logging_mixin.py:190} INFO - [2025-10-09T19:05:25.722+0000] {dagbag.py:587} INFO - Filling up the DagBag from /home/airflow/.local/lib/python3.12/site-packages/airflow/example_dags/example_branch_datetime_operator.py
[2025-10-09T19:05:25.883+0000] {processor.py:925} INFO - DAG(s) 'example_branch_datetime_operator', 'example_branch_datetime_operator_2', 'example_branch_datetime_operator_3' retrieved from /home/airflow/.local/lib/python3.12/site-packages/airflow/example_dags/example_branch_datetime_operator.py
[2025-10-09T19:05:26.240+0000] {logging_mixin.py:190} INFO - [2025-10-09T19:05:26.177+0000] {dag.py:3211} INFO - Sync 3 DAGs
[2025-10-09T19:05:26.783+0000] {logging_mixin.py:190} INFO - [2025-10-09T19:05:26.770+0000] {dag.py:4138} INFO - Setting next_dagrun for example_branch_datetime_operator to 2025-10-08 00:00:00+00:00, run_after=2025-10-09 00:00:00+00:00
[2025-10-09T19:05:26.895+0000] {logging_mixin.py:190} INFO - [2025-10-09T19:05:26.891+0000] {dag.py:4138} INFO - Setting next_dagrun for example_branch_datetime_operator_2 to 2025-10-08 00:00:00+00:00, run_after=2025-10-09 00:00:00+00:00
[2025-10-09T19:05:26.931+0000] {logging_mixin.py:190} INFO - [2025-10-09T19:05:26.930+0000] {dag.py:4138} INFO - Setting next_dagrun for example_branch_datetime_operator_3 to 2025-10-08 00:00:00+00:00, run_after=2025-10-09 00:00:00+00:00
[2025-10-09T19:05:27.204+0000] {processor.py:208} INFO - Processing /home/airflow/.local/lib/python3.12/site-packages/airflow/example_dags/example_branch_datetime_operator.py took 1.693 seconds
[2025-10-09T19:06:11.884+0000] {processor.py:186} INFO - Started process (PID=402) to work on /home/airflow/.local/lib/python3.12/site-packages/airflow/example_dags/example_branch_datetime_operator.py
[2025-10-09T19:06:11.901+0000] {processor.py:914} INFO - Processing file /home/airflow/.local/lib/python3.12/site-packages/airflow/example_dags/example_branch_datetime_operator.py for tasks to queue
[2025-10-09T19:06:11.936+0000] {logging_mixin.py:190} INFO - [2025-10-09T19:06:11.934+0000] {dagbag.py:587} INFO - Filling up the DagBag from /home/airflow/.local/lib/python3.12/site-packages/airflow/example_dags/example_branch_datetime_operator.py
[2025-10-09T19:06:12.026+0000] {processor.py:925} INFO - DAG(s) 'example_branch_datetime_operator_3', 'example_branch_datetime_operator', 'example_branch_datetime_operator_2' retrieved from /home/airflow/.local/lib/python3.12/site-packages/airflow/example_dags/example_branch_datetime_operator.py
[2025-10-09T19:06:12.241+0000] {logging_mixin.py:190} INFO - [2025-10-09T19:06:12.239+0000] {dag.py:3211} INFO - Sync 3 DAGs
[2025-10-09T19:06:12.499+0000] {logging_mixin.py:190} INFO - [2025-10-09T19:06:12.498+0000] {dag.py:4138} INFO - Setting next_dagrun for example_branch_datetime_operator to 2025-10-08 00:00:00+00:00, run_after=2025-10-09 00:00:00+00:00
[2025-10-09T19:06:12.574+0000] {logging_mixin.py:190} INFO - [2025-10-09T19:06:12.572+0000] {dag.py:4138} INFO - Setting next_dagrun for example_branch_datetime_operator_2 to 2025-10-08 00:00:00+00:00, run_after=2025-10-09 00:00:00+00:00
[2025-10-09T19:06:12.619+0000] {logging_mixin.py:190} INFO - [2025-10-09T19:06:12.614+0000] {dag.py:4138} INFO - Setting next_dagrun for example_branch_datetime_operator_3 to 2025-10-08 00:00:00+00:00, run_after=2025-10-09 00:00:00+00:00
[2025-10-09T19:06:12.813+0000] {processor.py:208} INFO - Processing /home/airflow/.local/lib/python3.12/site-packages/airflow/example_dags/example_branch_datetime_operator.py took 0.998 seconds
[2025-10-09T19:06:49.551+0000] {processor.py:186} INFO - Started process (PID=472) to work on /home/airflow/.local/lib/python3.12/site-packages/airflow/example_dags/example_branch_datetime_operator.py
[2025-10-09T19:06:49.558+0000] {processor.py:914} INFO - Processing file /home/airflow/.local/lib/python3.12/site-packages/airflow/example_dags/example_branch_datetime_operator.py for tasks to queue
[2025-10-09T19:06:49.583+0000] {logging_mixin.py:190} INFO - [2025-10-09T19:06:49.579+0000] {dagbag.py:587} INFO - Filling up the DagBag from /home/airflow/.local/lib/python3.12/site-packages/airflow/example_dags/example_branch_datetime_operator.py
[2025-10-09T19:06:49.727+0000] {processor.py:925} INFO - DAG(s) 'example_branch_datetime_operator_3', 'example_branch_datetime_operator_2', 'example_branch_datetime_operator' retrieved from /home/airflow/.local/lib/python3.12/site-packages/airflow/example_dags/example_branch_datetime_operator.py
[2025-10-09T19:06:49.946+0000] {logging_mixin.py:190} INFO - [2025-10-09T19:06:49.945+0000] {dag.py:3211} INFO - Sync 3 DAGs
[2025-10-09T19:06:50.151+0000] {logging_mixin.py:190} INFO - [2025-10-09T19:06:50.150+0000] {dag.py:4138} INFO - Setting next_dagrun for example_branch_datetime_operator to 2025-10-08 00:00:00+00:00, run_after=2025-10-09 00:00:00+00:00
[2025-10-09T19:06:50.189+0000] {logging_mixin.py:190} INFO - [2025-10-09T19:06:50.187+0000] {dag.py:4138} INFO - Setting next_dagrun for example_branch_datetime_operator_2 to 2025-10-08 00:00:00+00:00, run_after=2025-10-09 00:00:00+00:00
[2025-10-09T19:06:50.204+0000] {logging_mixin.py:190} INFO - [2025-10-09T19:06:50.202+0000] {dag.py:4138} INFO - Setting next_dagrun for example_branch_datetime_operator_3 to 2025-10-08 00:00:00+00:00, run_after=2025-10-09 00:00:00+00:00
[2025-10-09T19:06:50.308+0000] {processor.py:208} INFO - Processing /home/airflow/.local/lib/python3.12/site-packages/airflow/example_dags/example_branch_datetime_operator.py took 0.843 seconds
[2025-10-09T19:14:12.685+0000] {processor.py:186} INFO - Started process (PID=120) to work on /home/airflow/.local/lib/python3.12/site-packages/airflow/example_dags/example_branch_datetime_operator.py
[2025-10-09T19:14:12.689+0000] {processor.py:914} INFO - Processing file /home/airflow/.local/lib/python3.12/site-packages/airflow/example_dags/example_branch_datetime_operator.py for tasks to queue
[2025-10-09T19:14:12.699+0000] {logging_mixin.py:190} INFO - [2025-10-09T19:14:12.696+0000] {dagbag.py:587} INFO - Filling up the DagBag from /home/airflow/.local/lib/python3.12/site-packages/airflow/example_dags/example_branch_datetime_operator.py
[2025-10-09T19:14:12.762+0000] {processor.py:925} INFO - DAG(s) 'example_branch_datetime_operator', 'example_branch_datetime_operator_3', 'example_branch_datetime_operator_2' retrieved from /home/airflow/.local/lib/python3.12/site-packages/airflow/example_dags/example_branch_datetime_operator.py
[2025-10-09T19:14:12.836+0000] {logging_mixin.py:190} INFO - [2025-10-09T19:14:12.836+0000] {dag.py:3211} INFO - Sync 3 DAGs
[2025-10-09T19:14:12.912+0000] {logging_mixin.py:190} INFO - [2025-10-09T19:14:12.912+0000] {dag.py:4138} INFO - Setting next_dagrun for example_branch_datetime_operator to 2025-10-08 00:00:00+00:00, run_after=2025-10-09 00:00:00+00:00
[2025-10-09T19:14:12.928+0000] {logging_mixin.py:190} INFO - [2025-10-09T19:14:12.927+0000] {dag.py:4138} INFO - Setting next_dagrun for example_branch_datetime_operator_2 to 2025-10-08 00:00:00+00:00, run_after=2025-10-09 00:00:00+00:00
[2025-10-09T19:14:12.937+0000] {logging_mixin.py:190} INFO - [2025-10-09T19:14:12.936+0000] {dag.py:4138} INFO - Setting next_dagrun for example_branch_datetime_operator_3 to 2025-10-08 00:00:00+00:00, run_after=2025-10-09 00:00:00+00:00
[2025-10-09T19:14:12.978+0000] {processor.py:208} INFO - Processing /home/airflow/.local/lib/python3.12/site-packages/airflow/example_dags/example_branch_datetime_operator.py took 0.318 seconds
[2025-10-09T19:14:43.205+0000] {processor.py:186} INFO - Started process (PID=183) to work on /home/airflow/.local/lib/python3.12/site-packages/airflow/example_dags/example_branch_datetime_operator.py
[2025-10-09T19:14:43.208+0000] {processor.py:914} INFO - Processing file /home/airflow/.local/lib/python3.12/site-packages/airflow/example_dags/example_branch_datetime_operator.py for tasks to queue
[2025-10-09T19:14:43.214+0000] {logging_mixin.py:190} INFO - [2025-10-09T19:14:43.213+0000] {dagbag.py:587} INFO - Filling up the DagBag from /home/airflow/.local/lib/python3.12/site-packages/airflow/example_dags/example_branch_datetime_operator.py
[2025-10-09T19:14:43.244+0000] {processor.py:925} INFO - DAG(s) 'example_branch_datetime_operator_2', 'example_branch_datetime_operator', 'example_branch_datetime_operator_3' retrieved from /home/airflow/.local/lib/python3.12/site-packages/airflow/example_dags/example_branch_datetime_operator.py
[2025-10-09T19:14:43.306+0000] {logging_mixin.py:190} INFO - [2025-10-09T19:14:43.305+0000] {dag.py:3211} INFO - Sync 3 DAGs
[2025-10-09T19:14:43.362+0000] {logging_mixin.py:190} INFO - [2025-10-09T19:14:43.362+0000] {dag.py:4138} INFO - Setting next_dagrun for example_branch_datetime_operator to 2025-10-08 00:00:00+00:00, run_after=2025-10-09 00:00:00+00:00
[2025-10-09T19:14:43.373+0000] {logging_mixin.py:190} INFO - [2025-10-09T19:14:43.373+0000] {dag.py:4138} INFO - Setting next_dagrun for example_branch_datetime_operator_2 to 2025-10-08 00:00:00+00:00, run_after=2025-10-09 00:00:00+00:00
[2025-10-09T19:14:43.379+0000] {logging_mixin.py:190} INFO - [2025-10-09T19:14:43.378+0000] {dag.py:4138} INFO - Setting next_dagrun for example_branch_datetime_operator_3 to 2025-10-08 00:00:00+00:00, run_after=2025-10-09 00:00:00+00:00
[2025-10-09T19:14:43.415+0000] {processor.py:208} INFO - Processing /home/airflow/.local/lib/python3.12/site-packages/airflow/example_dags/example_branch_datetime_operator.py took 0.225 seconds
[2025-10-09T19:15:14.172+0000] {processor.py:186} INFO - Started process (PID=247) to work on /home/airflow/.local/lib/python3.12/site-packages/airflow/example_dags/example_branch_datetime_operator.py
[2025-10-09T19:15:14.179+0000] {processor.py:914} INFO - Processing file /home/airflow/.local/lib/python3.12/site-packages/airflow/example_dags/example_branch_datetime_operator.py for tasks to queue
[2025-10-09T19:15:14.185+0000] {logging_mixin.py:190} INFO - [2025-10-09T19:15:14.184+0000] {dagbag.py:587} INFO - Filling up the DagBag from /home/airflow/.local/lib/python3.12/site-packages/airflow/example_dags/example_branch_datetime_operator.py
[2025-10-09T19:15:14.227+0000] {processor.py:925} INFO - DAG(s) 'example_branch_datetime_operator', 'example_branch_datetime_operator_2', 'example_branch_datetime_operator_3' retrieved from /home/airflow/.local/lib/python3.12/site-packages/airflow/example_dags/example_branch_datetime_operator.py
[2025-10-09T19:15:14.325+0000] {logging_mixin.py:190} INFO - [2025-10-09T19:15:14.325+0000] {dag.py:3211} INFO - Sync 3 DAGs
[2025-10-09T19:15:14.477+0000] {logging_mixin.py:190} INFO - [2025-10-09T19:15:14.476+0000] {dag.py:4138} INFO - Setting next_dagrun for example_branch_datetime_operator to 2025-10-08 00:00:00+00:00, run_after=2025-10-09 00:00:00+00:00
[2025-10-09T19:15:14.493+0000] {logging_mixin.py:190} INFO - [2025-10-09T19:15:14.492+0000] {dag.py:4138} INFO - Setting next_dagrun for example_branch_datetime_operator_2 to 2025-10-08 00:00:00+00:00, run_after=2025-10-09 00:00:00+00:00
[2025-10-09T19:15:14.501+0000] {logging_mixin.py:190} INFO - [2025-10-09T19:15:14.501+0000] {dag.py:4138} INFO - Setting next_dagrun for example_branch_datetime_operator_3 to 2025-10-08 00:00:00+00:00, run_after=2025-10-09 00:00:00+00:00
[2025-10-09T19:15:14.617+0000] {processor.py:208} INFO - Processing /home/airflow/.local/lib/python3.12/site-packages/airflow/example_dags/example_branch_datetime_operator.py took 0.474 seconds
[2025-10-09T19:15:45.466+0000] {processor.py:186} INFO - Started process (PID=310) to work on /home/airflow/.local/lib/python3.12/site-packages/airflow/example_dags/example_branch_datetime_operator.py
[2025-10-09T19:15:45.469+0000] {processor.py:914} INFO - Processing file /home/airflow/.local/lib/python3.12/site-packages/airflow/example_dags/example_branch_datetime_operator.py for tasks to queue
[2025-10-09T19:15:45.477+0000] {logging_mixin.py:190} INFO - [2025-10-09T19:15:45.476+0000] {dagbag.py:587} INFO - Filling up the DagBag from /home/airflow/.local/lib/python3.12/site-packages/airflow/example_dags/example_branch_datetime_operator.py
[2025-10-09T19:15:45.515+0000] {processor.py:925} INFO - DAG(s) 'example_branch_datetime_operator_2', 'example_branch_datetime_operator_3', 'example_branch_datetime_operator' retrieved from /home/airflow/.local/lib/python3.12/site-packages/airflow/example_dags/example_branch_datetime_operator.py
[2025-10-09T19:15:45.592+0000] {logging_mixin.py:190} INFO - [2025-10-09T19:15:45.592+0000] {dag.py:3211} INFO - Sync 3 DAGs
[2025-10-09T19:15:45.653+0000] {logging_mixin.py:190} INFO - [2025-10-09T19:15:45.652+0000] {dag.py:4138} INFO - Setting next_dagrun for example_branch_datetime_operator to 2025-10-08 00:00:00+00:00, run_after=2025-10-09 00:00:00+00:00
[2025-10-09T19:15:45.662+0000] {logging_mixin.py:190} INFO - [2025-10-09T19:15:45.662+0000] {dag.py:4138} INFO - Setting next_dagrun for example_branch_datetime_operator_2 to 2025-10-08 00:00:00+00:00, run_after=2025-10-09 00:00:00+00:00
[2025-10-09T19:15:45.668+0000] {logging_mixin.py:190} INFO - [2025-10-09T19:15:45.667+0000] {dag.py:4138} INFO - Setting next_dagrun for example_branch_datetime_operator_3 to 2025-10-08 00:00:00+00:00, run_after=2025-10-09 00:00:00+00:00
[2025-10-09T19:15:45.717+0000] {processor.py:208} INFO - Processing /home/airflow/.local/lib/python3.12/site-packages/airflow/example_dags/example_branch_datetime_operator.py took 0.265 seconds
[2025-10-09T19:16:58.717+0000] {processor.py:186} INFO - Started process (PID=389) to work on /home/airflow/.local/lib/python3.12/site-packages/airflow/example_dags/example_branch_datetime_operator.py
[2025-10-09T19:16:58.735+0000] {processor.py:914} INFO - Processing file /home/airflow/.local/lib/python3.12/site-packages/airflow/example_dags/example_branch_datetime_operator.py for tasks to queue
[2025-10-09T19:16:58.807+0000] {logging_mixin.py:190} INFO - [2025-10-09T19:16:58.803+0000] {dagbag.py:587} INFO - Filling up the DagBag from /home/airflow/.local/lib/python3.12/site-packages/airflow/example_dags/example_branch_datetime_operator.py
[2025-10-09T19:16:59.271+0000] {processor.py:925} INFO - DAG(s) 'example_branch_datetime_operator_2', 'example_branch_datetime_operator', 'example_branch_datetime_operator_3' retrieved from /home/airflow/.local/lib/python3.12/site-packages/airflow/example_dags/example_branch_datetime_operator.py
[2025-10-09T19:17:00.192+0000] {logging_mixin.py:190} INFO - [2025-10-09T19:17:00.187+0000] {dag.py:3211} INFO - Sync 3 DAGs
[2025-10-09T19:17:00.971+0000] {logging_mixin.py:190} INFO - [2025-10-09T19:17:00.968+0000] {dag.py:4138} INFO - Setting next_dagrun for example_branch_datetime_operator to 2025-10-08 00:00:00+00:00, run_after=2025-10-09 00:00:00+00:00
[2025-10-09T19:17:01.060+0000] {logging_mixin.py:190} INFO - [2025-10-09T19:17:01.058+0000] {dag.py:4138} INFO - Setting next_dagrun for example_branch_datetime_operator_2 to 2025-10-08 00:00:00+00:00, run_after=2025-10-09 00:00:00+00:00
[2025-10-09T19:17:01.112+0000] {logging_mixin.py:190} INFO - [2025-10-09T19:17:01.110+0000] {dag.py:4138} INFO - Setting next_dagrun for example_branch_datetime_operator_3 to 2025-10-08 00:00:00+00:00, run_after=2025-10-09 00:00:00+00:00
[2025-10-09T19:17:01.517+0000] {processor.py:208} INFO - Processing /home/airflow/.local/lib/python3.12/site-packages/airflow/example_dags/example_branch_datetime_operator.py took 2.890 seconds
[2025-10-09T19:22:10.844+0000] {processor.py:186} INFO - Started process (PID=528) to work on /home/airflow/.local/lib/python3.12/site-packages/airflow/example_dags/example_branch_datetime_operator.py
[2025-10-09T19:22:10.876+0000] {processor.py:914} INFO - Processing file /home/airflow/.local/lib/python3.12/site-packages/airflow/example_dags/example_branch_datetime_operator.py for tasks to queue
[2025-10-09T19:22:10.963+0000] {logging_mixin.py:190} INFO - [2025-10-09T19:22:10.949+0000] {dagbag.py:587} INFO - Filling up the DagBag from /home/airflow/.local/lib/python3.12/site-packages/airflow/example_dags/example_branch_datetime_operator.py
[2025-10-09T19:22:11.240+0000] {processor.py:925} INFO - DAG(s) 'example_branch_datetime_operator', 'example_branch_datetime_operator_2', 'example_branch_datetime_operator_3' retrieved from /home/airflow/.local/lib/python3.12/site-packages/airflow/example_dags/example_branch_datetime_operator.py
[2025-10-09T19:22:11.838+0000] {logging_mixin.py:190} INFO - [2025-10-09T19:22:11.836+0000] {dag.py:3211} INFO - Sync 3 DAGs
[2025-10-09T19:22:12.470+0000] {logging_mixin.py:190} INFO - [2025-10-09T19:22:12.468+0000] {dag.py:4138} INFO - Setting next_dagrun for example_branch_datetime_operator to 2025-10-08 00:00:00+00:00, run_after=2025-10-09 00:00:00+00:00
[2025-10-09T19:22:12.645+0000] {logging_mixin.py:190} INFO - [2025-10-09T19:22:12.643+0000] {dag.py:4138} INFO - Setting next_dagrun for example_branch_datetime_operator_2 to 2025-10-08 00:00:00+00:00, run_after=2025-10-09 00:00:00+00:00
[2025-10-09T19:22:12.713+0000] {logging_mixin.py:190} INFO - [2025-10-09T19:22:12.711+0000] {dag.py:4138} INFO - Setting next_dagrun for example_branch_datetime_operator_3 to 2025-10-08 00:00:00+00:00, run_after=2025-10-09 00:00:00+00:00
[2025-10-09T19:22:13.085+0000] {processor.py:208} INFO - Processing /home/airflow/.local/lib/python3.12/site-packages/airflow/example_dags/example_branch_datetime_operator.py took 2.658 seconds
[2025-10-09T19:24:07.646+0000] {processor.py:186} INFO - Started process (PID=624) to work on /home/airflow/.local/lib/python3.12/site-packages/airflow/example_dags/example_branch_datetime_operator.py
[2025-10-09T19:24:07.678+0000] {processor.py:914} INFO - Processing file /home/airflow/.local/lib/python3.12/site-packages/airflow/example_dags/example_branch_datetime_operator.py for tasks to queue
[2025-10-09T19:24:07.702+0000] {logging_mixin.py:190} INFO - [2025-10-09T19:24:07.700+0000] {dagbag.py:587} INFO - Filling up the DagBag from /home/airflow/.local/lib/python3.12/site-packages/airflow/example_dags/example_branch_datetime_operator.py
[2025-10-09T19:24:07.820+0000] {processor.py:925} INFO - DAG(s) 'example_branch_datetime_operator_3', 'example_branch_datetime_operator', 'example_branch_datetime_operator_2' retrieved from /home/airflow/.local/lib/python3.12/site-packages/airflow/example_dags/example_branch_datetime_operator.py
[2025-10-09T19:24:08.019+0000] {logging_mixin.py:190} INFO - [2025-10-09T19:24:08.018+0000] {dag.py:3211} INFO - Sync 3 DAGs
[2025-10-09T19:24:08.131+0000] {logging_mixin.py:190} INFO - [2025-10-09T19:24:08.130+0000] {dag.py:4138} INFO - Setting next_dagrun for example_branch_datetime_operator to 2025-10-08 00:00:00+00:00, run_after=2025-10-09 00:00:00+00:00
[2025-10-09T19:24:08.154+0000] {logging_mixin.py:190} INFO - [2025-10-09T19:24:08.153+0000] {dag.py:4138} INFO - Setting next_dagrun for example_branch_datetime_operator_2 to 2025-10-08 00:00:00+00:00, run_after=2025-10-09 00:00:00+00:00
[2025-10-09T19:24:08.169+0000] {logging_mixin.py:190} INFO - [2025-10-09T19:24:08.168+0000] {dag.py:4138} INFO - Setting next_dagrun for example_branch_datetime_operator_3 to 2025-10-08 00:00:00+00:00, run_after=2025-10-09 00:00:00+00:00
[2025-10-09T19:24:08.550+0000] {processor.py:208} INFO - Processing /home/airflow/.local/lib/python3.12/site-packages/airflow/example_dags/example_branch_datetime_operator.py took 0.971 seconds
[2025-10-09T19:24:38.909+0000] {processor.py:186} INFO - Started process (PID=686) to work on /home/airflow/.local/lib/python3.12/site-packages/airflow/example_dags/example_branch_datetime_operator.py
[2025-10-09T19:24:38.916+0000] {processor.py:914} INFO - Processing file /home/airflow/.local/lib/python3.12/site-packages/airflow/example_dags/example_branch_datetime_operator.py for tasks to queue
[2025-10-09T19:24:38.930+0000] {logging_mixin.py:190} INFO - [2025-10-09T19:24:38.928+0000] {dagbag.py:587} INFO - Filling up the DagBag from /home/airflow/.local/lib/python3.12/site-packages/airflow/example_dags/example_branch_datetime_operator.py
[2025-10-09T19:24:39.006+0000] {processor.py:925} INFO - DAG(s) 'example_branch_datetime_operator', 'example_branch_datetime_operator_2', 'example_branch_datetime_operator_3' retrieved from /home/airflow/.local/lib/python3.12/site-packages/airflow/example_dags/example_branch_datetime_operator.py
[2025-10-09T19:24:39.120+0000] {logging_mixin.py:190} INFO - [2025-10-09T19:24:39.119+0000] {dag.py:3211} INFO - Sync 3 DAGs
[2025-10-09T19:24:39.235+0000] {logging_mixin.py:190} INFO - [2025-10-09T19:24:39.234+0000] {dag.py:4138} INFO - Setting next_dagrun for example_branch_datetime_operator to 2025-10-08 00:00:00+00:00, run_after=2025-10-09 00:00:00+00:00
[2025-10-09T19:24:39.263+0000] {logging_mixin.py:190} INFO - [2025-10-09T19:24:39.262+0000] {dag.py:4138} INFO - Setting next_dagrun for example_branch_datetime_operator_2 to 2025-10-08 00:00:00+00:00, run_after=2025-10-09 00:00:00+00:00
[2025-10-09T19:24:39.278+0000] {logging_mixin.py:190} INFO - [2025-10-09T19:24:39.277+0000] {dag.py:4138} INFO - Setting next_dagrun for example_branch_datetime_operator_3 to 2025-10-08 00:00:00+00:00, run_after=2025-10-09 00:00:00+00:00
[2025-10-09T19:24:39.357+0000] {processor.py:208} INFO - Processing /home/airflow/.local/lib/python3.12/site-packages/airflow/example_dags/example_branch_datetime_operator.py took 0.478 seconds
[2025-10-09T19:25:09.714+0000] {processor.py:186} INFO - Started process (PID=749) to work on /home/airflow/.local/lib/python3.12/site-packages/airflow/example_dags/example_branch_datetime_operator.py
[2025-10-09T19:25:09.718+0000] {processor.py:914} INFO - Processing file /home/airflow/.local/lib/python3.12/site-packages/airflow/example_dags/example_branch_datetime_operator.py for tasks to queue
[2025-10-09T19:25:09.727+0000] {logging_mixin.py:190} INFO - [2025-10-09T19:25:09.726+0000] {dagbag.py:587} INFO - Filling up the DagBag from /home/airflow/.local/lib/python3.12/site-packages/airflow/example_dags/example_branch_datetime_operator.py
[2025-10-09T19:25:09.768+0000] {processor.py:925} INFO - DAG(s) 'example_branch_datetime_operator_2', 'example_branch_datetime_operator_3', 'example_branch_datetime_operator' retrieved from /home/airflow/.local/lib/python3.12/site-packages/airflow/example_dags/example_branch_datetime_operator.py
[2025-10-09T19:25:09.851+0000] {logging_mixin.py:190} INFO - [2025-10-09T19:25:09.850+0000] {dag.py:3211} INFO - Sync 3 DAGs
[2025-10-09T19:25:09.926+0000] {logging_mixin.py:190} INFO - [2025-10-09T19:25:09.926+0000] {dag.py:4138} INFO - Setting next_dagrun for example_branch_datetime_operator to 2025-10-08 00:00:00+00:00, run_after=2025-10-09 00:00:00+00:00
[2025-10-09T19:25:09.939+0000] {logging_mixin.py:190} INFO - [2025-10-09T19:25:09.939+0000] {dag.py:4138} INFO - Setting next_dagrun for example_branch_datetime_operator_2 to 2025-10-08 00:00:00+00:00, run_after=2025-10-09 00:00:00+00:00
[2025-10-09T19:25:09.946+0000] {logging_mixin.py:190} INFO - [2025-10-09T19:25:09.945+0000] {dag.py:4138} INFO - Setting next_dagrun for example_branch_datetime_operator_3 to 2025-10-08 00:00:00+00:00, run_after=2025-10-09 00:00:00+00:00
[2025-10-09T19:25:09.992+0000] {processor.py:208} INFO - Processing /home/airflow/.local/lib/python3.12/site-packages/airflow/example_dags/example_branch_datetime_operator.py took 0.299 seconds
[2025-10-09T19:25:42.104+0000] {processor.py:186} INFO - Started process (PID=812) to work on /home/airflow/.local/lib/python3.12/site-packages/airflow/example_dags/example_branch_datetime_operator.py
[2025-10-09T19:25:42.121+0000] {processor.py:914} INFO - Processing file /home/airflow/.local/lib/python3.12/site-packages/airflow/example_dags/example_branch_datetime_operator.py for tasks to queue
[2025-10-09T19:25:42.150+0000] {logging_mixin.py:190} INFO - [2025-10-09T19:25:42.149+0000] {dagbag.py:587} INFO - Filling up the DagBag from /home/airflow/.local/lib/python3.12/site-packages/airflow/example_dags/example_branch_datetime_operator.py
[2025-10-09T19:25:42.324+0000] {processor.py:925} INFO - DAG(s) 'example_branch_datetime_operator', 'example_branch_datetime_operator_3', 'example_branch_datetime_operator_2' retrieved from /home/airflow/.local/lib/python3.12/site-packages/airflow/example_dags/example_branch_datetime_operator.py
[2025-10-09T19:25:42.645+0000] {logging_mixin.py:190} INFO - [2025-10-09T19:25:42.644+0000] {dag.py:3211} INFO - Sync 3 DAGs
[2025-10-09T19:25:42.943+0000] {logging_mixin.py:190} INFO - [2025-10-09T19:25:42.942+0000] {dag.py:4138} INFO - Setting next_dagrun for example_branch_datetime_operator to 2025-10-08 00:00:00+00:00, run_after=2025-10-09 00:00:00+00:00
[2025-10-09T19:25:43.007+0000] {logging_mixin.py:190} INFO - [2025-10-09T19:25:43.006+0000] {dag.py:4138} INFO - Setting next_dagrun for example_branch_datetime_operator_2 to 2025-10-08 00:00:00+00:00, run_after=2025-10-09 00:00:00+00:00
[2025-10-09T19:25:43.042+0000] {logging_mixin.py:190} INFO - [2025-10-09T19:25:43.042+0000] {dag.py:4138} INFO - Setting next_dagrun for example_branch_datetime_operator_3 to 2025-10-08 00:00:00+00:00, run_after=2025-10-09 00:00:00+00:00
[2025-10-09T19:25:43.153+0000] {processor.py:208} INFO - Processing /home/airflow/.local/lib/python3.12/site-packages/airflow/example_dags/example_branch_datetime_operator.py took 1.126 seconds
[2025-10-09T19:26:13.478+0000] {processor.py:186} INFO - Started process (PID=875) to work on /home/airflow/.local/lib/python3.12/site-packages/airflow/example_dags/example_branch_datetime_operator.py
[2025-10-09T19:26:13.485+0000] {processor.py:914} INFO - Processing file /home/airflow/.local/lib/python3.12/site-packages/airflow/example_dags/example_branch_datetime_operator.py for tasks to queue
[2025-10-09T19:26:13.498+0000] {logging_mixin.py:190} INFO - [2025-10-09T19:26:13.496+0000] {dagbag.py:587} INFO - Filling up the DagBag from /home/airflow/.local/lib/python3.12/site-packages/airflow/example_dags/example_branch_datetime_operator.py
[2025-10-09T19:26:13.583+0000] {processor.py:925} INFO - DAG(s) 'example_branch_datetime_operator_3', 'example_branch_datetime_operator_2', 'example_branch_datetime_operator' retrieved from /home/airflow/.local/lib/python3.12/site-packages/airflow/example_dags/example_branch_datetime_operator.py
[2025-10-09T19:26:13.713+0000] {logging_mixin.py:190} INFO - [2025-10-09T19:26:13.712+0000] {dag.py:3211} INFO - Sync 3 DAGs
[2025-10-09T19:26:13.962+0000] {logging_mixin.py:190} INFO - [2025-10-09T19:26:13.961+0000] {dag.py:4138} INFO - Setting next_dagrun for example_branch_datetime_operator to 2025-10-08 00:00:00+00:00, run_after=2025-10-09 00:00:00+00:00
[2025-10-09T19:26:14.022+0000] {logging_mixin.py:190} INFO - [2025-10-09T19:26:14.022+0000] {dag.py:4138} INFO - Setting next_dagrun for example_branch_datetime_operator_2 to 2025-10-08 00:00:00+00:00, run_after=2025-10-09 00:00:00+00:00
[2025-10-09T19:26:14.049+0000] {logging_mixin.py:190} INFO - [2025-10-09T19:26:14.048+0000] {dag.py:4138} INFO - Setting next_dagrun for example_branch_datetime_operator_3 to 2025-10-08 00:00:00+00:00, run_after=2025-10-09 00:00:00+00:00
[2025-10-09T19:26:14.188+0000] {processor.py:208} INFO - Processing /home/airflow/.local/lib/python3.12/site-packages/airflow/example_dags/example_branch_datetime_operator.py took 0.752 seconds
[2025-10-09T19:26:44.613+0000] {processor.py:186} INFO - Started process (PID=944) to work on /home/airflow/.local/lib/python3.12/site-packages/airflow/example_dags/example_branch_datetime_operator.py
[2025-10-09T19:26:44.618+0000] {processor.py:914} INFO - Processing file /home/airflow/.local/lib/python3.12/site-packages/airflow/example_dags/example_branch_datetime_operator.py for tasks to queue
[2025-10-09T19:26:44.630+0000] {logging_mixin.py:190} INFO - [2025-10-09T19:26:44.629+0000] {dagbag.py:587} INFO - Filling up the DagBag from /home/airflow/.local/lib/python3.12/site-packages/airflow/example_dags/example_branch_datetime_operator.py
[2025-10-09T19:26:44.680+0000] {processor.py:925} INFO - DAG(s) 'example_branch_datetime_operator', 'example_branch_datetime_operator_2', 'example_branch_datetime_operator_3' retrieved from /home/airflow/.local/lib/python3.12/site-packages/airflow/example_dags/example_branch_datetime_operator.py
[2025-10-09T19:26:44.770+0000] {logging_mixin.py:190} INFO - [2025-10-09T19:26:44.769+0000] {dag.py:3211} INFO - Sync 3 DAGs
[2025-10-09T19:26:44.865+0000] {logging_mixin.py:190} INFO - [2025-10-09T19:26:44.864+0000] {dag.py:4138} INFO - Setting next_dagrun for example_branch_datetime_operator to 2025-10-08 00:00:00+00:00, run_after=2025-10-09 00:00:00+00:00
[2025-10-09T19:26:44.882+0000] {logging_mixin.py:190} INFO - [2025-10-09T19:26:44.882+0000] {dag.py:4138} INFO - Setting next_dagrun for example_branch_datetime_operator_2 to 2025-10-08 00:00:00+00:00, run_after=2025-10-09 00:00:00+00:00
[2025-10-09T19:26:44.896+0000] {logging_mixin.py:190} INFO - [2025-10-09T19:26:44.895+0000] {dag.py:4138} INFO - Setting next_dagrun for example_branch_datetime_operator_3 to 2025-10-08 00:00:00+00:00, run_after=2025-10-09 00:00:00+00:00
[2025-10-09T19:26:44.956+0000] {processor.py:208} INFO - Processing /home/airflow/.local/lib/python3.12/site-packages/airflow/example_dags/example_branch_datetime_operator.py took 0.370 seconds
[2025-10-09T19:27:15.328+0000] {processor.py:186} INFO - Started process (PID=1007) to work on /home/airflow/.local/lib/python3.12/site-packages/airflow/example_dags/example_branch_datetime_operator.py
[2025-10-09T19:27:15.333+0000] {processor.py:914} INFO - Processing file /home/airflow/.local/lib/python3.12/site-packages/airflow/example_dags/example_branch_datetime_operator.py for tasks to queue
[2025-10-09T19:27:15.341+0000] {logging_mixin.py:190} INFO - [2025-10-09T19:27:15.340+0000] {dagbag.py:587} INFO - Filling up the DagBag from /home/airflow/.local/lib/python3.12/site-packages/airflow/example_dags/example_branch_datetime_operator.py
[2025-10-09T19:27:15.401+0000] {processor.py:925} INFO - DAG(s) 'example_branch_datetime_operator_3', 'example_branch_datetime_operator', 'example_branch_datetime_operator_2' retrieved from /home/airflow/.local/lib/python3.12/site-packages/airflow/example_dags/example_branch_datetime_operator.py
[2025-10-09T19:27:15.517+0000] {logging_mixin.py:190} INFO - [2025-10-09T19:27:15.516+0000] {dag.py:3211} INFO - Sync 3 DAGs
[2025-10-09T19:27:15.611+0000] {logging_mixin.py:190} INFO - [2025-10-09T19:27:15.610+0000] {dag.py:4138} INFO - Setting next_dagrun for example_branch_datetime_operator to 2025-10-08 00:00:00+00:00, run_after=2025-10-09 00:00:00+00:00
[2025-10-09T19:27:15.628+0000] {logging_mixin.py:190} INFO - [2025-10-09T19:27:15.627+0000] {dag.py:4138} INFO - Setting next_dagrun for example_branch_datetime_operator_2 to 2025-10-08 00:00:00+00:00, run_after=2025-10-09 00:00:00+00:00
[2025-10-09T19:27:15.638+0000] {logging_mixin.py:190} INFO - [2025-10-09T19:27:15.637+0000] {dag.py:4138} INFO - Setting next_dagrun for example_branch_datetime_operator_3 to 2025-10-08 00:00:00+00:00, run_after=2025-10-09 00:00:00+00:00
[2025-10-09T19:27:15.699+0000] {processor.py:208} INFO - Processing /home/airflow/.local/lib/python3.12/site-packages/airflow/example_dags/example_branch_datetime_operator.py took 0.396 seconds
[2025-10-09T19:27:56.753+0000] {processor.py:186} INFO - Started process (PID=1070) to work on /home/airflow/.local/lib/python3.12/site-packages/airflow/example_dags/example_branch_datetime_operator.py
[2025-10-09T19:27:56.773+0000] {processor.py:914} INFO - Processing file /home/airflow/.local/lib/python3.12/site-packages/airflow/example_dags/example_branch_datetime_operator.py for tasks to queue
[2025-10-09T19:27:56.820+0000] {logging_mixin.py:190} INFO - [2025-10-09T19:27:56.818+0000] {dagbag.py:587} INFO - Filling up the DagBag from /home/airflow/.local/lib/python3.12/site-packages/airflow/example_dags/example_branch_datetime_operator.py
[2025-10-09T19:27:57.052+0000] {processor.py:925} INFO - DAG(s) 'example_branch_datetime_operator_2', 'example_branch_datetime_operator', 'example_branch_datetime_operator_3' retrieved from /home/airflow/.local/lib/python3.12/site-packages/airflow/example_dags/example_branch_datetime_operator.py
[2025-10-09T19:27:57.454+0000] {logging_mixin.py:190} INFO - [2025-10-09T19:27:57.453+0000] {dag.py:3211} INFO - Sync 3 DAGs
[2025-10-09T19:27:57.934+0000] {logging_mixin.py:190} INFO - [2025-10-09T19:27:57.932+0000] {dag.py:4138} INFO - Setting next_dagrun for example_branch_datetime_operator to 2025-10-08 00:00:00+00:00, run_after=2025-10-09 00:00:00+00:00
[2025-10-09T19:27:57.997+0000] {logging_mixin.py:190} INFO - [2025-10-09T19:27:57.996+0000] {dag.py:4138} INFO - Setting next_dagrun for example_branch_datetime_operator_2 to 2025-10-08 00:00:00+00:00, run_after=2025-10-09 00:00:00+00:00
[2025-10-09T19:27:58.052+0000] {logging_mixin.py:190} INFO - [2025-10-09T19:27:58.050+0000] {dag.py:4138} INFO - Setting next_dagrun for example_branch_datetime_operator_3 to 2025-10-08 00:00:00+00:00, run_after=2025-10-09 00:00:00+00:00
[2025-10-09T19:27:58.316+0000] {processor.py:208} INFO - Processing /home/airflow/.local/lib/python3.12/site-packages/airflow/example_dags/example_branch_datetime_operator.py took 1.701 seconds
[2025-10-09T19:28:47.548+0000] {processor.py:186} INFO - Started process (PID=1139) to work on /home/airflow/.local/lib/python3.12/site-packages/airflow/example_dags/example_branch_datetime_operator.py
[2025-10-09T19:28:47.574+0000] {processor.py:914} INFO - Processing file /home/airflow/.local/lib/python3.12/site-packages/airflow/example_dags/example_branch_datetime_operator.py for tasks to queue
[2025-10-09T19:28:47.661+0000] {logging_mixin.py:190} INFO - [2025-10-09T19:28:47.658+0000] {dagbag.py:587} INFO - Filling up the DagBag from /home/airflow/.local/lib/python3.12/site-packages/airflow/example_dags/example_branch_datetime_operator.py
[2025-10-09T19:28:48.220+0000] {processor.py:925} INFO - DAG(s) 'example_branch_datetime_operator_3', 'example_branch_datetime_operator', 'example_branch_datetime_operator_2' retrieved from /home/airflow/.local/lib/python3.12/site-packages/airflow/example_dags/example_branch_datetime_operator.py
[2025-10-09T19:28:49.283+0000] {logging_mixin.py:190} INFO - [2025-10-09T19:28:49.280+0000] {dag.py:3211} INFO - Sync 3 DAGs
[2025-10-09T19:28:49.849+0000] {logging_mixin.py:190} INFO - [2025-10-09T19:28:49.844+0000] {dag.py:4138} INFO - Setting next_dagrun for example_branch_datetime_operator to 2025-10-08 00:00:00+00:00, run_after=2025-10-09 00:00:00+00:00
[2025-10-09T19:28:49.974+0000] {logging_mixin.py:190} INFO - [2025-10-09T19:28:49.973+0000] {dag.py:4138} INFO - Setting next_dagrun for example_branch_datetime_operator_2 to 2025-10-08 00:00:00+00:00, run_after=2025-10-09 00:00:00+00:00
[2025-10-09T19:28:50.056+0000] {logging_mixin.py:190} INFO - [2025-10-09T19:28:50.047+0000] {dag.py:4138} INFO - Setting next_dagrun for example_branch_datetime_operator_3 to 2025-10-08 00:00:00+00:00, run_after=2025-10-09 00:00:00+00:00
[2025-10-09T19:28:50.351+0000] {processor.py:208} INFO - Processing /home/airflow/.local/lib/python3.12/site-packages/airflow/example_dags/example_branch_datetime_operator.py took 3.235 seconds
[2025-10-09T19:30:15.956+0000] {processor.py:186} INFO - Started process (PID=1208) to work on /home/airflow/.local/lib/python3.12/site-packages/airflow/example_dags/example_branch_datetime_operator.py
[2025-10-09T19:30:15.987+0000] {processor.py:914} INFO - Processing file /home/airflow/.local/lib/python3.12/site-packages/airflow/example_dags/example_branch_datetime_operator.py for tasks to queue
[2025-10-09T19:30:16.069+0000] {logging_mixin.py:190} INFO - [2025-10-09T19:30:16.039+0000] {dagbag.py:587} INFO - Filling up the DagBag from /home/airflow/.local/lib/python3.12/site-packages/airflow/example_dags/example_branch_datetime_operator.py
[2025-10-09T19:30:16.461+0000] {processor.py:925} INFO - DAG(s) 'example_branch_datetime_operator_3', 'example_branch_datetime_operator_2', 'example_branch_datetime_operator' retrieved from /home/airflow/.local/lib/python3.12/site-packages/airflow/example_dags/example_branch_datetime_operator.py
[2025-10-09T19:30:17.303+0000] {logging_mixin.py:190} INFO - [2025-10-09T19:30:17.301+0000] {dag.py:3211} INFO - Sync 3 DAGs
[2025-10-09T19:30:18.050+0000] {logging_mixin.py:190} INFO - [2025-10-09T19:30:18.037+0000] {dag.py:4138} INFO - Setting next_dagrun for example_branch_datetime_operator to 2025-10-08 00:00:00+00:00, run_after=2025-10-09 00:00:00+00:00
[2025-10-09T19:30:18.207+0000] {logging_mixin.py:190} INFO - [2025-10-09T19:30:18.194+0000] {dag.py:4138} INFO - Setting next_dagrun for example_branch_datetime_operator_2 to 2025-10-08 00:00:00+00:00, run_after=2025-10-09 00:00:00+00:00
[2025-10-09T19:30:18.305+0000] {logging_mixin.py:190} INFO - [2025-10-09T19:30:18.303+0000] {dag.py:4138} INFO - Setting next_dagrun for example_branch_datetime_operator_3 to 2025-10-08 00:00:00+00:00, run_after=2025-10-09 00:00:00+00:00
[2025-10-09T19:30:18.731+0000] {processor.py:208} INFO - Processing /home/airflow/.local/lib/python3.12/site-packages/airflow/example_dags/example_branch_datetime_operator.py took 2.963 seconds
