[2025-10-09T19:02:38.979+0000] {processor.py:186} INFO - Started process (PID=140) to work on /home/airflow/.local/lib/python3.12/site-packages/airflow/example_dags/example_latest_only_with_trigger.py
[2025-10-09T19:02:39.091+0000] {processor.py:914} INFO - Processing file /home/airflow/.local/lib/python3.12/site-packages/airflow/example_dags/example_latest_only_with_trigger.py for tasks to queue
[2025-10-09T19:02:39.479+0000] {logging_mixin.py:190} INFO - [2025-10-09T19:02:39.378+0000] {dagbag.py:587} INFO - Filling up the DagBag from /home/airflow/.local/lib/python3.12/site-packages/airflow/example_dags/example_latest_only_with_trigger.py
[2025-10-09T19:02:39.899+0000] {processor.py:925} INFO - DAG(s) 'latest_only_with_trigger' retrieved from /home/airflow/.local/lib/python3.12/site-packages/airflow/example_dags/example_latest_only_with_trigger.py
[2025-10-09T19:02:43.009+0000] {logging_mixin.py:190} INFO - [2025-10-09T19:02:43.003+0000] {override.py:1858} INFO - Created Permission View: can edit on DAG:latest_only_with_trigger
[2025-10-09T19:02:43.216+0000] {logging_mixin.py:190} INFO - [2025-10-09T19:02:43.159+0000] {override.py:1858} INFO - Created Permission View: can delete on DAG:latest_only_with_trigger
[2025-10-09T19:02:43.411+0000] {logging_mixin.py:190} INFO - [2025-10-09T19:02:43.409+0000] {override.py:1858} INFO - Created Permission View: can read on DAG:latest_only_with_trigger
[2025-10-09T19:02:43.427+0000] {logging_mixin.py:190} INFO - [2025-10-09T19:02:43.422+0000] {dag.py:3211} INFO - Sync 1 DAGs
[2025-10-09T19:02:44.559+0000] {logging_mixin.py:190} INFO - [2025-10-09T19:02:44.557+0000] {dag.py:3234} INFO - Creating ORM DAG for latest_only_with_trigger
[2025-10-09T19:02:45.186+0000] {logging_mixin.py:190} INFO - [2025-10-09T19:02:45.184+0000] {dag.py:4138} INFO - Setting next_dagrun for latest_only_with_trigger to 2025-10-09 12:00:00+00:00, run_after=2025-10-09 16:00:00+00:00
[2025-10-09T19:02:45.495+0000] {processor.py:208} INFO - Processing /home/airflow/.local/lib/python3.12/site-packages/airflow/example_dags/example_latest_only_with_trigger.py took 7.092 seconds
[2025-10-09T19:04:06.353+0000] {processor.py:186} INFO - Started process (PID=216) to work on /home/airflow/.local/lib/python3.12/site-packages/airflow/example_dags/example_latest_only_with_trigger.py
[2025-10-09T19:04:06.369+0000] {processor.py:914} INFO - Processing file /home/airflow/.local/lib/python3.12/site-packages/airflow/example_dags/example_latest_only_with_trigger.py for tasks to queue
[2025-10-09T19:04:06.446+0000] {logging_mixin.py:190} INFO - [2025-10-09T19:04:06.440+0000] {dagbag.py:587} INFO - Filling up the DagBag from /home/airflow/.local/lib/python3.12/site-packages/airflow/example_dags/example_latest_only_with_trigger.py
[2025-10-09T19:04:06.598+0000] {processor.py:925} INFO - DAG(s) 'latest_only_with_trigger' retrieved from /home/airflow/.local/lib/python3.12/site-packages/airflow/example_dags/example_latest_only_with_trigger.py
[2025-10-09T19:04:06.920+0000] {logging_mixin.py:190} INFO - [2025-10-09T19:04:06.919+0000] {dag.py:3211} INFO - Sync 1 DAGs
[2025-10-09T19:04:07.304+0000] {logging_mixin.py:190} INFO - [2025-10-09T19:04:07.303+0000] {dag.py:4138} INFO - Setting next_dagrun for latest_only_with_trigger to 2025-10-09 12:00:00+00:00, run_after=2025-10-09 16:00:00+00:00
[2025-10-09T19:04:07.606+0000] {processor.py:208} INFO - Processing /home/airflow/.local/lib/python3.12/site-packages/airflow/example_dags/example_latest_only_with_trigger.py took 1.411 seconds
[2025-10-09T19:04:43.261+0000] {processor.py:186} INFO - Started process (PID=286) to work on /home/airflow/.local/lib/python3.12/site-packages/airflow/example_dags/example_latest_only_with_trigger.py
[2025-10-09T19:04:43.268+0000] {processor.py:914} INFO - Processing file /home/airflow/.local/lib/python3.12/site-packages/airflow/example_dags/example_latest_only_with_trigger.py for tasks to queue
[2025-10-09T19:04:43.290+0000] {logging_mixin.py:190} INFO - [2025-10-09T19:04:43.288+0000] {dagbag.py:587} INFO - Filling up the DagBag from /home/airflow/.local/lib/python3.12/site-packages/airflow/example_dags/example_latest_only_with_trigger.py
[2025-10-09T19:04:43.348+0000] {processor.py:925} INFO - DAG(s) 'latest_only_with_trigger' retrieved from /home/airflow/.local/lib/python3.12/site-packages/airflow/example_dags/example_latest_only_with_trigger.py
[2025-10-09T19:04:43.546+0000] {logging_mixin.py:190} INFO - [2025-10-09T19:04:43.545+0000] {dag.py:3211} INFO - Sync 1 DAGs
[2025-10-09T19:04:43.953+0000] {logging_mixin.py:190} INFO - [2025-10-09T19:04:43.951+0000] {dag.py:4138} INFO - Setting next_dagrun for latest_only_with_trigger to 2025-10-09 12:00:00+00:00, run_after=2025-10-09 16:00:00+00:00
[2025-10-09T19:04:44.149+0000] {processor.py:208} INFO - Processing /home/airflow/.local/lib/python3.12/site-packages/airflow/example_dags/example_latest_only_with_trigger.py took 0.937 seconds
[2025-10-09T19:05:38.121+0000] {processor.py:186} INFO - Started process (PID=349) to work on /home/airflow/.local/lib/python3.12/site-packages/airflow/example_dags/example_latest_only_with_trigger.py
[2025-10-09T19:05:38.134+0000] {processor.py:914} INFO - Processing file /home/airflow/.local/lib/python3.12/site-packages/airflow/example_dags/example_latest_only_with_trigger.py for tasks to queue
[2025-10-09T19:05:38.187+0000] {logging_mixin.py:190} INFO - [2025-10-09T19:05:38.173+0000] {dagbag.py:587} INFO - Filling up the DagBag from /home/airflow/.local/lib/python3.12/site-packages/airflow/example_dags/example_latest_only_with_trigger.py
[2025-10-09T19:05:38.298+0000] {processor.py:925} INFO - DAG(s) 'latest_only_with_trigger' retrieved from /home/airflow/.local/lib/python3.12/site-packages/airflow/example_dags/example_latest_only_with_trigger.py
[2025-10-09T19:05:38.506+0000] {logging_mixin.py:190} INFO - [2025-10-09T19:05:38.505+0000] {dag.py:3211} INFO - Sync 1 DAGs
[2025-10-09T19:05:38.744+0000] {logging_mixin.py:190} INFO - [2025-10-09T19:05:38.743+0000] {dag.py:4138} INFO - Setting next_dagrun for latest_only_with_trigger to 2025-10-09 12:00:00+00:00, run_after=2025-10-09 16:00:00+00:00
[2025-10-09T19:05:38.930+0000] {processor.py:208} INFO - Processing /home/airflow/.local/lib/python3.12/site-packages/airflow/example_dags/example_latest_only_with_trigger.py took 0.852 seconds
[2025-10-09T19:06:18.752+0000] {processor.py:186} INFO - Started process (PID=419) to work on /home/airflow/.local/lib/python3.12/site-packages/airflow/example_dags/example_latest_only_with_trigger.py
[2025-10-09T19:06:18.759+0000] {processor.py:914} INFO - Processing file /home/airflow/.local/lib/python3.12/site-packages/airflow/example_dags/example_latest_only_with_trigger.py for tasks to queue
[2025-10-09T19:06:18.783+0000] {logging_mixin.py:190} INFO - [2025-10-09T19:06:18.780+0000] {dagbag.py:587} INFO - Filling up the DagBag from /home/airflow/.local/lib/python3.12/site-packages/airflow/example_dags/example_latest_only_with_trigger.py
[2025-10-09T19:06:18.828+0000] {processor.py:925} INFO - DAG(s) 'latest_only_with_trigger' retrieved from /home/airflow/.local/lib/python3.12/site-packages/airflow/example_dags/example_latest_only_with_trigger.py
[2025-10-09T19:06:19.021+0000] {logging_mixin.py:190} INFO - [2025-10-09T19:06:19.020+0000] {dag.py:3211} INFO - Sync 1 DAGs
[2025-10-09T19:06:19.317+0000] {logging_mixin.py:190} INFO - [2025-10-09T19:06:19.315+0000] {dag.py:4138} INFO - Setting next_dagrun for latest_only_with_trigger to 2025-10-09 12:00:00+00:00, run_after=2025-10-09 16:00:00+00:00
[2025-10-09T19:06:19.484+0000] {processor.py:208} INFO - Processing /home/airflow/.local/lib/python3.12/site-packages/airflow/example_dags/example_latest_only_with_trigger.py took 0.777 seconds
[2025-10-09T19:06:52.764+0000] {processor.py:186} INFO - Started process (PID=479) to work on /home/airflow/.local/lib/python3.12/site-packages/airflow/example_dags/example_latest_only_with_trigger.py
[2025-10-09T19:06:52.770+0000] {processor.py:914} INFO - Processing file /home/airflow/.local/lib/python3.12/site-packages/airflow/example_dags/example_latest_only_with_trigger.py for tasks to queue
[2025-10-09T19:06:52.786+0000] {logging_mixin.py:190} INFO - [2025-10-09T19:06:52.784+0000] {dagbag.py:587} INFO - Filling up the DagBag from /home/airflow/.local/lib/python3.12/site-packages/airflow/example_dags/example_latest_only_with_trigger.py
[2025-10-09T19:06:52.833+0000] {processor.py:925} INFO - DAG(s) 'latest_only_with_trigger' retrieved from /home/airflow/.local/lib/python3.12/site-packages/airflow/example_dags/example_latest_only_with_trigger.py
[2025-10-09T19:06:52.954+0000] {logging_mixin.py:190} INFO - [2025-10-09T19:06:52.954+0000] {dag.py:3211} INFO - Sync 1 DAGs
[2025-10-09T19:06:53.080+0000] {logging_mixin.py:190} INFO - [2025-10-09T19:06:53.078+0000] {dag.py:4138} INFO - Setting next_dagrun for latest_only_with_trigger to 2025-10-09 12:00:00+00:00, run_after=2025-10-09 16:00:00+00:00
[2025-10-09T19:06:53.349+0000] {processor.py:208} INFO - Processing /home/airflow/.local/lib/python3.12/site-packages/airflow/example_dags/example_latest_only_with_trigger.py took 0.625 seconds
[2025-10-09T19:07:27.462+0000] {processor.py:186} INFO - Started process (PID=536) to work on /home/airflow/.local/lib/python3.12/site-packages/airflow/example_dags/example_latest_only_with_trigger.py
[2025-10-09T19:07:27.469+0000] {processor.py:914} INFO - Processing file /home/airflow/.local/lib/python3.12/site-packages/airflow/example_dags/example_latest_only_with_trigger.py for tasks to queue
[2025-10-09T19:07:27.488+0000] {logging_mixin.py:190} INFO - [2025-10-09T19:07:27.485+0000] {dagbag.py:587} INFO - Filling up the DagBag from /home/airflow/.local/lib/python3.12/site-packages/airflow/example_dags/example_latest_only_with_trigger.py
[2025-10-09T19:07:27.554+0000] {processor.py:925} INFO - DAG(s) 'latest_only_with_trigger' retrieved from /home/airflow/.local/lib/python3.12/site-packages/airflow/example_dags/example_latest_only_with_trigger.py
[2025-10-09T19:07:27.742+0000] {logging_mixin.py:190} INFO - [2025-10-09T19:07:27.740+0000] {dag.py:3211} INFO - Sync 1 DAGs
[2025-10-09T19:07:27.996+0000] {logging_mixin.py:190} INFO - [2025-10-09T19:07:27.994+0000] {dag.py:4138} INFO - Setting next_dagrun for latest_only_with_trigger to 2025-10-09 12:00:00+00:00, run_after=2025-10-09 16:00:00+00:00
[2025-10-09T19:07:28.124+0000] {processor.py:208} INFO - Processing /home/airflow/.local/lib/python3.12/site-packages/airflow/example_dags/example_latest_only_with_trigger.py took 0.708 seconds
[2025-10-09T19:13:57.200+0000] {processor.py:186} INFO - Started process (PID=84) to work on /home/airflow/.local/lib/python3.12/site-packages/airflow/example_dags/example_latest_only_with_trigger.py
[2025-10-09T19:13:57.204+0000] {processor.py:914} INFO - Processing file /home/airflow/.local/lib/python3.12/site-packages/airflow/example_dags/example_latest_only_with_trigger.py for tasks to queue
[2025-10-09T19:13:57.216+0000] {logging_mixin.py:190} INFO - [2025-10-09T19:13:57.215+0000] {dagbag.py:587} INFO - Filling up the DagBag from /home/airflow/.local/lib/python3.12/site-packages/airflow/example_dags/example_latest_only_with_trigger.py
[2025-10-09T19:13:57.247+0000] {processor.py:925} INFO - DAG(s) 'latest_only_with_trigger' retrieved from /home/airflow/.local/lib/python3.12/site-packages/airflow/example_dags/example_latest_only_with_trigger.py
[2025-10-09T19:13:57.413+0000] {logging_mixin.py:190} INFO - [2025-10-09T19:13:57.412+0000] {dag.py:3211} INFO - Sync 1 DAGs
[2025-10-09T19:13:57.544+0000] {logging_mixin.py:190} INFO - [2025-10-09T19:13:57.544+0000] {dag.py:4138} INFO - Setting next_dagrun for latest_only_with_trigger to 2025-10-09 12:00:00+00:00, run_after=2025-10-09 16:00:00+00:00
[2025-10-09T19:13:57.634+0000] {processor.py:208} INFO - Processing /home/airflow/.local/lib/python3.12/site-packages/airflow/example_dags/example_latest_only_with_trigger.py took 0.454 seconds
[2025-10-09T19:14:27.890+0000] {processor.py:186} INFO - Started process (PID=147) to work on /home/airflow/.local/lib/python3.12/site-packages/airflow/example_dags/example_latest_only_with_trigger.py
[2025-10-09T19:14:27.892+0000] {processor.py:914} INFO - Processing file /home/airflow/.local/lib/python3.12/site-packages/airflow/example_dags/example_latest_only_with_trigger.py for tasks to queue
[2025-10-09T19:14:27.897+0000] {logging_mixin.py:190} INFO - [2025-10-09T19:14:27.896+0000] {dagbag.py:587} INFO - Filling up the DagBag from /home/airflow/.local/lib/python3.12/site-packages/airflow/example_dags/example_latest_only_with_trigger.py
[2025-10-09T19:14:27.912+0000] {processor.py:925} INFO - DAG(s) 'latest_only_with_trigger' retrieved from /home/airflow/.local/lib/python3.12/site-packages/airflow/example_dags/example_latest_only_with_trigger.py
[2025-10-09T19:14:27.956+0000] {logging_mixin.py:190} INFO - [2025-10-09T19:14:27.955+0000] {dag.py:3211} INFO - Sync 1 DAGs
[2025-10-09T19:14:28.015+0000] {logging_mixin.py:190} INFO - [2025-10-09T19:14:28.015+0000] {dag.py:4138} INFO - Setting next_dagrun for latest_only_with_trigger to 2025-10-09 12:00:00+00:00, run_after=2025-10-09 16:00:00+00:00
[2025-10-09T19:14:28.058+0000] {processor.py:208} INFO - Processing /home/airflow/.local/lib/python3.12/site-packages/airflow/example_dags/example_latest_only_with_trigger.py took 0.179 seconds
[2025-10-09T19:14:58.615+0000] {processor.py:186} INFO - Started process (PID=211) to work on /home/airflow/.local/lib/python3.12/site-packages/airflow/example_dags/example_latest_only_with_trigger.py
[2025-10-09T19:14:58.617+0000] {processor.py:914} INFO - Processing file /home/airflow/.local/lib/python3.12/site-packages/airflow/example_dags/example_latest_only_with_trigger.py for tasks to queue
[2025-10-09T19:14:58.624+0000] {logging_mixin.py:190} INFO - [2025-10-09T19:14:58.623+0000] {dagbag.py:587} INFO - Filling up the DagBag from /home/airflow/.local/lib/python3.12/site-packages/airflow/example_dags/example_latest_only_with_trigger.py
[2025-10-09T19:14:58.644+0000] {processor.py:925} INFO - DAG(s) 'latest_only_with_trigger' retrieved from /home/airflow/.local/lib/python3.12/site-packages/airflow/example_dags/example_latest_only_with_trigger.py
[2025-10-09T19:14:58.717+0000] {logging_mixin.py:190} INFO - [2025-10-09T19:14:58.717+0000] {dag.py:3211} INFO - Sync 1 DAGs
[2025-10-09T19:14:58.779+0000] {logging_mixin.py:190} INFO - [2025-10-09T19:14:58.778+0000] {dag.py:4138} INFO - Setting next_dagrun for latest_only_with_trigger to 2025-10-09 12:00:00+00:00, run_after=2025-10-09 16:00:00+00:00
[2025-10-09T19:14:58.849+0000] {processor.py:208} INFO - Processing /home/airflow/.local/lib/python3.12/site-packages/airflow/example_dags/example_latest_only_with_trigger.py took 0.258 seconds
[2025-10-09T19:15:31.868+0000] {processor.py:186} INFO - Started process (PID=274) to work on /home/airflow/.local/lib/python3.12/site-packages/airflow/example_dags/example_latest_only_with_trigger.py
[2025-10-09T19:15:31.870+0000] {processor.py:914} INFO - Processing file /home/airflow/.local/lib/python3.12/site-packages/airflow/example_dags/example_latest_only_with_trigger.py for tasks to queue
[2025-10-09T19:15:31.877+0000] {logging_mixin.py:190} INFO - [2025-10-09T19:15:31.876+0000] {dagbag.py:587} INFO - Filling up the DagBag from /home/airflow/.local/lib/python3.12/site-packages/airflow/example_dags/example_latest_only_with_trigger.py
[2025-10-09T19:15:31.895+0000] {processor.py:925} INFO - DAG(s) 'latest_only_with_trigger' retrieved from /home/airflow/.local/lib/python3.12/site-packages/airflow/example_dags/example_latest_only_with_trigger.py
[2025-10-09T19:15:31.947+0000] {logging_mixin.py:190} INFO - [2025-10-09T19:15:31.947+0000] {dag.py:3211} INFO - Sync 1 DAGs
[2025-10-09T19:15:32.024+0000] {logging_mixin.py:190} INFO - [2025-10-09T19:15:32.024+0000] {dag.py:4138} INFO - Setting next_dagrun for latest_only_with_trigger to 2025-10-09 12:00:00+00:00, run_after=2025-10-09 16:00:00+00:00
[2025-10-09T19:15:32.106+0000] {processor.py:208} INFO - Processing /home/airflow/.local/lib/python3.12/site-packages/airflow/example_dags/example_latest_only_with_trigger.py took 0.259 seconds
[2025-10-09T19:16:03.046+0000] {processor.py:186} INFO - Started process (PID=338) to work on /home/airflow/.local/lib/python3.12/site-packages/airflow/example_dags/example_latest_only_with_trigger.py
[2025-10-09T19:16:03.049+0000] {processor.py:914} INFO - Processing file /home/airflow/.local/lib/python3.12/site-packages/airflow/example_dags/example_latest_only_with_trigger.py for tasks to queue
[2025-10-09T19:16:03.057+0000] {logging_mixin.py:190} INFO - [2025-10-09T19:16:03.056+0000] {dagbag.py:587} INFO - Filling up the DagBag from /home/airflow/.local/lib/python3.12/site-packages/airflow/example_dags/example_latest_only_with_trigger.py
[2025-10-09T19:16:03.078+0000] {processor.py:925} INFO - DAG(s) 'latest_only_with_trigger' retrieved from /home/airflow/.local/lib/python3.12/site-packages/airflow/example_dags/example_latest_only_with_trigger.py
[2025-10-09T19:16:03.148+0000] {logging_mixin.py:190} INFO - [2025-10-09T19:16:03.147+0000] {dag.py:3211} INFO - Sync 1 DAGs
[2025-10-09T19:16:03.216+0000] {logging_mixin.py:190} INFO - [2025-10-09T19:16:03.215+0000] {dag.py:4138} INFO - Setting next_dagrun for latest_only_with_trigger to 2025-10-09 12:00:00+00:00, run_after=2025-10-09 16:00:00+00:00
[2025-10-09T19:16:03.263+0000] {processor.py:208} INFO - Processing /home/airflow/.local/lib/python3.12/site-packages/airflow/example_dags/example_latest_only_with_trigger.py took 0.232 seconds
[2025-10-09T19:17:45.124+0000] {processor.py:186} INFO - Started process (PID=416) to work on /home/airflow/.local/lib/python3.12/site-packages/airflow/example_dags/example_latest_only_with_trigger.py
[2025-10-09T19:17:45.168+0000] {processor.py:914} INFO - Processing file /home/airflow/.local/lib/python3.12/site-packages/airflow/example_dags/example_latest_only_with_trigger.py for tasks to queue
[2025-10-09T19:17:45.314+0000] {logging_mixin.py:190} INFO - [2025-10-09T19:17:45.286+0000] {dagbag.py:587} INFO - Filling up the DagBag from /home/airflow/.local/lib/python3.12/site-packages/airflow/example_dags/example_latest_only_with_trigger.py
[2025-10-09T19:17:45.626+0000] {processor.py:925} INFO - DAG(s) 'latest_only_with_trigger' retrieved from /home/airflow/.local/lib/python3.12/site-packages/airflow/example_dags/example_latest_only_with_trigger.py
[2025-10-09T19:17:48.133+0000] {logging_mixin.py:190} INFO - [2025-10-09T19:17:48.130+0000] {dag.py:3211} INFO - Sync 1 DAGs
[2025-10-09T19:17:52.532+0000] {logging_mixin.py:190} INFO - [2025-10-09T19:17:52.529+0000] {dag.py:4138} INFO - Setting next_dagrun for latest_only_with_trigger to 2025-10-09 12:00:00+00:00, run_after=2025-10-09 16:00:00+00:00
[2025-10-09T19:17:54.035+0000] {processor.py:208} INFO - Processing /home/airflow/.local/lib/python3.12/site-packages/airflow/example_dags/example_latest_only_with_trigger.py took 9.068 seconds
[2025-10-09T19:20:47.245+0000] {processor.py:186} INFO - Started process (PID=487) to work on /home/airflow/.local/lib/python3.12/site-packages/airflow/example_dags/example_latest_only_with_trigger.py
[2025-10-09T19:20:47.581+0000] {processor.py:914} INFO - Processing file /home/airflow/.local/lib/python3.12/site-packages/airflow/example_dags/example_latest_only_with_trigger.py for tasks to queue
[2025-10-09T19:20:47.941+0000] {logging_mixin.py:190} INFO - [2025-10-09T19:20:47.925+0000] {dagbag.py:587} INFO - Filling up the DagBag from /home/airflow/.local/lib/python3.12/site-packages/airflow/example_dags/example_latest_only_with_trigger.py
[2025-10-09T19:20:48.322+0000] {processor.py:925} INFO - DAG(s) 'latest_only_with_trigger' retrieved from /home/airflow/.local/lib/python3.12/site-packages/airflow/example_dags/example_latest_only_with_trigger.py
[2025-10-09T19:20:49.043+0000] {logging_mixin.py:190} INFO - [2025-10-09T19:20:49.029+0000] {dag.py:3211} INFO - Sync 1 DAGs
[2025-10-09T19:20:49.685+0000] {logging_mixin.py:190} INFO - [2025-10-09T19:20:49.677+0000] {dag.py:4138} INFO - Setting next_dagrun for latest_only_with_trigger to 2025-10-09 12:00:00+00:00, run_after=2025-10-09 16:00:00+00:00
[2025-10-09T19:20:52.404+0000] {processor.py:208} INFO - Processing /home/airflow/.local/lib/python3.12/site-packages/airflow/example_dags/example_latest_only_with_trigger.py took 5.329 seconds
[2025-10-09T19:22:57.553+0000] {processor.py:186} INFO - Started process (PID=555) to work on /home/airflow/.local/lib/python3.12/site-packages/airflow/example_dags/example_latest_only_with_trigger.py
[2025-10-09T19:22:57.608+0000] {processor.py:914} INFO - Processing file /home/airflow/.local/lib/python3.12/site-packages/airflow/example_dags/example_latest_only_with_trigger.py for tasks to queue
[2025-10-09T19:22:57.707+0000] {logging_mixin.py:190} INFO - [2025-10-09T19:22:57.684+0000] {dagbag.py:587} INFO - Filling up the DagBag from /home/airflow/.local/lib/python3.12/site-packages/airflow/example_dags/example_latest_only_with_trigger.py
[2025-10-09T19:22:57.861+0000] {processor.py:925} INFO - DAG(s) 'latest_only_with_trigger' retrieved from /home/airflow/.local/lib/python3.12/site-packages/airflow/example_dags/example_latest_only_with_trigger.py
[2025-10-09T19:22:58.935+0000] {logging_mixin.py:190} INFO - [2025-10-09T19:22:58.933+0000] {dag.py:3211} INFO - Sync 1 DAGs
[2025-10-09T19:23:00.405+0000] {logging_mixin.py:190} INFO - [2025-10-09T19:23:00.390+0000] {dag.py:4138} INFO - Setting next_dagrun for latest_only_with_trigger to 2025-10-09 12:00:00+00:00, run_after=2025-10-09 16:00:00+00:00
[2025-10-09T19:23:01.082+0000] {processor.py:208} INFO - Processing /home/airflow/.local/lib/python3.12/site-packages/airflow/example_dags/example_latest_only_with_trigger.py took 3.829 seconds
[2025-10-09T19:24:00.151+0000] {processor.py:186} INFO - Started process (PID=607) to work on /home/airflow/.local/lib/python3.12/site-packages/airflow/example_dags/example_latest_only_with_trigger.py
[2025-10-09T19:24:00.160+0000] {processor.py:914} INFO - Processing file /home/airflow/.local/lib/python3.12/site-packages/airflow/example_dags/example_latest_only_with_trigger.py for tasks to queue
[2025-10-09T19:24:00.192+0000] {logging_mixin.py:190} INFO - [2025-10-09T19:24:00.190+0000] {dagbag.py:587} INFO - Filling up the DagBag from /home/airflow/.local/lib/python3.12/site-packages/airflow/example_dags/example_latest_only_with_trigger.py
[2025-10-09T19:24:00.300+0000] {processor.py:925} INFO - DAG(s) 'latest_only_with_trigger' retrieved from /home/airflow/.local/lib/python3.12/site-packages/airflow/example_dags/example_latest_only_with_trigger.py
[2025-10-09T19:24:00.466+0000] {logging_mixin.py:190} INFO - [2025-10-09T19:24:00.465+0000] {dag.py:3211} INFO - Sync 1 DAGs
[2025-10-09T19:24:00.648+0000] {logging_mixin.py:190} INFO - [2025-10-09T19:24:00.647+0000] {dag.py:4138} INFO - Setting next_dagrun for latest_only_with_trigger to 2025-10-09 12:00:00+00:00, run_after=2025-10-09 16:00:00+00:00
[2025-10-09T19:24:00.773+0000] {processor.py:208} INFO - Processing /home/airflow/.local/lib/python3.12/site-packages/airflow/example_dags/example_latest_only_with_trigger.py took 0.669 seconds
[2025-10-09T19:24:31.331+0000] {processor.py:186} INFO - Started process (PID=669) to work on /home/airflow/.local/lib/python3.12/site-packages/airflow/example_dags/example_latest_only_with_trigger.py
[2025-10-09T19:24:31.335+0000] {processor.py:914} INFO - Processing file /home/airflow/.local/lib/python3.12/site-packages/airflow/example_dags/example_latest_only_with_trigger.py for tasks to queue
[2025-10-09T19:24:31.343+0000] {logging_mixin.py:190} INFO - [2025-10-09T19:24:31.342+0000] {dagbag.py:587} INFO - Filling up the DagBag from /home/airflow/.local/lib/python3.12/site-packages/airflow/example_dags/example_latest_only_with_trigger.py
[2025-10-09T19:24:31.363+0000] {processor.py:925} INFO - DAG(s) 'latest_only_with_trigger' retrieved from /home/airflow/.local/lib/python3.12/site-packages/airflow/example_dags/example_latest_only_with_trigger.py
[2025-10-09T19:24:31.411+0000] {logging_mixin.py:190} INFO - [2025-10-09T19:24:31.410+0000] {dag.py:3211} INFO - Sync 1 DAGs
[2025-10-09T19:24:31.466+0000] {logging_mixin.py:190} INFO - [2025-10-09T19:24:31.466+0000] {dag.py:4138} INFO - Setting next_dagrun for latest_only_with_trigger to 2025-10-09 12:00:00+00:00, run_after=2025-10-09 16:00:00+00:00
[2025-10-09T19:24:31.532+0000] {processor.py:208} INFO - Processing /home/airflow/.local/lib/python3.12/site-packages/airflow/example_dags/example_latest_only_with_trigger.py took 0.229 seconds
[2025-10-09T19:25:02.335+0000] {processor.py:186} INFO - Started process (PID=732) to work on /home/airflow/.local/lib/python3.12/site-packages/airflow/example_dags/example_latest_only_with_trigger.py
[2025-10-09T19:25:02.339+0000] {processor.py:914} INFO - Processing file /home/airflow/.local/lib/python3.12/site-packages/airflow/example_dags/example_latest_only_with_trigger.py for tasks to queue
[2025-10-09T19:25:02.347+0000] {logging_mixin.py:190} INFO - [2025-10-09T19:25:02.346+0000] {dagbag.py:587} INFO - Filling up the DagBag from /home/airflow/.local/lib/python3.12/site-packages/airflow/example_dags/example_latest_only_with_trigger.py
[2025-10-09T19:25:02.376+0000] {processor.py:925} INFO - DAG(s) 'latest_only_with_trigger' retrieved from /home/airflow/.local/lib/python3.12/site-packages/airflow/example_dags/example_latest_only_with_trigger.py
[2025-10-09T19:25:02.458+0000] {logging_mixin.py:190} INFO - [2025-10-09T19:25:02.458+0000] {dag.py:3211} INFO - Sync 1 DAGs
[2025-10-09T19:25:02.528+0000] {logging_mixin.py:190} INFO - [2025-10-09T19:25:02.528+0000] {dag.py:4138} INFO - Setting next_dagrun for latest_only_with_trigger to 2025-10-09 12:00:00+00:00, run_after=2025-10-09 16:00:00+00:00
[2025-10-09T19:25:02.579+0000] {processor.py:208} INFO - Processing /home/airflow/.local/lib/python3.12/site-packages/airflow/example_dags/example_latest_only_with_trigger.py took 0.263 seconds
[2025-10-09T19:25:33.343+0000] {processor.py:186} INFO - Started process (PID=795) to work on /home/airflow/.local/lib/python3.12/site-packages/airflow/example_dags/example_latest_only_with_trigger.py
[2025-10-09T19:25:33.347+0000] {processor.py:914} INFO - Processing file /home/airflow/.local/lib/python3.12/site-packages/airflow/example_dags/example_latest_only_with_trigger.py for tasks to queue
[2025-10-09T19:25:33.357+0000] {logging_mixin.py:190} INFO - [2025-10-09T19:25:33.356+0000] {dagbag.py:587} INFO - Filling up the DagBag from /home/airflow/.local/lib/python3.12/site-packages/airflow/example_dags/example_latest_only_with_trigger.py
[2025-10-09T19:25:33.393+0000] {processor.py:925} INFO - DAG(s) 'latest_only_with_trigger' retrieved from /home/airflow/.local/lib/python3.12/site-packages/airflow/example_dags/example_latest_only_with_trigger.py
[2025-10-09T19:25:33.515+0000] {logging_mixin.py:190} INFO - [2025-10-09T19:25:33.514+0000] {dag.py:3211} INFO - Sync 1 DAGs
[2025-10-09T19:25:33.620+0000] {logging_mixin.py:190} INFO - [2025-10-09T19:25:33.619+0000] {dag.py:4138} INFO - Setting next_dagrun for latest_only_with_trigger to 2025-10-09 12:00:00+00:00, run_after=2025-10-09 16:00:00+00:00
[2025-10-09T19:25:33.690+0000] {processor.py:208} INFO - Processing /home/airflow/.local/lib/python3.12/site-packages/airflow/example_dags/example_latest_only_with_trigger.py took 0.368 seconds
[2025-10-09T19:26:04.654+0000] {processor.py:186} INFO - Started process (PID=858) to work on /home/airflow/.local/lib/python3.12/site-packages/airflow/example_dags/example_latest_only_with_trigger.py
[2025-10-09T19:26:04.656+0000] {processor.py:914} INFO - Processing file /home/airflow/.local/lib/python3.12/site-packages/airflow/example_dags/example_latest_only_with_trigger.py for tasks to queue
[2025-10-09T19:26:04.665+0000] {logging_mixin.py:190} INFO - [2025-10-09T19:26:04.664+0000] {dagbag.py:587} INFO - Filling up the DagBag from /home/airflow/.local/lib/python3.12/site-packages/airflow/example_dags/example_latest_only_with_trigger.py
[2025-10-09T19:26:04.690+0000] {processor.py:925} INFO - DAG(s) 'latest_only_with_trigger' retrieved from /home/airflow/.local/lib/python3.12/site-packages/airflow/example_dags/example_latest_only_with_trigger.py
[2025-10-09T19:26:04.740+0000] {logging_mixin.py:190} INFO - [2025-10-09T19:26:04.740+0000] {dag.py:3211} INFO - Sync 1 DAGs
[2025-10-09T19:26:04.818+0000] {logging_mixin.py:190} INFO - [2025-10-09T19:26:04.818+0000] {dag.py:4138} INFO - Setting next_dagrun for latest_only_with_trigger to 2025-10-09 12:00:00+00:00, run_after=2025-10-09 16:00:00+00:00
[2025-10-09T19:26:04.892+0000] {processor.py:208} INFO - Processing /home/airflow/.local/lib/python3.12/site-packages/airflow/example_dags/example_latest_only_with_trigger.py took 0.253 seconds
[2025-10-09T19:26:35.781+0000] {processor.py:186} INFO - Started process (PID=920) to work on /home/airflow/.local/lib/python3.12/site-packages/airflow/example_dags/example_latest_only_with_trigger.py
[2025-10-09T19:26:35.785+0000] {processor.py:914} INFO - Processing file /home/airflow/.local/lib/python3.12/site-packages/airflow/example_dags/example_latest_only_with_trigger.py for tasks to queue
[2025-10-09T19:26:35.793+0000] {logging_mixin.py:190} INFO - [2025-10-09T19:26:35.791+0000] {dagbag.py:587} INFO - Filling up the DagBag from /home/airflow/.local/lib/python3.12/site-packages/airflow/example_dags/example_latest_only_with_trigger.py
[2025-10-09T19:26:35.821+0000] {processor.py:925} INFO - DAG(s) 'latest_only_with_trigger' retrieved from /home/airflow/.local/lib/python3.12/site-packages/airflow/example_dags/example_latest_only_with_trigger.py
[2025-10-09T19:26:35.894+0000] {logging_mixin.py:190} INFO - [2025-10-09T19:26:35.893+0000] {dag.py:3211} INFO - Sync 1 DAGs
[2025-10-09T19:26:35.972+0000] {logging_mixin.py:190} INFO - [2025-10-09T19:26:35.972+0000] {dag.py:4138} INFO - Setting next_dagrun for latest_only_with_trigger to 2025-10-09 12:00:00+00:00, run_after=2025-10-09 16:00:00+00:00
[2025-10-09T19:26:36.027+0000] {processor.py:208} INFO - Processing /home/airflow/.local/lib/python3.12/site-packages/airflow/example_dags/example_latest_only_with_trigger.py took 0.270 seconds
[2025-10-09T19:27:06.986+0000] {processor.py:186} INFO - Started process (PID=983) to work on /home/airflow/.local/lib/python3.12/site-packages/airflow/example_dags/example_latest_only_with_trigger.py
[2025-10-09T19:27:06.991+0000] {processor.py:914} INFO - Processing file /home/airflow/.local/lib/python3.12/site-packages/airflow/example_dags/example_latest_only_with_trigger.py for tasks to queue
[2025-10-09T19:27:06.997+0000] {logging_mixin.py:190} INFO - [2025-10-09T19:27:06.996+0000] {dagbag.py:587} INFO - Filling up the DagBag from /home/airflow/.local/lib/python3.12/site-packages/airflow/example_dags/example_latest_only_with_trigger.py
[2025-10-09T19:27:07.017+0000] {processor.py:925} INFO - DAG(s) 'latest_only_with_trigger' retrieved from /home/airflow/.local/lib/python3.12/site-packages/airflow/example_dags/example_latest_only_with_trigger.py
[2025-10-09T19:27:07.069+0000] {logging_mixin.py:190} INFO - [2025-10-09T19:27:07.069+0000] {dag.py:3211} INFO - Sync 1 DAGs
[2025-10-09T19:27:07.126+0000] {logging_mixin.py:190} INFO - [2025-10-09T19:27:07.125+0000] {dag.py:4138} INFO - Setting next_dagrun for latest_only_with_trigger to 2025-10-09 12:00:00+00:00, run_after=2025-10-09 16:00:00+00:00
[2025-10-09T19:27:07.180+0000] {processor.py:208} INFO - Processing /home/airflow/.local/lib/python3.12/site-packages/airflow/example_dags/example_latest_only_with_trigger.py took 0.217 seconds
[2025-10-09T19:27:39.835+0000] {processor.py:186} INFO - Started process (PID=1046) to work on /home/airflow/.local/lib/python3.12/site-packages/airflow/example_dags/example_latest_only_with_trigger.py
[2025-10-09T19:27:39.841+0000] {processor.py:914} INFO - Processing file /home/airflow/.local/lib/python3.12/site-packages/airflow/example_dags/example_latest_only_with_trigger.py for tasks to queue
[2025-10-09T19:27:39.857+0000] {logging_mixin.py:190} INFO - [2025-10-09T19:27:39.855+0000] {dagbag.py:587} INFO - Filling up the DagBag from /home/airflow/.local/lib/python3.12/site-packages/airflow/example_dags/example_latest_only_with_trigger.py
[2025-10-09T19:27:39.917+0000] {processor.py:925} INFO - DAG(s) 'latest_only_with_trigger' retrieved from /home/airflow/.local/lib/python3.12/site-packages/airflow/example_dags/example_latest_only_with_trigger.py
[2025-10-09T19:27:40.055+0000] {logging_mixin.py:190} INFO - [2025-10-09T19:27:40.054+0000] {dag.py:3211} INFO - Sync 1 DAGs
[2025-10-09T19:27:40.292+0000] {logging_mixin.py:190} INFO - [2025-10-09T19:27:40.291+0000] {dag.py:4138} INFO - Setting next_dagrun for latest_only_with_trigger to 2025-10-09 12:00:00+00:00, run_after=2025-10-09 16:00:00+00:00
[2025-10-09T19:27:40.589+0000] {processor.py:208} INFO - Processing /home/airflow/.local/lib/python3.12/site-packages/airflow/example_dags/example_latest_only_with_trigger.py took 0.806 seconds
[2025-10-09T19:28:25.348+0000] {processor.py:186} INFO - Started process (PID=1111) to work on /home/airflow/.local/lib/python3.12/site-packages/airflow/example_dags/example_latest_only_with_trigger.py
[2025-10-09T19:28:25.355+0000] {processor.py:914} INFO - Processing file /home/airflow/.local/lib/python3.12/site-packages/airflow/example_dags/example_latest_only_with_trigger.py for tasks to queue
[2025-10-09T19:28:25.371+0000] {logging_mixin.py:190} INFO - [2025-10-09T19:28:25.368+0000] {dagbag.py:587} INFO - Filling up the DagBag from /home/airflow/.local/lib/python3.12/site-packages/airflow/example_dags/example_latest_only_with_trigger.py
[2025-10-09T19:28:25.422+0000] {processor.py:925} INFO - DAG(s) 'latest_only_with_trigger' retrieved from /home/airflow/.local/lib/python3.12/site-packages/airflow/example_dags/example_latest_only_with_trigger.py
[2025-10-09T19:28:25.585+0000] {logging_mixin.py:190} INFO - [2025-10-09T19:28:25.584+0000] {dag.py:3211} INFO - Sync 1 DAGs
[2025-10-09T19:28:25.783+0000] {logging_mixin.py:190} INFO - [2025-10-09T19:28:25.781+0000] {dag.py:4138} INFO - Setting next_dagrun for latest_only_with_trigger to 2025-10-09 12:00:00+00:00, run_after=2025-10-09 16:00:00+00:00
[2025-10-09T19:28:25.916+0000] {processor.py:208} INFO - Processing /home/airflow/.local/lib/python3.12/site-packages/airflow/example_dags/example_latest_only_with_trigger.py took 0.626 seconds
[2025-10-09T19:29:32.174+0000] {processor.py:186} INFO - Started process (PID=1182) to work on /home/airflow/.local/lib/python3.12/site-packages/airflow/example_dags/example_latest_only_with_trigger.py
[2025-10-09T19:29:32.188+0000] {processor.py:914} INFO - Processing file /home/airflow/.local/lib/python3.12/site-packages/airflow/example_dags/example_latest_only_with_trigger.py for tasks to queue
[2025-10-09T19:29:32.219+0000] {logging_mixin.py:190} INFO - [2025-10-09T19:29:32.214+0000] {dagbag.py:587} INFO - Filling up the DagBag from /home/airflow/.local/lib/python3.12/site-packages/airflow/example_dags/example_latest_only_with_trigger.py
[2025-10-09T19:29:32.298+0000] {processor.py:925} INFO - DAG(s) 'latest_only_with_trigger' retrieved from /home/airflow/.local/lib/python3.12/site-packages/airflow/example_dags/example_latest_only_with_trigger.py
[2025-10-09T19:29:32.579+0000] {logging_mixin.py:190} INFO - [2025-10-09T19:29:32.577+0000] {dag.py:3211} INFO - Sync 1 DAGs
[2025-10-09T19:29:33.072+0000] {logging_mixin.py:190} INFO - [2025-10-09T19:29:33.070+0000] {dag.py:4138} INFO - Setting next_dagrun for latest_only_with_trigger to 2025-10-09 12:00:00+00:00, run_after=2025-10-09 16:00:00+00:00
[2025-10-09T19:29:33.568+0000] {processor.py:208} INFO - Processing /home/airflow/.local/lib/python3.12/site-packages/airflow/example_dags/example_latest_only_with_trigger.py took 1.373 seconds
