[2025-10-09T19:02:46.553+0000] {processor.py:186} INFO - Started process (PID=148) to work on /home/airflow/.local/lib/python3.12/site-packages/airflow/example_dags/example_dataset_alias_with_no_taskflow.py
[2025-10-09T19:02:46.575+0000] {processor.py:914} INFO - Processing file /home/airflow/.local/lib/python3.12/site-packages/airflow/example_dags/example_dataset_alias_with_no_taskflow.py for tasks to queue
[2025-10-09T19:02:46.651+0000] {logging_mixin.py:190} INFO - [2025-10-09T19:02:46.645+0000] {dagbag.py:587} INFO - Filling up the DagBag from /home/airflow/.local/lib/python3.12/site-packages/airflow/example_dags/example_dataset_alias_with_no_taskflow.py
[2025-10-09T19:02:56.569+0000] {processor.py:925} INFO - DAG(s) 'dataset_alias_example_alias_producer_with_no_taskflow', 'dataset_s3_bucket_producer_with_no_taskflow', 'dataset_alias_example_alias_consumer_with_no_taskflow', 'dataset_s3_bucket_consumer_with_no_taskflow' retrieved from /home/airflow/.local/lib/python3.12/site-packages/airflow/example_dags/example_dataset_alias_with_no_taskflow.py
[2025-10-09T19:02:59.489+0000] {logging_mixin.py:190} INFO - [2025-10-09T19:02:59.486+0000] {override.py:1858} INFO - Created Permission View: can edit on DAG:dataset_alias_example_alias_producer_with_no_taskflow
[2025-10-09T19:02:59.741+0000] {logging_mixin.py:190} INFO - [2025-10-09T19:02:59.727+0000] {override.py:1858} INFO - Created Permission View: can delete on DAG:dataset_alias_example_alias_producer_with_no_taskflow
[2025-10-09T19:02:59.905+0000] {logging_mixin.py:190} INFO - [2025-10-09T19:02:59.903+0000] {override.py:1858} INFO - Created Permission View: can read on DAG:dataset_alias_example_alias_producer_with_no_taskflow
[2025-10-09T19:03:00.060+0000] {logging_mixin.py:190} INFO - [2025-10-09T19:03:00.059+0000] {override.py:1858} INFO - Created Permission View: can edit on DAG:dataset_s3_bucket_producer_with_no_taskflow
[2025-10-09T19:03:00.132+0000] {logging_mixin.py:190} INFO - [2025-10-09T19:03:00.129+0000] {override.py:1858} INFO - Created Permission View: can delete on DAG:dataset_s3_bucket_producer_with_no_taskflow
[2025-10-09T19:03:00.198+0000] {logging_mixin.py:190} INFO - [2025-10-09T19:03:00.196+0000] {override.py:1858} INFO - Created Permission View: can read on DAG:dataset_s3_bucket_producer_with_no_taskflow
[2025-10-09T19:03:00.329+0000] {logging_mixin.py:190} INFO - [2025-10-09T19:03:00.328+0000] {override.py:1858} INFO - Created Permission View: can edit on DAG:dataset_alias_example_alias_consumer_with_no_taskflow
[2025-10-09T19:03:00.389+0000] {logging_mixin.py:190} INFO - [2025-10-09T19:03:00.387+0000] {override.py:1858} INFO - Created Permission View: can delete on DAG:dataset_alias_example_alias_consumer_with_no_taskflow
[2025-10-09T19:03:00.460+0000] {logging_mixin.py:190} INFO - [2025-10-09T19:03:00.458+0000] {override.py:1858} INFO - Created Permission View: can read on DAG:dataset_alias_example_alias_consumer_with_no_taskflow
[2025-10-09T19:03:00.567+0000] {logging_mixin.py:190} INFO - [2025-10-09T19:03:00.565+0000] {override.py:1858} INFO - Created Permission View: can edit on DAG:dataset_s3_bucket_consumer_with_no_taskflow
[2025-10-09T19:03:00.620+0000] {logging_mixin.py:190} INFO - [2025-10-09T19:03:00.618+0000] {override.py:1858} INFO - Created Permission View: can delete on DAG:dataset_s3_bucket_consumer_with_no_taskflow
[2025-10-09T19:03:00.674+0000] {logging_mixin.py:190} INFO - [2025-10-09T19:03:00.673+0000] {override.py:1858} INFO - Created Permission View: can read on DAG:dataset_s3_bucket_consumer_with_no_taskflow
[2025-10-09T19:03:00.681+0000] {logging_mixin.py:190} INFO - [2025-10-09T19:03:00.677+0000] {dag.py:3211} INFO - Sync 4 DAGs
[2025-10-09T19:03:00.844+0000] {logging_mixin.py:190} INFO - [2025-10-09T19:03:00.833+0000] {dag.py:3234} INFO - Creating ORM DAG for dataset_s3_bucket_producer_with_no_taskflow
[2025-10-09T19:03:00.868+0000] {logging_mixin.py:190} INFO - [2025-10-09T19:03:00.862+0000] {dag.py:3234} INFO - Creating ORM DAG for dataset_alias_example_alias_producer_with_no_taskflow
[2025-10-09T19:03:00.877+0000] {logging_mixin.py:190} INFO - [2025-10-09T19:03:00.877+0000] {dag.py:3234} INFO - Creating ORM DAG for dataset_alias_example_alias_consumer_with_no_taskflow
[2025-10-09T19:03:00.906+0000] {logging_mixin.py:190} INFO - [2025-10-09T19:03:00.904+0000] {dag.py:3234} INFO - Creating ORM DAG for dataset_s3_bucket_consumer_with_no_taskflow
[2025-10-09T19:03:01.093+0000] {logging_mixin.py:190} INFO - [2025-10-09T19:03:01.091+0000] {dag.py:4138} INFO - Setting next_dagrun for dataset_alias_example_alias_consumer_with_no_taskflow to None, run_after=None
[2025-10-09T19:03:01.102+0000] {logging_mixin.py:190} INFO - [2025-10-09T19:03:01.101+0000] {dag.py:4138} INFO - Setting next_dagrun for dataset_alias_example_alias_producer_with_no_taskflow to None, run_after=None
[2025-10-09T19:03:01.110+0000] {logging_mixin.py:190} INFO - [2025-10-09T19:03:01.109+0000] {dag.py:4138} INFO - Setting next_dagrun for dataset_s3_bucket_consumer_with_no_taskflow to None, run_after=None
[2025-10-09T19:03:01.115+0000] {logging_mixin.py:190} INFO - [2025-10-09T19:03:01.114+0000] {dag.py:4138} INFO - Setting next_dagrun for dataset_s3_bucket_producer_with_no_taskflow to None, run_after=None
[2025-10-09T19:03:01.438+0000] {processor.py:208} INFO - Processing /home/airflow/.local/lib/python3.12/site-packages/airflow/example_dags/example_dataset_alias_with_no_taskflow.py took 15.251 seconds
[2025-10-09T19:04:08.123+0000] {processor.py:186} INFO - Started process (PID=218) to work on /home/airflow/.local/lib/python3.12/site-packages/airflow/example_dags/example_dataset_alias_with_no_taskflow.py
[2025-10-09T19:04:08.138+0000] {processor.py:914} INFO - Processing file /home/airflow/.local/lib/python3.12/site-packages/airflow/example_dags/example_dataset_alias_with_no_taskflow.py for tasks to queue
[2025-10-09T19:04:08.174+0000] {logging_mixin.py:190} INFO - [2025-10-09T19:04:08.169+0000] {dagbag.py:587} INFO - Filling up the DagBag from /home/airflow/.local/lib/python3.12/site-packages/airflow/example_dags/example_dataset_alias_with_no_taskflow.py
[2025-10-09T19:04:09.687+0000] {processor.py:925} INFO - DAG(s) 'dataset_s3_bucket_producer_with_no_taskflow', 'dataset_s3_bucket_consumer_with_no_taskflow', 'dataset_alias_example_alias_consumer_with_no_taskflow', 'dataset_alias_example_alias_producer_with_no_taskflow' retrieved from /home/airflow/.local/lib/python3.12/site-packages/airflow/example_dags/example_dataset_alias_with_no_taskflow.py
[2025-10-09T19:04:09.912+0000] {logging_mixin.py:190} INFO - [2025-10-09T19:04:09.911+0000] {dag.py:3211} INFO - Sync 4 DAGs
[2025-10-09T19:04:10.272+0000] {logging_mixin.py:190} INFO - [2025-10-09T19:04:10.269+0000] {dag.py:4138} INFO - Setting next_dagrun for dataset_alias_example_alias_consumer_with_no_taskflow to None, run_after=None
[2025-10-09T19:04:10.301+0000] {logging_mixin.py:190} INFO - [2025-10-09T19:04:10.300+0000] {dag.py:4138} INFO - Setting next_dagrun for dataset_alias_example_alias_producer_with_no_taskflow to None, run_after=None
[2025-10-09T19:04:10.322+0000] {logging_mixin.py:190} INFO - [2025-10-09T19:04:10.321+0000] {dag.py:4138} INFO - Setting next_dagrun for dataset_s3_bucket_consumer_with_no_taskflow to None, run_after=None
[2025-10-09T19:04:10.337+0000] {logging_mixin.py:190} INFO - [2025-10-09T19:04:10.336+0000] {dag.py:4138} INFO - Setting next_dagrun for dataset_s3_bucket_producer_with_no_taskflow to None, run_after=None
[2025-10-09T19:04:10.575+0000] {processor.py:208} INFO - Processing /home/airflow/.local/lib/python3.12/site-packages/airflow/example_dags/example_dataset_alias_with_no_taskflow.py took 2.535 seconds
[2025-10-09T19:04:45.255+0000] {processor.py:186} INFO - Started process (PID=288) to work on /home/airflow/.local/lib/python3.12/site-packages/airflow/example_dags/example_dataset_alias_with_no_taskflow.py
[2025-10-09T19:04:45.260+0000] {processor.py:914} INFO - Processing file /home/airflow/.local/lib/python3.12/site-packages/airflow/example_dags/example_dataset_alias_with_no_taskflow.py for tasks to queue
[2025-10-09T19:04:45.279+0000] {logging_mixin.py:190} INFO - [2025-10-09T19:04:45.277+0000] {dagbag.py:587} INFO - Filling up the DagBag from /home/airflow/.local/lib/python3.12/site-packages/airflow/example_dags/example_dataset_alias_with_no_taskflow.py
[2025-10-09T19:04:47.718+0000] {processor.py:925} INFO - DAG(s) 'dataset_s3_bucket_consumer_with_no_taskflow', 'dataset_s3_bucket_producer_with_no_taskflow', 'dataset_alias_example_alias_producer_with_no_taskflow', 'dataset_alias_example_alias_consumer_with_no_taskflow' retrieved from /home/airflow/.local/lib/python3.12/site-packages/airflow/example_dags/example_dataset_alias_with_no_taskflow.py
[2025-10-09T19:04:48.239+0000] {logging_mixin.py:190} INFO - [2025-10-09T19:04:48.238+0000] {dag.py:3211} INFO - Sync 4 DAGs
[2025-10-09T19:04:48.325+0000] {logging_mixin.py:190} INFO - [2025-10-09T19:04:48.324+0000] {dag.py:4138} INFO - Setting next_dagrun for dataset_alias_example_alias_consumer_with_no_taskflow to None, run_after=None
[2025-10-09T19:04:48.379+0000] {logging_mixin.py:190} INFO - [2025-10-09T19:04:48.378+0000] {dag.py:4138} INFO - Setting next_dagrun for dataset_alias_example_alias_producer_with_no_taskflow to None, run_after=None
[2025-10-09T19:04:48.411+0000] {logging_mixin.py:190} INFO - [2025-10-09T19:04:48.410+0000] {dag.py:4138} INFO - Setting next_dagrun for dataset_s3_bucket_consumer_with_no_taskflow to None, run_after=None
[2025-10-09T19:04:48.443+0000] {logging_mixin.py:190} INFO - [2025-10-09T19:04:48.429+0000] {dag.py:4138} INFO - Setting next_dagrun for dataset_s3_bucket_producer_with_no_taskflow to None, run_after=None
[2025-10-09T19:04:48.846+0000] {processor.py:208} INFO - Processing /home/airflow/.local/lib/python3.12/site-packages/airflow/example_dags/example_dataset_alias_with_no_taskflow.py took 4.166 seconds
[2025-10-09T19:05:39.326+0000] {processor.py:186} INFO - Started process (PID=351) to work on /home/airflow/.local/lib/python3.12/site-packages/airflow/example_dags/example_dataset_alias_with_no_taskflow.py
[2025-10-09T19:05:39.335+0000] {processor.py:914} INFO - Processing file /home/airflow/.local/lib/python3.12/site-packages/airflow/example_dags/example_dataset_alias_with_no_taskflow.py for tasks to queue
[2025-10-09T19:05:39.381+0000] {logging_mixin.py:190} INFO - [2025-10-09T19:05:39.372+0000] {dagbag.py:587} INFO - Filling up the DagBag from /home/airflow/.local/lib/python3.12/site-packages/airflow/example_dags/example_dataset_alias_with_no_taskflow.py
[2025-10-09T19:05:42.028+0000] {processor.py:925} INFO - DAG(s) 'dataset_s3_bucket_producer_with_no_taskflow', 'dataset_alias_example_alias_producer_with_no_taskflow', 'dataset_alias_example_alias_consumer_with_no_taskflow', 'dataset_s3_bucket_consumer_with_no_taskflow' retrieved from /home/airflow/.local/lib/python3.12/site-packages/airflow/example_dags/example_dataset_alias_with_no_taskflow.py
[2025-10-09T19:05:42.335+0000] {logging_mixin.py:190} INFO - [2025-10-09T19:05:42.334+0000] {dag.py:3211} INFO - Sync 4 DAGs
[2025-10-09T19:05:42.587+0000] {logging_mixin.py:190} INFO - [2025-10-09T19:05:42.584+0000] {dag.py:4138} INFO - Setting next_dagrun for dataset_alias_example_alias_consumer_with_no_taskflow to None, run_after=None
[2025-10-09T19:05:42.604+0000] {logging_mixin.py:190} INFO - [2025-10-09T19:05:42.603+0000] {dag.py:4138} INFO - Setting next_dagrun for dataset_alias_example_alias_producer_with_no_taskflow to None, run_after=None
[2025-10-09T19:05:42.613+0000] {logging_mixin.py:190} INFO - [2025-10-09T19:05:42.612+0000] {dag.py:4138} INFO - Setting next_dagrun for dataset_s3_bucket_consumer_with_no_taskflow to None, run_after=None
[2025-10-09T19:05:42.621+0000] {logging_mixin.py:190} INFO - [2025-10-09T19:05:42.620+0000] {dag.py:4138} INFO - Setting next_dagrun for dataset_s3_bucket_producer_with_no_taskflow to None, run_after=None
[2025-10-09T19:05:42.815+0000] {processor.py:208} INFO - Processing /home/airflow/.local/lib/python3.12/site-packages/airflow/example_dags/example_dataset_alias_with_no_taskflow.py took 3.562 seconds
[2025-10-09T19:06:19.989+0000] {processor.py:186} INFO - Started process (PID=421) to work on /home/airflow/.local/lib/python3.12/site-packages/airflow/example_dags/example_dataset_alias_with_no_taskflow.py
[2025-10-09T19:06:20.008+0000] {processor.py:914} INFO - Processing file /home/airflow/.local/lib/python3.12/site-packages/airflow/example_dags/example_dataset_alias_with_no_taskflow.py for tasks to queue
[2025-10-09T19:06:20.050+0000] {logging_mixin.py:190} INFO - [2025-10-09T19:06:20.047+0000] {dagbag.py:587} INFO - Filling up the DagBag from /home/airflow/.local/lib/python3.12/site-packages/airflow/example_dags/example_dataset_alias_with_no_taskflow.py
[2025-10-09T19:06:21.638+0000] {processor.py:925} INFO - DAG(s) 'dataset_s3_bucket_producer_with_no_taskflow', 'dataset_alias_example_alias_consumer_with_no_taskflow', 'dataset_s3_bucket_consumer_with_no_taskflow', 'dataset_alias_example_alias_producer_with_no_taskflow' retrieved from /home/airflow/.local/lib/python3.12/site-packages/airflow/example_dags/example_dataset_alias_with_no_taskflow.py
[2025-10-09T19:06:21.756+0000] {logging_mixin.py:190} INFO - [2025-10-09T19:06:21.755+0000] {dag.py:3211} INFO - Sync 4 DAGs
[2025-10-09T19:06:21.897+0000] {logging_mixin.py:190} INFO - [2025-10-09T19:06:21.896+0000] {dag.py:4138} INFO - Setting next_dagrun for dataset_alias_example_alias_consumer_with_no_taskflow to None, run_after=None
[2025-10-09T19:06:21.909+0000] {logging_mixin.py:190} INFO - [2025-10-09T19:06:21.908+0000] {dag.py:4138} INFO - Setting next_dagrun for dataset_alias_example_alias_producer_with_no_taskflow to None, run_after=None
[2025-10-09T19:06:21.916+0000] {logging_mixin.py:190} INFO - [2025-10-09T19:06:21.915+0000] {dag.py:4138} INFO - Setting next_dagrun for dataset_s3_bucket_consumer_with_no_taskflow to None, run_after=None
[2025-10-09T19:06:21.922+0000] {logging_mixin.py:190} INFO - [2025-10-09T19:06:21.922+0000] {dag.py:4138} INFO - Setting next_dagrun for dataset_s3_bucket_producer_with_no_taskflow to None, run_after=None
[2025-10-09T19:06:22.212+0000] {processor.py:208} INFO - Processing /home/airflow/.local/lib/python3.12/site-packages/airflow/example_dags/example_dataset_alias_with_no_taskflow.py took 2.321 seconds
[2025-10-09T19:06:54.498+0000] {processor.py:186} INFO - Started process (PID=485) to work on /home/airflow/.local/lib/python3.12/site-packages/airflow/example_dags/example_dataset_alias_with_no_taskflow.py
[2025-10-09T19:06:54.534+0000] {processor.py:914} INFO - Processing file /home/airflow/.local/lib/python3.12/site-packages/airflow/example_dags/example_dataset_alias_with_no_taskflow.py for tasks to queue
[2025-10-09T19:06:54.575+0000] {logging_mixin.py:190} INFO - [2025-10-09T19:06:54.564+0000] {dagbag.py:587} INFO - Filling up the DagBag from /home/airflow/.local/lib/python3.12/site-packages/airflow/example_dags/example_dataset_alias_with_no_taskflow.py
[2025-10-09T19:06:55.738+0000] {processor.py:925} INFO - DAG(s) 'dataset_s3_bucket_producer_with_no_taskflow', 'dataset_s3_bucket_consumer_with_no_taskflow', 'dataset_alias_example_alias_producer_with_no_taskflow', 'dataset_alias_example_alias_consumer_with_no_taskflow' retrieved from /home/airflow/.local/lib/python3.12/site-packages/airflow/example_dags/example_dataset_alias_with_no_taskflow.py
[2025-10-09T19:06:55.829+0000] {logging_mixin.py:190} INFO - [2025-10-09T19:06:55.828+0000] {dag.py:3211} INFO - Sync 4 DAGs
[2025-10-09T19:06:55.925+0000] {logging_mixin.py:190} INFO - [2025-10-09T19:06:55.924+0000] {dag.py:4138} INFO - Setting next_dagrun for dataset_alias_example_alias_consumer_with_no_taskflow to None, run_after=None
[2025-10-09T19:06:55.940+0000] {logging_mixin.py:190} INFO - [2025-10-09T19:06:55.939+0000] {dag.py:4138} INFO - Setting next_dagrun for dataset_alias_example_alias_producer_with_no_taskflow to None, run_after=None
[2025-10-09T19:06:55.946+0000] {logging_mixin.py:190} INFO - [2025-10-09T19:06:55.946+0000] {dag.py:4138} INFO - Setting next_dagrun for dataset_s3_bucket_consumer_with_no_taskflow to None, run_after=None
[2025-10-09T19:06:55.953+0000] {logging_mixin.py:190} INFO - [2025-10-09T19:06:55.952+0000] {dag.py:4138} INFO - Setting next_dagrun for dataset_s3_bucket_producer_with_no_taskflow to None, run_after=None
[2025-10-09T19:06:56.051+0000] {processor.py:208} INFO - Processing /home/airflow/.local/lib/python3.12/site-packages/airflow/example_dags/example_dataset_alias_with_no_taskflow.py took 1.634 seconds
[2025-10-09T19:13:57.775+0000] {processor.py:186} INFO - Started process (PID=86) to work on /home/airflow/.local/lib/python3.12/site-packages/airflow/example_dags/example_dataset_alias_with_no_taskflow.py
[2025-10-09T19:13:57.779+0000] {processor.py:914} INFO - Processing file /home/airflow/.local/lib/python3.12/site-packages/airflow/example_dags/example_dataset_alias_with_no_taskflow.py for tasks to queue
[2025-10-09T19:13:57.788+0000] {logging_mixin.py:190} INFO - [2025-10-09T19:13:57.786+0000] {dagbag.py:587} INFO - Filling up the DagBag from /home/airflow/.local/lib/python3.12/site-packages/airflow/example_dags/example_dataset_alias_with_no_taskflow.py
[2025-10-09T19:13:58.514+0000] {processor.py:925} INFO - DAG(s) 'dataset_alias_example_alias_consumer_with_no_taskflow', 'dataset_s3_bucket_producer_with_no_taskflow', 'dataset_s3_bucket_consumer_with_no_taskflow', 'dataset_alias_example_alias_producer_with_no_taskflow' retrieved from /home/airflow/.local/lib/python3.12/site-packages/airflow/example_dags/example_dataset_alias_with_no_taskflow.py
[2025-10-09T19:13:58.650+0000] {logging_mixin.py:190} INFO - [2025-10-09T19:13:58.650+0000] {dag.py:3211} INFO - Sync 4 DAGs
[2025-10-09T19:13:58.770+0000] {logging_mixin.py:190} INFO - [2025-10-09T19:13:58.770+0000] {dag.py:4138} INFO - Setting next_dagrun for dataset_alias_example_alias_consumer_with_no_taskflow to None, run_after=None
[2025-10-09T19:13:58.778+0000] {logging_mixin.py:190} INFO - [2025-10-09T19:13:58.778+0000] {dag.py:4138} INFO - Setting next_dagrun for dataset_alias_example_alias_producer_with_no_taskflow to None, run_after=None
[2025-10-09T19:13:58.783+0000] {logging_mixin.py:190} INFO - [2025-10-09T19:13:58.783+0000] {dag.py:4138} INFO - Setting next_dagrun for dataset_s3_bucket_consumer_with_no_taskflow to None, run_after=None
[2025-10-09T19:13:58.788+0000] {logging_mixin.py:190} INFO - [2025-10-09T19:13:58.787+0000] {dag.py:4138} INFO - Setting next_dagrun for dataset_s3_bucket_producer_with_no_taskflow to None, run_after=None
[2025-10-09T19:13:58.993+0000] {processor.py:208} INFO - Processing /home/airflow/.local/lib/python3.12/site-packages/airflow/example_dags/example_dataset_alias_with_no_taskflow.py took 1.241 seconds
[2025-10-09T19:14:29.248+0000] {processor.py:186} INFO - Started process (PID=149) to work on /home/airflow/.local/lib/python3.12/site-packages/airflow/example_dags/example_dataset_alias_with_no_taskflow.py
[2025-10-09T19:14:29.251+0000] {processor.py:914} INFO - Processing file /home/airflow/.local/lib/python3.12/site-packages/airflow/example_dags/example_dataset_alias_with_no_taskflow.py for tasks to queue
[2025-10-09T19:14:29.258+0000] {logging_mixin.py:190} INFO - [2025-10-09T19:14:29.257+0000] {dagbag.py:587} INFO - Filling up the DagBag from /home/airflow/.local/lib/python3.12/site-packages/airflow/example_dags/example_dataset_alias_with_no_taskflow.py
[2025-10-09T19:14:29.955+0000] {processor.py:925} INFO - DAG(s) 'dataset_alias_example_alias_consumer_with_no_taskflow', 'dataset_alias_example_alias_producer_with_no_taskflow', 'dataset_s3_bucket_consumer_with_no_taskflow', 'dataset_s3_bucket_producer_with_no_taskflow' retrieved from /home/airflow/.local/lib/python3.12/site-packages/airflow/example_dags/example_dataset_alias_with_no_taskflow.py
[2025-10-09T19:14:30.008+0000] {logging_mixin.py:190} INFO - [2025-10-09T19:14:30.007+0000] {dag.py:3211} INFO - Sync 4 DAGs
[2025-10-09T19:14:30.059+0000] {logging_mixin.py:190} INFO - [2025-10-09T19:14:30.059+0000] {dag.py:4138} INFO - Setting next_dagrun for dataset_alias_example_alias_consumer_with_no_taskflow to None, run_after=None
[2025-10-09T19:14:30.065+0000] {logging_mixin.py:190} INFO - [2025-10-09T19:14:30.064+0000] {dag.py:4138} INFO - Setting next_dagrun for dataset_alias_example_alias_producer_with_no_taskflow to None, run_after=None
[2025-10-09T19:14:30.068+0000] {logging_mixin.py:190} INFO - [2025-10-09T19:14:30.067+0000] {dag.py:4138} INFO - Setting next_dagrun for dataset_s3_bucket_consumer_with_no_taskflow to None, run_after=None
[2025-10-09T19:14:30.071+0000] {logging_mixin.py:190} INFO - [2025-10-09T19:14:30.070+0000] {dag.py:4138} INFO - Setting next_dagrun for dataset_s3_bucket_producer_with_no_taskflow to None, run_after=None
[2025-10-09T19:14:30.125+0000] {processor.py:208} INFO - Processing /home/airflow/.local/lib/python3.12/site-packages/airflow/example_dags/example_dataset_alias_with_no_taskflow.py took 0.890 seconds
[2025-10-09T19:15:00.325+0000] {processor.py:186} INFO - Started process (PID=213) to work on /home/airflow/.local/lib/python3.12/site-packages/airflow/example_dags/example_dataset_alias_with_no_taskflow.py
[2025-10-09T19:15:00.328+0000] {processor.py:914} INFO - Processing file /home/airflow/.local/lib/python3.12/site-packages/airflow/example_dags/example_dataset_alias_with_no_taskflow.py for tasks to queue
[2025-10-09T19:15:00.336+0000] {logging_mixin.py:190} INFO - [2025-10-09T19:15:00.335+0000] {dagbag.py:587} INFO - Filling up the DagBag from /home/airflow/.local/lib/python3.12/site-packages/airflow/example_dags/example_dataset_alias_with_no_taskflow.py
[2025-10-09T19:15:00.904+0000] {processor.py:925} INFO - DAG(s) 'dataset_alias_example_alias_consumer_with_no_taskflow', 'dataset_s3_bucket_producer_with_no_taskflow', 'dataset_alias_example_alias_producer_with_no_taskflow', 'dataset_s3_bucket_consumer_with_no_taskflow' retrieved from /home/airflow/.local/lib/python3.12/site-packages/airflow/example_dags/example_dataset_alias_with_no_taskflow.py
[2025-10-09T19:15:01.047+0000] {logging_mixin.py:190} INFO - [2025-10-09T19:15:01.046+0000] {dag.py:3211} INFO - Sync 4 DAGs
[2025-10-09T19:15:01.194+0000] {logging_mixin.py:190} INFO - [2025-10-09T19:15:01.193+0000] {dag.py:4138} INFO - Setting next_dagrun for dataset_alias_example_alias_consumer_with_no_taskflow to None, run_after=None
[2025-10-09T19:15:01.210+0000] {logging_mixin.py:190} INFO - [2025-10-09T19:15:01.209+0000] {dag.py:4138} INFO - Setting next_dagrun for dataset_alias_example_alias_producer_with_no_taskflow to None, run_after=None
[2025-10-09T19:15:01.219+0000] {logging_mixin.py:190} INFO - [2025-10-09T19:15:01.218+0000] {dag.py:4138} INFO - Setting next_dagrun for dataset_s3_bucket_consumer_with_no_taskflow to None, run_after=None
[2025-10-09T19:15:01.228+0000] {logging_mixin.py:190} INFO - [2025-10-09T19:15:01.227+0000] {dag.py:4138} INFO - Setting next_dagrun for dataset_s3_bucket_producer_with_no_taskflow to None, run_after=None
[2025-10-09T19:15:01.367+0000] {processor.py:208} INFO - Processing /home/airflow/.local/lib/python3.12/site-packages/airflow/example_dags/example_dataset_alias_with_no_taskflow.py took 1.059 seconds
[2025-10-09T19:15:30.662+0000] {processor.py:186} INFO - Started process (PID=276) to work on /home/airflow/.local/lib/python3.12/site-packages/airflow/example_dags/example_dataset_alias_with_no_taskflow.py
[2025-10-09T19:15:30.666+0000] {processor.py:914} INFO - Processing file /home/airflow/.local/lib/python3.12/site-packages/airflow/example_dags/example_dataset_alias_with_no_taskflow.py for tasks to queue
[2025-10-09T19:15:30.674+0000] {logging_mixin.py:190} INFO - [2025-10-09T19:15:30.673+0000] {dagbag.py:587} INFO - Filling up the DagBag from /home/airflow/.local/lib/python3.12/site-packages/airflow/example_dags/example_dataset_alias_with_no_taskflow.py
[2025-10-09T19:15:31.216+0000] {processor.py:925} INFO - DAG(s) 'dataset_alias_example_alias_consumer_with_no_taskflow', 'dataset_s3_bucket_producer_with_no_taskflow', 'dataset_alias_example_alias_producer_with_no_taskflow', 'dataset_s3_bucket_consumer_with_no_taskflow' retrieved from /home/airflow/.local/lib/python3.12/site-packages/airflow/example_dags/example_dataset_alias_with_no_taskflow.py
[2025-10-09T19:15:31.281+0000] {logging_mixin.py:190} INFO - [2025-10-09T19:15:31.280+0000] {dag.py:3211} INFO - Sync 4 DAGs
[2025-10-09T19:15:31.365+0000] {logging_mixin.py:190} INFO - [2025-10-09T19:15:31.365+0000] {dag.py:4138} INFO - Setting next_dagrun for dataset_alias_example_alias_consumer_with_no_taskflow to None, run_after=None
[2025-10-09T19:15:31.373+0000] {logging_mixin.py:190} INFO - [2025-10-09T19:15:31.373+0000] {dag.py:4138} INFO - Setting next_dagrun for dataset_alias_example_alias_producer_with_no_taskflow to None, run_after=None
[2025-10-09T19:15:31.377+0000] {logging_mixin.py:190} INFO - [2025-10-09T19:15:31.377+0000] {dag.py:4138} INFO - Setting next_dagrun for dataset_s3_bucket_consumer_with_no_taskflow to None, run_after=None
[2025-10-09T19:15:31.381+0000] {logging_mixin.py:190} INFO - [2025-10-09T19:15:31.381+0000] {dag.py:4138} INFO - Setting next_dagrun for dataset_s3_bucket_producer_with_no_taskflow to None, run_after=None
[2025-10-09T19:15:31.438+0000] {processor.py:208} INFO - Processing /home/airflow/.local/lib/python3.12/site-packages/airflow/example_dags/example_dataset_alias_with_no_taskflow.py took 0.815 seconds
[2025-10-09T19:16:03.099+0000] {processor.py:186} INFO - Started process (PID=339) to work on /home/airflow/.local/lib/python3.12/site-packages/airflow/example_dags/example_dataset_alias_with_no_taskflow.py
[2025-10-09T19:16:03.102+0000] {processor.py:914} INFO - Processing file /home/airflow/.local/lib/python3.12/site-packages/airflow/example_dags/example_dataset_alias_with_no_taskflow.py for tasks to queue
[2025-10-09T19:16:03.109+0000] {logging_mixin.py:190} INFO - [2025-10-09T19:16:03.108+0000] {dagbag.py:587} INFO - Filling up the DagBag from /home/airflow/.local/lib/python3.12/site-packages/airflow/example_dags/example_dataset_alias_with_no_taskflow.py
[2025-10-09T19:16:03.576+0000] {processor.py:925} INFO - DAG(s) 'dataset_alias_example_alias_consumer_with_no_taskflow', 'dataset_s3_bucket_consumer_with_no_taskflow', 'dataset_s3_bucket_producer_with_no_taskflow', 'dataset_alias_example_alias_producer_with_no_taskflow' retrieved from /home/airflow/.local/lib/python3.12/site-packages/airflow/example_dags/example_dataset_alias_with_no_taskflow.py
[2025-10-09T19:16:03.639+0000] {logging_mixin.py:190} INFO - [2025-10-09T19:16:03.638+0000] {dag.py:3211} INFO - Sync 4 DAGs
[2025-10-09T19:16:03.696+0000] {logging_mixin.py:190} INFO - [2025-10-09T19:16:03.695+0000] {dag.py:4138} INFO - Setting next_dagrun for dataset_alias_example_alias_consumer_with_no_taskflow to None, run_after=None
[2025-10-09T19:16:03.702+0000] {logging_mixin.py:190} INFO - [2025-10-09T19:16:03.702+0000] {dag.py:4138} INFO - Setting next_dagrun for dataset_alias_example_alias_producer_with_no_taskflow to None, run_after=None
[2025-10-09T19:16:03.706+0000] {logging_mixin.py:190} INFO - [2025-10-09T19:16:03.705+0000] {dag.py:4138} INFO - Setting next_dagrun for dataset_s3_bucket_consumer_with_no_taskflow to None, run_after=None
[2025-10-09T19:16:03.711+0000] {logging_mixin.py:190} INFO - [2025-10-09T19:16:03.711+0000] {dag.py:4138} INFO - Setting next_dagrun for dataset_s3_bucket_producer_with_no_taskflow to None, run_after=None
[2025-10-09T19:16:03.780+0000] {processor.py:208} INFO - Processing /home/airflow/.local/lib/python3.12/site-packages/airflow/example_dags/example_dataset_alias_with_no_taskflow.py took 0.701 seconds
[2025-10-09T19:17:55.178+0000] {processor.py:186} INFO - Started process (PID=418) to work on /home/airflow/.local/lib/python3.12/site-packages/airflow/example_dags/example_dataset_alias_with_no_taskflow.py
[2025-10-09T19:17:55.316+0000] {processor.py:914} INFO - Processing file /home/airflow/.local/lib/python3.12/site-packages/airflow/example_dags/example_dataset_alias_with_no_taskflow.py for tasks to queue
[2025-10-09T19:17:55.429+0000] {logging_mixin.py:190} INFO - [2025-10-09T19:17:55.413+0000] {dagbag.py:587} INFO - Filling up the DagBag from /home/airflow/.local/lib/python3.12/site-packages/airflow/example_dags/example_dataset_alias_with_no_taskflow.py
[2025-10-09T19:18:15.959+0000] {processor.py:925} INFO - DAG(s) 'dataset_s3_bucket_consumer_with_no_taskflow', 'dataset_s3_bucket_producer_with_no_taskflow', 'dataset_alias_example_alias_consumer_with_no_taskflow', 'dataset_alias_example_alias_producer_with_no_taskflow' retrieved from /home/airflow/.local/lib/python3.12/site-packages/airflow/example_dags/example_dataset_alias_with_no_taskflow.py
[2025-10-09T19:18:18.780+0000] {logging_mixin.py:190} INFO - [2025-10-09T19:18:18.729+0000] {dag.py:3211} INFO - Sync 4 DAGs
[2025-10-09T19:18:22.117+0000] {logging_mixin.py:190} INFO - [2025-10-09T19:18:22.115+0000] {dag.py:4138} INFO - Setting next_dagrun for dataset_alias_example_alias_consumer_with_no_taskflow to None, run_after=None
[2025-10-09T19:18:22.343+0000] {logging_mixin.py:190} INFO - [2025-10-09T19:18:22.341+0000] {dag.py:4138} INFO - Setting next_dagrun for dataset_alias_example_alias_producer_with_no_taskflow to None, run_after=None
[2025-10-09T19:18:22.411+0000] {logging_mixin.py:190} INFO - [2025-10-09T19:18:22.408+0000] {dag.py:4138} INFO - Setting next_dagrun for dataset_s3_bucket_consumer_with_no_taskflow to None, run_after=None
[2025-10-09T19:18:22.546+0000] {logging_mixin.py:190} INFO - [2025-10-09T19:18:22.544+0000] {dag.py:4138} INFO - Setting next_dagrun for dataset_s3_bucket_producer_with_no_taskflow to None, run_after=None
[2025-10-09T19:18:24.252+0000] {processor.py:208} INFO - Processing /home/airflow/.local/lib/python3.12/site-packages/airflow/example_dags/example_dataset_alias_with_no_taskflow.py took 29.349 seconds
[2025-10-09T19:20:57.736+0000] {processor.py:186} INFO - Started process (PID=489) to work on /home/airflow/.local/lib/python3.12/site-packages/airflow/example_dags/example_dataset_alias_with_no_taskflow.py
[2025-10-09T19:20:57.965+0000] {processor.py:914} INFO - Processing file /home/airflow/.local/lib/python3.12/site-packages/airflow/example_dags/example_dataset_alias_with_no_taskflow.py for tasks to queue
[2025-10-09T19:20:59.167+0000] {logging_mixin.py:190} INFO - [2025-10-09T19:20:59.011+0000] {dagbag.py:587} INFO - Filling up the DagBag from /home/airflow/.local/lib/python3.12/site-packages/airflow/example_dags/example_dataset_alias_with_no_taskflow.py
[2025-10-09T19:21:07.132+0000] {processor.py:925} INFO - DAG(s) 'dataset_s3_bucket_consumer_with_no_taskflow', 'dataset_alias_example_alias_producer_with_no_taskflow', 'dataset_alias_example_alias_consumer_with_no_taskflow', 'dataset_s3_bucket_producer_with_no_taskflow' retrieved from /home/airflow/.local/lib/python3.12/site-packages/airflow/example_dags/example_dataset_alias_with_no_taskflow.py
[2025-10-09T19:21:07.994+0000] {logging_mixin.py:190} INFO - [2025-10-09T19:21:07.992+0000] {dag.py:3211} INFO - Sync 4 DAGs
[2025-10-09T19:21:09.645+0000] {logging_mixin.py:190} INFO - [2025-10-09T19:21:09.643+0000] {dag.py:4138} INFO - Setting next_dagrun for dataset_alias_example_alias_consumer_with_no_taskflow to None, run_after=None
[2025-10-09T19:21:09.718+0000] {logging_mixin.py:190} INFO - [2025-10-09T19:21:09.716+0000] {dag.py:4138} INFO - Setting next_dagrun for dataset_alias_example_alias_producer_with_no_taskflow to None, run_after=None
[2025-10-09T19:21:09.768+0000] {logging_mixin.py:190} INFO - [2025-10-09T19:21:09.739+0000] {dag.py:4138} INFO - Setting next_dagrun for dataset_s3_bucket_consumer_with_no_taskflow to None, run_after=None
[2025-10-09T19:21:09.805+0000] {logging_mixin.py:190} INFO - [2025-10-09T19:21:09.803+0000] {dag.py:4138} INFO - Setting next_dagrun for dataset_s3_bucket_producer_with_no_taskflow to None, run_after=None
[2025-10-09T19:21:10.936+0000] {processor.py:208} INFO - Processing /home/airflow/.local/lib/python3.12/site-packages/airflow/example_dags/example_dataset_alias_with_no_taskflow.py took 14.043 seconds
[2025-10-09T19:23:03.034+0000] {processor.py:186} INFO - Started process (PID=557) to work on /home/airflow/.local/lib/python3.12/site-packages/airflow/example_dags/example_dataset_alias_with_no_taskflow.py
[2025-10-09T19:23:03.148+0000] {processor.py:914} INFO - Processing file /home/airflow/.local/lib/python3.12/site-packages/airflow/example_dags/example_dataset_alias_with_no_taskflow.py for tasks to queue
[2025-10-09T19:23:03.251+0000] {logging_mixin.py:190} INFO - [2025-10-09T19:23:03.246+0000] {dagbag.py:587} INFO - Filling up the DagBag from /home/airflow/.local/lib/python3.12/site-packages/airflow/example_dags/example_dataset_alias_with_no_taskflow.py
[2025-10-09T19:23:07.380+0000] {processor.py:925} INFO - DAG(s) 'dataset_alias_example_alias_producer_with_no_taskflow', 'dataset_alias_example_alias_consumer_with_no_taskflow', 'dataset_s3_bucket_producer_with_no_taskflow', 'dataset_s3_bucket_consumer_with_no_taskflow' retrieved from /home/airflow/.local/lib/python3.12/site-packages/airflow/example_dags/example_dataset_alias_with_no_taskflow.py
[2025-10-09T19:23:08.368+0000] {logging_mixin.py:190} INFO - [2025-10-09T19:23:08.359+0000] {dag.py:3211} INFO - Sync 4 DAGs
[2025-10-09T19:23:09.134+0000] {logging_mixin.py:190} INFO - [2025-10-09T19:23:09.132+0000] {dag.py:4138} INFO - Setting next_dagrun for dataset_alias_example_alias_consumer_with_no_taskflow to None, run_after=None
[2025-10-09T19:23:09.372+0000] {logging_mixin.py:190} INFO - [2025-10-09T19:23:09.371+0000] {dag.py:4138} INFO - Setting next_dagrun for dataset_alias_example_alias_producer_with_no_taskflow to None, run_after=None
[2025-10-09T19:23:09.407+0000] {logging_mixin.py:190} INFO - [2025-10-09T19:23:09.405+0000] {dag.py:4138} INFO - Setting next_dagrun for dataset_s3_bucket_consumer_with_no_taskflow to None, run_after=None
[2025-10-09T19:23:09.452+0000] {logging_mixin.py:190} INFO - [2025-10-09T19:23:09.438+0000] {dag.py:4138} INFO - Setting next_dagrun for dataset_s3_bucket_producer_with_no_taskflow to None, run_after=None
[2025-10-09T19:23:10.265+0000] {processor.py:208} INFO - Processing /home/airflow/.local/lib/python3.12/site-packages/airflow/example_dags/example_dataset_alias_with_no_taskflow.py took 7.514 seconds
