[2025-10-09T19:01:45.502+0000] {processor.py:186} INFO - Started process (PID=127) to work on /home/airflow/.local/lib/python3.12/site-packages/airflow/example_dags/example_datasets.py
[2025-10-09T19:01:45.525+0000] {processor.py:914} INFO - Processing file /home/airflow/.local/lib/python3.12/site-packages/airflow/example_dags/example_datasets.py for tasks to queue
[2025-10-09T19:01:45.589+0000] {logging_mixin.py:190} INFO - [2025-10-09T19:01:45.569+0000] {dagbag.py:587} INFO - Filling up the DagBag from /home/airflow/.local/lib/python3.12/site-packages/airflow/example_dags/example_datasets.py
[2025-10-09T19:02:02.041+0000] {processor.py:925} INFO - DAG(s) 'consume_1_and_2_with_dataset_expressions', 'dataset_produces_2', 'dataset_consumes_1', 'dataset_produces_1', 'conditional_dataset_and_time_based_timetable', 'dataset_consumes_unknown_never_scheduled', 'consume_1_or_both_2_and_3_with_dataset_expressions', 'dataset_consumes_1_never_scheduled', 'consume_1_or_2_with_dataset_expressions', 'dataset_consumes_1_and_2' retrieved from /home/airflow/.local/lib/python3.12/site-packages/airflow/example_dags/example_datasets.py
[2025-10-09T19:02:08.188+0000] {logging_mixin.py:190} INFO - [2025-10-09T19:02:08.167+0000] {override.py:1858} INFO - Created Permission View: can edit on DAG:consume_1_and_2_with_dataset_expressions
[2025-10-09T19:02:08.539+0000] {logging_mixin.py:190} INFO - [2025-10-09T19:02:08.531+0000] {override.py:1858} INFO - Created Permission View: can delete on DAG:consume_1_and_2_with_dataset_expressions
[2025-10-09T19:02:08.680+0000] {logging_mixin.py:190} INFO - [2025-10-09T19:02:08.678+0000] {override.py:1858} INFO - Created Permission View: can read on DAG:consume_1_and_2_with_dataset_expressions
[2025-10-09T19:02:08.936+0000] {logging_mixin.py:190} INFO - [2025-10-09T19:02:08.913+0000] {override.py:1858} INFO - Created Permission View: can edit on DAG:dataset_produces_2
[2025-10-09T19:02:09.100+0000] {logging_mixin.py:190} INFO - [2025-10-09T19:02:09.098+0000] {override.py:1858} INFO - Created Permission View: can delete on DAG:dataset_produces_2
[2025-10-09T19:02:09.286+0000] {logging_mixin.py:190} INFO - [2025-10-09T19:02:09.284+0000] {override.py:1858} INFO - Created Permission View: can read on DAG:dataset_produces_2
[2025-10-09T19:02:09.579+0000] {logging_mixin.py:190} INFO - [2025-10-09T19:02:09.577+0000] {override.py:1858} INFO - Created Permission View: can edit on DAG:dataset_consumes_1
[2025-10-09T19:02:09.939+0000] {logging_mixin.py:190} INFO - [2025-10-09T19:02:09.937+0000] {override.py:1858} INFO - Created Permission View: can delete on DAG:dataset_consumes_1
[2025-10-09T19:02:10.104+0000] {logging_mixin.py:190} INFO - [2025-10-09T19:02:10.102+0000] {override.py:1858} INFO - Created Permission View: can read on DAG:dataset_consumes_1
[2025-10-09T19:02:10.636+0000] {logging_mixin.py:190} INFO - [2025-10-09T19:02:10.634+0000] {override.py:1858} INFO - Created Permission View: can edit on DAG:dataset_produces_1
[2025-10-09T19:02:11.013+0000] {logging_mixin.py:190} INFO - [2025-10-09T19:02:11.012+0000] {override.py:1858} INFO - Created Permission View: can delete on DAG:dataset_produces_1
[2025-10-09T19:02:11.644+0000] {logging_mixin.py:190} INFO - [2025-10-09T19:02:11.642+0000] {override.py:1858} INFO - Created Permission View: can read on DAG:dataset_produces_1
[2025-10-09T19:02:12.368+0000] {logging_mixin.py:190} INFO - [2025-10-09T19:02:12.367+0000] {override.py:1858} INFO - Created Permission View: can edit on DAG:conditional_dataset_and_time_based_timetable
[2025-10-09T19:02:12.532+0000] {logging_mixin.py:190} INFO - [2025-10-09T19:02:12.530+0000] {override.py:1858} INFO - Created Permission View: can delete on DAG:conditional_dataset_and_time_based_timetable
[2025-10-09T19:02:12.671+0000] {logging_mixin.py:190} INFO - [2025-10-09T19:02:12.668+0000] {override.py:1858} INFO - Created Permission View: can read on DAG:conditional_dataset_and_time_based_timetable
[2025-10-09T19:02:12.846+0000] {logging_mixin.py:190} INFO - [2025-10-09T19:02:12.845+0000] {override.py:1858} INFO - Created Permission View: can edit on DAG:dataset_consumes_unknown_never_scheduled
[2025-10-09T19:02:12.894+0000] {logging_mixin.py:190} INFO - [2025-10-09T19:02:12.893+0000] {override.py:1858} INFO - Created Permission View: can delete on DAG:dataset_consumes_unknown_never_scheduled
[2025-10-09T19:02:12.955+0000] {logging_mixin.py:190} INFO - [2025-10-09T19:02:12.953+0000] {override.py:1858} INFO - Created Permission View: can read on DAG:dataset_consumes_unknown_never_scheduled
[2025-10-09T19:02:13.065+0000] {logging_mixin.py:190} INFO - [2025-10-09T19:02:13.063+0000] {override.py:1858} INFO - Created Permission View: can edit on DAG:consume_1_or_both_2_and_3_with_dataset_expressions
[2025-10-09T19:02:13.131+0000] {logging_mixin.py:190} INFO - [2025-10-09T19:02:13.130+0000] {override.py:1858} INFO - Created Permission View: can delete on DAG:consume_1_or_both_2_and_3_with_dataset_expressions
[2025-10-09T19:02:13.179+0000] {logging_mixin.py:190} INFO - [2025-10-09T19:02:13.178+0000] {override.py:1858} INFO - Created Permission View: can read on DAG:consume_1_or_both_2_and_3_with_dataset_expressions
[2025-10-09T19:02:13.328+0000] {logging_mixin.py:190} INFO - [2025-10-09T19:02:13.327+0000] {override.py:1858} INFO - Created Permission View: can edit on DAG:dataset_consumes_1_never_scheduled
[2025-10-09T19:02:13.382+0000] {logging_mixin.py:190} INFO - [2025-10-09T19:02:13.380+0000] {override.py:1858} INFO - Created Permission View: can delete on DAG:dataset_consumes_1_never_scheduled
[2025-10-09T19:02:13.457+0000] {logging_mixin.py:190} INFO - [2025-10-09T19:02:13.456+0000] {override.py:1858} INFO - Created Permission View: can read on DAG:dataset_consumes_1_never_scheduled
[2025-10-09T19:02:13.606+0000] {logging_mixin.py:190} INFO - [2025-10-09T19:02:13.596+0000] {override.py:1858} INFO - Created Permission View: can edit on DAG:consume_1_or_2_with_dataset_expressions
[2025-10-09T19:02:13.704+0000] {logging_mixin.py:190} INFO - [2025-10-09T19:02:13.702+0000] {override.py:1858} INFO - Created Permission View: can delete on DAG:consume_1_or_2_with_dataset_expressions
[2025-10-09T19:02:13.752+0000] {logging_mixin.py:190} INFO - [2025-10-09T19:02:13.751+0000] {override.py:1858} INFO - Created Permission View: can read on DAG:consume_1_or_2_with_dataset_expressions
[2025-10-09T19:02:13.896+0000] {logging_mixin.py:190} INFO - [2025-10-09T19:02:13.891+0000] {override.py:1858} INFO - Created Permission View: can edit on DAG:dataset_consumes_1_and_2
[2025-10-09T19:02:14.003+0000] {logging_mixin.py:190} INFO - [2025-10-09T19:02:13.977+0000] {override.py:1858} INFO - Created Permission View: can delete on DAG:dataset_consumes_1_and_2
[2025-10-09T19:02:14.071+0000] {logging_mixin.py:190} INFO - [2025-10-09T19:02:14.066+0000] {override.py:1858} INFO - Created Permission View: can read on DAG:dataset_consumes_1_and_2
[2025-10-09T19:02:14.078+0000] {logging_mixin.py:190} INFO - [2025-10-09T19:02:14.074+0000] {dag.py:3211} INFO - Sync 10 DAGs
[2025-10-09T19:02:14.420+0000] {logging_mixin.py:190} INFO - [2025-10-09T19:02:14.419+0000] {dag.py:3234} INFO - Creating ORM DAG for consume_1_and_2_with_dataset_expressions
[2025-10-09T19:02:14.444+0000] {logging_mixin.py:190} INFO - [2025-10-09T19:02:14.443+0000] {dag.py:3234} INFO - Creating ORM DAG for consume_1_or_2_with_dataset_expressions
[2025-10-09T19:02:14.465+0000] {logging_mixin.py:190} INFO - [2025-10-09T19:02:14.463+0000] {dag.py:3234} INFO - Creating ORM DAG for dataset_consumes_1
[2025-10-09T19:02:14.489+0000] {logging_mixin.py:190} INFO - [2025-10-09T19:02:14.488+0000] {dag.py:3234} INFO - Creating ORM DAG for dataset_produces_1
[2025-10-09T19:02:14.509+0000] {logging_mixin.py:190} INFO - [2025-10-09T19:02:14.507+0000] {dag.py:3234} INFO - Creating ORM DAG for conditional_dataset_and_time_based_timetable
[2025-10-09T19:02:14.525+0000] {logging_mixin.py:190} INFO - [2025-10-09T19:02:14.524+0000] {dag.py:3234} INFO - Creating ORM DAG for consume_1_or_both_2_and_3_with_dataset_expressions
[2025-10-09T19:02:14.533+0000] {logging_mixin.py:190} INFO - [2025-10-09T19:02:14.532+0000] {dag.py:3234} INFO - Creating ORM DAG for dataset_consumes_1_never_scheduled
[2025-10-09T19:02:14.551+0000] {logging_mixin.py:190} INFO - [2025-10-09T19:02:14.550+0000] {dag.py:3234} INFO - Creating ORM DAG for dataset_consumes_1_and_2
[2025-10-09T19:02:14.576+0000] {logging_mixin.py:190} INFO - [2025-10-09T19:02:14.575+0000] {dag.py:3234} INFO - Creating ORM DAG for dataset_consumes_unknown_never_scheduled
[2025-10-09T19:02:14.583+0000] {logging_mixin.py:190} INFO - [2025-10-09T19:02:14.582+0000] {dag.py:3234} INFO - Creating ORM DAG for dataset_produces_2
[2025-10-09T19:02:14.904+0000] {logging_mixin.py:190} INFO - [2025-10-09T19:02:14.902+0000] {dag.py:4138} INFO - Setting next_dagrun for conditional_dataset_and_time_based_timetable to 2025-10-08 01:00:00+00:00, run_after=2025-10-08 01:00:00+00:00
[2025-10-09T19:02:14.919+0000] {logging_mixin.py:190} INFO - [2025-10-09T19:02:14.918+0000] {dag.py:4138} INFO - Setting next_dagrun for consume_1_and_2_with_dataset_expressions to None, run_after=None
[2025-10-09T19:02:14.935+0000] {logging_mixin.py:190} INFO - [2025-10-09T19:02:14.925+0000] {dag.py:4138} INFO - Setting next_dagrun for consume_1_or_2_with_dataset_expressions to None, run_after=None
[2025-10-09T19:02:14.943+0000] {logging_mixin.py:190} INFO - [2025-10-09T19:02:14.942+0000] {dag.py:4138} INFO - Setting next_dagrun for consume_1_or_both_2_and_3_with_dataset_expressions to None, run_after=None
[2025-10-09T19:02:14.959+0000] {logging_mixin.py:190} INFO - [2025-10-09T19:02:14.953+0000] {dag.py:4138} INFO - Setting next_dagrun for dataset_consumes_1 to None, run_after=None
[2025-10-09T19:02:14.973+0000] {logging_mixin.py:190} INFO - [2025-10-09T19:02:14.970+0000] {dag.py:4138} INFO - Setting next_dagrun for dataset_consumes_1_and_2 to None, run_after=None
[2025-10-09T19:02:14.985+0000] {logging_mixin.py:190} INFO - [2025-10-09T19:02:14.982+0000] {dag.py:4138} INFO - Setting next_dagrun for dataset_consumes_1_never_scheduled to None, run_after=None
[2025-10-09T19:02:14.990+0000] {logging_mixin.py:190} INFO - [2025-10-09T19:02:14.989+0000] {dag.py:4138} INFO - Setting next_dagrun for dataset_consumes_unknown_never_scheduled to None, run_after=None
[2025-10-09T19:02:15.081+0000] {logging_mixin.py:190} INFO - [2025-10-09T19:02:15.071+0000] {dag.py:4138} INFO - Setting next_dagrun for dataset_produces_1 to 2025-10-08 00:00:00+00:00, run_after=2025-10-09 00:00:00+00:00
[2025-10-09T19:02:15.100+0000] {logging_mixin.py:190} INFO - [2025-10-09T19:02:15.092+0000] {dag.py:4138} INFO - Setting next_dagrun for dataset_produces_2 to None, run_after=None
[2025-10-09T19:02:16.095+0000] {processor.py:208} INFO - Processing /home/airflow/.local/lib/python3.12/site-packages/airflow/example_dags/example_datasets.py took 30.845 seconds
[2025-10-09T19:04:00.191+0000] {processor.py:186} INFO - Started process (PID=209) to work on /home/airflow/.local/lib/python3.12/site-packages/airflow/example_dags/example_datasets.py
[2025-10-09T19:04:00.202+0000] {processor.py:914} INFO - Processing file /home/airflow/.local/lib/python3.12/site-packages/airflow/example_dags/example_datasets.py for tasks to queue
[2025-10-09T19:04:00.222+0000] {logging_mixin.py:190} INFO - [2025-10-09T19:04:00.220+0000] {dagbag.py:587} INFO - Filling up the DagBag from /home/airflow/.local/lib/python3.12/site-packages/airflow/example_dags/example_datasets.py
[2025-10-09T19:04:02.446+0000] {processor.py:925} INFO - DAG(s) 'dataset_produces_1', 'dataset_produces_2', 'dataset_consumes_unknown_never_scheduled', 'conditional_dataset_and_time_based_timetable', 'consume_1_or_2_with_dataset_expressions', 'dataset_consumes_1_and_2', 'consume_1_or_both_2_and_3_with_dataset_expressions', 'consume_1_and_2_with_dataset_expressions', 'dataset_consumes_1_never_scheduled', 'dataset_consumes_1' retrieved from /home/airflow/.local/lib/python3.12/site-packages/airflow/example_dags/example_datasets.py
[2025-10-09T19:04:02.912+0000] {logging_mixin.py:190} INFO - [2025-10-09T19:04:02.911+0000] {dag.py:3211} INFO - Sync 10 DAGs
[2025-10-09T19:04:03.251+0000] {logging_mixin.py:190} INFO - [2025-10-09T19:04:03.244+0000] {dag.py:4138} INFO - Setting next_dagrun for conditional_dataset_and_time_based_timetable to 2025-10-08 01:00:00+00:00, run_after=2025-10-08 01:00:00+00:00
[2025-10-09T19:04:03.313+0000] {logging_mixin.py:190} INFO - [2025-10-09T19:04:03.312+0000] {dag.py:4138} INFO - Setting next_dagrun for consume_1_and_2_with_dataset_expressions to None, run_after=None
[2025-10-09T19:04:03.349+0000] {logging_mixin.py:190} INFO - [2025-10-09T19:04:03.347+0000] {dag.py:4138} INFO - Setting next_dagrun for consume_1_or_2_with_dataset_expressions to None, run_after=None
[2025-10-09T19:04:03.369+0000] {logging_mixin.py:190} INFO - [2025-10-09T19:04:03.368+0000] {dag.py:4138} INFO - Setting next_dagrun for consume_1_or_both_2_and_3_with_dataset_expressions to None, run_after=None
[2025-10-09T19:04:03.385+0000] {logging_mixin.py:190} INFO - [2025-10-09T19:04:03.384+0000] {dag.py:4138} INFO - Setting next_dagrun for dataset_consumes_1 to None, run_after=None
[2025-10-09T19:04:03.398+0000] {logging_mixin.py:190} INFO - [2025-10-09T19:04:03.397+0000] {dag.py:4138} INFO - Setting next_dagrun for dataset_consumes_1_and_2 to None, run_after=None
[2025-10-09T19:04:03.425+0000] {logging_mixin.py:190} INFO - [2025-10-09T19:04:03.424+0000] {dag.py:4138} INFO - Setting next_dagrun for dataset_consumes_1_never_scheduled to None, run_after=None
[2025-10-09T19:04:03.449+0000] {logging_mixin.py:190} INFO - [2025-10-09T19:04:03.447+0000] {dag.py:4138} INFO - Setting next_dagrun for dataset_consumes_unknown_never_scheduled to None, run_after=None
[2025-10-09T19:04:03.512+0000] {logging_mixin.py:190} INFO - [2025-10-09T19:04:03.510+0000] {dag.py:4138} INFO - Setting next_dagrun for dataset_produces_1 to 2025-10-08 00:00:00+00:00, run_after=2025-10-09 00:00:00+00:00
[2025-10-09T19:04:03.544+0000] {logging_mixin.py:190} INFO - [2025-10-09T19:04:03.543+0000] {dag.py:4138} INFO - Setting next_dagrun for dataset_produces_2 to None, run_after=None
[2025-10-09T19:04:04.079+0000] {processor.py:208} INFO - Processing /home/airflow/.local/lib/python3.12/site-packages/airflow/example_dags/example_datasets.py took 3.965 seconds
[2025-10-09T19:04:36.969+0000] {processor.py:186} INFO - Started process (PID=269) to work on /home/airflow/.local/lib/python3.12/site-packages/airflow/example_dags/example_datasets.py
[2025-10-09T19:04:36.974+0000] {processor.py:914} INFO - Processing file /home/airflow/.local/lib/python3.12/site-packages/airflow/example_dags/example_datasets.py for tasks to queue
[2025-10-09T19:04:36.987+0000] {logging_mixin.py:190} INFO - [2025-10-09T19:04:36.986+0000] {dagbag.py:587} INFO - Filling up the DagBag from /home/airflow/.local/lib/python3.12/site-packages/airflow/example_dags/example_datasets.py
[2025-10-09T19:04:38.001+0000] {processor.py:925} INFO - DAG(s) 'conditional_dataset_and_time_based_timetable', 'dataset_consumes_1', 'consume_1_or_2_with_dataset_expressions', 'consume_1_or_both_2_and_3_with_dataset_expressions', 'dataset_consumes_1_and_2', 'dataset_consumes_1_never_scheduled', 'dataset_consumes_unknown_never_scheduled', 'dataset_produces_1', 'consume_1_and_2_with_dataset_expressions', 'dataset_produces_2' retrieved from /home/airflow/.local/lib/python3.12/site-packages/airflow/example_dags/example_datasets.py
[2025-10-09T19:04:38.340+0000] {logging_mixin.py:190} INFO - [2025-10-09T19:04:38.339+0000] {dag.py:3211} INFO - Sync 10 DAGs
[2025-10-09T19:04:38.610+0000] {logging_mixin.py:190} INFO - [2025-10-09T19:04:38.608+0000] {dag.py:4138} INFO - Setting next_dagrun for conditional_dataset_and_time_based_timetable to 2025-10-08 01:00:00+00:00, run_after=2025-10-08 01:00:00+00:00
[2025-10-09T19:04:38.631+0000] {logging_mixin.py:190} INFO - [2025-10-09T19:04:38.630+0000] {dag.py:4138} INFO - Setting next_dagrun for consume_1_and_2_with_dataset_expressions to None, run_after=None
[2025-10-09T19:04:38.640+0000] {logging_mixin.py:190} INFO - [2025-10-09T19:04:38.638+0000] {dag.py:4138} INFO - Setting next_dagrun for consume_1_or_2_with_dataset_expressions to None, run_after=None
[2025-10-09T19:04:38.648+0000] {logging_mixin.py:190} INFO - [2025-10-09T19:04:38.647+0000] {dag.py:4138} INFO - Setting next_dagrun for consume_1_or_both_2_and_3_with_dataset_expressions to None, run_after=None
[2025-10-09T19:04:38.657+0000] {logging_mixin.py:190} INFO - [2025-10-09T19:04:38.656+0000] {dag.py:4138} INFO - Setting next_dagrun for dataset_consumes_1 to None, run_after=None
[2025-10-09T19:04:38.666+0000] {logging_mixin.py:190} INFO - [2025-10-09T19:04:38.665+0000] {dag.py:4138} INFO - Setting next_dagrun for dataset_consumes_1_and_2 to None, run_after=None
[2025-10-09T19:04:38.675+0000] {logging_mixin.py:190} INFO - [2025-10-09T19:04:38.675+0000] {dag.py:4138} INFO - Setting next_dagrun for dataset_consumes_1_never_scheduled to None, run_after=None
[2025-10-09T19:04:38.683+0000] {logging_mixin.py:190} INFO - [2025-10-09T19:04:38.682+0000] {dag.py:4138} INFO - Setting next_dagrun for dataset_consumes_unknown_never_scheduled to None, run_after=None
[2025-10-09T19:04:38.702+0000] {logging_mixin.py:190} INFO - [2025-10-09T19:04:38.701+0000] {dag.py:4138} INFO - Setting next_dagrun for dataset_produces_1 to 2025-10-08 00:00:00+00:00, run_after=2025-10-09 00:00:00+00:00
[2025-10-09T19:04:38.712+0000] {logging_mixin.py:190} INFO - [2025-10-09T19:04:38.710+0000] {dag.py:4138} INFO - Setting next_dagrun for dataset_produces_2 to None, run_after=None
[2025-10-09T19:04:38.951+0000] {processor.py:208} INFO - Processing /home/airflow/.local/lib/python3.12/site-packages/airflow/example_dags/example_datasets.py took 2.019 seconds
[2025-10-09T19:05:15.488+0000] {processor.py:186} INFO - Started process (PID=327) to work on /home/airflow/.local/lib/python3.12/site-packages/airflow/example_dags/example_datasets.py
[2025-10-09T19:05:15.492+0000] {processor.py:914} INFO - Processing file /home/airflow/.local/lib/python3.12/site-packages/airflow/example_dags/example_datasets.py for tasks to queue
[2025-10-09T19:05:15.508+0000] {logging_mixin.py:190} INFO - [2025-10-09T19:05:15.506+0000] {dagbag.py:587} INFO - Filling up the DagBag from /home/airflow/.local/lib/python3.12/site-packages/airflow/example_dags/example_datasets.py
[2025-10-09T19:05:18.063+0000] {processor.py:925} INFO - DAG(s) 'dataset_produces_1', 'dataset_consumes_unknown_never_scheduled', 'conditional_dataset_and_time_based_timetable', 'dataset_consumes_1_and_2', 'dataset_consumes_1', 'consume_1_or_2_with_dataset_expressions', 'consume_1_and_2_with_dataset_expressions', 'dataset_produces_2', 'dataset_consumes_1_never_scheduled', 'consume_1_or_both_2_and_3_with_dataset_expressions' retrieved from /home/airflow/.local/lib/python3.12/site-packages/airflow/example_dags/example_datasets.py
[2025-10-09T19:05:18.596+0000] {logging_mixin.py:190} INFO - [2025-10-09T19:05:18.593+0000] {dag.py:3211} INFO - Sync 10 DAGs
[2025-10-09T19:05:18.932+0000] {logging_mixin.py:190} INFO - [2025-10-09T19:05:18.930+0000] {dag.py:4138} INFO - Setting next_dagrun for conditional_dataset_and_time_based_timetable to 2025-10-08 01:00:00+00:00, run_after=2025-10-08 01:00:00+00:00
[2025-10-09T19:05:18.962+0000] {logging_mixin.py:190} INFO - [2025-10-09T19:05:18.960+0000] {dag.py:4138} INFO - Setting next_dagrun for consume_1_and_2_with_dataset_expressions to None, run_after=None
[2025-10-09T19:05:18.979+0000] {logging_mixin.py:190} INFO - [2025-10-09T19:05:18.978+0000] {dag.py:4138} INFO - Setting next_dagrun for consume_1_or_2_with_dataset_expressions to None, run_after=None
[2025-10-09T19:05:18.996+0000] {logging_mixin.py:190} INFO - [2025-10-09T19:05:18.995+0000] {dag.py:4138} INFO - Setting next_dagrun for consume_1_or_both_2_and_3_with_dataset_expressions to None, run_after=None
[2025-10-09T19:05:19.006+0000] {logging_mixin.py:190} INFO - [2025-10-09T19:05:19.004+0000] {dag.py:4138} INFO - Setting next_dagrun for dataset_consumes_1 to None, run_after=None
[2025-10-09T19:05:19.015+0000] {logging_mixin.py:190} INFO - [2025-10-09T19:05:19.014+0000] {dag.py:4138} INFO - Setting next_dagrun for dataset_consumes_1_and_2 to None, run_after=None
[2025-10-09T19:05:19.022+0000] {logging_mixin.py:190} INFO - [2025-10-09T19:05:19.021+0000] {dag.py:4138} INFO - Setting next_dagrun for dataset_consumes_1_never_scheduled to None, run_after=None
[2025-10-09T19:05:19.032+0000] {logging_mixin.py:190} INFO - [2025-10-09T19:05:19.031+0000] {dag.py:4138} INFO - Setting next_dagrun for dataset_consumes_unknown_never_scheduled to None, run_after=None
[2025-10-09T19:05:19.056+0000] {logging_mixin.py:190} INFO - [2025-10-09T19:05:19.055+0000] {dag.py:4138} INFO - Setting next_dagrun for dataset_produces_1 to 2025-10-08 00:00:00+00:00, run_after=2025-10-09 00:00:00+00:00
[2025-10-09T19:05:19.067+0000] {logging_mixin.py:190} INFO - [2025-10-09T19:05:19.064+0000] {dag.py:4138} INFO - Setting next_dagrun for dataset_produces_2 to None, run_after=None
[2025-10-09T19:05:19.512+0000] {processor.py:208} INFO - Processing /home/airflow/.local/lib/python3.12/site-packages/airflow/example_dags/example_datasets.py took 4.069 seconds
[2025-10-09T19:05:56.459+0000] {processor.py:186} INFO - Started process (PID=379) to work on /home/airflow/.local/lib/python3.12/site-packages/airflow/example_dags/example_datasets.py
[2025-10-09T19:05:56.465+0000] {processor.py:914} INFO - Processing file /home/airflow/.local/lib/python3.12/site-packages/airflow/example_dags/example_datasets.py for tasks to queue
[2025-10-09T19:05:56.488+0000] {logging_mixin.py:190} INFO - [2025-10-09T19:05:56.483+0000] {dagbag.py:587} INFO - Filling up the DagBag from /home/airflow/.local/lib/python3.12/site-packages/airflow/example_dags/example_datasets.py
[2025-10-09T19:05:58.856+0000] {processor.py:925} INFO - DAG(s) 'consume_1_or_both_2_and_3_with_dataset_expressions', 'dataset_produces_1', 'conditional_dataset_and_time_based_timetable', 'dataset_consumes_1', 'dataset_consumes_1_never_scheduled', 'dataset_consumes_unknown_never_scheduled', 'dataset_produces_2', 'dataset_consumes_1_and_2', 'consume_1_and_2_with_dataset_expressions', 'consume_1_or_2_with_dataset_expressions' retrieved from /home/airflow/.local/lib/python3.12/site-packages/airflow/example_dags/example_datasets.py
[2025-10-09T19:05:59.562+0000] {logging_mixin.py:190} INFO - [2025-10-09T19:05:59.377+0000] {dag.py:3211} INFO - Sync 10 DAGs
[2025-10-09T19:05:59.867+0000] {logging_mixin.py:190} INFO - [2025-10-09T19:05:59.865+0000] {dag.py:4138} INFO - Setting next_dagrun for conditional_dataset_and_time_based_timetable to 2025-10-08 01:00:00+00:00, run_after=2025-10-08 01:00:00+00:00
[2025-10-09T19:05:59.901+0000] {logging_mixin.py:190} INFO - [2025-10-09T19:05:59.900+0000] {dag.py:4138} INFO - Setting next_dagrun for consume_1_and_2_with_dataset_expressions to None, run_after=None
[2025-10-09T19:05:59.913+0000] {logging_mixin.py:190} INFO - [2025-10-09T19:05:59.912+0000] {dag.py:4138} INFO - Setting next_dagrun for consume_1_or_2_with_dataset_expressions to None, run_after=None
[2025-10-09T19:05:59.928+0000] {logging_mixin.py:190} INFO - [2025-10-09T19:05:59.927+0000] {dag.py:4138} INFO - Setting next_dagrun for consume_1_or_both_2_and_3_with_dataset_expressions to None, run_after=None
[2025-10-09T19:05:59.937+0000] {logging_mixin.py:190} INFO - [2025-10-09T19:05:59.936+0000] {dag.py:4138} INFO - Setting next_dagrun for dataset_consumes_1 to None, run_after=None
[2025-10-09T19:05:59.955+0000] {logging_mixin.py:190} INFO - [2025-10-09T19:05:59.953+0000] {dag.py:4138} INFO - Setting next_dagrun for dataset_consumes_1_and_2 to None, run_after=None
[2025-10-09T19:05:59.969+0000] {logging_mixin.py:190} INFO - [2025-10-09T19:05:59.968+0000] {dag.py:4138} INFO - Setting next_dagrun for dataset_consumes_1_never_scheduled to None, run_after=None
[2025-10-09T19:05:59.983+0000] {logging_mixin.py:190} INFO - [2025-10-09T19:05:59.980+0000] {dag.py:4138} INFO - Setting next_dagrun for dataset_consumes_unknown_never_scheduled to None, run_after=None
[2025-10-09T19:06:00.008+0000] {logging_mixin.py:190} INFO - [2025-10-09T19:06:00.007+0000] {dag.py:4138} INFO - Setting next_dagrun for dataset_produces_1 to 2025-10-08 00:00:00+00:00, run_after=2025-10-09 00:00:00+00:00
[2025-10-09T19:06:00.018+0000] {logging_mixin.py:190} INFO - [2025-10-09T19:06:00.017+0000] {dag.py:4138} INFO - Setting next_dagrun for dataset_produces_2 to None, run_after=None
[2025-10-09T19:06:00.487+0000] {processor.py:208} INFO - Processing /home/airflow/.local/lib/python3.12/site-packages/airflow/example_dags/example_datasets.py took 4.079 seconds
[2025-10-09T19:06:33.200+0000] {processor.py:186} INFO - Started process (PID=442) to work on /home/airflow/.local/lib/python3.12/site-packages/airflow/example_dags/example_datasets.py
[2025-10-09T19:06:33.206+0000] {processor.py:914} INFO - Processing file /home/airflow/.local/lib/python3.12/site-packages/airflow/example_dags/example_datasets.py for tasks to queue
[2025-10-09T19:06:33.220+0000] {logging_mixin.py:190} INFO - [2025-10-09T19:06:33.219+0000] {dagbag.py:587} INFO - Filling up the DagBag from /home/airflow/.local/lib/python3.12/site-packages/airflow/example_dags/example_datasets.py
[2025-10-09T19:06:34.767+0000] {processor.py:925} INFO - DAG(s) 'dataset_consumes_1_and_2', 'dataset_consumes_1', 'consume_1_or_2_with_dataset_expressions', 'dataset_produces_2', 'dataset_consumes_unknown_never_scheduled', 'consume_1_and_2_with_dataset_expressions', 'dataset_consumes_1_never_scheduled', 'consume_1_or_both_2_and_3_with_dataset_expressions', 'dataset_produces_1', 'conditional_dataset_and_time_based_timetable' retrieved from /home/airflow/.local/lib/python3.12/site-packages/airflow/example_dags/example_datasets.py
[2025-10-09T19:06:35.093+0000] {logging_mixin.py:190} INFO - [2025-10-09T19:06:35.092+0000] {dag.py:3211} INFO - Sync 10 DAGs
[2025-10-09T19:06:35.369+0000] {logging_mixin.py:190} INFO - [2025-10-09T19:06:35.368+0000] {dag.py:4138} INFO - Setting next_dagrun for conditional_dataset_and_time_based_timetable to 2025-10-08 01:00:00+00:00, run_after=2025-10-08 01:00:00+00:00
[2025-10-09T19:06:35.409+0000] {logging_mixin.py:190} INFO - [2025-10-09T19:06:35.408+0000] {dag.py:4138} INFO - Setting next_dagrun for consume_1_and_2_with_dataset_expressions to None, run_after=None
[2025-10-09T19:06:35.433+0000] {logging_mixin.py:190} INFO - [2025-10-09T19:06:35.431+0000] {dag.py:4138} INFO - Setting next_dagrun for consume_1_or_2_with_dataset_expressions to None, run_after=None
[2025-10-09T19:06:35.445+0000] {logging_mixin.py:190} INFO - [2025-10-09T19:06:35.443+0000] {dag.py:4138} INFO - Setting next_dagrun for consume_1_or_both_2_and_3_with_dataset_expressions to None, run_after=None
[2025-10-09T19:06:35.459+0000] {logging_mixin.py:190} INFO - [2025-10-09T19:06:35.458+0000] {dag.py:4138} INFO - Setting next_dagrun for dataset_consumes_1 to None, run_after=None
[2025-10-09T19:06:35.477+0000] {logging_mixin.py:190} INFO - [2025-10-09T19:06:35.476+0000] {dag.py:4138} INFO - Setting next_dagrun for dataset_consumes_1_and_2 to None, run_after=None
[2025-10-09T19:06:35.496+0000] {logging_mixin.py:190} INFO - [2025-10-09T19:06:35.494+0000] {dag.py:4138} INFO - Setting next_dagrun for dataset_consumes_1_never_scheduled to None, run_after=None
[2025-10-09T19:06:35.506+0000] {logging_mixin.py:190} INFO - [2025-10-09T19:06:35.505+0000] {dag.py:4138} INFO - Setting next_dagrun for dataset_consumes_unknown_never_scheduled to None, run_after=None
[2025-10-09T19:06:35.538+0000] {logging_mixin.py:190} INFO - [2025-10-09T19:06:35.537+0000] {dag.py:4138} INFO - Setting next_dagrun for dataset_produces_1 to 2025-10-08 00:00:00+00:00, run_after=2025-10-09 00:00:00+00:00
[2025-10-09T19:06:35.553+0000] {logging_mixin.py:190} INFO - [2025-10-09T19:06:35.552+0000] {dag.py:4138} INFO - Setting next_dagrun for dataset_produces_2 to None, run_after=None
[2025-10-09T19:06:35.900+0000] {processor.py:208} INFO - Processing /home/airflow/.local/lib/python3.12/site-packages/airflow/example_dags/example_datasets.py took 2.741 seconds
[2025-10-09T19:07:06.583+0000] {processor.py:186} INFO - Started process (PID=508) to work on /home/airflow/.local/lib/python3.12/site-packages/airflow/example_dags/example_datasets.py
[2025-10-09T19:07:06.589+0000] {processor.py:914} INFO - Processing file /home/airflow/.local/lib/python3.12/site-packages/airflow/example_dags/example_datasets.py for tasks to queue
[2025-10-09T19:07:06.634+0000] {logging_mixin.py:190} INFO - [2025-10-09T19:07:06.632+0000] {dagbag.py:587} INFO - Filling up the DagBag from /home/airflow/.local/lib/python3.12/site-packages/airflow/example_dags/example_datasets.py
[2025-10-09T19:07:08.462+0000] {processor.py:925} INFO - DAG(s) 'dataset_consumes_1_never_scheduled', 'dataset_consumes_1', 'consume_1_or_2_with_dataset_expressions', 'dataset_consumes_1_and_2', 'consume_1_or_both_2_and_3_with_dataset_expressions', 'dataset_produces_2', 'conditional_dataset_and_time_based_timetable', 'consume_1_and_2_with_dataset_expressions', 'dataset_produces_1', 'dataset_consumes_unknown_never_scheduled' retrieved from /home/airflow/.local/lib/python3.12/site-packages/airflow/example_dags/example_datasets.py
[2025-10-09T19:07:08.937+0000] {logging_mixin.py:190} INFO - [2025-10-09T19:07:08.935+0000] {dag.py:3211} INFO - Sync 10 DAGs
[2025-10-09T19:07:09.209+0000] {logging_mixin.py:190} INFO - [2025-10-09T19:07:09.207+0000] {dag.py:4138} INFO - Setting next_dagrun for conditional_dataset_and_time_based_timetable to 2025-10-08 01:00:00+00:00, run_after=2025-10-08 01:00:00+00:00
[2025-10-09T19:07:09.238+0000] {logging_mixin.py:190} INFO - [2025-10-09T19:07:09.237+0000] {dag.py:4138} INFO - Setting next_dagrun for consume_1_and_2_with_dataset_expressions to None, run_after=None
[2025-10-09T19:07:09.251+0000] {logging_mixin.py:190} INFO - [2025-10-09T19:07:09.249+0000] {dag.py:4138} INFO - Setting next_dagrun for consume_1_or_2_with_dataset_expressions to None, run_after=None
[2025-10-09T19:07:09.264+0000] {logging_mixin.py:190} INFO - [2025-10-09T19:07:09.261+0000] {dag.py:4138} INFO - Setting next_dagrun for consume_1_or_both_2_and_3_with_dataset_expressions to None, run_after=None
[2025-10-09T19:07:09.281+0000] {logging_mixin.py:190} INFO - [2025-10-09T19:07:09.279+0000] {dag.py:4138} INFO - Setting next_dagrun for dataset_consumes_1 to None, run_after=None
[2025-10-09T19:07:09.289+0000] {logging_mixin.py:190} INFO - [2025-10-09T19:07:09.288+0000] {dag.py:4138} INFO - Setting next_dagrun for dataset_consumes_1_and_2 to None, run_after=None
[2025-10-09T19:07:09.299+0000] {logging_mixin.py:190} INFO - [2025-10-09T19:07:09.298+0000] {dag.py:4138} INFO - Setting next_dagrun for dataset_consumes_1_never_scheduled to None, run_after=None
[2025-10-09T19:07:09.309+0000] {logging_mixin.py:190} INFO - [2025-10-09T19:07:09.307+0000] {dag.py:4138} INFO - Setting next_dagrun for dataset_consumes_unknown_never_scheduled to None, run_after=None
[2025-10-09T19:07:09.327+0000] {logging_mixin.py:190} INFO - [2025-10-09T19:07:09.325+0000] {dag.py:4138} INFO - Setting next_dagrun for dataset_produces_1 to 2025-10-08 00:00:00+00:00, run_after=2025-10-09 00:00:00+00:00
[2025-10-09T19:07:09.337+0000] {logging_mixin.py:190} INFO - [2025-10-09T19:07:09.336+0000] {dag.py:4138} INFO - Setting next_dagrun for dataset_produces_2 to None, run_after=None
[2025-10-09T19:07:09.738+0000] {processor.py:208} INFO - Processing /home/airflow/.local/lib/python3.12/site-packages/airflow/example_dags/example_datasets.py took 3.228 seconds
[2025-10-09T19:13:54.113+0000] {processor.py:186} INFO - Started process (PID=77) to work on /home/airflow/.local/lib/python3.12/site-packages/airflow/example_dags/example_datasets.py
[2025-10-09T19:13:54.131+0000] {processor.py:914} INFO - Processing file /home/airflow/.local/lib/python3.12/site-packages/airflow/example_dags/example_datasets.py for tasks to queue
[2025-10-09T19:13:54.193+0000] {logging_mixin.py:190} INFO - [2025-10-09T19:13:54.185+0000] {dagbag.py:587} INFO - Filling up the DagBag from /home/airflow/.local/lib/python3.12/site-packages/airflow/example_dags/example_datasets.py
[2025-10-09T19:13:55.342+0000] {processor.py:925} INFO - DAG(s) 'dataset_produces_1', 'consume_1_or_2_with_dataset_expressions', 'consume_1_and_2_with_dataset_expressions', 'dataset_consumes_1', 'dataset_produces_2', 'consume_1_or_both_2_and_3_with_dataset_expressions', 'conditional_dataset_and_time_based_timetable', 'dataset_consumes_1_never_scheduled', 'dataset_consumes_1_and_2', 'dataset_consumes_unknown_never_scheduled' retrieved from /home/airflow/.local/lib/python3.12/site-packages/airflow/example_dags/example_datasets.py
[2025-10-09T19:13:55.594+0000] {logging_mixin.py:190} INFO - [2025-10-09T19:13:55.593+0000] {dag.py:3211} INFO - Sync 10 DAGs
[2025-10-09T19:13:55.706+0000] {logging_mixin.py:190} INFO - [2025-10-09T19:13:55.705+0000] {dag.py:4138} INFO - Setting next_dagrun for conditional_dataset_and_time_based_timetable to 2025-10-08 01:00:00+00:00, run_after=2025-10-08 01:00:00+00:00
[2025-10-09T19:13:55.721+0000] {logging_mixin.py:190} INFO - [2025-10-09T19:13:55.720+0000] {dag.py:4138} INFO - Setting next_dagrun for consume_1_and_2_with_dataset_expressions to None, run_after=None
[2025-10-09T19:13:55.726+0000] {logging_mixin.py:190} INFO - [2025-10-09T19:13:55.726+0000] {dag.py:4138} INFO - Setting next_dagrun for consume_1_or_2_with_dataset_expressions to None, run_after=None
[2025-10-09T19:13:55.730+0000] {logging_mixin.py:190} INFO - [2025-10-09T19:13:55.730+0000] {dag.py:4138} INFO - Setting next_dagrun for consume_1_or_both_2_and_3_with_dataset_expressions to None, run_after=None
[2025-10-09T19:13:55.735+0000] {logging_mixin.py:190} INFO - [2025-10-09T19:13:55.735+0000] {dag.py:4138} INFO - Setting next_dagrun for dataset_consumes_1 to None, run_after=None
[2025-10-09T19:13:55.742+0000] {logging_mixin.py:190} INFO - [2025-10-09T19:13:55.741+0000] {dag.py:4138} INFO - Setting next_dagrun for dataset_consumes_1_and_2 to None, run_after=None
[2025-10-09T19:13:55.747+0000] {logging_mixin.py:190} INFO - [2025-10-09T19:13:55.746+0000] {dag.py:4138} INFO - Setting next_dagrun for dataset_consumes_1_never_scheduled to None, run_after=None
[2025-10-09T19:13:55.751+0000] {logging_mixin.py:190} INFO - [2025-10-09T19:13:55.751+0000] {dag.py:4138} INFO - Setting next_dagrun for dataset_consumes_unknown_never_scheduled to None, run_after=None
[2025-10-09T19:13:55.757+0000] {logging_mixin.py:190} INFO - [2025-10-09T19:13:55.757+0000] {dag.py:4138} INFO - Setting next_dagrun for dataset_produces_1 to 2025-10-08 00:00:00+00:00, run_after=2025-10-09 00:00:00+00:00
[2025-10-09T19:13:55.761+0000] {logging_mixin.py:190} INFO - [2025-10-09T19:13:55.761+0000] {dag.py:4138} INFO - Setting next_dagrun for dataset_produces_2 to None, run_after=None
[2025-10-09T19:13:55.898+0000] {processor.py:208} INFO - Processing /home/airflow/.local/lib/python3.12/site-packages/airflow/example_dags/example_datasets.py took 1.827 seconds
[2025-10-09T19:14:26.186+0000] {processor.py:186} INFO - Started process (PID=140) to work on /home/airflow/.local/lib/python3.12/site-packages/airflow/example_dags/example_datasets.py
[2025-10-09T19:14:26.188+0000] {processor.py:914} INFO - Processing file /home/airflow/.local/lib/python3.12/site-packages/airflow/example_dags/example_datasets.py for tasks to queue
[2025-10-09T19:14:26.195+0000] {logging_mixin.py:190} INFO - [2025-10-09T19:14:26.194+0000] {dagbag.py:587} INFO - Filling up the DagBag from /home/airflow/.local/lib/python3.12/site-packages/airflow/example_dags/example_datasets.py
[2025-10-09T19:14:26.550+0000] {processor.py:925} INFO - DAG(s) 'consume_1_and_2_with_dataset_expressions', 'dataset_consumes_unknown_never_scheduled', 'dataset_produces_2', 'dataset_consumes_1_and_2', 'conditional_dataset_and_time_based_timetable', 'dataset_consumes_1_never_scheduled', 'dataset_produces_1', 'consume_1_or_both_2_and_3_with_dataset_expressions', 'dataset_consumes_1', 'consume_1_or_2_with_dataset_expressions' retrieved from /home/airflow/.local/lib/python3.12/site-packages/airflow/example_dags/example_datasets.py
[2025-10-09T19:14:26.665+0000] {logging_mixin.py:190} INFO - [2025-10-09T19:14:26.665+0000] {dag.py:3211} INFO - Sync 10 DAGs
[2025-10-09T19:14:26.743+0000] {logging_mixin.py:190} INFO - [2025-10-09T19:14:26.742+0000] {dag.py:4138} INFO - Setting next_dagrun for conditional_dataset_and_time_based_timetable to 2025-10-08 01:00:00+00:00, run_after=2025-10-08 01:00:00+00:00
[2025-10-09T19:14:26.751+0000] {logging_mixin.py:190} INFO - [2025-10-09T19:14:26.751+0000] {dag.py:4138} INFO - Setting next_dagrun for consume_1_and_2_with_dataset_expressions to None, run_after=None
[2025-10-09T19:14:26.756+0000] {logging_mixin.py:190} INFO - [2025-10-09T19:14:26.755+0000] {dag.py:4138} INFO - Setting next_dagrun for consume_1_or_2_with_dataset_expressions to None, run_after=None
[2025-10-09T19:14:26.760+0000] {logging_mixin.py:190} INFO - [2025-10-09T19:14:26.759+0000] {dag.py:4138} INFO - Setting next_dagrun for consume_1_or_both_2_and_3_with_dataset_expressions to None, run_after=None
[2025-10-09T19:14:26.764+0000] {logging_mixin.py:190} INFO - [2025-10-09T19:14:26.763+0000] {dag.py:4138} INFO - Setting next_dagrun for dataset_consumes_1 to None, run_after=None
[2025-10-09T19:14:26.768+0000] {logging_mixin.py:190} INFO - [2025-10-09T19:14:26.767+0000] {dag.py:4138} INFO - Setting next_dagrun for dataset_consumes_1_and_2 to None, run_after=None
[2025-10-09T19:14:26.772+0000] {logging_mixin.py:190} INFO - [2025-10-09T19:14:26.772+0000] {dag.py:4138} INFO - Setting next_dagrun for dataset_consumes_1_never_scheduled to None, run_after=None
[2025-10-09T19:14:26.775+0000] {logging_mixin.py:190} INFO - [2025-10-09T19:14:26.775+0000] {dag.py:4138} INFO - Setting next_dagrun for dataset_consumes_unknown_never_scheduled to None, run_after=None
[2025-10-09T19:14:26.780+0000] {logging_mixin.py:190} INFO - [2025-10-09T19:14:26.780+0000] {dag.py:4138} INFO - Setting next_dagrun for dataset_produces_1 to 2025-10-08 00:00:00+00:00, run_after=2025-10-09 00:00:00+00:00
[2025-10-09T19:14:26.784+0000] {logging_mixin.py:190} INFO - [2025-10-09T19:14:26.783+0000] {dag.py:4138} INFO - Setting next_dagrun for dataset_produces_2 to None, run_after=None
[2025-10-09T19:14:26.864+0000] {processor.py:208} INFO - Processing /home/airflow/.local/lib/python3.12/site-packages/airflow/example_dags/example_datasets.py took 0.690 seconds
[2025-10-09T19:14:57.284+0000] {processor.py:186} INFO - Started process (PID=206) to work on /home/airflow/.local/lib/python3.12/site-packages/airflow/example_dags/example_datasets.py
[2025-10-09T19:14:57.287+0000] {processor.py:914} INFO - Processing file /home/airflow/.local/lib/python3.12/site-packages/airflow/example_dags/example_datasets.py for tasks to queue
[2025-10-09T19:14:57.298+0000] {logging_mixin.py:190} INFO - [2025-10-09T19:14:57.297+0000] {dagbag.py:587} INFO - Filling up the DagBag from /home/airflow/.local/lib/python3.12/site-packages/airflow/example_dags/example_datasets.py
[2025-10-09T19:14:57.877+0000] {processor.py:925} INFO - DAG(s) 'dataset_produces_1', 'dataset_consumes_unknown_never_scheduled', 'consume_1_and_2_with_dataset_expressions', 'dataset_consumes_1_and_2', 'consume_1_or_both_2_and_3_with_dataset_expressions', 'conditional_dataset_and_time_based_timetable', 'dataset_consumes_1_never_scheduled', 'consume_1_or_2_with_dataset_expressions', 'dataset_produces_2', 'dataset_consumes_1' retrieved from /home/airflow/.local/lib/python3.12/site-packages/airflow/example_dags/example_datasets.py
[2025-10-09T19:14:58.023+0000] {logging_mixin.py:190} INFO - [2025-10-09T19:14:58.022+0000] {dag.py:3211} INFO - Sync 10 DAGs
[2025-10-09T19:14:58.112+0000] {logging_mixin.py:190} INFO - [2025-10-09T19:14:58.111+0000] {dag.py:4138} INFO - Setting next_dagrun for conditional_dataset_and_time_based_timetable to 2025-10-08 01:00:00+00:00, run_after=2025-10-08 01:00:00+00:00
[2025-10-09T19:14:58.126+0000] {logging_mixin.py:190} INFO - [2025-10-09T19:14:58.126+0000] {dag.py:4138} INFO - Setting next_dagrun for consume_1_and_2_with_dataset_expressions to None, run_after=None
[2025-10-09T19:14:58.131+0000] {logging_mixin.py:190} INFO - [2025-10-09T19:14:58.131+0000] {dag.py:4138} INFO - Setting next_dagrun for consume_1_or_2_with_dataset_expressions to None, run_after=None
[2025-10-09T19:14:58.138+0000] {logging_mixin.py:190} INFO - [2025-10-09T19:14:58.137+0000] {dag.py:4138} INFO - Setting next_dagrun for consume_1_or_both_2_and_3_with_dataset_expressions to None, run_after=None
[2025-10-09T19:14:58.142+0000] {logging_mixin.py:190} INFO - [2025-10-09T19:14:58.142+0000] {dag.py:4138} INFO - Setting next_dagrun for dataset_consumes_1 to None, run_after=None
[2025-10-09T19:14:58.147+0000] {logging_mixin.py:190} INFO - [2025-10-09T19:14:58.146+0000] {dag.py:4138} INFO - Setting next_dagrun for dataset_consumes_1_and_2 to None, run_after=None
[2025-10-09T19:14:58.153+0000] {logging_mixin.py:190} INFO - [2025-10-09T19:14:58.152+0000] {dag.py:4138} INFO - Setting next_dagrun for dataset_consumes_1_never_scheduled to None, run_after=None
[2025-10-09T19:14:58.157+0000] {logging_mixin.py:190} INFO - [2025-10-09T19:14:58.157+0000] {dag.py:4138} INFO - Setting next_dagrun for dataset_consumes_unknown_never_scheduled to None, run_after=None
[2025-10-09T19:14:58.166+0000] {logging_mixin.py:190} INFO - [2025-10-09T19:14:58.165+0000] {dag.py:4138} INFO - Setting next_dagrun for dataset_produces_1 to 2025-10-08 00:00:00+00:00, run_after=2025-10-09 00:00:00+00:00
[2025-10-09T19:14:58.171+0000] {logging_mixin.py:190} INFO - [2025-10-09T19:14:58.170+0000] {dag.py:4138} INFO - Setting next_dagrun for dataset_produces_2 to None, run_after=None
[2025-10-09T19:14:58.282+0000] {processor.py:208} INFO - Processing /home/airflow/.local/lib/python3.12/site-packages/airflow/example_dags/example_datasets.py took 1.023 seconds
[2025-10-09T19:15:29.823+0000] {processor.py:186} INFO - Started process (PID=269) to work on /home/airflow/.local/lib/python3.12/site-packages/airflow/example_dags/example_datasets.py
[2025-10-09T19:15:29.826+0000] {processor.py:914} INFO - Processing file /home/airflow/.local/lib/python3.12/site-packages/airflow/example_dags/example_datasets.py for tasks to queue
[2025-10-09T19:15:29.835+0000] {logging_mixin.py:190} INFO - [2025-10-09T19:15:29.834+0000] {dagbag.py:587} INFO - Filling up the DagBag from /home/airflow/.local/lib/python3.12/site-packages/airflow/example_dags/example_datasets.py
[2025-10-09T19:15:30.456+0000] {processor.py:925} INFO - DAG(s) 'consume_1_and_2_with_dataset_expressions', 'dataset_consumes_1', 'consume_1_or_both_2_and_3_with_dataset_expressions', 'dataset_consumes_unknown_never_scheduled', 'dataset_consumes_1_and_2', 'dataset_consumes_1_never_scheduled', 'dataset_produces_2', 'conditional_dataset_and_time_based_timetable', 'consume_1_or_2_with_dataset_expressions', 'dataset_produces_1' retrieved from /home/airflow/.local/lib/python3.12/site-packages/airflow/example_dags/example_datasets.py
[2025-10-09T19:15:30.741+0000] {logging_mixin.py:190} INFO - [2025-10-09T19:15:30.740+0000] {dag.py:3211} INFO - Sync 10 DAGs
[2025-10-09T19:15:30.831+0000] {logging_mixin.py:190} INFO - [2025-10-09T19:15:30.830+0000] {dag.py:4138} INFO - Setting next_dagrun for conditional_dataset_and_time_based_timetable to 2025-10-08 01:00:00+00:00, run_after=2025-10-08 01:00:00+00:00
[2025-10-09T19:15:30.842+0000] {logging_mixin.py:190} INFO - [2025-10-09T19:15:30.841+0000] {dag.py:4138} INFO - Setting next_dagrun for consume_1_and_2_with_dataset_expressions to None, run_after=None
[2025-10-09T19:15:30.846+0000] {logging_mixin.py:190} INFO - [2025-10-09T19:15:30.845+0000] {dag.py:4138} INFO - Setting next_dagrun for consume_1_or_2_with_dataset_expressions to None, run_after=None
[2025-10-09T19:15:30.850+0000] {logging_mixin.py:190} INFO - [2025-10-09T19:15:30.849+0000] {dag.py:4138} INFO - Setting next_dagrun for consume_1_or_both_2_and_3_with_dataset_expressions to None, run_after=None
[2025-10-09T19:15:30.853+0000] {logging_mixin.py:190} INFO - [2025-10-09T19:15:30.853+0000] {dag.py:4138} INFO - Setting next_dagrun for dataset_consumes_1 to None, run_after=None
[2025-10-09T19:15:30.858+0000] {logging_mixin.py:190} INFO - [2025-10-09T19:15:30.857+0000] {dag.py:4138} INFO - Setting next_dagrun for dataset_consumes_1_and_2 to None, run_after=None
[2025-10-09T19:15:30.863+0000] {logging_mixin.py:190} INFO - [2025-10-09T19:15:30.862+0000] {dag.py:4138} INFO - Setting next_dagrun for dataset_consumes_1_never_scheduled to None, run_after=None
[2025-10-09T19:15:30.866+0000] {logging_mixin.py:190} INFO - [2025-10-09T19:15:30.866+0000] {dag.py:4138} INFO - Setting next_dagrun for dataset_consumes_unknown_never_scheduled to None, run_after=None
[2025-10-09T19:15:30.874+0000] {logging_mixin.py:190} INFO - [2025-10-09T19:15:30.873+0000] {dag.py:4138} INFO - Setting next_dagrun for dataset_produces_1 to 2025-10-08 00:00:00+00:00, run_after=2025-10-09 00:00:00+00:00
[2025-10-09T19:15:30.879+0000] {logging_mixin.py:190} INFO - [2025-10-09T19:15:30.878+0000] {dag.py:4138} INFO - Setting next_dagrun for dataset_produces_2 to None, run_after=None
[2025-10-09T19:15:31.056+0000] {processor.py:208} INFO - Processing /home/airflow/.local/lib/python3.12/site-packages/airflow/example_dags/example_datasets.py took 1.253 seconds
[2025-10-09T19:16:01.250+0000] {processor.py:186} INFO - Started process (PID=332) to work on /home/airflow/.local/lib/python3.12/site-packages/airflow/example_dags/example_datasets.py
[2025-10-09T19:16:01.255+0000] {processor.py:914} INFO - Processing file /home/airflow/.local/lib/python3.12/site-packages/airflow/example_dags/example_datasets.py for tasks to queue
[2025-10-09T19:16:01.262+0000] {logging_mixin.py:190} INFO - [2025-10-09T19:16:01.261+0000] {dagbag.py:587} INFO - Filling up the DagBag from /home/airflow/.local/lib/python3.12/site-packages/airflow/example_dags/example_datasets.py
[2025-10-09T19:16:01.687+0000] {processor.py:925} INFO - DAG(s) 'consume_1_or_2_with_dataset_expressions', 'conditional_dataset_and_time_based_timetable', 'consume_1_and_2_with_dataset_expressions', 'dataset_consumes_unknown_never_scheduled', 'dataset_produces_2', 'dataset_consumes_1', 'dataset_consumes_1_never_scheduled', 'consume_1_or_both_2_and_3_with_dataset_expressions', 'dataset_produces_1', 'dataset_consumes_1_and_2' retrieved from /home/airflow/.local/lib/python3.12/site-packages/airflow/example_dags/example_datasets.py
[2025-10-09T19:16:01.943+0000] {logging_mixin.py:190} INFO - [2025-10-09T19:16:01.941+0000] {dag.py:3211} INFO - Sync 10 DAGs
[2025-10-09T19:16:02.127+0000] {logging_mixin.py:190} INFO - [2025-10-09T19:16:02.127+0000] {dag.py:4138} INFO - Setting next_dagrun for conditional_dataset_and_time_based_timetable to 2025-10-08 01:00:00+00:00, run_after=2025-10-08 01:00:00+00:00
[2025-10-09T19:16:02.144+0000] {logging_mixin.py:190} INFO - [2025-10-09T19:16:02.144+0000] {dag.py:4138} INFO - Setting next_dagrun for consume_1_and_2_with_dataset_expressions to None, run_after=None
[2025-10-09T19:16:02.150+0000] {logging_mixin.py:190} INFO - [2025-10-09T19:16:02.149+0000] {dag.py:4138} INFO - Setting next_dagrun for consume_1_or_2_with_dataset_expressions to None, run_after=None
[2025-10-09T19:16:02.156+0000] {logging_mixin.py:190} INFO - [2025-10-09T19:16:02.155+0000] {dag.py:4138} INFO - Setting next_dagrun for consume_1_or_both_2_and_3_with_dataset_expressions to None, run_after=None
[2025-10-09T19:16:02.163+0000] {logging_mixin.py:190} INFO - [2025-10-09T19:16:02.163+0000] {dag.py:4138} INFO - Setting next_dagrun for dataset_consumes_1 to None, run_after=None
[2025-10-09T19:16:02.168+0000] {logging_mixin.py:190} INFO - [2025-10-09T19:16:02.168+0000] {dag.py:4138} INFO - Setting next_dagrun for dataset_consumes_1_and_2 to None, run_after=None
[2025-10-09T19:16:02.173+0000] {logging_mixin.py:190} INFO - [2025-10-09T19:16:02.173+0000] {dag.py:4138} INFO - Setting next_dagrun for dataset_consumes_1_never_scheduled to None, run_after=None
[2025-10-09T19:16:02.181+0000] {logging_mixin.py:190} INFO - [2025-10-09T19:16:02.180+0000] {dag.py:4138} INFO - Setting next_dagrun for dataset_consumes_unknown_never_scheduled to None, run_after=None
[2025-10-09T19:16:02.189+0000] {logging_mixin.py:190} INFO - [2025-10-09T19:16:02.189+0000] {dag.py:4138} INFO - Setting next_dagrun for dataset_produces_1 to 2025-10-08 00:00:00+00:00, run_after=2025-10-09 00:00:00+00:00
[2025-10-09T19:16:02.194+0000] {logging_mixin.py:190} INFO - [2025-10-09T19:16:02.194+0000] {dag.py:4138} INFO - Setting next_dagrun for dataset_produces_2 to None, run_after=None
[2025-10-09T19:16:02.350+0000] {processor.py:208} INFO - Processing /home/airflow/.local/lib/python3.12/site-packages/airflow/example_dags/example_datasets.py took 1.119 seconds
[2025-10-09T19:17:25.230+0000] {processor.py:186} INFO - Started process (PID=409) to work on /home/airflow/.local/lib/python3.12/site-packages/airflow/example_dags/example_datasets.py
[2025-10-09T19:17:25.246+0000] {processor.py:914} INFO - Processing file /home/airflow/.local/lib/python3.12/site-packages/airflow/example_dags/example_datasets.py for tasks to queue
[2025-10-09T19:17:25.306+0000] {logging_mixin.py:190} INFO - [2025-10-09T19:17:25.290+0000] {dagbag.py:587} INFO - Filling up the DagBag from /home/airflow/.local/lib/python3.12/site-packages/airflow/example_dags/example_datasets.py
[2025-10-09T19:17:30.576+0000] {processor.py:925} INFO - DAG(s) 'dataset_consumes_1_never_scheduled', 'consume_1_and_2_with_dataset_expressions', 'dataset_consumes_1', 'consume_1_or_2_with_dataset_expressions', 'dataset_produces_1', 'dataset_consumes_1_and_2', 'dataset_consumes_unknown_never_scheduled', 'consume_1_or_both_2_and_3_with_dataset_expressions', 'conditional_dataset_and_time_based_timetable', 'dataset_produces_2' retrieved from /home/airflow/.local/lib/python3.12/site-packages/airflow/example_dags/example_datasets.py
[2025-10-09T19:17:31.272+0000] {logging_mixin.py:190} INFO - [2025-10-09T19:17:31.270+0000] {dag.py:3211} INFO - Sync 10 DAGs
[2025-10-09T19:17:32.537+0000] {logging_mixin.py:190} INFO - [2025-10-09T19:17:32.535+0000] {dag.py:4138} INFO - Setting next_dagrun for conditional_dataset_and_time_based_timetable to 2025-10-08 01:00:00+00:00, run_after=2025-10-08 01:00:00+00:00
[2025-10-09T19:17:32.642+0000] {logging_mixin.py:190} INFO - [2025-10-09T19:17:32.641+0000] {dag.py:4138} INFO - Setting next_dagrun for consume_1_and_2_with_dataset_expressions to None, run_after=None
[2025-10-09T19:17:32.686+0000] {logging_mixin.py:190} INFO - [2025-10-09T19:17:32.685+0000] {dag.py:4138} INFO - Setting next_dagrun for consume_1_or_2_with_dataset_expressions to None, run_after=None
[2025-10-09T19:17:32.725+0000] {logging_mixin.py:190} INFO - [2025-10-09T19:17:32.720+0000] {dag.py:4138} INFO - Setting next_dagrun for consume_1_or_both_2_and_3_with_dataset_expressions to None, run_after=None
[2025-10-09T19:17:32.754+0000] {logging_mixin.py:190} INFO - [2025-10-09T19:17:32.749+0000] {dag.py:4138} INFO - Setting next_dagrun for dataset_consumes_1 to None, run_after=None
[2025-10-09T19:17:32.789+0000] {logging_mixin.py:190} INFO - [2025-10-09T19:17:32.787+0000] {dag.py:4138} INFO - Setting next_dagrun for dataset_consumes_1_and_2 to None, run_after=None
[2025-10-09T19:17:32.811+0000] {logging_mixin.py:190} INFO - [2025-10-09T19:17:32.809+0000] {dag.py:4138} INFO - Setting next_dagrun for dataset_consumes_1_never_scheduled to None, run_after=None
[2025-10-09T19:17:32.823+0000] {logging_mixin.py:190} INFO - [2025-10-09T19:17:32.822+0000] {dag.py:4138} INFO - Setting next_dagrun for dataset_consumes_unknown_never_scheduled to None, run_after=None
[2025-10-09T19:17:32.862+0000] {logging_mixin.py:190} INFO - [2025-10-09T19:17:32.860+0000] {dag.py:4138} INFO - Setting next_dagrun for dataset_produces_1 to 2025-10-08 00:00:00+00:00, run_after=2025-10-09 00:00:00+00:00
[2025-10-09T19:17:32.883+0000] {logging_mixin.py:190} INFO - [2025-10-09T19:17:32.880+0000] {dag.py:4138} INFO - Setting next_dagrun for dataset_produces_2 to None, run_after=None
[2025-10-09T19:17:33.619+0000] {processor.py:208} INFO - Processing /home/airflow/.local/lib/python3.12/site-packages/airflow/example_dags/example_datasets.py took 8.735 seconds
[2025-10-09T19:20:19.125+0000] {processor.py:186} INFO - Started process (PID=474) to work on /home/airflow/.local/lib/python3.12/site-packages/airflow/example_dags/example_datasets.py
[2025-10-09T19:20:19.143+0000] {processor.py:914} INFO - Processing file /home/airflow/.local/lib/python3.12/site-packages/airflow/example_dags/example_datasets.py for tasks to queue
[2025-10-09T19:20:19.287+0000] {logging_mixin.py:190} INFO - [2025-10-09T19:20:19.264+0000] {dagbag.py:587} INFO - Filling up the DagBag from /home/airflow/.local/lib/python3.12/site-packages/airflow/example_dags/example_datasets.py
[2025-10-09T19:20:26.983+0000] {processor.py:925} INFO - DAG(s) 'dataset_consumes_1', 'conditional_dataset_and_time_based_timetable', 'consume_1_or_both_2_and_3_with_dataset_expressions', 'dataset_consumes_1_never_scheduled', 'dataset_consumes_unknown_never_scheduled', 'dataset_consumes_1_and_2', 'consume_1_and_2_with_dataset_expressions', 'dataset_produces_2', 'consume_1_or_2_with_dataset_expressions', 'dataset_produces_1' retrieved from /home/airflow/.local/lib/python3.12/site-packages/airflow/example_dags/example_datasets.py
[2025-10-09T19:20:28.034+0000] {logging_mixin.py:190} INFO - [2025-10-09T19:20:28.032+0000] {dag.py:3211} INFO - Sync 10 DAGs
[2025-10-09T19:20:29.492+0000] {logging_mixin.py:190} INFO - [2025-10-09T19:20:29.490+0000] {dag.py:4138} INFO - Setting next_dagrun for conditional_dataset_and_time_based_timetable to 2025-10-08 01:00:00+00:00, run_after=2025-10-08 01:00:00+00:00
[2025-10-09T19:20:30.161+0000] {logging_mixin.py:190} INFO - [2025-10-09T19:20:30.141+0000] {dag.py:4138} INFO - Setting next_dagrun for consume_1_and_2_with_dataset_expressions to None, run_after=None
[2025-10-09T19:20:30.223+0000] {logging_mixin.py:190} INFO - [2025-10-09T19:20:30.221+0000] {dag.py:4138} INFO - Setting next_dagrun for consume_1_or_2_with_dataset_expressions to None, run_after=None
[2025-10-09T19:20:30.289+0000] {logging_mixin.py:190} INFO - [2025-10-09T19:20:30.264+0000] {dag.py:4138} INFO - Setting next_dagrun for consume_1_or_both_2_and_3_with_dataset_expressions to None, run_after=None
[2025-10-09T19:20:30.374+0000] {logging_mixin.py:190} INFO - [2025-10-09T19:20:30.356+0000] {dag.py:4138} INFO - Setting next_dagrun for dataset_consumes_1 to None, run_after=None
[2025-10-09T19:20:30.452+0000] {logging_mixin.py:190} INFO - [2025-10-09T19:20:30.450+0000] {dag.py:4138} INFO - Setting next_dagrun for dataset_consumes_1_and_2 to None, run_after=None
[2025-10-09T19:20:30.536+0000] {logging_mixin.py:190} INFO - [2025-10-09T19:20:30.533+0000] {dag.py:4138} INFO - Setting next_dagrun for dataset_consumes_1_never_scheduled to None, run_after=None
[2025-10-09T19:20:30.616+0000] {logging_mixin.py:190} INFO - [2025-10-09T19:20:30.611+0000] {dag.py:4138} INFO - Setting next_dagrun for dataset_consumes_unknown_never_scheduled to None, run_after=None
[2025-10-09T19:20:30.928+0000] {logging_mixin.py:190} INFO - [2025-10-09T19:20:30.924+0000] {dag.py:4138} INFO - Setting next_dagrun for dataset_produces_1 to 2025-10-08 00:00:00+00:00, run_after=2025-10-09 00:00:00+00:00
[2025-10-09T19:20:31.074+0000] {logging_mixin.py:190} INFO - [2025-10-09T19:20:31.072+0000] {dag.py:4138} INFO - Setting next_dagrun for dataset_produces_2 to None, run_after=None
[2025-10-09T19:20:33.645+0000] {processor.py:208} INFO - Processing /home/airflow/.local/lib/python3.12/site-packages/airflow/example_dags/example_datasets.py took 15.032 seconds
[2025-10-09T19:22:37.024+0000] {processor.py:186} INFO - Started process (PID=548) to work on /home/airflow/.local/lib/python3.12/site-packages/airflow/example_dags/example_datasets.py
[2025-10-09T19:22:37.068+0000] {processor.py:914} INFO - Processing file /home/airflow/.local/lib/python3.12/site-packages/airflow/example_dags/example_datasets.py for tasks to queue
[2025-10-09T19:22:37.170+0000] {logging_mixin.py:190} INFO - [2025-10-09T19:22:37.142+0000] {dagbag.py:587} INFO - Filling up the DagBag from /home/airflow/.local/lib/python3.12/site-packages/airflow/example_dags/example_datasets.py
[2025-10-09T19:22:41.429+0000] {processor.py:925} INFO - DAG(s) 'dataset_consumes_1', 'consume_1_or_both_2_and_3_with_dataset_expressions', 'consume_1_and_2_with_dataset_expressions', 'dataset_consumes_unknown_never_scheduled', 'dataset_consumes_1_and_2', 'consume_1_or_2_with_dataset_expressions', 'dataset_consumes_1_never_scheduled', 'dataset_produces_1', 'conditional_dataset_and_time_based_timetable', 'dataset_produces_2' retrieved from /home/airflow/.local/lib/python3.12/site-packages/airflow/example_dags/example_datasets.py
[2025-10-09T19:22:42.091+0000] {logging_mixin.py:190} INFO - [2025-10-09T19:22:42.089+0000] {dag.py:3211} INFO - Sync 10 DAGs
[2025-10-09T19:22:42.645+0000] {logging_mixin.py:190} INFO - [2025-10-09T19:22:42.642+0000] {dag.py:4138} INFO - Setting next_dagrun for conditional_dataset_and_time_based_timetable to 2025-10-08 01:00:00+00:00, run_after=2025-10-08 01:00:00+00:00
[2025-10-09T19:22:42.712+0000] {logging_mixin.py:190} INFO - [2025-10-09T19:22:42.710+0000] {dag.py:4138} INFO - Setting next_dagrun for consume_1_and_2_with_dataset_expressions to None, run_after=None
[2025-10-09T19:22:42.748+0000] {logging_mixin.py:190} INFO - [2025-10-09T19:22:42.736+0000] {dag.py:4138} INFO - Setting next_dagrun for consume_1_or_2_with_dataset_expressions to None, run_after=None
[2025-10-09T19:22:42.796+0000] {logging_mixin.py:190} INFO - [2025-10-09T19:22:42.795+0000] {dag.py:4138} INFO - Setting next_dagrun for consume_1_or_both_2_and_3_with_dataset_expressions to None, run_after=None
[2025-10-09T19:22:42.823+0000] {logging_mixin.py:190} INFO - [2025-10-09T19:22:42.816+0000] {dag.py:4138} INFO - Setting next_dagrun for dataset_consumes_1 to None, run_after=None
[2025-10-09T19:22:42.864+0000] {logging_mixin.py:190} INFO - [2025-10-09T19:22:42.862+0000] {dag.py:4138} INFO - Setting next_dagrun for dataset_consumes_1_and_2 to None, run_after=None
[2025-10-09T19:22:42.894+0000] {logging_mixin.py:190} INFO - [2025-10-09T19:22:42.890+0000] {dag.py:4138} INFO - Setting next_dagrun for dataset_consumes_1_never_scheduled to None, run_after=None
[2025-10-09T19:22:42.941+0000] {logging_mixin.py:190} INFO - [2025-10-09T19:22:42.937+0000] {dag.py:4138} INFO - Setting next_dagrun for dataset_consumes_unknown_never_scheduled to None, run_after=None
[2025-10-09T19:22:43.044+0000] {logging_mixin.py:190} INFO - [2025-10-09T19:22:43.042+0000] {dag.py:4138} INFO - Setting next_dagrun for dataset_produces_1 to 2025-10-08 00:00:00+00:00, run_after=2025-10-09 00:00:00+00:00
[2025-10-09T19:22:43.077+0000] {logging_mixin.py:190} INFO - [2025-10-09T19:22:43.076+0000] {dag.py:4138} INFO - Setting next_dagrun for dataset_produces_2 to None, run_after=None
[2025-10-09T19:22:43.781+0000] {processor.py:208} INFO - Processing /home/airflow/.local/lib/python3.12/site-packages/airflow/example_dags/example_datasets.py took 7.232 seconds
