[2025-10-09T19:03:12.935+0000] {processor.py:186} INFO - Started process (PID=166) to work on /home/airflow/.local/lib/python3.12/site-packages/airflow/example_dags/example_trigger_controller_dag.py
[2025-10-09T19:03:12.951+0000] {processor.py:914} INFO - Processing file /home/airflow/.local/lib/python3.12/site-packages/airflow/example_dags/example_trigger_controller_dag.py for tasks to queue
[2025-10-09T19:03:12.988+0000] {logging_mixin.py:190} INFO - [2025-10-09T19:03:12.986+0000] {dagbag.py:587} INFO - Filling up the DagBag from /home/airflow/.local/lib/python3.12/site-packages/airflow/example_dags/example_trigger_controller_dag.py
[2025-10-09T19:03:13.094+0000] {processor.py:925} INFO - DAG(s) 'example_trigger_controller_dag' retrieved from /home/airflow/.local/lib/python3.12/site-packages/airflow/example_dags/example_trigger_controller_dag.py
[2025-10-09T19:03:14.569+0000] {logging_mixin.py:190} INFO - [2025-10-09T19:03:14.558+0000] {override.py:1858} INFO - Created Permission View: can edit on DAG:example_trigger_controller_dag
[2025-10-09T19:03:14.629+0000] {logging_mixin.py:190} INFO - [2025-10-09T19:03:14.628+0000] {override.py:1858} INFO - Created Permission View: can delete on DAG:example_trigger_controller_dag
[2025-10-09T19:03:14.679+0000] {logging_mixin.py:190} INFO - [2025-10-09T19:03:14.677+0000] {override.py:1858} INFO - Created Permission View: can read on DAG:example_trigger_controller_dag
[2025-10-09T19:03:14.685+0000] {logging_mixin.py:190} INFO - [2025-10-09T19:03:14.683+0000] {dag.py:3211} INFO - Sync 1 DAGs
[2025-10-09T19:03:14.842+0000] {logging_mixin.py:190} INFO - [2025-10-09T19:03:14.839+0000] {dag.py:3234} INFO - Creating ORM DAG for example_trigger_controller_dag
[2025-10-09T19:03:14.986+0000] {logging_mixin.py:190} INFO - [2025-10-09T19:03:14.981+0000] {dag.py:4138} INFO - Setting next_dagrun for example_trigger_controller_dag to 2021-01-01 00:00:00+00:00, run_after=2021-01-01 00:00:00+00:00
[2025-10-09T19:03:15.177+0000] {processor.py:208} INFO - Processing /home/airflow/.local/lib/python3.12/site-packages/airflow/example_dags/example_trigger_controller_dag.py took 2.354 seconds
[2025-10-09T19:04:19.022+0000] {processor.py:186} INFO - Started process (PID=236) to work on /home/airflow/.local/lib/python3.12/site-packages/airflow/example_dags/example_trigger_controller_dag.py
[2025-10-09T19:04:19.041+0000] {processor.py:914} INFO - Processing file /home/airflow/.local/lib/python3.12/site-packages/airflow/example_dags/example_trigger_controller_dag.py for tasks to queue
[2025-10-09T19:04:19.075+0000] {logging_mixin.py:190} INFO - [2025-10-09T19:04:19.071+0000] {dagbag.py:587} INFO - Filling up the DagBag from /home/airflow/.local/lib/python3.12/site-packages/airflow/example_dags/example_trigger_controller_dag.py
[2025-10-09T19:04:19.234+0000] {processor.py:925} INFO - DAG(s) 'example_trigger_controller_dag' retrieved from /home/airflow/.local/lib/python3.12/site-packages/airflow/example_dags/example_trigger_controller_dag.py
[2025-10-09T19:04:19.516+0000] {logging_mixin.py:190} INFO - [2025-10-09T19:04:19.510+0000] {dag.py:3211} INFO - Sync 1 DAGs
[2025-10-09T19:04:19.959+0000] {logging_mixin.py:190} INFO - [2025-10-09T19:04:19.958+0000] {dag.py:4138} INFO - Setting next_dagrun for example_trigger_controller_dag to 2021-01-01 00:00:00+00:00, run_after=2021-01-01 00:00:00+00:00
[2025-10-09T19:04:20.124+0000] {processor.py:208} INFO - Processing /home/airflow/.local/lib/python3.12/site-packages/airflow/example_dags/example_trigger_controller_dag.py took 1.177 seconds
[2025-10-09T19:04:57.319+0000] {processor.py:186} INFO - Started process (PID=299) to work on /home/airflow/.local/lib/python3.12/site-packages/airflow/example_dags/example_trigger_controller_dag.py
[2025-10-09T19:04:57.327+0000] {processor.py:914} INFO - Processing file /home/airflow/.local/lib/python3.12/site-packages/airflow/example_dags/example_trigger_controller_dag.py for tasks to queue
[2025-10-09T19:04:57.345+0000] {logging_mixin.py:190} INFO - [2025-10-09T19:04:57.342+0000] {dagbag.py:587} INFO - Filling up the DagBag from /home/airflow/.local/lib/python3.12/site-packages/airflow/example_dags/example_trigger_controller_dag.py
[2025-10-09T19:04:57.406+0000] {processor.py:925} INFO - DAG(s) 'example_trigger_controller_dag' retrieved from /home/airflow/.local/lib/python3.12/site-packages/airflow/example_dags/example_trigger_controller_dag.py
[2025-10-09T19:04:57.622+0000] {logging_mixin.py:190} INFO - [2025-10-09T19:04:57.620+0000] {dag.py:3211} INFO - Sync 1 DAGs
[2025-10-09T19:04:57.835+0000] {logging_mixin.py:190} INFO - [2025-10-09T19:04:57.832+0000] {dag.py:4138} INFO - Setting next_dagrun for example_trigger_controller_dag to 2021-01-01 00:00:00+00:00, run_after=2021-01-01 00:00:00+00:00
[2025-10-09T19:04:57.982+0000] {processor.py:208} INFO - Processing /home/airflow/.local/lib/python3.12/site-packages/airflow/example_dags/example_trigger_controller_dag.py took 0.717 seconds
[2025-10-09T19:05:47.853+0000] {processor.py:186} INFO - Started process (PID=369) to work on /home/airflow/.local/lib/python3.12/site-packages/airflow/example_dags/example_trigger_controller_dag.py
[2025-10-09T19:05:47.868+0000] {processor.py:914} INFO - Processing file /home/airflow/.local/lib/python3.12/site-packages/airflow/example_dags/example_trigger_controller_dag.py for tasks to queue
[2025-10-09T19:05:47.894+0000] {logging_mixin.py:190} INFO - [2025-10-09T19:05:47.892+0000] {dagbag.py:587} INFO - Filling up the DagBag from /home/airflow/.local/lib/python3.12/site-packages/airflow/example_dags/example_trigger_controller_dag.py
[2025-10-09T19:05:47.983+0000] {processor.py:925} INFO - DAG(s) 'example_trigger_controller_dag' retrieved from /home/airflow/.local/lib/python3.12/site-packages/airflow/example_dags/example_trigger_controller_dag.py
[2025-10-09T19:05:48.280+0000] {logging_mixin.py:190} INFO - [2025-10-09T19:05:48.279+0000] {dag.py:3211} INFO - Sync 1 DAGs
[2025-10-09T19:05:48.556+0000] {logging_mixin.py:190} INFO - [2025-10-09T19:05:48.555+0000] {dag.py:4138} INFO - Setting next_dagrun for example_trigger_controller_dag to 2021-01-01 00:00:00+00:00, run_after=2021-01-01 00:00:00+00:00
[2025-10-09T19:05:48.768+0000] {processor.py:208} INFO - Processing /home/airflow/.local/lib/python3.12/site-packages/airflow/example_dags/example_trigger_controller_dag.py took 0.989 seconds
[2025-10-09T19:06:28.881+0000] {processor.py:186} INFO - Started process (PID=434) to work on /home/airflow/.local/lib/python3.12/site-packages/airflow/example_dags/example_trigger_controller_dag.py
[2025-10-09T19:06:28.886+0000] {processor.py:914} INFO - Processing file /home/airflow/.local/lib/python3.12/site-packages/airflow/example_dags/example_trigger_controller_dag.py for tasks to queue
[2025-10-09T19:06:28.907+0000] {logging_mixin.py:190} INFO - [2025-10-09T19:06:28.904+0000] {dagbag.py:587} INFO - Filling up the DagBag from /home/airflow/.local/lib/python3.12/site-packages/airflow/example_dags/example_trigger_controller_dag.py
[2025-10-09T19:06:28.958+0000] {processor.py:925} INFO - DAG(s) 'example_trigger_controller_dag' retrieved from /home/airflow/.local/lib/python3.12/site-packages/airflow/example_dags/example_trigger_controller_dag.py
[2025-10-09T19:06:29.108+0000] {logging_mixin.py:190} INFO - [2025-10-09T19:06:29.107+0000] {dag.py:3211} INFO - Sync 1 DAGs
[2025-10-09T19:06:29.277+0000] {logging_mixin.py:190} INFO - [2025-10-09T19:06:29.276+0000] {dag.py:4138} INFO - Setting next_dagrun for example_trigger_controller_dag to 2021-01-01 00:00:00+00:00, run_after=2021-01-01 00:00:00+00:00
[2025-10-09T19:06:29.437+0000] {processor.py:208} INFO - Processing /home/airflow/.local/lib/python3.12/site-packages/airflow/example_dags/example_trigger_controller_dag.py took 0.609 seconds
[2025-10-09T19:06:59.677+0000] {processor.py:186} INFO - Started process (PID=498) to work on /home/airflow/.local/lib/python3.12/site-packages/airflow/example_dags/example_trigger_controller_dag.py
[2025-10-09T19:06:59.681+0000] {processor.py:914} INFO - Processing file /home/airflow/.local/lib/python3.12/site-packages/airflow/example_dags/example_trigger_controller_dag.py for tasks to queue
[2025-10-09T19:06:59.690+0000] {logging_mixin.py:190} INFO - [2025-10-09T19:06:59.689+0000] {dagbag.py:587} INFO - Filling up the DagBag from /home/airflow/.local/lib/python3.12/site-packages/airflow/example_dags/example_trigger_controller_dag.py
[2025-10-09T19:06:59.712+0000] {processor.py:925} INFO - DAG(s) 'example_trigger_controller_dag' retrieved from /home/airflow/.local/lib/python3.12/site-packages/airflow/example_dags/example_trigger_controller_dag.py
[2025-10-09T19:06:59.776+0000] {logging_mixin.py:190} INFO - [2025-10-09T19:06:59.775+0000] {dag.py:3211} INFO - Sync 1 DAGs
[2025-10-09T19:06:59.844+0000] {logging_mixin.py:190} INFO - [2025-10-09T19:06:59.843+0000] {dag.py:4138} INFO - Setting next_dagrun for example_trigger_controller_dag to 2021-01-01 00:00:00+00:00, run_after=2021-01-01 00:00:00+00:00
[2025-10-09T19:06:59.907+0000] {processor.py:208} INFO - Processing /home/airflow/.local/lib/python3.12/site-packages/airflow/example_dags/example_trigger_controller_dag.py took 0.248 seconds
[2025-10-09T19:14:03.513+0000] {processor.py:186} INFO - Started process (PID=97) to work on /home/airflow/.local/lib/python3.12/site-packages/airflow/example_dags/example_trigger_controller_dag.py
[2025-10-09T19:14:03.516+0000] {processor.py:914} INFO - Processing file /home/airflow/.local/lib/python3.12/site-packages/airflow/example_dags/example_trigger_controller_dag.py for tasks to queue
[2025-10-09T19:14:03.527+0000] {logging_mixin.py:190} INFO - [2025-10-09T19:14:03.526+0000] {dagbag.py:587} INFO - Filling up the DagBag from /home/airflow/.local/lib/python3.12/site-packages/airflow/example_dags/example_trigger_controller_dag.py
[2025-10-09T19:14:03.556+0000] {processor.py:925} INFO - DAG(s) 'example_trigger_controller_dag' retrieved from /home/airflow/.local/lib/python3.12/site-packages/airflow/example_dags/example_trigger_controller_dag.py
[2025-10-09T19:14:03.657+0000] {logging_mixin.py:190} INFO - [2025-10-09T19:14:03.656+0000] {dag.py:3211} INFO - Sync 1 DAGs
[2025-10-09T19:14:03.814+0000] {logging_mixin.py:190} INFO - [2025-10-09T19:14:03.813+0000] {dag.py:4138} INFO - Setting next_dagrun for example_trigger_controller_dag to 2021-01-01 00:00:00+00:00, run_after=2021-01-01 00:00:00+00:00
[2025-10-09T19:14:04.164+0000] {processor.py:208} INFO - Processing /home/airflow/.local/lib/python3.12/site-packages/airflow/example_dags/example_trigger_controller_dag.py took 0.674 seconds
[2025-10-09T19:14:34.362+0000] {processor.py:186} INFO - Started process (PID=160) to work on /home/airflow/.local/lib/python3.12/site-packages/airflow/example_dags/example_trigger_controller_dag.py
[2025-10-09T19:14:34.365+0000] {processor.py:914} INFO - Processing file /home/airflow/.local/lib/python3.12/site-packages/airflow/example_dags/example_trigger_controller_dag.py for tasks to queue
[2025-10-09T19:14:34.373+0000] {logging_mixin.py:190} INFO - [2025-10-09T19:14:34.372+0000] {dagbag.py:587} INFO - Filling up the DagBag from /home/airflow/.local/lib/python3.12/site-packages/airflow/example_dags/example_trigger_controller_dag.py
[2025-10-09T19:14:34.391+0000] {processor.py:925} INFO - DAG(s) 'example_trigger_controller_dag' retrieved from /home/airflow/.local/lib/python3.12/site-packages/airflow/example_dags/example_trigger_controller_dag.py
[2025-10-09T19:14:34.434+0000] {logging_mixin.py:190} INFO - [2025-10-09T19:14:34.434+0000] {dag.py:3211} INFO - Sync 1 DAGs
[2025-10-09T19:14:34.493+0000] {logging_mixin.py:190} INFO - [2025-10-09T19:14:34.492+0000] {dag.py:4138} INFO - Setting next_dagrun for example_trigger_controller_dag to 2021-01-01 00:00:00+00:00, run_after=2021-01-01 00:00:00+00:00
[2025-10-09T19:14:34.532+0000] {processor.py:208} INFO - Processing /home/airflow/.local/lib/python3.12/site-packages/airflow/example_dags/example_trigger_controller_dag.py took 0.185 seconds
[2025-10-09T19:15:05.607+0000] {processor.py:186} INFO - Started process (PID=224) to work on /home/airflow/.local/lib/python3.12/site-packages/airflow/example_dags/example_trigger_controller_dag.py
[2025-10-09T19:15:05.609+0000] {processor.py:914} INFO - Processing file /home/airflow/.local/lib/python3.12/site-packages/airflow/example_dags/example_trigger_controller_dag.py for tasks to queue
[2025-10-09T19:15:05.620+0000] {logging_mixin.py:190} INFO - [2025-10-09T19:15:05.619+0000] {dagbag.py:587} INFO - Filling up the DagBag from /home/airflow/.local/lib/python3.12/site-packages/airflow/example_dags/example_trigger_controller_dag.py
[2025-10-09T19:15:05.639+0000] {processor.py:925} INFO - DAG(s) 'example_trigger_controller_dag' retrieved from /home/airflow/.local/lib/python3.12/site-packages/airflow/example_dags/example_trigger_controller_dag.py
[2025-10-09T19:15:05.682+0000] {logging_mixin.py:190} INFO - [2025-10-09T19:15:05.681+0000] {dag.py:3211} INFO - Sync 1 DAGs
[2025-10-09T19:15:05.730+0000] {logging_mixin.py:190} INFO - [2025-10-09T19:15:05.729+0000] {dag.py:4138} INFO - Setting next_dagrun for example_trigger_controller_dag to 2021-01-01 00:00:00+00:00, run_after=2021-01-01 00:00:00+00:00
[2025-10-09T19:15:05.778+0000] {processor.py:208} INFO - Processing /home/airflow/.local/lib/python3.12/site-packages/airflow/example_dags/example_trigger_controller_dag.py took 0.185 seconds
[2025-10-09T19:15:36.529+0000] {processor.py:186} INFO - Started process (PID=287) to work on /home/airflow/.local/lib/python3.12/site-packages/airflow/example_dags/example_trigger_controller_dag.py
[2025-10-09T19:15:36.535+0000] {processor.py:914} INFO - Processing file /home/airflow/.local/lib/python3.12/site-packages/airflow/example_dags/example_trigger_controller_dag.py for tasks to queue
[2025-10-09T19:15:36.553+0000] {logging_mixin.py:190} INFO - [2025-10-09T19:15:36.550+0000] {dagbag.py:587} INFO - Filling up the DagBag from /home/airflow/.local/lib/python3.12/site-packages/airflow/example_dags/example_trigger_controller_dag.py
[2025-10-09T19:15:36.595+0000] {processor.py:925} INFO - DAG(s) 'example_trigger_controller_dag' retrieved from /home/airflow/.local/lib/python3.12/site-packages/airflow/example_dags/example_trigger_controller_dag.py
[2025-10-09T19:15:36.722+0000] {logging_mixin.py:190} INFO - [2025-10-09T19:15:36.721+0000] {dag.py:3211} INFO - Sync 1 DAGs
[2025-10-09T19:15:36.844+0000] {logging_mixin.py:190} INFO - [2025-10-09T19:15:36.843+0000] {dag.py:4138} INFO - Setting next_dagrun for example_trigger_controller_dag to 2021-01-01 00:00:00+00:00, run_after=2021-01-01 00:00:00+00:00
[2025-10-09T19:15:36.899+0000] {processor.py:208} INFO - Processing /home/airflow/.local/lib/python3.12/site-packages/airflow/example_dags/example_trigger_controller_dag.py took 0.413 seconds
[2025-10-09T19:16:08.542+0000] {processor.py:186} INFO - Started process (PID=350) to work on /home/airflow/.local/lib/python3.12/site-packages/airflow/example_dags/example_trigger_controller_dag.py
[2025-10-09T19:16:08.548+0000] {processor.py:914} INFO - Processing file /home/airflow/.local/lib/python3.12/site-packages/airflow/example_dags/example_trigger_controller_dag.py for tasks to queue
[2025-10-09T19:16:08.562+0000] {logging_mixin.py:190} INFO - [2025-10-09T19:16:08.560+0000] {dagbag.py:587} INFO - Filling up the DagBag from /home/airflow/.local/lib/python3.12/site-packages/airflow/example_dags/example_trigger_controller_dag.py
[2025-10-09T19:16:08.613+0000] {processor.py:925} INFO - DAG(s) 'example_trigger_controller_dag' retrieved from /home/airflow/.local/lib/python3.12/site-packages/airflow/example_dags/example_trigger_controller_dag.py
[2025-10-09T19:16:08.721+0000] {logging_mixin.py:190} INFO - [2025-10-09T19:16:08.720+0000] {dag.py:3211} INFO - Sync 1 DAGs
[2025-10-09T19:16:08.853+0000] {logging_mixin.py:190} INFO - [2025-10-09T19:16:08.852+0000] {dag.py:4138} INFO - Setting next_dagrun for example_trigger_controller_dag to 2021-01-01 00:00:00+00:00, run_after=2021-01-01 00:00:00+00:00
[2025-10-09T19:16:08.977+0000] {processor.py:208} INFO - Processing /home/airflow/.local/lib/python3.12/site-packages/airflow/example_dags/example_trigger_controller_dag.py took 0.480 seconds
[2025-10-09T19:18:45.709+0000] {processor.py:186} INFO - Started process (PID=441) to work on /home/airflow/.local/lib/python3.12/site-packages/airflow/example_dags/example_trigger_controller_dag.py
[2025-10-09T19:18:45.728+0000] {processor.py:914} INFO - Processing file /home/airflow/.local/lib/python3.12/site-packages/airflow/example_dags/example_trigger_controller_dag.py for tasks to queue
[2025-10-09T19:18:46.164+0000] {logging_mixin.py:190} INFO - [2025-10-09T19:18:46.160+0000] {dagbag.py:587} INFO - Filling up the DagBag from /home/airflow/.local/lib/python3.12/site-packages/airflow/example_dags/example_trigger_controller_dag.py
[2025-10-09T19:18:46.287+0000] {processor.py:925} INFO - DAG(s) 'example_trigger_controller_dag' retrieved from /home/airflow/.local/lib/python3.12/site-packages/airflow/example_dags/example_trigger_controller_dag.py
[2025-10-09T19:18:46.951+0000] {logging_mixin.py:190} INFO - [2025-10-09T19:18:46.941+0000] {dag.py:3211} INFO - Sync 1 DAGs
[2025-10-09T19:18:47.387+0000] {logging_mixin.py:190} INFO - [2025-10-09T19:18:47.384+0000] {dag.py:4138} INFO - Setting next_dagrun for example_trigger_controller_dag to 2021-01-01 00:00:00+00:00, run_after=2021-01-01 00:00:00+00:00
[2025-10-09T19:18:48.137+0000] {processor.py:208} INFO - Processing /home/airflow/.local/lib/python3.12/site-packages/airflow/example_dags/example_trigger_controller_dag.py took 2.709 seconds
[2025-10-09T19:21:34.241+0000] {processor.py:186} INFO - Started process (PID=511) to work on /home/airflow/.local/lib/python3.12/site-packages/airflow/example_dags/example_trigger_controller_dag.py
[2025-10-09T19:21:34.255+0000] {processor.py:914} INFO - Processing file /home/airflow/.local/lib/python3.12/site-packages/airflow/example_dags/example_trigger_controller_dag.py for tasks to queue
[2025-10-09T19:21:34.402+0000] {logging_mixin.py:190} INFO - [2025-10-09T19:21:34.399+0000] {dagbag.py:587} INFO - Filling up the DagBag from /home/airflow/.local/lib/python3.12/site-packages/airflow/example_dags/example_trigger_controller_dag.py
[2025-10-09T19:21:34.671+0000] {processor.py:925} INFO - DAG(s) 'example_trigger_controller_dag' retrieved from /home/airflow/.local/lib/python3.12/site-packages/airflow/example_dags/example_trigger_controller_dag.py
[2025-10-09T19:21:35.285+0000] {logging_mixin.py:190} INFO - [2025-10-09T19:21:35.284+0000] {dag.py:3211} INFO - Sync 1 DAGs
[2025-10-09T19:21:36.184+0000] {logging_mixin.py:190} INFO - [2025-10-09T19:21:36.171+0000] {dag.py:4138} INFO - Setting next_dagrun for example_trigger_controller_dag to 2021-01-01 00:00:00+00:00, run_after=2021-01-01 00:00:00+00:00
[2025-10-09T19:21:37.002+0000] {processor.py:208} INFO - Processing /home/airflow/.local/lib/python3.12/site-packages/airflow/example_dags/example_trigger_controller_dag.py took 3.150 seconds
