[2025-10-09T19:01:18.206+0000] {processor.py:186} INFO - Started process (PID=118) to work on /home/airflow/.local/lib/python3.12/site-packages/airflow/example_dags/example_short_circuit_decorator.py
[2025-10-09T19:01:18.283+0000] {processor.py:914} INFO - Processing file /home/airflow/.local/lib/python3.12/site-packages/airflow/example_dags/example_short_circuit_decorator.py for tasks to queue
[2025-10-09T19:01:18.782+0000] {logging_mixin.py:190} INFO - [2025-10-09T19:01:18.773+0000] {dagbag.py:587} INFO - Filling up the DagBag from /home/airflow/.local/lib/python3.12/site-packages/airflow/example_dags/example_short_circuit_decorator.py
[2025-10-09T19:01:20.011+0000] {processor.py:925} INFO - DAG(s) 'example_short_circuit_decorator' retrieved from /home/airflow/.local/lib/python3.12/site-packages/airflow/example_dags/example_short_circuit_decorator.py
[2025-10-09T19:01:27.801+0000] {logging_mixin.py:190} INFO - [2025-10-09T19:01:27.729+0000] {override.py:1858} INFO - Created Permission View: can edit on DAG:example_short_circuit_decorator
[2025-10-09T19:01:28.125+0000] {logging_mixin.py:190} INFO - [2025-10-09T19:01:28.098+0000] {override.py:1858} INFO - Created Permission View: can delete on DAG:example_short_circuit_decorator
[2025-10-09T19:01:28.281+0000] {logging_mixin.py:190} INFO - [2025-10-09T19:01:28.267+0000] {override.py:1858} INFO - Created Permission View: can read on DAG:example_short_circuit_decorator
[2025-10-09T19:01:28.286+0000] {logging_mixin.py:190} INFO - [2025-10-09T19:01:28.284+0000] {dag.py:3211} INFO - Sync 1 DAGs
[2025-10-09T19:01:29.649+0000] {logging_mixin.py:190} INFO - [2025-10-09T19:01:29.643+0000] {dag.py:3234} INFO - Creating ORM DAG for example_short_circuit_decorator
[2025-10-09T19:01:30.096+0000] {logging_mixin.py:190} INFO - [2025-10-09T19:01:30.091+0000] {dag.py:4138} INFO - Setting next_dagrun for example_short_circuit_decorator to 2025-10-08 00:00:00+00:00, run_after=2025-10-09 00:00:00+00:00
[2025-10-09T19:01:30.935+0000] {processor.py:208} INFO - Processing /home/airflow/.local/lib/python3.12/site-packages/airflow/example_dags/example_short_circuit_decorator.py took 12.859 seconds
[2025-10-09T19:03:57.988+0000] {processor.py:186} INFO - Started process (PID=207) to work on /home/airflow/.local/lib/python3.12/site-packages/airflow/example_dags/example_short_circuit_decorator.py
[2025-10-09T19:03:58.006+0000] {processor.py:914} INFO - Processing file /home/airflow/.local/lib/python3.12/site-packages/airflow/example_dags/example_short_circuit_decorator.py for tasks to queue
[2025-10-09T19:03:58.030+0000] {logging_mixin.py:190} INFO - [2025-10-09T19:03:58.024+0000] {dagbag.py:587} INFO - Filling up the DagBag from /home/airflow/.local/lib/python3.12/site-packages/airflow/example_dags/example_short_circuit_decorator.py
[2025-10-09T19:03:58.152+0000] {processor.py:925} INFO - DAG(s) 'example_short_circuit_decorator' retrieved from /home/airflow/.local/lib/python3.12/site-packages/airflow/example_dags/example_short_circuit_decorator.py
[2025-10-09T19:03:58.483+0000] {logging_mixin.py:190} INFO - [2025-10-09T19:03:58.480+0000] {dag.py:3211} INFO - Sync 1 DAGs
[2025-10-09T19:03:58.909+0000] {logging_mixin.py:190} INFO - [2025-10-09T19:03:58.907+0000] {dag.py:4138} INFO - Setting next_dagrun for example_short_circuit_decorator to 2025-10-08 00:00:00+00:00, run_after=2025-10-09 00:00:00+00:00
[2025-10-09T19:03:59.065+0000] {processor.py:208} INFO - Processing /home/airflow/.local/lib/python3.12/site-packages/airflow/example_dags/example_short_circuit_decorator.py took 1.145 seconds
[2025-10-09T19:04:36.211+0000] {processor.py:186} INFO - Started process (PID=267) to work on /home/airflow/.local/lib/python3.12/site-packages/airflow/example_dags/example_short_circuit_decorator.py
[2025-10-09T19:04:36.217+0000] {processor.py:914} INFO - Processing file /home/airflow/.local/lib/python3.12/site-packages/airflow/example_dags/example_short_circuit_decorator.py for tasks to queue
[2025-10-09T19:04:36.235+0000] {logging_mixin.py:190} INFO - [2025-10-09T19:04:36.233+0000] {dagbag.py:587} INFO - Filling up the DagBag from /home/airflow/.local/lib/python3.12/site-packages/airflow/example_dags/example_short_circuit_decorator.py
[2025-10-09T19:04:36.319+0000] {processor.py:925} INFO - DAG(s) 'example_short_circuit_decorator' retrieved from /home/airflow/.local/lib/python3.12/site-packages/airflow/example_dags/example_short_circuit_decorator.py
[2025-10-09T19:04:36.462+0000] {logging_mixin.py:190} INFO - [2025-10-09T19:04:36.461+0000] {dag.py:3211} INFO - Sync 1 DAGs
[2025-10-09T19:04:36.586+0000] {logging_mixin.py:190} INFO - [2025-10-09T19:04:36.585+0000] {dag.py:4138} INFO - Setting next_dagrun for example_short_circuit_decorator to 2025-10-08 00:00:00+00:00, run_after=2025-10-09 00:00:00+00:00
[2025-10-09T19:04:36.677+0000] {processor.py:208} INFO - Processing /home/airflow/.local/lib/python3.12/site-packages/airflow/example_dags/example_short_circuit_decorator.py took 0.506 seconds
[2025-10-09T19:05:13.891+0000] {processor.py:186} INFO - Started process (PID=325) to work on /home/airflow/.local/lib/python3.12/site-packages/airflow/example_dags/example_short_circuit_decorator.py
[2025-10-09T19:05:13.908+0000] {processor.py:914} INFO - Processing file /home/airflow/.local/lib/python3.12/site-packages/airflow/example_dags/example_short_circuit_decorator.py for tasks to queue
[2025-10-09T19:05:13.935+0000] {logging_mixin.py:190} INFO - [2025-10-09T19:05:13.933+0000] {dagbag.py:587} INFO - Filling up the DagBag from /home/airflow/.local/lib/python3.12/site-packages/airflow/example_dags/example_short_circuit_decorator.py
[2025-10-09T19:05:14.069+0000] {processor.py:925} INFO - DAG(s) 'example_short_circuit_decorator' retrieved from /home/airflow/.local/lib/python3.12/site-packages/airflow/example_dags/example_short_circuit_decorator.py
[2025-10-09T19:05:14.315+0000] {logging_mixin.py:190} INFO - [2025-10-09T19:05:14.312+0000] {dag.py:3211} INFO - Sync 1 DAGs
[2025-10-09T19:05:14.487+0000] {logging_mixin.py:190} INFO - [2025-10-09T19:05:14.486+0000] {dag.py:4138} INFO - Setting next_dagrun for example_short_circuit_decorator to 2025-10-08 00:00:00+00:00, run_after=2025-10-09 00:00:00+00:00
[2025-10-09T19:05:14.600+0000] {processor.py:208} INFO - Processing /home/airflow/.local/lib/python3.12/site-packages/airflow/example_dags/example_short_circuit_decorator.py took 0.858 seconds
[2025-10-09T19:05:54.345+0000] {processor.py:186} INFO - Started process (PID=377) to work on /home/airflow/.local/lib/python3.12/site-packages/airflow/example_dags/example_short_circuit_decorator.py
[2025-10-09T19:05:54.359+0000] {processor.py:914} INFO - Processing file /home/airflow/.local/lib/python3.12/site-packages/airflow/example_dags/example_short_circuit_decorator.py for tasks to queue
[2025-10-09T19:05:54.389+0000] {logging_mixin.py:190} INFO - [2025-10-09T19:05:54.385+0000] {dagbag.py:587} INFO - Filling up the DagBag from /home/airflow/.local/lib/python3.12/site-packages/airflow/example_dags/example_short_circuit_decorator.py
[2025-10-09T19:05:54.501+0000] {processor.py:925} INFO - DAG(s) 'example_short_circuit_decorator' retrieved from /home/airflow/.local/lib/python3.12/site-packages/airflow/example_dags/example_short_circuit_decorator.py
[2025-10-09T19:05:54.752+0000] {logging_mixin.py:190} INFO - [2025-10-09T19:05:54.751+0000] {dag.py:3211} INFO - Sync 1 DAGs
[2025-10-09T19:05:54.997+0000] {logging_mixin.py:190} INFO - [2025-10-09T19:05:54.995+0000] {dag.py:4138} INFO - Setting next_dagrun for example_short_circuit_decorator to 2025-10-08 00:00:00+00:00, run_after=2025-10-09 00:00:00+00:00
[2025-10-09T19:05:55.275+0000] {processor.py:208} INFO - Processing /home/airflow/.local/lib/python3.12/site-packages/airflow/example_dags/example_short_circuit_decorator.py took 1.012 seconds
[2025-10-09T19:06:32.008+0000] {processor.py:186} INFO - Started process (PID=440) to work on /home/airflow/.local/lib/python3.12/site-packages/airflow/example_dags/example_short_circuit_decorator.py
[2025-10-09T19:06:32.020+0000] {processor.py:914} INFO - Processing file /home/airflow/.local/lib/python3.12/site-packages/airflow/example_dags/example_short_circuit_decorator.py for tasks to queue
[2025-10-09T19:06:32.040+0000] {logging_mixin.py:190} INFO - [2025-10-09T19:06:32.038+0000] {dagbag.py:587} INFO - Filling up the DagBag from /home/airflow/.local/lib/python3.12/site-packages/airflow/example_dags/example_short_circuit_decorator.py
[2025-10-09T19:06:32.159+0000] {processor.py:925} INFO - DAG(s) 'example_short_circuit_decorator' retrieved from /home/airflow/.local/lib/python3.12/site-packages/airflow/example_dags/example_short_circuit_decorator.py
[2025-10-09T19:06:32.339+0000] {logging_mixin.py:190} INFO - [2025-10-09T19:06:32.338+0000] {dag.py:3211} INFO - Sync 1 DAGs
[2025-10-09T19:06:32.500+0000] {logging_mixin.py:190} INFO - [2025-10-09T19:06:32.498+0000] {dag.py:4138} INFO - Setting next_dagrun for example_short_circuit_decorator to 2025-10-08 00:00:00+00:00, run_after=2025-10-09 00:00:00+00:00
[2025-10-09T19:06:32.756+0000] {processor.py:208} INFO - Processing /home/airflow/.local/lib/python3.12/site-packages/airflow/example_dags/example_short_circuit_decorator.py took 0.804 seconds
[2025-10-09T19:07:03.838+0000] {processor.py:186} INFO - Started process (PID=503) to work on /home/airflow/.local/lib/python3.12/site-packages/airflow/example_dags/example_short_circuit_decorator.py
[2025-10-09T19:07:03.844+0000] {processor.py:914} INFO - Processing file /home/airflow/.local/lib/python3.12/site-packages/airflow/example_dags/example_short_circuit_decorator.py for tasks to queue
[2025-10-09T19:07:03.862+0000] {logging_mixin.py:190} INFO - [2025-10-09T19:07:03.857+0000] {dagbag.py:587} INFO - Filling up the DagBag from /home/airflow/.local/lib/python3.12/site-packages/airflow/example_dags/example_short_circuit_decorator.py
[2025-10-09T19:07:03.925+0000] {processor.py:925} INFO - DAG(s) 'example_short_circuit_decorator' retrieved from /home/airflow/.local/lib/python3.12/site-packages/airflow/example_dags/example_short_circuit_decorator.py
[2025-10-09T19:07:04.075+0000] {logging_mixin.py:190} INFO - [2025-10-09T19:07:04.074+0000] {dag.py:3211} INFO - Sync 1 DAGs
[2025-10-09T19:07:04.219+0000] {logging_mixin.py:190} INFO - [2025-10-09T19:07:04.218+0000] {dag.py:4138} INFO - Setting next_dagrun for example_short_circuit_decorator to 2025-10-08 00:00:00+00:00, run_after=2025-10-09 00:00:00+00:00
[2025-10-09T19:07:04.353+0000] {processor.py:208} INFO - Processing /home/airflow/.local/lib/python3.12/site-packages/airflow/example_dags/example_short_circuit_decorator.py took 0.543 seconds
[2025-10-09T19:13:51.647+0000] {processor.py:186} INFO - Started process (PID=75) to work on /home/airflow/.local/lib/python3.12/site-packages/airflow/example_dags/example_short_circuit_decorator.py
[2025-10-09T19:13:51.661+0000] {processor.py:914} INFO - Processing file /home/airflow/.local/lib/python3.12/site-packages/airflow/example_dags/example_short_circuit_decorator.py for tasks to queue
[2025-10-09T19:13:51.691+0000] {logging_mixin.py:190} INFO - [2025-10-09T19:13:51.681+0000] {dagbag.py:587} INFO - Filling up the DagBag from /home/airflow/.local/lib/python3.12/site-packages/airflow/example_dags/example_short_circuit_decorator.py
[2025-10-09T19:13:51.784+0000] {processor.py:925} INFO - DAG(s) 'example_short_circuit_decorator' retrieved from /home/airflow/.local/lib/python3.12/site-packages/airflow/example_dags/example_short_circuit_decorator.py
[2025-10-09T19:13:52.264+0000] {logging_mixin.py:190} INFO - [2025-10-09T19:13:52.262+0000] {dag.py:3211} INFO - Sync 1 DAGs
[2025-10-09T19:13:52.604+0000] {logging_mixin.py:190} INFO - [2025-10-09T19:13:52.603+0000] {dag.py:4138} INFO - Setting next_dagrun for example_short_circuit_decorator to 2025-10-08 00:00:00+00:00, run_after=2025-10-09 00:00:00+00:00
[2025-10-09T19:13:52.842+0000] {processor.py:208} INFO - Processing /home/airflow/.local/lib/python3.12/site-packages/airflow/example_dags/example_short_circuit_decorator.py took 1.524 seconds
[2025-10-09T19:14:23.275+0000] {processor.py:186} INFO - Started process (PID=137) to work on /home/airflow/.local/lib/python3.12/site-packages/airflow/example_dags/example_short_circuit_decorator.py
[2025-10-09T19:14:23.279+0000] {processor.py:914} INFO - Processing file /home/airflow/.local/lib/python3.12/site-packages/airflow/example_dags/example_short_circuit_decorator.py for tasks to queue
[2025-10-09T19:14:23.291+0000] {logging_mixin.py:190} INFO - [2025-10-09T19:14:23.290+0000] {dagbag.py:587} INFO - Filling up the DagBag from /home/airflow/.local/lib/python3.12/site-packages/airflow/example_dags/example_short_circuit_decorator.py
[2025-10-09T19:14:23.340+0000] {processor.py:925} INFO - DAG(s) 'example_short_circuit_decorator' retrieved from /home/airflow/.local/lib/python3.12/site-packages/airflow/example_dags/example_short_circuit_decorator.py
[2025-10-09T19:14:23.433+0000] {logging_mixin.py:190} INFO - [2025-10-09T19:14:23.432+0000] {dag.py:3211} INFO - Sync 1 DAGs
[2025-10-09T19:14:23.525+0000] {logging_mixin.py:190} INFO - [2025-10-09T19:14:23.525+0000] {dag.py:4138} INFO - Setting next_dagrun for example_short_circuit_decorator to 2025-10-08 00:00:00+00:00, run_after=2025-10-09 00:00:00+00:00
[2025-10-09T19:14:23.576+0000] {processor.py:208} INFO - Processing /home/airflow/.local/lib/python3.12/site-packages/airflow/example_dags/example_short_circuit_decorator.py took 0.340 seconds
[2025-10-09T19:14:54.046+0000] {processor.py:186} INFO - Started process (PID=201) to work on /home/airflow/.local/lib/python3.12/site-packages/airflow/example_dags/example_short_circuit_decorator.py
[2025-10-09T19:14:54.052+0000] {processor.py:914} INFO - Processing file /home/airflow/.local/lib/python3.12/site-packages/airflow/example_dags/example_short_circuit_decorator.py for tasks to queue
[2025-10-09T19:14:54.067+0000] {logging_mixin.py:190} INFO - [2025-10-09T19:14:54.065+0000] {dagbag.py:587} INFO - Filling up the DagBag from /home/airflow/.local/lib/python3.12/site-packages/airflow/example_dags/example_short_circuit_decorator.py
[2025-10-09T19:14:54.129+0000] {processor.py:925} INFO - DAG(s) 'example_short_circuit_decorator' retrieved from /home/airflow/.local/lib/python3.12/site-packages/airflow/example_dags/example_short_circuit_decorator.py
[2025-10-09T19:14:54.283+0000] {logging_mixin.py:190} INFO - [2025-10-09T19:14:54.282+0000] {dag.py:3211} INFO - Sync 1 DAGs
[2025-10-09T19:14:54.424+0000] {logging_mixin.py:190} INFO - [2025-10-09T19:14:54.423+0000] {dag.py:4138} INFO - Setting next_dagrun for example_short_circuit_decorator to 2025-10-08 00:00:00+00:00, run_after=2025-10-09 00:00:00+00:00
[2025-10-09T19:14:54.687+0000] {processor.py:208} INFO - Processing /home/airflow/.local/lib/python3.12/site-packages/airflow/example_dags/example_short_circuit_decorator.py took 0.677 seconds
[2025-10-09T19:15:25.132+0000] {processor.py:186} INFO - Started process (PID=264) to work on /home/airflow/.local/lib/python3.12/site-packages/airflow/example_dags/example_short_circuit_decorator.py
[2025-10-09T19:15:25.143+0000] {processor.py:914} INFO - Processing file /home/airflow/.local/lib/python3.12/site-packages/airflow/example_dags/example_short_circuit_decorator.py for tasks to queue
[2025-10-09T19:15:25.165+0000] {logging_mixin.py:190} INFO - [2025-10-09T19:15:25.163+0000] {dagbag.py:587} INFO - Filling up the DagBag from /home/airflow/.local/lib/python3.12/site-packages/airflow/example_dags/example_short_circuit_decorator.py
[2025-10-09T19:15:25.218+0000] {processor.py:925} INFO - DAG(s) 'example_short_circuit_decorator' retrieved from /home/airflow/.local/lib/python3.12/site-packages/airflow/example_dags/example_short_circuit_decorator.py
[2025-10-09T19:15:25.299+0000] {logging_mixin.py:190} INFO - [2025-10-09T19:15:25.298+0000] {dag.py:3211} INFO - Sync 1 DAGs
[2025-10-09T19:15:25.381+0000] {logging_mixin.py:190} INFO - [2025-10-09T19:15:25.381+0000] {dag.py:4138} INFO - Setting next_dagrun for example_short_circuit_decorator to 2025-10-08 00:00:00+00:00, run_after=2025-10-09 00:00:00+00:00
[2025-10-09T19:15:25.434+0000] {processor.py:208} INFO - Processing /home/airflow/.local/lib/python3.12/site-packages/airflow/example_dags/example_short_circuit_decorator.py took 0.363 seconds
[2025-10-09T19:15:55.698+0000] {processor.py:186} INFO - Started process (PID=327) to work on /home/airflow/.local/lib/python3.12/site-packages/airflow/example_dags/example_short_circuit_decorator.py
[2025-10-09T19:15:55.701+0000] {processor.py:914} INFO - Processing file /home/airflow/.local/lib/python3.12/site-packages/airflow/example_dags/example_short_circuit_decorator.py for tasks to queue
[2025-10-09T19:15:55.708+0000] {logging_mixin.py:190} INFO - [2025-10-09T19:15:55.707+0000] {dagbag.py:587} INFO - Filling up the DagBag from /home/airflow/.local/lib/python3.12/site-packages/airflow/example_dags/example_short_circuit_decorator.py
[2025-10-09T19:15:55.746+0000] {processor.py:925} INFO - DAG(s) 'example_short_circuit_decorator' retrieved from /home/airflow/.local/lib/python3.12/site-packages/airflow/example_dags/example_short_circuit_decorator.py
[2025-10-09T19:15:55.821+0000] {logging_mixin.py:190} INFO - [2025-10-09T19:15:55.820+0000] {dag.py:3211} INFO - Sync 1 DAGs
[2025-10-09T19:15:55.886+0000] {logging_mixin.py:190} INFO - [2025-10-09T19:15:55.886+0000] {dag.py:4138} INFO - Setting next_dagrun for example_short_circuit_decorator to 2025-10-08 00:00:00+00:00, run_after=2025-10-09 00:00:00+00:00
[2025-10-09T19:15:55.938+0000] {processor.py:208} INFO - Processing /home/airflow/.local/lib/python3.12/site-packages/airflow/example_dags/example_short_circuit_decorator.py took 0.261 seconds
[2025-10-09T19:16:31.299+0000] {processor.py:186} INFO - Started process (PID=372) to work on /home/airflow/.local/lib/python3.12/site-packages/airflow/example_dags/example_short_circuit_decorator.py
[2025-10-09T19:16:31.314+0000] {processor.py:914} INFO - Processing file /home/airflow/.local/lib/python3.12/site-packages/airflow/example_dags/example_short_circuit_decorator.py for tasks to queue
[2025-10-09T19:16:31.347+0000] {logging_mixin.py:190} INFO - [2025-10-09T19:16:31.343+0000] {dagbag.py:587} INFO - Filling up the DagBag from /home/airflow/.local/lib/python3.12/site-packages/airflow/example_dags/example_short_circuit_decorator.py
[2025-10-09T19:16:31.510+0000] {processor.py:925} INFO - DAG(s) 'example_short_circuit_decorator' retrieved from /home/airflow/.local/lib/python3.12/site-packages/airflow/example_dags/example_short_circuit_decorator.py
[2025-10-09T19:16:31.888+0000] {logging_mixin.py:190} INFO - [2025-10-09T19:16:31.886+0000] {dag.py:3211} INFO - Sync 1 DAGs
[2025-10-09T19:16:32.153+0000] {logging_mixin.py:190} INFO - [2025-10-09T19:16:32.151+0000] {dag.py:4138} INFO - Setting next_dagrun for example_short_circuit_decorator to 2025-10-08 00:00:00+00:00, run_after=2025-10-09 00:00:00+00:00
[2025-10-09T19:16:32.389+0000] {processor.py:208} INFO - Processing /home/airflow/.local/lib/python3.12/site-packages/airflow/example_dags/example_short_circuit_decorator.py took 1.189 seconds
[2025-10-09T19:17:16.499+0000] {processor.py:186} INFO - Started process (PID=401) to work on /home/airflow/.local/lib/python3.12/site-packages/airflow/example_dags/example_short_circuit_decorator.py
[2025-10-09T19:17:16.598+0000] {processor.py:914} INFO - Processing file /home/airflow/.local/lib/python3.12/site-packages/airflow/example_dags/example_short_circuit_decorator.py for tasks to queue
[2025-10-09T19:17:16.702+0000] {logging_mixin.py:190} INFO - [2025-10-09T19:17:16.698+0000] {dagbag.py:587} INFO - Filling up the DagBag from /home/airflow/.local/lib/python3.12/site-packages/airflow/example_dags/example_short_circuit_decorator.py
[2025-10-09T19:17:17.338+0000] {processor.py:925} INFO - DAG(s) 'example_short_circuit_decorator' retrieved from /home/airflow/.local/lib/python3.12/site-packages/airflow/example_dags/example_short_circuit_decorator.py
[2025-10-09T19:17:18.549+0000] {logging_mixin.py:190} INFO - [2025-10-09T19:17:18.536+0000] {dag.py:3211} INFO - Sync 1 DAGs
[2025-10-09T19:17:19.662+0000] {logging_mixin.py:190} INFO - [2025-10-09T19:17:19.659+0000] {dag.py:4138} INFO - Setting next_dagrun for example_short_circuit_decorator to 2025-10-08 00:00:00+00:00, run_after=2025-10-09 00:00:00+00:00
[2025-10-09T19:17:21.099+0000] {processor.py:208} INFO - Processing /home/airflow/.local/lib/python3.12/site-packages/airflow/example_dags/example_short_circuit_decorator.py took 4.789 seconds
[2025-10-09T19:20:09.440+0000] {processor.py:186} INFO - Started process (PID=472) to work on /home/airflow/.local/lib/python3.12/site-packages/airflow/example_dags/example_short_circuit_decorator.py
[2025-10-09T19:20:09.477+0000] {processor.py:914} INFO - Processing file /home/airflow/.local/lib/python3.12/site-packages/airflow/example_dags/example_short_circuit_decorator.py for tasks to queue
[2025-10-09T19:20:09.710+0000] {logging_mixin.py:190} INFO - [2025-10-09T19:20:09.687+0000] {dagbag.py:587} INFO - Filling up the DagBag from /home/airflow/.local/lib/python3.12/site-packages/airflow/example_dags/example_short_circuit_decorator.py
[2025-10-09T19:20:10.460+0000] {processor.py:925} INFO - DAG(s) 'example_short_circuit_decorator' retrieved from /home/airflow/.local/lib/python3.12/site-packages/airflow/example_dags/example_short_circuit_decorator.py
[2025-10-09T19:20:13.294+0000] {logging_mixin.py:190} INFO - [2025-10-09T19:20:13.291+0000] {dag.py:3211} INFO - Sync 1 DAGs
[2025-10-09T19:20:15.853+0000] {logging_mixin.py:190} INFO - [2025-10-09T19:20:15.842+0000] {dag.py:4138} INFO - Setting next_dagrun for example_short_circuit_decorator to 2025-10-08 00:00:00+00:00, run_after=2025-10-09 00:00:00+00:00
[2025-10-09T19:20:17.049+0000] {processor.py:208} INFO - Processing /home/airflow/.local/lib/python3.12/site-packages/airflow/example_dags/example_short_circuit_decorator.py took 8.314 seconds
[2025-10-09T19:22:29.663+0000] {processor.py:186} INFO - Started process (PID=540) to work on /home/airflow/.local/lib/python3.12/site-packages/airflow/example_dags/example_short_circuit_decorator.py
[2025-10-09T19:22:29.728+0000] {processor.py:914} INFO - Processing file /home/airflow/.local/lib/python3.12/site-packages/airflow/example_dags/example_short_circuit_decorator.py for tasks to queue
[2025-10-09T19:22:29.893+0000] {logging_mixin.py:190} INFO - [2025-10-09T19:22:29.879+0000] {dagbag.py:587} INFO - Filling up the DagBag from /home/airflow/.local/lib/python3.12/site-packages/airflow/example_dags/example_short_circuit_decorator.py
[2025-10-09T19:22:30.508+0000] {processor.py:925} INFO - DAG(s) 'example_short_circuit_decorator' retrieved from /home/airflow/.local/lib/python3.12/site-packages/airflow/example_dags/example_short_circuit_decorator.py
[2025-10-09T19:22:31.503+0000] {logging_mixin.py:190} INFO - [2025-10-09T19:22:31.500+0000] {dag.py:3211} INFO - Sync 1 DAGs
[2025-10-09T19:22:32.329+0000] {logging_mixin.py:190} INFO - [2025-10-09T19:22:32.326+0000] {dag.py:4138} INFO - Setting next_dagrun for example_short_circuit_decorator to 2025-10-08 00:00:00+00:00, run_after=2025-10-09 00:00:00+00:00
[2025-10-09T19:22:32.662+0000] {processor.py:208} INFO - Processing /home/airflow/.local/lib/python3.12/site-packages/airflow/example_dags/example_short_circuit_decorator.py took 3.319 seconds
