[2025-10-09T19:03:07.290+0000] {processor.py:186} INFO - Started process (PID=156) to work on /home/airflow/.local/lib/python3.12/site-packages/airflow/example_dags/example_subdag_operator.py
[2025-10-09T19:03:07.313+0000] {processor.py:914} INFO - Processing file /home/airflow/.local/lib/python3.12/site-packages/airflow/example_dags/example_subdag_operator.py for tasks to queue
[2025-10-09T19:03:07.343+0000] {logging_mixin.py:190} INFO - [2025-10-09T19:03:07.340+0000] {dagbag.py:587} INFO - Filling up the DagBag from /home/airflow/.local/lib/python3.12/site-packages/airflow/example_dags/example_subdag_operator.py
[2025-10-09T19:03:08.040+0000] {processor.py:925} INFO - DAG(s) 'example_subdag_operator.section-1', 'example_subdag_operator.section-2', 'example_subdag_operator' retrieved from /home/airflow/.local/lib/python3.12/site-packages/airflow/example_dags/example_subdag_operator.py
[2025-10-09T19:03:08.975+0000] {logging_mixin.py:190} INFO - [2025-10-09T19:03:08.971+0000] {override.py:1858} INFO - Created Permission View: can edit on DAG:example_subdag_operator
[2025-10-09T19:03:09.062+0000] {logging_mixin.py:190} INFO - [2025-10-09T19:03:09.060+0000] {override.py:1858} INFO - Created Permission View: can delete on DAG:example_subdag_operator
[2025-10-09T19:03:09.126+0000] {logging_mixin.py:190} INFO - [2025-10-09T19:03:09.124+0000] {override.py:1858} INFO - Created Permission View: can read on DAG:example_subdag_operator
[2025-10-09T19:03:09.141+0000] {logging_mixin.py:190} INFO - [2025-10-09T19:03:09.132+0000] {dag.py:3211} INFO - Sync 3 DAGs
[2025-10-09T19:03:09.366+0000] {logging_mixin.py:190} INFO - [2025-10-09T19:03:09.365+0000] {dag.py:3234} INFO - Creating ORM DAG for example_subdag_operator.section-2
[2025-10-09T19:03:09.375+0000] {logging_mixin.py:190} INFO - [2025-10-09T19:03:09.369+0000] {dag.py:3234} INFO - Creating ORM DAG for example_subdag_operator.section-1
[2025-10-09T19:03:09.382+0000] {logging_mixin.py:190} INFO - [2025-10-09T19:03:09.380+0000] {dag.py:3234} INFO - Creating ORM DAG for example_subdag_operator
[2025-10-09T19:03:09.465+0000] {logging_mixin.py:190} INFO - [2025-10-09T19:03:09.461+0000] {dag.py:4138} INFO - Setting next_dagrun for example_subdag_operator to 2022-01-01 00:00:00+00:00, run_after=2022-01-01 00:00:00+00:00
[2025-10-09T19:03:09.471+0000] {logging_mixin.py:190} INFO - [2025-10-09T19:03:09.470+0000] {dag.py:4138} INFO - Setting next_dagrun for example_subdag_operator.section-1 to None, run_after=None
[2025-10-09T19:03:09.479+0000] {logging_mixin.py:190} INFO - [2025-10-09T19:03:09.478+0000] {dag.py:4138} INFO - Setting next_dagrun for example_subdag_operator.section-2 to None, run_after=None
[2025-10-09T19:03:09.560+0000] {logging_mixin.py:190} INFO - [2025-10-09T19:03:09.559+0000] {dag.py:3211} INFO - Sync 2 DAGs
[2025-10-09T19:03:09.601+0000] {logging_mixin.py:190} INFO - [2025-10-09T19:03:09.600+0000] {dag.py:4138} INFO - Setting next_dagrun for example_subdag_operator.section-1 to None, run_after=None
[2025-10-09T19:03:09.625+0000] {logging_mixin.py:190} INFO - [2025-10-09T19:03:09.624+0000] {dag.py:4138} INFO - Setting next_dagrun for example_subdag_operator.section-2 to None, run_after=None
[2025-10-09T19:03:09.771+0000] {processor.py:208} INFO - Processing /home/airflow/.local/lib/python3.12/site-packages/airflow/example_dags/example_subdag_operator.py took 2.620 seconds
[2025-10-09T19:04:15.844+0000] {processor.py:186} INFO - Started process (PID=233) to work on /home/airflow/.local/lib/python3.12/site-packages/airflow/example_dags/example_subdag_operator.py
[2025-10-09T19:04:15.905+0000] {processor.py:914} INFO - Processing file /home/airflow/.local/lib/python3.12/site-packages/airflow/example_dags/example_subdag_operator.py for tasks to queue
[2025-10-09T19:04:16.023+0000] {logging_mixin.py:190} INFO - [2025-10-09T19:04:16.011+0000] {dagbag.py:587} INFO - Filling up the DagBag from /home/airflow/.local/lib/python3.12/site-packages/airflow/example_dags/example_subdag_operator.py
[2025-10-09T19:04:16.597+0000] {processor.py:925} INFO - DAG(s) 'example_subdag_operator.section-1', 'example_subdag_operator.section-2', 'example_subdag_operator' retrieved from /home/airflow/.local/lib/python3.12/site-packages/airflow/example_dags/example_subdag_operator.py
[2025-10-09T19:04:16.821+0000] {logging_mixin.py:190} INFO - [2025-10-09T19:04:16.820+0000] {dag.py:3211} INFO - Sync 3 DAGs
[2025-10-09T19:04:17.185+0000] {logging_mixin.py:190} INFO - [2025-10-09T19:04:17.182+0000] {dag.py:4138} INFO - Setting next_dagrun for example_subdag_operator to 2022-01-01 00:00:00+00:00, run_after=2022-01-01 00:00:00+00:00
[2025-10-09T19:04:17.236+0000] {logging_mixin.py:190} INFO - [2025-10-09T19:04:17.234+0000] {dag.py:4138} INFO - Setting next_dagrun for example_subdag_operator.section-1 to None, run_after=None
[2025-10-09T19:04:17.267+0000] {logging_mixin.py:190} INFO - [2025-10-09T19:04:17.265+0000] {dag.py:4138} INFO - Setting next_dagrun for example_subdag_operator.section-2 to None, run_after=None
[2025-10-09T19:04:17.416+0000] {logging_mixin.py:190} INFO - [2025-10-09T19:04:17.415+0000] {dag.py:3211} INFO - Sync 2 DAGs
[2025-10-09T19:04:17.500+0000] {logging_mixin.py:190} INFO - [2025-10-09T19:04:17.489+0000] {dag.py:4138} INFO - Setting next_dagrun for example_subdag_operator.section-1 to None, run_after=None
[2025-10-09T19:04:17.512+0000] {logging_mixin.py:190} INFO - [2025-10-09T19:04:17.510+0000] {dag.py:4138} INFO - Setting next_dagrun for example_subdag_operator.section-2 to None, run_after=None
[2025-10-09T19:04:17.647+0000] {processor.py:208} INFO - Processing /home/airflow/.local/lib/python3.12/site-packages/airflow/example_dags/example_subdag_operator.py took 1.881 seconds
[2025-10-09T19:04:54.392+0000] {processor.py:186} INFO - Started process (PID=296) to work on /home/airflow/.local/lib/python3.12/site-packages/airflow/example_dags/example_subdag_operator.py
[2025-10-09T19:04:54.409+0000] {processor.py:914} INFO - Processing file /home/airflow/.local/lib/python3.12/site-packages/airflow/example_dags/example_subdag_operator.py for tasks to queue
[2025-10-09T19:04:54.468+0000] {logging_mixin.py:190} INFO - [2025-10-09T19:04:54.465+0000] {dagbag.py:587} INFO - Filling up the DagBag from /home/airflow/.local/lib/python3.12/site-packages/airflow/example_dags/example_subdag_operator.py
[2025-10-09T19:04:55.279+0000] {processor.py:925} INFO - DAG(s) 'example_subdag_operator.section-1', 'example_subdag_operator.section-2', 'example_subdag_operator' retrieved from /home/airflow/.local/lib/python3.12/site-packages/airflow/example_dags/example_subdag_operator.py
[2025-10-09T19:04:55.869+0000] {logging_mixin.py:190} INFO - [2025-10-09T19:04:55.866+0000] {dag.py:3211} INFO - Sync 3 DAGs
[2025-10-09T19:04:56.240+0000] {logging_mixin.py:190} INFO - [2025-10-09T19:04:56.238+0000] {dag.py:4138} INFO - Setting next_dagrun for example_subdag_operator to 2022-01-01 00:00:00+00:00, run_after=2022-01-01 00:00:00+00:00
[2025-10-09T19:04:56.259+0000] {logging_mixin.py:190} INFO - [2025-10-09T19:04:56.258+0000] {dag.py:4138} INFO - Setting next_dagrun for example_subdag_operator.section-1 to None, run_after=None
[2025-10-09T19:04:56.265+0000] {logging_mixin.py:190} INFO - [2025-10-09T19:04:56.264+0000] {dag.py:4138} INFO - Setting next_dagrun for example_subdag_operator.section-2 to None, run_after=None
[2025-10-09T19:04:56.308+0000] {logging_mixin.py:190} INFO - [2025-10-09T19:04:56.307+0000] {dag.py:3211} INFO - Sync 2 DAGs
[2025-10-09T19:04:56.337+0000] {logging_mixin.py:190} INFO - [2025-10-09T19:04:56.336+0000] {dag.py:4138} INFO - Setting next_dagrun for example_subdag_operator.section-1 to None, run_after=None
[2025-10-09T19:04:56.341+0000] {logging_mixin.py:190} INFO - [2025-10-09T19:04:56.340+0000] {dag.py:4138} INFO - Setting next_dagrun for example_subdag_operator.section-2 to None, run_after=None
[2025-10-09T19:04:56.490+0000] {processor.py:208} INFO - Processing /home/airflow/.local/lib/python3.12/site-packages/airflow/example_dags/example_subdag_operator.py took 2.371 seconds
[2025-10-09T19:05:45.768+0000] {processor.py:186} INFO - Started process (PID=366) to work on /home/airflow/.local/lib/python3.12/site-packages/airflow/example_dags/example_subdag_operator.py
[2025-10-09T19:05:45.778+0000] {processor.py:914} INFO - Processing file /home/airflow/.local/lib/python3.12/site-packages/airflow/example_dags/example_subdag_operator.py for tasks to queue
[2025-10-09T19:05:45.798+0000] {logging_mixin.py:190} INFO - [2025-10-09T19:05:45.796+0000] {dagbag.py:587} INFO - Filling up the DagBag from /home/airflow/.local/lib/python3.12/site-packages/airflow/example_dags/example_subdag_operator.py
[2025-10-09T19:05:46.022+0000] {processor.py:925} INFO - DAG(s) 'example_subdag_operator.section-1', 'example_subdag_operator.section-2', 'example_subdag_operator' retrieved from /home/airflow/.local/lib/python3.12/site-packages/airflow/example_dags/example_subdag_operator.py
[2025-10-09T19:05:46.157+0000] {logging_mixin.py:190} INFO - [2025-10-09T19:05:46.154+0000] {dag.py:3211} INFO - Sync 3 DAGs
[2025-10-09T19:05:46.421+0000] {logging_mixin.py:190} INFO - [2025-10-09T19:05:46.419+0000] {dag.py:4138} INFO - Setting next_dagrun for example_subdag_operator to 2022-01-01 00:00:00+00:00, run_after=2022-01-01 00:00:00+00:00
[2025-10-09T19:05:46.457+0000] {logging_mixin.py:190} INFO - [2025-10-09T19:05:46.456+0000] {dag.py:4138} INFO - Setting next_dagrun for example_subdag_operator.section-1 to None, run_after=None
[2025-10-09T19:05:46.482+0000] {logging_mixin.py:190} INFO - [2025-10-09T19:05:46.481+0000] {dag.py:4138} INFO - Setting next_dagrun for example_subdag_operator.section-2 to None, run_after=None
[2025-10-09T19:05:46.562+0000] {logging_mixin.py:190} INFO - [2025-10-09T19:05:46.561+0000] {dag.py:3211} INFO - Sync 2 DAGs
[2025-10-09T19:05:46.648+0000] {logging_mixin.py:190} INFO - [2025-10-09T19:05:46.627+0000] {dag.py:4138} INFO - Setting next_dagrun for example_subdag_operator.section-1 to None, run_after=None
[2025-10-09T19:05:46.656+0000] {logging_mixin.py:190} INFO - [2025-10-09T19:05:46.654+0000] {dag.py:4138} INFO - Setting next_dagrun for example_subdag_operator.section-2 to None, run_after=None
[2025-10-09T19:05:46.821+0000] {processor.py:208} INFO - Processing /home/airflow/.local/lib/python3.12/site-packages/airflow/example_dags/example_subdag_operator.py took 1.112 seconds
[2025-10-09T19:06:25.059+0000] {processor.py:186} INFO - Started process (PID=429) to work on /home/airflow/.local/lib/python3.12/site-packages/airflow/example_dags/example_subdag_operator.py
[2025-10-09T19:06:25.067+0000] {processor.py:914} INFO - Processing file /home/airflow/.local/lib/python3.12/site-packages/airflow/example_dags/example_subdag_operator.py for tasks to queue
[2025-10-09T19:06:25.093+0000] {logging_mixin.py:190} INFO - [2025-10-09T19:06:25.091+0000] {dagbag.py:587} INFO - Filling up the DagBag from /home/airflow/.local/lib/python3.12/site-packages/airflow/example_dags/example_subdag_operator.py
[2025-10-09T19:06:25.288+0000] {processor.py:925} INFO - DAG(s) 'example_subdag_operator.section-1', 'example_subdag_operator.section-2', 'example_subdag_operator' retrieved from /home/airflow/.local/lib/python3.12/site-packages/airflow/example_dags/example_subdag_operator.py
[2025-10-09T19:06:25.388+0000] {logging_mixin.py:190} INFO - [2025-10-09T19:06:25.387+0000] {dag.py:3211} INFO - Sync 3 DAGs
[2025-10-09T19:06:25.684+0000] {logging_mixin.py:190} INFO - [2025-10-09T19:06:25.678+0000] {dag.py:4138} INFO - Setting next_dagrun for example_subdag_operator to 2022-01-01 00:00:00+00:00, run_after=2022-01-01 00:00:00+00:00
[2025-10-09T19:06:25.734+0000] {logging_mixin.py:190} INFO - [2025-10-09T19:06:25.733+0000] {dag.py:4138} INFO - Setting next_dagrun for example_subdag_operator.section-1 to None, run_after=None
[2025-10-09T19:06:25.754+0000] {logging_mixin.py:190} INFO - [2025-10-09T19:06:25.753+0000] {dag.py:4138} INFO - Setting next_dagrun for example_subdag_operator.section-2 to None, run_after=None
[2025-10-09T19:06:25.909+0000] {logging_mixin.py:190} INFO - [2025-10-09T19:06:25.907+0000] {dag.py:3211} INFO - Sync 2 DAGs
[2025-10-09T19:06:26.012+0000] {logging_mixin.py:190} INFO - [2025-10-09T19:06:26.010+0000] {dag.py:4138} INFO - Setting next_dagrun for example_subdag_operator.section-1 to None, run_after=None
[2025-10-09T19:06:26.027+0000] {logging_mixin.py:190} INFO - [2025-10-09T19:06:26.024+0000] {dag.py:4138} INFO - Setting next_dagrun for example_subdag_operator.section-2 to None, run_after=None
[2025-10-09T19:06:26.226+0000] {processor.py:208} INFO - Processing /home/airflow/.local/lib/python3.12/site-packages/airflow/example_dags/example_subdag_operator.py took 1.231 seconds
[2025-10-09T19:06:57.728+0000] {processor.py:186} INFO - Started process (PID=494) to work on /home/airflow/.local/lib/python3.12/site-packages/airflow/example_dags/example_subdag_operator.py
[2025-10-09T19:06:57.734+0000] {processor.py:914} INFO - Processing file /home/airflow/.local/lib/python3.12/site-packages/airflow/example_dags/example_subdag_operator.py for tasks to queue
[2025-10-09T19:06:57.752+0000] {logging_mixin.py:190} INFO - [2025-10-09T19:06:57.750+0000] {dagbag.py:587} INFO - Filling up the DagBag from /home/airflow/.local/lib/python3.12/site-packages/airflow/example_dags/example_subdag_operator.py
[2025-10-09T19:06:57.873+0000] {processor.py:925} INFO - DAG(s) 'example_subdag_operator.section-1', 'example_subdag_operator.section-2', 'example_subdag_operator' retrieved from /home/airflow/.local/lib/python3.12/site-packages/airflow/example_dags/example_subdag_operator.py
[2025-10-09T19:06:57.926+0000] {logging_mixin.py:190} INFO - [2025-10-09T19:06:57.926+0000] {dag.py:3211} INFO - Sync 3 DAGs
[2025-10-09T19:06:58.016+0000] {logging_mixin.py:190} INFO - [2025-10-09T19:06:58.015+0000] {dag.py:4138} INFO - Setting next_dagrun for example_subdag_operator to 2022-01-01 00:00:00+00:00, run_after=2022-01-01 00:00:00+00:00
[2025-10-09T19:06:58.038+0000] {logging_mixin.py:190} INFO - [2025-10-09T19:06:58.037+0000] {dag.py:4138} INFO - Setting next_dagrun for example_subdag_operator.section-1 to None, run_after=None
[2025-10-09T19:06:58.050+0000] {logging_mixin.py:190} INFO - [2025-10-09T19:06:58.049+0000] {dag.py:4138} INFO - Setting next_dagrun for example_subdag_operator.section-2 to None, run_after=None
[2025-10-09T19:06:58.096+0000] {logging_mixin.py:190} INFO - [2025-10-09T19:06:58.095+0000] {dag.py:3211} INFO - Sync 2 DAGs
[2025-10-09T19:06:58.127+0000] {logging_mixin.py:190} INFO - [2025-10-09T19:06:58.126+0000] {dag.py:4138} INFO - Setting next_dagrun for example_subdag_operator.section-1 to None, run_after=None
[2025-10-09T19:06:58.131+0000] {logging_mixin.py:190} INFO - [2025-10-09T19:06:58.130+0000] {dag.py:4138} INFO - Setting next_dagrun for example_subdag_operator.section-2 to None, run_after=None
[2025-10-09T19:06:58.193+0000] {processor.py:208} INFO - Processing /home/airflow/.local/lib/python3.12/site-packages/airflow/example_dags/example_subdag_operator.py took 0.498 seconds
[2025-10-09T19:14:01.352+0000] {processor.py:186} INFO - Started process (PID=94) to work on /home/airflow/.local/lib/python3.12/site-packages/airflow/example_dags/example_subdag_operator.py
[2025-10-09T19:14:01.359+0000] {processor.py:914} INFO - Processing file /home/airflow/.local/lib/python3.12/site-packages/airflow/example_dags/example_subdag_operator.py for tasks to queue
[2025-10-09T19:14:01.369+0000] {logging_mixin.py:190} INFO - [2025-10-09T19:14:01.368+0000] {dagbag.py:587} INFO - Filling up the DagBag from /home/airflow/.local/lib/python3.12/site-packages/airflow/example_dags/example_subdag_operator.py
[2025-10-09T19:14:01.490+0000] {processor.py:925} INFO - DAG(s) 'example_subdag_operator.section-1', 'example_subdag_operator.section-2', 'example_subdag_operator' retrieved from /home/airflow/.local/lib/python3.12/site-packages/airflow/example_dags/example_subdag_operator.py
[2025-10-09T19:14:01.673+0000] {logging_mixin.py:190} INFO - [2025-10-09T19:14:01.671+0000] {dag.py:3211} INFO - Sync 3 DAGs
[2025-10-09T19:14:01.910+0000] {logging_mixin.py:190} INFO - [2025-10-09T19:14:01.908+0000] {dag.py:4138} INFO - Setting next_dagrun for example_subdag_operator to 2022-01-01 00:00:00+00:00, run_after=2022-01-01 00:00:00+00:00
[2025-10-09T19:14:01.928+0000] {logging_mixin.py:190} INFO - [2025-10-09T19:14:01.926+0000] {dag.py:4138} INFO - Setting next_dagrun for example_subdag_operator.section-1 to None, run_after=None
[2025-10-09T19:14:01.932+0000] {logging_mixin.py:190} INFO - [2025-10-09T19:14:01.932+0000] {dag.py:4138} INFO - Setting next_dagrun for example_subdag_operator.section-2 to None, run_after=None
[2025-10-09T19:14:01.971+0000] {logging_mixin.py:190} INFO - [2025-10-09T19:14:01.970+0000] {dag.py:3211} INFO - Sync 2 DAGs
[2025-10-09T19:14:01.999+0000] {logging_mixin.py:190} INFO - [2025-10-09T19:14:01.999+0000] {dag.py:4138} INFO - Setting next_dagrun for example_subdag_operator.section-1 to None, run_after=None
[2025-10-09T19:14:02.001+0000] {logging_mixin.py:190} INFO - [2025-10-09T19:14:02.001+0000] {dag.py:4138} INFO - Setting next_dagrun for example_subdag_operator.section-2 to None, run_after=None
[2025-10-09T19:14:02.407+0000] {processor.py:208} INFO - Processing /home/airflow/.local/lib/python3.12/site-packages/airflow/example_dags/example_subdag_operator.py took 1.074 seconds
[2025-10-09T19:14:33.036+0000] {processor.py:186} INFO - Started process (PID=157) to work on /home/airflow/.local/lib/python3.12/site-packages/airflow/example_dags/example_subdag_operator.py
[2025-10-09T19:14:33.042+0000] {processor.py:914} INFO - Processing file /home/airflow/.local/lib/python3.12/site-packages/airflow/example_dags/example_subdag_operator.py for tasks to queue
[2025-10-09T19:14:33.070+0000] {logging_mixin.py:190} INFO - [2025-10-09T19:14:33.068+0000] {dagbag.py:587} INFO - Filling up the DagBag from /home/airflow/.local/lib/python3.12/site-packages/airflow/example_dags/example_subdag_operator.py
[2025-10-09T19:14:33.340+0000] {processor.py:925} INFO - DAG(s) 'example_subdag_operator.section-1', 'example_subdag_operator.section-2', 'example_subdag_operator' retrieved from /home/airflow/.local/lib/python3.12/site-packages/airflow/example_dags/example_subdag_operator.py
[2025-10-09T19:14:33.514+0000] {logging_mixin.py:190} INFO - [2025-10-09T19:14:33.513+0000] {dag.py:3211} INFO - Sync 3 DAGs
[2025-10-09T19:14:33.697+0000] {logging_mixin.py:190} INFO - [2025-10-09T19:14:33.696+0000] {dag.py:4138} INFO - Setting next_dagrun for example_subdag_operator to 2022-01-01 00:00:00+00:00, run_after=2022-01-01 00:00:00+00:00
[2025-10-09T19:14:33.716+0000] {logging_mixin.py:190} INFO - [2025-10-09T19:14:33.715+0000] {dag.py:4138} INFO - Setting next_dagrun for example_subdag_operator.section-1 to None, run_after=None
[2025-10-09T19:14:33.721+0000] {logging_mixin.py:190} INFO - [2025-10-09T19:14:33.720+0000] {dag.py:4138} INFO - Setting next_dagrun for example_subdag_operator.section-2 to None, run_after=None
[2025-10-09T19:14:33.744+0000] {logging_mixin.py:190} INFO - [2025-10-09T19:14:33.744+0000] {dag.py:3211} INFO - Sync 2 DAGs
[2025-10-09T19:14:33.761+0000] {logging_mixin.py:190} INFO - [2025-10-09T19:14:33.760+0000] {dag.py:4138} INFO - Setting next_dagrun for example_subdag_operator.section-1 to None, run_after=None
[2025-10-09T19:14:33.762+0000] {logging_mixin.py:190} INFO - [2025-10-09T19:14:33.762+0000] {dag.py:4138} INFO - Setting next_dagrun for example_subdag_operator.section-2 to None, run_after=None
[2025-10-09T19:14:33.794+0000] {processor.py:208} INFO - Processing /home/airflow/.local/lib/python3.12/site-packages/airflow/example_dags/example_subdag_operator.py took 0.790 seconds
[2025-10-09T19:15:04.567+0000] {processor.py:186} INFO - Started process (PID=221) to work on /home/airflow/.local/lib/python3.12/site-packages/airflow/example_dags/example_subdag_operator.py
[2025-10-09T19:15:04.573+0000] {processor.py:914} INFO - Processing file /home/airflow/.local/lib/python3.12/site-packages/airflow/example_dags/example_subdag_operator.py for tasks to queue
[2025-10-09T19:15:04.590+0000] {logging_mixin.py:190} INFO - [2025-10-09T19:15:04.588+0000] {dagbag.py:587} INFO - Filling up the DagBag from /home/airflow/.local/lib/python3.12/site-packages/airflow/example_dags/example_subdag_operator.py
[2025-10-09T19:15:04.780+0000] {processor.py:925} INFO - DAG(s) 'example_subdag_operator.section-1', 'example_subdag_operator.section-2', 'example_subdag_operator' retrieved from /home/airflow/.local/lib/python3.12/site-packages/airflow/example_dags/example_subdag_operator.py
[2025-10-09T19:15:04.884+0000] {logging_mixin.py:190} INFO - [2025-10-09T19:15:04.883+0000] {dag.py:3211} INFO - Sync 3 DAGs
[2025-10-09T19:15:05.038+0000] {logging_mixin.py:190} INFO - [2025-10-09T19:15:05.036+0000] {dag.py:4138} INFO - Setting next_dagrun for example_subdag_operator to 2022-01-01 00:00:00+00:00, run_after=2022-01-01 00:00:00+00:00
[2025-10-09T19:15:05.062+0000] {logging_mixin.py:190} INFO - [2025-10-09T19:15:05.060+0000] {dag.py:4138} INFO - Setting next_dagrun for example_subdag_operator.section-1 to None, run_after=None
[2025-10-09T19:15:05.072+0000] {logging_mixin.py:190} INFO - [2025-10-09T19:15:05.070+0000] {dag.py:4138} INFO - Setting next_dagrun for example_subdag_operator.section-2 to None, run_after=None
[2025-10-09T19:15:05.115+0000] {logging_mixin.py:190} INFO - [2025-10-09T19:15:05.114+0000] {dag.py:3211} INFO - Sync 2 DAGs
[2025-10-09T19:15:05.146+0000] {logging_mixin.py:190} INFO - [2025-10-09T19:15:05.145+0000] {dag.py:4138} INFO - Setting next_dagrun for example_subdag_operator.section-1 to None, run_after=None
[2025-10-09T19:15:05.150+0000] {logging_mixin.py:190} INFO - [2025-10-09T19:15:05.149+0000] {dag.py:4138} INFO - Setting next_dagrun for example_subdag_operator.section-2 to None, run_after=None
[2025-10-09T19:15:05.214+0000] {processor.py:208} INFO - Processing /home/airflow/.local/lib/python3.12/site-packages/airflow/example_dags/example_subdag_operator.py took 0.687 seconds
[2025-10-09T19:15:35.547+0000] {processor.py:186} INFO - Started process (PID=284) to work on /home/airflow/.local/lib/python3.12/site-packages/airflow/example_dags/example_subdag_operator.py
[2025-10-09T19:15:35.554+0000] {processor.py:914} INFO - Processing file /home/airflow/.local/lib/python3.12/site-packages/airflow/example_dags/example_subdag_operator.py for tasks to queue
[2025-10-09T19:15:35.569+0000] {logging_mixin.py:190} INFO - [2025-10-09T19:15:35.566+0000] {dagbag.py:587} INFO - Filling up the DagBag from /home/airflow/.local/lib/python3.12/site-packages/airflow/example_dags/example_subdag_operator.py
[2025-10-09T19:15:35.764+0000] {processor.py:925} INFO - DAG(s) 'example_subdag_operator.section-1', 'example_subdag_operator.section-2', 'example_subdag_operator' retrieved from /home/airflow/.local/lib/python3.12/site-packages/airflow/example_dags/example_subdag_operator.py
[2025-10-09T19:15:35.865+0000] {logging_mixin.py:190} INFO - [2025-10-09T19:15:35.863+0000] {dag.py:3211} INFO - Sync 3 DAGs
[2025-10-09T19:15:35.930+0000] {logging_mixin.py:190} INFO - [2025-10-09T19:15:35.929+0000] {dag.py:4138} INFO - Setting next_dagrun for example_subdag_operator to 2022-01-01 00:00:00+00:00, run_after=2022-01-01 00:00:00+00:00
[2025-10-09T19:15:35.938+0000] {logging_mixin.py:190} INFO - [2025-10-09T19:15:35.938+0000] {dag.py:4138} INFO - Setting next_dagrun for example_subdag_operator.section-1 to None, run_after=None
[2025-10-09T19:15:35.942+0000] {logging_mixin.py:190} INFO - [2025-10-09T19:15:35.941+0000] {dag.py:4138} INFO - Setting next_dagrun for example_subdag_operator.section-2 to None, run_after=None
[2025-10-09T19:15:35.959+0000] {logging_mixin.py:190} INFO - [2025-10-09T19:15:35.958+0000] {dag.py:3211} INFO - Sync 2 DAGs
[2025-10-09T19:15:35.972+0000] {logging_mixin.py:190} INFO - [2025-10-09T19:15:35.971+0000] {dag.py:4138} INFO - Setting next_dagrun for example_subdag_operator.section-1 to None, run_after=None
[2025-10-09T19:15:35.973+0000] {logging_mixin.py:190} INFO - [2025-10-09T19:15:35.973+0000] {dag.py:4138} INFO - Setting next_dagrun for example_subdag_operator.section-2 to None, run_after=None
[2025-10-09T19:15:36.006+0000] {processor.py:208} INFO - Processing /home/airflow/.local/lib/python3.12/site-packages/airflow/example_dags/example_subdag_operator.py took 0.500 seconds
[2025-10-09T19:16:07.008+0000] {processor.py:186} INFO - Started process (PID=347) to work on /home/airflow/.local/lib/python3.12/site-packages/airflow/example_dags/example_subdag_operator.py
[2025-10-09T19:16:07.013+0000] {processor.py:914} INFO - Processing file /home/airflow/.local/lib/python3.12/site-packages/airflow/example_dags/example_subdag_operator.py for tasks to queue
[2025-10-09T19:16:07.026+0000] {logging_mixin.py:190} INFO - [2025-10-09T19:16:07.025+0000] {dagbag.py:587} INFO - Filling up the DagBag from /home/airflow/.local/lib/python3.12/site-packages/airflow/example_dags/example_subdag_operator.py
[2025-10-09T19:16:07.143+0000] {processor.py:925} INFO - DAG(s) 'example_subdag_operator.section-1', 'example_subdag_operator.section-2', 'example_subdag_operator' retrieved from /home/airflow/.local/lib/python3.12/site-packages/airflow/example_dags/example_subdag_operator.py
[2025-10-09T19:16:07.197+0000] {logging_mixin.py:190} INFO - [2025-10-09T19:16:07.196+0000] {dag.py:3211} INFO - Sync 3 DAGs
[2025-10-09T19:16:07.296+0000] {logging_mixin.py:190} INFO - [2025-10-09T19:16:07.295+0000] {dag.py:4138} INFO - Setting next_dagrun for example_subdag_operator to 2022-01-01 00:00:00+00:00, run_after=2022-01-01 00:00:00+00:00
[2025-10-09T19:16:07.310+0000] {logging_mixin.py:190} INFO - [2025-10-09T19:16:07.309+0000] {dag.py:4138} INFO - Setting next_dagrun for example_subdag_operator.section-1 to None, run_after=None
[2025-10-09T19:16:07.316+0000] {logging_mixin.py:190} INFO - [2025-10-09T19:16:07.316+0000] {dag.py:4138} INFO - Setting next_dagrun for example_subdag_operator.section-2 to None, run_after=None
[2025-10-09T19:16:07.348+0000] {logging_mixin.py:190} INFO - [2025-10-09T19:16:07.347+0000] {dag.py:3211} INFO - Sync 2 DAGs
[2025-10-09T19:16:07.368+0000] {logging_mixin.py:190} INFO - [2025-10-09T19:16:07.368+0000] {dag.py:4138} INFO - Setting next_dagrun for example_subdag_operator.section-1 to None, run_after=None
[2025-10-09T19:16:07.371+0000] {logging_mixin.py:190} INFO - [2025-10-09T19:16:07.371+0000] {dag.py:4138} INFO - Setting next_dagrun for example_subdag_operator.section-2 to None, run_after=None
[2025-10-09T19:16:07.417+0000] {processor.py:208} INFO - Processing /home/airflow/.local/lib/python3.12/site-packages/airflow/example_dags/example_subdag_operator.py took 0.461 seconds
[2025-10-09T19:18:37.714+0000] {processor.py:186} INFO - Started process (PID=438) to work on /home/airflow/.local/lib/python3.12/site-packages/airflow/example_dags/example_subdag_operator.py
[2025-10-09T19:18:37.749+0000] {processor.py:914} INFO - Processing file /home/airflow/.local/lib/python3.12/site-packages/airflow/example_dags/example_subdag_operator.py for tasks to queue
[2025-10-09T19:18:37.805+0000] {logging_mixin.py:190} INFO - [2025-10-09T19:18:37.789+0000] {dagbag.py:587} INFO - Filling up the DagBag from /home/airflow/.local/lib/python3.12/site-packages/airflow/example_dags/example_subdag_operator.py
[2025-10-09T19:18:38.474+0000] {processor.py:925} INFO - DAG(s) 'example_subdag_operator.section-1', 'example_subdag_operator.section-2', 'example_subdag_operator' retrieved from /home/airflow/.local/lib/python3.12/site-packages/airflow/example_dags/example_subdag_operator.py
[2025-10-09T19:18:38.786+0000] {logging_mixin.py:190} INFO - [2025-10-09T19:18:38.784+0000] {dag.py:3211} INFO - Sync 3 DAGs
[2025-10-09T19:18:39.786+0000] {logging_mixin.py:190} INFO - [2025-10-09T19:18:39.773+0000] {dag.py:4138} INFO - Setting next_dagrun for example_subdag_operator to 2022-01-01 00:00:00+00:00, run_after=2022-01-01 00:00:00+00:00
[2025-10-09T19:18:39.968+0000] {logging_mixin.py:190} INFO - [2025-10-09T19:18:39.954+0000] {dag.py:4138} INFO - Setting next_dagrun for example_subdag_operator.section-1 to None, run_after=None
[2025-10-09T19:18:40.035+0000] {logging_mixin.py:190} INFO - [2025-10-09T19:18:40.033+0000] {dag.py:4138} INFO - Setting next_dagrun for example_subdag_operator.section-2 to None, run_after=None
[2025-10-09T19:18:40.311+0000] {logging_mixin.py:190} INFO - [2025-10-09T19:18:40.310+0000] {dag.py:3211} INFO - Sync 2 DAGs
[2025-10-09T19:18:40.623+0000] {logging_mixin.py:190} INFO - [2025-10-09T19:18:40.616+0000] {dag.py:4138} INFO - Setting next_dagrun for example_subdag_operator.section-1 to None, run_after=None
[2025-10-09T19:18:40.719+0000] {logging_mixin.py:190} INFO - [2025-10-09T19:18:40.717+0000] {dag.py:4138} INFO - Setting next_dagrun for example_subdag_operator.section-2 to None, run_after=None
[2025-10-09T19:18:41.559+0000] {processor.py:208} INFO - Processing /home/airflow/.local/lib/python3.12/site-packages/airflow/example_dags/example_subdag_operator.py took 4.104 seconds
[2025-10-09T19:21:24.863+0000] {processor.py:186} INFO - Started process (PID=502) to work on /home/airflow/.local/lib/python3.12/site-packages/airflow/example_dags/example_subdag_operator.py
[2025-10-09T19:21:24.942+0000] {processor.py:914} INFO - Processing file /home/airflow/.local/lib/python3.12/site-packages/airflow/example_dags/example_subdag_operator.py for tasks to queue
[2025-10-09T19:21:25.104+0000] {logging_mixin.py:190} INFO - [2025-10-09T19:21:25.101+0000] {dagbag.py:587} INFO - Filling up the DagBag from /home/airflow/.local/lib/python3.12/site-packages/airflow/example_dags/example_subdag_operator.py
[2025-10-09T19:21:25.776+0000] {processor.py:925} INFO - DAG(s) 'example_subdag_operator.section-1', 'example_subdag_operator.section-2', 'example_subdag_operator' retrieved from /home/airflow/.local/lib/python3.12/site-packages/airflow/example_dags/example_subdag_operator.py
[2025-10-09T19:21:26.479+0000] {logging_mixin.py:190} INFO - [2025-10-09T19:21:26.466+0000] {dag.py:3211} INFO - Sync 3 DAGs
[2025-10-09T19:21:27.371+0000] {logging_mixin.py:190} INFO - [2025-10-09T19:21:27.368+0000] {dag.py:4138} INFO - Setting next_dagrun for example_subdag_operator to 2022-01-01 00:00:00+00:00, run_after=2022-01-01 00:00:00+00:00
[2025-10-09T19:21:27.467+0000] {logging_mixin.py:190} INFO - [2025-10-09T19:21:27.466+0000] {dag.py:4138} INFO - Setting next_dagrun for example_subdag_operator.section-1 to None, run_after=None
[2025-10-09T19:21:27.572+0000] {logging_mixin.py:190} INFO - [2025-10-09T19:21:27.531+0000] {dag.py:4138} INFO - Setting next_dagrun for example_subdag_operator.section-2 to None, run_after=None
[2025-10-09T19:21:27.848+0000] {logging_mixin.py:190} INFO - [2025-10-09T19:21:27.835+0000] {dag.py:3211} INFO - Sync 2 DAGs
[2025-10-09T19:21:28.040+0000] {logging_mixin.py:190} INFO - [2025-10-09T19:21:28.028+0000] {dag.py:4138} INFO - Setting next_dagrun for example_subdag_operator.section-1 to None, run_after=None
[2025-10-09T19:21:28.058+0000] {logging_mixin.py:190} INFO - [2025-10-09T19:21:28.057+0000] {dag.py:4138} INFO - Setting next_dagrun for example_subdag_operator.section-2 to None, run_after=None
[2025-10-09T19:21:28.457+0000] {processor.py:208} INFO - Processing /home/airflow/.local/lib/python3.12/site-packages/airflow/example_dags/example_subdag_operator.py took 3.867 seconds
