[2025-10-09T19:01:35.204+0000] {processor.py:186} INFO - Started process (PID=126) to work on /home/airflow/.local/lib/python3.12/site-packages/airflow/example_dags/example_task_group.py
[2025-10-09T19:01:35.933+0000] {processor.py:914} INFO - Processing file /home/airflow/.local/lib/python3.12/site-packages/airflow/example_dags/example_task_group.py for tasks to queue
[2025-10-09T19:01:40.699+0000] {logging_mixin.py:190} INFO - [2025-10-09T19:01:38.143+0000] {dagbag.py:587} INFO - Filling up the DagBag from /home/airflow/.local/lib/python3.12/site-packages/airflow/example_dags/example_task_group.py
[2025-10-09T19:01:43.075+0000] {processor.py:925} INFO - DAG(s) 'example_task_group' retrieved from /home/airflow/.local/lib/python3.12/site-packages/airflow/example_dags/example_task_group.py
[2025-10-09T19:01:50.545+0000] {logging_mixin.py:190} INFO - [2025-10-09T19:01:50.501+0000] {override.py:1858} INFO - Created Permission View: can edit on DAG:example_task_group
[2025-10-09T19:01:51.474+0000] {logging_mixin.py:190} INFO - [2025-10-09T19:01:51.473+0000] {override.py:1858} INFO - Created Permission View: can delete on DAG:example_task_group
[2025-10-09T19:01:51.771+0000] {logging_mixin.py:190} INFO - [2025-10-09T19:01:51.763+0000] {override.py:1858} INFO - Created Permission View: can read on DAG:example_task_group
[2025-10-09T19:01:51.804+0000] {logging_mixin.py:190} INFO - [2025-10-09T19:01:51.802+0000] {dag.py:3211} INFO - Sync 1 DAGs
[2025-10-09T19:01:55.600+0000] {logging_mixin.py:190} INFO - [2025-10-09T19:01:55.598+0000] {dag.py:3234} INFO - Creating ORM DAG for example_task_group
[2025-10-09T19:01:57.138+0000] {logging_mixin.py:190} INFO - [2025-10-09T19:01:57.132+0000] {dag.py:4138} INFO - Setting next_dagrun for example_task_group to 2025-10-08 00:00:00+00:00, run_after=2025-10-09 00:00:00+00:00
[2025-10-09T19:01:58.657+0000] {processor.py:208} INFO - Processing /home/airflow/.local/lib/python3.12/site-packages/airflow/example_dags/example_task_group.py took 26.237 seconds
[2025-10-09T19:03:59.413+0000] {processor.py:186} INFO - Started process (PID=208) to work on /home/airflow/.local/lib/python3.12/site-packages/airflow/example_dags/example_task_group.py
[2025-10-09T19:03:59.432+0000] {processor.py:914} INFO - Processing file /home/airflow/.local/lib/python3.12/site-packages/airflow/example_dags/example_task_group.py for tasks to queue
[2025-10-09T19:03:59.467+0000] {logging_mixin.py:190} INFO - [2025-10-09T19:03:59.458+0000] {dagbag.py:587} INFO - Filling up the DagBag from /home/airflow/.local/lib/python3.12/site-packages/airflow/example_dags/example_task_group.py
[2025-10-09T19:03:59.560+0000] {processor.py:925} INFO - DAG(s) 'example_task_group' retrieved from /home/airflow/.local/lib/python3.12/site-packages/airflow/example_dags/example_task_group.py
[2025-10-09T19:03:59.754+0000] {logging_mixin.py:190} INFO - [2025-10-09T19:03:59.751+0000] {dag.py:3211} INFO - Sync 1 DAGs
[2025-10-09T19:04:00.079+0000] {logging_mixin.py:190} INFO - [2025-10-09T19:04:00.078+0000] {dag.py:4138} INFO - Setting next_dagrun for example_task_group to 2025-10-08 00:00:00+00:00, run_after=2025-10-09 00:00:00+00:00
[2025-10-09T19:04:00.227+0000] {processor.py:208} INFO - Processing /home/airflow/.local/lib/python3.12/site-packages/airflow/example_dags/example_task_group.py took 0.900 seconds
[2025-10-09T19:04:36.853+0000] {processor.py:186} INFO - Started process (PID=268) to work on /home/airflow/.local/lib/python3.12/site-packages/airflow/example_dags/example_task_group.py
[2025-10-09T19:04:36.858+0000] {processor.py:914} INFO - Processing file /home/airflow/.local/lib/python3.12/site-packages/airflow/example_dags/example_task_group.py for tasks to queue
[2025-10-09T19:04:36.872+0000] {logging_mixin.py:190} INFO - [2025-10-09T19:04:36.870+0000] {dagbag.py:587} INFO - Filling up the DagBag from /home/airflow/.local/lib/python3.12/site-packages/airflow/example_dags/example_task_group.py
[2025-10-09T19:04:36.923+0000] {processor.py:925} INFO - DAG(s) 'example_task_group' retrieved from /home/airflow/.local/lib/python3.12/site-packages/airflow/example_dags/example_task_group.py
[2025-10-09T19:04:37.031+0000] {logging_mixin.py:190} INFO - [2025-10-09T19:04:37.030+0000] {dag.py:3211} INFO - Sync 1 DAGs
[2025-10-09T19:04:37.154+0000] {logging_mixin.py:190} INFO - [2025-10-09T19:04:37.153+0000] {dag.py:4138} INFO - Setting next_dagrun for example_task_group to 2025-10-08 00:00:00+00:00, run_after=2025-10-09 00:00:00+00:00
[2025-10-09T19:04:37.235+0000] {processor.py:208} INFO - Processing /home/airflow/.local/lib/python3.12/site-packages/airflow/example_dags/example_task_group.py took 0.423 seconds
[2025-10-09T19:05:15.414+0000] {processor.py:186} INFO - Started process (PID=326) to work on /home/airflow/.local/lib/python3.12/site-packages/airflow/example_dags/example_task_group.py
[2025-10-09T19:05:15.423+0000] {processor.py:914} INFO - Processing file /home/airflow/.local/lib/python3.12/site-packages/airflow/example_dags/example_task_group.py for tasks to queue
[2025-10-09T19:05:15.442+0000] {logging_mixin.py:190} INFO - [2025-10-09T19:05:15.440+0000] {dagbag.py:587} INFO - Filling up the DagBag from /home/airflow/.local/lib/python3.12/site-packages/airflow/example_dags/example_task_group.py
[2025-10-09T19:05:15.497+0000] {processor.py:925} INFO - DAG(s) 'example_task_group' retrieved from /home/airflow/.local/lib/python3.12/site-packages/airflow/example_dags/example_task_group.py
[2025-10-09T19:05:15.631+0000] {logging_mixin.py:190} INFO - [2025-10-09T19:05:15.629+0000] {dag.py:3211} INFO - Sync 1 DAGs
[2025-10-09T19:05:15.742+0000] {logging_mixin.py:190} INFO - [2025-10-09T19:05:15.741+0000] {dag.py:4138} INFO - Setting next_dagrun for example_task_group to 2025-10-08 00:00:00+00:00, run_after=2025-10-09 00:00:00+00:00
[2025-10-09T19:05:15.849+0000] {processor.py:208} INFO - Processing /home/airflow/.local/lib/python3.12/site-packages/airflow/example_dags/example_task_group.py took 0.489 seconds
[2025-10-09T19:05:55.912+0000] {processor.py:186} INFO - Started process (PID=378) to work on /home/airflow/.local/lib/python3.12/site-packages/airflow/example_dags/example_task_group.py
[2025-10-09T19:05:55.931+0000] {processor.py:914} INFO - Processing file /home/airflow/.local/lib/python3.12/site-packages/airflow/example_dags/example_task_group.py for tasks to queue
[2025-10-09T19:05:55.980+0000] {logging_mixin.py:190} INFO - [2025-10-09T19:05:55.977+0000] {dagbag.py:587} INFO - Filling up the DagBag from /home/airflow/.local/lib/python3.12/site-packages/airflow/example_dags/example_task_group.py
[2025-10-09T19:05:56.161+0000] {processor.py:925} INFO - DAG(s) 'example_task_group' retrieved from /home/airflow/.local/lib/python3.12/site-packages/airflow/example_dags/example_task_group.py
[2025-10-09T19:05:56.436+0000] {logging_mixin.py:190} INFO - [2025-10-09T19:05:56.434+0000] {dag.py:3211} INFO - Sync 1 DAGs
[2025-10-09T19:05:56.705+0000] {logging_mixin.py:190} INFO - [2025-10-09T19:05:56.704+0000] {dag.py:4138} INFO - Setting next_dagrun for example_task_group to 2025-10-08 00:00:00+00:00, run_after=2025-10-09 00:00:00+00:00
[2025-10-09T19:05:56.865+0000] {processor.py:208} INFO - Processing /home/airflow/.local/lib/python3.12/site-packages/airflow/example_dags/example_task_group.py took 1.156 seconds
[2025-10-09T19:06:32.931+0000] {processor.py:186} INFO - Started process (PID=441) to work on /home/airflow/.local/lib/python3.12/site-packages/airflow/example_dags/example_task_group.py
[2025-10-09T19:06:32.937+0000] {processor.py:914} INFO - Processing file /home/airflow/.local/lib/python3.12/site-packages/airflow/example_dags/example_task_group.py for tasks to queue
[2025-10-09T19:06:32.951+0000] {logging_mixin.py:190} INFO - [2025-10-09T19:06:32.949+0000] {dagbag.py:587} INFO - Filling up the DagBag from /home/airflow/.local/lib/python3.12/site-packages/airflow/example_dags/example_task_group.py
[2025-10-09T19:06:32.997+0000] {processor.py:925} INFO - DAG(s) 'example_task_group' retrieved from /home/airflow/.local/lib/python3.12/site-packages/airflow/example_dags/example_task_group.py
[2025-10-09T19:06:33.130+0000] {logging_mixin.py:190} INFO - [2025-10-09T19:06:33.129+0000] {dag.py:3211} INFO - Sync 1 DAGs
[2025-10-09T19:06:33.296+0000] {logging_mixin.py:190} INFO - [2025-10-09T19:06:33.295+0000] {dag.py:4138} INFO - Setting next_dagrun for example_task_group to 2025-10-08 00:00:00+00:00, run_after=2025-10-09 00:00:00+00:00
[2025-10-09T19:06:33.596+0000] {processor.py:208} INFO - Processing /home/airflow/.local/lib/python3.12/site-packages/airflow/example_dags/example_task_group.py took 0.702 seconds
[2025-10-09T19:07:04.975+0000] {processor.py:186} INFO - Started process (PID=505) to work on /home/airflow/.local/lib/python3.12/site-packages/airflow/example_dags/example_task_group.py
[2025-10-09T19:07:04.983+0000] {processor.py:914} INFO - Processing file /home/airflow/.local/lib/python3.12/site-packages/airflow/example_dags/example_task_group.py for tasks to queue
[2025-10-09T19:07:04.997+0000] {logging_mixin.py:190} INFO - [2025-10-09T19:07:04.995+0000] {dagbag.py:587} INFO - Filling up the DagBag from /home/airflow/.local/lib/python3.12/site-packages/airflow/example_dags/example_task_group.py
[2025-10-09T19:07:05.052+0000] {processor.py:925} INFO - DAG(s) 'example_task_group' retrieved from /home/airflow/.local/lib/python3.12/site-packages/airflow/example_dags/example_task_group.py
[2025-10-09T19:07:05.309+0000] {logging_mixin.py:190} INFO - [2025-10-09T19:07:05.308+0000] {dag.py:3211} INFO - Sync 1 DAGs
[2025-10-09T19:07:05.589+0000] {logging_mixin.py:190} INFO - [2025-10-09T19:07:05.588+0000] {dag.py:4138} INFO - Setting next_dagrun for example_task_group to 2025-10-08 00:00:00+00:00, run_after=2025-10-09 00:00:00+00:00
[2025-10-09T19:07:05.767+0000] {processor.py:208} INFO - Processing /home/airflow/.local/lib/python3.12/site-packages/airflow/example_dags/example_task_group.py took 0.824 seconds
[2025-10-09T19:13:52.994+0000] {processor.py:186} INFO - Started process (PID=76) to work on /home/airflow/.local/lib/python3.12/site-packages/airflow/example_dags/example_task_group.py
[2025-10-09T19:13:52.999+0000] {processor.py:914} INFO - Processing file /home/airflow/.local/lib/python3.12/site-packages/airflow/example_dags/example_task_group.py for tasks to queue
[2025-10-09T19:13:53.012+0000] {logging_mixin.py:190} INFO - [2025-10-09T19:13:53.008+0000] {dagbag.py:587} INFO - Filling up the DagBag from /home/airflow/.local/lib/python3.12/site-packages/airflow/example_dags/example_task_group.py
[2025-10-09T19:13:53.058+0000] {processor.py:925} INFO - DAG(s) 'example_task_group' retrieved from /home/airflow/.local/lib/python3.12/site-packages/airflow/example_dags/example_task_group.py
[2025-10-09T19:13:53.257+0000] {logging_mixin.py:190} INFO - [2025-10-09T19:13:53.253+0000] {dag.py:3211} INFO - Sync 1 DAGs
[2025-10-09T19:13:53.448+0000] {logging_mixin.py:190} INFO - [2025-10-09T19:13:53.447+0000] {dag.py:4138} INFO - Setting next_dagrun for example_task_group to 2025-10-08 00:00:00+00:00, run_after=2025-10-09 00:00:00+00:00
[2025-10-09T19:13:53.527+0000] {processor.py:208} INFO - Processing /home/airflow/.local/lib/python3.12/site-packages/airflow/example_dags/example_task_group.py took 0.557 seconds
[2025-10-09T19:14:23.757+0000] {processor.py:186} INFO - Started process (PID=138) to work on /home/airflow/.local/lib/python3.12/site-packages/airflow/example_dags/example_task_group.py
[2025-10-09T19:14:23.764+0000] {processor.py:914} INFO - Processing file /home/airflow/.local/lib/python3.12/site-packages/airflow/example_dags/example_task_group.py for tasks to queue
[2025-10-09T19:14:23.777+0000] {logging_mixin.py:190} INFO - [2025-10-09T19:14:23.775+0000] {dagbag.py:587} INFO - Filling up the DagBag from /home/airflow/.local/lib/python3.12/site-packages/airflow/example_dags/example_task_group.py
[2025-10-09T19:14:23.830+0000] {processor.py:925} INFO - DAG(s) 'example_task_group' retrieved from /home/airflow/.local/lib/python3.12/site-packages/airflow/example_dags/example_task_group.py
[2025-10-09T19:14:23.941+0000] {logging_mixin.py:190} INFO - [2025-10-09T19:14:23.939+0000] {dag.py:3211} INFO - Sync 1 DAGs
[2025-10-09T19:14:24.058+0000] {logging_mixin.py:190} INFO - [2025-10-09T19:14:24.057+0000] {dag.py:4138} INFO - Setting next_dagrun for example_task_group to 2025-10-08 00:00:00+00:00, run_after=2025-10-09 00:00:00+00:00
[2025-10-09T19:14:24.157+0000] {processor.py:208} INFO - Processing /home/airflow/.local/lib/python3.12/site-packages/airflow/example_dags/example_task_group.py took 0.438 seconds
[2025-10-09T19:14:54.723+0000] {processor.py:186} INFO - Started process (PID=202) to work on /home/airflow/.local/lib/python3.12/site-packages/airflow/example_dags/example_task_group.py
[2025-10-09T19:14:54.730+0000] {processor.py:914} INFO - Processing file /home/airflow/.local/lib/python3.12/site-packages/airflow/example_dags/example_task_group.py for tasks to queue
[2025-10-09T19:14:54.762+0000] {logging_mixin.py:190} INFO - [2025-10-09T19:14:54.752+0000] {dagbag.py:587} INFO - Filling up the DagBag from /home/airflow/.local/lib/python3.12/site-packages/airflow/example_dags/example_task_group.py
[2025-10-09T19:14:54.859+0000] {processor.py:925} INFO - DAG(s) 'example_task_group' retrieved from /home/airflow/.local/lib/python3.12/site-packages/airflow/example_dags/example_task_group.py
[2025-10-09T19:14:54.947+0000] {logging_mixin.py:190} INFO - [2025-10-09T19:14:54.947+0000] {dag.py:3211} INFO - Sync 1 DAGs
[2025-10-09T19:14:55.015+0000] {logging_mixin.py:190} INFO - [2025-10-09T19:14:55.014+0000] {dag.py:4138} INFO - Setting next_dagrun for example_task_group to 2025-10-08 00:00:00+00:00, run_after=2025-10-09 00:00:00+00:00
[2025-10-09T19:14:55.071+0000] {processor.py:208} INFO - Processing /home/airflow/.local/lib/python3.12/site-packages/airflow/example_dags/example_task_group.py took 0.397 seconds
[2025-10-09T19:15:25.395+0000] {processor.py:186} INFO - Started process (PID=265) to work on /home/airflow/.local/lib/python3.12/site-packages/airflow/example_dags/example_task_group.py
[2025-10-09T19:15:25.398+0000] {processor.py:914} INFO - Processing file /home/airflow/.local/lib/python3.12/site-packages/airflow/example_dags/example_task_group.py for tasks to queue
[2025-10-09T19:15:25.406+0000] {logging_mixin.py:190} INFO - [2025-10-09T19:15:25.405+0000] {dagbag.py:587} INFO - Filling up the DagBag from /home/airflow/.local/lib/python3.12/site-packages/airflow/example_dags/example_task_group.py
[2025-10-09T19:15:25.430+0000] {processor.py:925} INFO - DAG(s) 'example_task_group' retrieved from /home/airflow/.local/lib/python3.12/site-packages/airflow/example_dags/example_task_group.py
[2025-10-09T19:15:25.492+0000] {logging_mixin.py:190} INFO - [2025-10-09T19:15:25.492+0000] {dag.py:3211} INFO - Sync 1 DAGs
[2025-10-09T19:15:25.575+0000] {logging_mixin.py:190} INFO - [2025-10-09T19:15:25.575+0000] {dag.py:4138} INFO - Setting next_dagrun for example_task_group to 2025-10-08 00:00:00+00:00, run_after=2025-10-09 00:00:00+00:00
[2025-10-09T19:15:25.627+0000] {processor.py:208} INFO - Processing /home/airflow/.local/lib/python3.12/site-packages/airflow/example_dags/example_task_group.py took 0.251 seconds
[2025-10-09T19:15:56.148+0000] {processor.py:186} INFO - Started process (PID=328) to work on /home/airflow/.local/lib/python3.12/site-packages/airflow/example_dags/example_task_group.py
[2025-10-09T19:15:56.154+0000] {processor.py:914} INFO - Processing file /home/airflow/.local/lib/python3.12/site-packages/airflow/example_dags/example_task_group.py for tasks to queue
[2025-10-09T19:15:56.171+0000] {logging_mixin.py:190} INFO - [2025-10-09T19:15:56.169+0000] {dagbag.py:587} INFO - Filling up the DagBag from /home/airflow/.local/lib/python3.12/site-packages/airflow/example_dags/example_task_group.py
[2025-10-09T19:15:56.245+0000] {processor.py:925} INFO - DAG(s) 'example_task_group' retrieved from /home/airflow/.local/lib/python3.12/site-packages/airflow/example_dags/example_task_group.py
[2025-10-09T19:15:56.435+0000] {logging_mixin.py:190} INFO - [2025-10-09T19:15:56.434+0000] {dag.py:3211} INFO - Sync 1 DAGs
[2025-10-09T19:15:56.564+0000] {logging_mixin.py:190} INFO - [2025-10-09T19:15:56.564+0000] {dag.py:4138} INFO - Setting next_dagrun for example_task_group to 2025-10-08 00:00:00+00:00, run_after=2025-10-09 00:00:00+00:00
[2025-10-09T19:15:56.910+0000] {processor.py:208} INFO - Processing /home/airflow/.local/lib/python3.12/site-packages/airflow/example_dags/example_task_group.py took 0.802 seconds
[2025-10-09T19:16:32.847+0000] {processor.py:186} INFO - Started process (PID=373) to work on /home/airflow/.local/lib/python3.12/site-packages/airflow/example_dags/example_task_group.py
[2025-10-09T19:16:32.865+0000] {processor.py:914} INFO - Processing file /home/airflow/.local/lib/python3.12/site-packages/airflow/example_dags/example_task_group.py for tasks to queue
[2025-10-09T19:16:32.918+0000] {logging_mixin.py:190} INFO - [2025-10-09T19:16:32.894+0000] {dagbag.py:587} INFO - Filling up the DagBag from /home/airflow/.local/lib/python3.12/site-packages/airflow/example_dags/example_task_group.py
[2025-10-09T19:16:33.108+0000] {processor.py:925} INFO - DAG(s) 'example_task_group' retrieved from /home/airflow/.local/lib/python3.12/site-packages/airflow/example_dags/example_task_group.py
[2025-10-09T19:16:33.717+0000] {logging_mixin.py:190} INFO - [2025-10-09T19:16:33.714+0000] {dag.py:3211} INFO - Sync 1 DAGs
[2025-10-09T19:16:34.620+0000] {logging_mixin.py:190} INFO - [2025-10-09T19:16:34.589+0000] {dag.py:4138} INFO - Setting next_dagrun for example_task_group to 2025-10-08 00:00:00+00:00, run_after=2025-10-09 00:00:00+00:00
[2025-10-09T19:16:35.225+0000] {processor.py:208} INFO - Processing /home/airflow/.local/lib/python3.12/site-packages/airflow/example_dags/example_task_group.py took 2.457 seconds
[2025-10-09T19:17:22.786+0000] {processor.py:186} INFO - Started process (PID=402) to work on /home/airflow/.local/lib/python3.12/site-packages/airflow/example_dags/example_task_group.py
[2025-10-09T19:17:22.806+0000] {processor.py:914} INFO - Processing file /home/airflow/.local/lib/python3.12/site-packages/airflow/example_dags/example_task_group.py for tasks to queue
[2025-10-09T19:17:22.912+0000] {logging_mixin.py:190} INFO - [2025-10-09T19:17:22.904+0000] {dagbag.py:587} INFO - Filling up the DagBag from /home/airflow/.local/lib/python3.12/site-packages/airflow/example_dags/example_task_group.py
[2025-10-09T19:17:23.227+0000] {processor.py:925} INFO - DAG(s) 'example_task_group' retrieved from /home/airflow/.local/lib/python3.12/site-packages/airflow/example_dags/example_task_group.py
[2025-10-09T19:17:24.425+0000] {logging_mixin.py:190} INFO - [2025-10-09T19:17:24.423+0000] {dag.py:3211} INFO - Sync 1 DAGs
[2025-10-09T19:17:25.350+0000] {logging_mixin.py:190} INFO - [2025-10-09T19:17:25.348+0000] {dag.py:4138} INFO - Setting next_dagrun for example_task_group to 2025-10-08 00:00:00+00:00, run_after=2025-10-09 00:00:00+00:00
[2025-10-09T19:17:25.819+0000] {processor.py:208} INFO - Processing /home/airflow/.local/lib/python3.12/site-packages/airflow/example_dags/example_task_group.py took 3.621 seconds
[2025-10-09T19:20:18.372+0000] {processor.py:186} INFO - Started process (PID=473) to work on /home/airflow/.local/lib/python3.12/site-packages/airflow/example_dags/example_task_group.py
[2025-10-09T19:20:18.402+0000] {processor.py:914} INFO - Processing file /home/airflow/.local/lib/python3.12/site-packages/airflow/example_dags/example_task_group.py for tasks to queue
[2025-10-09T19:20:18.487+0000] {logging_mixin.py:190} INFO - [2025-10-09T19:20:18.483+0000] {dagbag.py:587} INFO - Filling up the DagBag from /home/airflow/.local/lib/python3.12/site-packages/airflow/example_dags/example_task_group.py
[2025-10-09T19:20:18.697+0000] {processor.py:925} INFO - DAG(s) 'example_task_group' retrieved from /home/airflow/.local/lib/python3.12/site-packages/airflow/example_dags/example_task_group.py
[2025-10-09T19:20:19.142+0000] {logging_mixin.py:190} INFO - [2025-10-09T19:20:19.140+0000] {dag.py:3211} INFO - Sync 1 DAGs
[2025-10-09T19:20:20.077+0000] {logging_mixin.py:190} INFO - [2025-10-09T19:20:20.065+0000] {dag.py:4138} INFO - Setting next_dagrun for example_task_group to 2025-10-08 00:00:00+00:00, run_after=2025-10-09 00:00:00+00:00
[2025-10-09T19:20:20.713+0000] {processor.py:208} INFO - Processing /home/airflow/.local/lib/python3.12/site-packages/airflow/example_dags/example_task_group.py took 2.688 seconds
[2025-10-09T19:22:33.717+0000] {processor.py:186} INFO - Started process (PID=541) to work on /home/airflow/.local/lib/python3.12/site-packages/airflow/example_dags/example_task_group.py
[2025-10-09T19:22:33.751+0000] {processor.py:914} INFO - Processing file /home/airflow/.local/lib/python3.12/site-packages/airflow/example_dags/example_task_group.py for tasks to queue
[2025-10-09T19:22:33.849+0000] {logging_mixin.py:190} INFO - [2025-10-09T19:22:33.835+0000] {dagbag.py:587} INFO - Filling up the DagBag from /home/airflow/.local/lib/python3.12/site-packages/airflow/example_dags/example_task_group.py
[2025-10-09T19:22:34.010+0000] {processor.py:925} INFO - DAG(s) 'example_task_group' retrieved from /home/airflow/.local/lib/python3.12/site-packages/airflow/example_dags/example_task_group.py
[2025-10-09T19:22:34.744+0000] {logging_mixin.py:190} INFO - [2025-10-09T19:22:34.731+0000] {dag.py:3211} INFO - Sync 1 DAGs
[2025-10-09T19:22:35.668+0000] {logging_mixin.py:190} INFO - [2025-10-09T19:22:35.656+0000] {dag.py:4138} INFO - Setting next_dagrun for example_task_group to 2025-10-08 00:00:00+00:00, run_after=2025-10-09 00:00:00+00:00
[2025-10-09T19:22:36.289+0000] {processor.py:208} INFO - Processing /home/airflow/.local/lib/python3.12/site-packages/airflow/example_dags/example_task_group.py took 2.946 seconds
[2025-10-09T19:23:54.951+0000] {processor.py:186} INFO - Started process (PID=599) to work on /home/airflow/.local/lib/python3.12/site-packages/airflow/example_dags/example_task_group.py
[2025-10-09T19:23:54.969+0000] {processor.py:914} INFO - Processing file /home/airflow/.local/lib/python3.12/site-packages/airflow/example_dags/example_task_group.py for tasks to queue
[2025-10-09T19:23:55.020+0000] {logging_mixin.py:190} INFO - [2025-10-09T19:23:55.017+0000] {dagbag.py:587} INFO - Filling up the DagBag from /home/airflow/.local/lib/python3.12/site-packages/airflow/example_dags/example_task_group.py
[2025-10-09T19:23:55.197+0000] {processor.py:925} INFO - DAG(s) 'example_task_group' retrieved from /home/airflow/.local/lib/python3.12/site-packages/airflow/example_dags/example_task_group.py
[2025-10-09T19:23:55.448+0000] {logging_mixin.py:190} INFO - [2025-10-09T19:23:55.447+0000] {dag.py:3211} INFO - Sync 1 DAGs
[2025-10-09T19:23:55.652+0000] {logging_mixin.py:190} INFO - [2025-10-09T19:23:55.650+0000] {dag.py:4138} INFO - Setting next_dagrun for example_task_group to 2025-10-08 00:00:00+00:00, run_after=2025-10-09 00:00:00+00:00
[2025-10-09T19:23:55.830+0000] {processor.py:208} INFO - Processing /home/airflow/.local/lib/python3.12/site-packages/airflow/example_dags/example_task_group.py took 1.025 seconds
[2025-10-09T19:24:26.205+0000] {processor.py:186} INFO - Started process (PID=660) to work on /home/airflow/.local/lib/python3.12/site-packages/airflow/example_dags/example_task_group.py
[2025-10-09T19:24:26.208+0000] {processor.py:914} INFO - Processing file /home/airflow/.local/lib/python3.12/site-packages/airflow/example_dags/example_task_group.py for tasks to queue
[2025-10-09T19:24:26.215+0000] {logging_mixin.py:190} INFO - [2025-10-09T19:24:26.214+0000] {dagbag.py:587} INFO - Filling up the DagBag from /home/airflow/.local/lib/python3.12/site-packages/airflow/example_dags/example_task_group.py
[2025-10-09T19:24:26.251+0000] {processor.py:925} INFO - DAG(s) 'example_task_group' retrieved from /home/airflow/.local/lib/python3.12/site-packages/airflow/example_dags/example_task_group.py
[2025-10-09T19:24:26.321+0000] {logging_mixin.py:190} INFO - [2025-10-09T19:24:26.320+0000] {dag.py:3211} INFO - Sync 1 DAGs
[2025-10-09T19:24:26.400+0000] {logging_mixin.py:190} INFO - [2025-10-09T19:24:26.399+0000] {dag.py:4138} INFO - Setting next_dagrun for example_task_group to 2025-10-08 00:00:00+00:00, run_after=2025-10-09 00:00:00+00:00
[2025-10-09T19:24:26.461+0000] {processor.py:208} INFO - Processing /home/airflow/.local/lib/python3.12/site-packages/airflow/example_dags/example_task_group.py took 0.275 seconds
[2025-10-09T19:24:56.637+0000] {processor.py:186} INFO - Started process (PID=723) to work on /home/airflow/.local/lib/python3.12/site-packages/airflow/example_dags/example_task_group.py
[2025-10-09T19:24:56.641+0000] {processor.py:914} INFO - Processing file /home/airflow/.local/lib/python3.12/site-packages/airflow/example_dags/example_task_group.py for tasks to queue
[2025-10-09T19:24:56.652+0000] {logging_mixin.py:190} INFO - [2025-10-09T19:24:56.650+0000] {dagbag.py:587} INFO - Filling up the DagBag from /home/airflow/.local/lib/python3.12/site-packages/airflow/example_dags/example_task_group.py
[2025-10-09T19:24:56.682+0000] {processor.py:925} INFO - DAG(s) 'example_task_group' retrieved from /home/airflow/.local/lib/python3.12/site-packages/airflow/example_dags/example_task_group.py
[2025-10-09T19:24:56.755+0000] {logging_mixin.py:190} INFO - [2025-10-09T19:24:56.755+0000] {dag.py:3211} INFO - Sync 1 DAGs
[2025-10-09T19:24:56.834+0000] {logging_mixin.py:190} INFO - [2025-10-09T19:24:56.833+0000] {dag.py:4138} INFO - Setting next_dagrun for example_task_group to 2025-10-08 00:00:00+00:00, run_after=2025-10-09 00:00:00+00:00
[2025-10-09T19:24:56.892+0000] {processor.py:208} INFO - Processing /home/airflow/.local/lib/python3.12/site-packages/airflow/example_dags/example_task_group.py took 0.278 seconds
[2025-10-09T19:25:27.497+0000] {processor.py:186} INFO - Started process (PID=786) to work on /home/airflow/.local/lib/python3.12/site-packages/airflow/example_dags/example_task_group.py
[2025-10-09T19:25:27.500+0000] {processor.py:914} INFO - Processing file /home/airflow/.local/lib/python3.12/site-packages/airflow/example_dags/example_task_group.py for tasks to queue
[2025-10-09T19:25:27.508+0000] {logging_mixin.py:190} INFO - [2025-10-09T19:25:27.507+0000] {dagbag.py:587} INFO - Filling up the DagBag from /home/airflow/.local/lib/python3.12/site-packages/airflow/example_dags/example_task_group.py
[2025-10-09T19:25:27.545+0000] {processor.py:925} INFO - DAG(s) 'example_task_group' retrieved from /home/airflow/.local/lib/python3.12/site-packages/airflow/example_dags/example_task_group.py
[2025-10-09T19:25:27.610+0000] {logging_mixin.py:190} INFO - [2025-10-09T19:25:27.610+0000] {dag.py:3211} INFO - Sync 1 DAGs
[2025-10-09T19:25:27.697+0000] {logging_mixin.py:190} INFO - [2025-10-09T19:25:27.696+0000] {dag.py:4138} INFO - Setting next_dagrun for example_task_group to 2025-10-08 00:00:00+00:00, run_after=2025-10-09 00:00:00+00:00
[2025-10-09T19:25:27.772+0000] {processor.py:208} INFO - Processing /home/airflow/.local/lib/python3.12/site-packages/airflow/example_dags/example_task_group.py took 0.298 seconds
[2025-10-09T19:25:58.345+0000] {processor.py:186} INFO - Started process (PID=849) to work on /home/airflow/.local/lib/python3.12/site-packages/airflow/example_dags/example_task_group.py
[2025-10-09T19:25:58.355+0000] {processor.py:914} INFO - Processing file /home/airflow/.local/lib/python3.12/site-packages/airflow/example_dags/example_task_group.py for tasks to queue
[2025-10-09T19:25:58.374+0000] {logging_mixin.py:190} INFO - [2025-10-09T19:25:58.373+0000] {dagbag.py:587} INFO - Filling up the DagBag from /home/airflow/.local/lib/python3.12/site-packages/airflow/example_dags/example_task_group.py
[2025-10-09T19:25:58.431+0000] {processor.py:925} INFO - DAG(s) 'example_task_group' retrieved from /home/airflow/.local/lib/python3.12/site-packages/airflow/example_dags/example_task_group.py
[2025-10-09T19:25:58.574+0000] {logging_mixin.py:190} INFO - [2025-10-09T19:25:58.574+0000] {dag.py:3211} INFO - Sync 1 DAGs
[2025-10-09T19:25:58.694+0000] {logging_mixin.py:190} INFO - [2025-10-09T19:25:58.693+0000] {dag.py:4138} INFO - Setting next_dagrun for example_task_group to 2025-10-08 00:00:00+00:00, run_after=2025-10-09 00:00:00+00:00
[2025-10-09T19:25:58.794+0000] {processor.py:208} INFO - Processing /home/airflow/.local/lib/python3.12/site-packages/airflow/example_dags/example_task_group.py took 0.472 seconds
[2025-10-09T19:26:29.516+0000] {processor.py:186} INFO - Started process (PID=912) to work on /home/airflow/.local/lib/python3.12/site-packages/airflow/example_dags/example_task_group.py
[2025-10-09T19:26:29.521+0000] {processor.py:914} INFO - Processing file /home/airflow/.local/lib/python3.12/site-packages/airflow/example_dags/example_task_group.py for tasks to queue
[2025-10-09T19:26:29.532+0000] {logging_mixin.py:190} INFO - [2025-10-09T19:26:29.530+0000] {dagbag.py:587} INFO - Filling up the DagBag from /home/airflow/.local/lib/python3.12/site-packages/airflow/example_dags/example_task_group.py
[2025-10-09T19:26:29.569+0000] {processor.py:925} INFO - DAG(s) 'example_task_group' retrieved from /home/airflow/.local/lib/python3.12/site-packages/airflow/example_dags/example_task_group.py
[2025-10-09T19:26:29.682+0000] {logging_mixin.py:190} INFO - [2025-10-09T19:26:29.681+0000] {dag.py:3211} INFO - Sync 1 DAGs
[2025-10-09T19:26:29.821+0000] {logging_mixin.py:190} INFO - [2025-10-09T19:26:29.820+0000] {dag.py:4138} INFO - Setting next_dagrun for example_task_group to 2025-10-08 00:00:00+00:00, run_after=2025-10-09 00:00:00+00:00
[2025-10-09T19:26:29.944+0000] {processor.py:208} INFO - Processing /home/airflow/.local/lib/python3.12/site-packages/airflow/example_dags/example_task_group.py took 0.459 seconds
[2025-10-09T19:27:00.872+0000] {processor.py:186} INFO - Started process (PID=975) to work on /home/airflow/.local/lib/python3.12/site-packages/airflow/example_dags/example_task_group.py
[2025-10-09T19:27:00.877+0000] {processor.py:914} INFO - Processing file /home/airflow/.local/lib/python3.12/site-packages/airflow/example_dags/example_task_group.py for tasks to queue
[2025-10-09T19:27:00.890+0000] {logging_mixin.py:190} INFO - [2025-10-09T19:27:00.889+0000] {dagbag.py:587} INFO - Filling up the DagBag from /home/airflow/.local/lib/python3.12/site-packages/airflow/example_dags/example_task_group.py
[2025-10-09T19:27:00.928+0000] {processor.py:925} INFO - DAG(s) 'example_task_group' retrieved from /home/airflow/.local/lib/python3.12/site-packages/airflow/example_dags/example_task_group.py
[2025-10-09T19:27:01.013+0000] {logging_mixin.py:190} INFO - [2025-10-09T19:27:01.012+0000] {dag.py:3211} INFO - Sync 1 DAGs
[2025-10-09T19:27:01.129+0000] {logging_mixin.py:190} INFO - [2025-10-09T19:27:01.128+0000] {dag.py:4138} INFO - Setting next_dagrun for example_task_group to 2025-10-08 00:00:00+00:00, run_after=2025-10-09 00:00:00+00:00
[2025-10-09T19:27:01.225+0000] {processor.py:208} INFO - Processing /home/airflow/.local/lib/python3.12/site-packages/airflow/example_dags/example_task_group.py took 0.383 seconds
[2025-10-09T19:27:34.568+0000] {processor.py:186} INFO - Started process (PID=1037) to work on /home/airflow/.local/lib/python3.12/site-packages/airflow/example_dags/example_task_group.py
[2025-10-09T19:27:34.579+0000] {processor.py:914} INFO - Processing file /home/airflow/.local/lib/python3.12/site-packages/airflow/example_dags/example_task_group.py for tasks to queue
[2025-10-09T19:27:34.601+0000] {logging_mixin.py:190} INFO - [2025-10-09T19:27:34.598+0000] {dagbag.py:587} INFO - Filling up the DagBag from /home/airflow/.local/lib/python3.12/site-packages/airflow/example_dags/example_task_group.py
[2025-10-09T19:27:34.710+0000] {processor.py:925} INFO - DAG(s) 'example_task_group' retrieved from /home/airflow/.local/lib/python3.12/site-packages/airflow/example_dags/example_task_group.py
[2025-10-09T19:27:34.927+0000] {logging_mixin.py:190} INFO - [2025-10-09T19:27:34.925+0000] {dag.py:3211} INFO - Sync 1 DAGs
[2025-10-09T19:27:35.104+0000] {logging_mixin.py:190} INFO - [2025-10-09T19:27:35.102+0000] {dag.py:4138} INFO - Setting next_dagrun for example_task_group to 2025-10-08 00:00:00+00:00, run_after=2025-10-09 00:00:00+00:00
[2025-10-09T19:27:35.227+0000] {processor.py:208} INFO - Processing /home/airflow/.local/lib/python3.12/site-packages/airflow/example_dags/example_task_group.py took 0.705 seconds
[2025-10-09T19:28:18.620+0000] {processor.py:186} INFO - Started process (PID=1104) to work on /home/airflow/.local/lib/python3.12/site-packages/airflow/example_dags/example_task_group.py
[2025-10-09T19:28:18.652+0000] {processor.py:914} INFO - Processing file /home/airflow/.local/lib/python3.12/site-packages/airflow/example_dags/example_task_group.py for tasks to queue
[2025-10-09T19:28:18.734+0000] {logging_mixin.py:190} INFO - [2025-10-09T19:28:18.731+0000] {dagbag.py:587} INFO - Filling up the DagBag from /home/airflow/.local/lib/python3.12/site-packages/airflow/example_dags/example_task_group.py
[2025-10-09T19:28:18.982+0000] {processor.py:925} INFO - DAG(s) 'example_task_group' retrieved from /home/airflow/.local/lib/python3.12/site-packages/airflow/example_dags/example_task_group.py
[2025-10-09T19:28:19.413+0000] {logging_mixin.py:190} INFO - [2025-10-09T19:28:19.412+0000] {dag.py:3211} INFO - Sync 1 DAGs
[2025-10-09T19:28:19.846+0000] {logging_mixin.py:190} INFO - [2025-10-09T19:28:19.844+0000] {dag.py:4138} INFO - Setting next_dagrun for example_task_group to 2025-10-08 00:00:00+00:00, run_after=2025-10-09 00:00:00+00:00
[2025-10-09T19:28:20.233+0000] {processor.py:208} INFO - Processing /home/airflow/.local/lib/python3.12/site-packages/airflow/example_dags/example_task_group.py took 1.772 seconds
[2025-10-09T19:29:01.267+0000] {processor.py:186} INFO - Started process (PID=1145) to work on /home/airflow/.local/lib/python3.12/site-packages/airflow/example_dags/example_task_group.py
[2025-10-09T19:29:01.280+0000] {processor.py:914} INFO - Processing file /home/airflow/.local/lib/python3.12/site-packages/airflow/example_dags/example_task_group.py for tasks to queue
[2025-10-09T19:29:01.321+0000] {logging_mixin.py:190} INFO - [2025-10-09T19:29:01.316+0000] {dagbag.py:587} INFO - Filling up the DagBag from /home/airflow/.local/lib/python3.12/site-packages/airflow/example_dags/example_task_group.py
[2025-10-09T19:29:01.502+0000] {processor.py:925} INFO - DAG(s) 'example_task_group' retrieved from /home/airflow/.local/lib/python3.12/site-packages/airflow/example_dags/example_task_group.py
[2025-10-09T19:29:01.817+0000] {logging_mixin.py:190} INFO - [2025-10-09T19:29:01.813+0000] {dag.py:3211} INFO - Sync 1 DAGs
[2025-10-09T19:29:03.366+0000] {logging_mixin.py:190} INFO - [2025-10-09T19:29:03.364+0000] {dag.py:4138} INFO - Setting next_dagrun for example_task_group to 2025-10-08 00:00:00+00:00, run_after=2025-10-09 00:00:00+00:00
[2025-10-09T19:29:03.779+0000] {processor.py:208} INFO - Processing /home/airflow/.local/lib/python3.12/site-packages/airflow/example_dags/example_task_group.py took 1.562 seconds
