[2025-10-09T19:03:22.924+0000] {processor.py:186} INFO - Started process (PID=173) to work on /home/airflow/.local/lib/python3.12/site-packages/airflow/example_dags/example_branch_python_dop_operator_3.py
[2025-10-09T19:03:22.934+0000] {processor.py:914} INFO - Processing file /home/airflow/.local/lib/python3.12/site-packages/airflow/example_dags/example_branch_python_dop_operator_3.py for tasks to queue
[2025-10-09T19:03:22.956+0000] {logging_mixin.py:190} INFO - [2025-10-09T19:03:22.953+0000] {dagbag.py:587} INFO - Filling up the DagBag from /home/airflow/.local/lib/python3.12/site-packages/airflow/example_dags/example_branch_python_dop_operator_3.py
[2025-10-09T19:03:23.091+0000] {processor.py:925} INFO - DAG(s) 'example_branch_dop_operator_v3' retrieved from /home/airflow/.local/lib/python3.12/site-packages/airflow/example_dags/example_branch_python_dop_operator_3.py
[2025-10-09T19:03:23.732+0000] {logging_mixin.py:190} INFO - [2025-10-09T19:03:23.728+0000] {override.py:1858} INFO - Created Permission View: can edit on DAG:example_branch_dop_operator_v3
[2025-10-09T19:03:23.796+0000] {logging_mixin.py:190} INFO - [2025-10-09T19:03:23.795+0000] {override.py:1858} INFO - Created Permission View: can delete on DAG:example_branch_dop_operator_v3
[2025-10-09T19:03:23.836+0000] {logging_mixin.py:190} INFO - [2025-10-09T19:03:23.835+0000] {override.py:1858} INFO - Created Permission View: can read on DAG:example_branch_dop_operator_v3
[2025-10-09T19:03:23.839+0000] {logging_mixin.py:190} INFO - [2025-10-09T19:03:23.838+0000] {dag.py:3211} INFO - Sync 1 DAGs
[2025-10-09T19:03:23.924+0000] {logging_mixin.py:190} INFO - [2025-10-09T19:03:23.923+0000] {dag.py:3234} INFO - Creating ORM DAG for example_branch_dop_operator_v3
[2025-10-09T19:03:23.994+0000] {logging_mixin.py:190} INFO - [2025-10-09T19:03:23.993+0000] {dag.py:4138} INFO - Setting next_dagrun for example_branch_dop_operator_v3 to 2025-10-09 19:02:00+00:00, run_after=2025-10-09 19:03:00+00:00
[2025-10-09T19:03:24.081+0000] {processor.py:208} INFO - Processing /home/airflow/.local/lib/python3.12/site-packages/airflow/example_dags/example_branch_python_dop_operator_3.py took 1.224 seconds
[2025-10-09T19:04:23.776+0000] {processor.py:186} INFO - Started process (PID=243) to work on /home/airflow/.local/lib/python3.12/site-packages/airflow/example_dags/example_branch_python_dop_operator_3.py
[2025-10-09T19:04:23.782+0000] {processor.py:914} INFO - Processing file /home/airflow/.local/lib/python3.12/site-packages/airflow/example_dags/example_branch_python_dop_operator_3.py for tasks to queue
[2025-10-09T19:04:23.797+0000] {logging_mixin.py:190} INFO - [2025-10-09T19:04:23.794+0000] {dagbag.py:587} INFO - Filling up the DagBag from /home/airflow/.local/lib/python3.12/site-packages/airflow/example_dags/example_branch_python_dop_operator_3.py
[2025-10-09T19:04:23.882+0000] {processor.py:925} INFO - DAG(s) 'example_branch_dop_operator_v3' retrieved from /home/airflow/.local/lib/python3.12/site-packages/airflow/example_dags/example_branch_python_dop_operator_3.py
[2025-10-09T19:04:24.059+0000] {logging_mixin.py:190} INFO - [2025-10-09T19:04:24.058+0000] {dag.py:3211} INFO - Sync 1 DAGs
[2025-10-09T19:04:24.255+0000] {logging_mixin.py:190} INFO - [2025-10-09T19:04:24.253+0000] {dag.py:4138} INFO - Setting next_dagrun for example_branch_dop_operator_v3 to 2025-10-09 19:03:00+00:00, run_after=2025-10-09 19:04:00+00:00
[2025-10-09T19:04:24.389+0000] {processor.py:208} INFO - Processing /home/airflow/.local/lib/python3.12/site-packages/airflow/example_dags/example_branch_python_dop_operator_3.py took 0.655 seconds
[2025-10-09T19:05:06.422+0000] {processor.py:186} INFO - Started process (PID=306) to work on /home/airflow/.local/lib/python3.12/site-packages/airflow/example_dags/example_branch_python_dop_operator_3.py
[2025-10-09T19:05:06.439+0000] {processor.py:914} INFO - Processing file /home/airflow/.local/lib/python3.12/site-packages/airflow/example_dags/example_branch_python_dop_operator_3.py for tasks to queue
[2025-10-09T19:05:06.504+0000] {logging_mixin.py:190} INFO - [2025-10-09T19:05:06.502+0000] {dagbag.py:587} INFO - Filling up the DagBag from /home/airflow/.local/lib/python3.12/site-packages/airflow/example_dags/example_branch_python_dop_operator_3.py
[2025-10-09T19:05:06.779+0000] {processor.py:925} INFO - DAG(s) 'example_branch_dop_operator_v3' retrieved from /home/airflow/.local/lib/python3.12/site-packages/airflow/example_dags/example_branch_python_dop_operator_3.py
[2025-10-09T19:05:07.134+0000] {logging_mixin.py:190} INFO - [2025-10-09T19:05:07.132+0000] {dag.py:3211} INFO - Sync 1 DAGs
[2025-10-09T19:05:07.543+0000] {logging_mixin.py:190} INFO - [2025-10-09T19:05:07.541+0000] {dag.py:4138} INFO - Setting next_dagrun for example_branch_dop_operator_v3 to 2025-10-09 19:04:00+00:00, run_after=2025-10-09 19:05:00+00:00
[2025-10-09T19:05:07.740+0000] {processor.py:208} INFO - Processing /home/airflow/.local/lib/python3.12/site-packages/airflow/example_dags/example_branch_python_dop_operator_3.py took 1.426 seconds
[2025-10-09T19:06:02.211+0000] {processor.py:186} INFO - Started process (PID=384) to work on /home/airflow/.local/lib/python3.12/site-packages/airflow/example_dags/example_branch_python_dop_operator_3.py
[2025-10-09T19:06:02.224+0000] {processor.py:914} INFO - Processing file /home/airflow/.local/lib/python3.12/site-packages/airflow/example_dags/example_branch_python_dop_operator_3.py for tasks to queue
[2025-10-09T19:06:02.241+0000] {logging_mixin.py:190} INFO - [2025-10-09T19:06:02.240+0000] {dagbag.py:587} INFO - Filling up the DagBag from /home/airflow/.local/lib/python3.12/site-packages/airflow/example_dags/example_branch_python_dop_operator_3.py
[2025-10-09T19:06:02.330+0000] {processor.py:925} INFO - DAG(s) 'example_branch_dop_operator_v3' retrieved from /home/airflow/.local/lib/python3.12/site-packages/airflow/example_dags/example_branch_python_dop_operator_3.py
[2025-10-09T19:06:02.478+0000] {logging_mixin.py:190} INFO - [2025-10-09T19:06:02.476+0000] {dag.py:3211} INFO - Sync 1 DAGs
[2025-10-09T19:06:02.699+0000] {logging_mixin.py:190} INFO - [2025-10-09T19:06:02.698+0000] {dag.py:4138} INFO - Setting next_dagrun for example_branch_dop_operator_v3 to 2025-10-09 19:05:00+00:00, run_after=2025-10-09 19:06:00+00:00
[2025-10-09T19:06:02.810+0000] {processor.py:208} INFO - Processing /home/airflow/.local/lib/python3.12/site-packages/airflow/example_dags/example_branch_python_dop_operator_3.py took 0.641 seconds
[2025-10-09T19:06:37.533+0000] {processor.py:186} INFO - Started process (PID=447) to work on /home/airflow/.local/lib/python3.12/site-packages/airflow/example_dags/example_branch_python_dop_operator_3.py
[2025-10-09T19:06:37.558+0000] {processor.py:914} INFO - Processing file /home/airflow/.local/lib/python3.12/site-packages/airflow/example_dags/example_branch_python_dop_operator_3.py for tasks to queue
[2025-10-09T19:06:37.623+0000] {logging_mixin.py:190} INFO - [2025-10-09T19:06:37.614+0000] {dagbag.py:587} INFO - Filling up the DagBag from /home/airflow/.local/lib/python3.12/site-packages/airflow/example_dags/example_branch_python_dop_operator_3.py
[2025-10-09T19:06:37.831+0000] {processor.py:925} INFO - DAG(s) 'example_branch_dop_operator_v3' retrieved from /home/airflow/.local/lib/python3.12/site-packages/airflow/example_dags/example_branch_python_dop_operator_3.py
[2025-10-09T19:06:38.247+0000] {logging_mixin.py:190} INFO - [2025-10-09T19:06:38.246+0000] {dag.py:3211} INFO - Sync 1 DAGs
[2025-10-09T19:06:38.812+0000] {logging_mixin.py:190} INFO - [2025-10-09T19:06:38.809+0000] {dag.py:4138} INFO - Setting next_dagrun for example_branch_dop_operator_v3 to 2025-10-09 19:05:00+00:00, run_after=2025-10-09 19:06:00+00:00
[2025-10-09T19:06:38.944+0000] {processor.py:208} INFO - Processing /home/airflow/.local/lib/python3.12/site-packages/airflow/example_dags/example_branch_python_dop_operator_3.py took 1.642 seconds
[2025-10-09T19:07:10.161+0000] {processor.py:186} INFO - Started process (PID=511) to work on /home/airflow/.local/lib/python3.12/site-packages/airflow/example_dags/example_branch_python_dop_operator_3.py
[2025-10-09T19:07:10.177+0000] {processor.py:914} INFO - Processing file /home/airflow/.local/lib/python3.12/site-packages/airflow/example_dags/example_branch_python_dop_operator_3.py for tasks to queue
[2025-10-09T19:07:10.231+0000] {logging_mixin.py:190} INFO - [2025-10-09T19:07:10.228+0000] {dagbag.py:587} INFO - Filling up the DagBag from /home/airflow/.local/lib/python3.12/site-packages/airflow/example_dags/example_branch_python_dop_operator_3.py
[2025-10-09T19:07:10.380+0000] {processor.py:925} INFO - DAG(s) 'example_branch_dop_operator_v3' retrieved from /home/airflow/.local/lib/python3.12/site-packages/airflow/example_dags/example_branch_python_dop_operator_3.py
[2025-10-09T19:07:10.615+0000] {logging_mixin.py:190} INFO - [2025-10-09T19:07:10.614+0000] {dag.py:3211} INFO - Sync 1 DAGs
[2025-10-09T19:07:11.030+0000] {logging_mixin.py:190} INFO - [2025-10-09T19:07:11.028+0000] {dag.py:4138} INFO - Setting next_dagrun for example_branch_dop_operator_v3 to 2025-10-09 19:06:00+00:00, run_after=2025-10-09 19:07:00+00:00
[2025-10-09T19:07:11.276+0000] {processor.py:208} INFO - Processing /home/airflow/.local/lib/python3.12/site-packages/airflow/example_dags/example_branch_python_dop_operator_3.py took 1.196 seconds
[2025-10-09T19:14:06.495+0000] {processor.py:186} INFO - Started process (PID=104) to work on /home/airflow/.local/lib/python3.12/site-packages/airflow/example_dags/example_branch_python_dop_operator_3.py
[2025-10-09T19:14:06.501+0000] {processor.py:914} INFO - Processing file /home/airflow/.local/lib/python3.12/site-packages/airflow/example_dags/example_branch_python_dop_operator_3.py for tasks to queue
[2025-10-09T19:14:06.512+0000] {logging_mixin.py:190} INFO - [2025-10-09T19:14:06.511+0000] {dagbag.py:587} INFO - Filling up the DagBag from /home/airflow/.local/lib/python3.12/site-packages/airflow/example_dags/example_branch_python_dop_operator_3.py
[2025-10-09T19:14:06.607+0000] {processor.py:925} INFO - DAG(s) 'example_branch_dop_operator_v3' retrieved from /home/airflow/.local/lib/python3.12/site-packages/airflow/example_dags/example_branch_python_dop_operator_3.py
[2025-10-09T19:14:06.782+0000] {logging_mixin.py:190} INFO - [2025-10-09T19:14:06.781+0000] {dag.py:3211} INFO - Sync 1 DAGs
[2025-10-09T19:14:07.014+0000] {logging_mixin.py:190} INFO - [2025-10-09T19:14:07.013+0000] {dag.py:4138} INFO - Setting next_dagrun for example_branch_dop_operator_v3 to 2025-10-09 19:13:00+00:00, run_after=2025-10-09 19:14:00+00:00
[2025-10-09T19:14:07.116+0000] {processor.py:208} INFO - Processing /home/airflow/.local/lib/python3.12/site-packages/airflow/example_dags/example_branch_python_dop_operator_3.py took 0.669 seconds
[2025-10-09T19:14:37.732+0000] {processor.py:186} INFO - Started process (PID=167) to work on /home/airflow/.local/lib/python3.12/site-packages/airflow/example_dags/example_branch_python_dop_operator_3.py
[2025-10-09T19:14:37.734+0000] {processor.py:914} INFO - Processing file /home/airflow/.local/lib/python3.12/site-packages/airflow/example_dags/example_branch_python_dop_operator_3.py for tasks to queue
[2025-10-09T19:14:37.741+0000] {logging_mixin.py:190} INFO - [2025-10-09T19:14:37.740+0000] {dagbag.py:587} INFO - Filling up the DagBag from /home/airflow/.local/lib/python3.12/site-packages/airflow/example_dags/example_branch_python_dop_operator_3.py
[2025-10-09T19:14:37.773+0000] {processor.py:925} INFO - DAG(s) 'example_branch_dop_operator_v3' retrieved from /home/airflow/.local/lib/python3.12/site-packages/airflow/example_dags/example_branch_python_dop_operator_3.py
[2025-10-09T19:14:37.826+0000] {logging_mixin.py:190} INFO - [2025-10-09T19:14:37.825+0000] {dag.py:3211} INFO - Sync 1 DAGs
[2025-10-09T19:14:37.888+0000] {logging_mixin.py:190} INFO - [2025-10-09T19:14:37.887+0000] {dag.py:4138} INFO - Setting next_dagrun for example_branch_dop_operator_v3 to 2025-10-09 19:13:00+00:00, run_after=2025-10-09 19:14:00+00:00
[2025-10-09T19:14:37.944+0000] {processor.py:208} INFO - Processing /home/airflow/.local/lib/python3.12/site-packages/airflow/example_dags/example_branch_python_dop_operator_3.py took 0.246 seconds
[2025-10-09T19:15:08.386+0000] {processor.py:186} INFO - Started process (PID=231) to work on /home/airflow/.local/lib/python3.12/site-packages/airflow/example_dags/example_branch_python_dop_operator_3.py
[2025-10-09T19:15:08.390+0000] {processor.py:914} INFO - Processing file /home/airflow/.local/lib/python3.12/site-packages/airflow/example_dags/example_branch_python_dop_operator_3.py for tasks to queue
[2025-10-09T19:15:08.398+0000] {logging_mixin.py:190} INFO - [2025-10-09T19:15:08.397+0000] {dagbag.py:587} INFO - Filling up the DagBag from /home/airflow/.local/lib/python3.12/site-packages/airflow/example_dags/example_branch_python_dop_operator_3.py
[2025-10-09T19:15:08.431+0000] {processor.py:925} INFO - DAG(s) 'example_branch_dop_operator_v3' retrieved from /home/airflow/.local/lib/python3.12/site-packages/airflow/example_dags/example_branch_python_dop_operator_3.py
[2025-10-09T19:15:08.492+0000] {logging_mixin.py:190} INFO - [2025-10-09T19:15:08.492+0000] {dag.py:3211} INFO - Sync 1 DAGs
[2025-10-09T19:15:08.560+0000] {logging_mixin.py:190} INFO - [2025-10-09T19:15:08.559+0000] {dag.py:4138} INFO - Setting next_dagrun for example_branch_dop_operator_v3 to 2025-10-09 19:14:00+00:00, run_after=2025-10-09 19:15:00+00:00
[2025-10-09T19:15:08.626+0000] {processor.py:208} INFO - Processing /home/airflow/.local/lib/python3.12/site-packages/airflow/example_dags/example_branch_python_dop_operator_3.py took 0.272 seconds
[2025-10-09T19:15:39.118+0000] {processor.py:186} INFO - Started process (PID=294) to work on /home/airflow/.local/lib/python3.12/site-packages/airflow/example_dags/example_branch_python_dop_operator_3.py
[2025-10-09T19:15:39.120+0000] {processor.py:914} INFO - Processing file /home/airflow/.local/lib/python3.12/site-packages/airflow/example_dags/example_branch_python_dop_operator_3.py for tasks to queue
[2025-10-09T19:15:39.126+0000] {logging_mixin.py:190} INFO - [2025-10-09T19:15:39.125+0000] {dagbag.py:587} INFO - Filling up the DagBag from /home/airflow/.local/lib/python3.12/site-packages/airflow/example_dags/example_branch_python_dop_operator_3.py
[2025-10-09T19:15:39.155+0000] {processor.py:925} INFO - DAG(s) 'example_branch_dop_operator_v3' retrieved from /home/airflow/.local/lib/python3.12/site-packages/airflow/example_dags/example_branch_python_dop_operator_3.py
[2025-10-09T19:15:39.215+0000] {logging_mixin.py:190} INFO - [2025-10-09T19:15:39.215+0000] {dag.py:3211} INFO - Sync 1 DAGs
[2025-10-09T19:15:39.281+0000] {logging_mixin.py:190} INFO - [2025-10-09T19:15:39.281+0000] {dag.py:4138} INFO - Setting next_dagrun for example_branch_dop_operator_v3 to 2025-10-09 19:14:00+00:00, run_after=2025-10-09 19:15:00+00:00
[2025-10-09T19:15:39.327+0000] {processor.py:208} INFO - Processing /home/airflow/.local/lib/python3.12/site-packages/airflow/example_dags/example_branch_python_dop_operator_3.py took 0.224 seconds
[2025-10-09T19:16:19.127+0000] {processor.py:186} INFO - Started process (PID=357) to work on /home/airflow/.local/lib/python3.12/site-packages/airflow/example_dags/example_branch_python_dop_operator_3.py
[2025-10-09T19:16:19.148+0000] {processor.py:914} INFO - Processing file /home/airflow/.local/lib/python3.12/site-packages/airflow/example_dags/example_branch_python_dop_operator_3.py for tasks to queue
[2025-10-09T19:16:19.200+0000] {logging_mixin.py:190} INFO - [2025-10-09T19:16:19.189+0000] {dagbag.py:587} INFO - Filling up the DagBag from /home/airflow/.local/lib/python3.12/site-packages/airflow/example_dags/example_branch_python_dop_operator_3.py
[2025-10-09T19:16:19.351+0000] {processor.py:925} INFO - DAG(s) 'example_branch_dop_operator_v3' retrieved from /home/airflow/.local/lib/python3.12/site-packages/airflow/example_dags/example_branch_python_dop_operator_3.py
[2025-10-09T19:16:19.667+0000] {logging_mixin.py:190} INFO - [2025-10-09T19:16:19.664+0000] {dag.py:3211} INFO - Sync 1 DAGs
[2025-10-09T19:16:20.379+0000] {logging_mixin.py:190} INFO - [2025-10-09T19:16:20.376+0000] {dag.py:4138} INFO - Setting next_dagrun for example_branch_dop_operator_v3 to 2025-10-09 19:15:00+00:00, run_after=2025-10-09 19:16:00+00:00
[2025-10-09T19:16:20.641+0000] {processor.py:208} INFO - Processing /home/airflow/.local/lib/python3.12/site-packages/airflow/example_dags/example_branch_python_dop_operator_3.py took 1.708 seconds
[2025-10-09T19:19:31.378+0000] {processor.py:186} INFO - Started process (PID=454) to work on /home/airflow/.local/lib/python3.12/site-packages/airflow/example_dags/example_branch_python_dop_operator_3.py
[2025-10-09T19:19:31.426+0000] {processor.py:914} INFO - Processing file /home/airflow/.local/lib/python3.12/site-packages/airflow/example_dags/example_branch_python_dop_operator_3.py for tasks to queue
[2025-10-09T19:19:31.602+0000] {logging_mixin.py:190} INFO - [2025-10-09T19:19:31.566+0000] {dagbag.py:587} INFO - Filling up the DagBag from /home/airflow/.local/lib/python3.12/site-packages/airflow/example_dags/example_branch_python_dop_operator_3.py
[2025-10-09T19:19:32.208+0000] {processor.py:925} INFO - DAG(s) 'example_branch_dop_operator_v3' retrieved from /home/airflow/.local/lib/python3.12/site-packages/airflow/example_dags/example_branch_python_dop_operator_3.py
[2025-10-09T19:19:32.920+0000] {logging_mixin.py:190} INFO - [2025-10-09T19:19:32.907+0000] {dag.py:3211} INFO - Sync 1 DAGs
[2025-10-09T19:19:32.493+0000] {logging_mixin.py:190} INFO - [2025-10-09T19:19:32.489+0000] {dag.py:4138} INFO - Setting next_dagrun for example_branch_dop_operator_v3 to 2025-10-09 19:18:00+00:00, run_after=2025-10-09 19:19:00+00:00
[2025-10-09T19:19:33.689+0000] {processor.py:208} INFO - Processing /home/airflow/.local/lib/python3.12/site-packages/airflow/example_dags/example_branch_python_dop_operator_3.py took 4.154 seconds
