[2025-10-09T19:03:40.774+0000] {processor.py:186} INFO - Started process (PID=186) to work on /home/airflow/.local/lib/python3.12/site-packages/airflow/example_dags/example_latest_only.py
[2025-10-09T19:03:40.790+0000] {processor.py:914} INFO - Processing file /home/airflow/.local/lib/python3.12/site-packages/airflow/example_dags/example_latest_only.py for tasks to queue
[2025-10-09T19:03:40.825+0000] {logging_mixin.py:190} INFO - [2025-10-09T19:03:40.823+0000] {dagbag.py:587} INFO - Filling up the DagBag from /home/airflow/.local/lib/python3.12/site-packages/airflow/example_dags/example_latest_only.py
[2025-10-09T19:03:40.884+0000] {processor.py:925} INFO - DAG(s) 'latest_only' retrieved from /home/airflow/.local/lib/python3.12/site-packages/airflow/example_dags/example_latest_only.py
[2025-10-09T19:03:41.538+0000] {logging_mixin.py:190} INFO - [2025-10-09T19:03:41.535+0000] {override.py:1858} INFO - Created Permission View: can edit on DAG:latest_only
[2025-10-09T19:03:41.595+0000] {logging_mixin.py:190} INFO - [2025-10-09T19:03:41.594+0000] {override.py:1858} INFO - Created Permission View: can delete on DAG:latest_only
[2025-10-09T19:03:41.637+0000] {logging_mixin.py:190} INFO - [2025-10-09T19:03:41.636+0000] {override.py:1858} INFO - Created Permission View: can read on DAG:latest_only
[2025-10-09T19:03:41.642+0000] {logging_mixin.py:190} INFO - [2025-10-09T19:03:41.641+0000] {dag.py:3211} INFO - Sync 1 DAGs
[2025-10-09T19:03:41.874+0000] {logging_mixin.py:190} INFO - [2025-10-09T19:03:41.861+0000] {dag.py:3234} INFO - Creating ORM DAG for latest_only
[2025-10-09T19:03:42.071+0000] {logging_mixin.py:190} INFO - [2025-10-09T19:03:42.070+0000] {dag.py:4138} INFO - Setting next_dagrun for latest_only to 2025-10-09 12:00:00+00:00, run_after=2025-10-09 16:00:00+00:00
[2025-10-09T19:03:42.505+0000] {processor.py:208} INFO - Processing /home/airflow/.local/lib/python3.12/site-packages/airflow/example_dags/example_latest_only.py took 1.833 seconds
[2025-10-09T19:04:31.552+0000] {processor.py:186} INFO - Started process (PID=256) to work on /home/airflow/.local/lib/python3.12/site-packages/airflow/example_dags/example_latest_only.py
[2025-10-09T19:04:31.565+0000] {processor.py:914} INFO - Processing file /home/airflow/.local/lib/python3.12/site-packages/airflow/example_dags/example_latest_only.py for tasks to queue
[2025-10-09T19:04:31.591+0000] {logging_mixin.py:190} INFO - [2025-10-09T19:04:31.589+0000] {dagbag.py:587} INFO - Filling up the DagBag from /home/airflow/.local/lib/python3.12/site-packages/airflow/example_dags/example_latest_only.py
[2025-10-09T19:04:31.660+0000] {processor.py:925} INFO - DAG(s) 'latest_only' retrieved from /home/airflow/.local/lib/python3.12/site-packages/airflow/example_dags/example_latest_only.py
[2025-10-09T19:04:31.826+0000] {logging_mixin.py:190} INFO - [2025-10-09T19:04:31.825+0000] {dag.py:3211} INFO - Sync 1 DAGs
[2025-10-09T19:04:32.117+0000] {logging_mixin.py:190} INFO - [2025-10-09T19:04:32.113+0000] {dag.py:4138} INFO - Setting next_dagrun for latest_only to 2025-10-09 12:00:00+00:00, run_after=2025-10-09 16:00:00+00:00
[2025-10-09T19:04:32.291+0000] {processor.py:208} INFO - Processing /home/airflow/.local/lib/python3.12/site-packages/airflow/example_dags/example_latest_only.py took 0.795 seconds
[2025-10-09T19:05:23.983+0000] {processor.py:186} INFO - Started process (PID=334) to work on /home/airflow/.local/lib/python3.12/site-packages/airflow/example_dags/example_latest_only.py
[2025-10-09T19:05:23.995+0000] {processor.py:914} INFO - Processing file /home/airflow/.local/lib/python3.12/site-packages/airflow/example_dags/example_latest_only.py for tasks to queue
[2025-10-09T19:05:24.021+0000] {logging_mixin.py:190} INFO - [2025-10-09T19:05:24.019+0000] {dagbag.py:587} INFO - Filling up the DagBag from /home/airflow/.local/lib/python3.12/site-packages/airflow/example_dags/example_latest_only.py
[2025-10-09T19:05:24.096+0000] {processor.py:925} INFO - DAG(s) 'latest_only' retrieved from /home/airflow/.local/lib/python3.12/site-packages/airflow/example_dags/example_latest_only.py
[2025-10-09T19:05:24.282+0000] {logging_mixin.py:190} INFO - [2025-10-09T19:05:24.280+0000] {dag.py:3211} INFO - Sync 1 DAGs
[2025-10-09T19:05:24.477+0000] {logging_mixin.py:190} INFO - [2025-10-09T19:05:24.475+0000] {dag.py:4138} INFO - Setting next_dagrun for latest_only to 2025-10-09 12:00:00+00:00, run_after=2025-10-09 16:00:00+00:00
[2025-10-09T19:05:24.607+0000] {processor.py:208} INFO - Processing /home/airflow/.local/lib/python3.12/site-packages/airflow/example_dags/example_latest_only.py took 0.703 seconds
[2025-10-09T19:06:10.228+0000] {processor.py:186} INFO - Started process (PID=399) to work on /home/airflow/.local/lib/python3.12/site-packages/airflow/example_dags/example_latest_only.py
[2025-10-09T19:06:10.237+0000] {processor.py:914} INFO - Processing file /home/airflow/.local/lib/python3.12/site-packages/airflow/example_dags/example_latest_only.py for tasks to queue
[2025-10-09T19:06:10.272+0000] {logging_mixin.py:190} INFO - [2025-10-09T19:06:10.270+0000] {dagbag.py:587} INFO - Filling up the DagBag from /home/airflow/.local/lib/python3.12/site-packages/airflow/example_dags/example_latest_only.py
[2025-10-09T19:06:10.333+0000] {processor.py:925} INFO - DAG(s) 'latest_only' retrieved from /home/airflow/.local/lib/python3.12/site-packages/airflow/example_dags/example_latest_only.py
[2025-10-09T19:06:10.510+0000] {logging_mixin.py:190} INFO - [2025-10-09T19:06:10.509+0000] {dag.py:3211} INFO - Sync 1 DAGs
[2025-10-09T19:06:10.758+0000] {logging_mixin.py:190} INFO - [2025-10-09T19:06:10.756+0000] {dag.py:4138} INFO - Setting next_dagrun for latest_only to 2025-10-09 12:00:00+00:00, run_after=2025-10-09 16:00:00+00:00
[2025-10-09T19:06:10.887+0000] {processor.py:208} INFO - Processing /home/airflow/.local/lib/python3.12/site-packages/airflow/example_dags/example_latest_only.py took 0.728 seconds
[2025-10-09T19:06:46.223+0000] {processor.py:186} INFO - Started process (PID=469) to work on /home/airflow/.local/lib/python3.12/site-packages/airflow/example_dags/example_latest_only.py
[2025-10-09T19:06:46.240+0000] {processor.py:914} INFO - Processing file /home/airflow/.local/lib/python3.12/site-packages/airflow/example_dags/example_latest_only.py for tasks to queue
[2025-10-09T19:06:46.276+0000] {logging_mixin.py:190} INFO - [2025-10-09T19:06:46.274+0000] {dagbag.py:587} INFO - Filling up the DagBag from /home/airflow/.local/lib/python3.12/site-packages/airflow/example_dags/example_latest_only.py
[2025-10-09T19:06:46.333+0000] {processor.py:925} INFO - DAG(s) 'latest_only' retrieved from /home/airflow/.local/lib/python3.12/site-packages/airflow/example_dags/example_latest_only.py
[2025-10-09T19:06:46.492+0000] {logging_mixin.py:190} INFO - [2025-10-09T19:06:46.491+0000] {dag.py:3211} INFO - Sync 1 DAGs
[2025-10-09T19:06:46.783+0000] {logging_mixin.py:190} INFO - [2025-10-09T19:06:46.781+0000] {dag.py:4138} INFO - Setting next_dagrun for latest_only to 2025-10-09 12:00:00+00:00, run_after=2025-10-09 16:00:00+00:00
[2025-10-09T19:06:46.993+0000] {processor.py:208} INFO - Processing /home/airflow/.local/lib/python3.12/site-packages/airflow/example_dags/example_latest_only.py took 0.823 seconds
[2025-10-09T19:07:25.246+0000] {processor.py:186} INFO - Started process (PID=533) to work on /home/airflow/.local/lib/python3.12/site-packages/airflow/example_dags/example_latest_only.py
[2025-10-09T19:07:25.265+0000] {processor.py:914} INFO - Processing file /home/airflow/.local/lib/python3.12/site-packages/airflow/example_dags/example_latest_only.py for tasks to queue
[2025-10-09T19:07:25.321+0000] {logging_mixin.py:190} INFO - [2025-10-09T19:07:25.318+0000] {dagbag.py:587} INFO - Filling up the DagBag from /home/airflow/.local/lib/python3.12/site-packages/airflow/example_dags/example_latest_only.py
[2025-10-09T19:07:25.481+0000] {processor.py:925} INFO - DAG(s) 'latest_only' retrieved from /home/airflow/.local/lib/python3.12/site-packages/airflow/example_dags/example_latest_only.py
[2025-10-09T19:07:25.792+0000] {logging_mixin.py:190} INFO - [2025-10-09T19:07:25.790+0000] {dag.py:3211} INFO - Sync 1 DAGs
[2025-10-09T19:07:26.161+0000] {logging_mixin.py:190} INFO - [2025-10-09T19:07:26.159+0000] {dag.py:4138} INFO - Setting next_dagrun for latest_only to 2025-10-09 12:00:00+00:00, run_after=2025-10-09 16:00:00+00:00
[2025-10-09T19:07:26.423+0000] {processor.py:208} INFO - Processing /home/airflow/.local/lib/python3.12/site-packages/airflow/example_dags/example_latest_only.py took 1.314 seconds
[2025-10-09T19:14:11.800+0000] {processor.py:186} INFO - Started process (PID=117) to work on /home/airflow/.local/lib/python3.12/site-packages/airflow/example_dags/example_latest_only.py
[2025-10-09T19:14:11.804+0000] {processor.py:914} INFO - Processing file /home/airflow/.local/lib/python3.12/site-packages/airflow/example_dags/example_latest_only.py for tasks to queue
[2025-10-09T19:14:11.813+0000] {logging_mixin.py:190} INFO - [2025-10-09T19:14:11.811+0000] {dagbag.py:587} INFO - Filling up the DagBag from /home/airflow/.local/lib/python3.12/site-packages/airflow/example_dags/example_latest_only.py
[2025-10-09T19:14:11.841+0000] {processor.py:925} INFO - DAG(s) 'latest_only' retrieved from /home/airflow/.local/lib/python3.12/site-packages/airflow/example_dags/example_latest_only.py
[2025-10-09T19:14:11.903+0000] {logging_mixin.py:190} INFO - [2025-10-09T19:14:11.902+0000] {dag.py:3211} INFO - Sync 1 DAGs
[2025-10-09T19:14:11.962+0000] {logging_mixin.py:190} INFO - [2025-10-09T19:14:11.962+0000] {dag.py:4138} INFO - Setting next_dagrun for latest_only to 2025-10-09 12:00:00+00:00, run_after=2025-10-09 16:00:00+00:00
[2025-10-09T19:14:12.003+0000] {processor.py:208} INFO - Processing /home/airflow/.local/lib/python3.12/site-packages/airflow/example_dags/example_latest_only.py took 0.231 seconds
[2025-10-09T19:14:42.623+0000] {processor.py:186} INFO - Started process (PID=179) to work on /home/airflow/.local/lib/python3.12/site-packages/airflow/example_dags/example_latest_only.py
[2025-10-09T19:14:42.626+0000] {processor.py:914} INFO - Processing file /home/airflow/.local/lib/python3.12/site-packages/airflow/example_dags/example_latest_only.py for tasks to queue
[2025-10-09T19:14:42.635+0000] {logging_mixin.py:190} INFO - [2025-10-09T19:14:42.634+0000] {dagbag.py:587} INFO - Filling up the DagBag from /home/airflow/.local/lib/python3.12/site-packages/airflow/example_dags/example_latest_only.py
[2025-10-09T19:14:42.659+0000] {processor.py:925} INFO - DAG(s) 'latest_only' retrieved from /home/airflow/.local/lib/python3.12/site-packages/airflow/example_dags/example_latest_only.py
[2025-10-09T19:14:42.725+0000] {logging_mixin.py:190} INFO - [2025-10-09T19:14:42.724+0000] {dag.py:3211} INFO - Sync 1 DAGs
[2025-10-09T19:14:42.803+0000] {logging_mixin.py:190} INFO - [2025-10-09T19:14:42.802+0000] {dag.py:4138} INFO - Setting next_dagrun for latest_only to 2025-10-09 12:00:00+00:00, run_after=2025-10-09 16:00:00+00:00
[2025-10-09T19:14:42.850+0000] {processor.py:208} INFO - Processing /home/airflow/.local/lib/python3.12/site-packages/airflow/example_dags/example_latest_only.py took 0.258 seconds
[2025-10-09T19:15:13.143+0000] {processor.py:186} INFO - Started process (PID=244) to work on /home/airflow/.local/lib/python3.12/site-packages/airflow/example_dags/example_latest_only.py
[2025-10-09T19:15:13.145+0000] {processor.py:914} INFO - Processing file /home/airflow/.local/lib/python3.12/site-packages/airflow/example_dags/example_latest_only.py for tasks to queue
[2025-10-09T19:15:13.151+0000] {logging_mixin.py:190} INFO - [2025-10-09T19:15:13.150+0000] {dagbag.py:587} INFO - Filling up the DagBag from /home/airflow/.local/lib/python3.12/site-packages/airflow/example_dags/example_latest_only.py
[2025-10-09T19:15:13.171+0000] {processor.py:925} INFO - DAG(s) 'latest_only' retrieved from /home/airflow/.local/lib/python3.12/site-packages/airflow/example_dags/example_latest_only.py
[2025-10-09T19:15:13.224+0000] {logging_mixin.py:190} INFO - [2025-10-09T19:15:13.223+0000] {dag.py:3211} INFO - Sync 1 DAGs
[2025-10-09T19:15:13.309+0000] {logging_mixin.py:190} INFO - [2025-10-09T19:15:13.309+0000] {dag.py:4138} INFO - Setting next_dagrun for latest_only to 2025-10-09 12:00:00+00:00, run_after=2025-10-09 16:00:00+00:00
[2025-10-09T19:15:13.372+0000] {processor.py:208} INFO - Processing /home/airflow/.local/lib/python3.12/site-packages/airflow/example_dags/example_latest_only.py took 0.242 seconds
[2025-10-09T19:15:43.834+0000] {processor.py:186} INFO - Started process (PID=306) to work on /home/airflow/.local/lib/python3.12/site-packages/airflow/example_dags/example_latest_only.py
[2025-10-09T19:15:43.839+0000] {processor.py:914} INFO - Processing file /home/airflow/.local/lib/python3.12/site-packages/airflow/example_dags/example_latest_only.py for tasks to queue
[2025-10-09T19:15:43.848+0000] {logging_mixin.py:190} INFO - [2025-10-09T19:15:43.847+0000] {dagbag.py:587} INFO - Filling up the DagBag from /home/airflow/.local/lib/python3.12/site-packages/airflow/example_dags/example_latest_only.py
[2025-10-09T19:15:43.878+0000] {processor.py:925} INFO - DAG(s) 'latest_only' retrieved from /home/airflow/.local/lib/python3.12/site-packages/airflow/example_dags/example_latest_only.py
[2025-10-09T19:15:43.937+0000] {logging_mixin.py:190} INFO - [2025-10-09T19:15:43.936+0000] {dag.py:3211} INFO - Sync 1 DAGs
[2025-10-09T19:15:43.993+0000] {logging_mixin.py:190} INFO - [2025-10-09T19:15:43.992+0000] {dag.py:4138} INFO - Setting next_dagrun for latest_only to 2025-10-09 12:00:00+00:00, run_after=2025-10-09 16:00:00+00:00
[2025-10-09T19:15:44.033+0000] {processor.py:208} INFO - Processing /home/airflow/.local/lib/python3.12/site-packages/airflow/example_dags/example_latest_only.py took 0.232 seconds
[2025-10-09T19:16:53.466+0000] {processor.py:186} INFO - Started process (PID=386) to work on /home/airflow/.local/lib/python3.12/site-packages/airflow/example_dags/example_latest_only.py
[2025-10-09T19:16:53.592+0000] {processor.py:914} INFO - Processing file /home/airflow/.local/lib/python3.12/site-packages/airflow/example_dags/example_latest_only.py for tasks to queue
[2025-10-09T19:16:53.729+0000] {logging_mixin.py:190} INFO - [2025-10-09T19:16:53.682+0000] {dagbag.py:587} INFO - Filling up the DagBag from /home/airflow/.local/lib/python3.12/site-packages/airflow/example_dags/example_latest_only.py
[2025-10-09T19:16:54.085+0000] {processor.py:925} INFO - DAG(s) 'latest_only' retrieved from /home/airflow/.local/lib/python3.12/site-packages/airflow/example_dags/example_latest_only.py
[2025-10-09T19:16:54.919+0000] {logging_mixin.py:190} INFO - [2025-10-09T19:16:54.915+0000] {dag.py:3211} INFO - Sync 1 DAGs
[2025-10-09T19:16:55.522+0000] {logging_mixin.py:190} INFO - [2025-10-09T19:16:55.517+0000] {dag.py:4138} INFO - Setting next_dagrun for latest_only to 2025-10-09 12:00:00+00:00, run_after=2025-10-09 16:00:00+00:00
[2025-10-09T19:16:55.964+0000] {processor.py:208} INFO - Processing /home/airflow/.local/lib/python3.12/site-packages/airflow/example_dags/example_latest_only.py took 2.700 seconds
[2025-10-09T19:22:07.329+0000] {processor.py:186} INFO - Started process (PID=525) to work on /home/airflow/.local/lib/python3.12/site-packages/airflow/example_dags/example_latest_only.py
[2025-10-09T19:22:07.357+0000] {processor.py:914} INFO - Processing file /home/airflow/.local/lib/python3.12/site-packages/airflow/example_dags/example_latest_only.py for tasks to queue
[2025-10-09T19:22:07.387+0000] {logging_mixin.py:190} INFO - [2025-10-09T19:22:07.384+0000] {dagbag.py:587} INFO - Filling up the DagBag from /home/airflow/.local/lib/python3.12/site-packages/airflow/example_dags/example_latest_only.py
[2025-10-09T19:22:07.547+0000] {processor.py:925} INFO - DAG(s) 'latest_only' retrieved from /home/airflow/.local/lib/python3.12/site-packages/airflow/example_dags/example_latest_only.py
[2025-10-09T19:22:07.888+0000] {logging_mixin.py:190} INFO - [2025-10-09T19:22:07.885+0000] {dag.py:3211} INFO - Sync 1 DAGs
[2025-10-09T19:22:08.470+0000] {logging_mixin.py:190} INFO - [2025-10-09T19:22:08.467+0000] {dag.py:4138} INFO - Setting next_dagrun for latest_only to 2025-10-09 12:00:00+00:00, run_after=2025-10-09 16:00:00+00:00
[2025-10-09T19:22:08.847+0000] {processor.py:208} INFO - Processing /home/airflow/.local/lib/python3.12/site-packages/airflow/example_dags/example_latest_only.py took 1.627 seconds
[2025-10-09T19:24:06.423+0000] {processor.py:186} INFO - Started process (PID=621) to work on /home/airflow/.local/lib/python3.12/site-packages/airflow/example_dags/example_latest_only.py
[2025-10-09T19:24:06.458+0000] {processor.py:914} INFO - Processing file /home/airflow/.local/lib/python3.12/site-packages/airflow/example_dags/example_latest_only.py for tasks to queue
[2025-10-09T19:24:06.488+0000] {logging_mixin.py:190} INFO - [2025-10-09T19:24:06.486+0000] {dagbag.py:587} INFO - Filling up the DagBag from /home/airflow/.local/lib/python3.12/site-packages/airflow/example_dags/example_latest_only.py
[2025-10-09T19:24:06.542+0000] {processor.py:925} INFO - DAG(s) 'latest_only' retrieved from /home/airflow/.local/lib/python3.12/site-packages/airflow/example_dags/example_latest_only.py
[2025-10-09T19:24:06.678+0000] {logging_mixin.py:190} INFO - [2025-10-09T19:24:06.677+0000] {dag.py:3211} INFO - Sync 1 DAGs
[2025-10-09T19:24:06.855+0000] {logging_mixin.py:190} INFO - [2025-10-09T19:24:06.841+0000] {dag.py:4138} INFO - Setting next_dagrun for latest_only to 2025-10-09 12:00:00+00:00, run_after=2025-10-09 16:00:00+00:00
[2025-10-09T19:24:07.015+0000] {processor.py:208} INFO - Processing /home/airflow/.local/lib/python3.12/site-packages/airflow/example_dags/example_latest_only.py took 0.651 seconds
[2025-10-09T19:24:37.469+0000] {processor.py:186} INFO - Started process (PID=683) to work on /home/airflow/.local/lib/python3.12/site-packages/airflow/example_dags/example_latest_only.py
[2025-10-09T19:24:37.472+0000] {processor.py:914} INFO - Processing file /home/airflow/.local/lib/python3.12/site-packages/airflow/example_dags/example_latest_only.py for tasks to queue
[2025-10-09T19:24:37.487+0000] {logging_mixin.py:190} INFO - [2025-10-09T19:24:37.486+0000] {dagbag.py:587} INFO - Filling up the DagBag from /home/airflow/.local/lib/python3.12/site-packages/airflow/example_dags/example_latest_only.py
[2025-10-09T19:24:37.506+0000] {processor.py:925} INFO - DAG(s) 'latest_only' retrieved from /home/airflow/.local/lib/python3.12/site-packages/airflow/example_dags/example_latest_only.py
[2025-10-09T19:24:37.555+0000] {logging_mixin.py:190} INFO - [2025-10-09T19:24:37.555+0000] {dag.py:3211} INFO - Sync 1 DAGs
[2025-10-09T19:24:37.620+0000] {logging_mixin.py:190} INFO - [2025-10-09T19:24:37.620+0000] {dag.py:4138} INFO - Setting next_dagrun for latest_only to 2025-10-09 12:00:00+00:00, run_after=2025-10-09 16:00:00+00:00
[2025-10-09T19:24:37.680+0000] {processor.py:208} INFO - Processing /home/airflow/.local/lib/python3.12/site-packages/airflow/example_dags/example_latest_only.py took 0.226 seconds
[2025-10-09T19:25:08.663+0000] {processor.py:186} INFO - Started process (PID=746) to work on /home/airflow/.local/lib/python3.12/site-packages/airflow/example_dags/example_latest_only.py
[2025-10-09T19:25:08.669+0000] {processor.py:914} INFO - Processing file /home/airflow/.local/lib/python3.12/site-packages/airflow/example_dags/example_latest_only.py for tasks to queue
[2025-10-09T19:25:08.685+0000] {logging_mixin.py:190} INFO - [2025-10-09T19:25:08.683+0000] {dagbag.py:587} INFO - Filling up the DagBag from /home/airflow/.local/lib/python3.12/site-packages/airflow/example_dags/example_latest_only.py
[2025-10-09T19:25:08.737+0000] {processor.py:925} INFO - DAG(s) 'latest_only' retrieved from /home/airflow/.local/lib/python3.12/site-packages/airflow/example_dags/example_latest_only.py
[2025-10-09T19:25:08.807+0000] {logging_mixin.py:190} INFO - [2025-10-09T19:25:08.807+0000] {dag.py:3211} INFO - Sync 1 DAGs
[2025-10-09T19:25:08.877+0000] {logging_mixin.py:190} INFO - [2025-10-09T19:25:08.876+0000] {dag.py:4138} INFO - Setting next_dagrun for latest_only to 2025-10-09 12:00:00+00:00, run_after=2025-10-09 16:00:00+00:00
[2025-10-09T19:25:08.928+0000] {processor.py:208} INFO - Processing /home/airflow/.local/lib/python3.12/site-packages/airflow/example_dags/example_latest_only.py took 0.317 seconds
[2025-10-09T19:25:40.593+0000] {processor.py:186} INFO - Started process (PID=809) to work on /home/airflow/.local/lib/python3.12/site-packages/airflow/example_dags/example_latest_only.py
[2025-10-09T19:25:40.598+0000] {processor.py:914} INFO - Processing file /home/airflow/.local/lib/python3.12/site-packages/airflow/example_dags/example_latest_only.py for tasks to queue
[2025-10-09T19:25:40.626+0000] {logging_mixin.py:190} INFO - [2025-10-09T19:25:40.625+0000] {dagbag.py:587} INFO - Filling up the DagBag from /home/airflow/.local/lib/python3.12/site-packages/airflow/example_dags/example_latest_only.py
[2025-10-09T19:25:40.730+0000] {processor.py:925} INFO - DAG(s) 'latest_only' retrieved from /home/airflow/.local/lib/python3.12/site-packages/airflow/example_dags/example_latest_only.py
[2025-10-09T19:25:40.972+0000] {logging_mixin.py:190} INFO - [2025-10-09T19:25:40.969+0000] {dag.py:3211} INFO - Sync 1 DAGs
[2025-10-09T19:25:41.233+0000] {logging_mixin.py:190} INFO - [2025-10-09T19:25:41.232+0000] {dag.py:4138} INFO - Setting next_dagrun for latest_only to 2025-10-09 12:00:00+00:00, run_after=2025-10-09 16:00:00+00:00
[2025-10-09T19:25:41.407+0000] {processor.py:208} INFO - Processing /home/airflow/.local/lib/python3.12/site-packages/airflow/example_dags/example_latest_only.py took 0.900 seconds
[2025-10-09T19:26:12.301+0000] {processor.py:186} INFO - Started process (PID=872) to work on /home/airflow/.local/lib/python3.12/site-packages/airflow/example_dags/example_latest_only.py
[2025-10-09T19:26:12.304+0000] {processor.py:914} INFO - Processing file /home/airflow/.local/lib/python3.12/site-packages/airflow/example_dags/example_latest_only.py for tasks to queue
[2025-10-09T19:26:12.313+0000] {logging_mixin.py:190} INFO - [2025-10-09T19:26:12.312+0000] {dagbag.py:587} INFO - Filling up the DagBag from /home/airflow/.local/lib/python3.12/site-packages/airflow/example_dags/example_latest_only.py
[2025-10-09T19:26:12.337+0000] {processor.py:925} INFO - DAG(s) 'latest_only' retrieved from /home/airflow/.local/lib/python3.12/site-packages/airflow/example_dags/example_latest_only.py
[2025-10-09T19:26:12.433+0000] {logging_mixin.py:190} INFO - [2025-10-09T19:26:12.431+0000] {dag.py:3211} INFO - Sync 1 DAGs
[2025-10-09T19:26:12.582+0000] {logging_mixin.py:190} INFO - [2025-10-09T19:26:12.581+0000] {dag.py:4138} INFO - Setting next_dagrun for latest_only to 2025-10-09 12:00:00+00:00, run_after=2025-10-09 16:00:00+00:00
[2025-10-09T19:26:12.657+0000] {processor.py:208} INFO - Processing /home/airflow/.local/lib/python3.12/site-packages/airflow/example_dags/example_latest_only.py took 0.379 seconds
[2025-10-09T19:26:43.206+0000] {processor.py:186} INFO - Started process (PID=935) to work on /home/airflow/.local/lib/python3.12/site-packages/airflow/example_dags/example_latest_only.py
[2025-10-09T19:26:43.209+0000] {processor.py:914} INFO - Processing file /home/airflow/.local/lib/python3.12/site-packages/airflow/example_dags/example_latest_only.py for tasks to queue
[2025-10-09T19:26:43.218+0000] {logging_mixin.py:190} INFO - [2025-10-09T19:26:43.217+0000] {dagbag.py:587} INFO - Filling up the DagBag from /home/airflow/.local/lib/python3.12/site-packages/airflow/example_dags/example_latest_only.py
[2025-10-09T19:26:43.244+0000] {processor.py:925} INFO - DAG(s) 'latest_only' retrieved from /home/airflow/.local/lib/python3.12/site-packages/airflow/example_dags/example_latest_only.py
[2025-10-09T19:26:43.305+0000] {logging_mixin.py:190} INFO - [2025-10-09T19:26:43.305+0000] {dag.py:3211} INFO - Sync 1 DAGs
[2025-10-09T19:26:43.373+0000] {logging_mixin.py:190} INFO - [2025-10-09T19:26:43.372+0000] {dag.py:4138} INFO - Setting next_dagrun for latest_only to 2025-10-09 12:00:00+00:00, run_after=2025-10-09 16:00:00+00:00
[2025-10-09T19:26:43.440+0000] {processor.py:208} INFO - Processing /home/airflow/.local/lib/python3.12/site-packages/airflow/example_dags/example_latest_only.py took 0.256 seconds
[2025-10-09T19:27:13.954+0000] {processor.py:186} INFO - Started process (PID=998) to work on /home/airflow/.local/lib/python3.12/site-packages/airflow/example_dags/example_latest_only.py
[2025-10-09T19:27:13.958+0000] {processor.py:914} INFO - Processing file /home/airflow/.local/lib/python3.12/site-packages/airflow/example_dags/example_latest_only.py for tasks to queue
[2025-10-09T19:27:13.967+0000] {logging_mixin.py:190} INFO - [2025-10-09T19:27:13.965+0000] {dagbag.py:587} INFO - Filling up the DagBag from /home/airflow/.local/lib/python3.12/site-packages/airflow/example_dags/example_latest_only.py
[2025-10-09T19:27:13.987+0000] {processor.py:925} INFO - DAG(s) 'latest_only' retrieved from /home/airflow/.local/lib/python3.12/site-packages/airflow/example_dags/example_latest_only.py
[2025-10-09T19:27:14.047+0000] {logging_mixin.py:190} INFO - [2025-10-09T19:27:14.046+0000] {dag.py:3211} INFO - Sync 1 DAGs
[2025-10-09T19:27:14.106+0000] {logging_mixin.py:190} INFO - [2025-10-09T19:27:14.106+0000] {dag.py:4138} INFO - Setting next_dagrun for latest_only to 2025-10-09 12:00:00+00:00, run_after=2025-10-09 16:00:00+00:00
[2025-10-09T19:27:14.162+0000] {processor.py:208} INFO - Processing /home/airflow/.local/lib/python3.12/site-packages/airflow/example_dags/example_latest_only.py took 0.237 seconds
[2025-10-09T19:27:53.891+0000] {processor.py:186} INFO - Started process (PID=1067) to work on /home/airflow/.local/lib/python3.12/site-packages/airflow/example_dags/example_latest_only.py
[2025-10-09T19:27:53.931+0000] {processor.py:914} INFO - Processing file /home/airflow/.local/lib/python3.12/site-packages/airflow/example_dags/example_latest_only.py for tasks to queue
[2025-10-09T19:27:53.967+0000] {logging_mixin.py:190} INFO - [2025-10-09T19:27:53.965+0000] {dagbag.py:587} INFO - Filling up the DagBag from /home/airflow/.local/lib/python3.12/site-packages/airflow/example_dags/example_latest_only.py
[2025-10-09T19:27:54.091+0000] {processor.py:925} INFO - DAG(s) 'latest_only' retrieved from /home/airflow/.local/lib/python3.12/site-packages/airflow/example_dags/example_latest_only.py
[2025-10-09T19:27:54.389+0000] {logging_mixin.py:190} INFO - [2025-10-09T19:27:54.380+0000] {dag.py:3211} INFO - Sync 1 DAGs
[2025-10-09T19:27:54.821+0000] {logging_mixin.py:190} INFO - [2025-10-09T19:27:54.819+0000] {dag.py:4138} INFO - Setting next_dagrun for latest_only to 2025-10-09 12:00:00+00:00, run_after=2025-10-09 16:00:00+00:00
[2025-10-09T19:27:55.168+0000] {processor.py:208} INFO - Processing /home/airflow/.local/lib/python3.12/site-packages/airflow/example_dags/example_latest_only.py took 1.367 seconds
[2025-10-09T19:28:42.330+0000] {processor.py:186} INFO - Started process (PID=1130) to work on /home/airflow/.local/lib/python3.12/site-packages/airflow/example_dags/example_latest_only.py
[2025-10-09T19:28:42.371+0000] {processor.py:914} INFO - Processing file /home/airflow/.local/lib/python3.12/site-packages/airflow/example_dags/example_latest_only.py for tasks to queue
[2025-10-09T19:28:42.460+0000] {logging_mixin.py:190} INFO - [2025-10-09T19:28:42.444+0000] {dagbag.py:587} INFO - Filling up the DagBag from /home/airflow/.local/lib/python3.12/site-packages/airflow/example_dags/example_latest_only.py
[2025-10-09T19:28:42.634+0000] {processor.py:925} INFO - DAG(s) 'latest_only' retrieved from /home/airflow/.local/lib/python3.12/site-packages/airflow/example_dags/example_latest_only.py
[2025-10-09T19:28:43.080+0000] {logging_mixin.py:190} INFO - [2025-10-09T19:28:43.069+0000] {dag.py:3211} INFO - Sync 1 DAGs
[2025-10-09T19:28:43.768+0000] {logging_mixin.py:190} INFO - [2025-10-09T19:28:43.766+0000] {dag.py:4138} INFO - Setting next_dagrun for latest_only to 2025-10-09 12:00:00+00:00, run_after=2025-10-09 16:00:00+00:00
[2025-10-09T19:28:44.135+0000] {processor.py:208} INFO - Processing /home/airflow/.local/lib/python3.12/site-packages/airflow/example_dags/example_latest_only.py took 2.021 seconds
[2025-10-09T19:30:10.745+0000] {processor.py:186} INFO - Started process (PID=1205) to work on /home/airflow/.local/lib/python3.12/site-packages/airflow/example_dags/example_latest_only.py
[2025-10-09T19:30:10.818+0000] {processor.py:914} INFO - Processing file /home/airflow/.local/lib/python3.12/site-packages/airflow/example_dags/example_latest_only.py for tasks to queue
[2025-10-09T19:30:10.899+0000] {logging_mixin.py:190} INFO - [2025-10-09T19:30:10.892+0000] {dagbag.py:587} INFO - Filling up the DagBag from /home/airflow/.local/lib/python3.12/site-packages/airflow/example_dags/example_latest_only.py
[2025-10-09T19:30:11.099+0000] {processor.py:925} INFO - DAG(s) 'latest_only' retrieved from /home/airflow/.local/lib/python3.12/site-packages/airflow/example_dags/example_latest_only.py
[2025-10-09T19:30:12.300+0000] {logging_mixin.py:190} INFO - [2025-10-09T19:30:12.285+0000] {dag.py:3211} INFO - Sync 1 DAGs
[2025-10-09T19:30:13.127+0000] {logging_mixin.py:190} INFO - [2025-10-09T19:30:13.125+0000] {dag.py:4138} INFO - Setting next_dagrun for latest_only to 2025-10-09 12:00:00+00:00, run_after=2025-10-09 16:00:00+00:00
[2025-10-09T19:30:13.581+0000] {processor.py:208} INFO - Processing /home/airflow/.local/lib/python3.12/site-packages/airflow/example_dags/example_latest_only.py took 3.170 seconds
