[2025-10-09T19:03:24.801+0000] {processor.py:186} INFO - Started process (PID=176) to work on /home/airflow/.local/lib/python3.12/site-packages/airflow/example_dags/example_xcom.py
[2025-10-09T19:03:24.809+0000] {processor.py:914} INFO - Processing file /home/airflow/.local/lib/python3.12/site-packages/airflow/example_dags/example_xcom.py for tasks to queue
[2025-10-09T19:03:24.828+0000] {logging_mixin.py:190} INFO - [2025-10-09T19:03:24.825+0000] {dagbag.py:587} INFO - Filling up the DagBag from /home/airflow/.local/lib/python3.12/site-packages/airflow/example_dags/example_xcom.py
[2025-10-09T19:03:24.903+0000] {processor.py:925} INFO - DAG(s) 'example_xcom' retrieved from /home/airflow/.local/lib/python3.12/site-packages/airflow/example_dags/example_xcom.py
[2025-10-09T19:03:25.987+0000] {logging_mixin.py:190} INFO - [2025-10-09T19:03:25.983+0000] {override.py:1858} INFO - Created Permission View: can edit on DAG:example_xcom
[2025-10-09T19:03:26.061+0000] {logging_mixin.py:190} INFO - [2025-10-09T19:03:26.060+0000] {override.py:1858} INFO - Created Permission View: can delete on DAG:example_xcom
[2025-10-09T19:03:26.112+0000] {logging_mixin.py:190} INFO - [2025-10-09T19:03:26.111+0000] {override.py:1858} INFO - Created Permission View: can read on DAG:example_xcom
[2025-10-09T19:03:26.116+0000] {logging_mixin.py:190} INFO - [2025-10-09T19:03:26.115+0000] {dag.py:3211} INFO - Sync 1 DAGs
[2025-10-09T19:03:26.299+0000] {logging_mixin.py:190} INFO - [2025-10-09T19:03:26.297+0000] {dag.py:3234} INFO - Creating ORM DAG for example_xcom
[2025-10-09T19:03:26.429+0000] {logging_mixin.py:190} INFO - [2025-10-09T19:03:26.427+0000] {dag.py:4138} INFO - Setting next_dagrun for example_xcom to 2021-01-01 00:00:00+00:00, run_after=2021-01-01 00:00:00+00:00
[2025-10-09T19:03:26.534+0000] {processor.py:208} INFO - Processing /home/airflow/.local/lib/python3.12/site-packages/airflow/example_dags/example_xcom.py took 1.787 seconds
[2025-10-09T19:04:25.621+0000] {processor.py:186} INFO - Started process (PID=246) to work on /home/airflow/.local/lib/python3.12/site-packages/airflow/example_dags/example_xcom.py
[2025-10-09T19:04:25.628+0000] {processor.py:914} INFO - Processing file /home/airflow/.local/lib/python3.12/site-packages/airflow/example_dags/example_xcom.py for tasks to queue
[2025-10-09T19:04:25.642+0000] {logging_mixin.py:190} INFO - [2025-10-09T19:04:25.640+0000] {dagbag.py:587} INFO - Filling up the DagBag from /home/airflow/.local/lib/python3.12/site-packages/airflow/example_dags/example_xcom.py
[2025-10-09T19:04:25.699+0000] {processor.py:925} INFO - DAG(s) 'example_xcom' retrieved from /home/airflow/.local/lib/python3.12/site-packages/airflow/example_dags/example_xcom.py
[2025-10-09T19:04:25.825+0000] {logging_mixin.py:190} INFO - [2025-10-09T19:04:25.824+0000] {dag.py:3211} INFO - Sync 1 DAGs
[2025-10-09T19:04:25.949+0000] {logging_mixin.py:190} INFO - [2025-10-09T19:04:25.948+0000] {dag.py:4138} INFO - Setting next_dagrun for example_xcom to 2021-01-01 00:00:00+00:00, run_after=2021-01-01 00:00:00+00:00
[2025-10-09T19:04:26.068+0000] {processor.py:208} INFO - Processing /home/airflow/.local/lib/python3.12/site-packages/airflow/example_dags/example_xcom.py took 0.526 seconds
[2025-10-09T19:05:08.275+0000] {processor.py:186} INFO - Started process (PID=309) to work on /home/airflow/.local/lib/python3.12/site-packages/airflow/example_dags/example_xcom.py
[2025-10-09T19:05:08.283+0000] {processor.py:914} INFO - Processing file /home/airflow/.local/lib/python3.12/site-packages/airflow/example_dags/example_xcom.py for tasks to queue
[2025-10-09T19:05:08.309+0000] {logging_mixin.py:190} INFO - [2025-10-09T19:05:08.307+0000] {dagbag.py:587} INFO - Filling up the DagBag from /home/airflow/.local/lib/python3.12/site-packages/airflow/example_dags/example_xcom.py
[2025-10-09T19:05:08.366+0000] {processor.py:925} INFO - DAG(s) 'example_xcom' retrieved from /home/airflow/.local/lib/python3.12/site-packages/airflow/example_dags/example_xcom.py
[2025-10-09T19:05:08.512+0000] {logging_mixin.py:190} INFO - [2025-10-09T19:05:08.511+0000] {dag.py:3211} INFO - Sync 1 DAGs
[2025-10-09T19:05:08.684+0000] {logging_mixin.py:190} INFO - [2025-10-09T19:05:08.683+0000] {dag.py:4138} INFO - Setting next_dagrun for example_xcom to 2021-01-01 00:00:00+00:00, run_after=2021-01-01 00:00:00+00:00
[2025-10-09T19:05:08.769+0000] {processor.py:208} INFO - Processing /home/airflow/.local/lib/python3.12/site-packages/airflow/example_dags/example_xcom.py took 0.537 seconds
[2025-10-09T19:06:04.082+0000] {processor.py:186} INFO - Started process (PID=387) to work on /home/airflow/.local/lib/python3.12/site-packages/airflow/example_dags/example_xcom.py
[2025-10-09T19:06:03.027+0000] {processor.py:914} INFO - Processing file /home/airflow/.local/lib/python3.12/site-packages/airflow/example_dags/example_xcom.py for tasks to queue
[2025-10-09T19:06:03.098+0000] {logging_mixin.py:190} INFO - [2025-10-09T19:06:03.095+0000] {dagbag.py:587} INFO - Filling up the DagBag from /home/airflow/.local/lib/python3.12/site-packages/airflow/example_dags/example_xcom.py
[2025-10-09T19:06:03.263+0000] {processor.py:925} INFO - DAG(s) 'example_xcom' retrieved from /home/airflow/.local/lib/python3.12/site-packages/airflow/example_dags/example_xcom.py
[2025-10-09T19:06:03.742+0000] {logging_mixin.py:190} INFO - [2025-10-09T19:06:03.740+0000] {dag.py:3211} INFO - Sync 1 DAGs
[2025-10-09T19:06:04.104+0000] {logging_mixin.py:190} INFO - [2025-10-09T19:06:04.103+0000] {dag.py:4138} INFO - Setting next_dagrun for example_xcom to 2021-01-01 00:00:00+00:00, run_after=2021-01-01 00:00:00+00:00
[2025-10-09T19:06:04.333+0000] {processor.py:208} INFO - Processing /home/airflow/.local/lib/python3.12/site-packages/airflow/example_dags/example_xcom.py took 1.435 seconds
[2025-10-09T19:06:40.272+0000] {processor.py:186} INFO - Started process (PID=450) to work on /home/airflow/.local/lib/python3.12/site-packages/airflow/example_dags/example_xcom.py
[2025-10-09T19:06:40.279+0000] {processor.py:914} INFO - Processing file /home/airflow/.local/lib/python3.12/site-packages/airflow/example_dags/example_xcom.py for tasks to queue
[2025-10-09T19:06:40.295+0000] {logging_mixin.py:190} INFO - [2025-10-09T19:06:40.293+0000] {dagbag.py:587} INFO - Filling up the DagBag from /home/airflow/.local/lib/python3.12/site-packages/airflow/example_dags/example_xcom.py
[2025-10-09T19:06:40.372+0000] {processor.py:925} INFO - DAG(s) 'example_xcom' retrieved from /home/airflow/.local/lib/python3.12/site-packages/airflow/example_dags/example_xcom.py
[2025-10-09T19:06:40.516+0000] {logging_mixin.py:190} INFO - [2025-10-09T19:06:40.515+0000] {dag.py:3211} INFO - Sync 1 DAGs
[2025-10-09T19:06:40.698+0000] {logging_mixin.py:190} INFO - [2025-10-09T19:06:40.697+0000] {dag.py:4138} INFO - Setting next_dagrun for example_xcom to 2021-01-01 00:00:00+00:00, run_after=2021-01-01 00:00:00+00:00
[2025-10-09T19:06:40.828+0000] {processor.py:208} INFO - Processing /home/airflow/.local/lib/python3.12/site-packages/airflow/example_dags/example_xcom.py took 0.612 seconds
[2025-10-09T19:07:17.460+0000] {processor.py:186} INFO - Started process (PID=523) to work on /home/airflow/.local/lib/python3.12/site-packages/airflow/example_dags/example_xcom.py
[2025-10-09T19:07:17.469+0000] {processor.py:914} INFO - Processing file /home/airflow/.local/lib/python3.12/site-packages/airflow/example_dags/example_xcom.py for tasks to queue
[2025-10-09T19:07:17.499+0000] {logging_mixin.py:190} INFO - [2025-10-09T19:07:17.496+0000] {dagbag.py:587} INFO - Filling up the DagBag from /home/airflow/.local/lib/python3.12/site-packages/airflow/example_dags/example_xcom.py
[2025-10-09T19:07:17.627+0000] {processor.py:925} INFO - DAG(s) 'example_xcom' retrieved from /home/airflow/.local/lib/python3.12/site-packages/airflow/example_dags/example_xcom.py
[2025-10-09T19:07:18.058+0000] {logging_mixin.py:190} INFO - [2025-10-09T19:07:18.053+0000] {dag.py:3211} INFO - Sync 1 DAGs
[2025-10-09T19:07:18.390+0000] {logging_mixin.py:190} INFO - [2025-10-09T19:07:18.379+0000] {dag.py:4138} INFO - Setting next_dagrun for example_xcom to 2021-01-01 00:00:00+00:00, run_after=2021-01-01 00:00:00+00:00
[2025-10-09T19:07:18.597+0000] {processor.py:208} INFO - Processing /home/airflow/.local/lib/python3.12/site-packages/airflow/example_dags/example_xcom.py took 1.207 seconds
[2025-10-09T19:14:07.936+0000] {processor.py:186} INFO - Started process (PID=107) to work on /home/airflow/.local/lib/python3.12/site-packages/airflow/example_dags/example_xcom.py
[2025-10-09T19:14:07.940+0000] {processor.py:914} INFO - Processing file /home/airflow/.local/lib/python3.12/site-packages/airflow/example_dags/example_xcom.py for tasks to queue
[2025-10-09T19:14:07.949+0000] {logging_mixin.py:190} INFO - [2025-10-09T19:14:07.947+0000] {dagbag.py:587} INFO - Filling up the DagBag from /home/airflow/.local/lib/python3.12/site-packages/airflow/example_dags/example_xcom.py
[2025-10-09T19:14:07.990+0000] {processor.py:925} INFO - DAG(s) 'example_xcom' retrieved from /home/airflow/.local/lib/python3.12/site-packages/airflow/example_dags/example_xcom.py
[2025-10-09T19:14:08.063+0000] {logging_mixin.py:190} INFO - [2025-10-09T19:14:08.062+0000] {dag.py:3211} INFO - Sync 1 DAGs
[2025-10-09T19:14:08.156+0000] {logging_mixin.py:190} INFO - [2025-10-09T19:14:08.155+0000] {dag.py:4138} INFO - Setting next_dagrun for example_xcom to 2021-01-01 00:00:00+00:00, run_after=2021-01-01 00:00:00+00:00
[2025-10-09T19:14:08.262+0000] {processor.py:208} INFO - Processing /home/airflow/.local/lib/python3.12/site-packages/airflow/example_dags/example_xcom.py took 0.353 seconds
[2025-10-09T19:14:38.492+0000] {processor.py:186} INFO - Started process (PID=170) to work on /home/airflow/.local/lib/python3.12/site-packages/airflow/example_dags/example_xcom.py
[2025-10-09T19:14:38.500+0000] {processor.py:914} INFO - Processing file /home/airflow/.local/lib/python3.12/site-packages/airflow/example_dags/example_xcom.py for tasks to queue
[2025-10-09T19:14:38.521+0000] {logging_mixin.py:190} INFO - [2025-10-09T19:14:38.518+0000] {dagbag.py:587} INFO - Filling up the DagBag from /home/airflow/.local/lib/python3.12/site-packages/airflow/example_dags/example_xcom.py
[2025-10-09T19:14:38.577+0000] {processor.py:925} INFO - DAG(s) 'example_xcom' retrieved from /home/airflow/.local/lib/python3.12/site-packages/airflow/example_dags/example_xcom.py
[2025-10-09T19:14:38.653+0000] {logging_mixin.py:190} INFO - [2025-10-09T19:14:38.651+0000] {dag.py:3211} INFO - Sync 1 DAGs
[2025-10-09T19:14:38.729+0000] {logging_mixin.py:190} INFO - [2025-10-09T19:14:38.729+0000] {dag.py:4138} INFO - Setting next_dagrun for example_xcom to 2021-01-01 00:00:00+00:00, run_after=2021-01-01 00:00:00+00:00
[2025-10-09T19:14:38.810+0000] {processor.py:208} INFO - Processing /home/airflow/.local/lib/python3.12/site-packages/airflow/example_dags/example_xcom.py took 0.360 seconds
[2025-10-09T19:15:09.812+0000] {processor.py:186} INFO - Started process (PID=234) to work on /home/airflow/.local/lib/python3.12/site-packages/airflow/example_dags/example_xcom.py
[2025-10-09T19:15:09.816+0000] {processor.py:914} INFO - Processing file /home/airflow/.local/lib/python3.12/site-packages/airflow/example_dags/example_xcom.py for tasks to queue
[2025-10-09T19:15:09.824+0000] {logging_mixin.py:190} INFO - [2025-10-09T19:15:09.823+0000] {dagbag.py:587} INFO - Filling up the DagBag from /home/airflow/.local/lib/python3.12/site-packages/airflow/example_dags/example_xcom.py
[2025-10-09T19:15:09.876+0000] {processor.py:925} INFO - DAG(s) 'example_xcom' retrieved from /home/airflow/.local/lib/python3.12/site-packages/airflow/example_dags/example_xcom.py
[2025-10-09T19:15:10.078+0000] {logging_mixin.py:190} INFO - [2025-10-09T19:15:10.077+0000] {dag.py:3211} INFO - Sync 1 DAGs
[2025-10-09T19:15:10.289+0000] {logging_mixin.py:190} INFO - [2025-10-09T19:15:10.288+0000] {dag.py:4138} INFO - Setting next_dagrun for example_xcom to 2021-01-01 00:00:00+00:00, run_after=2021-01-01 00:00:00+00:00
[2025-10-09T19:15:10.827+0000] {processor.py:208} INFO - Processing /home/airflow/.local/lib/python3.12/site-packages/airflow/example_dags/example_xcom.py took 1.038 seconds
[2025-10-09T19:15:41.217+0000] {processor.py:186} INFO - Started process (PID=297) to work on /home/airflow/.local/lib/python3.12/site-packages/airflow/example_dags/example_xcom.py
[2025-10-09T19:15:41.220+0000] {processor.py:914} INFO - Processing file /home/airflow/.local/lib/python3.12/site-packages/airflow/example_dags/example_xcom.py for tasks to queue
[2025-10-09T19:15:41.229+0000] {logging_mixin.py:190} INFO - [2025-10-09T19:15:41.227+0000] {dagbag.py:587} INFO - Filling up the DagBag from /home/airflow/.local/lib/python3.12/site-packages/airflow/example_dags/example_xcom.py
[2025-10-09T19:15:41.262+0000] {processor.py:925} INFO - DAG(s) 'example_xcom' retrieved from /home/airflow/.local/lib/python3.12/site-packages/airflow/example_dags/example_xcom.py
[2025-10-09T19:15:41.341+0000] {logging_mixin.py:190} INFO - [2025-10-09T19:15:41.340+0000] {dag.py:3211} INFO - Sync 1 DAGs
[2025-10-09T19:15:41.448+0000] {logging_mixin.py:190} INFO - [2025-10-09T19:15:41.446+0000] {dag.py:4138} INFO - Setting next_dagrun for example_xcom to 2021-01-01 00:00:00+00:00, run_after=2021-01-01 00:00:00+00:00
[2025-10-09T19:15:41.572+0000] {processor.py:208} INFO - Processing /home/airflow/.local/lib/python3.12/site-packages/airflow/example_dags/example_xcom.py took 0.374 seconds
[2025-10-09T19:16:23.659+0000] {processor.py:186} INFO - Started process (PID=366) to work on /home/airflow/.local/lib/python3.12/site-packages/airflow/example_dags/example_xcom.py
[2025-10-09T19:16:23.704+0000] {processor.py:914} INFO - Processing file /home/airflow/.local/lib/python3.12/site-packages/airflow/example_dags/example_xcom.py for tasks to queue
[2025-10-09T19:16:23.809+0000] {logging_mixin.py:190} INFO - [2025-10-09T19:16:23.804+0000] {dagbag.py:587} INFO - Filling up the DagBag from /home/airflow/.local/lib/python3.12/site-packages/airflow/example_dags/example_xcom.py
[2025-10-09T19:16:24.376+0000] {processor.py:925} INFO - DAG(s) 'example_xcom' retrieved from /home/airflow/.local/lib/python3.12/site-packages/airflow/example_dags/example_xcom.py
[2025-10-09T19:16:25.076+0000] {logging_mixin.py:190} INFO - [2025-10-09T19:16:25.073+0000] {dag.py:3211} INFO - Sync 1 DAGs
[2025-10-09T19:16:25.901+0000] {logging_mixin.py:190} INFO - [2025-10-09T19:16:25.897+0000] {dag.py:4138} INFO - Setting next_dagrun for example_xcom to 2021-01-01 00:00:00+00:00, run_after=2021-01-01 00:00:00+00:00
[2025-10-09T19:16:26.300+0000] {processor.py:208} INFO - Processing /home/airflow/.local/lib/python3.12/site-packages/airflow/example_dags/example_xcom.py took 2.868 seconds
[2025-10-09T19:19:39.744+0000] {processor.py:186} INFO - Started process (PID=457) to work on /home/airflow/.local/lib/python3.12/site-packages/airflow/example_dags/example_xcom.py
[2025-10-09T19:19:39.774+0000] {processor.py:914} INFO - Processing file /home/airflow/.local/lib/python3.12/site-packages/airflow/example_dags/example_xcom.py for tasks to queue
[2025-10-09T19:19:39.961+0000] {logging_mixin.py:190} INFO - [2025-10-09T19:19:39.957+0000] {dagbag.py:587} INFO - Filling up the DagBag from /home/airflow/.local/lib/python3.12/site-packages/airflow/example_dags/example_xcom.py
[2025-10-09T19:19:40.435+0000] {processor.py:925} INFO - DAG(s) 'example_xcom' retrieved from /home/airflow/.local/lib/python3.12/site-packages/airflow/example_dags/example_xcom.py
[2025-10-09T19:19:40.976+0000] {logging_mixin.py:190} INFO - [2025-10-09T19:19:40.962+0000] {dag.py:3211} INFO - Sync 1 DAGs
[2025-10-09T19:19:41.590+0000] {logging_mixin.py:190} INFO - [2025-10-09T19:19:41.588+0000] {dag.py:4138} INFO - Setting next_dagrun for example_xcom to 2021-01-01 00:00:00+00:00, run_after=2021-01-01 00:00:00+00:00
[2025-10-09T19:19:42.227+0000] {processor.py:208} INFO - Processing /home/airflow/.local/lib/python3.12/site-packages/airflow/example_dags/example_xcom.py took 2.701 seconds
[2025-10-09T19:23:49.499+0000] {processor.py:186} INFO - Started process (PID=590) to work on /home/airflow/.local/lib/python3.12/site-packages/airflow/example_dags/example_xcom.py
[2025-10-09T19:23:49.515+0000] {processor.py:914} INFO - Processing file /home/airflow/.local/lib/python3.12/site-packages/airflow/example_dags/example_xcom.py for tasks to queue
[2025-10-09T19:23:49.542+0000] {logging_mixin.py:190} INFO - [2025-10-09T19:23:49.537+0000] {dagbag.py:587} INFO - Filling up the DagBag from /home/airflow/.local/lib/python3.12/site-packages/airflow/example_dags/example_xcom.py
[2025-10-09T19:23:49.712+0000] {processor.py:925} INFO - DAG(s) 'example_xcom' retrieved from /home/airflow/.local/lib/python3.12/site-packages/airflow/example_dags/example_xcom.py
[2025-10-09T19:23:50.133+0000] {logging_mixin.py:190} INFO - [2025-10-09T19:23:50.123+0000] {dag.py:3211} INFO - Sync 1 DAGs
[2025-10-09T19:23:50.560+0000] {logging_mixin.py:190} INFO - [2025-10-09T19:23:50.550+0000] {dag.py:4138} INFO - Setting next_dagrun for example_xcom to 2021-01-01 00:00:00+00:00, run_after=2021-01-01 00:00:00+00:00
[2025-10-09T19:23:50.754+0000] {processor.py:208} INFO - Processing /home/airflow/.local/lib/python3.12/site-packages/airflow/example_dags/example_xcom.py took 1.398 seconds
[2025-10-09T19:24:21.698+0000] {processor.py:186} INFO - Started process (PID=652) to work on /home/airflow/.local/lib/python3.12/site-packages/airflow/example_dags/example_xcom.py
[2025-10-09T19:24:21.723+0000] {processor.py:914} INFO - Processing file /home/airflow/.local/lib/python3.12/site-packages/airflow/example_dags/example_xcom.py for tasks to queue
[2025-10-09T19:24:21.779+0000] {logging_mixin.py:190} INFO - [2025-10-09T19:24:21.768+0000] {dagbag.py:587} INFO - Filling up the DagBag from /home/airflow/.local/lib/python3.12/site-packages/airflow/example_dags/example_xcom.py
[2025-10-09T19:24:21.899+0000] {processor.py:925} INFO - DAG(s) 'example_xcom' retrieved from /home/airflow/.local/lib/python3.12/site-packages/airflow/example_dags/example_xcom.py
[2025-10-09T19:24:22.043+0000] {logging_mixin.py:190} INFO - [2025-10-09T19:24:22.042+0000] {dag.py:3211} INFO - Sync 1 DAGs
[2025-10-09T19:24:22.191+0000] {logging_mixin.py:190} INFO - [2025-10-09T19:24:22.190+0000] {dag.py:4138} INFO - Setting next_dagrun for example_xcom to 2021-01-01 00:00:00+00:00, run_after=2021-01-01 00:00:00+00:00
[2025-10-09T19:24:22.275+0000] {processor.py:208} INFO - Processing /home/airflow/.local/lib/python3.12/site-packages/airflow/example_dags/example_xcom.py took 0.670 seconds
[2025-10-09T19:24:52.727+0000] {processor.py:186} INFO - Started process (PID=714) to work on /home/airflow/.local/lib/python3.12/site-packages/airflow/example_dags/example_xcom.py
[2025-10-09T19:24:52.738+0000] {processor.py:914} INFO - Processing file /home/airflow/.local/lib/python3.12/site-packages/airflow/example_dags/example_xcom.py for tasks to queue
[2025-10-09T19:24:52.756+0000] {logging_mixin.py:190} INFO - [2025-10-09T19:24:52.754+0000] {dagbag.py:587} INFO - Filling up the DagBag from /home/airflow/.local/lib/python3.12/site-packages/airflow/example_dags/example_xcom.py
[2025-10-09T19:24:52.810+0000] {processor.py:925} INFO - DAG(s) 'example_xcom' retrieved from /home/airflow/.local/lib/python3.12/site-packages/airflow/example_dags/example_xcom.py
[2025-10-09T19:24:52.918+0000] {logging_mixin.py:190} INFO - [2025-10-09T19:24:52.917+0000] {dag.py:3211} INFO - Sync 1 DAGs
[2025-10-09T19:24:53.021+0000] {logging_mixin.py:190} INFO - [2025-10-09T19:24:53.021+0000] {dag.py:4138} INFO - Setting next_dagrun for example_xcom to 2021-01-01 00:00:00+00:00, run_after=2021-01-01 00:00:00+00:00
[2025-10-09T19:24:53.090+0000] {processor.py:208} INFO - Processing /home/airflow/.local/lib/python3.12/site-packages/airflow/example_dags/example_xcom.py took 0.418 seconds
[2025-10-09T19:25:23.666+0000] {processor.py:186} INFO - Started process (PID=777) to work on /home/airflow/.local/lib/python3.12/site-packages/airflow/example_dags/example_xcom.py
[2025-10-09T19:25:23.670+0000] {processor.py:914} INFO - Processing file /home/airflow/.local/lib/python3.12/site-packages/airflow/example_dags/example_xcom.py for tasks to queue
[2025-10-09T19:25:23.684+0000] {logging_mixin.py:190} INFO - [2025-10-09T19:25:23.683+0000] {dagbag.py:587} INFO - Filling up the DagBag from /home/airflow/.local/lib/python3.12/site-packages/airflow/example_dags/example_xcom.py
[2025-10-09T19:25:23.718+0000] {processor.py:925} INFO - DAG(s) 'example_xcom' retrieved from /home/airflow/.local/lib/python3.12/site-packages/airflow/example_dags/example_xcom.py
[2025-10-09T19:25:23.792+0000] {logging_mixin.py:190} INFO - [2025-10-09T19:25:23.791+0000] {dag.py:3211} INFO - Sync 1 DAGs
[2025-10-09T19:25:23.851+0000] {logging_mixin.py:190} INFO - [2025-10-09T19:25:23.850+0000] {dag.py:4138} INFO - Setting next_dagrun for example_xcom to 2021-01-01 00:00:00+00:00, run_after=2021-01-01 00:00:00+00:00
[2025-10-09T19:25:23.905+0000] {processor.py:208} INFO - Processing /home/airflow/.local/lib/python3.12/site-packages/airflow/example_dags/example_xcom.py took 0.258 seconds
[2025-10-09T19:25:54.757+0000] {processor.py:186} INFO - Started process (PID=840) to work on /home/airflow/.local/lib/python3.12/site-packages/airflow/example_dags/example_xcom.py
[2025-10-09T19:25:54.767+0000] {processor.py:914} INFO - Processing file /home/airflow/.local/lib/python3.12/site-packages/airflow/example_dags/example_xcom.py for tasks to queue
[2025-10-09T19:25:54.776+0000] {logging_mixin.py:190} INFO - [2025-10-09T19:25:54.775+0000] {dagbag.py:587} INFO - Filling up the DagBag from /home/airflow/.local/lib/python3.12/site-packages/airflow/example_dags/example_xcom.py
[2025-10-09T19:25:54.813+0000] {processor.py:925} INFO - DAG(s) 'example_xcom' retrieved from /home/airflow/.local/lib/python3.12/site-packages/airflow/example_dags/example_xcom.py
[2025-10-09T19:25:54.897+0000] {logging_mixin.py:190} INFO - [2025-10-09T19:25:54.897+0000] {dag.py:3211} INFO - Sync 1 DAGs
[2025-10-09T19:25:54.969+0000] {logging_mixin.py:190} INFO - [2025-10-09T19:25:54.969+0000] {dag.py:4138} INFO - Setting next_dagrun for example_xcom to 2021-01-01 00:00:00+00:00, run_after=2021-01-01 00:00:00+00:00
[2025-10-09T19:25:55.034+0000] {processor.py:208} INFO - Processing /home/airflow/.local/lib/python3.12/site-packages/airflow/example_dags/example_xcom.py took 0.301 seconds
[2025-10-09T19:26:25.517+0000] {processor.py:186} INFO - Started process (PID=903) to work on /home/airflow/.local/lib/python3.12/site-packages/airflow/example_dags/example_xcom.py
[2025-10-09T19:26:25.520+0000] {processor.py:914} INFO - Processing file /home/airflow/.local/lib/python3.12/site-packages/airflow/example_dags/example_xcom.py for tasks to queue
[2025-10-09T19:26:25.530+0000] {logging_mixin.py:190} INFO - [2025-10-09T19:26:25.529+0000] {dagbag.py:587} INFO - Filling up the DagBag from /home/airflow/.local/lib/python3.12/site-packages/airflow/example_dags/example_xcom.py
[2025-10-09T19:26:25.560+0000] {processor.py:925} INFO - DAG(s) 'example_xcom' retrieved from /home/airflow/.local/lib/python3.12/site-packages/airflow/example_dags/example_xcom.py
[2025-10-09T19:26:25.638+0000] {logging_mixin.py:190} INFO - [2025-10-09T19:26:25.637+0000] {dag.py:3211} INFO - Sync 1 DAGs
[2025-10-09T19:26:25.717+0000] {logging_mixin.py:190} INFO - [2025-10-09T19:26:25.716+0000] {dag.py:4138} INFO - Setting next_dagrun for example_xcom to 2021-01-01 00:00:00+00:00, run_after=2021-01-01 00:00:00+00:00
[2025-10-09T19:26:26.077+0000] {processor.py:208} INFO - Processing /home/airflow/.local/lib/python3.12/site-packages/airflow/example_dags/example_xcom.py took 0.578 seconds
[2025-10-09T19:26:56.309+0000] {processor.py:186} INFO - Started process (PID=966) to work on /home/airflow/.local/lib/python3.12/site-packages/airflow/example_dags/example_xcom.py
[2025-10-09T19:26:56.313+0000] {processor.py:914} INFO - Processing file /home/airflow/.local/lib/python3.12/site-packages/airflow/example_dags/example_xcom.py for tasks to queue
[2025-10-09T19:26:56.325+0000] {logging_mixin.py:190} INFO - [2025-10-09T19:26:56.324+0000] {dagbag.py:587} INFO - Filling up the DagBag from /home/airflow/.local/lib/python3.12/site-packages/airflow/example_dags/example_xcom.py
[2025-10-09T19:26:56.370+0000] {processor.py:925} INFO - DAG(s) 'example_xcom' retrieved from /home/airflow/.local/lib/python3.12/site-packages/airflow/example_dags/example_xcom.py
[2025-10-09T19:26:56.470+0000] {logging_mixin.py:190} INFO - [2025-10-09T19:26:56.469+0000] {dag.py:3211} INFO - Sync 1 DAGs
[2025-10-09T19:26:56.602+0000] {logging_mixin.py:190} INFO - [2025-10-09T19:26:56.600+0000] {dag.py:4138} INFO - Setting next_dagrun for example_xcom to 2021-01-01 00:00:00+00:00, run_after=2021-01-01 00:00:00+00:00
[2025-10-09T19:26:56.696+0000] {processor.py:208} INFO - Processing /home/airflow/.local/lib/python3.12/site-packages/airflow/example_dags/example_xcom.py took 0.418 seconds
[2025-10-09T19:27:29.543+0000] {processor.py:186} INFO - Started process (PID=1030) to work on /home/airflow/.local/lib/python3.12/site-packages/airflow/example_dags/example_xcom.py
[2025-10-09T19:27:29.565+0000] {processor.py:914} INFO - Processing file /home/airflow/.local/lib/python3.12/site-packages/airflow/example_dags/example_xcom.py for tasks to queue
[2025-10-09T19:27:29.619+0000] {logging_mixin.py:190} INFO - [2025-10-09T19:27:29.605+0000] {dagbag.py:587} INFO - Filling up the DagBag from /home/airflow/.local/lib/python3.12/site-packages/airflow/example_dags/example_xcom.py
[2025-10-09T19:27:29.782+0000] {processor.py:925} INFO - DAG(s) 'example_xcom' retrieved from /home/airflow/.local/lib/python3.12/site-packages/airflow/example_dags/example_xcom.py
[2025-10-09T19:27:30.137+0000] {logging_mixin.py:190} INFO - [2025-10-09T19:27:30.126+0000] {dag.py:3211} INFO - Sync 1 DAGs
[2025-10-09T19:27:30.574+0000] {logging_mixin.py:190} INFO - [2025-10-09T19:27:30.573+0000] {dag.py:4138} INFO - Setting next_dagrun for example_xcom to 2021-01-01 00:00:00+00:00, run_after=2021-01-01 00:00:00+00:00
[2025-10-09T19:27:30.751+0000] {processor.py:208} INFO - Processing /home/airflow/.local/lib/python3.12/site-packages/airflow/example_dags/example_xcom.py took 1.268 seconds
[2025-10-09T19:28:12.842+0000] {processor.py:186} INFO - Started process (PID=1093) to work on /home/airflow/.local/lib/python3.12/site-packages/airflow/example_dags/example_xcom.py
[2025-10-09T19:28:12.850+0000] {processor.py:914} INFO - Processing file /home/airflow/.local/lib/python3.12/site-packages/airflow/example_dags/example_xcom.py for tasks to queue
[2025-10-09T19:28:12.871+0000] {logging_mixin.py:190} INFO - [2025-10-09T19:28:12.868+0000] {dagbag.py:587} INFO - Filling up the DagBag from /home/airflow/.local/lib/python3.12/site-packages/airflow/example_dags/example_xcom.py
[2025-10-09T19:28:12.970+0000] {processor.py:925} INFO - DAG(s) 'example_xcom' retrieved from /home/airflow/.local/lib/python3.12/site-packages/airflow/example_dags/example_xcom.py
[2025-10-09T19:28:13.192+0000] {logging_mixin.py:190} INFO - [2025-10-09T19:28:13.190+0000] {dag.py:3211} INFO - Sync 1 DAGs
[2025-10-09T19:28:13.480+0000] {logging_mixin.py:190} INFO - [2025-10-09T19:28:13.475+0000] {dag.py:4138} INFO - Setting next_dagrun for example_xcom to 2021-01-01 00:00:00+00:00, run_after=2021-01-01 00:00:00+00:00
[2025-10-09T19:28:13.757+0000] {processor.py:208} INFO - Processing /home/airflow/.local/lib/python3.12/site-packages/airflow/example_dags/example_xcom.py took 0.967 seconds
[2025-10-09T19:29:20.832+0000] {processor.py:186} INFO - Started process (PID=1165) to work on /home/airflow/.local/lib/python3.12/site-packages/airflow/example_dags/example_xcom.py
[2025-10-09T19:29:20.853+0000] {processor.py:914} INFO - Processing file /home/airflow/.local/lib/python3.12/site-packages/airflow/example_dags/example_xcom.py for tasks to queue
[2025-10-09T19:29:20.891+0000] {logging_mixin.py:190} INFO - [2025-10-09T19:29:20.885+0000] {dagbag.py:587} INFO - Filling up the DagBag from /home/airflow/.local/lib/python3.12/site-packages/airflow/example_dags/example_xcom.py
[2025-10-09T19:29:21.173+0000] {processor.py:925} INFO - DAG(s) 'example_xcom' retrieved from /home/airflow/.local/lib/python3.12/site-packages/airflow/example_dags/example_xcom.py
[2025-10-09T19:29:21.804+0000] {logging_mixin.py:190} INFO - [2025-10-09T19:29:21.802+0000] {dag.py:3211} INFO - Sync 1 DAGs
[2025-10-09T19:29:22.149+0000] {logging_mixin.py:190} INFO - [2025-10-09T19:29:22.141+0000] {dag.py:4138} INFO - Setting next_dagrun for example_xcom to 2021-01-01 00:00:00+00:00, run_after=2021-01-01 00:00:00+00:00
[2025-10-09T19:29:22.345+0000] {processor.py:208} INFO - Processing /home/airflow/.local/lib/python3.12/site-packages/airflow/example_dags/example_xcom.py took 1.645 seconds
