[2025-10-09T19:03:11.103+0000] {processor.py:186} INFO - Started process (PID=165) to work on /home/airflow/.local/lib/python3.12/site-packages/airflow/example_dags/example_external_task_marker_dag.py
[2025-10-09T19:03:11.112+0000] {processor.py:914} INFO - Processing file /home/airflow/.local/lib/python3.12/site-packages/airflow/example_dags/example_external_task_marker_dag.py for tasks to queue
[2025-10-09T19:03:11.141+0000] {logging_mixin.py:190} INFO - [2025-10-09T19:03:11.139+0000] {dagbag.py:587} INFO - Filling up the DagBag from /home/airflow/.local/lib/python3.12/site-packages/airflow/example_dags/example_external_task_marker_dag.py
[2025-10-09T19:03:11.232+0000] {processor.py:925} INFO - DAG(s) 'example_external_task_marker_parent', 'example_external_task_marker_child' retrieved from /home/airflow/.local/lib/python3.12/site-packages/airflow/example_dags/example_external_task_marker_dag.py
[2025-10-09T19:03:12.200+0000] {logging_mixin.py:190} INFO - [2025-10-09T19:03:12.188+0000] {override.py:1858} INFO - Created Permission View: can edit on DAG:example_external_task_marker_parent
[2025-10-09T19:03:12.283+0000] {logging_mixin.py:190} INFO - [2025-10-09T19:03:12.282+0000] {override.py:1858} INFO - Created Permission View: can delete on DAG:example_external_task_marker_parent
[2025-10-09T19:03:12.332+0000] {logging_mixin.py:190} INFO - [2025-10-09T19:03:12.329+0000] {override.py:1858} INFO - Created Permission View: can read on DAG:example_external_task_marker_parent
[2025-10-09T19:03:12.453+0000] {logging_mixin.py:190} INFO - [2025-10-09T19:03:12.451+0000] {override.py:1858} INFO - Created Permission View: can edit on DAG:example_external_task_marker_child
[2025-10-09T19:03:12.506+0000] {logging_mixin.py:190} INFO - [2025-10-09T19:03:12.504+0000] {override.py:1858} INFO - Created Permission View: can delete on DAG:example_external_task_marker_child
[2025-10-09T19:03:12.559+0000] {logging_mixin.py:190} INFO - [2025-10-09T19:03:12.558+0000] {override.py:1858} INFO - Created Permission View: can read on DAG:example_external_task_marker_child
[2025-10-09T19:03:12.563+0000] {logging_mixin.py:190} INFO - [2025-10-09T19:03:12.562+0000] {dag.py:3211} INFO - Sync 2 DAGs
[2025-10-09T19:03:12.766+0000] {logging_mixin.py:190} INFO - [2025-10-09T19:03:12.754+0000] {dag.py:3234} INFO - Creating ORM DAG for example_external_task_marker_child
[2025-10-09T19:03:12.771+0000] {logging_mixin.py:190} INFO - [2025-10-09T19:03:12.770+0000] {dag.py:3234} INFO - Creating ORM DAG for example_external_task_marker_parent
[2025-10-09T19:03:12.788+0000] {logging_mixin.py:190} INFO - [2025-10-09T19:03:12.787+0000] {dag.py:4138} INFO - Setting next_dagrun for example_external_task_marker_child to None, run_after=None
[2025-10-09T19:03:12.804+0000] {logging_mixin.py:190} INFO - [2025-10-09T19:03:12.803+0000] {dag.py:4138} INFO - Setting next_dagrun for example_external_task_marker_parent to None, run_after=None
[2025-10-09T19:03:13.066+0000] {processor.py:208} INFO - Processing /home/airflow/.local/lib/python3.12/site-packages/airflow/example_dags/example_external_task_marker_dag.py took 2.018 seconds
[2025-10-09T19:04:18.755+0000] {processor.py:186} INFO - Started process (PID=235) to work on /home/airflow/.local/lib/python3.12/site-packages/airflow/example_dags/example_external_task_marker_dag.py
[2025-10-09T19:04:18.772+0000] {processor.py:914} INFO - Processing file /home/airflow/.local/lib/python3.12/site-packages/airflow/example_dags/example_external_task_marker_dag.py for tasks to queue
[2025-10-09T19:04:18.833+0000] {logging_mixin.py:190} INFO - [2025-10-09T19:04:18.819+0000] {dagbag.py:587} INFO - Filling up the DagBag from /home/airflow/.local/lib/python3.12/site-packages/airflow/example_dags/example_external_task_marker_dag.py
[2025-10-09T19:04:18.954+0000] {processor.py:925} INFO - DAG(s) 'example_external_task_marker_parent', 'example_external_task_marker_child' retrieved from /home/airflow/.local/lib/python3.12/site-packages/airflow/example_dags/example_external_task_marker_dag.py
[2025-10-09T19:04:19.274+0000] {logging_mixin.py:190} INFO - [2025-10-09T19:04:19.272+0000] {dag.py:3211} INFO - Sync 2 DAGs
[2025-10-09T19:04:19.491+0000] {logging_mixin.py:190} INFO - [2025-10-09T19:04:19.490+0000] {dag.py:4138} INFO - Setting next_dagrun for example_external_task_marker_child to None, run_after=None
[2025-10-09T19:04:19.527+0000] {logging_mixin.py:190} INFO - [2025-10-09T19:04:19.526+0000] {dag.py:4138} INFO - Setting next_dagrun for example_external_task_marker_parent to None, run_after=None
[2025-10-09T19:04:19.762+0000] {processor.py:208} INFO - Processing /home/airflow/.local/lib/python3.12/site-packages/airflow/example_dags/example_external_task_marker_dag.py took 1.181 seconds
[2025-10-09T19:04:56.767+0000] {processor.py:186} INFO - Started process (PID=298) to work on /home/airflow/.local/lib/python3.12/site-packages/airflow/example_dags/example_external_task_marker_dag.py
[2025-10-09T19:04:56.773+0000] {processor.py:914} INFO - Processing file /home/airflow/.local/lib/python3.12/site-packages/airflow/example_dags/example_external_task_marker_dag.py for tasks to queue
[2025-10-09T19:04:56.790+0000] {logging_mixin.py:190} INFO - [2025-10-09T19:04:56.788+0000] {dagbag.py:587} INFO - Filling up the DagBag from /home/airflow/.local/lib/python3.12/site-packages/airflow/example_dags/example_external_task_marker_dag.py
[2025-10-09T19:04:56.862+0000] {processor.py:925} INFO - DAG(s) 'example_external_task_marker_parent', 'example_external_task_marker_child' retrieved from /home/airflow/.local/lib/python3.12/site-packages/airflow/example_dags/example_external_task_marker_dag.py
[2025-10-09T19:04:57.017+0000] {logging_mixin.py:190} INFO - [2025-10-09T19:04:57.015+0000] {dag.py:3211} INFO - Sync 2 DAGs
[2025-10-09T19:04:57.150+0000] {logging_mixin.py:190} INFO - [2025-10-09T19:04:57.149+0000] {dag.py:4138} INFO - Setting next_dagrun for example_external_task_marker_child to None, run_after=None
[2025-10-09T19:04:57.168+0000] {logging_mixin.py:190} INFO - [2025-10-09T19:04:57.167+0000] {dag.py:4138} INFO - Setting next_dagrun for example_external_task_marker_parent to None, run_after=None
[2025-10-09T19:04:57.505+0000] {processor.py:208} INFO - Processing /home/airflow/.local/lib/python3.12/site-packages/airflow/example_dags/example_external_task_marker_dag.py took 0.775 seconds
[2025-10-09T19:05:47.183+0000] {processor.py:186} INFO - Started process (PID=368) to work on /home/airflow/.local/lib/python3.12/site-packages/airflow/example_dags/example_external_task_marker_dag.py
[2025-10-09T19:05:47.204+0000] {processor.py:914} INFO - Processing file /home/airflow/.local/lib/python3.12/site-packages/airflow/example_dags/example_external_task_marker_dag.py for tasks to queue
[2025-10-09T19:05:47.233+0000] {logging_mixin.py:190} INFO - [2025-10-09T19:05:47.228+0000] {dagbag.py:587} INFO - Filling up the DagBag from /home/airflow/.local/lib/python3.12/site-packages/airflow/example_dags/example_external_task_marker_dag.py
[2025-10-09T19:05:47.302+0000] {processor.py:925} INFO - DAG(s) 'example_external_task_marker_parent', 'example_external_task_marker_child' retrieved from /home/airflow/.local/lib/python3.12/site-packages/airflow/example_dags/example_external_task_marker_dag.py
[2025-10-09T19:05:47.513+0000] {logging_mixin.py:190} INFO - [2025-10-09T19:05:47.511+0000] {dag.py:3211} INFO - Sync 2 DAGs
[2025-10-09T19:05:47.751+0000] {logging_mixin.py:190} INFO - [2025-10-09T19:05:47.749+0000] {dag.py:4138} INFO - Setting next_dagrun for example_external_task_marker_child to None, run_after=None
[2025-10-09T19:05:47.813+0000] {logging_mixin.py:190} INFO - [2025-10-09T19:05:47.812+0000] {dag.py:4138} INFO - Setting next_dagrun for example_external_task_marker_parent to None, run_after=None
[2025-10-09T19:05:48.053+0000] {processor.py:208} INFO - Processing /home/airflow/.local/lib/python3.12/site-packages/airflow/example_dags/example_external_task_marker_dag.py took 0.967 seconds
[2025-10-09T19:06:28.631+0000] {processor.py:186} INFO - Started process (PID=433) to work on /home/airflow/.local/lib/python3.12/site-packages/airflow/example_dags/example_external_task_marker_dag.py
[2025-10-09T19:06:28.640+0000] {processor.py:914} INFO - Processing file /home/airflow/.local/lib/python3.12/site-packages/airflow/example_dags/example_external_task_marker_dag.py for tasks to queue
[2025-10-09T19:06:28.660+0000] {logging_mixin.py:190} INFO - [2025-10-09T19:06:28.658+0000] {dagbag.py:587} INFO - Filling up the DagBag from /home/airflow/.local/lib/python3.12/site-packages/airflow/example_dags/example_external_task_marker_dag.py
[2025-10-09T19:06:28.722+0000] {processor.py:925} INFO - DAG(s) 'example_external_task_marker_child', 'example_external_task_marker_parent' retrieved from /home/airflow/.local/lib/python3.12/site-packages/airflow/example_dags/example_external_task_marker_dag.py
[2025-10-09T19:06:28.875+0000] {logging_mixin.py:190} INFO - [2025-10-09T19:06:28.874+0000] {dag.py:3211} INFO - Sync 2 DAGs
[2025-10-09T19:06:28.982+0000] {logging_mixin.py:190} INFO - [2025-10-09T19:06:28.981+0000] {dag.py:4138} INFO - Setting next_dagrun for example_external_task_marker_child to None, run_after=None
[2025-10-09T19:06:29.014+0000] {logging_mixin.py:190} INFO - [2025-10-09T19:06:29.012+0000] {dag.py:4138} INFO - Setting next_dagrun for example_external_task_marker_parent to None, run_after=None
[2025-10-09T19:06:29.128+0000] {processor.py:208} INFO - Processing /home/airflow/.local/lib/python3.12/site-packages/airflow/example_dags/example_external_task_marker_dag.py took 0.557 seconds
[2025-10-09T19:06:59.287+0000] {processor.py:186} INFO - Started process (PID=497) to work on /home/airflow/.local/lib/python3.12/site-packages/airflow/example_dags/example_external_task_marker_dag.py
[2025-10-09T19:06:59.290+0000] {processor.py:914} INFO - Processing file /home/airflow/.local/lib/python3.12/site-packages/airflow/example_dags/example_external_task_marker_dag.py for tasks to queue
[2025-10-09T19:06:59.300+0000] {logging_mixin.py:190} INFO - [2025-10-09T19:06:59.299+0000] {dagbag.py:587} INFO - Filling up the DagBag from /home/airflow/.local/lib/python3.12/site-packages/airflow/example_dags/example_external_task_marker_dag.py
[2025-10-09T19:06:59.325+0000] {processor.py:925} INFO - DAG(s) 'example_external_task_marker_child', 'example_external_task_marker_parent' retrieved from /home/airflow/.local/lib/python3.12/site-packages/airflow/example_dags/example_external_task_marker_dag.py
[2025-10-09T19:06:59.398+0000] {logging_mixin.py:190} INFO - [2025-10-09T19:06:59.398+0000] {dag.py:3211} INFO - Sync 2 DAGs
[2025-10-09T19:06:59.456+0000] {logging_mixin.py:190} INFO - [2025-10-09T19:06:59.455+0000] {dag.py:4138} INFO - Setting next_dagrun for example_external_task_marker_child to None, run_after=None
[2025-10-09T19:06:59.469+0000] {logging_mixin.py:190} INFO - [2025-10-09T19:06:59.468+0000] {dag.py:4138} INFO - Setting next_dagrun for example_external_task_marker_parent to None, run_after=None
[2025-10-09T19:06:59.528+0000] {processor.py:208} INFO - Processing /home/airflow/.local/lib/python3.12/site-packages/airflow/example_dags/example_external_task_marker_dag.py took 0.262 seconds
[2025-10-09T19:14:03.441+0000] {processor.py:186} INFO - Started process (PID=96) to work on /home/airflow/.local/lib/python3.12/site-packages/airflow/example_dags/example_external_task_marker_dag.py
[2025-10-09T19:14:03.445+0000] {processor.py:914} INFO - Processing file /home/airflow/.local/lib/python3.12/site-packages/airflow/example_dags/example_external_task_marker_dag.py for tasks to queue
[2025-10-09T19:14:03.453+0000] {logging_mixin.py:190} INFO - [2025-10-09T19:14:03.452+0000] {dagbag.py:587} INFO - Filling up the DagBag from /home/airflow/.local/lib/python3.12/site-packages/airflow/example_dags/example_external_task_marker_dag.py
[2025-10-09T19:14:03.485+0000] {processor.py:925} INFO - DAG(s) 'example_external_task_marker_child', 'example_external_task_marker_parent' retrieved from /home/airflow/.local/lib/python3.12/site-packages/airflow/example_dags/example_external_task_marker_dag.py
[2025-10-09T19:14:03.583+0000] {logging_mixin.py:190} INFO - [2025-10-09T19:14:03.582+0000] {dag.py:3211} INFO - Sync 2 DAGs
[2025-10-09T19:14:03.673+0000] {logging_mixin.py:190} INFO - [2025-10-09T19:14:03.672+0000] {dag.py:4138} INFO - Setting next_dagrun for example_external_task_marker_child to None, run_after=None
[2025-10-09T19:14:03.698+0000] {logging_mixin.py:190} INFO - [2025-10-09T19:14:03.697+0000] {dag.py:4138} INFO - Setting next_dagrun for example_external_task_marker_parent to None, run_after=None
[2025-10-09T19:14:03.907+0000] {processor.py:208} INFO - Processing /home/airflow/.local/lib/python3.12/site-packages/airflow/example_dags/example_external_task_marker_dag.py took 0.487 seconds
[2025-10-09T19:14:34.038+0000] {processor.py:186} INFO - Started process (PID=159) to work on /home/airflow/.local/lib/python3.12/site-packages/airflow/example_dags/example_external_task_marker_dag.py
[2025-10-09T19:14:34.040+0000] {processor.py:914} INFO - Processing file /home/airflow/.local/lib/python3.12/site-packages/airflow/example_dags/example_external_task_marker_dag.py for tasks to queue
[2025-10-09T19:14:34.047+0000] {logging_mixin.py:190} INFO - [2025-10-09T19:14:34.047+0000] {dagbag.py:587} INFO - Filling up the DagBag from /home/airflow/.local/lib/python3.12/site-packages/airflow/example_dags/example_external_task_marker_dag.py
[2025-10-09T19:14:34.067+0000] {processor.py:925} INFO - DAG(s) 'example_external_task_marker_parent', 'example_external_task_marker_child' retrieved from /home/airflow/.local/lib/python3.12/site-packages/airflow/example_dags/example_external_task_marker_dag.py
[2025-10-09T19:14:34.153+0000] {logging_mixin.py:190} INFO - [2025-10-09T19:14:34.153+0000] {dag.py:3211} INFO - Sync 2 DAGs
[2025-10-09T19:14:34.200+0000] {logging_mixin.py:190} INFO - [2025-10-09T19:14:34.199+0000] {dag.py:4138} INFO - Setting next_dagrun for example_external_task_marker_child to None, run_after=None
[2025-10-09T19:14:34.209+0000] {logging_mixin.py:190} INFO - [2025-10-09T19:14:34.208+0000] {dag.py:4138} INFO - Setting next_dagrun for example_external_task_marker_parent to None, run_after=None
[2025-10-09T19:14:34.256+0000] {processor.py:208} INFO - Processing /home/airflow/.local/lib/python3.12/site-packages/airflow/example_dags/example_external_task_marker_dag.py took 0.232 seconds
[2025-10-09T19:15:05.417+0000] {processor.py:186} INFO - Started process (PID=223) to work on /home/airflow/.local/lib/python3.12/site-packages/airflow/example_dags/example_external_task_marker_dag.py
[2025-10-09T19:15:05.420+0000] {processor.py:914} INFO - Processing file /home/airflow/.local/lib/python3.12/site-packages/airflow/example_dags/example_external_task_marker_dag.py for tasks to queue
[2025-10-09T19:15:05.428+0000] {logging_mixin.py:190} INFO - [2025-10-09T19:15:05.427+0000] {dagbag.py:587} INFO - Filling up the DagBag from /home/airflow/.local/lib/python3.12/site-packages/airflow/example_dags/example_external_task_marker_dag.py
[2025-10-09T19:15:05.451+0000] {processor.py:925} INFO - DAG(s) 'example_external_task_marker_parent', 'example_external_task_marker_child' retrieved from /home/airflow/.local/lib/python3.12/site-packages/airflow/example_dags/example_external_task_marker_dag.py
[2025-10-09T19:15:05.506+0000] {logging_mixin.py:190} INFO - [2025-10-09T19:15:05.506+0000] {dag.py:3211} INFO - Sync 2 DAGs
[2025-10-09T19:15:05.541+0000] {logging_mixin.py:190} INFO - [2025-10-09T19:15:05.541+0000] {dag.py:4138} INFO - Setting next_dagrun for example_external_task_marker_child to None, run_after=None
[2025-10-09T19:15:05.550+0000] {logging_mixin.py:190} INFO - [2025-10-09T19:15:05.550+0000] {dag.py:4138} INFO - Setting next_dagrun for example_external_task_marker_parent to None, run_after=None
[2025-10-09T19:15:05.590+0000] {processor.py:208} INFO - Processing /home/airflow/.local/lib/python3.12/site-packages/airflow/example_dags/example_external_task_marker_dag.py took 0.188 seconds
[2025-10-09T19:15:36.164+0000] {processor.py:186} INFO - Started process (PID=286) to work on /home/airflow/.local/lib/python3.12/site-packages/airflow/example_dags/example_external_task_marker_dag.py
[2025-10-09T19:15:36.168+0000] {processor.py:914} INFO - Processing file /home/airflow/.local/lib/python3.12/site-packages/airflow/example_dags/example_external_task_marker_dag.py for tasks to queue
[2025-10-09T19:15:36.176+0000] {logging_mixin.py:190} INFO - [2025-10-09T19:15:36.175+0000] {dagbag.py:587} INFO - Filling up the DagBag from /home/airflow/.local/lib/python3.12/site-packages/airflow/example_dags/example_external_task_marker_dag.py
[2025-10-09T19:15:36.202+0000] {processor.py:925} INFO - DAG(s) 'example_external_task_marker_child', 'example_external_task_marker_parent' retrieved from /home/airflow/.local/lib/python3.12/site-packages/airflow/example_dags/example_external_task_marker_dag.py
[2025-10-09T19:15:36.270+0000] {logging_mixin.py:190} INFO - [2025-10-09T19:15:36.269+0000] {dag.py:3211} INFO - Sync 2 DAGs
[2025-10-09T19:15:36.313+0000] {logging_mixin.py:190} INFO - [2025-10-09T19:15:36.312+0000] {dag.py:4138} INFO - Setting next_dagrun for example_external_task_marker_child to None, run_after=None
[2025-10-09T19:15:36.324+0000] {logging_mixin.py:190} INFO - [2025-10-09T19:15:36.323+0000] {dag.py:4138} INFO - Setting next_dagrun for example_external_task_marker_parent to None, run_after=None
[2025-10-09T19:15:36.375+0000] {processor.py:208} INFO - Processing /home/airflow/.local/lib/python3.12/site-packages/airflow/example_dags/example_external_task_marker_dag.py took 0.235 seconds
[2025-10-09T19:16:07.674+0000] {processor.py:186} INFO - Started process (PID=349) to work on /home/airflow/.local/lib/python3.12/site-packages/airflow/example_dags/example_external_task_marker_dag.py
[2025-10-09T19:16:07.680+0000] {processor.py:914} INFO - Processing file /home/airflow/.local/lib/python3.12/site-packages/airflow/example_dags/example_external_task_marker_dag.py for tasks to queue
[2025-10-09T19:16:07.699+0000] {logging_mixin.py:190} INFO - [2025-10-09T19:16:07.695+0000] {dagbag.py:587} INFO - Filling up the DagBag from /home/airflow/.local/lib/python3.12/site-packages/airflow/example_dags/example_external_task_marker_dag.py
[2025-10-09T19:16:07.769+0000] {processor.py:925} INFO - DAG(s) 'example_external_task_marker_child', 'example_external_task_marker_parent' retrieved from /home/airflow/.local/lib/python3.12/site-packages/airflow/example_dags/example_external_task_marker_dag.py
[2025-10-09T19:16:08.026+0000] {logging_mixin.py:190} INFO - [2025-10-09T19:16:08.024+0000] {dag.py:3211} INFO - Sync 2 DAGs
[2025-10-09T19:16:08.250+0000] {logging_mixin.py:190} INFO - [2025-10-09T19:16:08.248+0000] {dag.py:4138} INFO - Setting next_dagrun for example_external_task_marker_child to None, run_after=None
[2025-10-09T19:16:08.295+0000] {logging_mixin.py:190} INFO - [2025-10-09T19:16:08.294+0000] {dag.py:4138} INFO - Setting next_dagrun for example_external_task_marker_parent to None, run_after=None
[2025-10-09T19:16:08.437+0000] {processor.py:208} INFO - Processing /home/airflow/.local/lib/python3.12/site-packages/airflow/example_dags/example_external_task_marker_dag.py took 0.796 seconds
[2025-10-09T19:18:43.277+0000] {processor.py:186} INFO - Started process (PID=440) to work on /home/airflow/.local/lib/python3.12/site-packages/airflow/example_dags/example_external_task_marker_dag.py
[2025-10-09T19:18:43.301+0000] {processor.py:914} INFO - Processing file /home/airflow/.local/lib/python3.12/site-packages/airflow/example_dags/example_external_task_marker_dag.py for tasks to queue
[2025-10-09T19:18:43.401+0000] {logging_mixin.py:190} INFO - [2025-10-09T19:18:43.387+0000] {dagbag.py:587} INFO - Filling up the DagBag from /home/airflow/.local/lib/python3.12/site-packages/airflow/example_dags/example_external_task_marker_dag.py
[2025-10-09T19:18:43.761+0000] {processor.py:925} INFO - DAG(s) 'example_external_task_marker_child', 'example_external_task_marker_parent' retrieved from /home/airflow/.local/lib/python3.12/site-packages/airflow/example_dags/example_external_task_marker_dag.py
[2025-10-09T19:18:44.724+0000] {logging_mixin.py:190} INFO - [2025-10-09T19:18:44.722+0000] {dag.py:3211} INFO - Sync 2 DAGs
[2025-10-09T19:18:45.575+0000] {logging_mixin.py:190} INFO - [2025-10-09T19:18:45.573+0000] {dag.py:4138} INFO - Setting next_dagrun for example_external_task_marker_child to None, run_after=None
[2025-10-09T19:18:45.796+0000] {logging_mixin.py:190} INFO - [2025-10-09T19:18:45.794+0000] {dag.py:4138} INFO - Setting next_dagrun for example_external_task_marker_parent to None, run_after=None
[2025-10-09T19:18:46.345+0000] {processor.py:208} INFO - Processing /home/airflow/.local/lib/python3.12/site-packages/airflow/example_dags/example_external_task_marker_dag.py took 3.711 seconds
[2025-10-09T19:21:30.884+0000] {processor.py:186} INFO - Started process (PID=504) to work on /home/airflow/.local/lib/python3.12/site-packages/airflow/example_dags/example_external_task_marker_dag.py
[2025-10-09T19:21:30.937+0000] {processor.py:914} INFO - Processing file /home/airflow/.local/lib/python3.12/site-packages/airflow/example_dags/example_external_task_marker_dag.py for tasks to queue
[2025-10-09T19:21:31.034+0000] {logging_mixin.py:190} INFO - [2025-10-09T19:21:31.030+0000] {dagbag.py:587} INFO - Filling up the DagBag from /home/airflow/.local/lib/python3.12/site-packages/airflow/example_dags/example_external_task_marker_dag.py
[2025-10-09T19:21:31.465+0000] {processor.py:925} INFO - DAG(s) 'example_external_task_marker_parent', 'example_external_task_marker_child' retrieved from /home/airflow/.local/lib/python3.12/site-packages/airflow/example_dags/example_external_task_marker_dag.py
[2025-10-09T19:21:32.888+0000] {logging_mixin.py:190} INFO - [2025-10-09T19:21:32.874+0000] {dag.py:3211} INFO - Sync 2 DAGs
[2025-10-09T19:21:34.034+0000] {logging_mixin.py:190} INFO - [2025-10-09T19:21:34.019+0000] {dag.py:4138} INFO - Setting next_dagrun for example_external_task_marker_child to None, run_after=None
[2025-10-09T19:21:34.258+0000] {logging_mixin.py:190} INFO - [2025-10-09T19:21:34.251+0000] {dag.py:4138} INFO - Setting next_dagrun for example_external_task_marker_parent to None, run_after=None
[2025-10-09T19:21:34.845+0000] {processor.py:208} INFO - Processing /home/airflow/.local/lib/python3.12/site-packages/airflow/example_dags/example_external_task_marker_dag.py took 4.171 seconds
