[2025-10-09T19:03:19.075+0000] {processor.py:186} INFO - Started process (PID=169) to work on /home/airflow/.local/lib/python3.12/site-packages/airflow/example_dags/example_branch_day_of_week_operator.py
[2025-10-09T19:03:19.083+0000] {processor.py:914} INFO - Processing file /home/airflow/.local/lib/python3.12/site-packages/airflow/example_dags/example_branch_day_of_week_operator.py for tasks to queue
[2025-10-09T19:03:19.119+0000] {logging_mixin.py:190} INFO - [2025-10-09T19:03:19.117+0000] {dagbag.py:587} INFO - Filling up the DagBag from /home/airflow/.local/lib/python3.12/site-packages/airflow/example_dags/example_branch_day_of_week_operator.py
[2025-10-09T19:03:19.262+0000] {processor.py:925} INFO - DAG(s) 'example_weekday_branch_operator' retrieved from /home/airflow/.local/lib/python3.12/site-packages/airflow/example_dags/example_branch_day_of_week_operator.py
[2025-10-09T19:03:20.318+0000] {logging_mixin.py:190} INFO - [2025-10-09T19:03:20.310+0000] {override.py:1858} INFO - Created Permission View: can edit on DAG:example_weekday_branch_operator
[2025-10-09T19:03:20.436+0000] {logging_mixin.py:190} INFO - [2025-10-09T19:03:20.431+0000] {override.py:1858} INFO - Created Permission View: can delete on DAG:example_weekday_branch_operator
[2025-10-09T19:03:20.498+0000] {logging_mixin.py:190} INFO - [2025-10-09T19:03:20.496+0000] {override.py:1858} INFO - Created Permission View: can read on DAG:example_weekday_branch_operator
[2025-10-09T19:03:20.503+0000] {logging_mixin.py:190} INFO - [2025-10-09T19:03:20.502+0000] {dag.py:3211} INFO - Sync 1 DAGs
[2025-10-09T19:03:20.635+0000] {logging_mixin.py:190} INFO - [2025-10-09T19:03:20.634+0000] {dag.py:3234} INFO - Creating ORM DAG for example_weekday_branch_operator
[2025-10-09T19:03:20.732+0000] {logging_mixin.py:190} INFO - [2025-10-09T19:03:20.730+0000] {dag.py:4138} INFO - Setting next_dagrun for example_weekday_branch_operator to 2025-10-08 00:00:00+00:00, run_after=2025-10-09 00:00:00+00:00
[2025-10-09T19:03:20.883+0000] {processor.py:208} INFO - Processing /home/airflow/.local/lib/python3.12/site-packages/airflow/example_dags/example_branch_day_of_week_operator.py took 1.921 seconds
[2025-10-09T19:04:21.425+0000] {processor.py:186} INFO - Started process (PID=239) to work on /home/airflow/.local/lib/python3.12/site-packages/airflow/example_dags/example_branch_day_of_week_operator.py
[2025-10-09T19:04:21.433+0000] {processor.py:914} INFO - Processing file /home/airflow/.local/lib/python3.12/site-packages/airflow/example_dags/example_branch_day_of_week_operator.py for tasks to queue
[2025-10-09T19:04:21.446+0000] {logging_mixin.py:190} INFO - [2025-10-09T19:04:21.445+0000] {dagbag.py:587} INFO - Filling up the DagBag from /home/airflow/.local/lib/python3.12/site-packages/airflow/example_dags/example_branch_day_of_week_operator.py
[2025-10-09T19:04:21.524+0000] {processor.py:925} INFO - DAG(s) 'example_weekday_branch_operator' retrieved from /home/airflow/.local/lib/python3.12/site-packages/airflow/example_dags/example_branch_day_of_week_operator.py
[2025-10-09T19:04:21.708+0000] {logging_mixin.py:190} INFO - [2025-10-09T19:04:21.707+0000] {dag.py:3211} INFO - Sync 1 DAGs
[2025-10-09T19:04:21.912+0000] {logging_mixin.py:190} INFO - [2025-10-09T19:04:21.910+0000] {dag.py:4138} INFO - Setting next_dagrun for example_weekday_branch_operator to 2025-10-08 00:00:00+00:00, run_after=2025-10-09 00:00:00+00:00
[2025-10-09T19:04:22.174+0000] {processor.py:208} INFO - Processing /home/airflow/.local/lib/python3.12/site-packages/airflow/example_dags/example_branch_day_of_week_operator.py took 0.795 seconds
[2025-10-09T19:04:59.851+0000] {processor.py:186} INFO - Started process (PID=302) to work on /home/airflow/.local/lib/python3.12/site-packages/airflow/example_dags/example_branch_day_of_week_operator.py
[2025-10-09T19:04:59.900+0000] {processor.py:914} INFO - Processing file /home/airflow/.local/lib/python3.12/site-packages/airflow/example_dags/example_branch_day_of_week_operator.py for tasks to queue
[2025-10-09T19:04:59.924+0000] {logging_mixin.py:190} INFO - [2025-10-09T19:04:59.922+0000] {dagbag.py:587} INFO - Filling up the DagBag from /home/airflow/.local/lib/python3.12/site-packages/airflow/example_dags/example_branch_day_of_week_operator.py
[2025-10-09T19:05:00.077+0000] {processor.py:925} INFO - DAG(s) 'example_weekday_branch_operator' retrieved from /home/airflow/.local/lib/python3.12/site-packages/airflow/example_dags/example_branch_day_of_week_operator.py
[2025-10-09T19:05:00.975+0000] {logging_mixin.py:190} INFO - [2025-10-09T19:05:00.973+0000] {dag.py:3211} INFO - Sync 1 DAGs
[2025-10-09T19:05:01.726+0000] {logging_mixin.py:190} INFO - [2025-10-09T19:05:01.713+0000] {dag.py:4138} INFO - Setting next_dagrun for example_weekday_branch_operator to 2025-10-08 00:00:00+00:00, run_after=2025-10-09 00:00:00+00:00
[2025-10-09T19:05:02.541+0000] {processor.py:208} INFO - Processing /home/airflow/.local/lib/python3.12/site-packages/airflow/example_dags/example_branch_day_of_week_operator.py took 2.673 seconds
[2025-10-09T19:05:50.395+0000] {processor.py:186} INFO - Started process (PID=372) to work on /home/airflow/.local/lib/python3.12/site-packages/airflow/example_dags/example_branch_day_of_week_operator.py
[2025-10-09T19:05:50.403+0000] {processor.py:914} INFO - Processing file /home/airflow/.local/lib/python3.12/site-packages/airflow/example_dags/example_branch_day_of_week_operator.py for tasks to queue
[2025-10-09T19:05:50.423+0000] {logging_mixin.py:190} INFO - [2025-10-09T19:05:50.421+0000] {dagbag.py:587} INFO - Filling up the DagBag from /home/airflow/.local/lib/python3.12/site-packages/airflow/example_dags/example_branch_day_of_week_operator.py
[2025-10-09T19:05:50.594+0000] {processor.py:925} INFO - DAG(s) 'example_weekday_branch_operator' retrieved from /home/airflow/.local/lib/python3.12/site-packages/airflow/example_dags/example_branch_day_of_week_operator.py
[2025-10-09T19:05:50.759+0000] {logging_mixin.py:190} INFO - [2025-10-09T19:05:50.758+0000] {dag.py:3211} INFO - Sync 1 DAGs
[2025-10-09T19:05:50.955+0000] {logging_mixin.py:190} INFO - [2025-10-09T19:05:50.954+0000] {dag.py:4138} INFO - Setting next_dagrun for example_weekday_branch_operator to 2025-10-08 00:00:00+00:00, run_after=2025-10-09 00:00:00+00:00
[2025-10-09T19:05:51.064+0000] {processor.py:208} INFO - Processing /home/airflow/.local/lib/python3.12/site-packages/airflow/example_dags/example_branch_day_of_week_operator.py took 0.729 seconds
[2025-10-09T19:06:30.755+0000] {processor.py:186} INFO - Started process (PID=437) to work on /home/airflow/.local/lib/python3.12/site-packages/airflow/example_dags/example_branch_day_of_week_operator.py
[2025-10-09T19:06:30.762+0000] {processor.py:914} INFO - Processing file /home/airflow/.local/lib/python3.12/site-packages/airflow/example_dags/example_branch_day_of_week_operator.py for tasks to queue
[2025-10-09T19:06:30.779+0000] {logging_mixin.py:190} INFO - [2025-10-09T19:06:30.777+0000] {dagbag.py:587} INFO - Filling up the DagBag from /home/airflow/.local/lib/python3.12/site-packages/airflow/example_dags/example_branch_day_of_week_operator.py
[2025-10-09T19:06:30.864+0000] {processor.py:925} INFO - DAG(s) 'example_weekday_branch_operator' retrieved from /home/airflow/.local/lib/python3.12/site-packages/airflow/example_dags/example_branch_day_of_week_operator.py
[2025-10-09T19:06:31.187+0000] {logging_mixin.py:190} INFO - [2025-10-09T19:06:31.185+0000] {dag.py:3211} INFO - Sync 1 DAGs
[2025-10-09T19:06:31.521+0000] {logging_mixin.py:190} INFO - [2025-10-09T19:06:31.519+0000] {dag.py:4138} INFO - Setting next_dagrun for example_weekday_branch_operator to 2025-10-08 00:00:00+00:00, run_after=2025-10-09 00:00:00+00:00
[2025-10-09T19:06:31.748+0000] {processor.py:208} INFO - Processing /home/airflow/.local/lib/python3.12/site-packages/airflow/example_dags/example_branch_day_of_week_operator.py took 1.048 seconds
[2025-10-09T19:07:02.260+0000] {processor.py:186} INFO - Started process (PID=501) to work on /home/airflow/.local/lib/python3.12/site-packages/airflow/example_dags/example_branch_day_of_week_operator.py
[2025-10-09T19:07:02.265+0000] {processor.py:914} INFO - Processing file /home/airflow/.local/lib/python3.12/site-packages/airflow/example_dags/example_branch_day_of_week_operator.py for tasks to queue
[2025-10-09T19:07:02.279+0000] {logging_mixin.py:190} INFO - [2025-10-09T19:07:02.278+0000] {dagbag.py:587} INFO - Filling up the DagBag from /home/airflow/.local/lib/python3.12/site-packages/airflow/example_dags/example_branch_day_of_week_operator.py
[2025-10-09T19:07:02.324+0000] {processor.py:925} INFO - DAG(s) 'example_weekday_branch_operator' retrieved from /home/airflow/.local/lib/python3.12/site-packages/airflow/example_dags/example_branch_day_of_week_operator.py
[2025-10-09T19:07:02.408+0000] {logging_mixin.py:190} INFO - [2025-10-09T19:07:02.407+0000] {dag.py:3211} INFO - Sync 1 DAGs
[2025-10-09T19:07:02.515+0000] {logging_mixin.py:190} INFO - [2025-10-09T19:07:02.514+0000] {dag.py:4138} INFO - Setting next_dagrun for example_weekday_branch_operator to 2025-10-08 00:00:00+00:00, run_after=2025-10-09 00:00:00+00:00
[2025-10-09T19:07:02.633+0000] {processor.py:208} INFO - Processing /home/airflow/.local/lib/python3.12/site-packages/airflow/example_dags/example_branch_day_of_week_operator.py took 0.432 seconds
[2025-10-09T19:14:04.816+0000] {processor.py:186} INFO - Started process (PID=100) to work on /home/airflow/.local/lib/python3.12/site-packages/airflow/example_dags/example_branch_day_of_week_operator.py
[2025-10-09T19:14:04.820+0000] {processor.py:914} INFO - Processing file /home/airflow/.local/lib/python3.12/site-packages/airflow/example_dags/example_branch_day_of_week_operator.py for tasks to queue
[2025-10-09T19:14:04.833+0000] {logging_mixin.py:190} INFO - [2025-10-09T19:14:04.832+0000] {dagbag.py:587} INFO - Filling up the DagBag from /home/airflow/.local/lib/python3.12/site-packages/airflow/example_dags/example_branch_day_of_week_operator.py
[2025-10-09T19:14:04.861+0000] {processor.py:925} INFO - DAG(s) 'example_weekday_branch_operator' retrieved from /home/airflow/.local/lib/python3.12/site-packages/airflow/example_dags/example_branch_day_of_week_operator.py
[2025-10-09T19:14:04.945+0000] {logging_mixin.py:190} INFO - [2025-10-09T19:14:04.945+0000] {dag.py:3211} INFO - Sync 1 DAGs
[2025-10-09T19:14:05.068+0000] {logging_mixin.py:190} INFO - [2025-10-09T19:14:05.068+0000] {dag.py:4138} INFO - Setting next_dagrun for example_weekday_branch_operator to 2025-10-08 00:00:00+00:00, run_after=2025-10-09 00:00:00+00:00
[2025-10-09T19:14:05.226+0000] {processor.py:208} INFO - Processing /home/airflow/.local/lib/python3.12/site-packages/airflow/example_dags/example_branch_day_of_week_operator.py took 0.427 seconds
[2025-10-09T19:14:35.735+0000] {processor.py:186} INFO - Started process (PID=163) to work on /home/airflow/.local/lib/python3.12/site-packages/airflow/example_dags/example_branch_day_of_week_operator.py
[2025-10-09T19:14:35.738+0000] {processor.py:914} INFO - Processing file /home/airflow/.local/lib/python3.12/site-packages/airflow/example_dags/example_branch_day_of_week_operator.py for tasks to queue
[2025-10-09T19:14:35.747+0000] {logging_mixin.py:190} INFO - [2025-10-09T19:14:35.746+0000] {dagbag.py:587} INFO - Filling up the DagBag from /home/airflow/.local/lib/python3.12/site-packages/airflow/example_dags/example_branch_day_of_week_operator.py
[2025-10-09T19:14:35.784+0000] {processor.py:925} INFO - DAG(s) 'example_weekday_branch_operator' retrieved from /home/airflow/.local/lib/python3.12/site-packages/airflow/example_dags/example_branch_day_of_week_operator.py
[2025-10-09T19:14:35.858+0000] {logging_mixin.py:190} INFO - [2025-10-09T19:14:35.857+0000] {dag.py:3211} INFO - Sync 1 DAGs
[2025-10-09T19:14:36.013+0000] {logging_mixin.py:190} INFO - [2025-10-09T19:14:36.012+0000] {dag.py:4138} INFO - Setting next_dagrun for example_weekday_branch_operator to 2025-10-08 00:00:00+00:00, run_after=2025-10-09 00:00:00+00:00
[2025-10-09T19:14:36.100+0000] {processor.py:208} INFO - Processing /home/airflow/.local/lib/python3.12/site-packages/airflow/example_dags/example_branch_day_of_week_operator.py took 0.389 seconds
[2025-10-09T19:15:06.379+0000] {processor.py:186} INFO - Started process (PID=226) to work on /home/airflow/.local/lib/python3.12/site-packages/airflow/example_dags/example_branch_day_of_week_operator.py
[2025-10-09T19:15:06.382+0000] {processor.py:914} INFO - Processing file /home/airflow/.local/lib/python3.12/site-packages/airflow/example_dags/example_branch_day_of_week_operator.py for tasks to queue
[2025-10-09T19:15:06.391+0000] {logging_mixin.py:190} INFO - [2025-10-09T19:15:06.390+0000] {dagbag.py:587} INFO - Filling up the DagBag from /home/airflow/.local/lib/python3.12/site-packages/airflow/example_dags/example_branch_day_of_week_operator.py
[2025-10-09T19:15:06.418+0000] {processor.py:925} INFO - DAG(s) 'example_weekday_branch_operator' retrieved from /home/airflow/.local/lib/python3.12/site-packages/airflow/example_dags/example_branch_day_of_week_operator.py
[2025-10-09T19:15:06.480+0000] {logging_mixin.py:190} INFO - [2025-10-09T19:15:06.480+0000] {dag.py:3211} INFO - Sync 1 DAGs
[2025-10-09T19:15:06.561+0000] {logging_mixin.py:190} INFO - [2025-10-09T19:15:06.561+0000] {dag.py:4138} INFO - Setting next_dagrun for example_weekday_branch_operator to 2025-10-08 00:00:00+00:00, run_after=2025-10-09 00:00:00+00:00
[2025-10-09T19:15:06.624+0000] {processor.py:208} INFO - Processing /home/airflow/.local/lib/python3.12/site-packages/airflow/example_dags/example_branch_day_of_week_operator.py took 0.261 seconds
[2025-10-09T19:15:37.018+0000] {processor.py:186} INFO - Started process (PID=289) to work on /home/airflow/.local/lib/python3.12/site-packages/airflow/example_dags/example_branch_day_of_week_operator.py
[2025-10-09T19:15:37.021+0000] {processor.py:914} INFO - Processing file /home/airflow/.local/lib/python3.12/site-packages/airflow/example_dags/example_branch_day_of_week_operator.py for tasks to queue
[2025-10-09T19:15:37.027+0000] {logging_mixin.py:190} INFO - [2025-10-09T19:15:37.026+0000] {dagbag.py:587} INFO - Filling up the DagBag from /home/airflow/.local/lib/python3.12/site-packages/airflow/example_dags/example_branch_day_of_week_operator.py
[2025-10-09T19:15:37.054+0000] {processor.py:925} INFO - DAG(s) 'example_weekday_branch_operator' retrieved from /home/airflow/.local/lib/python3.12/site-packages/airflow/example_dags/example_branch_day_of_week_operator.py
[2025-10-09T19:15:37.110+0000] {logging_mixin.py:190} INFO - [2025-10-09T19:15:37.110+0000] {dag.py:3211} INFO - Sync 1 DAGs
[2025-10-09T19:15:37.170+0000] {logging_mixin.py:190} INFO - [2025-10-09T19:15:37.169+0000] {dag.py:4138} INFO - Setting next_dagrun for example_weekday_branch_operator to 2025-10-08 00:00:00+00:00, run_after=2025-10-09 00:00:00+00:00
[2025-10-09T19:15:37.225+0000] {processor.py:208} INFO - Processing /home/airflow/.local/lib/python3.12/site-packages/airflow/example_dags/example_branch_day_of_week_operator.py took 0.228 seconds
[2025-10-09T19:16:09.273+0000] {processor.py:186} INFO - Started process (PID=352) to work on /home/airflow/.local/lib/python3.12/site-packages/airflow/example_dags/example_branch_day_of_week_operator.py
[2025-10-09T19:16:09.283+0000] {processor.py:914} INFO - Processing file /home/airflow/.local/lib/python3.12/site-packages/airflow/example_dags/example_branch_day_of_week_operator.py for tasks to queue
[2025-10-09T19:16:09.307+0000] {logging_mixin.py:190} INFO - [2025-10-09T19:16:09.305+0000] {dagbag.py:587} INFO - Filling up the DagBag from /home/airflow/.local/lib/python3.12/site-packages/airflow/example_dags/example_branch_day_of_week_operator.py
[2025-10-09T19:16:09.513+0000] {processor.py:925} INFO - DAG(s) 'example_weekday_branch_operator' retrieved from /home/airflow/.local/lib/python3.12/site-packages/airflow/example_dags/example_branch_day_of_week_operator.py
[2025-10-09T19:16:10.124+0000] {logging_mixin.py:190} INFO - [2025-10-09T19:16:10.121+0000] {dag.py:3211} INFO - Sync 1 DAGs
[2025-10-09T19:16:11.248+0000] {logging_mixin.py:190} INFO - [2025-10-09T19:16:11.244+0000] {dag.py:4138} INFO - Setting next_dagrun for example_weekday_branch_operator to 2025-10-08 00:00:00+00:00, run_after=2025-10-09 00:00:00+00:00
[2025-10-09T19:16:11.840+0000] {processor.py:208} INFO - Processing /home/airflow/.local/lib/python3.12/site-packages/airflow/example_dags/example_branch_day_of_week_operator.py took 2.624 seconds
[2025-10-09T19:18:59.914+0000] {processor.py:186} INFO - Started process (PID=444) to work on /home/airflow/.local/lib/python3.12/site-packages/airflow/example_dags/example_branch_day_of_week_operator.py
[2025-10-09T19:19:02.878+0000] {processor.py:914} INFO - Processing file /home/airflow/.local/lib/python3.12/site-packages/airflow/example_dags/example_branch_day_of_week_operator.py for tasks to queue
[2025-10-09T19:19:03.168+0000] {logging_mixin.py:190} INFO - [2025-10-09T19:19:03.149+0000] {dagbag.py:587} INFO - Filling up the DagBag from /home/airflow/.local/lib/python3.12/site-packages/airflow/example_dags/example_branch_day_of_week_operator.py
[2025-10-09T19:19:09.878+0000] {processor.py:925} INFO - DAG(s) 'example_weekday_branch_operator' retrieved from /home/airflow/.local/lib/python3.12/site-packages/airflow/example_dags/example_branch_day_of_week_operator.py
[2025-10-09T19:19:12.010+0000] {logging_mixin.py:190} INFO - [2025-10-09T19:19:12.008+0000] {dag.py:3211} INFO - Sync 1 DAGs
[2025-10-09T19:19:13.318+0000] {logging_mixin.py:190} INFO - [2025-10-09T19:19:13.304+0000] {dag.py:4138} INFO - Setting next_dagrun for example_weekday_branch_operator to 2025-10-08 00:00:00+00:00, run_after=2025-10-09 00:00:00+00:00
[2025-10-09T19:19:15.127+0000] {processor.py:208} INFO - Processing /home/airflow/.local/lib/python3.12/site-packages/airflow/example_dags/example_branch_day_of_week_operator.py took 15.529 seconds
[2025-10-09T19:21:43.192+0000] {processor.py:186} INFO - Started process (PID=514) to work on /home/airflow/.local/lib/python3.12/site-packages/airflow/example_dags/example_branch_day_of_week_operator.py
[2025-10-09T19:21:43.231+0000] {processor.py:914} INFO - Processing file /home/airflow/.local/lib/python3.12/site-packages/airflow/example_dags/example_branch_day_of_week_operator.py for tasks to queue
[2025-10-09T19:21:43.309+0000] {logging_mixin.py:190} INFO - [2025-10-09T19:21:43.299+0000] {dagbag.py:587} INFO - Filling up the DagBag from /home/airflow/.local/lib/python3.12/site-packages/airflow/example_dags/example_branch_day_of_week_operator.py
[2025-10-09T19:21:43.619+0000] {processor.py:925} INFO - DAG(s) 'example_weekday_branch_operator' retrieved from /home/airflow/.local/lib/python3.12/site-packages/airflow/example_dags/example_branch_day_of_week_operator.py
[2025-10-09T19:21:44.106+0000] {logging_mixin.py:190} INFO - [2025-10-09T19:21:44.104+0000] {dag.py:3211} INFO - Sync 1 DAGs
[2025-10-09T19:21:45.023+0000] {logging_mixin.py:190} INFO - [2025-10-09T19:21:45.021+0000] {dag.py:4138} INFO - Setting next_dagrun for example_weekday_branch_operator to 2025-10-08 00:00:00+00:00, run_after=2025-10-09 00:00:00+00:00
[2025-10-09T19:21:46.058+0000] {processor.py:208} INFO - Processing /home/airflow/.local/lib/python3.12/site-packages/airflow/example_dags/example_branch_day_of_week_operator.py took 2.985 seconds
