[2025-10-09T19:03:04.106+0000] {processor.py:186} INFO - Started process (PID=154) to work on /home/airflow/.local/lib/python3.12/site-packages/airflow/example_dags/example_task_group_decorator.py
[2025-10-09T19:03:04.114+0000] {processor.py:914} INFO - Processing file /home/airflow/.local/lib/python3.12/site-packages/airflow/example_dags/example_task_group_decorator.py for tasks to queue
[2025-10-09T19:03:04.138+0000] {logging_mixin.py:190} INFO - [2025-10-09T19:03:04.136+0000] {dagbag.py:587} INFO - Filling up the DagBag from /home/airflow/.local/lib/python3.12/site-packages/airflow/example_dags/example_task_group_decorator.py
[2025-10-09T19:03:04.302+0000] {processor.py:925} INFO - DAG(s) 'example_task_group_decorator' retrieved from /home/airflow/.local/lib/python3.12/site-packages/airflow/example_dags/example_task_group_decorator.py
[2025-10-09T19:03:05.798+0000] {logging_mixin.py:190} INFO - [2025-10-09T19:03:05.796+0000] {override.py:1858} INFO - Created Permission View: can edit on DAG:example_task_group_decorator
[2025-10-09T19:03:05.966+0000] {logging_mixin.py:190} INFO - [2025-10-09T19:03:05.964+0000] {override.py:1858} INFO - Created Permission View: can delete on DAG:example_task_group_decorator
[2025-10-09T19:03:06.068+0000] {logging_mixin.py:190} INFO - [2025-10-09T19:03:06.060+0000] {override.py:1858} INFO - Created Permission View: can read on DAG:example_task_group_decorator
[2025-10-09T19:03:06.073+0000] {logging_mixin.py:190} INFO - [2025-10-09T19:03:06.072+0000] {dag.py:3211} INFO - Sync 1 DAGs
[2025-10-09T19:03:06.234+0000] {logging_mixin.py:190} INFO - [2025-10-09T19:03:06.233+0000] {dag.py:3234} INFO - Creating ORM DAG for example_task_group_decorator
[2025-10-09T19:03:06.382+0000] {logging_mixin.py:190} INFO - [2025-10-09T19:03:06.380+0000] {dag.py:4138} INFO - Setting next_dagrun for example_task_group_decorator to 2025-10-08 00:00:00+00:00, run_after=2025-10-09 00:00:00+00:00
[2025-10-09T19:03:06.703+0000] {processor.py:208} INFO - Processing /home/airflow/.local/lib/python3.12/site-packages/airflow/example_dags/example_task_group_decorator.py took 2.675 seconds
[2025-10-09T19:04:13.663+0000] {processor.py:186} INFO - Started process (PID=231) to work on /home/airflow/.local/lib/python3.12/site-packages/airflow/example_dags/example_task_group_decorator.py
[2025-10-09T19:04:13.696+0000] {processor.py:914} INFO - Processing file /home/airflow/.local/lib/python3.12/site-packages/airflow/example_dags/example_task_group_decorator.py for tasks to queue
[2025-10-09T19:04:13.733+0000] {logging_mixin.py:190} INFO - [2025-10-09T19:04:13.732+0000] {dagbag.py:587} INFO - Filling up the DagBag from /home/airflow/.local/lib/python3.12/site-packages/airflow/example_dags/example_task_group_decorator.py
[2025-10-09T19:04:14.121+0000] {processor.py:925} INFO - DAG(s) 'example_task_group_decorator' retrieved from /home/airflow/.local/lib/python3.12/site-packages/airflow/example_dags/example_task_group_decorator.py
[2025-10-09T19:04:14.598+0000] {logging_mixin.py:190} INFO - [2025-10-09T19:04:14.596+0000] {dag.py:3211} INFO - Sync 1 DAGs
[2025-10-09T19:04:15.009+0000] {logging_mixin.py:190} INFO - [2025-10-09T19:04:15.008+0000] {dag.py:4138} INFO - Setting next_dagrun for example_task_group_decorator to 2025-10-08 00:00:00+00:00, run_after=2025-10-09 00:00:00+00:00
[2025-10-09T19:04:15.329+0000] {processor.py:208} INFO - Processing /home/airflow/.local/lib/python3.12/site-packages/airflow/example_dags/example_task_group_decorator.py took 1.820 seconds
[2025-10-09T19:04:51.674+0000] {processor.py:186} INFO - Started process (PID=294) to work on /home/airflow/.local/lib/python3.12/site-packages/airflow/example_dags/example_task_group_decorator.py
[2025-10-09T19:04:51.696+0000] {processor.py:914} INFO - Processing file /home/airflow/.local/lib/python3.12/site-packages/airflow/example_dags/example_task_group_decorator.py for tasks to queue
[2025-10-09T19:04:51.735+0000] {logging_mixin.py:190} INFO - [2025-10-09T19:04:51.732+0000] {dagbag.py:587} INFO - Filling up the DagBag from /home/airflow/.local/lib/python3.12/site-packages/airflow/example_dags/example_task_group_decorator.py
[2025-10-09T19:04:52.000+0000] {processor.py:925} INFO - DAG(s) 'example_task_group_decorator' retrieved from /home/airflow/.local/lib/python3.12/site-packages/airflow/example_dags/example_task_group_decorator.py
[2025-10-09T19:04:52.604+0000] {logging_mixin.py:190} INFO - [2025-10-09T19:04:52.603+0000] {dag.py:3211} INFO - Sync 1 DAGs
[2025-10-09T19:04:53.261+0000] {logging_mixin.py:190} INFO - [2025-10-09T19:04:53.259+0000] {dag.py:4138} INFO - Setting next_dagrun for example_task_group_decorator to 2025-10-08 00:00:00+00:00, run_after=2025-10-09 00:00:00+00:00
[2025-10-09T19:04:53.524+0000] {processor.py:208} INFO - Processing /home/airflow/.local/lib/python3.12/site-packages/airflow/example_dags/example_task_group_decorator.py took 2.001 seconds
[2025-10-09T19:05:44.467+0000] {processor.py:186} INFO - Started process (PID=364) to work on /home/airflow/.local/lib/python3.12/site-packages/airflow/example_dags/example_task_group_decorator.py
[2025-10-09T19:05:44.474+0000] {processor.py:914} INFO - Processing file /home/airflow/.local/lib/python3.12/site-packages/airflow/example_dags/example_task_group_decorator.py for tasks to queue
[2025-10-09T19:05:44.497+0000] {logging_mixin.py:190} INFO - [2025-10-09T19:05:44.495+0000] {dagbag.py:587} INFO - Filling up the DagBag from /home/airflow/.local/lib/python3.12/site-packages/airflow/example_dags/example_task_group_decorator.py
[2025-10-09T19:05:44.767+0000] {processor.py:925} INFO - DAG(s) 'example_task_group_decorator' retrieved from /home/airflow/.local/lib/python3.12/site-packages/airflow/example_dags/example_task_group_decorator.py
[2025-10-09T19:05:45.114+0000] {logging_mixin.py:190} INFO - [2025-10-09T19:05:45.112+0000] {dag.py:3211} INFO - Sync 1 DAGs
[2025-10-09T19:05:45.342+0000] {logging_mixin.py:190} INFO - [2025-10-09T19:05:45.340+0000] {dag.py:4138} INFO - Setting next_dagrun for example_task_group_decorator to 2025-10-08 00:00:00+00:00, run_after=2025-10-09 00:00:00+00:00
[2025-10-09T19:05:45.507+0000] {processor.py:208} INFO - Processing /home/airflow/.local/lib/python3.12/site-packages/airflow/example_dags/example_task_group_decorator.py took 1.106 seconds
[2025-10-09T19:06:23.836+0000] {processor.py:186} INFO - Started process (PID=427) to work on /home/airflow/.local/lib/python3.12/site-packages/airflow/example_dags/example_task_group_decorator.py
[2025-10-09T19:06:23.849+0000] {processor.py:914} INFO - Processing file /home/airflow/.local/lib/python3.12/site-packages/airflow/example_dags/example_task_group_decorator.py for tasks to queue
[2025-10-09T19:06:23.891+0000] {logging_mixin.py:190} INFO - [2025-10-09T19:06:23.888+0000] {dagbag.py:587} INFO - Filling up the DagBag from /home/airflow/.local/lib/python3.12/site-packages/airflow/example_dags/example_task_group_decorator.py
[2025-10-09T19:06:24.097+0000] {processor.py:925} INFO - DAG(s) 'example_task_group_decorator' retrieved from /home/airflow/.local/lib/python3.12/site-packages/airflow/example_dags/example_task_group_decorator.py
[2025-10-09T19:06:24.333+0000] {logging_mixin.py:190} INFO - [2025-10-09T19:06:24.331+0000] {dag.py:3211} INFO - Sync 1 DAGs
[2025-10-09T19:06:24.577+0000] {logging_mixin.py:190} INFO - [2025-10-09T19:06:24.575+0000] {dag.py:4138} INFO - Setting next_dagrun for example_task_group_decorator to 2025-10-08 00:00:00+00:00, run_after=2025-10-09 00:00:00+00:00
[2025-10-09T19:06:24.760+0000] {processor.py:208} INFO - Processing /home/airflow/.local/lib/python3.12/site-packages/airflow/example_dags/example_task_group_decorator.py took 1.006 seconds
[2025-10-09T19:06:57.085+0000] {processor.py:186} INFO - Started process (PID=492) to work on /home/airflow/.local/lib/python3.12/site-packages/airflow/example_dags/example_task_group_decorator.py
[2025-10-09T19:06:57.091+0000] {processor.py:914} INFO - Processing file /home/airflow/.local/lib/python3.12/site-packages/airflow/example_dags/example_task_group_decorator.py for tasks to queue
[2025-10-09T19:06:57.106+0000] {logging_mixin.py:190} INFO - [2025-10-09T19:06:57.104+0000] {dagbag.py:587} INFO - Filling up the DagBag from /home/airflow/.local/lib/python3.12/site-packages/airflow/example_dags/example_task_group_decorator.py
[2025-10-09T19:06:57.203+0000] {processor.py:925} INFO - DAG(s) 'example_task_group_decorator' retrieved from /home/airflow/.local/lib/python3.12/site-packages/airflow/example_dags/example_task_group_decorator.py
[2025-10-09T19:06:57.338+0000] {logging_mixin.py:190} INFO - [2025-10-09T19:06:57.336+0000] {dag.py:3211} INFO - Sync 1 DAGs
[2025-10-09T19:06:57.464+0000] {logging_mixin.py:190} INFO - [2025-10-09T19:06:57.463+0000] {dag.py:4138} INFO - Setting next_dagrun for example_task_group_decorator to 2025-10-08 00:00:00+00:00, run_after=2025-10-09 00:00:00+00:00
[2025-10-09T19:06:57.556+0000] {processor.py:208} INFO - Processing /home/airflow/.local/lib/python3.12/site-packages/airflow/example_dags/example_task_group_decorator.py took 0.509 seconds
[2025-10-09T19:14:00.864+0000] {processor.py:186} INFO - Started process (PID=92) to work on /home/airflow/.local/lib/python3.12/site-packages/airflow/example_dags/example_task_group_decorator.py
[2025-10-09T19:14:00.867+0000] {processor.py:914} INFO - Processing file /home/airflow/.local/lib/python3.12/site-packages/airflow/example_dags/example_task_group_decorator.py for tasks to queue
[2025-10-09T19:14:00.876+0000] {logging_mixin.py:190} INFO - [2025-10-09T19:14:00.875+0000] {dagbag.py:587} INFO - Filling up the DagBag from /home/airflow/.local/lib/python3.12/site-packages/airflow/example_dags/example_task_group_decorator.py
[2025-10-09T19:14:00.939+0000] {processor.py:925} INFO - DAG(s) 'example_task_group_decorator' retrieved from /home/airflow/.local/lib/python3.12/site-packages/airflow/example_dags/example_task_group_decorator.py
[2025-10-09T19:14:01.059+0000] {logging_mixin.py:190} INFO - [2025-10-09T19:14:01.058+0000] {dag.py:3211} INFO - Sync 1 DAGs
[2025-10-09T19:14:01.161+0000] {logging_mixin.py:190} INFO - [2025-10-09T19:14:01.160+0000] {dag.py:4138} INFO - Setting next_dagrun for example_task_group_decorator to 2025-10-08 00:00:00+00:00, run_after=2025-10-09 00:00:00+00:00
[2025-10-09T19:14:01.240+0000] {processor.py:208} INFO - Processing /home/airflow/.local/lib/python3.12/site-packages/airflow/example_dags/example_task_group_decorator.py took 0.395 seconds
[2025-10-09T19:14:31.387+0000] {processor.py:186} INFO - Started process (PID=155) to work on /home/airflow/.local/lib/python3.12/site-packages/airflow/example_dags/example_task_group_decorator.py
[2025-10-09T19:14:31.389+0000] {processor.py:914} INFO - Processing file /home/airflow/.local/lib/python3.12/site-packages/airflow/example_dags/example_task_group_decorator.py for tasks to queue
[2025-10-09T19:14:31.397+0000] {logging_mixin.py:190} INFO - [2025-10-09T19:14:31.397+0000] {dagbag.py:587} INFO - Filling up the DagBag from /home/airflow/.local/lib/python3.12/site-packages/airflow/example_dags/example_task_group_decorator.py
[2025-10-09T19:14:31.448+0000] {processor.py:925} INFO - DAG(s) 'example_task_group_decorator' retrieved from /home/airflow/.local/lib/python3.12/site-packages/airflow/example_dags/example_task_group_decorator.py
[2025-10-09T19:14:31.563+0000] {logging_mixin.py:190} INFO - [2025-10-09T19:14:31.563+0000] {dag.py:3211} INFO - Sync 1 DAGs
[2025-10-09T19:14:31.737+0000] {logging_mixin.py:190} INFO - [2025-10-09T19:14:31.736+0000] {dag.py:4138} INFO - Setting next_dagrun for example_task_group_decorator to 2025-10-08 00:00:00+00:00, run_after=2025-10-09 00:00:00+00:00
[2025-10-09T19:14:32.048+0000] {processor.py:208} INFO - Processing /home/airflow/.local/lib/python3.12/site-packages/airflow/example_dags/example_task_group_decorator.py took 0.676 seconds
[2025-10-09T19:15:02.208+0000] {processor.py:186} INFO - Started process (PID=219) to work on /home/airflow/.local/lib/python3.12/site-packages/airflow/example_dags/example_task_group_decorator.py
[2025-10-09T19:15:02.215+0000] {processor.py:914} INFO - Processing file /home/airflow/.local/lib/python3.12/site-packages/airflow/example_dags/example_task_group_decorator.py for tasks to queue
[2025-10-09T19:15:02.231+0000] {logging_mixin.py:190} INFO - [2025-10-09T19:15:02.227+0000] {dagbag.py:587} INFO - Filling up the DagBag from /home/airflow/.local/lib/python3.12/site-packages/airflow/example_dags/example_task_group_decorator.py
[2025-10-09T19:15:02.343+0000] {processor.py:925} INFO - DAG(s) 'example_task_group_decorator' retrieved from /home/airflow/.local/lib/python3.12/site-packages/airflow/example_dags/example_task_group_decorator.py
[2025-10-09T19:15:02.424+0000] {logging_mixin.py:190} INFO - [2025-10-09T19:15:02.423+0000] {dag.py:3211} INFO - Sync 1 DAGs
[2025-10-09T19:15:02.503+0000] {logging_mixin.py:190} INFO - [2025-10-09T19:15:02.502+0000] {dag.py:4138} INFO - Setting next_dagrun for example_task_group_decorator to 2025-10-08 00:00:00+00:00, run_after=2025-10-09 00:00:00+00:00
[2025-10-09T19:15:02.547+0000] {processor.py:208} INFO - Processing /home/airflow/.local/lib/python3.12/site-packages/airflow/example_dags/example_task_group_decorator.py took 0.380 seconds
[2025-10-09T19:15:33.050+0000] {processor.py:186} INFO - Started process (PID=282) to work on /home/airflow/.local/lib/python3.12/site-packages/airflow/example_dags/example_task_group_decorator.py
[2025-10-09T19:15:33.053+0000] {processor.py:914} INFO - Processing file /home/airflow/.local/lib/python3.12/site-packages/airflow/example_dags/example_task_group_decorator.py for tasks to queue
[2025-10-09T19:15:33.061+0000] {logging_mixin.py:190} INFO - [2025-10-09T19:15:33.060+0000] {dagbag.py:587} INFO - Filling up the DagBag from /home/airflow/.local/lib/python3.12/site-packages/airflow/example_dags/example_task_group_decorator.py
[2025-10-09T19:15:33.111+0000] {processor.py:925} INFO - DAG(s) 'example_task_group_decorator' retrieved from /home/airflow/.local/lib/python3.12/site-packages/airflow/example_dags/example_task_group_decorator.py
[2025-10-09T19:15:33.183+0000] {logging_mixin.py:190} INFO - [2025-10-09T19:15:33.183+0000] {dag.py:3211} INFO - Sync 1 DAGs
[2025-10-09T19:15:33.236+0000] {logging_mixin.py:190} INFO - [2025-10-09T19:15:33.236+0000] {dag.py:4138} INFO - Setting next_dagrun for example_task_group_decorator to 2025-10-08 00:00:00+00:00, run_after=2025-10-09 00:00:00+00:00
[2025-10-09T19:15:33.288+0000] {processor.py:208} INFO - Processing /home/airflow/.local/lib/python3.12/site-packages/airflow/example_dags/example_task_group_decorator.py took 0.256 seconds
[2025-10-09T19:16:04.499+0000] {processor.py:186} INFO - Started process (PID=345) to work on /home/airflow/.local/lib/python3.12/site-packages/airflow/example_dags/example_task_group_decorator.py
[2025-10-09T19:16:04.504+0000] {processor.py:914} INFO - Processing file /home/airflow/.local/lib/python3.12/site-packages/airflow/example_dags/example_task_group_decorator.py for tasks to queue
[2025-10-09T19:16:04.524+0000] {logging_mixin.py:190} INFO - [2025-10-09T19:16:04.521+0000] {dagbag.py:587} INFO - Filling up the DagBag from /home/airflow/.local/lib/python3.12/site-packages/airflow/example_dags/example_task_group_decorator.py
[2025-10-09T19:16:04.617+0000] {processor.py:925} INFO - DAG(s) 'example_task_group_decorator' retrieved from /home/airflow/.local/lib/python3.12/site-packages/airflow/example_dags/example_task_group_decorator.py
[2025-10-09T19:16:04.751+0000] {logging_mixin.py:190} INFO - [2025-10-09T19:16:04.750+0000] {dag.py:3211} INFO - Sync 1 DAGs
[2025-10-09T19:16:04.855+0000] {logging_mixin.py:190} INFO - [2025-10-09T19:16:04.854+0000] {dag.py:4138} INFO - Setting next_dagrun for example_task_group_decorator to 2025-10-08 00:00:00+00:00, run_after=2025-10-09 00:00:00+00:00
[2025-10-09T19:16:04.924+0000] {processor.py:208} INFO - Processing /home/airflow/.local/lib/python3.12/site-packages/airflow/example_dags/example_task_group_decorator.py took 0.455 seconds
[2025-10-09T19:18:31.978+0000] {processor.py:186} INFO - Started process (PID=430) to work on /home/airflow/.local/lib/python3.12/site-packages/airflow/example_dags/example_task_group_decorator.py
[2025-10-09T19:18:32.028+0000] {processor.py:914} INFO - Processing file /home/airflow/.local/lib/python3.12/site-packages/airflow/example_dags/example_task_group_decorator.py for tasks to queue
[2025-10-09T19:18:32.192+0000] {logging_mixin.py:190} INFO - [2025-10-09T19:18:32.188+0000] {dagbag.py:587} INFO - Filling up the DagBag from /home/airflow/.local/lib/python3.12/site-packages/airflow/example_dags/example_task_group_decorator.py
[2025-10-09T19:18:33.129+0000] {processor.py:925} INFO - DAG(s) 'example_task_group_decorator' retrieved from /home/airflow/.local/lib/python3.12/site-packages/airflow/example_dags/example_task_group_decorator.py
[2025-10-09T19:18:34.388+0000] {logging_mixin.py:190} INFO - [2025-10-09T19:18:34.387+0000] {dag.py:3211} INFO - Sync 1 DAGs
[2025-10-09T19:18:35.780+0000] {logging_mixin.py:190} INFO - [2025-10-09T19:18:35.779+0000] {dag.py:4138} INFO - Setting next_dagrun for example_task_group_decorator to 2025-10-08 00:00:00+00:00, run_after=2025-10-09 00:00:00+00:00
[2025-10-09T19:18:36.443+0000] {processor.py:208} INFO - Processing /home/airflow/.local/lib/python3.12/site-packages/airflow/example_dags/example_task_group_decorator.py took 4.737 seconds
[2025-10-09T19:21:20.520+0000] {processor.py:186} INFO - Started process (PID=500) to work on /home/airflow/.local/lib/python3.12/site-packages/airflow/example_dags/example_task_group_decorator.py
[2025-10-09T19:21:20.553+0000] {processor.py:914} INFO - Processing file /home/airflow/.local/lib/python3.12/site-packages/airflow/example_dags/example_task_group_decorator.py for tasks to queue
[2025-10-09T19:21:20.836+0000] {logging_mixin.py:190} INFO - [2025-10-09T19:21:20.825+0000] {dagbag.py:587} INFO - Filling up the DagBag from /home/airflow/.local/lib/python3.12/site-packages/airflow/example_dags/example_task_group_decorator.py
[2025-10-09T19:21:21.713+0000] {processor.py:925} INFO - DAG(s) 'example_task_group_decorator' retrieved from /home/airflow/.local/lib/python3.12/site-packages/airflow/example_dags/example_task_group_decorator.py
[2025-10-09T19:21:22.385+0000] {logging_mixin.py:190} INFO - [2025-10-09T19:21:22.382+0000] {dag.py:3211} INFO - Sync 1 DAGs
[2025-10-09T19:21:22.905+0000] {logging_mixin.py:190} INFO - [2025-10-09T19:21:22.903+0000] {dag.py:4138} INFO - Setting next_dagrun for example_task_group_decorator to 2025-10-08 00:00:00+00:00, run_after=2025-10-09 00:00:00+00:00
[2025-10-09T19:21:23.607+0000] {processor.py:208} INFO - Processing /home/airflow/.local/lib/python3.12/site-packages/airflow/example_dags/example_task_group_decorator.py took 3.409 seconds
[2025-10-09T19:23:17.098+0000] {processor.py:186} INFO - Started process (PID=569) to work on /home/airflow/.local/lib/python3.12/site-packages/airflow/example_dags/example_task_group_decorator.py
[2025-10-09T19:23:17.133+0000] {processor.py:914} INFO - Processing file /home/airflow/.local/lib/python3.12/site-packages/airflow/example_dags/example_task_group_decorator.py for tasks to queue
[2025-10-09T19:23:17.183+0000] {logging_mixin.py:190} INFO - [2025-10-09T19:23:17.173+0000] {dagbag.py:587} INFO - Filling up the DagBag from /home/airflow/.local/lib/python3.12/site-packages/airflow/example_dags/example_task_group_decorator.py
[2025-10-09T19:23:17.637+0000] {processor.py:925} INFO - DAG(s) 'example_task_group_decorator' retrieved from /home/airflow/.local/lib/python3.12/site-packages/airflow/example_dags/example_task_group_decorator.py
[2025-10-09T19:23:18.787+0000] {logging_mixin.py:190} INFO - [2025-10-09T19:23:18.785+0000] {dag.py:3211} INFO - Sync 1 DAGs
[2025-10-09T19:23:19.165+0000] {logging_mixin.py:190} INFO - [2025-10-09T19:23:19.163+0000] {dag.py:4138} INFO - Setting next_dagrun for example_task_group_decorator to 2025-10-08 00:00:00+00:00, run_after=2025-10-09 00:00:00+00:00
[2025-10-09T19:23:19.704+0000] {processor.py:208} INFO - Processing /home/airflow/.local/lib/python3.12/site-packages/airflow/example_dags/example_task_group_decorator.py took 2.842 seconds
