[2025-10-09T19:03:34.312+0000] {processor.py:186} INFO - Started process (PID=181) to work on /home/airflow/.local/lib/python3.12/site-packages/airflow/example_dags/example_python_decorator.py
[2025-10-09T19:03:34.359+0000] {processor.py:914} INFO - Processing file /home/airflow/.local/lib/python3.12/site-packages/airflow/example_dags/example_python_decorator.py for tasks to queue
[2025-10-09T19:03:34.404+0000] {logging_mixin.py:190} INFO - [2025-10-09T19:03:34.402+0000] {dagbag.py:587} INFO - Filling up the DagBag from /home/airflow/.local/lib/python3.12/site-packages/airflow/example_dags/example_python_decorator.py
[2025-10-09T19:03:34.706+0000] {processor.py:925} INFO - DAG(s) 'example_python_decorator' retrieved from /home/airflow/.local/lib/python3.12/site-packages/airflow/example_dags/example_python_decorator.py
[2025-10-09T19:03:36.233+0000] {logging_mixin.py:190} INFO - [2025-10-09T19:03:36.226+0000] {override.py:1858} INFO - Created Permission View: can edit on DAG:example_python_decorator
[2025-10-09T19:03:36.329+0000] {logging_mixin.py:190} INFO - [2025-10-09T19:03:36.328+0000] {override.py:1858} INFO - Created Permission View: can delete on DAG:example_python_decorator
[2025-10-09T19:03:36.406+0000] {logging_mixin.py:190} INFO - [2025-10-09T19:03:36.405+0000] {override.py:1858} INFO - Created Permission View: can read on DAG:example_python_decorator
[2025-10-09T19:03:36.412+0000] {logging_mixin.py:190} INFO - [2025-10-09T19:03:36.410+0000] {dag.py:3211} INFO - Sync 1 DAGs
[2025-10-09T19:03:36.652+0000] {logging_mixin.py:190} INFO - [2025-10-09T19:03:36.649+0000] {dag.py:3234} INFO - Creating ORM DAG for example_python_decorator
[2025-10-09T19:03:36.659+0000] {logging_mixin.py:190} INFO - [2025-10-09T19:03:36.658+0000] {dag.py:4138} INFO - Setting next_dagrun for example_python_decorator to None, run_after=None
[2025-10-09T19:03:36.976+0000] {processor.py:208} INFO - Processing /home/airflow/.local/lib/python3.12/site-packages/airflow/example_dags/example_python_decorator.py took 2.797 seconds
[2025-10-09T19:04:29.008+0000] {processor.py:186} INFO - Started process (PID=251) to work on /home/airflow/.local/lib/python3.12/site-packages/airflow/example_dags/example_python_decorator.py
[2025-10-09T19:04:29.013+0000] {processor.py:914} INFO - Processing file /home/airflow/.local/lib/python3.12/site-packages/airflow/example_dags/example_python_decorator.py for tasks to queue
[2025-10-09T19:04:29.029+0000] {logging_mixin.py:190} INFO - [2025-10-09T19:04:29.027+0000] {dagbag.py:587} INFO - Filling up the DagBag from /home/airflow/.local/lib/python3.12/site-packages/airflow/example_dags/example_python_decorator.py
[2025-10-09T19:04:29.110+0000] {processor.py:925} INFO - DAG(s) 'example_python_decorator' retrieved from /home/airflow/.local/lib/python3.12/site-packages/airflow/example_dags/example_python_decorator.py
[2025-10-09T19:04:29.215+0000] {logging_mixin.py:190} INFO - [2025-10-09T19:04:29.214+0000] {dag.py:3211} INFO - Sync 1 DAGs
[2025-10-09T19:04:29.288+0000] {logging_mixin.py:190} INFO - [2025-10-09T19:04:29.287+0000] {dag.py:4138} INFO - Setting next_dagrun for example_python_decorator to None, run_after=None
[2025-10-09T19:04:29.368+0000] {processor.py:208} INFO - Processing /home/airflow/.local/lib/python3.12/site-packages/airflow/example_dags/example_python_decorator.py took 0.398 seconds
[2025-10-09T19:05:11.110+0000] {processor.py:186} INFO - Started process (PID=314) to work on /home/airflow/.local/lib/python3.12/site-packages/airflow/example_dags/example_python_decorator.py
[2025-10-09T19:05:11.115+0000] {processor.py:914} INFO - Processing file /home/airflow/.local/lib/python3.12/site-packages/airflow/example_dags/example_python_decorator.py for tasks to queue
[2025-10-09T19:05:11.141+0000] {logging_mixin.py:190} INFO - [2025-10-09T19:05:11.139+0000] {dagbag.py:587} INFO - Filling up the DagBag from /home/airflow/.local/lib/python3.12/site-packages/airflow/example_dags/example_python_decorator.py
[2025-10-09T19:05:11.293+0000] {processor.py:925} INFO - DAG(s) 'example_python_decorator' retrieved from /home/airflow/.local/lib/python3.12/site-packages/airflow/example_dags/example_python_decorator.py
[2025-10-09T19:05:11.476+0000] {logging_mixin.py:190} INFO - [2025-10-09T19:05:11.475+0000] {dag.py:3211} INFO - Sync 1 DAGs
[2025-10-09T19:05:11.567+0000] {logging_mixin.py:190} INFO - [2025-10-09T19:05:11.566+0000] {dag.py:4138} INFO - Setting next_dagrun for example_python_decorator to None, run_after=None
[2025-10-09T19:05:11.669+0000] {processor.py:208} INFO - Processing /home/airflow/.local/lib/python3.12/site-packages/airflow/example_dags/example_python_decorator.py took 0.594 seconds
[2025-10-09T19:06:06.898+0000] {processor.py:186} INFO - Started process (PID=392) to work on /home/airflow/.local/lib/python3.12/site-packages/airflow/example_dags/example_python_decorator.py
[2025-10-09T19:06:06.904+0000] {processor.py:914} INFO - Processing file /home/airflow/.local/lib/python3.12/site-packages/airflow/example_dags/example_python_decorator.py for tasks to queue
[2025-10-09T19:06:06.922+0000] {logging_mixin.py:190} INFO - [2025-10-09T19:06:06.920+0000] {dagbag.py:587} INFO - Filling up the DagBag from /home/airflow/.local/lib/python3.12/site-packages/airflow/example_dags/example_python_decorator.py
[2025-10-09T19:06:07.009+0000] {processor.py:925} INFO - DAG(s) 'example_python_decorator' retrieved from /home/airflow/.local/lib/python3.12/site-packages/airflow/example_dags/example_python_decorator.py
[2025-10-09T19:06:07.140+0000] {logging_mixin.py:190} INFO - [2025-10-09T19:06:07.138+0000] {dag.py:3211} INFO - Sync 1 DAGs
[2025-10-09T19:06:07.234+0000] {logging_mixin.py:190} INFO - [2025-10-09T19:06:07.233+0000] {dag.py:4138} INFO - Setting next_dagrun for example_python_decorator to None, run_after=None
[2025-10-09T19:06:07.336+0000] {processor.py:208} INFO - Processing /home/airflow/.local/lib/python3.12/site-packages/airflow/example_dags/example_python_decorator.py took 0.480 seconds
[2025-10-09T19:06:44.236+0000] {processor.py:186} INFO - Started process (PID=464) to work on /home/airflow/.local/lib/python3.12/site-packages/airflow/example_dags/example_python_decorator.py
[2025-10-09T19:06:44.241+0000] {processor.py:914} INFO - Processing file /home/airflow/.local/lib/python3.12/site-packages/airflow/example_dags/example_python_decorator.py for tasks to queue
[2025-10-09T19:06:44.256+0000] {logging_mixin.py:190} INFO - [2025-10-09T19:06:44.254+0000] {dagbag.py:587} INFO - Filling up the DagBag from /home/airflow/.local/lib/python3.12/site-packages/airflow/example_dags/example_python_decorator.py
[2025-10-09T19:06:44.388+0000] {processor.py:925} INFO - DAG(s) 'example_python_decorator' retrieved from /home/airflow/.local/lib/python3.12/site-packages/airflow/example_dags/example_python_decorator.py
[2025-10-09T19:06:44.553+0000] {logging_mixin.py:190} INFO - [2025-10-09T19:06:44.552+0000] {dag.py:3211} INFO - Sync 1 DAGs
[2025-10-09T19:06:44.653+0000] {logging_mixin.py:190} INFO - [2025-10-09T19:06:44.651+0000] {dag.py:4138} INFO - Setting next_dagrun for example_python_decorator to None, run_after=None
[2025-10-09T19:06:44.765+0000] {processor.py:208} INFO - Processing /home/airflow/.local/lib/python3.12/site-packages/airflow/example_dags/example_python_decorator.py took 0.595 seconds
[2025-10-09T19:07:21.451+0000] {processor.py:186} INFO - Started process (PID=528) to work on /home/airflow/.local/lib/python3.12/site-packages/airflow/example_dags/example_python_decorator.py
[2025-10-09T19:07:21.462+0000] {processor.py:914} INFO - Processing file /home/airflow/.local/lib/python3.12/site-packages/airflow/example_dags/example_python_decorator.py for tasks to queue
[2025-10-09T19:07:21.478+0000] {logging_mixin.py:190} INFO - [2025-10-09T19:07:21.476+0000] {dagbag.py:587} INFO - Filling up the DagBag from /home/airflow/.local/lib/python3.12/site-packages/airflow/example_dags/example_python_decorator.py
[2025-10-09T19:07:21.595+0000] {processor.py:925} INFO - DAG(s) 'example_python_decorator' retrieved from /home/airflow/.local/lib/python3.12/site-packages/airflow/example_dags/example_python_decorator.py
[2025-10-09T19:07:21.829+0000] {logging_mixin.py:190} INFO - [2025-10-09T19:07:21.827+0000] {dag.py:3211} INFO - Sync 1 DAGs
[2025-10-09T19:07:21.961+0000] {logging_mixin.py:190} INFO - [2025-10-09T19:07:21.960+0000] {dag.py:4138} INFO - Setting next_dagrun for example_python_decorator to None, run_after=None
[2025-10-09T19:07:22.103+0000] {processor.py:208} INFO - Processing /home/airflow/.local/lib/python3.12/site-packages/airflow/example_dags/example_python_decorator.py took 0.682 seconds
[2025-10-09T19:14:09.931+0000] {processor.py:186} INFO - Started process (PID=112) to work on /home/airflow/.local/lib/python3.12/site-packages/airflow/example_dags/example_python_decorator.py
[2025-10-09T19:14:09.934+0000] {processor.py:914} INFO - Processing file /home/airflow/.local/lib/python3.12/site-packages/airflow/example_dags/example_python_decorator.py for tasks to queue
[2025-10-09T19:14:09.944+0000] {logging_mixin.py:190} INFO - [2025-10-09T19:14:09.943+0000] {dagbag.py:587} INFO - Filling up the DagBag from /home/airflow/.local/lib/python3.12/site-packages/airflow/example_dags/example_python_decorator.py
[2025-10-09T19:14:10.000+0000] {processor.py:925} INFO - DAG(s) 'example_python_decorator' retrieved from /home/airflow/.local/lib/python3.12/site-packages/airflow/example_dags/example_python_decorator.py
[2025-10-09T19:14:10.341+0000] {logging_mixin.py:190} INFO - [2025-10-09T19:14:10.340+0000] {dag.py:3211} INFO - Sync 1 DAGs
[2025-10-09T19:14:10.380+0000] {logging_mixin.py:190} INFO - [2025-10-09T19:14:10.380+0000] {dag.py:4138} INFO - Setting next_dagrun for example_python_decorator to None, run_after=None
[2025-10-09T19:14:10.426+0000] {processor.py:208} INFO - Processing /home/airflow/.local/lib/python3.12/site-packages/airflow/example_dags/example_python_decorator.py took 0.518 seconds
[2025-10-09T19:14:41.039+0000] {processor.py:186} INFO - Started process (PID=175) to work on /home/airflow/.local/lib/python3.12/site-packages/airflow/example_dags/example_python_decorator.py
[2025-10-09T19:14:41.042+0000] {processor.py:914} INFO - Processing file /home/airflow/.local/lib/python3.12/site-packages/airflow/example_dags/example_python_decorator.py for tasks to queue
[2025-10-09T19:14:41.048+0000] {logging_mixin.py:190} INFO - [2025-10-09T19:14:41.047+0000] {dagbag.py:587} INFO - Filling up the DagBag from /home/airflow/.local/lib/python3.12/site-packages/airflow/example_dags/example_python_decorator.py
[2025-10-09T19:14:41.088+0000] {processor.py:925} INFO - DAG(s) 'example_python_decorator' retrieved from /home/airflow/.local/lib/python3.12/site-packages/airflow/example_dags/example_python_decorator.py
[2025-10-09T19:14:41.143+0000] {logging_mixin.py:190} INFO - [2025-10-09T19:14:41.142+0000] {dag.py:3211} INFO - Sync 1 DAGs
[2025-10-09T19:14:41.179+0000] {logging_mixin.py:190} INFO - [2025-10-09T19:14:41.178+0000] {dag.py:4138} INFO - Setting next_dagrun for example_python_decorator to None, run_after=None
[2025-10-09T19:14:41.232+0000] {processor.py:208} INFO - Processing /home/airflow/.local/lib/python3.12/site-packages/airflow/example_dags/example_python_decorator.py took 0.210 seconds
[2025-10-09T19:15:12.281+0000] {processor.py:186} INFO - Started process (PID=239) to work on /home/airflow/.local/lib/python3.12/site-packages/airflow/example_dags/example_python_decorator.py
[2025-10-09T19:15:12.283+0000] {processor.py:914} INFO - Processing file /home/airflow/.local/lib/python3.12/site-packages/airflow/example_dags/example_python_decorator.py for tasks to queue
[2025-10-09T19:15:12.291+0000] {logging_mixin.py:190} INFO - [2025-10-09T19:15:12.290+0000] {dagbag.py:587} INFO - Filling up the DagBag from /home/airflow/.local/lib/python3.12/site-packages/airflow/example_dags/example_python_decorator.py
[2025-10-09T19:15:12.343+0000] {processor.py:925} INFO - DAG(s) 'example_python_decorator' retrieved from /home/airflow/.local/lib/python3.12/site-packages/airflow/example_dags/example_python_decorator.py
[2025-10-09T19:15:12.400+0000] {logging_mixin.py:190} INFO - [2025-10-09T19:15:12.399+0000] {dag.py:3211} INFO - Sync 1 DAGs
[2025-10-09T19:15:12.437+0000] {logging_mixin.py:190} INFO - [2025-10-09T19:15:12.436+0000] {dag.py:4138} INFO - Setting next_dagrun for example_python_decorator to None, run_after=None
[2025-10-09T19:15:12.494+0000] {processor.py:208} INFO - Processing /home/airflow/.local/lib/python3.12/site-packages/airflow/example_dags/example_python_decorator.py took 0.233 seconds
[2025-10-09T19:15:42.902+0000] {processor.py:186} INFO - Started process (PID=302) to work on /home/airflow/.local/lib/python3.12/site-packages/airflow/example_dags/example_python_decorator.py
[2025-10-09T19:15:42.904+0000] {processor.py:914} INFO - Processing file /home/airflow/.local/lib/python3.12/site-packages/airflow/example_dags/example_python_decorator.py for tasks to queue
[2025-10-09T19:15:42.910+0000] {logging_mixin.py:190} INFO - [2025-10-09T19:15:42.909+0000] {dagbag.py:587} INFO - Filling up the DagBag from /home/airflow/.local/lib/python3.12/site-packages/airflow/example_dags/example_python_decorator.py
[2025-10-09T19:15:42.949+0000] {processor.py:925} INFO - DAG(s) 'example_python_decorator' retrieved from /home/airflow/.local/lib/python3.12/site-packages/airflow/example_dags/example_python_decorator.py
[2025-10-09T19:15:43.006+0000] {logging_mixin.py:190} INFO - [2025-10-09T19:15:43.005+0000] {dag.py:3211} INFO - Sync 1 DAGs
[2025-10-09T19:15:43.037+0000] {logging_mixin.py:190} INFO - [2025-10-09T19:15:43.036+0000] {dag.py:4138} INFO - Setting next_dagrun for example_python_decorator to None, run_after=None
[2025-10-09T19:15:43.088+0000] {processor.py:208} INFO - Processing /home/airflow/.local/lib/python3.12/site-packages/airflow/example_dags/example_python_decorator.py took 0.207 seconds
[2025-10-09T19:16:36.305+0000] {processor.py:186} INFO - Started process (PID=375) to work on /home/airflow/.local/lib/python3.12/site-packages/airflow/example_dags/example_python_decorator.py
[2025-10-09T19:16:36.343+0000] {processor.py:914} INFO - Processing file /home/airflow/.local/lib/python3.12/site-packages/airflow/example_dags/example_python_decorator.py for tasks to queue
[2025-10-09T19:16:36.430+0000] {logging_mixin.py:190} INFO - [2025-10-09T19:16:36.425+0000] {dagbag.py:587} INFO - Filling up the DagBag from /home/airflow/.local/lib/python3.12/site-packages/airflow/example_dags/example_python_decorator.py
[2025-10-09T19:16:36.919+0000] {processor.py:925} INFO - DAG(s) 'example_python_decorator' retrieved from /home/airflow/.local/lib/python3.12/site-packages/airflow/example_dags/example_python_decorator.py
[2025-10-09T19:16:37.551+0000] {logging_mixin.py:190} INFO - [2025-10-09T19:16:37.547+0000] {dag.py:3211} INFO - Sync 1 DAGs
[2025-10-09T19:16:38.116+0000] {logging_mixin.py:190} INFO - [2025-10-09T19:16:38.114+0000] {dag.py:4138} INFO - Setting next_dagrun for example_python_decorator to None, run_after=None
[2025-10-09T19:16:38.677+0000] {processor.py:208} INFO - Processing /home/airflow/.local/lib/python3.12/site-packages/airflow/example_dags/example_python_decorator.py took 2.540 seconds
[2025-10-09T19:19:56.163+0000] {processor.py:186} INFO - Started process (PID=468) to work on /home/airflow/.local/lib/python3.12/site-packages/airflow/example_dags/example_python_decorator.py
[2025-10-09T19:19:56.187+0000] {processor.py:914} INFO - Processing file /home/airflow/.local/lib/python3.12/site-packages/airflow/example_dags/example_python_decorator.py for tasks to queue
[2025-10-09T19:19:56.255+0000] {logging_mixin.py:190} INFO - [2025-10-09T19:19:56.239+0000] {dagbag.py:587} INFO - Filling up the DagBag from /home/airflow/.local/lib/python3.12/site-packages/airflow/example_dags/example_python_decorator.py
[2025-10-09T19:19:56.796+0000] {processor.py:925} INFO - DAG(s) 'example_python_decorator' retrieved from /home/airflow/.local/lib/python3.12/site-packages/airflow/example_dags/example_python_decorator.py
[2025-10-09T19:19:57.606+0000] {logging_mixin.py:190} INFO - [2025-10-09T19:19:57.604+0000] {dag.py:3211} INFO - Sync 1 DAGs
[2025-10-09T19:19:58.262+0000] {logging_mixin.py:190} INFO - [2025-10-09T19:19:58.257+0000] {dag.py:4138} INFO - Setting next_dagrun for example_python_decorator to None, run_after=None
[2025-10-09T19:19:58.987+0000] {processor.py:208} INFO - Processing /home/airflow/.local/lib/python3.12/site-packages/airflow/example_dags/example_python_decorator.py took 3.076 seconds
