[2025-10-09T19:03:42.959+0000] {processor.py:186} INFO - Started process (PID=194) to work on /home/airflow/.local/lib/python3.12/site-packages/airflow/example_dags/example_xcomargs.py
[2025-10-09T19:03:42.968+0000] {processor.py:914} INFO - Processing file /home/airflow/.local/lib/python3.12/site-packages/airflow/example_dags/example_xcomargs.py for tasks to queue
[2025-10-09T19:03:42.991+0000] {logging_mixin.py:190} INFO - [2025-10-09T19:03:42.989+0000] {dagbag.py:587} INFO - Filling up the DagBag from /home/airflow/.local/lib/python3.12/site-packages/airflow/example_dags/example_xcomargs.py
[2025-10-09T19:03:43.144+0000] {processor.py:925} INFO - DAG(s) 'example_xcom_args_with_operators', 'example_xcom_args' retrieved from /home/airflow/.local/lib/python3.12/site-packages/airflow/example_dags/example_xcomargs.py
[2025-10-09T19:03:45.471+0000] {logging_mixin.py:190} INFO - [2025-10-09T19:03:45.463+0000] {override.py:1858} INFO - Created Permission View: can edit on DAG:example_xcom_args_with_operators
[2025-10-09T19:03:45.642+0000] {logging_mixin.py:190} INFO - [2025-10-09T19:03:45.640+0000] {override.py:1858} INFO - Created Permission View: can delete on DAG:example_xcom_args_with_operators
[2025-10-09T19:03:45.810+0000] {logging_mixin.py:190} INFO - [2025-10-09T19:03:45.809+0000] {override.py:1858} INFO - Created Permission View: can read on DAG:example_xcom_args_with_operators
[2025-10-09T19:03:46.026+0000] {logging_mixin.py:190} INFO - [2025-10-09T19:03:46.025+0000] {override.py:1858} INFO - Created Permission View: can edit on DAG:example_xcom_args
[2025-10-09T19:03:46.146+0000] {logging_mixin.py:190} INFO - [2025-10-09T19:03:46.145+0000] {override.py:1858} INFO - Created Permission View: can delete on DAG:example_xcom_args
[2025-10-09T19:03:46.230+0000] {logging_mixin.py:190} INFO - [2025-10-09T19:03:46.229+0000] {override.py:1858} INFO - Created Permission View: can read on DAG:example_xcom_args
[2025-10-09T19:03:46.239+0000] {logging_mixin.py:190} INFO - [2025-10-09T19:03:46.235+0000] {dag.py:3211} INFO - Sync 2 DAGs
[2025-10-09T19:03:46.439+0000] {logging_mixin.py:190} INFO - [2025-10-09T19:03:46.438+0000] {dag.py:3234} INFO - Creating ORM DAG for example_xcom_args_with_operators
[2025-10-09T19:03:46.461+0000] {logging_mixin.py:190} INFO - [2025-10-09T19:03:46.460+0000] {dag.py:3234} INFO - Creating ORM DAG for example_xcom_args
[2025-10-09T19:03:46.482+0000] {logging_mixin.py:190} INFO - [2025-10-09T19:03:46.481+0000] {dag.py:4138} INFO - Setting next_dagrun for example_xcom_args to None, run_after=None
[2025-10-09T19:03:46.497+0000] {logging_mixin.py:190} INFO - [2025-10-09T19:03:46.496+0000] {dag.py:4138} INFO - Setting next_dagrun for example_xcom_args_with_operators to None, run_after=None
[2025-10-09T19:03:46.696+0000] {processor.py:208} INFO - Processing /home/airflow/.local/lib/python3.12/site-packages/airflow/example_dags/example_xcomargs.py took 3.772 seconds
[2025-10-09T19:04:32.557+0000] {processor.py:186} INFO - Started process (PID=258) to work on /home/airflow/.local/lib/python3.12/site-packages/airflow/example_dags/example_xcomargs.py
[2025-10-09T19:04:32.563+0000] {processor.py:914} INFO - Processing file /home/airflow/.local/lib/python3.12/site-packages/airflow/example_dags/example_xcomargs.py for tasks to queue
[2025-10-09T19:04:32.588+0000] {logging_mixin.py:190} INFO - [2025-10-09T19:04:32.585+0000] {dagbag.py:587} INFO - Filling up the DagBag from /home/airflow/.local/lib/python3.12/site-packages/airflow/example_dags/example_xcomargs.py
[2025-10-09T19:04:32.670+0000] {processor.py:925} INFO - DAG(s) 'example_xcom_args_with_operators', 'example_xcom_args' retrieved from /home/airflow/.local/lib/python3.12/site-packages/airflow/example_dags/example_xcomargs.py
[2025-10-09T19:04:32.831+0000] {logging_mixin.py:190} INFO - [2025-10-09T19:04:32.830+0000] {dag.py:3211} INFO - Sync 2 DAGs
[2025-10-09T19:04:32.978+0000] {logging_mixin.py:190} INFO - [2025-10-09T19:04:32.977+0000] {dag.py:4138} INFO - Setting next_dagrun for example_xcom_args to None, run_after=None
[2025-10-09T19:04:33.017+0000] {logging_mixin.py:190} INFO - [2025-10-09T19:04:33.016+0000] {dag.py:4138} INFO - Setting next_dagrun for example_xcom_args_with_operators to None, run_after=None
[2025-10-09T19:04:33.135+0000] {processor.py:208} INFO - Processing /home/airflow/.local/lib/python3.12/site-packages/airflow/example_dags/example_xcomargs.py took 0.631 seconds
[2025-10-09T19:05:24.999+0000] {processor.py:186} INFO - Started process (PID=336) to work on /home/airflow/.local/lib/python3.12/site-packages/airflow/example_dags/example_xcomargs.py
[2025-10-09T19:05:25.026+0000] {processor.py:914} INFO - Processing file /home/airflow/.local/lib/python3.12/site-packages/airflow/example_dags/example_xcomargs.py for tasks to queue
[2025-10-09T19:05:25.075+0000] {logging_mixin.py:190} INFO - [2025-10-09T19:05:25.062+0000] {dagbag.py:587} INFO - Filling up the DagBag from /home/airflow/.local/lib/python3.12/site-packages/airflow/example_dags/example_xcomargs.py
[2025-10-09T19:05:25.363+0000] {processor.py:925} INFO - DAG(s) 'example_xcom_args_with_operators', 'example_xcom_args' retrieved from /home/airflow/.local/lib/python3.12/site-packages/airflow/example_dags/example_xcomargs.py
[2025-10-09T19:05:25.817+0000] {logging_mixin.py:190} INFO - [2025-10-09T19:05:25.816+0000] {dag.py:3211} INFO - Sync 2 DAGs
[2025-10-09T19:05:25.981+0000] {logging_mixin.py:190} INFO - [2025-10-09T19:05:25.979+0000] {dag.py:4138} INFO - Setting next_dagrun for example_xcom_args to None, run_after=None
[2025-10-09T19:05:26.010+0000] {logging_mixin.py:190} INFO - [2025-10-09T19:05:26.009+0000] {dag.py:4138} INFO - Setting next_dagrun for example_xcom_args_with_operators to None, run_after=None
[2025-10-09T19:05:26.140+0000] {processor.py:208} INFO - Processing /home/airflow/.local/lib/python3.12/site-packages/airflow/example_dags/example_xcomargs.py took 1.284 seconds
[2025-10-09T19:06:11.155+0000] {processor.py:186} INFO - Started process (PID=401) to work on /home/airflow/.local/lib/python3.12/site-packages/airflow/example_dags/example_xcomargs.py
[2025-10-09T19:06:11.162+0000] {processor.py:914} INFO - Processing file /home/airflow/.local/lib/python3.12/site-packages/airflow/example_dags/example_xcomargs.py for tasks to queue
[2025-10-09T19:06:11.177+0000] {logging_mixin.py:190} INFO - [2025-10-09T19:06:11.175+0000] {dagbag.py:587} INFO - Filling up the DagBag from /home/airflow/.local/lib/python3.12/site-packages/airflow/example_dags/example_xcomargs.py
[2025-10-09T19:06:11.276+0000] {processor.py:925} INFO - DAG(s) 'example_xcom_args_with_operators', 'example_xcom_args' retrieved from /home/airflow/.local/lib/python3.12/site-packages/airflow/example_dags/example_xcomargs.py
[2025-10-09T19:06:11.447+0000] {logging_mixin.py:190} INFO - [2025-10-09T19:06:11.446+0000] {dag.py:3211} INFO - Sync 2 DAGs
[2025-10-09T19:06:11.583+0000] {logging_mixin.py:190} INFO - [2025-10-09T19:06:11.582+0000] {dag.py:4138} INFO - Setting next_dagrun for example_xcom_args to None, run_after=None
[2025-10-09T19:06:11.621+0000] {logging_mixin.py:190} INFO - [2025-10-09T19:06:11.619+0000] {dag.py:4138} INFO - Setting next_dagrun for example_xcom_args_with_operators to None, run_after=None
[2025-10-09T19:06:11.806+0000] {processor.py:208} INFO - Processing /home/airflow/.local/lib/python3.12/site-packages/airflow/example_dags/example_xcomargs.py took 0.697 seconds
[2025-10-09T19:06:47.416+0000] {processor.py:186} INFO - Started process (PID=471) to work on /home/airflow/.local/lib/python3.12/site-packages/airflow/example_dags/example_xcomargs.py
[2025-10-09T19:06:47.442+0000] {processor.py:914} INFO - Processing file /home/airflow/.local/lib/python3.12/site-packages/airflow/example_dags/example_xcomargs.py for tasks to queue
[2025-10-09T19:06:47.470+0000] {logging_mixin.py:190} INFO - [2025-10-09T19:06:47.467+0000] {dagbag.py:587} INFO - Filling up the DagBag from /home/airflow/.local/lib/python3.12/site-packages/airflow/example_dags/example_xcomargs.py
[2025-10-09T19:06:47.686+0000] {processor.py:925} INFO - DAG(s) 'example_xcom_args_with_operators', 'example_xcom_args' retrieved from /home/airflow/.local/lib/python3.12/site-packages/airflow/example_dags/example_xcomargs.py
[2025-10-09T19:06:48.113+0000] {logging_mixin.py:190} INFO - [2025-10-09T19:06:48.112+0000] {dag.py:3211} INFO - Sync 2 DAGs
[2025-10-09T19:06:48.378+0000] {logging_mixin.py:190} INFO - [2025-10-09T19:06:48.377+0000] {dag.py:4138} INFO - Setting next_dagrun for example_xcom_args to None, run_after=None
[2025-10-09T19:06:48.519+0000] {logging_mixin.py:190} INFO - [2025-10-09T19:06:48.518+0000] {dag.py:4138} INFO - Setting next_dagrun for example_xcom_args_with_operators to None, run_after=None
[2025-10-09T19:06:48.961+0000] {processor.py:208} INFO - Processing /home/airflow/.local/lib/python3.12/site-packages/airflow/example_dags/example_xcomargs.py took 1.639 seconds
[2025-10-09T19:07:37.243+0000] {logging_mixin.py:190} INFO - [2025-10-09T19:07:37.229+0000] {process_utils.py:266} INFO - Waiting up to 5 seconds for processes to exit...
[2025-10-09T19:14:12.430+0000] {processor.py:186} INFO - Started process (PID=119) to work on /home/airflow/.local/lib/python3.12/site-packages/airflow/example_dags/example_xcomargs.py
[2025-10-09T19:14:12.434+0000] {processor.py:914} INFO - Processing file /home/airflow/.local/lib/python3.12/site-packages/airflow/example_dags/example_xcomargs.py for tasks to queue
[2025-10-09T19:14:12.445+0000] {logging_mixin.py:190} INFO - [2025-10-09T19:14:12.444+0000] {dagbag.py:587} INFO - Filling up the DagBag from /home/airflow/.local/lib/python3.12/site-packages/airflow/example_dags/example_xcomargs.py
[2025-10-09T19:14:12.495+0000] {processor.py:925} INFO - DAG(s) 'example_xcom_args', 'example_xcom_args_with_operators' retrieved from /home/airflow/.local/lib/python3.12/site-packages/airflow/example_dags/example_xcomargs.py
[2025-10-09T19:14:12.597+0000] {logging_mixin.py:190} INFO - [2025-10-09T19:14:12.596+0000] {dag.py:3211} INFO - Sync 2 DAGs
[2025-10-09T19:14:12.661+0000] {logging_mixin.py:190} INFO - [2025-10-09T19:14:12.660+0000] {dag.py:4138} INFO - Setting next_dagrun for example_xcom_args to None, run_after=None
[2025-10-09T19:14:12.679+0000] {logging_mixin.py:190} INFO - [2025-10-09T19:14:12.678+0000] {dag.py:4138} INFO - Setting next_dagrun for example_xcom_args_with_operators to None, run_after=None
[2025-10-09T19:14:12.746+0000] {processor.py:208} INFO - Processing /home/airflow/.local/lib/python3.12/site-packages/airflow/example_dags/example_xcomargs.py took 0.339 seconds
[2025-10-09T19:14:43.004+0000] {processor.py:186} INFO - Started process (PID=182) to work on /home/airflow/.local/lib/python3.12/site-packages/airflow/example_dags/example_xcomargs.py
[2025-10-09T19:14:43.006+0000] {processor.py:914} INFO - Processing file /home/airflow/.local/lib/python3.12/site-packages/airflow/example_dags/example_xcomargs.py for tasks to queue
[2025-10-09T19:14:43.012+0000] {logging_mixin.py:190} INFO - [2025-10-09T19:14:43.011+0000] {dagbag.py:587} INFO - Filling up the DagBag from /home/airflow/.local/lib/python3.12/site-packages/airflow/example_dags/example_xcomargs.py
[2025-10-09T19:14:43.037+0000] {processor.py:925} INFO - DAG(s) 'example_xcom_args_with_operators', 'example_xcom_args' retrieved from /home/airflow/.local/lib/python3.12/site-packages/airflow/example_dags/example_xcomargs.py
[2025-10-09T19:14:43.092+0000] {logging_mixin.py:190} INFO - [2025-10-09T19:14:43.091+0000] {dag.py:3211} INFO - Sync 2 DAGs
[2025-10-09T19:14:43.128+0000] {logging_mixin.py:190} INFO - [2025-10-09T19:14:43.127+0000] {dag.py:4138} INFO - Setting next_dagrun for example_xcom_args to None, run_after=None
[2025-10-09T19:14:43.139+0000] {logging_mixin.py:190} INFO - [2025-10-09T19:14:43.138+0000] {dag.py:4138} INFO - Setting next_dagrun for example_xcom_args_with_operators to None, run_after=None
[2025-10-09T19:14:43.183+0000] {processor.py:208} INFO - Processing /home/airflow/.local/lib/python3.12/site-packages/airflow/example_dags/example_xcomargs.py took 0.197 seconds
[2025-10-09T19:15:13.787+0000] {processor.py:186} INFO - Started process (PID=246) to work on /home/airflow/.local/lib/python3.12/site-packages/airflow/example_dags/example_xcomargs.py
[2025-10-09T19:15:13.790+0000] {processor.py:914} INFO - Processing file /home/airflow/.local/lib/python3.12/site-packages/airflow/example_dags/example_xcomargs.py for tasks to queue
[2025-10-09T19:15:13.799+0000] {logging_mixin.py:190} INFO - [2025-10-09T19:15:13.798+0000] {dagbag.py:587} INFO - Filling up the DagBag from /home/airflow/.local/lib/python3.12/site-packages/airflow/example_dags/example_xcomargs.py
[2025-10-09T19:15:13.833+0000] {processor.py:925} INFO - DAG(s) 'example_xcom_args', 'example_xcom_args_with_operators' retrieved from /home/airflow/.local/lib/python3.12/site-packages/airflow/example_dags/example_xcomargs.py
[2025-10-09T19:15:13.892+0000] {logging_mixin.py:190} INFO - [2025-10-09T19:15:13.892+0000] {dag.py:3211} INFO - Sync 2 DAGs
[2025-10-09T19:15:13.937+0000] {logging_mixin.py:190} INFO - [2025-10-09T19:15:13.936+0000] {dag.py:4138} INFO - Setting next_dagrun for example_xcom_args to None, run_after=None
[2025-10-09T19:15:13.945+0000] {logging_mixin.py:190} INFO - [2025-10-09T19:15:13.945+0000] {dag.py:4138} INFO - Setting next_dagrun for example_xcom_args_with_operators to None, run_after=None
[2025-10-09T19:15:14.004+0000] {processor.py:208} INFO - Processing /home/airflow/.local/lib/python3.12/site-packages/airflow/example_dags/example_xcomargs.py took 0.235 seconds
[2025-10-09T19:15:44.216+0000] {processor.py:186} INFO - Started process (PID=309) to work on /home/airflow/.local/lib/python3.12/site-packages/airflow/example_dags/example_xcomargs.py
[2025-10-09T19:15:44.224+0000] {processor.py:914} INFO - Processing file /home/airflow/.local/lib/python3.12/site-packages/airflow/example_dags/example_xcomargs.py for tasks to queue
[2025-10-09T19:15:44.231+0000] {logging_mixin.py:190} INFO - [2025-10-09T19:15:44.230+0000] {dagbag.py:587} INFO - Filling up the DagBag from /home/airflow/.local/lib/python3.12/site-packages/airflow/example_dags/example_xcomargs.py
[2025-10-09T19:15:44.262+0000] {processor.py:925} INFO - DAG(s) 'example_xcom_args', 'example_xcom_args_with_operators' retrieved from /home/airflow/.local/lib/python3.12/site-packages/airflow/example_dags/example_xcomargs.py
[2025-10-09T19:15:44.317+0000] {logging_mixin.py:190} INFO - [2025-10-09T19:15:44.317+0000] {dag.py:3211} INFO - Sync 2 DAGs
[2025-10-09T19:15:44.349+0000] {logging_mixin.py:190} INFO - [2025-10-09T19:15:44.348+0000] {dag.py:4138} INFO - Setting next_dagrun for example_xcom_args to None, run_after=None
[2025-10-09T19:15:44.357+0000] {logging_mixin.py:190} INFO - [2025-10-09T19:15:44.356+0000] {dag.py:4138} INFO - Setting next_dagrun for example_xcom_args_with_operators to None, run_after=None
[2025-10-09T19:15:44.397+0000] {processor.py:208} INFO - Processing /home/airflow/.local/lib/python3.12/site-packages/airflow/example_dags/example_xcomargs.py took 0.202 seconds
[2025-10-09T19:16:57.133+0000] {processor.py:186} INFO - Started process (PID=388) to work on /home/airflow/.local/lib/python3.12/site-packages/airflow/example_dags/example_xcomargs.py
[2025-10-09T19:16:57.173+0000] {processor.py:914} INFO - Processing file /home/airflow/.local/lib/python3.12/site-packages/airflow/example_dags/example_xcomargs.py for tasks to queue
[2025-10-09T19:16:57.288+0000] {logging_mixin.py:190} INFO - [2025-10-09T19:16:57.274+0000] {dagbag.py:587} INFO - Filling up the DagBag from /home/airflow/.local/lib/python3.12/site-packages/airflow/example_dags/example_xcomargs.py
[2025-10-09T19:16:57.819+0000] {processor.py:925} INFO - DAG(s) 'example_xcom_args_with_operators', 'example_xcom_args' retrieved from /home/airflow/.local/lib/python3.12/site-packages/airflow/example_dags/example_xcomargs.py
[2025-10-09T19:16:58.519+0000] {logging_mixin.py:190} INFO - [2025-10-09T19:16:58.517+0000] {dag.py:3211} INFO - Sync 2 DAGs
[2025-10-09T19:16:58.931+0000] {logging_mixin.py:190} INFO - [2025-10-09T19:16:58.920+0000] {dag.py:4138} INFO - Setting next_dagrun for example_xcom_args to None, run_after=None
[2025-10-09T19:16:59.085+0000] {logging_mixin.py:190} INFO - [2025-10-09T19:16:59.083+0000] {dag.py:4138} INFO - Setting next_dagrun for example_xcom_args_with_operators to None, run_after=None
[2025-10-09T19:17:00.008+0000] {processor.py:208} INFO - Processing /home/airflow/.local/lib/python3.12/site-packages/airflow/example_dags/example_xcomargs.py took 3.142 seconds
[2025-10-09T19:22:09.693+0000] {processor.py:186} INFO - Started process (PID=527) to work on /home/airflow/.local/lib/python3.12/site-packages/airflow/example_dags/example_xcomargs.py
[2025-10-09T19:22:09.706+0000] {processor.py:914} INFO - Processing file /home/airflow/.local/lib/python3.12/site-packages/airflow/example_dags/example_xcomargs.py for tasks to queue
[2025-10-09T19:22:09.765+0000] {logging_mixin.py:190} INFO - [2025-10-09T19:22:09.752+0000] {dagbag.py:587} INFO - Filling up the DagBag from /home/airflow/.local/lib/python3.12/site-packages/airflow/example_dags/example_xcomargs.py
[2025-10-09T19:22:09.974+0000] {processor.py:925} INFO - DAG(s) 'example_xcom_args_with_operators', 'example_xcom_args' retrieved from /home/airflow/.local/lib/python3.12/site-packages/airflow/example_dags/example_xcomargs.py
[2025-10-09T19:22:10.382+0000] {logging_mixin.py:190} INFO - [2025-10-09T19:22:10.379+0000] {dag.py:3211} INFO - Sync 2 DAGs
[2025-10-09T19:22:10.762+0000] {logging_mixin.py:190} INFO - [2025-10-09T19:22:10.760+0000] {dag.py:4138} INFO - Setting next_dagrun for example_xcom_args to None, run_after=None
[2025-10-09T19:22:10.975+0000] {logging_mixin.py:190} INFO - [2025-10-09T19:22:10.959+0000] {dag.py:4138} INFO - Setting next_dagrun for example_xcom_args_with_operators to None, run_after=None
[2025-10-09T19:22:11.690+0000] {processor.py:208} INFO - Processing /home/airflow/.local/lib/python3.12/site-packages/airflow/example_dags/example_xcomargs.py took 2.206 seconds
[2025-10-09T19:24:07.253+0000] {processor.py:186} INFO - Started process (PID=623) to work on /home/airflow/.local/lib/python3.12/site-packages/airflow/example_dags/example_xcomargs.py
[2025-10-09T19:24:07.257+0000] {processor.py:914} INFO - Processing file /home/airflow/.local/lib/python3.12/site-packages/airflow/example_dags/example_xcomargs.py for tasks to queue
[2025-10-09T19:24:07.276+0000] {logging_mixin.py:190} INFO - [2025-10-09T19:24:07.274+0000] {dagbag.py:587} INFO - Filling up the DagBag from /home/airflow/.local/lib/python3.12/site-packages/airflow/example_dags/example_xcomargs.py
[2025-10-09T19:24:07.374+0000] {processor.py:925} INFO - DAG(s) 'example_xcom_args', 'example_xcom_args_with_operators' retrieved from /home/airflow/.local/lib/python3.12/site-packages/airflow/example_dags/example_xcomargs.py
[2025-10-09T19:24:07.613+0000] {logging_mixin.py:190} INFO - [2025-10-09T19:24:07.612+0000] {dag.py:3211} INFO - Sync 2 DAGs
[2025-10-09T19:24:07.741+0000] {logging_mixin.py:190} INFO - [2025-10-09T19:24:07.739+0000] {dag.py:4138} INFO - Setting next_dagrun for example_xcom_args to None, run_after=None
[2025-10-09T19:24:07.771+0000] {logging_mixin.py:190} INFO - [2025-10-09T19:24:07.770+0000] {dag.py:4138} INFO - Setting next_dagrun for example_xcom_args_with_operators to None, run_after=None
[2025-10-09T19:24:08.215+0000] {processor.py:208} INFO - Processing /home/airflow/.local/lib/python3.12/site-packages/airflow/example_dags/example_xcomargs.py took 0.993 seconds
[2025-10-09T19:24:38.895+0000] {processor.py:186} INFO - Started process (PID=685) to work on /home/airflow/.local/lib/python3.12/site-packages/airflow/example_dags/example_xcomargs.py
[2025-10-09T19:24:38.900+0000] {processor.py:914} INFO - Processing file /home/airflow/.local/lib/python3.12/site-packages/airflow/example_dags/example_xcomargs.py for tasks to queue
[2025-10-09T19:24:38.909+0000] {logging_mixin.py:190} INFO - [2025-10-09T19:24:38.908+0000] {dagbag.py:587} INFO - Filling up the DagBag from /home/airflow/.local/lib/python3.12/site-packages/airflow/example_dags/example_xcomargs.py
[2025-10-09T19:24:38.976+0000] {processor.py:925} INFO - DAG(s) 'example_xcom_args', 'example_xcom_args_with_operators' retrieved from /home/airflow/.local/lib/python3.12/site-packages/airflow/example_dags/example_xcomargs.py
[2025-10-09T19:24:39.083+0000] {logging_mixin.py:190} INFO - [2025-10-09T19:24:39.081+0000] {dag.py:3211} INFO - Sync 2 DAGs
[2025-10-09T19:24:39.157+0000] {logging_mixin.py:190} INFO - [2025-10-09T19:24:39.156+0000] {dag.py:4138} INFO - Setting next_dagrun for example_xcom_args to None, run_after=None
[2025-10-09T19:24:39.170+0000] {logging_mixin.py:190} INFO - [2025-10-09T19:24:39.170+0000] {dag.py:4138} INFO - Setting next_dagrun for example_xcom_args_with_operators to None, run_after=None
[2025-10-09T19:24:39.239+0000] {processor.py:208} INFO - Processing /home/airflow/.local/lib/python3.12/site-packages/airflow/example_dags/example_xcomargs.py took 0.370 seconds
[2025-10-09T19:25:09.617+0000] {processor.py:186} INFO - Started process (PID=748) to work on /home/airflow/.local/lib/python3.12/site-packages/airflow/example_dags/example_xcomargs.py
[2025-10-09T19:25:09.621+0000] {processor.py:914} INFO - Processing file /home/airflow/.local/lib/python3.12/site-packages/airflow/example_dags/example_xcomargs.py for tasks to queue
[2025-10-09T19:25:09.630+0000] {logging_mixin.py:190} INFO - [2025-10-09T19:25:09.629+0000] {dagbag.py:587} INFO - Filling up the DagBag from /home/airflow/.local/lib/python3.12/site-packages/airflow/example_dags/example_xcomargs.py
[2025-10-09T19:25:09.670+0000] {processor.py:925} INFO - DAG(s) 'example_xcom_args_with_operators', 'example_xcom_args' retrieved from /home/airflow/.local/lib/python3.12/site-packages/airflow/example_dags/example_xcomargs.py
[2025-10-09T19:25:09.752+0000] {logging_mixin.py:190} INFO - [2025-10-09T19:25:09.752+0000] {dag.py:3211} INFO - Sync 2 DAGs
[2025-10-09T19:25:09.802+0000] {logging_mixin.py:190} INFO - [2025-10-09T19:25:09.801+0000] {dag.py:4138} INFO - Setting next_dagrun for example_xcom_args to None, run_after=None
[2025-10-09T19:25:09.812+0000] {logging_mixin.py:190} INFO - [2025-10-09T19:25:09.812+0000] {dag.py:4138} INFO - Setting next_dagrun for example_xcom_args_with_operators to None, run_after=None
[2025-10-09T19:25:09.859+0000] {processor.py:208} INFO - Processing /home/airflow/.local/lib/python3.12/site-packages/airflow/example_dags/example_xcomargs.py took 0.265 seconds
[2025-10-09T19:25:41.725+0000] {processor.py:186} INFO - Started process (PID=811) to work on /home/airflow/.local/lib/python3.12/site-packages/airflow/example_dags/example_xcomargs.py
[2025-10-09T19:25:41.740+0000] {processor.py:914} INFO - Processing file /home/airflow/.local/lib/python3.12/site-packages/airflow/example_dags/example_xcomargs.py for tasks to queue
[2025-10-09T19:25:41.771+0000] {logging_mixin.py:190} INFO - [2025-10-09T19:25:41.769+0000] {dagbag.py:587} INFO - Filling up the DagBag from /home/airflow/.local/lib/python3.12/site-packages/airflow/example_dags/example_xcomargs.py
[2025-10-09T19:25:41.952+0000] {processor.py:925} INFO - DAG(s) 'example_xcom_args', 'example_xcom_args_with_operators' retrieved from /home/airflow/.local/lib/python3.12/site-packages/airflow/example_dags/example_xcomargs.py
[2025-10-09T19:25:42.204+0000] {logging_mixin.py:190} INFO - [2025-10-09T19:25:42.203+0000] {dag.py:3211} INFO - Sync 2 DAGs
[2025-10-09T19:25:42.434+0000] {logging_mixin.py:190} INFO - [2025-10-09T19:25:42.433+0000] {dag.py:4138} INFO - Setting next_dagrun for example_xcom_args to None, run_after=None
[2025-10-09T19:25:42.479+0000] {logging_mixin.py:190} INFO - [2025-10-09T19:25:42.479+0000] {dag.py:4138} INFO - Setting next_dagrun for example_xcom_args_with_operators to None, run_after=None
[2025-10-09T19:25:42.697+0000] {processor.py:208} INFO - Processing /home/airflow/.local/lib/python3.12/site-packages/airflow/example_dags/example_xcomargs.py took 1.052 seconds
[2025-10-09T19:26:13.458+0000] {processor.py:186} INFO - Started process (PID=874) to work on /home/airflow/.local/lib/python3.12/site-packages/airflow/example_dags/example_xcomargs.py
[2025-10-09T19:26:13.463+0000] {processor.py:914} INFO - Processing file /home/airflow/.local/lib/python3.12/site-packages/airflow/example_dags/example_xcomargs.py for tasks to queue
[2025-10-09T19:26:13.479+0000] {logging_mixin.py:190} INFO - [2025-10-09T19:26:13.477+0000] {dagbag.py:587} INFO - Filling up the DagBag from /home/airflow/.local/lib/python3.12/site-packages/airflow/example_dags/example_xcomargs.py
[2025-10-09T19:26:13.563+0000] {processor.py:925} INFO - DAG(s) 'example_xcom_args', 'example_xcom_args_with_operators' retrieved from /home/airflow/.local/lib/python3.12/site-packages/airflow/example_dags/example_xcomargs.py
[2025-10-09T19:26:13.697+0000] {logging_mixin.py:190} INFO - [2025-10-09T19:26:13.696+0000] {dag.py:3211} INFO - Sync 2 DAGs
[2025-10-09T19:26:13.828+0000] {logging_mixin.py:190} INFO - [2025-10-09T19:26:13.827+0000] {dag.py:4138} INFO - Setting next_dagrun for example_xcom_args to None, run_after=None
[2025-10-09T19:26:13.872+0000] {logging_mixin.py:190} INFO - [2025-10-09T19:26:13.871+0000] {dag.py:4138} INFO - Setting next_dagrun for example_xcom_args_with_operators to None, run_after=None
[2025-10-09T19:26:14.049+0000] {processor.py:208} INFO - Processing /home/airflow/.local/lib/python3.12/site-packages/airflow/example_dags/example_xcomargs.py took 0.634 seconds
[2025-10-09T19:26:44.602+0000] {processor.py:186} INFO - Started process (PID=943) to work on /home/airflow/.local/lib/python3.12/site-packages/airflow/example_dags/example_xcomargs.py
[2025-10-09T19:26:44.606+0000] {processor.py:914} INFO - Processing file /home/airflow/.local/lib/python3.12/site-packages/airflow/example_dags/example_xcomargs.py for tasks to queue
[2025-10-09T19:26:44.619+0000] {logging_mixin.py:190} INFO - [2025-10-09T19:26:44.617+0000] {dagbag.py:587} INFO - Filling up the DagBag from /home/airflow/.local/lib/python3.12/site-packages/airflow/example_dags/example_xcomargs.py
[2025-10-09T19:26:44.673+0000] {processor.py:925} INFO - DAG(s) 'example_xcom_args', 'example_xcom_args_with_operators' retrieved from /home/airflow/.local/lib/python3.12/site-packages/airflow/example_dags/example_xcomargs.py
[2025-10-09T19:26:44.760+0000] {logging_mixin.py:190} INFO - [2025-10-09T19:26:44.760+0000] {dag.py:3211} INFO - Sync 2 DAGs
[2025-10-09T19:26:44.816+0000] {logging_mixin.py:190} INFO - [2025-10-09T19:26:44.815+0000] {dag.py:4138} INFO - Setting next_dagrun for example_xcom_args to None, run_after=None
[2025-10-09T19:26:44.830+0000] {logging_mixin.py:190} INFO - [2025-10-09T19:26:44.830+0000] {dag.py:4138} INFO - Setting next_dagrun for example_xcom_args_with_operators to None, run_after=None
[2025-10-09T19:26:44.893+0000] {processor.py:208} INFO - Processing /home/airflow/.local/lib/python3.12/site-packages/airflow/example_dags/example_xcomargs.py took 0.311 seconds
[2025-10-09T19:27:15.322+0000] {processor.py:186} INFO - Started process (PID=1006) to work on /home/airflow/.local/lib/python3.12/site-packages/airflow/example_dags/example_xcomargs.py
[2025-10-09T19:27:15.326+0000] {processor.py:914} INFO - Processing file /home/airflow/.local/lib/python3.12/site-packages/airflow/example_dags/example_xcomargs.py for tasks to queue
[2025-10-09T19:27:15.336+0000] {logging_mixin.py:190} INFO - [2025-10-09T19:27:15.335+0000] {dagbag.py:587} INFO - Filling up the DagBag from /home/airflow/.local/lib/python3.12/site-packages/airflow/example_dags/example_xcomargs.py
[2025-10-09T19:27:15.381+0000] {processor.py:925} INFO - DAG(s) 'example_xcom_args_with_operators', 'example_xcom_args' retrieved from /home/airflow/.local/lib/python3.12/site-packages/airflow/example_dags/example_xcomargs.py
[2025-10-09T19:27:15.483+0000] {logging_mixin.py:190} INFO - [2025-10-09T19:27:15.482+0000] {dag.py:3211} INFO - Sync 2 DAGs
[2025-10-09T19:27:15.546+0000] {logging_mixin.py:190} INFO - [2025-10-09T19:27:15.545+0000] {dag.py:4138} INFO - Setting next_dagrun for example_xcom_args to None, run_after=None
[2025-10-09T19:27:15.557+0000] {logging_mixin.py:190} INFO - [2025-10-09T19:27:15.556+0000] {dag.py:4138} INFO - Setting next_dagrun for example_xcom_args_with_operators to None, run_after=None
[2025-10-09T19:27:15.621+0000] {processor.py:208} INFO - Processing /home/airflow/.local/lib/python3.12/site-packages/airflow/example_dags/example_xcomargs.py took 0.325 seconds
[2025-10-09T19:27:55.536+0000] {processor.py:186} INFO - Started process (PID=1069) to work on /home/airflow/.local/lib/python3.12/site-packages/airflow/example_dags/example_xcomargs.py
[2025-10-09T19:27:55.543+0000] {processor.py:914} INFO - Processing file /home/airflow/.local/lib/python3.12/site-packages/airflow/example_dags/example_xcomargs.py for tasks to queue
[2025-10-09T19:27:55.580+0000] {logging_mixin.py:190} INFO - [2025-10-09T19:27:55.577+0000] {dagbag.py:587} INFO - Filling up the DagBag from /home/airflow/.local/lib/python3.12/site-packages/airflow/example_dags/example_xcomargs.py
[2025-10-09T19:27:55.688+0000] {processor.py:925} INFO - DAG(s) 'example_xcom_args', 'example_xcom_args_with_operators' retrieved from /home/airflow/.local/lib/python3.12/site-packages/airflow/example_dags/example_xcomargs.py
[2025-10-09T19:27:56.220+0000] {logging_mixin.py:190} INFO - [2025-10-09T19:27:56.212+0000] {dag.py:3211} INFO - Sync 2 DAGs
[2025-10-09T19:27:56.385+0000] {logging_mixin.py:190} INFO - [2025-10-09T19:27:56.383+0000] {dag.py:4138} INFO - Setting next_dagrun for example_xcom_args to None, run_after=None
[2025-10-09T19:27:56.431+0000] {logging_mixin.py:190} INFO - [2025-10-09T19:27:56.429+0000] {dag.py:4138} INFO - Setting next_dagrun for example_xcom_args_with_operators to None, run_after=None
[2025-10-09T19:27:56.577+0000] {processor.py:208} INFO - Processing /home/airflow/.local/lib/python3.12/site-packages/airflow/example_dags/example_xcomargs.py took 1.110 seconds
[2025-10-09T19:28:45.426+0000] {processor.py:186} INFO - Started process (PID=1132) to work on /home/airflow/.local/lib/python3.12/site-packages/airflow/example_dags/example_xcomargs.py
[2025-10-09T19:28:45.473+0000] {processor.py:914} INFO - Processing file /home/airflow/.local/lib/python3.12/site-packages/airflow/example_dags/example_xcomargs.py for tasks to queue
[2025-10-09T19:28:45.636+0000] {logging_mixin.py:190} INFO - [2025-10-09T19:28:45.619+0000] {dagbag.py:587} INFO - Filling up the DagBag from /home/airflow/.local/lib/python3.12/site-packages/airflow/example_dags/example_xcomargs.py
[2025-10-09T19:28:46.035+0000] {processor.py:925} INFO - DAG(s) 'example_xcom_args', 'example_xcom_args_with_operators' retrieved from /home/airflow/.local/lib/python3.12/site-packages/airflow/example_dags/example_xcomargs.py
[2025-10-09T19:28:47.220+0000] {logging_mixin.py:190} INFO - [2025-10-09T19:28:47.205+0000] {dag.py:3211} INFO - Sync 2 DAGs
[2025-10-09T19:28:48.012+0000] {logging_mixin.py:190} INFO - [2025-10-09T19:28:47.980+0000] {dag.py:4138} INFO - Setting next_dagrun for example_xcom_args to None, run_after=None
[2025-10-09T19:28:48.130+0000] {logging_mixin.py:190} INFO - [2025-10-09T19:28:48.128+0000] {dag.py:4138} INFO - Setting next_dagrun for example_xcom_args_with_operators to None, run_after=None
[2025-10-09T19:28:48.521+0000] {processor.py:208} INFO - Processing /home/airflow/.local/lib/python3.12/site-packages/airflow/example_dags/example_xcomargs.py took 3.339 seconds
[2025-10-09T19:30:14.170+0000] {processor.py:186} INFO - Started process (PID=1207) to work on /home/airflow/.local/lib/python3.12/site-packages/airflow/example_dags/example_xcomargs.py
[2025-10-09T19:30:14.184+0000] {processor.py:914} INFO - Processing file /home/airflow/.local/lib/python3.12/site-packages/airflow/example_dags/example_xcomargs.py for tasks to queue
[2025-10-09T19:30:14.228+0000] {logging_mixin.py:190} INFO - [2025-10-09T19:30:14.212+0000] {dagbag.py:587} INFO - Filling up the DagBag from /home/airflow/.local/lib/python3.12/site-packages/airflow/example_dags/example_xcomargs.py
[2025-10-09T19:30:14.536+0000] {processor.py:925} INFO - DAG(s) 'example_xcom_args_with_operators', 'example_xcom_args' retrieved from /home/airflow/.local/lib/python3.12/site-packages/airflow/example_dags/example_xcomargs.py
[2025-10-09T19:30:15.295+0000] {logging_mixin.py:190} INFO - [2025-10-09T19:30:15.292+0000] {dag.py:3211} INFO - Sync 2 DAGs
[2025-10-09T19:30:15.880+0000] {logging_mixin.py:190} INFO - [2025-10-09T19:30:15.867+0000] {dag.py:4138} INFO - Setting next_dagrun for example_xcom_args to None, run_after=None
[2025-10-09T19:30:15.978+0000] {logging_mixin.py:190} INFO - [2025-10-09T19:30:15.968+0000] {dag.py:4138} INFO - Setting next_dagrun for example_xcom_args_with_operators to None, run_after=None
[2025-10-09T19:30:16.366+0000] {processor.py:208} INFO - Processing /home/airflow/.local/lib/python3.12/site-packages/airflow/example_dags/example_xcomargs.py took 2.318 seconds
