[2025-10-09T19:03:42.140+0000] {processor.py:186} INFO - Started process (PID=193) to work on /home/airflow/.local/lib/python3.12/site-packages/airflow/example_dags/example_setup_teardown_taskflow.py
[2025-10-09T19:03:42.158+0000] {processor.py:914} INFO - Processing file /home/airflow/.local/lib/python3.12/site-packages/airflow/example_dags/example_setup_teardown_taskflow.py for tasks to queue
[2025-10-09T19:03:42.204+0000] {logging_mixin.py:190} INFO - [2025-10-09T19:03:42.202+0000] {dagbag.py:587} INFO - Filling up the DagBag from /home/airflow/.local/lib/python3.12/site-packages/airflow/example_dags/example_setup_teardown_taskflow.py
[2025-10-09T19:03:42.530+0000] {processor.py:925} INFO - DAG(s) 'example_setup_teardown_taskflow' retrieved from /home/airflow/.local/lib/python3.12/site-packages/airflow/example_dags/example_setup_teardown_taskflow.py
[2025-10-09T19:03:44.008+0000] {logging_mixin.py:190} INFO - [2025-10-09T19:03:43.998+0000] {override.py:1858} INFO - Created Permission View: can edit on DAG:example_setup_teardown_taskflow
[2025-10-09T19:03:44.190+0000] {logging_mixin.py:190} INFO - [2025-10-09T19:03:44.188+0000] {override.py:1858} INFO - Created Permission View: can delete on DAG:example_setup_teardown_taskflow
[2025-10-09T19:03:44.260+0000] {logging_mixin.py:190} INFO - [2025-10-09T19:03:44.258+0000] {override.py:1858} INFO - Created Permission View: can read on DAG:example_setup_teardown_taskflow
[2025-10-09T19:03:44.274+0000] {logging_mixin.py:190} INFO - [2025-10-09T19:03:44.272+0000] {dag.py:3211} INFO - Sync 1 DAGs
[2025-10-09T19:03:44.501+0000] {logging_mixin.py:190} INFO - [2025-10-09T19:03:44.500+0000] {dag.py:3234} INFO - Creating ORM DAG for example_setup_teardown_taskflow
[2025-10-09T19:03:44.654+0000] {logging_mixin.py:190} INFO - [2025-10-09T19:03:44.653+0000] {dag.py:4138} INFO - Setting next_dagrun for example_setup_teardown_taskflow to 2025-10-08 00:00:00+00:00, run_after=2025-10-09 00:00:00+00:00
[2025-10-09T19:03:44.885+0000] {processor.py:208} INFO - Processing /home/airflow/.local/lib/python3.12/site-packages/airflow/example_dags/example_setup_teardown_taskflow.py took 2.858 seconds
[2025-10-09T19:04:32.241+0000] {processor.py:186} INFO - Started process (PID=257) to work on /home/airflow/.local/lib/python3.12/site-packages/airflow/example_dags/example_setup_teardown_taskflow.py
[2025-10-09T19:04:32.248+0000] {processor.py:914} INFO - Processing file /home/airflow/.local/lib/python3.12/site-packages/airflow/example_dags/example_setup_teardown_taskflow.py for tasks to queue
[2025-10-09T19:04:32.266+0000] {logging_mixin.py:190} INFO - [2025-10-09T19:04:32.262+0000] {dagbag.py:587} INFO - Filling up the DagBag from /home/airflow/.local/lib/python3.12/site-packages/airflow/example_dags/example_setup_teardown_taskflow.py
[2025-10-09T19:04:32.371+0000] {processor.py:925} INFO - DAG(s) 'example_setup_teardown_taskflow' retrieved from /home/airflow/.local/lib/python3.12/site-packages/airflow/example_dags/example_setup_teardown_taskflow.py
[2025-10-09T19:04:32.553+0000] {logging_mixin.py:190} INFO - [2025-10-09T19:04:32.552+0000] {dag.py:3211} INFO - Sync 1 DAGs
[2025-10-09T19:04:32.728+0000] {logging_mixin.py:190} INFO - [2025-10-09T19:04:32.727+0000] {dag.py:4138} INFO - Setting next_dagrun for example_setup_teardown_taskflow to 2025-10-08 00:00:00+00:00, run_after=2025-10-09 00:00:00+00:00
[2025-10-09T19:04:32.850+0000] {processor.py:208} INFO - Processing /home/airflow/.local/lib/python3.12/site-packages/airflow/example_dags/example_setup_teardown_taskflow.py took 0.697 seconds
[2025-10-09T19:05:24.286+0000] {processor.py:186} INFO - Started process (PID=335) to work on /home/airflow/.local/lib/python3.12/site-packages/airflow/example_dags/example_setup_teardown_taskflow.py
[2025-10-09T19:05:24.294+0000] {processor.py:914} INFO - Processing file /home/airflow/.local/lib/python3.12/site-packages/airflow/example_dags/example_setup_teardown_taskflow.py for tasks to queue
[2025-10-09T19:05:24.311+0000] {logging_mixin.py:190} INFO - [2025-10-09T19:05:24.309+0000] {dagbag.py:587} INFO - Filling up the DagBag from /home/airflow/.local/lib/python3.12/site-packages/airflow/example_dags/example_setup_teardown_taskflow.py
[2025-10-09T19:05:24.409+0000] {processor.py:925} INFO - DAG(s) 'example_setup_teardown_taskflow' retrieved from /home/airflow/.local/lib/python3.12/site-packages/airflow/example_dags/example_setup_teardown_taskflow.py
[2025-10-09T19:05:24.586+0000] {logging_mixin.py:190} INFO - [2025-10-09T19:05:24.585+0000] {dag.py:3211} INFO - Sync 1 DAGs
[2025-10-09T19:05:24.856+0000] {logging_mixin.py:190} INFO - [2025-10-09T19:05:24.855+0000] {dag.py:4138} INFO - Setting next_dagrun for example_setup_teardown_taskflow to 2025-10-08 00:00:00+00:00, run_after=2025-10-09 00:00:00+00:00
[2025-10-09T19:05:25.143+0000] {processor.py:208} INFO - Processing /home/airflow/.local/lib/python3.12/site-packages/airflow/example_dags/example_setup_teardown_taskflow.py took 0.911 seconds
[2025-10-09T19:06:10.884+0000] {processor.py:186} INFO - Started process (PID=400) to work on /home/airflow/.local/lib/python3.12/site-packages/airflow/example_dags/example_setup_teardown_taskflow.py
[2025-10-09T19:06:10.891+0000] {processor.py:914} INFO - Processing file /home/airflow/.local/lib/python3.12/site-packages/airflow/example_dags/example_setup_teardown_taskflow.py for tasks to queue
[2025-10-09T19:06:10.917+0000] {logging_mixin.py:190} INFO - [2025-10-09T19:06:10.914+0000] {dagbag.py:587} INFO - Filling up the DagBag from /home/airflow/.local/lib/python3.12/site-packages/airflow/example_dags/example_setup_teardown_taskflow.py
[2025-10-09T19:06:11.024+0000] {processor.py:925} INFO - DAG(s) 'example_setup_teardown_taskflow' retrieved from /home/airflow/.local/lib/python3.12/site-packages/airflow/example_dags/example_setup_teardown_taskflow.py
[2025-10-09T19:06:11.194+0000] {logging_mixin.py:190} INFO - [2025-10-09T19:06:11.193+0000] {dag.py:3211} INFO - Sync 1 DAGs
[2025-10-09T19:06:11.387+0000] {logging_mixin.py:190} INFO - [2025-10-09T19:06:11.386+0000] {dag.py:4138} INFO - Setting next_dagrun for example_setup_teardown_taskflow to 2025-10-08 00:00:00+00:00, run_after=2025-10-09 00:00:00+00:00
[2025-10-09T19:06:11.508+0000] {processor.py:208} INFO - Processing /home/airflow/.local/lib/python3.12/site-packages/airflow/example_dags/example_setup_teardown_taskflow.py took 0.667 seconds
[2025-10-09T19:06:47.211+0000] {processor.py:186} INFO - Started process (PID=470) to work on /home/airflow/.local/lib/python3.12/site-packages/airflow/example_dags/example_setup_teardown_taskflow.py
[2025-10-09T19:06:47.226+0000] {processor.py:914} INFO - Processing file /home/airflow/.local/lib/python3.12/site-packages/airflow/example_dags/example_setup_teardown_taskflow.py for tasks to queue
[2025-10-09T19:06:47.254+0000] {logging_mixin.py:190} INFO - [2025-10-09T19:06:47.251+0000] {dagbag.py:587} INFO - Filling up the DagBag from /home/airflow/.local/lib/python3.12/site-packages/airflow/example_dags/example_setup_teardown_taskflow.py
[2025-10-09T19:06:47.408+0000] {processor.py:925} INFO - DAG(s) 'example_setup_teardown_taskflow' retrieved from /home/airflow/.local/lib/python3.12/site-packages/airflow/example_dags/example_setup_teardown_taskflow.py
[2025-10-09T19:06:47.786+0000] {logging_mixin.py:190} INFO - [2025-10-09T19:06:47.784+0000] {dag.py:3211} INFO - Sync 1 DAGs
[2025-10-09T19:06:48.305+0000] {logging_mixin.py:190} INFO - [2025-10-09T19:06:48.304+0000] {dag.py:4138} INFO - Setting next_dagrun for example_setup_teardown_taskflow to 2025-10-08 00:00:00+00:00, run_after=2025-10-09 00:00:00+00:00
[2025-10-09T19:06:48.726+0000] {processor.py:208} INFO - Processing /home/airflow/.local/lib/python3.12/site-packages/airflow/example_dags/example_setup_teardown_taskflow.py took 1.613 seconds
[2025-10-09T19:07:28.677+0000] {processor.py:186} INFO - Started process (PID=539) to work on /home/airflow/.local/lib/python3.12/site-packages/airflow/example_dags/example_setup_teardown_taskflow.py
[2025-10-09T19:07:28.685+0000] {processor.py:914} INFO - Processing file /home/airflow/.local/lib/python3.12/site-packages/airflow/example_dags/example_setup_teardown_taskflow.py for tasks to queue
[2025-10-09T19:07:28.714+0000] {logging_mixin.py:190} INFO - [2025-10-09T19:07:28.711+0000] {dagbag.py:587} INFO - Filling up the DagBag from /home/airflow/.local/lib/python3.12/site-packages/airflow/example_dags/example_setup_teardown_taskflow.py
[2025-10-09T19:07:28.809+0000] {processor.py:925} INFO - DAG(s) 'example_setup_teardown_taskflow' retrieved from /home/airflow/.local/lib/python3.12/site-packages/airflow/example_dags/example_setup_teardown_taskflow.py
[2025-10-09T19:07:29.251+0000] {logging_mixin.py:190} INFO - [2025-10-09T19:07:29.249+0000] {dag.py:3211} INFO - Sync 1 DAGs
[2025-10-09T19:07:29.618+0000] {logging_mixin.py:190} INFO - [2025-10-09T19:07:29.617+0000] {dag.py:4138} INFO - Setting next_dagrun for example_setup_teardown_taskflow to 2025-10-08 00:00:00+00:00, run_after=2025-10-09 00:00:00+00:00
[2025-10-09T19:07:30.092+0000] {processor.py:208} INFO - Processing /home/airflow/.local/lib/python3.12/site-packages/airflow/example_dags/example_setup_teardown_taskflow.py took 1.651 seconds
[2025-10-09T19:14:12.160+0000] {processor.py:186} INFO - Started process (PID=118) to work on /home/airflow/.local/lib/python3.12/site-packages/airflow/example_dags/example_setup_teardown_taskflow.py
[2025-10-09T19:14:12.179+0000] {processor.py:914} INFO - Processing file /home/airflow/.local/lib/python3.12/site-packages/airflow/example_dags/example_setup_teardown_taskflow.py for tasks to queue
[2025-10-09T19:14:12.197+0000] {logging_mixin.py:190} INFO - [2025-10-09T19:14:12.196+0000] {dagbag.py:587} INFO - Filling up the DagBag from /home/airflow/.local/lib/python3.12/site-packages/airflow/example_dags/example_setup_teardown_taskflow.py
[2025-10-09T19:14:12.260+0000] {processor.py:925} INFO - DAG(s) 'example_setup_teardown_taskflow' retrieved from /home/airflow/.local/lib/python3.12/site-packages/airflow/example_dags/example_setup_teardown_taskflow.py
[2025-10-09T19:14:12.371+0000] {logging_mixin.py:190} INFO - [2025-10-09T19:14:12.370+0000] {dag.py:3211} INFO - Sync 1 DAGs
[2025-10-09T19:14:12.482+0000] {logging_mixin.py:190} INFO - [2025-10-09T19:14:12.481+0000] {dag.py:4138} INFO - Setting next_dagrun for example_setup_teardown_taskflow to 2025-10-08 00:00:00+00:00, run_after=2025-10-09 00:00:00+00:00
[2025-10-09T19:14:12.564+0000] {processor.py:208} INFO - Processing /home/airflow/.local/lib/python3.12/site-packages/airflow/example_dags/example_setup_teardown_taskflow.py took 0.439 seconds
[2025-10-09T19:14:42.929+0000] {processor.py:186} INFO - Started process (PID=181) to work on /home/airflow/.local/lib/python3.12/site-packages/airflow/example_dags/example_setup_teardown_taskflow.py
[2025-10-09T19:14:42.932+0000] {processor.py:914} INFO - Processing file /home/airflow/.local/lib/python3.12/site-packages/airflow/example_dags/example_setup_teardown_taskflow.py for tasks to queue
[2025-10-09T19:14:42.939+0000] {logging_mixin.py:190} INFO - [2025-10-09T19:14:42.938+0000] {dagbag.py:587} INFO - Filling up the DagBag from /home/airflow/.local/lib/python3.12/site-packages/airflow/example_dags/example_setup_teardown_taskflow.py
[2025-10-09T19:14:42.967+0000] {processor.py:925} INFO - DAG(s) 'example_setup_teardown_taskflow' retrieved from /home/airflow/.local/lib/python3.12/site-packages/airflow/example_dags/example_setup_teardown_taskflow.py
[2025-10-09T19:14:43.017+0000] {logging_mixin.py:190} INFO - [2025-10-09T19:14:43.016+0000] {dag.py:3211} INFO - Sync 1 DAGs
[2025-10-09T19:14:43.069+0000] {logging_mixin.py:190} INFO - [2025-10-09T19:14:43.069+0000] {dag.py:4138} INFO - Setting next_dagrun for example_setup_teardown_taskflow to 2025-10-08 00:00:00+00:00, run_after=2025-10-09 00:00:00+00:00
[2025-10-09T19:14:43.112+0000] {processor.py:208} INFO - Processing /home/airflow/.local/lib/python3.12/site-packages/airflow/example_dags/example_setup_teardown_taskflow.py took 0.200 seconds
[2025-10-09T19:15:13.487+0000] {processor.py:186} INFO - Started process (PID=245) to work on /home/airflow/.local/lib/python3.12/site-packages/airflow/example_dags/example_setup_teardown_taskflow.py
[2025-10-09T19:15:13.489+0000] {processor.py:914} INFO - Processing file /home/airflow/.local/lib/python3.12/site-packages/airflow/example_dags/example_setup_teardown_taskflow.py for tasks to queue
[2025-10-09T19:15:13.496+0000] {logging_mixin.py:190} INFO - [2025-10-09T19:15:13.495+0000] {dagbag.py:587} INFO - Filling up the DagBag from /home/airflow/.local/lib/python3.12/site-packages/airflow/example_dags/example_setup_teardown_taskflow.py
[2025-10-09T19:15:13.527+0000] {processor.py:925} INFO - DAG(s) 'example_setup_teardown_taskflow' retrieved from /home/airflow/.local/lib/python3.12/site-packages/airflow/example_dags/example_setup_teardown_taskflow.py
[2025-10-09T19:15:13.577+0000] {logging_mixin.py:190} INFO - [2025-10-09T19:15:13.577+0000] {dag.py:3211} INFO - Sync 1 DAGs
[2025-10-09T19:15:13.622+0000] {logging_mixin.py:190} INFO - [2025-10-09T19:15:13.621+0000] {dag.py:4138} INFO - Setting next_dagrun for example_setup_teardown_taskflow to 2025-10-08 00:00:00+00:00, run_after=2025-10-09 00:00:00+00:00
[2025-10-09T19:15:13.669+0000] {processor.py:208} INFO - Processing /home/airflow/.local/lib/python3.12/site-packages/airflow/example_dags/example_setup_teardown_taskflow.py took 0.196 seconds
[2025-10-09T19:15:44.128+0000] {processor.py:186} INFO - Started process (PID=308) to work on /home/airflow/.local/lib/python3.12/site-packages/airflow/example_dags/example_setup_teardown_taskflow.py
[2025-10-09T19:15:44.131+0000] {processor.py:914} INFO - Processing file /home/airflow/.local/lib/python3.12/site-packages/airflow/example_dags/example_setup_teardown_taskflow.py for tasks to queue
[2025-10-09T19:15:44.139+0000] {logging_mixin.py:190} INFO - [2025-10-09T19:15:44.138+0000] {dagbag.py:587} INFO - Filling up the DagBag from /home/airflow/.local/lib/python3.12/site-packages/airflow/example_dags/example_setup_teardown_taskflow.py
[2025-10-09T19:15:44.179+0000] {processor.py:925} INFO - DAG(s) 'example_setup_teardown_taskflow' retrieved from /home/airflow/.local/lib/python3.12/site-packages/airflow/example_dags/example_setup_teardown_taskflow.py
[2025-10-09T19:15:44.248+0000] {logging_mixin.py:190} INFO - [2025-10-09T19:15:44.247+0000] {dag.py:3211} INFO - Sync 1 DAGs
[2025-10-09T19:15:44.299+0000] {logging_mixin.py:190} INFO - [2025-10-09T19:15:44.299+0000] {dag.py:4138} INFO - Setting next_dagrun for example_setup_teardown_taskflow to 2025-10-08 00:00:00+00:00, run_after=2025-10-09 00:00:00+00:00
[2025-10-09T19:15:44.342+0000] {processor.py:208} INFO - Processing /home/airflow/.local/lib/python3.12/site-packages/airflow/example_dags/example_setup_teardown_taskflow.py took 0.231 seconds
[2025-10-09T19:16:54.911+0000] {processor.py:186} INFO - Started process (PID=387) to work on /home/airflow/.local/lib/python3.12/site-packages/airflow/example_dags/example_setup_teardown_taskflow.py
[2025-10-09T19:16:54.964+0000] {processor.py:914} INFO - Processing file /home/airflow/.local/lib/python3.12/site-packages/airflow/example_dags/example_setup_teardown_taskflow.py for tasks to queue
[2025-10-09T19:16:55.044+0000] {logging_mixin.py:190} INFO - [2025-10-09T19:16:55.028+0000] {dagbag.py:587} INFO - Filling up the DagBag from /home/airflow/.local/lib/python3.12/site-packages/airflow/example_dags/example_setup_teardown_taskflow.py
[2025-10-09T19:16:55.605+0000] {processor.py:925} INFO - DAG(s) 'example_setup_teardown_taskflow' retrieved from /home/airflow/.local/lib/python3.12/site-packages/airflow/example_dags/example_setup_teardown_taskflow.py
[2025-10-09T19:16:56.212+0000] {logging_mixin.py:190} INFO - [2025-10-09T19:16:56.198+0000] {dag.py:3211} INFO - Sync 1 DAGs
[2025-10-09T19:16:57.211+0000] {logging_mixin.py:190} INFO - [2025-10-09T19:16:57.197+0000] {dag.py:4138} INFO - Setting next_dagrun for example_setup_teardown_taskflow to 2025-10-08 00:00:00+00:00, run_after=2025-10-09 00:00:00+00:00
[2025-10-09T19:16:57.795+0000] {processor.py:208} INFO - Processing /home/airflow/.local/lib/python3.12/site-packages/airflow/example_dags/example_setup_teardown_taskflow.py took 3.156 seconds
[2025-10-09T19:22:08.042+0000] {processor.py:186} INFO - Started process (PID=526) to work on /home/airflow/.local/lib/python3.12/site-packages/airflow/example_dags/example_setup_teardown_taskflow.py
[2025-10-09T19:22:08.060+0000] {processor.py:914} INFO - Processing file /home/airflow/.local/lib/python3.12/site-packages/airflow/example_dags/example_setup_teardown_taskflow.py for tasks to queue
[2025-10-09T19:22:08.128+0000] {logging_mixin.py:190} INFO - [2025-10-09T19:22:08.124+0000] {dagbag.py:587} INFO - Filling up the DagBag from /home/airflow/.local/lib/python3.12/site-packages/airflow/example_dags/example_setup_teardown_taskflow.py
[2025-10-09T19:22:08.597+0000] {processor.py:925} INFO - DAG(s) 'example_setup_teardown_taskflow' retrieved from /home/airflow/.local/lib/python3.12/site-packages/airflow/example_dags/example_setup_teardown_taskflow.py
[2025-10-09T19:22:09.022+0000] {logging_mixin.py:190} INFO - [2025-10-09T19:22:09.020+0000] {dag.py:3211} INFO - Sync 1 DAGs
[2025-10-09T19:22:09.444+0000] {logging_mixin.py:190} INFO - [2025-10-09T19:22:09.441+0000] {dag.py:4138} INFO - Setting next_dagrun for example_setup_teardown_taskflow to 2025-10-08 00:00:00+00:00, run_after=2025-10-09 00:00:00+00:00
[2025-10-09T19:22:09.742+0000] {processor.py:208} INFO - Processing /home/airflow/.local/lib/python3.12/site-packages/airflow/example_dags/example_setup_teardown_taskflow.py took 1.848 seconds
