[2025-10-09T19:03:15.606+0000] {processor.py:186} INFO - Started process (PID=168) to work on /home/airflow/.local/lib/python3.12/site-packages/airflow/example_dags/example_sla_dag.py
[2025-10-09T19:03:15.614+0000] {processor.py:914} INFO - Processing file /home/airflow/.local/lib/python3.12/site-packages/airflow/example_dags/example_sla_dag.py for tasks to queue
[2025-10-09T19:03:15.643+0000] {logging_mixin.py:190} INFO - [2025-10-09T19:03:15.640+0000] {dagbag.py:587} INFO - Filling up the DagBag from /home/airflow/.local/lib/python3.12/site-packages/airflow/example_dags/example_sla_dag.py
[2025-10-09T19:03:15.774+0000] {processor.py:925} INFO - DAG(s) 'example_sla_dag' retrieved from /home/airflow/.local/lib/python3.12/site-packages/airflow/example_dags/example_sla_dag.py
[2025-10-09T19:03:16.913+0000] {logging_mixin.py:190} INFO - [2025-10-09T19:03:16.910+0000] {override.py:1858} INFO - Created Permission View: can edit on DAG:example_sla_dag
[2025-10-09T19:03:17.034+0000] {logging_mixin.py:190} INFO - [2025-10-09T19:03:17.033+0000] {override.py:1858} INFO - Created Permission View: can delete on DAG:example_sla_dag
[2025-10-09T19:03:17.122+0000] {logging_mixin.py:190} INFO - [2025-10-09T19:03:17.120+0000] {override.py:1858} INFO - Created Permission View: can read on DAG:example_sla_dag
[2025-10-09T19:03:17.126+0000] {logging_mixin.py:190} INFO - [2025-10-09T19:03:17.125+0000] {dag.py:3211} INFO - Sync 1 DAGs
[2025-10-09T19:03:17.465+0000] {logging_mixin.py:190} INFO - [2025-10-09T19:03:17.452+0000] {dag.py:3234} INFO - Creating ORM DAG for example_sla_dag
[2025-10-09T19:03:17.868+0000] {logging_mixin.py:190} INFO - [2025-10-09T19:03:17.867+0000] {dag.py:4138} INFO - Setting next_dagrun for example_sla_dag to 2025-10-09 19:00:00+00:00, run_after=2025-10-09 19:02:00+00:00
[2025-10-09T19:03:18.251+0000] {processor.py:208} INFO - Processing /home/airflow/.local/lib/python3.12/site-packages/airflow/example_dags/example_sla_dag.py took 2.715 seconds
[2025-10-09T19:04:20.576+0000] {processor.py:186} INFO - Started process (PID=238) to work on /home/airflow/.local/lib/python3.12/site-packages/airflow/example_dags/example_sla_dag.py
[2025-10-09T19:04:20.585+0000] {processor.py:914} INFO - Processing file /home/airflow/.local/lib/python3.12/site-packages/airflow/example_dags/example_sla_dag.py for tasks to queue
[2025-10-09T19:04:20.601+0000] {logging_mixin.py:190} INFO - [2025-10-09T19:04:20.598+0000] {dagbag.py:587} INFO - Filling up the DagBag from /home/airflow/.local/lib/python3.12/site-packages/airflow/example_dags/example_sla_dag.py
[2025-10-09T19:04:20.672+0000] {processor.py:925} INFO - DAG(s) 'example_sla_dag' retrieved from /home/airflow/.local/lib/python3.12/site-packages/airflow/example_dags/example_sla_dag.py
[2025-10-09T19:04:20.805+0000] {logging_mixin.py:190} INFO - [2025-10-09T19:04:20.804+0000] {dag.py:3211} INFO - Sync 1 DAGs
[2025-10-09T19:04:21.062+0000] {logging_mixin.py:190} INFO - [2025-10-09T19:04:21.061+0000] {dag.py:4138} INFO - Setting next_dagrun for example_sla_dag to 2025-10-09 19:02:00+00:00, run_after=2025-10-09 19:04:00+00:00
[2025-10-09T19:04:21.193+0000] {processor.py:208} INFO - Processing /home/airflow/.local/lib/python3.12/site-packages/airflow/example_dags/example_sla_dag.py took 0.672 seconds
[2025-10-09T19:04:58.190+0000] {processor.py:186} INFO - Started process (PID=301) to work on /home/airflow/.local/lib/python3.12/site-packages/airflow/example_dags/example_sla_dag.py
[2025-10-09T19:04:58.196+0000] {processor.py:914} INFO - Processing file /home/airflow/.local/lib/python3.12/site-packages/airflow/example_dags/example_sla_dag.py for tasks to queue
[2025-10-09T19:04:58.211+0000] {logging_mixin.py:190} INFO - [2025-10-09T19:04:58.209+0000] {dagbag.py:587} INFO - Filling up the DagBag from /home/airflow/.local/lib/python3.12/site-packages/airflow/example_dags/example_sla_dag.py
[2025-10-09T19:04:58.281+0000] {processor.py:925} INFO - DAG(s) 'example_sla_dag' retrieved from /home/airflow/.local/lib/python3.12/site-packages/airflow/example_dags/example_sla_dag.py
[2025-10-09T19:04:58.449+0000] {logging_mixin.py:190} INFO - [2025-10-09T19:04:58.448+0000] {dag.py:3211} INFO - Sync 1 DAGs
[2025-10-09T19:04:59.114+0000] {logging_mixin.py:190} INFO - [2025-10-09T19:04:59.112+0000] {dag.py:4138} INFO - Setting next_dagrun for example_sla_dag to 2025-10-09 19:02:00+00:00, run_after=2025-10-09 19:04:00+00:00
[2025-10-09T19:04:59.559+0000] {processor.py:208} INFO - Processing /home/airflow/.local/lib/python3.12/site-packages/airflow/example_dags/example_sla_dag.py took 1.410 seconds
[2025-10-09T19:05:49.070+0000] {processor.py:186} INFO - Started process (PID=371) to work on /home/airflow/.local/lib/python3.12/site-packages/airflow/example_dags/example_sla_dag.py
[2025-10-09T19:05:49.076+0000] {processor.py:914} INFO - Processing file /home/airflow/.local/lib/python3.12/site-packages/airflow/example_dags/example_sla_dag.py for tasks to queue
[2025-10-09T19:05:49.088+0000] {logging_mixin.py:190} INFO - [2025-10-09T19:05:49.087+0000] {dagbag.py:587} INFO - Filling up the DagBag from /home/airflow/.local/lib/python3.12/site-packages/airflow/example_dags/example_sla_dag.py
[2025-10-09T19:05:49.157+0000] {processor.py:925} INFO - DAG(s) 'example_sla_dag' retrieved from /home/airflow/.local/lib/python3.12/site-packages/airflow/example_dags/example_sla_dag.py
[2025-10-09T19:05:49.298+0000] {logging_mixin.py:190} INFO - [2025-10-09T19:05:49.297+0000] {dag.py:3211} INFO - Sync 1 DAGs
[2025-10-09T19:05:49.601+0000] {logging_mixin.py:190} INFO - [2025-10-09T19:05:49.600+0000] {dag.py:4138} INFO - Setting next_dagrun for example_sla_dag to 2025-10-09 19:02:00+00:00, run_after=2025-10-09 19:04:00+00:00
[2025-10-09T19:05:49.966+0000] {processor.py:208} INFO - Processing /home/airflow/.local/lib/python3.12/site-packages/airflow/example_dags/example_sla_dag.py took 0.946 seconds
[2025-10-09T19:06:29.748+0000] {processor.py:186} INFO - Started process (PID=436) to work on /home/airflow/.local/lib/python3.12/site-packages/airflow/example_dags/example_sla_dag.py
[2025-10-09T19:06:29.756+0000] {processor.py:914} INFO - Processing file /home/airflow/.local/lib/python3.12/site-packages/airflow/example_dags/example_sla_dag.py for tasks to queue
[2025-10-09T19:06:29.776+0000] {logging_mixin.py:190} INFO - [2025-10-09T19:06:29.774+0000] {dagbag.py:587} INFO - Filling up the DagBag from /home/airflow/.local/lib/python3.12/site-packages/airflow/example_dags/example_sla_dag.py
[2025-10-09T19:06:29.846+0000] {processor.py:925} INFO - DAG(s) 'example_sla_dag' retrieved from /home/airflow/.local/lib/python3.12/site-packages/airflow/example_dags/example_sla_dag.py
[2025-10-09T19:06:30.047+0000] {logging_mixin.py:190} INFO - [2025-10-09T19:06:30.046+0000] {dag.py:3211} INFO - Sync 1 DAGs
[2025-10-09T19:06:30.334+0000] {logging_mixin.py:190} INFO - [2025-10-09T19:06:30.332+0000] {dag.py:4138} INFO - Setting next_dagrun for example_sla_dag to 2025-10-09 19:04:00+00:00, run_after=2025-10-09 19:06:00+00:00
[2025-10-09T19:06:30.407+0000] {processor.py:208} INFO - Processing /home/airflow/.local/lib/python3.12/site-packages/airflow/example_dags/example_sla_dag.py took 0.807 seconds
[2025-10-09T19:07:00.738+0000] {processor.py:186} INFO - Started process (PID=499) to work on /home/airflow/.local/lib/python3.12/site-packages/airflow/example_dags/example_sla_dag.py
[2025-10-09T19:07:00.743+0000] {processor.py:914} INFO - Processing file /home/airflow/.local/lib/python3.12/site-packages/airflow/example_dags/example_sla_dag.py for tasks to queue
[2025-10-09T19:07:00.752+0000] {logging_mixin.py:190} INFO - [2025-10-09T19:07:00.751+0000] {dagbag.py:587} INFO - Filling up the DagBag from /home/airflow/.local/lib/python3.12/site-packages/airflow/example_dags/example_sla_dag.py
[2025-10-09T19:07:00.793+0000] {processor.py:925} INFO - DAG(s) 'example_sla_dag' retrieved from /home/airflow/.local/lib/python3.12/site-packages/airflow/example_dags/example_sla_dag.py
[2025-10-09T19:07:00.893+0000] {logging_mixin.py:190} INFO - [2025-10-09T19:07:00.892+0000] {dag.py:3211} INFO - Sync 1 DAGs
[2025-10-09T19:07:01.086+0000] {logging_mixin.py:190} INFO - [2025-10-09T19:07:01.085+0000] {dag.py:4138} INFO - Setting next_dagrun for example_sla_dag to 2025-10-09 19:04:00+00:00, run_after=2025-10-09 19:06:00+00:00
[2025-10-09T19:07:01.221+0000] {processor.py:208} INFO - Processing /home/airflow/.local/lib/python3.12/site-packages/airflow/example_dags/example_sla_dag.py took 0.511 seconds
[2025-10-09T19:14:04.301+0000] {processor.py:186} INFO - Started process (PID=99) to work on /home/airflow/.local/lib/python3.12/site-packages/airflow/example_dags/example_sla_dag.py
[2025-10-09T19:14:04.305+0000] {processor.py:914} INFO - Processing file /home/airflow/.local/lib/python3.12/site-packages/airflow/example_dags/example_sla_dag.py for tasks to queue
[2025-10-09T19:14:04.317+0000] {logging_mixin.py:190} INFO - [2025-10-09T19:14:04.315+0000] {dagbag.py:587} INFO - Filling up the DagBag from /home/airflow/.local/lib/python3.12/site-packages/airflow/example_dags/example_sla_dag.py
[2025-10-09T19:14:04.381+0000] {processor.py:925} INFO - DAG(s) 'example_sla_dag' retrieved from /home/airflow/.local/lib/python3.12/site-packages/airflow/example_dags/example_sla_dag.py
[2025-10-09T19:14:04.459+0000] {logging_mixin.py:190} INFO - [2025-10-09T19:14:04.458+0000] {dag.py:3211} INFO - Sync 1 DAGs
[2025-10-09T19:14:04.635+0000] {logging_mixin.py:190} INFO - [2025-10-09T19:14:04.634+0000] {dag.py:4138} INFO - Setting next_dagrun for example_sla_dag to 2025-10-09 19:12:00+00:00, run_after=2025-10-09 19:14:00+00:00
[2025-10-09T19:14:04.716+0000] {processor.py:208} INFO - Processing /home/airflow/.local/lib/python3.12/site-packages/airflow/example_dags/example_sla_dag.py took 0.440 seconds
[2025-10-09T19:14:35.397+0000] {processor.py:186} INFO - Started process (PID=162) to work on /home/airflow/.local/lib/python3.12/site-packages/airflow/example_dags/example_sla_dag.py
[2025-10-09T19:14:35.400+0000] {processor.py:914} INFO - Processing file /home/airflow/.local/lib/python3.12/site-packages/airflow/example_dags/example_sla_dag.py for tasks to queue
[2025-10-09T19:14:35.407+0000] {logging_mixin.py:190} INFO - [2025-10-09T19:14:35.406+0000] {dagbag.py:587} INFO - Filling up the DagBag from /home/airflow/.local/lib/python3.12/site-packages/airflow/example_dags/example_sla_dag.py
[2025-10-09T19:14:35.433+0000] {processor.py:925} INFO - DAG(s) 'example_sla_dag' retrieved from /home/airflow/.local/lib/python3.12/site-packages/airflow/example_dags/example_sla_dag.py
[2025-10-09T19:14:35.500+0000] {logging_mixin.py:190} INFO - [2025-10-09T19:14:35.500+0000] {dag.py:3211} INFO - Sync 1 DAGs
[2025-10-09T19:14:35.583+0000] {logging_mixin.py:190} INFO - [2025-10-09T19:14:35.582+0000] {dag.py:4138} INFO - Setting next_dagrun for example_sla_dag to 2025-10-09 19:12:00+00:00, run_after=2025-10-09 19:14:00+00:00
[2025-10-09T19:14:35.633+0000] {processor.py:208} INFO - Processing /home/airflow/.local/lib/python3.12/site-packages/airflow/example_dags/example_sla_dag.py took 0.254 seconds
[2025-10-09T19:15:05.949+0000] {processor.py:186} INFO - Started process (PID=225) to work on /home/airflow/.local/lib/python3.12/site-packages/airflow/example_dags/example_sla_dag.py
[2025-10-09T19:15:05.954+0000] {processor.py:914} INFO - Processing file /home/airflow/.local/lib/python3.12/site-packages/airflow/example_dags/example_sla_dag.py for tasks to queue
[2025-10-09T19:15:05.968+0000] {logging_mixin.py:190} INFO - [2025-10-09T19:15:05.967+0000] {dagbag.py:587} INFO - Filling up the DagBag from /home/airflow/.local/lib/python3.12/site-packages/airflow/example_dags/example_sla_dag.py
[2025-10-09T19:15:06.014+0000] {processor.py:925} INFO - DAG(s) 'example_sla_dag' retrieved from /home/airflow/.local/lib/python3.12/site-packages/airflow/example_dags/example_sla_dag.py
[2025-10-09T19:15:06.098+0000] {logging_mixin.py:190} INFO - [2025-10-09T19:15:06.097+0000] {dag.py:3211} INFO - Sync 1 DAGs
[2025-10-09T19:15:06.208+0000] {logging_mixin.py:190} INFO - [2025-10-09T19:15:06.207+0000] {dag.py:4138} INFO - Setting next_dagrun for example_sla_dag to 2025-10-09 19:12:00+00:00, run_after=2025-10-09 19:14:00+00:00
[2025-10-09T19:15:06.255+0000] {processor.py:208} INFO - Processing /home/airflow/.local/lib/python3.12/site-packages/airflow/example_dags/example_sla_dag.py took 0.333 seconds
[2025-10-09T19:15:37.008+0000] {processor.py:186} INFO - Started process (PID=288) to work on /home/airflow/.local/lib/python3.12/site-packages/airflow/example_dags/example_sla_dag.py
[2025-10-09T19:15:37.011+0000] {processor.py:914} INFO - Processing file /home/airflow/.local/lib/python3.12/site-packages/airflow/example_dags/example_sla_dag.py for tasks to queue
[2025-10-09T19:15:37.018+0000] {logging_mixin.py:190} INFO - [2025-10-09T19:15:37.017+0000] {dagbag.py:587} INFO - Filling up the DagBag from /home/airflow/.local/lib/python3.12/site-packages/airflow/example_dags/example_sla_dag.py
[2025-10-09T19:15:37.048+0000] {processor.py:925} INFO - DAG(s) 'example_sla_dag' retrieved from /home/airflow/.local/lib/python3.12/site-packages/airflow/example_dags/example_sla_dag.py
[2025-10-09T19:15:37.099+0000] {logging_mixin.py:190} INFO - [2025-10-09T19:15:37.099+0000] {dag.py:3211} INFO - Sync 1 DAGs
[2025-10-09T19:15:37.159+0000] {logging_mixin.py:190} INFO - [2025-10-09T19:15:37.158+0000] {dag.py:4138} INFO - Setting next_dagrun for example_sla_dag to 2025-10-09 19:12:00+00:00, run_after=2025-10-09 19:14:00+00:00
[2025-10-09T19:15:37.207+0000] {processor.py:208} INFO - Processing /home/airflow/.local/lib/python3.12/site-packages/airflow/example_dags/example_sla_dag.py took 0.216 seconds
[2025-10-09T19:16:08.677+0000] {processor.py:186} INFO - Started process (PID=351) to work on /home/airflow/.local/lib/python3.12/site-packages/airflow/example_dags/example_sla_dag.py
[2025-10-09T19:16:08.684+0000] {processor.py:914} INFO - Processing file /home/airflow/.local/lib/python3.12/site-packages/airflow/example_dags/example_sla_dag.py for tasks to queue
[2025-10-09T19:16:08.698+0000] {logging_mixin.py:190} INFO - [2025-10-09T19:16:08.696+0000] {dagbag.py:587} INFO - Filling up the DagBag from /home/airflow/.local/lib/python3.12/site-packages/airflow/example_dags/example_sla_dag.py
[2025-10-09T19:16:08.757+0000] {processor.py:925} INFO - DAG(s) 'example_sla_dag' retrieved from /home/airflow/.local/lib/python3.12/site-packages/airflow/example_dags/example_sla_dag.py
[2025-10-09T19:16:08.879+0000] {logging_mixin.py:190} INFO - [2025-10-09T19:16:08.877+0000] {dag.py:3211} INFO - Sync 1 DAGs
[2025-10-09T19:16:09.099+0000] {logging_mixin.py:190} INFO - [2025-10-09T19:16:09.097+0000] {dag.py:4138} INFO - Setting next_dagrun for example_sla_dag to 2025-10-09 19:14:00+00:00, run_after=2025-10-09 19:16:00+00:00
[2025-10-09T19:16:09.258+0000] {processor.py:208} INFO - Processing /home/airflow/.local/lib/python3.12/site-packages/airflow/example_dags/example_sla_dag.py took 0.626 seconds
[2025-10-09T19:18:54.774+0000] {processor.py:186} INFO - Started process (PID=443) to work on /home/airflow/.local/lib/python3.12/site-packages/airflow/example_dags/example_sla_dag.py
[2025-10-09T19:18:54.819+0000] {processor.py:914} INFO - Processing file /home/airflow/.local/lib/python3.12/site-packages/airflow/example_dags/example_sla_dag.py for tasks to queue
[2025-10-09T19:18:55.136+0000] {logging_mixin.py:190} INFO - [2025-10-09T19:18:55.110+0000] {dagbag.py:587} INFO - Filling up the DagBag from /home/airflow/.local/lib/python3.12/site-packages/airflow/example_dags/example_sla_dag.py
[2025-10-09T19:18:55.388+0000] {processor.py:925} INFO - DAG(s) 'example_sla_dag' retrieved from /home/airflow/.local/lib/python3.12/site-packages/airflow/example_dags/example_sla_dag.py
[2025-10-09T19:18:55.785+0000] {logging_mixin.py:190} INFO - [2025-10-09T19:18:55.782+0000] {dag.py:3211} INFO - Sync 1 DAGs
[2025-10-09T19:18:56.650+0000] {logging_mixin.py:190} INFO - [2025-10-09T19:18:56.647+0000] {dag.py:4138} INFO - Setting next_dagrun for example_sla_dag to 2025-10-09 19:16:00+00:00, run_after=2025-10-09 19:18:00+00:00
[2025-10-09T19:18:57.655+0000] {processor.py:208} INFO - Processing /home/airflow/.local/lib/python3.12/site-packages/airflow/example_dags/example_sla_dag.py took 3.150 seconds
[2025-10-09T19:21:38.746+0000] {processor.py:186} INFO - Started process (PID=513) to work on /home/airflow/.local/lib/python3.12/site-packages/airflow/example_dags/example_sla_dag.py
[2025-10-09T19:21:38.793+0000] {processor.py:914} INFO - Processing file /home/airflow/.local/lib/python3.12/site-packages/airflow/example_dags/example_sla_dag.py for tasks to queue
[2025-10-09T19:21:38.935+0000] {logging_mixin.py:190} INFO - [2025-10-09T19:21:38.919+0000] {dagbag.py:587} INFO - Filling up the DagBag from /home/airflow/.local/lib/python3.12/site-packages/airflow/example_dags/example_sla_dag.py
[2025-10-09T19:21:39.238+0000] {processor.py:925} INFO - DAG(s) 'example_sla_dag' retrieved from /home/airflow/.local/lib/python3.12/site-packages/airflow/example_dags/example_sla_dag.py
[2025-10-09T19:21:39.663+0000] {logging_mixin.py:190} INFO - [2025-10-09T19:21:39.660+0000] {dag.py:3211} INFO - Sync 1 DAGs
[2025-10-09T19:21:40.906+0000] {logging_mixin.py:190} INFO - [2025-10-09T19:21:40.892+0000] {dag.py:4138} INFO - Setting next_dagrun for example_sla_dag to 2025-10-09 19:18:00+00:00, run_after=2025-10-09 19:20:00+00:00
[2025-10-09T19:21:41.627+0000] {processor.py:208} INFO - Processing /home/airflow/.local/lib/python3.12/site-packages/airflow/example_dags/example_sla_dag.py took 3.194 seconds
