[2025-10-09T19:03:33.767+0000] {processor.py:186} INFO - Started process (PID=180) to work on /home/airflow/.local/lib/python3.12/site-packages/airflow/example_dags/example_short_circuit_operator.py
[2025-10-09T19:03:33.786+0000] {processor.py:914} INFO - Processing file /home/airflow/.local/lib/python3.12/site-packages/airflow/example_dags/example_short_circuit_operator.py for tasks to queue
[2025-10-09T19:03:33.844+0000] {logging_mixin.py:190} INFO - [2025-10-09T19:03:33.830+0000] {dagbag.py:587} INFO - Filling up the DagBag from /home/airflow/.local/lib/python3.12/site-packages/airflow/example_dags/example_short_circuit_operator.py
[2025-10-09T19:03:34.054+0000] {processor.py:925} INFO - DAG(s) 'example_short_circuit_operator' retrieved from /home/airflow/.local/lib/python3.12/site-packages/airflow/example_dags/example_short_circuit_operator.py
[2025-10-09T19:03:35.590+0000] {logging_mixin.py:190} INFO - [2025-10-09T19:03:35.586+0000] {override.py:1858} INFO - Created Permission View: can edit on DAG:example_short_circuit_operator
[2025-10-09T19:03:35.670+0000] {logging_mixin.py:190} INFO - [2025-10-09T19:03:35.669+0000] {override.py:1858} INFO - Created Permission View: can delete on DAG:example_short_circuit_operator
[2025-10-09T19:03:35.745+0000] {logging_mixin.py:190} INFO - [2025-10-09T19:03:35.744+0000] {override.py:1858} INFO - Created Permission View: can read on DAG:example_short_circuit_operator
[2025-10-09T19:03:35.761+0000] {logging_mixin.py:190} INFO - [2025-10-09T19:03:35.760+0000] {dag.py:3211} INFO - Sync 1 DAGs
[2025-10-09T19:03:35.937+0000] {logging_mixin.py:190} INFO - [2025-10-09T19:03:35.936+0000] {dag.py:3234} INFO - Creating ORM DAG for example_short_circuit_operator
[2025-10-09T19:03:36.059+0000] {logging_mixin.py:190} INFO - [2025-10-09T19:03:36.057+0000] {dag.py:4138} INFO - Setting next_dagrun for example_short_circuit_operator to 2025-10-08 00:00:00+00:00, run_after=2025-10-09 00:00:00+00:00
[2025-10-09T19:03:36.252+0000] {processor.py:208} INFO - Processing /home/airflow/.local/lib/python3.12/site-packages/airflow/example_dags/example_short_circuit_operator.py took 2.598 seconds
[2025-10-09T19:04:28.734+0000] {processor.py:186} INFO - Started process (PID=250) to work on /home/airflow/.local/lib/python3.12/site-packages/airflow/example_dags/example_short_circuit_operator.py
[2025-10-09T19:04:28.740+0000] {processor.py:914} INFO - Processing file /home/airflow/.local/lib/python3.12/site-packages/airflow/example_dags/example_short_circuit_operator.py for tasks to queue
[2025-10-09T19:04:28.754+0000] {logging_mixin.py:190} INFO - [2025-10-09T19:04:28.752+0000] {dagbag.py:587} INFO - Filling up the DagBag from /home/airflow/.local/lib/python3.12/site-packages/airflow/example_dags/example_short_circuit_operator.py
[2025-10-09T19:04:28.806+0000] {processor.py:925} INFO - DAG(s) 'example_short_circuit_operator' retrieved from /home/airflow/.local/lib/python3.12/site-packages/airflow/example_dags/example_short_circuit_operator.py
[2025-10-09T19:04:28.958+0000] {logging_mixin.py:190} INFO - [2025-10-09T19:04:28.957+0000] {dag.py:3211} INFO - Sync 1 DAGs
[2025-10-09T19:04:29.095+0000] {logging_mixin.py:190} INFO - [2025-10-09T19:04:29.094+0000] {dag.py:4138} INFO - Setting next_dagrun for example_short_circuit_operator to 2025-10-08 00:00:00+00:00, run_after=2025-10-09 00:00:00+00:00
[2025-10-09T19:04:29.170+0000] {processor.py:208} INFO - Processing /home/airflow/.local/lib/python3.12/site-packages/airflow/example_dags/example_short_circuit_operator.py took 0.478 seconds
[2025-10-09T19:05:10.524+0000] {processor.py:186} INFO - Started process (PID=313) to work on /home/airflow/.local/lib/python3.12/site-packages/airflow/example_dags/example_short_circuit_operator.py
[2025-10-09T19:05:10.533+0000] {processor.py:914} INFO - Processing file /home/airflow/.local/lib/python3.12/site-packages/airflow/example_dags/example_short_circuit_operator.py for tasks to queue
[2025-10-09T19:05:10.546+0000] {logging_mixin.py:190} INFO - [2025-10-09T19:05:10.545+0000] {dagbag.py:587} INFO - Filling up the DagBag from /home/airflow/.local/lib/python3.12/site-packages/airflow/example_dags/example_short_circuit_operator.py
[2025-10-09T19:05:10.595+0000] {processor.py:925} INFO - DAG(s) 'example_short_circuit_operator' retrieved from /home/airflow/.local/lib/python3.12/site-packages/airflow/example_dags/example_short_circuit_operator.py
[2025-10-09T19:05:10.715+0000] {logging_mixin.py:190} INFO - [2025-10-09T19:05:10.714+0000] {dag.py:3211} INFO - Sync 1 DAGs
[2025-10-09T19:05:10.827+0000] {logging_mixin.py:190} INFO - [2025-10-09T19:05:10.826+0000] {dag.py:4138} INFO - Setting next_dagrun for example_short_circuit_operator to 2025-10-08 00:00:00+00:00, run_after=2025-10-09 00:00:00+00:00
[2025-10-09T19:05:10.911+0000] {processor.py:208} INFO - Processing /home/airflow/.local/lib/python3.12/site-packages/airflow/example_dags/example_short_circuit_operator.py took 0.418 seconds
[2025-10-09T19:06:06.687+0000] {processor.py:186} INFO - Started process (PID=391) to work on /home/airflow/.local/lib/python3.12/site-packages/airflow/example_dags/example_short_circuit_operator.py
[2025-10-09T19:06:06.692+0000] {processor.py:914} INFO - Processing file /home/airflow/.local/lib/python3.12/site-packages/airflow/example_dags/example_short_circuit_operator.py for tasks to queue
[2025-10-09T19:06:06.712+0000] {logging_mixin.py:190} INFO - [2025-10-09T19:06:06.710+0000] {dagbag.py:587} INFO - Filling up the DagBag from /home/airflow/.local/lib/python3.12/site-packages/airflow/example_dags/example_short_circuit_operator.py
[2025-10-09T19:06:06.776+0000] {processor.py:925} INFO - DAG(s) 'example_short_circuit_operator' retrieved from /home/airflow/.local/lib/python3.12/site-packages/airflow/example_dags/example_short_circuit_operator.py
[2025-10-09T19:06:06.940+0000] {logging_mixin.py:190} INFO - [2025-10-09T19:06:06.939+0000] {dag.py:3211} INFO - Sync 1 DAGs
[2025-10-09T19:06:07.079+0000] {logging_mixin.py:190} INFO - [2025-10-09T19:06:07.078+0000] {dag.py:4138} INFO - Setting next_dagrun for example_short_circuit_operator to 2025-10-08 00:00:00+00:00, run_after=2025-10-09 00:00:00+00:00
[2025-10-09T19:06:07.177+0000] {processor.py:208} INFO - Processing /home/airflow/.local/lib/python3.12/site-packages/airflow/example_dags/example_short_circuit_operator.py took 0.532 seconds
[2025-10-09T19:06:43.556+0000] {processor.py:186} INFO - Started process (PID=463) to work on /home/airflow/.local/lib/python3.12/site-packages/airflow/example_dags/example_short_circuit_operator.py
[2025-10-09T19:06:43.561+0000] {processor.py:914} INFO - Processing file /home/airflow/.local/lib/python3.12/site-packages/airflow/example_dags/example_short_circuit_operator.py for tasks to queue
[2025-10-09T19:06:43.572+0000] {logging_mixin.py:190} INFO - [2025-10-09T19:06:43.571+0000] {dagbag.py:587} INFO - Filling up the DagBag from /home/airflow/.local/lib/python3.12/site-packages/airflow/example_dags/example_short_circuit_operator.py
[2025-10-09T19:06:43.625+0000] {processor.py:925} INFO - DAG(s) 'example_short_circuit_operator' retrieved from /home/airflow/.local/lib/python3.12/site-packages/airflow/example_dags/example_short_circuit_operator.py
[2025-10-09T19:06:43.769+0000] {logging_mixin.py:190} INFO - [2025-10-09T19:06:43.768+0000] {dag.py:3211} INFO - Sync 1 DAGs
[2025-10-09T19:06:43.925+0000] {logging_mixin.py:190} INFO - [2025-10-09T19:06:43.924+0000] {dag.py:4138} INFO - Setting next_dagrun for example_short_circuit_operator to 2025-10-08 00:00:00+00:00, run_after=2025-10-09 00:00:00+00:00
[2025-10-09T19:06:44.235+0000] {processor.py:208} INFO - Processing /home/airflow/.local/lib/python3.12/site-packages/airflow/example_dags/example_short_circuit_operator.py took 0.718 seconds
[2025-10-09T19:07:20.506+0000] {processor.py:186} INFO - Started process (PID=527) to work on /home/airflow/.local/lib/python3.12/site-packages/airflow/example_dags/example_short_circuit_operator.py
[2025-10-09T19:07:20.523+0000] {processor.py:914} INFO - Processing file /home/airflow/.local/lib/python3.12/site-packages/airflow/example_dags/example_short_circuit_operator.py for tasks to queue
[2025-10-09T19:07:20.552+0000] {logging_mixin.py:190} INFO - [2025-10-09T19:07:20.549+0000] {dagbag.py:587} INFO - Filling up the DagBag from /home/airflow/.local/lib/python3.12/site-packages/airflow/example_dags/example_short_circuit_operator.py
[2025-10-09T19:07:20.657+0000] {processor.py:925} INFO - DAG(s) 'example_short_circuit_operator' retrieved from /home/airflow/.local/lib/python3.12/site-packages/airflow/example_dags/example_short_circuit_operator.py
[2025-10-09T19:07:20.988+0000] {logging_mixin.py:190} INFO - [2025-10-09T19:07:20.987+0000] {dag.py:3211} INFO - Sync 1 DAGs
[2025-10-09T19:07:21.133+0000] {logging_mixin.py:190} INFO - [2025-10-09T19:07:21.132+0000] {dag.py:4138} INFO - Setting next_dagrun for example_short_circuit_operator to 2025-10-08 00:00:00+00:00, run_after=2025-10-09 00:00:00+00:00
[2025-10-09T19:07:21.234+0000] {processor.py:208} INFO - Processing /home/airflow/.local/lib/python3.12/site-packages/airflow/example_dags/example_short_circuit_operator.py took 0.789 seconds
[2025-10-09T19:14:09.850+0000] {processor.py:186} INFO - Started process (PID=111) to work on /home/airflow/.local/lib/python3.12/site-packages/airflow/example_dags/example_short_circuit_operator.py
[2025-10-09T19:14:09.860+0000] {processor.py:914} INFO - Processing file /home/airflow/.local/lib/python3.12/site-packages/airflow/example_dags/example_short_circuit_operator.py for tasks to queue
[2025-10-09T19:14:09.870+0000] {logging_mixin.py:190} INFO - [2025-10-09T19:14:09.868+0000] {dagbag.py:587} INFO - Filling up the DagBag from /home/airflow/.local/lib/python3.12/site-packages/airflow/example_dags/example_short_circuit_operator.py
[2025-10-09T19:14:09.903+0000] {processor.py:925} INFO - DAG(s) 'example_short_circuit_operator' retrieved from /home/airflow/.local/lib/python3.12/site-packages/airflow/example_dags/example_short_circuit_operator.py
[2025-10-09T19:14:09.987+0000] {logging_mixin.py:190} INFO - [2025-10-09T19:14:09.987+0000] {dag.py:3211} INFO - Sync 1 DAGs
[2025-10-09T19:14:10.124+0000] {logging_mixin.py:190} INFO - [2025-10-09T19:14:10.123+0000] {dag.py:4138} INFO - Setting next_dagrun for example_short_circuit_operator to 2025-10-08 00:00:00+00:00, run_after=2025-10-09 00:00:00+00:00
[2025-10-09T19:14:10.169+0000] {processor.py:208} INFO - Processing /home/airflow/.local/lib/python3.12/site-packages/airflow/example_dags/example_short_circuit_operator.py took 0.351 seconds
[2025-10-09T19:14:40.772+0000] {processor.py:186} INFO - Started process (PID=174) to work on /home/airflow/.local/lib/python3.12/site-packages/airflow/example_dags/example_short_circuit_operator.py
[2025-10-09T19:14:40.775+0000] {processor.py:914} INFO - Processing file /home/airflow/.local/lib/python3.12/site-packages/airflow/example_dags/example_short_circuit_operator.py for tasks to queue
[2025-10-09T19:14:40.780+0000] {logging_mixin.py:190} INFO - [2025-10-09T19:14:40.780+0000] {dagbag.py:587} INFO - Filling up the DagBag from /home/airflow/.local/lib/python3.12/site-packages/airflow/example_dags/example_short_circuit_operator.py
[2025-10-09T19:14:40.802+0000] {processor.py:925} INFO - DAG(s) 'example_short_circuit_operator' retrieved from /home/airflow/.local/lib/python3.12/site-packages/airflow/example_dags/example_short_circuit_operator.py
[2025-10-09T19:14:40.854+0000] {logging_mixin.py:190} INFO - [2025-10-09T19:14:40.853+0000] {dag.py:3211} INFO - Sync 1 DAGs
[2025-10-09T19:14:40.903+0000] {logging_mixin.py:190} INFO - [2025-10-09T19:14:40.902+0000] {dag.py:4138} INFO - Setting next_dagrun for example_short_circuit_operator to 2025-10-08 00:00:00+00:00, run_after=2025-10-09 00:00:00+00:00
[2025-10-09T19:14:40.946+0000] {processor.py:208} INFO - Processing /home/airflow/.local/lib/python3.12/site-packages/airflow/example_dags/example_short_circuit_operator.py took 0.192 seconds
[2025-10-09T19:15:11.936+0000] {processor.py:186} INFO - Started process (PID=238) to work on /home/airflow/.local/lib/python3.12/site-packages/airflow/example_dags/example_short_circuit_operator.py
[2025-10-09T19:15:11.939+0000] {processor.py:914} INFO - Processing file /home/airflow/.local/lib/python3.12/site-packages/airflow/example_dags/example_short_circuit_operator.py for tasks to queue
[2025-10-09T19:15:11.948+0000] {logging_mixin.py:190} INFO - [2025-10-09T19:15:11.947+0000] {dagbag.py:587} INFO - Filling up the DagBag from /home/airflow/.local/lib/python3.12/site-packages/airflow/example_dags/example_short_circuit_operator.py
[2025-10-09T19:15:11.996+0000] {processor.py:925} INFO - DAG(s) 'example_short_circuit_operator' retrieved from /home/airflow/.local/lib/python3.12/site-packages/airflow/example_dags/example_short_circuit_operator.py
[2025-10-09T19:15:12.061+0000] {logging_mixin.py:190} INFO - [2025-10-09T19:15:12.060+0000] {dag.py:3211} INFO - Sync 1 DAGs
[2025-10-09T19:15:12.123+0000] {logging_mixin.py:190} INFO - [2025-10-09T19:15:12.123+0000] {dag.py:4138} INFO - Setting next_dagrun for example_short_circuit_operator to 2025-10-08 00:00:00+00:00, run_after=2025-10-09 00:00:00+00:00
[2025-10-09T19:15:12.182+0000] {processor.py:208} INFO - Processing /home/airflow/.local/lib/python3.12/site-packages/airflow/example_dags/example_short_circuit_operator.py took 0.272 seconds
[2025-10-09T19:15:42.384+0000] {processor.py:186} INFO - Started process (PID=300) to work on /home/airflow/.local/lib/python3.12/site-packages/airflow/example_dags/example_short_circuit_operator.py
[2025-10-09T19:15:42.387+0000] {processor.py:914} INFO - Processing file /home/airflow/.local/lib/python3.12/site-packages/airflow/example_dags/example_short_circuit_operator.py for tasks to queue
[2025-10-09T19:15:42.397+0000] {logging_mixin.py:190} INFO - [2025-10-09T19:15:42.396+0000] {dagbag.py:587} INFO - Filling up the DagBag from /home/airflow/.local/lib/python3.12/site-packages/airflow/example_dags/example_short_circuit_operator.py
[2025-10-09T19:15:42.432+0000] {processor.py:925} INFO - DAG(s) 'example_short_circuit_operator' retrieved from /home/airflow/.local/lib/python3.12/site-packages/airflow/example_dags/example_short_circuit_operator.py
[2025-10-09T19:15:42.512+0000] {logging_mixin.py:190} INFO - [2025-10-09T19:15:42.511+0000] {dag.py:3211} INFO - Sync 1 DAGs
[2025-10-09T19:15:42.585+0000] {logging_mixin.py:190} INFO - [2025-10-09T19:15:42.584+0000] {dag.py:4138} INFO - Setting next_dagrun for example_short_circuit_operator to 2025-10-08 00:00:00+00:00, run_after=2025-10-09 00:00:00+00:00
[2025-10-09T19:15:42.771+0000] {processor.py:208} INFO - Processing /home/airflow/.local/lib/python3.12/site-packages/airflow/example_dags/example_short_circuit_operator.py took 0.408 seconds
[2025-10-09T19:16:28.289+0000] {processor.py:186} INFO - Started process (PID=369) to work on /home/airflow/.local/lib/python3.12/site-packages/airflow/example_dags/example_short_circuit_operator.py
[2025-10-09T19:16:28.301+0000] {processor.py:914} INFO - Processing file /home/airflow/.local/lib/python3.12/site-packages/airflow/example_dags/example_short_circuit_operator.py for tasks to queue
[2025-10-09T19:16:28.324+0000] {logging_mixin.py:190} INFO - [2025-10-09T19:16:28.320+0000] {dagbag.py:587} INFO - Filling up the DagBag from /home/airflow/.local/lib/python3.12/site-packages/airflow/example_dags/example_short_circuit_operator.py
[2025-10-09T19:16:28.440+0000] {processor.py:925} INFO - DAG(s) 'example_short_circuit_operator' retrieved from /home/airflow/.local/lib/python3.12/site-packages/airflow/example_dags/example_short_circuit_operator.py
[2025-10-09T19:16:28.939+0000] {logging_mixin.py:190} INFO - [2025-10-09T19:16:28.937+0000] {dag.py:3211} INFO - Sync 1 DAGs
[2025-10-09T19:16:29.840+0000] {logging_mixin.py:190} INFO - [2025-10-09T19:16:29.838+0000] {dag.py:4138} INFO - Setting next_dagrun for example_short_circuit_operator to 2025-10-08 00:00:00+00:00, run_after=2025-10-09 00:00:00+00:00
[2025-10-09T19:16:30.320+0000] {processor.py:208} INFO - Processing /home/airflow/.local/lib/python3.12/site-packages/airflow/example_dags/example_short_circuit_operator.py took 2.117 seconds
[2025-10-09T19:19:51.852+0000] {processor.py:186} INFO - Started process (PID=467) to work on /home/airflow/.local/lib/python3.12/site-packages/airflow/example_dags/example_short_circuit_operator.py
[2025-10-09T19:19:51.908+0000] {processor.py:914} INFO - Processing file /home/airflow/.local/lib/python3.12/site-packages/airflow/example_dags/example_short_circuit_operator.py for tasks to queue
[2025-10-09T19:19:52.051+0000] {logging_mixin.py:190} INFO - [2025-10-09T19:19:52.037+0000] {dagbag.py:587} INFO - Filling up the DagBag from /home/airflow/.local/lib/python3.12/site-packages/airflow/example_dags/example_short_circuit_operator.py
[2025-10-09T19:19:52.672+0000] {processor.py:925} INFO - DAG(s) 'example_short_circuit_operator' retrieved from /home/airflow/.local/lib/python3.12/site-packages/airflow/example_dags/example_short_circuit_operator.py
[2025-10-09T19:19:53.441+0000] {logging_mixin.py:190} INFO - [2025-10-09T19:19:53.439+0000] {dag.py:3211} INFO - Sync 1 DAGs
[2025-10-09T19:19:54.981+0000] {logging_mixin.py:190} INFO - [2025-10-09T19:19:54.970+0000] {dag.py:4138} INFO - Setting next_dagrun for example_short_circuit_operator to 2025-10-08 00:00:00+00:00, run_after=2025-10-09 00:00:00+00:00
[2025-10-09T19:19:55.731+0000] {processor.py:208} INFO - Processing /home/airflow/.local/lib/python3.12/site-packages/airflow/example_dags/example_short_circuit_operator.py took 4.331 seconds
