[2025-10-09T19:03:01.882+0000] {processor.py:186} INFO - Started process (PID=151) to work on /home/airflow/.local/lib/python3.12/site-packages/airflow/example_dags/example_trigger_target_dag.py
[2025-10-09T19:03:01.896+0000] {processor.py:914} INFO - Processing file /home/airflow/.local/lib/python3.12/site-packages/airflow/example_dags/example_trigger_target_dag.py for tasks to queue
[2025-10-09T19:03:01.918+0000] {logging_mixin.py:190} INFO - [2025-10-09T19:03:01.916+0000] {dagbag.py:587} INFO - Filling up the DagBag from /home/airflow/.local/lib/python3.12/site-packages/airflow/example_dags/example_trigger_target_dag.py
[2025-10-09T19:03:02.017+0000] {processor.py:925} INFO - DAG(s) 'example_trigger_target_dag' retrieved from /home/airflow/.local/lib/python3.12/site-packages/airflow/example_dags/example_trigger_target_dag.py
[2025-10-09T19:03:03.195+0000] {logging_mixin.py:190} INFO - [2025-10-09T19:03:03.192+0000] {override.py:1858} INFO - Created Permission View: can edit on DAG:example_trigger_target_dag
[2025-10-09T19:03:03.270+0000] {logging_mixin.py:190} INFO - [2025-10-09T19:03:03.268+0000] {override.py:1858} INFO - Created Permission View: can delete on DAG:example_trigger_target_dag
[2025-10-09T19:03:03.320+0000] {logging_mixin.py:190} INFO - [2025-10-09T19:03:03.318+0000] {override.py:1858} INFO - Created Permission View: can read on DAG:example_trigger_target_dag
[2025-10-09T19:03:03.324+0000] {logging_mixin.py:190} INFO - [2025-10-09T19:03:03.323+0000] {dag.py:3211} INFO - Sync 1 DAGs
[2025-10-09T19:03:03.424+0000] {logging_mixin.py:190} INFO - [2025-10-09T19:03:03.423+0000] {dag.py:3234} INFO - Creating ORM DAG for example_trigger_target_dag
[2025-10-09T19:03:03.436+0000] {logging_mixin.py:190} INFO - [2025-10-09T19:03:03.434+0000] {dag.py:4138} INFO - Setting next_dagrun for example_trigger_target_dag to None, run_after=None
[2025-10-09T19:03:03.555+0000] {processor.py:208} INFO - Processing /home/airflow/.local/lib/python3.12/site-packages/airflow/example_dags/example_trigger_target_dag.py took 1.731 seconds
[2025-10-09T19:04:10.876+0000] {processor.py:186} INFO - Started process (PID=221) to work on /home/airflow/.local/lib/python3.12/site-packages/airflow/example_dags/example_trigger_target_dag.py
[2025-10-09T19:04:10.883+0000] {processor.py:914} INFO - Processing file /home/airflow/.local/lib/python3.12/site-packages/airflow/example_dags/example_trigger_target_dag.py for tasks to queue
[2025-10-09T19:04:10.904+0000] {logging_mixin.py:190} INFO - [2025-10-09T19:04:10.902+0000] {dagbag.py:587} INFO - Filling up the DagBag from /home/airflow/.local/lib/python3.12/site-packages/airflow/example_dags/example_trigger_target_dag.py
[2025-10-09T19:04:10.968+0000] {processor.py:925} INFO - DAG(s) 'example_trigger_target_dag' retrieved from /home/airflow/.local/lib/python3.12/site-packages/airflow/example_dags/example_trigger_target_dag.py
[2025-10-09T19:04:11.273+0000] {logging_mixin.py:190} INFO - [2025-10-09T19:04:11.272+0000] {dag.py:3211} INFO - Sync 1 DAGs
[2025-10-09T19:04:11.556+0000] {logging_mixin.py:190} INFO - [2025-10-09T19:04:11.555+0000] {dag.py:4138} INFO - Setting next_dagrun for example_trigger_target_dag to None, run_after=None
[2025-10-09T19:04:11.937+0000] {processor.py:208} INFO - Processing /home/airflow/.local/lib/python3.12/site-packages/airflow/example_dags/example_trigger_target_dag.py took 1.132 seconds
[2025-10-09T19:04:48.811+0000] {processor.py:186} INFO - Started process (PID=291) to work on /home/airflow/.local/lib/python3.12/site-packages/airflow/example_dags/example_trigger_target_dag.py
[2025-10-09T19:04:48.827+0000] {processor.py:914} INFO - Processing file /home/airflow/.local/lib/python3.12/site-packages/airflow/example_dags/example_trigger_target_dag.py for tasks to queue
[2025-10-09T19:04:48.877+0000] {logging_mixin.py:190} INFO - [2025-10-09T19:04:48.874+0000] {dagbag.py:587} INFO - Filling up the DagBag from /home/airflow/.local/lib/python3.12/site-packages/airflow/example_dags/example_trigger_target_dag.py
[2025-10-09T19:04:49.173+0000] {processor.py:925} INFO - DAG(s) 'example_trigger_target_dag' retrieved from /home/airflow/.local/lib/python3.12/site-packages/airflow/example_dags/example_trigger_target_dag.py
[2025-10-09T19:04:49.767+0000] {logging_mixin.py:190} INFO - [2025-10-09T19:04:49.764+0000] {dag.py:3211} INFO - Sync 1 DAGs
[2025-10-09T19:04:50.000+0000] {logging_mixin.py:190} INFO - [2025-10-09T19:04:49.998+0000] {dag.py:4138} INFO - Setting next_dagrun for example_trigger_target_dag to None, run_after=None
[2025-10-09T19:04:50.302+0000] {processor.py:208} INFO - Processing /home/airflow/.local/lib/python3.12/site-packages/airflow/example_dags/example_trigger_target_dag.py took 1.618 seconds
[2025-10-09T19:05:43.196+0000] {processor.py:186} INFO - Started process (PID=355) to work on /home/airflow/.local/lib/python3.12/site-packages/airflow/example_dags/example_trigger_target_dag.py
[2025-10-09T19:05:43.204+0000] {processor.py:914} INFO - Processing file /home/airflow/.local/lib/python3.12/site-packages/airflow/example_dags/example_trigger_target_dag.py for tasks to queue
[2025-10-09T19:05:43.223+0000] {logging_mixin.py:190} INFO - [2025-10-09T19:05:43.221+0000] {dagbag.py:587} INFO - Filling up the DagBag from /home/airflow/.local/lib/python3.12/site-packages/airflow/example_dags/example_trigger_target_dag.py
[2025-10-09T19:05:43.312+0000] {processor.py:925} INFO - DAG(s) 'example_trigger_target_dag' retrieved from /home/airflow/.local/lib/python3.12/site-packages/airflow/example_dags/example_trigger_target_dag.py
[2025-10-09T19:05:43.522+0000] {logging_mixin.py:190} INFO - [2025-10-09T19:05:43.520+0000] {dag.py:3211} INFO - Sync 1 DAGs
[2025-10-09T19:05:43.661+0000] {logging_mixin.py:190} INFO - [2025-10-09T19:05:43.659+0000] {dag.py:4138} INFO - Setting next_dagrun for example_trigger_target_dag to None, run_after=None
[2025-10-09T19:05:43.784+0000] {processor.py:208} INFO - Processing /home/airflow/.local/lib/python3.12/site-packages/airflow/example_dags/example_trigger_target_dag.py took 0.643 seconds
[2025-10-09T19:06:22.429+0000] {processor.py:186} INFO - Started process (PID=424) to work on /home/airflow/.local/lib/python3.12/site-packages/airflow/example_dags/example_trigger_target_dag.py
[2025-10-09T19:06:22.435+0000] {processor.py:914} INFO - Processing file /home/airflow/.local/lib/python3.12/site-packages/airflow/example_dags/example_trigger_target_dag.py for tasks to queue
[2025-10-09T19:06:22.455+0000] {logging_mixin.py:190} INFO - [2025-10-09T19:06:22.452+0000] {dagbag.py:587} INFO - Filling up the DagBag from /home/airflow/.local/lib/python3.12/site-packages/airflow/example_dags/example_trigger_target_dag.py
[2025-10-09T19:06:22.499+0000] {processor.py:925} INFO - DAG(s) 'example_trigger_target_dag' retrieved from /home/airflow/.local/lib/python3.12/site-packages/airflow/example_dags/example_trigger_target_dag.py
[2025-10-09T19:06:22.619+0000] {logging_mixin.py:190} INFO - [2025-10-09T19:06:22.618+0000] {dag.py:3211} INFO - Sync 1 DAGs
[2025-10-09T19:06:22.705+0000] {logging_mixin.py:190} INFO - [2025-10-09T19:06:22.704+0000] {dag.py:4138} INFO - Setting next_dagrun for example_trigger_target_dag to None, run_after=None
[2025-10-09T19:06:22.842+0000] {processor.py:208} INFO - Processing /home/airflow/.local/lib/python3.12/site-packages/airflow/example_dags/example_trigger_target_dag.py took 0.450 seconds
[2025-10-09T19:06:56.143+0000] {processor.py:186} INFO - Started process (PID=488) to work on /home/airflow/.local/lib/python3.12/site-packages/airflow/example_dags/example_trigger_target_dag.py
[2025-10-09T19:06:56.147+0000] {processor.py:914} INFO - Processing file /home/airflow/.local/lib/python3.12/site-packages/airflow/example_dags/example_trigger_target_dag.py for tasks to queue
[2025-10-09T19:06:56.158+0000] {logging_mixin.py:190} INFO - [2025-10-09T19:06:56.157+0000] {dagbag.py:587} INFO - Filling up the DagBag from /home/airflow/.local/lib/python3.12/site-packages/airflow/example_dags/example_trigger_target_dag.py
[2025-10-09T19:06:56.193+0000] {processor.py:925} INFO - DAG(s) 'example_trigger_target_dag' retrieved from /home/airflow/.local/lib/python3.12/site-packages/airflow/example_dags/example_trigger_target_dag.py
[2025-10-09T19:06:56.286+0000] {logging_mixin.py:190} INFO - [2025-10-09T19:06:56.285+0000] {dag.py:3211} INFO - Sync 1 DAGs
[2025-10-09T19:06:56.353+0000] {logging_mixin.py:190} INFO - [2025-10-09T19:06:56.353+0000] {dag.py:4138} INFO - Setting next_dagrun for example_trigger_target_dag to None, run_after=None
[2025-10-09T19:06:56.424+0000] {processor.py:208} INFO - Processing /home/airflow/.local/lib/python3.12/site-packages/airflow/example_dags/example_trigger_target_dag.py took 0.311 seconds
[2025-10-09T19:14:00.020+0000] {processor.py:186} INFO - Started process (PID=89) to work on /home/airflow/.local/lib/python3.12/site-packages/airflow/example_dags/example_trigger_target_dag.py
[2025-10-09T19:14:00.033+0000] {processor.py:914} INFO - Processing file /home/airflow/.local/lib/python3.12/site-packages/airflow/example_dags/example_trigger_target_dag.py for tasks to queue
[2025-10-09T19:14:00.049+0000] {logging_mixin.py:190} INFO - [2025-10-09T19:14:00.048+0000] {dagbag.py:587} INFO - Filling up the DagBag from /home/airflow/.local/lib/python3.12/site-packages/airflow/example_dags/example_trigger_target_dag.py
[2025-10-09T19:14:00.114+0000] {processor.py:925} INFO - DAG(s) 'example_trigger_target_dag' retrieved from /home/airflow/.local/lib/python3.12/site-packages/airflow/example_dags/example_trigger_target_dag.py
[2025-10-09T19:14:00.317+0000] {logging_mixin.py:190} INFO - [2025-10-09T19:14:00.316+0000] {dag.py:3211} INFO - Sync 1 DAGs
[2025-10-09T19:14:00.413+0000] {logging_mixin.py:190} INFO - [2025-10-09T19:14:00.412+0000] {dag.py:4138} INFO - Setting next_dagrun for example_trigger_target_dag to None, run_after=None
[2025-10-09T19:14:00.480+0000] {processor.py:208} INFO - Processing /home/airflow/.local/lib/python3.12/site-packages/airflow/example_dags/example_trigger_target_dag.py took 0.485 seconds
[2025-10-09T19:14:30.749+0000] {processor.py:186} INFO - Started process (PID=152) to work on /home/airflow/.local/lib/python3.12/site-packages/airflow/example_dags/example_trigger_target_dag.py
[2025-10-09T19:14:30.752+0000] {processor.py:914} INFO - Processing file /home/airflow/.local/lib/python3.12/site-packages/airflow/example_dags/example_trigger_target_dag.py for tasks to queue
[2025-10-09T19:14:30.762+0000] {logging_mixin.py:190} INFO - [2025-10-09T19:14:30.761+0000] {dagbag.py:587} INFO - Filling up the DagBag from /home/airflow/.local/lib/python3.12/site-packages/airflow/example_dags/example_trigger_target_dag.py
[2025-10-09T19:14:30.804+0000] {processor.py:925} INFO - DAG(s) 'example_trigger_target_dag' retrieved from /home/airflow/.local/lib/python3.12/site-packages/airflow/example_dags/example_trigger_target_dag.py
[2025-10-09T19:14:30.885+0000] {logging_mixin.py:190} INFO - [2025-10-09T19:14:30.884+0000] {dag.py:3211} INFO - Sync 1 DAGs
[2025-10-09T19:14:30.925+0000] {logging_mixin.py:190} INFO - [2025-10-09T19:14:30.924+0000] {dag.py:4138} INFO - Setting next_dagrun for example_trigger_target_dag to None, run_after=None
[2025-10-09T19:14:30.966+0000] {processor.py:208} INFO - Processing /home/airflow/.local/lib/python3.12/site-packages/airflow/example_dags/example_trigger_target_dag.py took 0.243 seconds
[2025-10-09T19:15:01.721+0000] {processor.py:186} INFO - Started process (PID=216) to work on /home/airflow/.local/lib/python3.12/site-packages/airflow/example_dags/example_trigger_target_dag.py
[2025-10-09T19:15:01.725+0000] {processor.py:914} INFO - Processing file /home/airflow/.local/lib/python3.12/site-packages/airflow/example_dags/example_trigger_target_dag.py for tasks to queue
[2025-10-09T19:15:01.732+0000] {logging_mixin.py:190} INFO - [2025-10-09T19:15:01.731+0000] {dagbag.py:587} INFO - Filling up the DagBag from /home/airflow/.local/lib/python3.12/site-packages/airflow/example_dags/example_trigger_target_dag.py
[2025-10-09T19:15:01.759+0000] {processor.py:925} INFO - DAG(s) 'example_trigger_target_dag' retrieved from /home/airflow/.local/lib/python3.12/site-packages/airflow/example_dags/example_trigger_target_dag.py
[2025-10-09T19:15:01.814+0000] {logging_mixin.py:190} INFO - [2025-10-09T19:15:01.813+0000] {dag.py:3211} INFO - Sync 1 DAGs
[2025-10-09T19:15:01.852+0000] {logging_mixin.py:190} INFO - [2025-10-09T19:15:01.852+0000] {dag.py:4138} INFO - Setting next_dagrun for example_trigger_target_dag to None, run_after=None
[2025-10-09T19:15:01.896+0000] {processor.py:208} INFO - Processing /home/airflow/.local/lib/python3.12/site-packages/airflow/example_dags/example_trigger_target_dag.py took 0.192 seconds
[2025-10-09T19:15:31.538+0000] {processor.py:186} INFO - Started process (PID=279) to work on /home/airflow/.local/lib/python3.12/site-packages/airflow/example_dags/example_trigger_target_dag.py
[2025-10-09T19:15:31.541+0000] {processor.py:914} INFO - Processing file /home/airflow/.local/lib/python3.12/site-packages/airflow/example_dags/example_trigger_target_dag.py for tasks to queue
[2025-10-09T19:15:31.549+0000] {logging_mixin.py:190} INFO - [2025-10-09T19:15:31.549+0000] {dagbag.py:587} INFO - Filling up the DagBag from /home/airflow/.local/lib/python3.12/site-packages/airflow/example_dags/example_trigger_target_dag.py
[2025-10-09T19:15:31.574+0000] {processor.py:925} INFO - DAG(s) 'example_trigger_target_dag' retrieved from /home/airflow/.local/lib/python3.12/site-packages/airflow/example_dags/example_trigger_target_dag.py
[2025-10-09T19:15:31.627+0000] {logging_mixin.py:190} INFO - [2025-10-09T19:15:31.627+0000] {dag.py:3211} INFO - Sync 1 DAGs
[2025-10-09T19:15:31.673+0000] {logging_mixin.py:190} INFO - [2025-10-09T19:15:31.672+0000] {dag.py:4138} INFO - Setting next_dagrun for example_trigger_target_dag to None, run_after=None
[2025-10-09T19:15:31.733+0000] {processor.py:208} INFO - Processing /home/airflow/.local/lib/python3.12/site-packages/airflow/example_dags/example_trigger_target_dag.py took 0.211 seconds
[2025-10-09T19:16:03.902+0000] {processor.py:186} INFO - Started process (PID=342) to work on /home/airflow/.local/lib/python3.12/site-packages/airflow/example_dags/example_trigger_target_dag.py
[2025-10-09T19:16:03.906+0000] {processor.py:914} INFO - Processing file /home/airflow/.local/lib/python3.12/site-packages/airflow/example_dags/example_trigger_target_dag.py for tasks to queue
[2025-10-09T19:16:03.923+0000] {logging_mixin.py:190} INFO - [2025-10-09T19:16:03.921+0000] {dagbag.py:587} INFO - Filling up the DagBag from /home/airflow/.local/lib/python3.12/site-packages/airflow/example_dags/example_trigger_target_dag.py
[2025-10-09T19:16:03.961+0000] {processor.py:925} INFO - DAG(s) 'example_trigger_target_dag' retrieved from /home/airflow/.local/lib/python3.12/site-packages/airflow/example_dags/example_trigger_target_dag.py
[2025-10-09T19:16:04.043+0000] {logging_mixin.py:190} INFO - [2025-10-09T19:16:04.042+0000] {dag.py:3211} INFO - Sync 1 DAGs
[2025-10-09T19:16:04.091+0000] {logging_mixin.py:190} INFO - [2025-10-09T19:16:04.090+0000] {dag.py:4138} INFO - Setting next_dagrun for example_trigger_target_dag to None, run_after=None
[2025-10-09T19:16:04.150+0000] {processor.py:208} INFO - Processing /home/airflow/.local/lib/python3.12/site-packages/airflow/example_dags/example_trigger_target_dag.py took 0.271 seconds
[2025-10-09T19:18:25.315+0000] {processor.py:186} INFO - Started process (PID=427) to work on /home/airflow/.local/lib/python3.12/site-packages/airflow/example_dags/example_trigger_target_dag.py
[2025-10-09T19:18:25.381+0000] {processor.py:914} INFO - Processing file /home/airflow/.local/lib/python3.12/site-packages/airflow/example_dags/example_trigger_target_dag.py for tasks to queue
[2025-10-09T19:18:25.581+0000] {logging_mixin.py:190} INFO - [2025-10-09T19:18:25.551+0000] {dagbag.py:587} INFO - Filling up the DagBag from /home/airflow/.local/lib/python3.12/site-packages/airflow/example_dags/example_trigger_target_dag.py
[2025-10-09T19:18:25.917+0000] {processor.py:925} INFO - DAG(s) 'example_trigger_target_dag' retrieved from /home/airflow/.local/lib/python3.12/site-packages/airflow/example_dags/example_trigger_target_dag.py
[2025-10-09T19:18:26.520+0000] {logging_mixin.py:190} INFO - [2025-10-09T19:18:26.505+0000] {dag.py:3211} INFO - Sync 1 DAGs
[2025-10-09T19:18:27.143+0000] {logging_mixin.py:190} INFO - [2025-10-09T19:18:27.135+0000] {dag.py:4138} INFO - Setting next_dagrun for example_trigger_target_dag to None, run_after=None
[2025-10-09T19:18:28.220+0000] {processor.py:208} INFO - Processing /home/airflow/.local/lib/python3.12/site-packages/airflow/example_dags/example_trigger_target_dag.py took 3.093 seconds
[2025-10-09T19:21:10.660+0000] {processor.py:186} INFO - Started process (PID=497) to work on /home/airflow/.local/lib/python3.12/site-packages/airflow/example_dags/example_trigger_target_dag.py
[2025-10-09T19:21:10.678+0000] {processor.py:914} INFO - Processing file /home/airflow/.local/lib/python3.12/site-packages/airflow/example_dags/example_trigger_target_dag.py for tasks to queue
[2025-10-09T19:21:10.792+0000] {logging_mixin.py:190} INFO - [2025-10-09T19:21:10.774+0000] {dagbag.py:587} INFO - Filling up the DagBag from /home/airflow/.local/lib/python3.12/site-packages/airflow/example_dags/example_trigger_target_dag.py
[2025-10-09T19:21:11.291+0000] {processor.py:925} INFO - DAG(s) 'example_trigger_target_dag' retrieved from /home/airflow/.local/lib/python3.12/site-packages/airflow/example_dags/example_trigger_target_dag.py
[2025-10-09T19:21:12.658+0000] {logging_mixin.py:190} INFO - [2025-10-09T19:21:12.656+0000] {dag.py:3211} INFO - Sync 1 DAGs
[2025-10-09T19:21:13.333+0000] {logging_mixin.py:190} INFO - [2025-10-09T19:21:13.331+0000] {dag.py:4138} INFO - Setting next_dagrun for example_trigger_target_dag to None, run_after=None
[2025-10-09T19:21:14.103+0000] {processor.py:208} INFO - Processing /home/airflow/.local/lib/python3.12/site-packages/airflow/example_dags/example_trigger_target_dag.py took 3.861 seconds
[2025-10-09T19:23:11.173+0000] {processor.py:186} INFO - Started process (PID=566) to work on /home/airflow/.local/lib/python3.12/site-packages/airflow/example_dags/example_trigger_target_dag.py
[2025-10-09T19:23:11.203+0000] {processor.py:914} INFO - Processing file /home/airflow/.local/lib/python3.12/site-packages/airflow/example_dags/example_trigger_target_dag.py for tasks to queue
[2025-10-09T19:23:11.277+0000] {logging_mixin.py:190} INFO - [2025-10-09T19:23:11.261+0000] {dagbag.py:587} INFO - Filling up the DagBag from /home/airflow/.local/lib/python3.12/site-packages/airflow/example_dags/example_trigger_target_dag.py
[2025-10-09T19:23:11.443+0000] {processor.py:925} INFO - DAG(s) 'example_trigger_target_dag' retrieved from /home/airflow/.local/lib/python3.12/site-packages/airflow/example_dags/example_trigger_target_dag.py
[2025-10-09T19:23:11.891+0000] {logging_mixin.py:190} INFO - [2025-10-09T19:23:11.876+0000] {dag.py:3211} INFO - Sync 1 DAGs
[2025-10-09T19:23:12.424+0000] {logging_mixin.py:190} INFO - [2025-10-09T19:23:12.410+0000] {dag.py:4138} INFO - Setting next_dagrun for example_trigger_target_dag to None, run_after=None
[2025-10-09T19:23:13.330+0000] {processor.py:208} INFO - Processing /home/airflow/.local/lib/python3.12/site-packages/airflow/example_dags/example_trigger_target_dag.py took 2.262 seconds
