[2025-10-09T19:03:21.559+0000] {processor.py:186} INFO - Started process (PID=172) to work on /home/airflow/.local/lib/python3.12/site-packages/airflow/example_dags/example_branch_operator.py
[2025-10-09T19:03:21.567+0000] {processor.py:914} INFO - Processing file /home/airflow/.local/lib/python3.12/site-packages/airflow/example_dags/example_branch_operator.py for tasks to queue
[2025-10-09T19:03:21.595+0000] {logging_mixin.py:190} INFO - [2025-10-09T19:03:21.591+0000] {dagbag.py:587} INFO - Filling up the DagBag from /home/airflow/.local/lib/python3.12/site-packages/airflow/example_dags/example_branch_operator.py
[2025-10-09T19:03:21.761+0000] {processor.py:925} INFO - DAG(s) 'example_branch_operator' retrieved from /home/airflow/.local/lib/python3.12/site-packages/airflow/example_dags/example_branch_operator.py
[2025-10-09T19:03:22.601+0000] {logging_mixin.py:190} INFO - [2025-10-09T19:03:22.598+0000] {override.py:1858} INFO - Created Permission View: can edit on DAG:example_branch_operator
[2025-10-09T19:03:22.671+0000] {logging_mixin.py:190} INFO - [2025-10-09T19:03:22.665+0000] {override.py:1858} INFO - Created Permission View: can delete on DAG:example_branch_operator
[2025-10-09T19:03:22.731+0000] {logging_mixin.py:190} INFO - [2025-10-09T19:03:22.729+0000] {override.py:1858} INFO - Created Permission View: can read on DAG:example_branch_operator
[2025-10-09T19:03:22.737+0000] {logging_mixin.py:190} INFO - [2025-10-09T19:03:22.735+0000] {dag.py:3211} INFO - Sync 1 DAGs
[2025-10-09T19:03:22.875+0000] {logging_mixin.py:190} INFO - [2025-10-09T19:03:22.872+0000] {dag.py:3234} INFO - Creating ORM DAG for example_branch_operator
[2025-10-09T19:03:23.000+0000] {logging_mixin.py:190} INFO - [2025-10-09T19:03:22.998+0000] {dag.py:4138} INFO - Setting next_dagrun for example_branch_operator to 2025-10-08 00:00:00+00:00, run_after=2025-10-09 00:00:00+00:00
[2025-10-09T19:03:23.133+0000] {processor.py:208} INFO - Processing /home/airflow/.local/lib/python3.12/site-packages/airflow/example_dags/example_branch_operator.py took 1.658 seconds
[2025-10-09T19:04:23.486+0000] {processor.py:186} INFO - Started process (PID=242) to work on /home/airflow/.local/lib/python3.12/site-packages/airflow/example_dags/example_branch_operator.py
[2025-10-09T19:04:23.492+0000] {processor.py:914} INFO - Processing file /home/airflow/.local/lib/python3.12/site-packages/airflow/example_dags/example_branch_operator.py for tasks to queue
[2025-10-09T19:04:23.509+0000] {logging_mixin.py:190} INFO - [2025-10-09T19:04:23.507+0000] {dagbag.py:587} INFO - Filling up the DagBag from /home/airflow/.local/lib/python3.12/site-packages/airflow/example_dags/example_branch_operator.py
[2025-10-09T19:04:23.641+0000] {processor.py:925} INFO - DAG(s) 'example_branch_operator' retrieved from /home/airflow/.local/lib/python3.12/site-packages/airflow/example_dags/example_branch_operator.py
[2025-10-09T19:04:23.832+0000] {logging_mixin.py:190} INFO - [2025-10-09T19:04:23.830+0000] {dag.py:3211} INFO - Sync 1 DAGs
[2025-10-09T19:04:24.073+0000] {logging_mixin.py:190} INFO - [2025-10-09T19:04:24.071+0000] {dag.py:4138} INFO - Setting next_dagrun for example_branch_operator to 2025-10-08 00:00:00+00:00, run_after=2025-10-09 00:00:00+00:00
[2025-10-09T19:04:24.186+0000] {processor.py:208} INFO - Processing /home/airflow/.local/lib/python3.12/site-packages/airflow/example_dags/example_branch_operator.py took 0.742 seconds
[2025-10-09T19:05:04.654+0000] {processor.py:186} INFO - Started process (PID=305) to work on /home/airflow/.local/lib/python3.12/site-packages/airflow/example_dags/example_branch_operator.py
[2025-10-09T19:05:04.676+0000] {processor.py:914} INFO - Processing file /home/airflow/.local/lib/python3.12/site-packages/airflow/example_dags/example_branch_operator.py for tasks to queue
[2025-10-09T19:05:04.735+0000] {logging_mixin.py:190} INFO - [2025-10-09T19:05:04.720+0000] {dagbag.py:587} INFO - Filling up the DagBag from /home/airflow/.local/lib/python3.12/site-packages/airflow/example_dags/example_branch_operator.py
[2025-10-09T19:05:05.075+0000] {processor.py:925} INFO - DAG(s) 'example_branch_operator' retrieved from /home/airflow/.local/lib/python3.12/site-packages/airflow/example_dags/example_branch_operator.py
[2025-10-09T19:05:05.760+0000] {logging_mixin.py:190} INFO - [2025-10-09T19:05:05.758+0000] {dag.py:3211} INFO - Sync 1 DAGs
[2025-10-09T19:05:06.274+0000] {logging_mixin.py:190} INFO - [2025-10-09T19:05:06.273+0000] {dag.py:4138} INFO - Setting next_dagrun for example_branch_operator to 2025-10-08 00:00:00+00:00, run_after=2025-10-09 00:00:00+00:00
[2025-10-09T19:05:06.626+0000] {processor.py:208} INFO - Processing /home/airflow/.local/lib/python3.12/site-packages/airflow/example_dags/example_branch_operator.py took 2.168 seconds
[2025-10-09T19:06:00.839+0000] {processor.py:186} INFO - Started process (PID=383) to work on /home/airflow/.local/lib/python3.12/site-packages/airflow/example_dags/example_branch_operator.py
[2025-10-09T19:06:00.851+0000] {processor.py:914} INFO - Processing file /home/airflow/.local/lib/python3.12/site-packages/airflow/example_dags/example_branch_operator.py for tasks to queue
[2025-10-09T19:06:00.875+0000] {logging_mixin.py:190} INFO - [2025-10-09T19:06:00.873+0000] {dagbag.py:587} INFO - Filling up the DagBag from /home/airflow/.local/lib/python3.12/site-packages/airflow/example_dags/example_branch_operator.py
[2025-10-09T19:06:01.079+0000] {processor.py:925} INFO - DAG(s) 'example_branch_operator' retrieved from /home/airflow/.local/lib/python3.12/site-packages/airflow/example_dags/example_branch_operator.py
[2025-10-09T19:06:01.511+0000] {logging_mixin.py:190} INFO - [2025-10-09T19:06:01.510+0000] {dag.py:3211} INFO - Sync 1 DAGs
[2025-10-09T19:06:01.840+0000] {logging_mixin.py:190} INFO - [2025-10-09T19:06:01.836+0000] {dag.py:4138} INFO - Setting next_dagrun for example_branch_operator to 2025-10-08 00:00:00+00:00, run_after=2025-10-09 00:00:00+00:00
[2025-10-09T19:06:02.019+0000] {processor.py:208} INFO - Processing /home/airflow/.local/lib/python3.12/site-packages/airflow/example_dags/example_branch_operator.py took 1.183 seconds
[2025-10-09T19:06:36.816+0000] {processor.py:186} INFO - Started process (PID=446) to work on /home/airflow/.local/lib/python3.12/site-packages/airflow/example_dags/example_branch_operator.py
[2025-10-09T19:06:36.855+0000] {processor.py:914} INFO - Processing file /home/airflow/.local/lib/python3.12/site-packages/airflow/example_dags/example_branch_operator.py for tasks to queue
[2025-10-09T19:06:36.893+0000] {logging_mixin.py:190} INFO - [2025-10-09T19:06:36.881+0000] {dagbag.py:587} INFO - Filling up the DagBag from /home/airflow/.local/lib/python3.12/site-packages/airflow/example_dags/example_branch_operator.py
[2025-10-09T19:06:37.063+0000] {processor.py:925} INFO - DAG(s) 'example_branch_operator' retrieved from /home/airflow/.local/lib/python3.12/site-packages/airflow/example_dags/example_branch_operator.py
[2025-10-09T19:06:37.605+0000] {logging_mixin.py:190} INFO - [2025-10-09T19:06:37.603+0000] {dag.py:3211} INFO - Sync 1 DAGs
[2025-10-09T19:06:38.214+0000] {logging_mixin.py:190} INFO - [2025-10-09T19:06:38.212+0000] {dag.py:4138} INFO - Setting next_dagrun for example_branch_operator to 2025-10-08 00:00:00+00:00, run_after=2025-10-09 00:00:00+00:00
[2025-10-09T19:06:38.478+0000] {processor.py:208} INFO - Processing /home/airflow/.local/lib/python3.12/site-packages/airflow/example_dags/example_branch_operator.py took 1.751 seconds
[2025-10-09T19:07:09.338+0000] {processor.py:186} INFO - Started process (PID=510) to work on /home/airflow/.local/lib/python3.12/site-packages/airflow/example_dags/example_branch_operator.py
[2025-10-09T19:07:09.347+0000] {processor.py:914} INFO - Processing file /home/airflow/.local/lib/python3.12/site-packages/airflow/example_dags/example_branch_operator.py for tasks to queue
[2025-10-09T19:07:09.367+0000] {logging_mixin.py:190} INFO - [2025-10-09T19:07:09.364+0000] {dagbag.py:587} INFO - Filling up the DagBag from /home/airflow/.local/lib/python3.12/site-packages/airflow/example_dags/example_branch_operator.py
[2025-10-09T19:07:09.658+0000] {processor.py:925} INFO - DAG(s) 'example_branch_operator' retrieved from /home/airflow/.local/lib/python3.12/site-packages/airflow/example_dags/example_branch_operator.py
[2025-10-09T19:07:10.304+0000] {logging_mixin.py:190} INFO - [2025-10-09T19:07:10.302+0000] {dag.py:3211} INFO - Sync 1 DAGs
[2025-10-09T19:07:10.814+0000] {logging_mixin.py:190} INFO - [2025-10-09T19:07:10.802+0000] {dag.py:4138} INFO - Setting next_dagrun for example_branch_operator to 2025-10-08 00:00:00+00:00, run_after=2025-10-09 00:00:00+00:00
[2025-10-09T19:07:11.098+0000] {processor.py:208} INFO - Processing /home/airflow/.local/lib/python3.12/site-packages/airflow/example_dags/example_branch_operator.py took 1.813 seconds
[2025-10-09T19:14:05.740+0000] {processor.py:186} INFO - Started process (PID=103) to work on /home/airflow/.local/lib/python3.12/site-packages/airflow/example_dags/example_branch_operator.py
[2025-10-09T19:14:05.745+0000] {processor.py:914} INFO - Processing file /home/airflow/.local/lib/python3.12/site-packages/airflow/example_dags/example_branch_operator.py for tasks to queue
[2025-10-09T19:14:05.757+0000] {logging_mixin.py:190} INFO - [2025-10-09T19:14:05.756+0000] {dagbag.py:587} INFO - Filling up the DagBag from /home/airflow/.local/lib/python3.12/site-packages/airflow/example_dags/example_branch_operator.py
[2025-10-09T19:14:05.832+0000] {processor.py:925} INFO - DAG(s) 'example_branch_operator' retrieved from /home/airflow/.local/lib/python3.12/site-packages/airflow/example_dags/example_branch_operator.py
[2025-10-09T19:14:06.351+0000] {logging_mixin.py:190} INFO - [2025-10-09T19:14:06.351+0000] {dag.py:3211} INFO - Sync 1 DAGs
[2025-10-09T19:14:06.430+0000] {logging_mixin.py:190} INFO - [2025-10-09T19:14:06.429+0000] {dag.py:4138} INFO - Setting next_dagrun for example_branch_operator to 2025-10-08 00:00:00+00:00, run_after=2025-10-09 00:00:00+00:00
[2025-10-09T19:14:06.728+0000] {processor.py:208} INFO - Processing /home/airflow/.local/lib/python3.12/site-packages/airflow/example_dags/example_branch_operator.py took 1.010 seconds
[2025-10-09T19:14:37.727+0000] {processor.py:186} INFO - Started process (PID=166) to work on /home/airflow/.local/lib/python3.12/site-packages/airflow/example_dags/example_branch_operator.py
[2025-10-09T19:14:37.731+0000] {processor.py:914} INFO - Processing file /home/airflow/.local/lib/python3.12/site-packages/airflow/example_dags/example_branch_operator.py for tasks to queue
[2025-10-09T19:14:37.739+0000] {logging_mixin.py:190} INFO - [2025-10-09T19:14:37.737+0000] {dagbag.py:587} INFO - Filling up the DagBag from /home/airflow/.local/lib/python3.12/site-packages/airflow/example_dags/example_branch_operator.py
[2025-10-09T19:14:37.797+0000] {processor.py:925} INFO - DAG(s) 'example_branch_operator' retrieved from /home/airflow/.local/lib/python3.12/site-packages/airflow/example_dags/example_branch_operator.py
[2025-10-09T19:14:37.864+0000] {logging_mixin.py:190} INFO - [2025-10-09T19:14:37.863+0000] {dag.py:3211} INFO - Sync 1 DAGs
[2025-10-09T19:14:37.938+0000] {logging_mixin.py:190} INFO - [2025-10-09T19:14:37.938+0000] {dag.py:4138} INFO - Setting next_dagrun for example_branch_operator to 2025-10-08 00:00:00+00:00, run_after=2025-10-09 00:00:00+00:00
[2025-10-09T19:14:38.006+0000] {processor.py:208} INFO - Processing /home/airflow/.local/lib/python3.12/site-packages/airflow/example_dags/example_branch_operator.py took 0.307 seconds
[2025-10-09T19:15:08.382+0000] {processor.py:186} INFO - Started process (PID=230) to work on /home/airflow/.local/lib/python3.12/site-packages/airflow/example_dags/example_branch_operator.py
[2025-10-09T19:15:08.385+0000] {processor.py:914} INFO - Processing file /home/airflow/.local/lib/python3.12/site-packages/airflow/example_dags/example_branch_operator.py for tasks to queue
[2025-10-09T19:15:08.392+0000] {logging_mixin.py:190} INFO - [2025-10-09T19:15:08.391+0000] {dagbag.py:587} INFO - Filling up the DagBag from /home/airflow/.local/lib/python3.12/site-packages/airflow/example_dags/example_branch_operator.py
[2025-10-09T19:15:08.443+0000] {processor.py:925} INFO - DAG(s) 'example_branch_operator' retrieved from /home/airflow/.local/lib/python3.12/site-packages/airflow/example_dags/example_branch_operator.py
[2025-10-09T19:15:08.516+0000] {logging_mixin.py:190} INFO - [2025-10-09T19:15:08.516+0000] {dag.py:3211} INFO - Sync 1 DAGs
[2025-10-09T19:15:08.592+0000] {logging_mixin.py:190} INFO - [2025-10-09T19:15:08.591+0000] {dag.py:4138} INFO - Setting next_dagrun for example_branch_operator to 2025-10-08 00:00:00+00:00, run_after=2025-10-09 00:00:00+00:00
[2025-10-09T19:15:08.663+0000] {processor.py:208} INFO - Processing /home/airflow/.local/lib/python3.12/site-packages/airflow/example_dags/example_branch_operator.py took 0.312 seconds
[2025-10-09T19:15:38.937+0000] {processor.py:186} INFO - Started process (PID=293) to work on /home/airflow/.local/lib/python3.12/site-packages/airflow/example_dags/example_branch_operator.py
[2025-10-09T19:15:38.942+0000] {processor.py:914} INFO - Processing file /home/airflow/.local/lib/python3.12/site-packages/airflow/example_dags/example_branch_operator.py for tasks to queue
[2025-10-09T19:15:38.954+0000] {logging_mixin.py:190} INFO - [2025-10-09T19:15:38.952+0000] {dagbag.py:587} INFO - Filling up the DagBag from /home/airflow/.local/lib/python3.12/site-packages/airflow/example_dags/example_branch_operator.py
[2025-10-09T19:15:39.035+0000] {processor.py:925} INFO - DAG(s) 'example_branch_operator' retrieved from /home/airflow/.local/lib/python3.12/site-packages/airflow/example_dags/example_branch_operator.py
[2025-10-09T19:15:39.120+0000] {logging_mixin.py:190} INFO - [2025-10-09T19:15:39.119+0000] {dag.py:3211} INFO - Sync 1 DAGs
[2025-10-09T19:15:39.183+0000] {logging_mixin.py:190} INFO - [2025-10-09T19:15:39.182+0000] {dag.py:4138} INFO - Setting next_dagrun for example_branch_operator to 2025-10-08 00:00:00+00:00, run_after=2025-10-09 00:00:00+00:00
[2025-10-09T19:15:39.237+0000] {processor.py:208} INFO - Processing /home/airflow/.local/lib/python3.12/site-packages/airflow/example_dags/example_branch_operator.py took 0.326 seconds
[2025-10-09T19:16:16.988+0000] {processor.py:186} INFO - Started process (PID=356) to work on /home/airflow/.local/lib/python3.12/site-packages/airflow/example_dags/example_branch_operator.py
[2025-10-09T19:16:17.010+0000] {processor.py:914} INFO - Processing file /home/airflow/.local/lib/python3.12/site-packages/airflow/example_dags/example_branch_operator.py for tasks to queue
[2025-10-09T19:16:17.060+0000] {logging_mixin.py:190} INFO - [2025-10-09T19:16:17.054+0000] {dagbag.py:587} INFO - Filling up the DagBag from /home/airflow/.local/lib/python3.12/site-packages/airflow/example_dags/example_branch_operator.py
[2025-10-09T19:16:17.328+0000] {processor.py:925} INFO - DAG(s) 'example_branch_operator' retrieved from /home/airflow/.local/lib/python3.12/site-packages/airflow/example_dags/example_branch_operator.py
[2025-10-09T19:16:17.794+0000] {logging_mixin.py:190} INFO - [2025-10-09T19:16:17.791+0000] {dag.py:3211} INFO - Sync 1 DAGs
[2025-10-09T19:16:18.238+0000] {logging_mixin.py:190} INFO - [2025-10-09T19:16:18.236+0000] {dag.py:4138} INFO - Setting next_dagrun for example_branch_operator to 2025-10-08 00:00:00+00:00, run_after=2025-10-09 00:00:00+00:00
[2025-10-09T19:16:18.472+0000] {processor.py:208} INFO - Processing /home/airflow/.local/lib/python3.12/site-packages/airflow/example_dags/example_branch_operator.py took 1.644 seconds
[2025-10-09T19:19:28.454+0000] {processor.py:186} INFO - Started process (PID=453) to work on /home/airflow/.local/lib/python3.12/site-packages/airflow/example_dags/example_branch_operator.py
[2025-10-09T19:19:28.472+0000] {processor.py:914} INFO - Processing file /home/airflow/.local/lib/python3.12/site-packages/airflow/example_dags/example_branch_operator.py for tasks to queue
[2025-10-09T19:19:28.598+0000] {logging_mixin.py:190} INFO - [2025-10-09T19:19:28.594+0000] {dagbag.py:587} INFO - Filling up the DagBag from /home/airflow/.local/lib/python3.12/site-packages/airflow/example_dags/example_branch_operator.py
[2025-10-09T19:19:29.816+0000] {processor.py:925} INFO - DAG(s) 'example_branch_operator' retrieved from /home/airflow/.local/lib/python3.12/site-packages/airflow/example_dags/example_branch_operator.py
[2025-10-09T19:19:30.255+0000] {logging_mixin.py:190} INFO - [2025-10-09T19:19:30.253+0000] {dag.py:3211} INFO - Sync 1 DAGs
[2025-10-09T19:19:31.132+0000] {logging_mixin.py:190} INFO - [2025-10-09T19:19:31.122+0000] {dag.py:4138} INFO - Setting next_dagrun for example_branch_operator to 2025-10-08 00:00:00+00:00, run_after=2025-10-09 00:00:00+00:00
[2025-10-09T19:19:31.778+0000] {processor.py:208} INFO - Processing /home/airflow/.local/lib/python3.12/site-packages/airflow/example_dags/example_branch_operator.py took 3.823 seconds
