[2025-10-09T19:03:24.306+0000] {processor.py:186} INFO - Started process (PID=175) to work on /home/airflow/.local/lib/python3.12/site-packages/airflow/example_dags/example_dag_decorator.py
[2025-10-09T19:03:24.313+0000] {processor.py:914} INFO - Processing file /home/airflow/.local/lib/python3.12/site-packages/airflow/example_dags/example_dag_decorator.py for tasks to queue
[2025-10-09T19:03:24.330+0000] {logging_mixin.py:190} INFO - [2025-10-09T19:03:24.327+0000] {dagbag.py:587} INFO - Filling up the DagBag from /home/airflow/.local/lib/python3.12/site-packages/airflow/example_dags/example_dag_decorator.py
[2025-10-09T19:03:24.423+0000] {processor.py:925} INFO - DAG(s) 'example_dag_decorator' retrieved from /home/airflow/.local/lib/python3.12/site-packages/airflow/example_dags/example_dag_decorator.py
[2025-10-09T19:03:25.242+0000] {logging_mixin.py:190} INFO - [2025-10-09T19:03:25.238+0000] {override.py:1858} INFO - Created Permission View: can edit on DAG:example_dag_decorator
[2025-10-09T19:03:25.328+0000] {logging_mixin.py:190} INFO - [2025-10-09T19:03:25.327+0000] {override.py:1858} INFO - Created Permission View: can delete on DAG:example_dag_decorator
[2025-10-09T19:03:25.436+0000] {logging_mixin.py:190} INFO - [2025-10-09T19:03:25.434+0000] {override.py:1858} INFO - Created Permission View: can read on DAG:example_dag_decorator
[2025-10-09T19:03:25.450+0000] {logging_mixin.py:190} INFO - [2025-10-09T19:03:25.449+0000] {dag.py:3211} INFO - Sync 1 DAGs
[2025-10-09T19:03:25.696+0000] {logging_mixin.py:190} INFO - [2025-10-09T19:03:25.685+0000] {dag.py:3234} INFO - Creating ORM DAG for example_dag_decorator
[2025-10-09T19:03:25.711+0000] {logging_mixin.py:190} INFO - [2025-10-09T19:03:25.710+0000] {dag.py:4138} INFO - Setting next_dagrun for example_dag_decorator to None, run_after=None
[2025-10-09T19:03:25.846+0000] {processor.py:208} INFO - Processing /home/airflow/.local/lib/python3.12/site-packages/airflow/example_dags/example_dag_decorator.py took 1.595 seconds
[2025-10-09T19:04:24.679+0000] {processor.py:186} INFO - Started process (PID=245) to work on /home/airflow/.local/lib/python3.12/site-packages/airflow/example_dags/example_dag_decorator.py
[2025-10-09T19:04:24.687+0000] {processor.py:914} INFO - Processing file /home/airflow/.local/lib/python3.12/site-packages/airflow/example_dags/example_dag_decorator.py for tasks to queue
[2025-10-09T19:04:24.713+0000] {logging_mixin.py:190} INFO - [2025-10-09T19:04:24.709+0000] {dagbag.py:587} INFO - Filling up the DagBag from /home/airflow/.local/lib/python3.12/site-packages/airflow/example_dags/example_dag_decorator.py
[2025-10-09T19:04:24.875+0000] {processor.py:925} INFO - DAG(s) 'example_dag_decorator' retrieved from /home/airflow/.local/lib/python3.12/site-packages/airflow/example_dags/example_dag_decorator.py
[2025-10-09T19:04:25.818+0000] {logging_mixin.py:190} INFO - [2025-10-09T19:04:25.817+0000] {dag.py:3211} INFO - Sync 1 DAGs
[2025-10-09T19:04:25.881+0000] {logging_mixin.py:190} INFO - [2025-10-09T19:04:25.879+0000] {dag.py:4138} INFO - Setting next_dagrun for example_dag_decorator to None, run_after=None
[2025-10-09T19:04:25.988+0000] {processor.py:208} INFO - Processing /home/airflow/.local/lib/python3.12/site-packages/airflow/example_dags/example_dag_decorator.py took 1.374 seconds
[2025-10-09T19:05:08.010+0000] {processor.py:186} INFO - Started process (PID=308) to work on /home/airflow/.local/lib/python3.12/site-packages/airflow/example_dags/example_dag_decorator.py
[2025-10-09T19:05:08.018+0000] {processor.py:914} INFO - Processing file /home/airflow/.local/lib/python3.12/site-packages/airflow/example_dags/example_dag_decorator.py for tasks to queue
[2025-10-09T19:05:08.040+0000] {logging_mixin.py:190} INFO - [2025-10-09T19:05:08.038+0000] {dagbag.py:587} INFO - Filling up the DagBag from /home/airflow/.local/lib/python3.12/site-packages/airflow/example_dags/example_dag_decorator.py
[2025-10-09T19:05:08.141+0000] {processor.py:925} INFO - DAG(s) 'example_dag_decorator' retrieved from /home/airflow/.local/lib/python3.12/site-packages/airflow/example_dags/example_dag_decorator.py
[2025-10-09T19:05:08.314+0000] {logging_mixin.py:190} INFO - [2025-10-09T19:05:08.313+0000] {dag.py:3211} INFO - Sync 1 DAGs
[2025-10-09T19:05:08.397+0000] {logging_mixin.py:190} INFO - [2025-10-09T19:05:08.395+0000] {dag.py:4138} INFO - Setting next_dagrun for example_dag_decorator to None, run_after=None
[2025-10-09T19:05:08.505+0000] {processor.py:208} INFO - Processing /home/airflow/.local/lib/python3.12/site-packages/airflow/example_dags/example_dag_decorator.py took 0.539 seconds
[2025-10-09T19:06:03.101+0000] {processor.py:186} INFO - Started process (PID=386) to work on /home/airflow/.local/lib/python3.12/site-packages/airflow/example_dags/example_dag_decorator.py
[2025-10-09T19:06:03.108+0000] {processor.py:914} INFO - Processing file /home/airflow/.local/lib/python3.12/site-packages/airflow/example_dags/example_dag_decorator.py for tasks to queue
[2025-10-09T19:06:03.124+0000] {logging_mixin.py:190} INFO - [2025-10-09T19:06:03.121+0000] {dagbag.py:587} INFO - Filling up the DagBag from /home/airflow/.local/lib/python3.12/site-packages/airflow/example_dags/example_dag_decorator.py
[2025-10-09T19:06:03.226+0000] {processor.py:925} INFO - DAG(s) 'example_dag_decorator' retrieved from /home/airflow/.local/lib/python3.12/site-packages/airflow/example_dags/example_dag_decorator.py
[2025-10-09T19:06:03.359+0000] {logging_mixin.py:190} INFO - [2025-10-09T19:06:03.358+0000] {dag.py:3211} INFO - Sync 1 DAGs
[2025-10-09T19:06:03.640+0000] {logging_mixin.py:190} INFO - [2025-10-09T19:06:03.639+0000] {dag.py:4138} INFO - Setting next_dagrun for example_dag_decorator to None, run_after=None
[2025-10-09T19:06:03.931+0000] {processor.py:208} INFO - Processing /home/airflow/.local/lib/python3.12/site-packages/airflow/example_dags/example_dag_decorator.py took 2.000 seconds
[2025-10-09T19:06:39.389+0000] {processor.py:186} INFO - Started process (PID=449) to work on /home/airflow/.local/lib/python3.12/site-packages/airflow/example_dags/example_dag_decorator.py
[2025-10-09T19:06:39.395+0000] {processor.py:914} INFO - Processing file /home/airflow/.local/lib/python3.12/site-packages/airflow/example_dags/example_dag_decorator.py for tasks to queue
[2025-10-09T19:06:39.428+0000] {logging_mixin.py:190} INFO - [2025-10-09T19:06:39.426+0000] {dagbag.py:587} INFO - Filling up the DagBag from /home/airflow/.local/lib/python3.12/site-packages/airflow/example_dags/example_dag_decorator.py
[2025-10-09T19:06:39.566+0000] {processor.py:925} INFO - DAG(s) 'example_dag_decorator' retrieved from /home/airflow/.local/lib/python3.12/site-packages/airflow/example_dags/example_dag_decorator.py
[2025-10-09T19:06:39.817+0000] {logging_mixin.py:190} INFO - [2025-10-09T19:06:39.816+0000] {dag.py:3211} INFO - Sync 1 DAGs
[2025-10-09T19:06:40.019+0000] {logging_mixin.py:190} INFO - [2025-10-09T19:06:40.017+0000] {dag.py:4138} INFO - Setting next_dagrun for example_dag_decorator to None, run_after=None
[2025-10-09T19:06:40.206+0000] {processor.py:208} INFO - Processing /home/airflow/.local/lib/python3.12/site-packages/airflow/example_dags/example_dag_decorator.py took 0.899 seconds
[2025-10-09T19:07:12.738+0000] {processor.py:186} INFO - Started process (PID=513) to work on /home/airflow/.local/lib/python3.12/site-packages/airflow/example_dags/example_dag_decorator.py
[2025-10-09T19:07:12.763+0000] {processor.py:914} INFO - Processing file /home/airflow/.local/lib/python3.12/site-packages/airflow/example_dags/example_dag_decorator.py for tasks to queue
[2025-10-09T19:07:12.909+0000] {logging_mixin.py:190} INFO - [2025-10-09T19:07:12.830+0000] {dagbag.py:587} INFO - Filling up the DagBag from /home/airflow/.local/lib/python3.12/site-packages/airflow/example_dags/example_dag_decorator.py
[2025-10-09T19:07:13.295+0000] {processor.py:925} INFO - DAG(s) 'example_dag_decorator' retrieved from /home/airflow/.local/lib/python3.12/site-packages/airflow/example_dags/example_dag_decorator.py
[2025-10-09T19:07:15.931+0000] {logging_mixin.py:190} INFO - [2025-10-09T19:07:15.929+0000] {dag.py:3211} INFO - Sync 1 DAGs
[2025-10-09T19:07:16.117+0000] {logging_mixin.py:190} INFO - [2025-10-09T19:07:16.115+0000] {dag.py:4138} INFO - Setting next_dagrun for example_dag_decorator to None, run_after=None
[2025-10-09T19:07:16.319+0000] {processor.py:208} INFO - Processing /home/airflow/.local/lib/python3.12/site-packages/airflow/example_dags/example_dag_decorator.py took 3.791 seconds
[2025-10-09T19:14:07.255+0000] {processor.py:186} INFO - Started process (PID=106) to work on /home/airflow/.local/lib/python3.12/site-packages/airflow/example_dags/example_dag_decorator.py
[2025-10-09T19:14:07.259+0000] {processor.py:914} INFO - Processing file /home/airflow/.local/lib/python3.12/site-packages/airflow/example_dags/example_dag_decorator.py for tasks to queue
[2025-10-09T19:14:07.266+0000] {logging_mixin.py:190} INFO - [2025-10-09T19:14:07.265+0000] {dagbag.py:587} INFO - Filling up the DagBag from /home/airflow/.local/lib/python3.12/site-packages/airflow/example_dags/example_dag_decorator.py
[2025-10-09T19:14:07.320+0000] {processor.py:925} INFO - DAG(s) 'example_dag_decorator' retrieved from /home/airflow/.local/lib/python3.12/site-packages/airflow/example_dags/example_dag_decorator.py
[2025-10-09T19:14:07.991+0000] {logging_mixin.py:190} INFO - [2025-10-09T19:14:07.990+0000] {dag.py:3211} INFO - Sync 1 DAGs
[2025-10-09T19:14:08.045+0000] {logging_mixin.py:190} INFO - [2025-10-09T19:14:08.044+0000] {dag.py:4138} INFO - Setting next_dagrun for example_dag_decorator to None, run_after=None
[2025-10-09T19:14:08.133+0000] {processor.py:208} INFO - Processing /home/airflow/.local/lib/python3.12/site-packages/airflow/example_dags/example_dag_decorator.py took 0.901 seconds
[2025-10-09T19:14:38.493+0000] {processor.py:186} INFO - Started process (PID=169) to work on /home/airflow/.local/lib/python3.12/site-packages/airflow/example_dags/example_dag_decorator.py
[2025-10-09T19:14:38.501+0000] {processor.py:914} INFO - Processing file /home/airflow/.local/lib/python3.12/site-packages/airflow/example_dags/example_dag_decorator.py for tasks to queue
[2025-10-09T19:14:38.521+0000] {logging_mixin.py:190} INFO - [2025-10-09T19:14:38.518+0000] {dagbag.py:587} INFO - Filling up the DagBag from /home/airflow/.local/lib/python3.12/site-packages/airflow/example_dags/example_dag_decorator.py
[2025-10-09T19:14:38.584+0000] {processor.py:925} INFO - DAG(s) 'example_dag_decorator' retrieved from /home/airflow/.local/lib/python3.12/site-packages/airflow/example_dags/example_dag_decorator.py
[2025-10-09T19:14:39.202+0000] {logging_mixin.py:190} INFO - [2025-10-09T19:14:39.201+0000] {dag.py:3211} INFO - Sync 1 DAGs
[2025-10-09T19:14:39.232+0000] {logging_mixin.py:190} INFO - [2025-10-09T19:14:39.231+0000] {dag.py:4138} INFO - Setting next_dagrun for example_dag_decorator to None, run_after=None
[2025-10-09T19:14:39.292+0000] {processor.py:208} INFO - Processing /home/airflow/.local/lib/python3.12/site-packages/airflow/example_dags/example_dag_decorator.py took 0.841 seconds
[2025-10-09T19:15:09.572+0000] {processor.py:186} INFO - Started process (PID=233) to work on /home/airflow/.local/lib/python3.12/site-packages/airflow/example_dags/example_dag_decorator.py
[2025-10-09T19:15:09.575+0000] {processor.py:914} INFO - Processing file /home/airflow/.local/lib/python3.12/site-packages/airflow/example_dags/example_dag_decorator.py for tasks to queue
[2025-10-09T19:15:09.583+0000] {logging_mixin.py:190} INFO - [2025-10-09T19:15:09.582+0000] {dagbag.py:587} INFO - Filling up the DagBag from /home/airflow/.local/lib/python3.12/site-packages/airflow/example_dags/example_dag_decorator.py
[2025-10-09T19:15:09.619+0000] {processor.py:925} INFO - DAG(s) 'example_dag_decorator' retrieved from /home/airflow/.local/lib/python3.12/site-packages/airflow/example_dags/example_dag_decorator.py
[2025-10-09T19:15:10.138+0000] {logging_mixin.py:190} INFO - [2025-10-09T19:15:10.137+0000] {dag.py:3211} INFO - Sync 1 DAGs
[2025-10-09T19:15:10.292+0000] {logging_mixin.py:190} INFO - [2025-10-09T19:15:10.292+0000] {dag.py:4138} INFO - Setting next_dagrun for example_dag_decorator to None, run_after=None
[2025-10-09T19:15:10.827+0000] {processor.py:208} INFO - Processing /home/airflow/.local/lib/python3.12/site-packages/airflow/example_dags/example_dag_decorator.py took 1.277 seconds
[2025-10-09T19:15:41.209+0000] {processor.py:186} INFO - Started process (PID=296) to work on /home/airflow/.local/lib/python3.12/site-packages/airflow/example_dags/example_dag_decorator.py
[2025-10-09T19:15:41.212+0000] {processor.py:914} INFO - Processing file /home/airflow/.local/lib/python3.12/site-packages/airflow/example_dags/example_dag_decorator.py for tasks to queue
[2025-10-09T19:15:41.219+0000] {logging_mixin.py:190} INFO - [2025-10-09T19:15:41.218+0000] {dagbag.py:587} INFO - Filling up the DagBag from /home/airflow/.local/lib/python3.12/site-packages/airflow/example_dags/example_dag_decorator.py
[2025-10-09T19:15:41.261+0000] {processor.py:925} INFO - DAG(s) 'example_dag_decorator' retrieved from /home/airflow/.local/lib/python3.12/site-packages/airflow/example_dags/example_dag_decorator.py
[2025-10-09T19:15:41.776+0000] {logging_mixin.py:190} INFO - [2025-10-09T19:15:41.775+0000] {dag.py:3211} INFO - Sync 1 DAGs
[2025-10-09T19:15:41.814+0000] {logging_mixin.py:190} INFO - [2025-10-09T19:15:41.813+0000] {dag.py:4138} INFO - Setting next_dagrun for example_dag_decorator to None, run_after=None
[2025-10-09T19:15:41.871+0000] {processor.py:208} INFO - Processing /home/airflow/.local/lib/python3.12/site-packages/airflow/example_dags/example_dag_decorator.py took 0.681 seconds
[2025-10-09T19:16:21.041+0000] {processor.py:186} INFO - Started process (PID=365) to work on /home/airflow/.local/lib/python3.12/site-packages/airflow/example_dags/example_dag_decorator.py
[2025-10-09T19:16:21.085+0000] {processor.py:914} INFO - Processing file /home/airflow/.local/lib/python3.12/site-packages/airflow/example_dags/example_dag_decorator.py for tasks to queue
[2025-10-09T19:16:21.168+0000] {logging_mixin.py:190} INFO - [2025-10-09T19:16:21.159+0000] {dagbag.py:587} INFO - Filling up the DagBag from /home/airflow/.local/lib/python3.12/site-packages/airflow/example_dags/example_dag_decorator.py
[2025-10-09T19:16:21.591+0000] {processor.py:925} INFO - DAG(s) 'example_dag_decorator' retrieved from /home/airflow/.local/lib/python3.12/site-packages/airflow/example_dags/example_dag_decorator.py
[2025-10-09T19:16:25.893+0000] {logging_mixin.py:190} INFO - [2025-10-09T19:16:25.890+0000] {dag.py:3211} INFO - Sync 1 DAGs
[2025-10-09T19:16:26.402+0000] {logging_mixin.py:190} INFO - [2025-10-09T19:16:26.390+0000] {dag.py:4138} INFO - Setting next_dagrun for example_dag_decorator to None, run_after=None
[2025-10-09T19:16:26.859+0000] {processor.py:208} INFO - Processing /home/airflow/.local/lib/python3.12/site-packages/airflow/example_dags/example_dag_decorator.py took 5.925 seconds
[2025-10-09T19:19:36.552+0000] {processor.py:186} INFO - Started process (PID=456) to work on /home/airflow/.local/lib/python3.12/site-packages/airflow/example_dags/example_dag_decorator.py
[2025-10-09T19:19:36.656+0000] {processor.py:914} INFO - Processing file /home/airflow/.local/lib/python3.12/site-packages/airflow/example_dags/example_dag_decorator.py for tasks to queue
[2025-10-09T19:19:37.437+0000] {logging_mixin.py:190} INFO - [2025-10-09T19:19:37.420+0000] {dagbag.py:587} INFO - Filling up the DagBag from /home/airflow/.local/lib/python3.12/site-packages/airflow/example_dags/example_dag_decorator.py
[2025-10-09T19:19:38.281+0000] {processor.py:925} INFO - DAG(s) 'example_dag_decorator' retrieved from /home/airflow/.local/lib/python3.12/site-packages/airflow/example_dags/example_dag_decorator.py
[2025-10-09T19:19:43.745+0000] {logging_mixin.py:190} INFO - [2025-10-09T19:19:43.743+0000] {dag.py:3211} INFO - Sync 1 DAGs
[2025-10-09T19:19:44.131+0000] {logging_mixin.py:190} INFO - [2025-10-09T19:19:44.129+0000] {dag.py:4138} INFO - Setting next_dagrun for example_dag_decorator to None, run_after=None
[2025-10-09T19:19:45.234+0000] {processor.py:208} INFO - Processing /home/airflow/.local/lib/python3.12/site-packages/airflow/example_dags/example_dag_decorator.py took 9.261 seconds
[2025-10-09T19:23:45.534+0000] {processor.py:186} INFO - Started process (PID=589) to work on /home/airflow/.local/lib/python3.12/site-packages/airflow/example_dags/example_dag_decorator.py
[2025-10-09T19:23:45.544+0000] {processor.py:914} INFO - Processing file /home/airflow/.local/lib/python3.12/site-packages/airflow/example_dags/example_dag_decorator.py for tasks to queue
[2025-10-09T19:23:45.589+0000] {logging_mixin.py:190} INFO - [2025-10-09T19:23:45.586+0000] {dagbag.py:587} INFO - Filling up the DagBag from /home/airflow/.local/lib/python3.12/site-packages/airflow/example_dags/example_dag_decorator.py
[2025-10-09T19:23:45.777+0000] {processor.py:925} INFO - DAG(s) 'example_dag_decorator' retrieved from /home/airflow/.local/lib/python3.12/site-packages/airflow/example_dags/example_dag_decorator.py
[2025-10-09T19:23:49.308+0000] {logging_mixin.py:190} INFO - [2025-10-09T19:23:49.307+0000] {dag.py:3211} INFO - Sync 1 DAGs
[2025-10-09T19:23:49.675+0000] {logging_mixin.py:190} INFO - [2025-10-09T19:23:49.673+0000] {dag.py:4138} INFO - Setting next_dagrun for example_dag_decorator to None, run_after=None
[2025-10-09T19:23:50.056+0000] {processor.py:208} INFO - Processing /home/airflow/.local/lib/python3.12/site-packages/airflow/example_dags/example_dag_decorator.py took 4.648 seconds
[2025-10-09T19:24:20.828+0000] {processor.py:186} INFO - Started process (PID=651) to work on /home/airflow/.local/lib/python3.12/site-packages/airflow/example_dags/example_dag_decorator.py
[2025-10-09T19:24:20.863+0000] {processor.py:914} INFO - Processing file /home/airflow/.local/lib/python3.12/site-packages/airflow/example_dags/example_dag_decorator.py for tasks to queue
[2025-10-09T19:24:20.903+0000] {logging_mixin.py:190} INFO - [2025-10-09T19:24:20.901+0000] {dagbag.py:587} INFO - Filling up the DagBag from /home/airflow/.local/lib/python3.12/site-packages/airflow/example_dags/example_dag_decorator.py
[2025-10-09T19:24:21.106+0000] {processor.py:925} INFO - DAG(s) 'example_dag_decorator' retrieved from /home/airflow/.local/lib/python3.12/site-packages/airflow/example_dags/example_dag_decorator.py
[2025-10-09T19:24:22.224+0000] {logging_mixin.py:190} INFO - [2025-10-09T19:24:22.223+0000] {dag.py:3211} INFO - Sync 1 DAGs
[2025-10-09T19:24:22.294+0000] {logging_mixin.py:190} INFO - [2025-10-09T19:24:22.293+0000] {dag.py:4138} INFO - Setting next_dagrun for example_dag_decorator to None, run_after=None
[2025-10-09T19:24:22.416+0000] {processor.py:208} INFO - Processing /home/airflow/.local/lib/python3.12/site-packages/airflow/example_dags/example_dag_decorator.py took 1.706 seconds
[2025-10-09T19:24:53.273+0000] {processor.py:186} INFO - Started process (PID=715) to work on /home/airflow/.local/lib/python3.12/site-packages/airflow/example_dags/example_dag_decorator.py
[2025-10-09T19:24:53.277+0000] {processor.py:914} INFO - Processing file /home/airflow/.local/lib/python3.12/site-packages/airflow/example_dags/example_dag_decorator.py for tasks to queue
[2025-10-09T19:24:53.288+0000] {logging_mixin.py:190} INFO - [2025-10-09T19:24:53.287+0000] {dagbag.py:587} INFO - Filling up the DagBag from /home/airflow/.local/lib/python3.12/site-packages/airflow/example_dags/example_dag_decorator.py
[2025-10-09T19:24:53.345+0000] {processor.py:925} INFO - DAG(s) 'example_dag_decorator' retrieved from /home/airflow/.local/lib/python3.12/site-packages/airflow/example_dags/example_dag_decorator.py
[2025-10-09T19:24:53.903+0000] {logging_mixin.py:190} INFO - [2025-10-09T19:24:53.903+0000] {dag.py:3211} INFO - Sync 1 DAGs
[2025-10-09T19:24:53.963+0000] {logging_mixin.py:190} INFO - [2025-10-09T19:24:53.962+0000] {dag.py:4138} INFO - Setting next_dagrun for example_dag_decorator to None, run_after=None
[2025-10-09T19:24:54.056+0000] {processor.py:208} INFO - Processing /home/airflow/.local/lib/python3.12/site-packages/airflow/example_dags/example_dag_decorator.py took 0.813 seconds
[2025-10-09T19:25:25.054+0000] {processor.py:186} INFO - Started process (PID=780) to work on /home/airflow/.local/lib/python3.12/site-packages/airflow/example_dags/example_dag_decorator.py
[2025-10-09T19:25:25.057+0000] {processor.py:914} INFO - Processing file /home/airflow/.local/lib/python3.12/site-packages/airflow/example_dags/example_dag_decorator.py for tasks to queue
[2025-10-09T19:25:25.065+0000] {logging_mixin.py:190} INFO - [2025-10-09T19:25:25.064+0000] {dagbag.py:587} INFO - Filling up the DagBag from /home/airflow/.local/lib/python3.12/site-packages/airflow/example_dags/example_dag_decorator.py
[2025-10-09T19:25:25.106+0000] {processor.py:925} INFO - DAG(s) 'example_dag_decorator' retrieved from /home/airflow/.local/lib/python3.12/site-packages/airflow/example_dags/example_dag_decorator.py
[2025-10-09T19:25:25.469+0000] {logging_mixin.py:190} INFO - [2025-10-09T19:25:25.468+0000] {dag.py:3211} INFO - Sync 1 DAGs
[2025-10-09T19:25:25.496+0000] {logging_mixin.py:190} INFO - [2025-10-09T19:25:25.495+0000] {dag.py:4138} INFO - Setting next_dagrun for example_dag_decorator to None, run_after=None
[2025-10-09T19:25:25.544+0000] {processor.py:208} INFO - Processing /home/airflow/.local/lib/python3.12/site-packages/airflow/example_dags/example_dag_decorator.py took 0.506 seconds
[2025-10-09T19:25:56.333+0000] {processor.py:186} INFO - Started process (PID=844) to work on /home/airflow/.local/lib/python3.12/site-packages/airflow/example_dags/example_dag_decorator.py
[2025-10-09T19:25:56.335+0000] {processor.py:914} INFO - Processing file /home/airflow/.local/lib/python3.12/site-packages/airflow/example_dags/example_dag_decorator.py for tasks to queue
[2025-10-09T19:25:56.345+0000] {logging_mixin.py:190} INFO - [2025-10-09T19:25:56.343+0000] {dagbag.py:587} INFO - Filling up the DagBag from /home/airflow/.local/lib/python3.12/site-packages/airflow/example_dags/example_dag_decorator.py
[2025-10-09T19:25:56.388+0000] {processor.py:925} INFO - DAG(s) 'example_dag_decorator' retrieved from /home/airflow/.local/lib/python3.12/site-packages/airflow/example_dags/example_dag_decorator.py
[2025-10-09T19:25:56.741+0000] {logging_mixin.py:190} INFO - [2025-10-09T19:25:56.740+0000] {dag.py:3211} INFO - Sync 1 DAGs
[2025-10-09T19:25:56.770+0000] {logging_mixin.py:190} INFO - [2025-10-09T19:25:56.770+0000] {dag.py:4138} INFO - Setting next_dagrun for example_dag_decorator to None, run_after=None
[2025-10-09T19:25:56.826+0000] {processor.py:208} INFO - Processing /home/airflow/.local/lib/python3.12/site-packages/airflow/example_dags/example_dag_decorator.py took 0.509 seconds
[2025-10-09T19:26:27.028+0000] {processor.py:186} INFO - Started process (PID=907) to work on /home/airflow/.local/lib/python3.12/site-packages/airflow/example_dags/example_dag_decorator.py
[2025-10-09T19:26:27.030+0000] {processor.py:914} INFO - Processing file /home/airflow/.local/lib/python3.12/site-packages/airflow/example_dags/example_dag_decorator.py for tasks to queue
[2025-10-09T19:26:27.036+0000] {logging_mixin.py:190} INFO - [2025-10-09T19:26:27.035+0000] {dagbag.py:587} INFO - Filling up the DagBag from /home/airflow/.local/lib/python3.12/site-packages/airflow/example_dags/example_dag_decorator.py
[2025-10-09T19:26:27.071+0000] {processor.py:925} INFO - DAG(s) 'example_dag_decorator' retrieved from /home/airflow/.local/lib/python3.12/site-packages/airflow/example_dags/example_dag_decorator.py
[2025-10-09T19:26:27.459+0000] {logging_mixin.py:190} INFO - [2025-10-09T19:26:27.458+0000] {dag.py:3211} INFO - Sync 1 DAGs
[2025-10-09T19:26:27.513+0000] {logging_mixin.py:190} INFO - [2025-10-09T19:26:27.512+0000] {dag.py:4138} INFO - Setting next_dagrun for example_dag_decorator to None, run_after=None
[2025-10-09T19:26:27.604+0000] {processor.py:208} INFO - Processing /home/airflow/.local/lib/python3.12/site-packages/airflow/example_dags/example_dag_decorator.py took 0.592 seconds
[2025-10-09T19:26:58.575+0000] {processor.py:186} INFO - Started process (PID=970) to work on /home/airflow/.local/lib/python3.12/site-packages/airflow/example_dags/example_dag_decorator.py
[2025-10-09T19:26:58.591+0000] {processor.py:914} INFO - Processing file /home/airflow/.local/lib/python3.12/site-packages/airflow/example_dags/example_dag_decorator.py for tasks to queue
[2025-10-09T19:26:58.613+0000] {logging_mixin.py:190} INFO - [2025-10-09T19:26:58.611+0000] {dagbag.py:587} INFO - Filling up the DagBag from /home/airflow/.local/lib/python3.12/site-packages/airflow/example_dags/example_dag_decorator.py
[2025-10-09T19:26:58.718+0000] {processor.py:925} INFO - DAG(s) 'example_dag_decorator' retrieved from /home/airflow/.local/lib/python3.12/site-packages/airflow/example_dags/example_dag_decorator.py
[2025-10-09T19:26:59.578+0000] {logging_mixin.py:190} INFO - [2025-10-09T19:26:59.570+0000] {dag.py:3211} INFO - Sync 1 DAGs
[2025-10-09T19:26:59.674+0000] {logging_mixin.py:190} INFO - [2025-10-09T19:26:59.673+0000] {dag.py:4138} INFO - Setting next_dagrun for example_dag_decorator to None, run_after=None
[2025-10-09T19:26:59.774+0000] {processor.py:208} INFO - Processing /home/airflow/.local/lib/python3.12/site-packages/airflow/example_dags/example_dag_decorator.py took 1.265 seconds
[2025-10-09T19:27:32.339+0000] {processor.py:186} INFO - Started process (PID=1034) to work on /home/airflow/.local/lib/python3.12/site-packages/airflow/example_dags/example_dag_decorator.py
[2025-10-09T19:27:32.349+0000] {processor.py:914} INFO - Processing file /home/airflow/.local/lib/python3.12/site-packages/airflow/example_dags/example_dag_decorator.py for tasks to queue
[2025-10-09T19:27:32.371+0000] {logging_mixin.py:190} INFO - [2025-10-09T19:27:32.368+0000] {dagbag.py:587} INFO - Filling up the DagBag from /home/airflow/.local/lib/python3.12/site-packages/airflow/example_dags/example_dag_decorator.py
[2025-10-09T19:27:32.468+0000] {processor.py:925} INFO - DAG(s) 'example_dag_decorator' retrieved from /home/airflow/.local/lib/python3.12/site-packages/airflow/example_dags/example_dag_decorator.py
[2025-10-09T19:27:33.319+0000] {logging_mixin.py:190} INFO - [2025-10-09T19:27:33.318+0000] {dag.py:3211} INFO - Sync 1 DAGs
[2025-10-09T19:27:33.445+0000] {logging_mixin.py:190} INFO - [2025-10-09T19:27:33.444+0000] {dag.py:4138} INFO - Setting next_dagrun for example_dag_decorator to None, run_after=None
[2025-10-09T19:27:33.769+0000] {processor.py:208} INFO - Processing /home/airflow/.local/lib/python3.12/site-packages/airflow/example_dags/example_dag_decorator.py took 1.530 seconds
[2025-10-09T19:28:26.259+0000] {processor.py:186} INFO - Started process (PID=1113) to work on /home/airflow/.local/lib/python3.12/site-packages/airflow/example_dags/example_dag_decorator.py
[2025-10-09T19:28:26.268+0000] {processor.py:914} INFO - Processing file /home/airflow/.local/lib/python3.12/site-packages/airflow/example_dags/example_dag_decorator.py for tasks to queue
[2025-10-09T19:28:26.293+0000] {logging_mixin.py:190} INFO - [2025-10-09T19:28:26.290+0000] {dagbag.py:587} INFO - Filling up the DagBag from /home/airflow/.local/lib/python3.12/site-packages/airflow/example_dags/example_dag_decorator.py
[2025-10-09T19:28:26.409+0000] {processor.py:925} INFO - DAG(s) 'example_dag_decorator' retrieved from /home/airflow/.local/lib/python3.12/site-packages/airflow/example_dags/example_dag_decorator.py
[2025-10-09T19:28:27.786+0000] {logging_mixin.py:190} INFO - [2025-10-09T19:28:27.784+0000] {dag.py:3211} INFO - Sync 1 DAGs
[2025-10-09T19:28:27.978+0000] {logging_mixin.py:190} INFO - [2025-10-09T19:28:27.977+0000] {dag.py:4138} INFO - Setting next_dagrun for example_dag_decorator to None, run_after=None
[2025-10-09T19:28:28.262+0000] {processor.py:208} INFO - Processing /home/airflow/.local/lib/python3.12/site-packages/airflow/example_dags/example_dag_decorator.py took 2.085 seconds
[2025-10-09T19:29:47.672+0000] {processor.py:186} INFO - Started process (PID=1191) to work on /home/airflow/.local/lib/python3.12/site-packages/airflow/example_dags/example_dag_decorator.py
[2025-10-09T19:29:47.708+0000] {processor.py:914} INFO - Processing file /home/airflow/.local/lib/python3.12/site-packages/airflow/example_dags/example_dag_decorator.py for tasks to queue
[2025-10-09T19:29:47.803+0000] {logging_mixin.py:190} INFO - [2025-10-09T19:29:47.770+0000] {dagbag.py:587} INFO - Filling up the DagBag from /home/airflow/.local/lib/python3.12/site-packages/airflow/example_dags/example_dag_decorator.py
[2025-10-09T19:29:48.509+0000] {processor.py:925} INFO - DAG(s) 'example_dag_decorator' retrieved from /home/airflow/.local/lib/python3.12/site-packages/airflow/example_dags/example_dag_decorator.py
[2025-10-09T19:29:55.696+0000] {logging_mixin.py:190} INFO - [2025-10-09T19:29:55.666+0000] {dag.py:3211} INFO - Sync 1 DAGs
[2025-10-09T19:29:56.750+0000] {logging_mixin.py:190} INFO - [2025-10-09T19:29:56.748+0000] {dag.py:4138} INFO - Setting next_dagrun for example_dag_decorator to None, run_after=None
[2025-10-09T19:29:57.676+0000] {processor.py:208} INFO - Processing /home/airflow/.local/lib/python3.12/site-packages/airflow/example_dags/example_dag_decorator.py took 10.281 seconds
