[2025-10-09T19:03:02.074+0000] {processor.py:186} INFO - Started process (PID=152) to work on /home/airflow/.local/lib/python3.12/site-packages/airflow/example_dags/tutorial.py
[2025-10-09T19:03:02.081+0000] {processor.py:914} INFO - Processing file /home/airflow/.local/lib/python3.12/site-packages/airflow/example_dags/tutorial.py for tasks to queue
[2025-10-09T19:03:02.108+0000] {logging_mixin.py:190} INFO - [2025-10-09T19:03:02.104+0000] {dagbag.py:587} INFO - Filling up the DagBag from /home/airflow/.local/lib/python3.12/site-packages/airflow/example_dags/tutorial.py
[2025-10-09T19:03:02.281+0000] {processor.py:925} INFO - DAG(s) 'tutorial' retrieved from /home/airflow/.local/lib/python3.12/site-packages/airflow/example_dags/tutorial.py
[2025-10-09T19:03:03.282+0000] {logging_mixin.py:190} INFO - [2025-10-09T19:03:03.272+0000] {override.py:1858} INFO - Created Permission View: can edit on DAG:tutorial
[2025-10-09T19:03:03.354+0000] {logging_mixin.py:190} INFO - [2025-10-09T19:03:03.353+0000] {override.py:1858} INFO - Created Permission View: can delete on DAG:tutorial
[2025-10-09T19:03:03.405+0000] {logging_mixin.py:190} INFO - [2025-10-09T19:03:03.403+0000] {override.py:1858} INFO - Created Permission View: can read on DAG:tutorial
[2025-10-09T19:03:03.409+0000] {logging_mixin.py:190} INFO - [2025-10-09T19:03:03.408+0000] {dag.py:3211} INFO - Sync 1 DAGs
[2025-10-09T19:03:03.501+0000] {logging_mixin.py:190} INFO - [2025-10-09T19:03:03.499+0000] {dag.py:3234} INFO - Creating ORM DAG for tutorial
[2025-10-09T19:03:03.580+0000] {logging_mixin.py:190} INFO - [2025-10-09T19:03:03.579+0000] {dag.py:4138} INFO - Setting next_dagrun for tutorial to 2025-10-08 00:00:00+00:00, run_after=2025-10-09 00:00:00+00:00
[2025-10-09T19:03:03.724+0000] {processor.py:208} INFO - Processing /home/airflow/.local/lib/python3.12/site-packages/airflow/example_dags/tutorial.py took 1.700 seconds
[2025-10-09T19:04:11.570+0000] {processor.py:186} INFO - Started process (PID=222) to work on /home/airflow/.local/lib/python3.12/site-packages/airflow/example_dags/tutorial.py
[2025-10-09T19:04:11.585+0000] {processor.py:914} INFO - Processing file /home/airflow/.local/lib/python3.12/site-packages/airflow/example_dags/tutorial.py for tasks to queue
[2025-10-09T19:04:11.704+0000] {logging_mixin.py:190} INFO - [2025-10-09T19:04:11.698+0000] {dagbag.py:587} INFO - Filling up the DagBag from /home/airflow/.local/lib/python3.12/site-packages/airflow/example_dags/tutorial.py
[2025-10-09T19:04:11.818+0000] {processor.py:925} INFO - DAG(s) 'tutorial' retrieved from /home/airflow/.local/lib/python3.12/site-packages/airflow/example_dags/tutorial.py
[2025-10-09T19:04:12.240+0000] {logging_mixin.py:190} INFO - [2025-10-09T19:04:12.227+0000] {dag.py:3211} INFO - Sync 1 DAGs
[2025-10-09T19:04:12.734+0000] {logging_mixin.py:190} INFO - [2025-10-09T19:04:12.733+0000] {dag.py:4138} INFO - Setting next_dagrun for tutorial to 2025-10-08 00:00:00+00:00, run_after=2025-10-09 00:00:00+00:00
[2025-10-09T19:04:13.035+0000] {processor.py:208} INFO - Processing /home/airflow/.local/lib/python3.12/site-packages/airflow/example_dags/tutorial.py took 1.534 seconds
[2025-10-09T19:04:50.057+0000] {processor.py:186} INFO - Started process (PID=292) to work on /home/airflow/.local/lib/python3.12/site-packages/airflow/example_dags/tutorial.py
[2025-10-09T19:04:50.068+0000] {processor.py:914} INFO - Processing file /home/airflow/.local/lib/python3.12/site-packages/airflow/example_dags/tutorial.py for tasks to queue
[2025-10-09T19:04:50.099+0000] {logging_mixin.py:190} INFO - [2025-10-09T19:04:50.096+0000] {dagbag.py:587} INFO - Filling up the DagBag from /home/airflow/.local/lib/python3.12/site-packages/airflow/example_dags/tutorial.py
[2025-10-09T19:04:50.255+0000] {processor.py:925} INFO - DAG(s) 'tutorial' retrieved from /home/airflow/.local/lib/python3.12/site-packages/airflow/example_dags/tutorial.py
[2025-10-09T19:04:50.600+0000] {logging_mixin.py:190} INFO - [2025-10-09T19:04:50.598+0000] {dag.py:3211} INFO - Sync 1 DAGs
[2025-10-09T19:04:50.923+0000] {logging_mixin.py:190} INFO - [2025-10-09T19:04:50.922+0000] {dag.py:4138} INFO - Setting next_dagrun for tutorial to 2025-10-08 00:00:00+00:00, run_after=2025-10-09 00:00:00+00:00
[2025-10-09T19:04:51.115+0000] {processor.py:208} INFO - Processing /home/airflow/.local/lib/python3.12/site-packages/airflow/example_dags/tutorial.py took 1.137 seconds
[2025-10-09T19:05:43.616+0000] {processor.py:186} INFO - Started process (PID=362) to work on /home/airflow/.local/lib/python3.12/site-packages/airflow/example_dags/tutorial.py
[2025-10-09T19:05:43.625+0000] {processor.py:914} INFO - Processing file /home/airflow/.local/lib/python3.12/site-packages/airflow/example_dags/tutorial.py for tasks to queue
[2025-10-09T19:05:43.644+0000] {logging_mixin.py:190} INFO - [2025-10-09T19:05:43.641+0000] {dagbag.py:587} INFO - Filling up the DagBag from /home/airflow/.local/lib/python3.12/site-packages/airflow/example_dags/tutorial.py
[2025-10-09T19:05:43.707+0000] {processor.py:925} INFO - DAG(s) 'tutorial' retrieved from /home/airflow/.local/lib/python3.12/site-packages/airflow/example_dags/tutorial.py
[2025-10-09T19:05:43.874+0000] {logging_mixin.py:190} INFO - [2025-10-09T19:05:43.873+0000] {dag.py:3211} INFO - Sync 1 DAGs
[2025-10-09T19:05:44.091+0000] {logging_mixin.py:190} INFO - [2025-10-09T19:05:44.090+0000] {dag.py:4138} INFO - Setting next_dagrun for tutorial to 2025-10-08 00:00:00+00:00, run_after=2025-10-09 00:00:00+00:00
[2025-10-09T19:05:44.202+0000] {processor.py:208} INFO - Processing /home/airflow/.local/lib/python3.12/site-packages/airflow/example_dags/tutorial.py took 0.636 seconds
[2025-10-09T19:06:22.808+0000] {processor.py:186} INFO - Started process (PID=425) to work on /home/airflow/.local/lib/python3.12/site-packages/airflow/example_dags/tutorial.py
[2025-10-09T19:06:22.815+0000] {processor.py:914} INFO - Processing file /home/airflow/.local/lib/python3.12/site-packages/airflow/example_dags/tutorial.py for tasks to queue
[2025-10-09T19:06:22.839+0000] {logging_mixin.py:190} INFO - [2025-10-09T19:06:22.836+0000] {dagbag.py:587} INFO - Filling up the DagBag from /home/airflow/.local/lib/python3.12/site-packages/airflow/example_dags/tutorial.py
[2025-10-09T19:06:22.895+0000] {processor.py:925} INFO - DAG(s) 'tutorial' retrieved from /home/airflow/.local/lib/python3.12/site-packages/airflow/example_dags/tutorial.py
[2025-10-09T19:06:23.028+0000] {logging_mixin.py:190} INFO - [2025-10-09T19:06:23.027+0000] {dag.py:3211} INFO - Sync 1 DAGs
[2025-10-09T19:06:23.202+0000] {logging_mixin.py:190} INFO - [2025-10-09T19:06:23.200+0000] {dag.py:4138} INFO - Setting next_dagrun for tutorial to 2025-10-08 00:00:00+00:00, run_after=2025-10-09 00:00:00+00:00
[2025-10-09T19:06:23.439+0000] {processor.py:208} INFO - Processing /home/airflow/.local/lib/python3.12/site-packages/airflow/example_dags/tutorial.py took 0.683 seconds
[2025-10-09T19:06:56.243+0000] {processor.py:186} INFO - Started process (PID=489) to work on /home/airflow/.local/lib/python3.12/site-packages/airflow/example_dags/tutorial.py
[2025-10-09T19:06:56.249+0000] {processor.py:914} INFO - Processing file /home/airflow/.local/lib/python3.12/site-packages/airflow/example_dags/tutorial.py for tasks to queue
[2025-10-09T19:06:56.261+0000] {logging_mixin.py:190} INFO - [2025-10-09T19:06:56.259+0000] {dagbag.py:587} INFO - Filling up the DagBag from /home/airflow/.local/lib/python3.12/site-packages/airflow/example_dags/tutorial.py
[2025-10-09T19:06:56.300+0000] {processor.py:925} INFO - DAG(s) 'tutorial' retrieved from /home/airflow/.local/lib/python3.12/site-packages/airflow/example_dags/tutorial.py
[2025-10-09T19:06:56.389+0000] {logging_mixin.py:190} INFO - [2025-10-09T19:06:56.388+0000] {dag.py:3211} INFO - Sync 1 DAGs
[2025-10-09T19:06:56.501+0000] {logging_mixin.py:190} INFO - [2025-10-09T19:06:56.500+0000] {dag.py:4138} INFO - Setting next_dagrun for tutorial to 2025-10-08 00:00:00+00:00, run_after=2025-10-09 00:00:00+00:00
[2025-10-09T19:06:56.583+0000] {processor.py:208} INFO - Processing /home/airflow/.local/lib/python3.12/site-packages/airflow/example_dags/tutorial.py took 0.374 seconds
[2025-10-09T19:14:00.244+0000] {processor.py:186} INFO - Started process (PID=90) to work on /home/airflow/.local/lib/python3.12/site-packages/airflow/example_dags/tutorial.py
[2025-10-09T19:14:00.249+0000] {processor.py:914} INFO - Processing file /home/airflow/.local/lib/python3.12/site-packages/airflow/example_dags/tutorial.py for tasks to queue
[2025-10-09T19:14:00.266+0000] {logging_mixin.py:190} INFO - [2025-10-09T19:14:00.263+0000] {dagbag.py:587} INFO - Filling up the DagBag from /home/airflow/.local/lib/python3.12/site-packages/airflow/example_dags/tutorial.py
[2025-10-09T19:14:00.316+0000] {processor.py:925} INFO - DAG(s) 'tutorial' retrieved from /home/airflow/.local/lib/python3.12/site-packages/airflow/example_dags/tutorial.py
[2025-10-09T19:14:00.453+0000] {logging_mixin.py:190} INFO - [2025-10-09T19:14:00.453+0000] {dag.py:3211} INFO - Sync 1 DAGs
[2025-10-09T19:14:00.630+0000] {logging_mixin.py:190} INFO - [2025-10-09T19:14:00.628+0000] {dag.py:4138} INFO - Setting next_dagrun for tutorial to 2025-10-08 00:00:00+00:00, run_after=2025-10-09 00:00:00+00:00
[2025-10-09T19:14:00.742+0000] {processor.py:208} INFO - Processing /home/airflow/.local/lib/python3.12/site-packages/airflow/example_dags/tutorial.py took 0.565 seconds
[2025-10-09T19:14:31.075+0000] {processor.py:186} INFO - Started process (PID=153) to work on /home/airflow/.local/lib/python3.12/site-packages/airflow/example_dags/tutorial.py
[2025-10-09T19:14:31.077+0000] {processor.py:914} INFO - Processing file /home/airflow/.local/lib/python3.12/site-packages/airflow/example_dags/tutorial.py for tasks to queue
[2025-10-09T19:14:31.083+0000] {logging_mixin.py:190} INFO - [2025-10-09T19:14:31.083+0000] {dagbag.py:587} INFO - Filling up the DagBag from /home/airflow/.local/lib/python3.12/site-packages/airflow/example_dags/tutorial.py
[2025-10-09T19:14:31.102+0000] {processor.py:925} INFO - DAG(s) 'tutorial' retrieved from /home/airflow/.local/lib/python3.12/site-packages/airflow/example_dags/tutorial.py
[2025-10-09T19:14:31.158+0000] {logging_mixin.py:190} INFO - [2025-10-09T19:14:31.157+0000] {dag.py:3211} INFO - Sync 1 DAGs
[2025-10-09T19:14:31.224+0000] {logging_mixin.py:190} INFO - [2025-10-09T19:14:31.224+0000] {dag.py:4138} INFO - Setting next_dagrun for tutorial to 2025-10-08 00:00:00+00:00, run_after=2025-10-09 00:00:00+00:00
[2025-10-09T19:14:31.274+0000] {processor.py:208} INFO - Processing /home/airflow/.local/lib/python3.12/site-packages/airflow/example_dags/tutorial.py took 0.214 seconds
[2025-10-09T19:15:01.889+0000] {processor.py:186} INFO - Started process (PID=217) to work on /home/airflow/.local/lib/python3.12/site-packages/airflow/example_dags/tutorial.py
[2025-10-09T19:15:01.891+0000] {processor.py:914} INFO - Processing file /home/airflow/.local/lib/python3.12/site-packages/airflow/example_dags/tutorial.py for tasks to queue
[2025-10-09T19:15:01.897+0000] {logging_mixin.py:190} INFO - [2025-10-09T19:15:01.896+0000] {dagbag.py:587} INFO - Filling up the DagBag from /home/airflow/.local/lib/python3.12/site-packages/airflow/example_dags/tutorial.py
[2025-10-09T19:15:01.919+0000] {processor.py:925} INFO - DAG(s) 'tutorial' retrieved from /home/airflow/.local/lib/python3.12/site-packages/airflow/example_dags/tutorial.py
[2025-10-09T19:15:01.968+0000] {logging_mixin.py:190} INFO - [2025-10-09T19:15:01.967+0000] {dag.py:3211} INFO - Sync 1 DAGs
[2025-10-09T19:15:02.019+0000] {logging_mixin.py:190} INFO - [2025-10-09T19:15:02.019+0000] {dag.py:4138} INFO - Setting next_dagrun for tutorial to 2025-10-08 00:00:00+00:00, run_after=2025-10-09 00:00:00+00:00
[2025-10-09T19:15:02.066+0000] {processor.py:208} INFO - Processing /home/airflow/.local/lib/python3.12/site-packages/airflow/example_dags/tutorial.py took 0.192 seconds
[2025-10-09T19:15:32.682+0000] {processor.py:186} INFO - Started process (PID=280) to work on /home/airflow/.local/lib/python3.12/site-packages/airflow/example_dags/tutorial.py
[2025-10-09T19:15:32.686+0000] {processor.py:914} INFO - Processing file /home/airflow/.local/lib/python3.12/site-packages/airflow/example_dags/tutorial.py for tasks to queue
[2025-10-09T19:15:32.695+0000] {logging_mixin.py:190} INFO - [2025-10-09T19:15:32.694+0000] {dagbag.py:587} INFO - Filling up the DagBag from /home/airflow/.local/lib/python3.12/site-packages/airflow/example_dags/tutorial.py
[2025-10-09T19:15:32.719+0000] {processor.py:925} INFO - DAG(s) 'tutorial' retrieved from /home/airflow/.local/lib/python3.12/site-packages/airflow/example_dags/tutorial.py
[2025-10-09T19:15:32.808+0000] {logging_mixin.py:190} INFO - [2025-10-09T19:15:32.808+0000] {dag.py:3211} INFO - Sync 1 DAGs
[2025-10-09T19:15:32.876+0000] {logging_mixin.py:190} INFO - [2025-10-09T19:15:32.875+0000] {dag.py:4138} INFO - Setting next_dagrun for tutorial to 2025-10-08 00:00:00+00:00, run_after=2025-10-09 00:00:00+00:00
[2025-10-09T19:15:32.926+0000] {processor.py:208} INFO - Processing /home/airflow/.local/lib/python3.12/site-packages/airflow/example_dags/tutorial.py took 0.262 seconds
[2025-10-09T19:16:04.076+0000] {processor.py:186} INFO - Started process (PID=343) to work on /home/airflow/.local/lib/python3.12/site-packages/airflow/example_dags/tutorial.py
[2025-10-09T19:16:04.080+0000] {processor.py:914} INFO - Processing file /home/airflow/.local/lib/python3.12/site-packages/airflow/example_dags/tutorial.py for tasks to queue
[2025-10-09T19:16:04.089+0000] {logging_mixin.py:190} INFO - [2025-10-09T19:16:04.088+0000] {dagbag.py:587} INFO - Filling up the DagBag from /home/airflow/.local/lib/python3.12/site-packages/airflow/example_dags/tutorial.py
[2025-10-09T19:16:04.115+0000] {processor.py:925} INFO - DAG(s) 'tutorial' retrieved from /home/airflow/.local/lib/python3.12/site-packages/airflow/example_dags/tutorial.py
[2025-10-09T19:16:04.187+0000] {logging_mixin.py:190} INFO - [2025-10-09T19:16:04.186+0000] {dag.py:3211} INFO - Sync 1 DAGs
[2025-10-09T19:16:04.284+0000] {logging_mixin.py:190} INFO - [2025-10-09T19:16:04.283+0000] {dag.py:4138} INFO - Setting next_dagrun for tutorial to 2025-10-08 00:00:00+00:00, run_after=2025-10-09 00:00:00+00:00
[2025-10-09T19:16:04.358+0000] {processor.py:208} INFO - Processing /home/airflow/.local/lib/python3.12/site-packages/airflow/example_dags/tutorial.py took 0.301 seconds
[2025-10-09T19:18:26.802+0000] {processor.py:186} INFO - Started process (PID=428) to work on /home/airflow/.local/lib/python3.12/site-packages/airflow/example_dags/tutorial.py
[2025-10-09T19:18:26.834+0000] {processor.py:914} INFO - Processing file /home/airflow/.local/lib/python3.12/site-packages/airflow/example_dags/tutorial.py for tasks to queue
[2025-10-09T19:18:26.978+0000] {logging_mixin.py:190} INFO - [2025-10-09T19:18:26.949+0000] {dagbag.py:587} INFO - Filling up the DagBag from /home/airflow/.local/lib/python3.12/site-packages/airflow/example_dags/tutorial.py
[2025-10-09T19:18:27.822+0000] {processor.py:925} INFO - DAG(s) 'tutorial' retrieved from /home/airflow/.local/lib/python3.12/site-packages/airflow/example_dags/tutorial.py
[2025-10-09T19:18:28.807+0000] {logging_mixin.py:190} INFO - [2025-10-09T19:18:28.794+0000] {dag.py:3211} INFO - Sync 1 DAGs
[2025-10-09T19:18:29.541+0000] {logging_mixin.py:190} INFO - [2025-10-09T19:18:29.527+0000] {dag.py:4138} INFO - Setting next_dagrun for tutorial to 2025-10-08 00:00:00+00:00, run_after=2025-10-09 00:00:00+00:00
[2025-10-09T19:18:30.649+0000] {processor.py:208} INFO - Processing /home/airflow/.local/lib/python3.12/site-packages/airflow/example_dags/tutorial.py took 4.339 seconds
[2025-10-09T19:21:14.603+0000] {processor.py:186} INFO - Started process (PID=498) to work on /home/airflow/.local/lib/python3.12/site-packages/airflow/example_dags/tutorial.py
[2025-10-09T19:21:14.686+0000] {processor.py:914} INFO - Processing file /home/airflow/.local/lib/python3.12/site-packages/airflow/example_dags/tutorial.py for tasks to queue
[2025-10-09T19:21:14.838+0000] {logging_mixin.py:190} INFO - [2025-10-09T19:21:14.835+0000] {dagbag.py:587} INFO - Filling up the DagBag from /home/airflow/.local/lib/python3.12/site-packages/airflow/example_dags/tutorial.py
[2025-10-09T19:21:15.283+0000] {processor.py:925} INFO - DAG(s) 'tutorial' retrieved from /home/airflow/.local/lib/python3.12/site-packages/airflow/example_dags/tutorial.py
[2025-10-09T19:21:16.468+0000] {logging_mixin.py:190} INFO - [2025-10-09T19:21:16.465+0000] {dag.py:3211} INFO - Sync 1 DAGs
[2025-10-09T19:21:18.000+0000] {logging_mixin.py:190} INFO - [2025-10-09T19:21:17.998+0000] {dag.py:4138} INFO - Setting next_dagrun for tutorial to 2025-10-08 00:00:00+00:00, run_after=2025-10-09 00:00:00+00:00
[2025-10-09T19:21:19.036+0000] {processor.py:208} INFO - Processing /home/airflow/.local/lib/python3.12/site-packages/airflow/example_dags/tutorial.py took 4.879 seconds
[2025-10-09T19:23:13.285+0000] {processor.py:186} INFO - Started process (PID=567) to work on /home/airflow/.local/lib/python3.12/site-packages/airflow/example_dags/tutorial.py
[2025-10-09T19:23:13.309+0000] {processor.py:914} INFO - Processing file /home/airflow/.local/lib/python3.12/site-packages/airflow/example_dags/tutorial.py for tasks to queue
[2025-10-09T19:23:13.437+0000] {logging_mixin.py:190} INFO - [2025-10-09T19:23:13.422+0000] {dagbag.py:587} INFO - Filling up the DagBag from /home/airflow/.local/lib/python3.12/site-packages/airflow/example_dags/tutorial.py
[2025-10-09T19:23:13.756+0000] {processor.py:925} INFO - DAG(s) 'tutorial' retrieved from /home/airflow/.local/lib/python3.12/site-packages/airflow/example_dags/tutorial.py
[2025-10-09T19:23:14.495+0000] {logging_mixin.py:190} INFO - [2025-10-09T19:23:14.492+0000] {dag.py:3211} INFO - Sync 1 DAGs
[2025-10-09T19:23:15.601+0000] {logging_mixin.py:190} INFO - [2025-10-09T19:23:15.600+0000] {dag.py:4138} INFO - Setting next_dagrun for tutorial to 2025-10-08 00:00:00+00:00, run_after=2025-10-09 00:00:00+00:00
[2025-10-09T19:23:16.034+0000] {processor.py:208} INFO - Processing /home/airflow/.local/lib/python3.12/site-packages/airflow/example_dags/tutorial.py took 2.989 seconds
[2025-10-09T19:24:02.948+0000] {processor.py:186} INFO - Started process (PID=613) to work on /home/airflow/.local/lib/python3.12/site-packages/airflow/example_dags/tutorial.py
[2025-10-09T19:24:02.954+0000] {processor.py:914} INFO - Processing file /home/airflow/.local/lib/python3.12/site-packages/airflow/example_dags/tutorial.py for tasks to queue
[2025-10-09T19:24:02.965+0000] {logging_mixin.py:190} INFO - [2025-10-09T19:24:02.964+0000] {dagbag.py:587} INFO - Filling up the DagBag from /home/airflow/.local/lib/python3.12/site-packages/airflow/example_dags/tutorial.py
[2025-10-09T19:24:03.008+0000] {processor.py:925} INFO - DAG(s) 'tutorial' retrieved from /home/airflow/.local/lib/python3.12/site-packages/airflow/example_dags/tutorial.py
[2025-10-09T19:24:03.124+0000] {logging_mixin.py:190} INFO - [2025-10-09T19:24:03.123+0000] {dag.py:3211} INFO - Sync 1 DAGs
[2025-10-09T19:24:03.244+0000] {logging_mixin.py:190} INFO - [2025-10-09T19:24:03.243+0000] {dag.py:4138} INFO - Setting next_dagrun for tutorial to 2025-10-08 00:00:00+00:00, run_after=2025-10-09 00:00:00+00:00
[2025-10-09T19:24:03.328+0000] {processor.py:208} INFO - Processing /home/airflow/.local/lib/python3.12/site-packages/airflow/example_dags/tutorial.py took 0.425 seconds
[2025-10-09T19:24:33.841+0000] {processor.py:186} INFO - Started process (PID=675) to work on /home/airflow/.local/lib/python3.12/site-packages/airflow/example_dags/tutorial.py
[2025-10-09T19:24:33.846+0000] {processor.py:914} INFO - Processing file /home/airflow/.local/lib/python3.12/site-packages/airflow/example_dags/tutorial.py for tasks to queue
[2025-10-09T19:24:33.857+0000] {logging_mixin.py:190} INFO - [2025-10-09T19:24:33.856+0000] {dagbag.py:587} INFO - Filling up the DagBag from /home/airflow/.local/lib/python3.12/site-packages/airflow/example_dags/tutorial.py
[2025-10-09T19:24:33.887+0000] {processor.py:925} INFO - DAG(s) 'tutorial' retrieved from /home/airflow/.local/lib/python3.12/site-packages/airflow/example_dags/tutorial.py
[2025-10-09T19:24:33.950+0000] {logging_mixin.py:190} INFO - [2025-10-09T19:24:33.949+0000] {dag.py:3211} INFO - Sync 1 DAGs
[2025-10-09T19:24:34.020+0000] {logging_mixin.py:190} INFO - [2025-10-09T19:24:34.020+0000] {dag.py:4138} INFO - Setting next_dagrun for tutorial to 2025-10-08 00:00:00+00:00, run_after=2025-10-09 00:00:00+00:00
[2025-10-09T19:24:34.076+0000] {processor.py:208} INFO - Processing /home/airflow/.local/lib/python3.12/site-packages/airflow/example_dags/tutorial.py took 0.257 seconds
[2025-10-09T19:25:04.349+0000] {processor.py:186} INFO - Started process (PID=738) to work on /home/airflow/.local/lib/python3.12/site-packages/airflow/example_dags/tutorial.py
[2025-10-09T19:25:04.352+0000] {processor.py:914} INFO - Processing file /home/airflow/.local/lib/python3.12/site-packages/airflow/example_dags/tutorial.py for tasks to queue
[2025-10-09T19:25:04.360+0000] {logging_mixin.py:190} INFO - [2025-10-09T19:25:04.359+0000] {dagbag.py:587} INFO - Filling up the DagBag from /home/airflow/.local/lib/python3.12/site-packages/airflow/example_dags/tutorial.py
[2025-10-09T19:25:04.392+0000] {processor.py:925} INFO - DAG(s) 'tutorial' retrieved from /home/airflow/.local/lib/python3.12/site-packages/airflow/example_dags/tutorial.py
[2025-10-09T19:25:04.470+0000] {logging_mixin.py:190} INFO - [2025-10-09T19:25:04.468+0000] {dag.py:3211} INFO - Sync 1 DAGs
[2025-10-09T19:25:04.554+0000] {logging_mixin.py:190} INFO - [2025-10-09T19:25:04.553+0000] {dag.py:4138} INFO - Setting next_dagrun for tutorial to 2025-10-08 00:00:00+00:00, run_after=2025-10-09 00:00:00+00:00
[2025-10-09T19:25:04.608+0000] {processor.py:208} INFO - Processing /home/airflow/.local/lib/python3.12/site-packages/airflow/example_dags/tutorial.py took 0.281 seconds
[2025-10-09T19:25:34.777+0000] {processor.py:186} INFO - Started process (PID=800) to work on /home/airflow/.local/lib/python3.12/site-packages/airflow/example_dags/tutorial.py
[2025-10-09T19:25:34.783+0000] {processor.py:914} INFO - Processing file /home/airflow/.local/lib/python3.12/site-packages/airflow/example_dags/tutorial.py for tasks to queue
[2025-10-09T19:25:34.792+0000] {logging_mixin.py:190} INFO - [2025-10-09T19:25:34.791+0000] {dagbag.py:587} INFO - Filling up the DagBag from /home/airflow/.local/lib/python3.12/site-packages/airflow/example_dags/tutorial.py
[2025-10-09T19:25:34.826+0000] {processor.py:925} INFO - DAG(s) 'tutorial' retrieved from /home/airflow/.local/lib/python3.12/site-packages/airflow/example_dags/tutorial.py
[2025-10-09T19:25:34.905+0000] {logging_mixin.py:190} INFO - [2025-10-09T19:25:34.904+0000] {dag.py:3211} INFO - Sync 1 DAGs
[2025-10-09T19:25:34.997+0000] {logging_mixin.py:190} INFO - [2025-10-09T19:25:34.997+0000] {dag.py:4138} INFO - Setting next_dagrun for tutorial to 2025-10-08 00:00:00+00:00, run_after=2025-10-09 00:00:00+00:00
[2025-10-09T19:25:35.055+0000] {processor.py:208} INFO - Processing /home/airflow/.local/lib/python3.12/site-packages/airflow/example_dags/tutorial.py took 0.309 seconds
[2025-10-09T19:26:06.325+0000] {processor.py:186} INFO - Started process (PID=863) to work on /home/airflow/.local/lib/python3.12/site-packages/airflow/example_dags/tutorial.py
[2025-10-09T19:26:06.329+0000] {processor.py:914} INFO - Processing file /home/airflow/.local/lib/python3.12/site-packages/airflow/example_dags/tutorial.py for tasks to queue
[2025-10-09T19:26:06.339+0000] {logging_mixin.py:190} INFO - [2025-10-09T19:26:06.338+0000] {dagbag.py:587} INFO - Filling up the DagBag from /home/airflow/.local/lib/python3.12/site-packages/airflow/example_dags/tutorial.py
[2025-10-09T19:26:06.369+0000] {processor.py:925} INFO - DAG(s) 'tutorial' retrieved from /home/airflow/.local/lib/python3.12/site-packages/airflow/example_dags/tutorial.py
[2025-10-09T19:26:06.445+0000] {logging_mixin.py:190} INFO - [2025-10-09T19:26:06.445+0000] {dag.py:3211} INFO - Sync 1 DAGs
[2025-10-09T19:26:06.543+0000] {logging_mixin.py:190} INFO - [2025-10-09T19:26:06.543+0000] {dag.py:4138} INFO - Setting next_dagrun for tutorial to 2025-10-08 00:00:00+00:00, run_after=2025-10-09 00:00:00+00:00
[2025-10-09T19:26:06.609+0000] {processor.py:208} INFO - Processing /home/airflow/.local/lib/python3.12/site-packages/airflow/example_dags/tutorial.py took 0.308 seconds
[2025-10-09T19:26:37.455+0000] {processor.py:186} INFO - Started process (PID=926) to work on /home/airflow/.local/lib/python3.12/site-packages/airflow/example_dags/tutorial.py
[2025-10-09T19:26:37.458+0000] {processor.py:914} INFO - Processing file /home/airflow/.local/lib/python3.12/site-packages/airflow/example_dags/tutorial.py for tasks to queue
[2025-10-09T19:26:37.465+0000] {logging_mixin.py:190} INFO - [2025-10-09T19:26:37.464+0000] {dagbag.py:587} INFO - Filling up the DagBag from /home/airflow/.local/lib/python3.12/site-packages/airflow/example_dags/tutorial.py
[2025-10-09T19:26:37.487+0000] {processor.py:925} INFO - DAG(s) 'tutorial' retrieved from /home/airflow/.local/lib/python3.12/site-packages/airflow/example_dags/tutorial.py
[2025-10-09T19:26:37.553+0000] {logging_mixin.py:190} INFO - [2025-10-09T19:26:37.553+0000] {dag.py:3211} INFO - Sync 1 DAGs
[2025-10-09T19:26:37.648+0000] {logging_mixin.py:190} INFO - [2025-10-09T19:26:37.647+0000] {dag.py:4138} INFO - Setting next_dagrun for tutorial to 2025-10-08 00:00:00+00:00, run_after=2025-10-09 00:00:00+00:00
[2025-10-09T19:26:37.742+0000] {processor.py:208} INFO - Processing /home/airflow/.local/lib/python3.12/site-packages/airflow/example_dags/tutorial.py took 0.304 seconds
[2025-10-09T19:27:08.869+0000] {processor.py:186} INFO - Started process (PID=989) to work on /home/airflow/.local/lib/python3.12/site-packages/airflow/example_dags/tutorial.py
[2025-10-09T19:27:08.872+0000] {processor.py:914} INFO - Processing file /home/airflow/.local/lib/python3.12/site-packages/airflow/example_dags/tutorial.py for tasks to queue
[2025-10-09T19:27:08.880+0000] {logging_mixin.py:190} INFO - [2025-10-09T19:27:08.879+0000] {dagbag.py:587} INFO - Filling up the DagBag from /home/airflow/.local/lib/python3.12/site-packages/airflow/example_dags/tutorial.py
[2025-10-09T19:27:08.903+0000] {processor.py:925} INFO - DAG(s) 'tutorial' retrieved from /home/airflow/.local/lib/python3.12/site-packages/airflow/example_dags/tutorial.py
[2025-10-09T19:27:08.957+0000] {logging_mixin.py:190} INFO - [2025-10-09T19:27:08.956+0000] {dag.py:3211} INFO - Sync 1 DAGs
[2025-10-09T19:27:09.037+0000] {logging_mixin.py:190} INFO - [2025-10-09T19:27:09.036+0000] {dag.py:4138} INFO - Setting next_dagrun for tutorial to 2025-10-08 00:00:00+00:00, run_after=2025-10-09 00:00:00+00:00
[2025-10-09T19:27:09.094+0000] {processor.py:208} INFO - Processing /home/airflow/.local/lib/python3.12/site-packages/airflow/example_dags/tutorial.py took 0.245 seconds
[2025-10-09T19:27:47.315+0000] {processor.py:186} INFO - Started process (PID=1059) to work on /home/airflow/.local/lib/python3.12/site-packages/airflow/example_dags/tutorial.py
[2025-10-09T19:27:47.321+0000] {processor.py:914} INFO - Processing file /home/airflow/.local/lib/python3.12/site-packages/airflow/example_dags/tutorial.py for tasks to queue
[2025-10-09T19:27:47.341+0000] {logging_mixin.py:190} INFO - [2025-10-09T19:27:47.338+0000] {dagbag.py:587} INFO - Filling up the DagBag from /home/airflow/.local/lib/python3.12/site-packages/airflow/example_dags/tutorial.py
[2025-10-09T19:27:47.418+0000] {processor.py:925} INFO - DAG(s) 'tutorial' retrieved from /home/airflow/.local/lib/python3.12/site-packages/airflow/example_dags/tutorial.py
[2025-10-09T19:27:47.716+0000] {logging_mixin.py:190} INFO - [2025-10-09T19:27:47.715+0000] {dag.py:3211} INFO - Sync 1 DAGs
[2025-10-09T19:27:48.051+0000] {logging_mixin.py:190} INFO - [2025-10-09T19:27:48.047+0000] {dag.py:4138} INFO - Setting next_dagrun for tutorial to 2025-10-08 00:00:00+00:00, run_after=2025-10-09 00:00:00+00:00
[2025-10-09T19:27:48.309+0000] {processor.py:208} INFO - Processing /home/airflow/.local/lib/python3.12/site-packages/airflow/example_dags/tutorial.py took 1.067 seconds
[2025-10-09T19:28:35.308+0000] {processor.py:186} INFO - Started process (PID=1122) to work on /home/airflow/.local/lib/python3.12/site-packages/airflow/example_dags/tutorial.py
[2025-10-09T19:28:35.316+0000] {processor.py:914} INFO - Processing file /home/airflow/.local/lib/python3.12/site-packages/airflow/example_dags/tutorial.py for tasks to queue
[2025-10-09T19:28:35.330+0000] {logging_mixin.py:190} INFO - [2025-10-09T19:28:35.328+0000] {dagbag.py:587} INFO - Filling up the DagBag from /home/airflow/.local/lib/python3.12/site-packages/airflow/example_dags/tutorial.py
[2025-10-09T19:28:35.388+0000] {processor.py:925} INFO - DAG(s) 'tutorial' retrieved from /home/airflow/.local/lib/python3.12/site-packages/airflow/example_dags/tutorial.py
[2025-10-09T19:28:35.537+0000] {logging_mixin.py:190} INFO - [2025-10-09T19:28:35.536+0000] {dag.py:3211} INFO - Sync 1 DAGs
[2025-10-09T19:28:35.723+0000] {logging_mixin.py:190} INFO - [2025-10-09T19:28:35.721+0000] {dag.py:4138} INFO - Setting next_dagrun for tutorial to 2025-10-08 00:00:00+00:00, run_after=2025-10-09 00:00:00+00:00
[2025-10-09T19:28:35.858+0000] {processor.py:208} INFO - Processing /home/airflow/.local/lib/python3.12/site-packages/airflow/example_dags/tutorial.py took 0.583 seconds
[2025-10-09T19:29:39.815+0000] {processor.py:186} INFO - Started process (PID=1188) to work on /home/airflow/.local/lib/python3.12/site-packages/airflow/example_dags/tutorial.py
[2025-10-09T19:29:39.858+0000] {processor.py:914} INFO - Processing file /home/airflow/.local/lib/python3.12/site-packages/airflow/example_dags/tutorial.py for tasks to queue
[2025-10-09T19:29:39.917+0000] {logging_mixin.py:190} INFO - [2025-10-09T19:29:39.914+0000] {dagbag.py:587} INFO - Filling up the DagBag from /home/airflow/.local/lib/python3.12/site-packages/airflow/example_dags/tutorial.py
[2025-10-09T19:29:40.126+0000] {processor.py:925} INFO - DAG(s) 'tutorial' retrieved from /home/airflow/.local/lib/python3.12/site-packages/airflow/example_dags/tutorial.py
[2025-10-09T19:29:40.726+0000] {logging_mixin.py:190} INFO - [2025-10-09T19:29:40.712+0000] {dag.py:3211} INFO - Sync 1 DAGs
[2025-10-09T19:29:41.841+0000] {logging_mixin.py:190} INFO - [2025-10-09T19:29:41.839+0000] {dag.py:4138} INFO - Setting next_dagrun for tutorial to 2025-10-08 00:00:00+00:00, run_after=2025-10-09 00:00:00+00:00
[2025-10-09T19:29:42.614+0000] {processor.py:208} INFO - Processing /home/airflow/.local/lib/python3.12/site-packages/airflow/example_dags/tutorial.py took 2.987 seconds
