[2025-10-09T19:03:19.559+0000] {processor.py:186} INFO - Started process (PID=170) to work on /home/airflow/.local/lib/python3.12/site-packages/airflow/example_dags/tutorial_objectstorage.py
[2025-10-09T19:03:19.567+0000] {processor.py:914} INFO - Processing file /home/airflow/.local/lib/python3.12/site-packages/airflow/example_dags/tutorial_objectstorage.py for tasks to queue
[2025-10-09T19:03:19.583+0000] {logging_mixin.py:190} INFO - [2025-10-09T19:03:19.581+0000] {dagbag.py:587} INFO - Filling up the DagBag from /home/airflow/.local/lib/python3.12/site-packages/airflow/example_dags/tutorial_objectstorage.py
[2025-10-09T19:03:19.679+0000] {processor.py:925} INFO - DAG(s) 'tutorial_objectstorage' retrieved from /home/airflow/.local/lib/python3.12/site-packages/airflow/example_dags/tutorial_objectstorage.py
[2025-10-09T19:03:20.682+0000] {logging_mixin.py:190} INFO - [2025-10-09T19:03:20.677+0000] {override.py:1858} INFO - Created Permission View: can edit on DAG:tutorial_objectstorage
[2025-10-09T19:03:20.758+0000] {logging_mixin.py:190} INFO - [2025-10-09T19:03:20.755+0000] {override.py:1858} INFO - Created Permission View: can delete on DAG:tutorial_objectstorage
[2025-10-09T19:03:20.818+0000] {logging_mixin.py:190} INFO - [2025-10-09T19:03:20.817+0000] {override.py:1858} INFO - Created Permission View: can read on DAG:tutorial_objectstorage
[2025-10-09T19:03:20.823+0000] {logging_mixin.py:190} INFO - [2025-10-09T19:03:20.822+0000] {dag.py:3211} INFO - Sync 1 DAGs
[2025-10-09T19:03:20.970+0000] {logging_mixin.py:190} INFO - [2025-10-09T19:03:20.968+0000] {dag.py:3234} INFO - Creating ORM DAG for tutorial_objectstorage
[2025-10-09T19:03:20.976+0000] {logging_mixin.py:190} INFO - [2025-10-09T19:03:20.975+0000] {dag.py:4138} INFO - Setting next_dagrun for tutorial_objectstorage to None, run_after=None
[2025-10-09T19:03:21.132+0000] {processor.py:208} INFO - Processing /home/airflow/.local/lib/python3.12/site-packages/airflow/example_dags/tutorial_objectstorage.py took 1.638 seconds
[2025-10-09T19:04:22.587+0000] {processor.py:186} INFO - Started process (PID=240) to work on /home/airflow/.local/lib/python3.12/site-packages/airflow/example_dags/tutorial_objectstorage.py
[2025-10-09T19:04:22.605+0000] {processor.py:914} INFO - Processing file /home/airflow/.local/lib/python3.12/site-packages/airflow/example_dags/tutorial_objectstorage.py for tasks to queue
[2025-10-09T19:04:22.630+0000] {logging_mixin.py:190} INFO - [2025-10-09T19:04:22.627+0000] {dagbag.py:587} INFO - Filling up the DagBag from /home/airflow/.local/lib/python3.12/site-packages/airflow/example_dags/tutorial_objectstorage.py
[2025-10-09T19:04:22.742+0000] {processor.py:925} INFO - DAG(s) 'tutorial_objectstorage' retrieved from /home/airflow/.local/lib/python3.12/site-packages/airflow/example_dags/tutorial_objectstorage.py
[2025-10-09T19:04:22.880+0000] {logging_mixin.py:190} INFO - [2025-10-09T19:04:22.878+0000] {dag.py:3211} INFO - Sync 1 DAGs
[2025-10-09T19:04:22.983+0000] {logging_mixin.py:190} INFO - [2025-10-09T19:04:22.981+0000] {dag.py:4138} INFO - Setting next_dagrun for tutorial_objectstorage to None, run_after=None
[2025-10-09T19:04:23.100+0000] {processor.py:208} INFO - Processing /home/airflow/.local/lib/python3.12/site-packages/airflow/example_dags/tutorial_objectstorage.py took 0.625 seconds
[2025-10-09T19:05:03.063+0000] {processor.py:186} INFO - Started process (PID=303) to work on /home/airflow/.local/lib/python3.12/site-packages/airflow/example_dags/tutorial_objectstorage.py
[2025-10-09T19:05:03.074+0000] {processor.py:914} INFO - Processing file /home/airflow/.local/lib/python3.12/site-packages/airflow/example_dags/tutorial_objectstorage.py for tasks to queue
[2025-10-09T19:05:03.111+0000] {logging_mixin.py:190} INFO - [2025-10-09T19:05:03.109+0000] {dagbag.py:587} INFO - Filling up the DagBag from /home/airflow/.local/lib/python3.12/site-packages/airflow/example_dags/tutorial_objectstorage.py
[2025-10-09T19:05:03.225+0000] {processor.py:925} INFO - DAG(s) 'tutorial_objectstorage' retrieved from /home/airflow/.local/lib/python3.12/site-packages/airflow/example_dags/tutorial_objectstorage.py
[2025-10-09T19:05:03.461+0000] {logging_mixin.py:190} INFO - [2025-10-09T19:05:03.451+0000] {dag.py:3211} INFO - Sync 1 DAGs
[2025-10-09T19:05:03.641+0000] {logging_mixin.py:190} INFO - [2025-10-09T19:05:03.640+0000] {dag.py:4138} INFO - Setting next_dagrun for tutorial_objectstorage to None, run_after=None
[2025-10-09T19:05:03.925+0000] {processor.py:208} INFO - Processing /home/airflow/.local/lib/python3.12/site-packages/airflow/example_dags/tutorial_objectstorage.py took 0.944 seconds
[2025-10-09T19:05:51.335+0000] {processor.py:186} INFO - Started process (PID=373) to work on /home/airflow/.local/lib/python3.12/site-packages/airflow/example_dags/tutorial_objectstorage.py
[2025-10-09T19:05:51.343+0000] {processor.py:914} INFO - Processing file /home/airflow/.local/lib/python3.12/site-packages/airflow/example_dags/tutorial_objectstorage.py for tasks to queue
[2025-10-09T19:05:51.358+0000] {logging_mixin.py:190} INFO - [2025-10-09T19:05:51.356+0000] {dagbag.py:587} INFO - Filling up the DagBag from /home/airflow/.local/lib/python3.12/site-packages/airflow/example_dags/tutorial_objectstorage.py
[2025-10-09T19:05:51.454+0000] {processor.py:925} INFO - DAG(s) 'tutorial_objectstorage' retrieved from /home/airflow/.local/lib/python3.12/site-packages/airflow/example_dags/tutorial_objectstorage.py
[2025-10-09T19:05:51.582+0000] {logging_mixin.py:190} INFO - [2025-10-09T19:05:51.580+0000] {dag.py:3211} INFO - Sync 1 DAGs
[2025-10-09T19:05:51.721+0000] {logging_mixin.py:190} INFO - [2025-10-09T19:05:51.720+0000] {dag.py:4138} INFO - Setting next_dagrun for tutorial_objectstorage to None, run_after=None
[2025-10-09T19:05:51.960+0000] {processor.py:208} INFO - Processing /home/airflow/.local/lib/python3.12/site-packages/airflow/example_dags/tutorial_objectstorage.py took 0.672 seconds
[2025-10-09T19:06:32.019+0000] {processor.py:186} INFO - Started process (PID=438) to work on /home/airflow/.local/lib/python3.12/site-packages/airflow/example_dags/tutorial_objectstorage.py
[2025-10-09T19:06:32.026+0000] {processor.py:914} INFO - Processing file /home/airflow/.local/lib/python3.12/site-packages/airflow/example_dags/tutorial_objectstorage.py for tasks to queue
[2025-10-09T19:06:32.045+0000] {logging_mixin.py:190} INFO - [2025-10-09T19:06:32.040+0000] {dagbag.py:587} INFO - Filling up the DagBag from /home/airflow/.local/lib/python3.12/site-packages/airflow/example_dags/tutorial_objectstorage.py
[2025-10-09T19:06:32.138+0000] {processor.py:925} INFO - DAG(s) 'tutorial_objectstorage' retrieved from /home/airflow/.local/lib/python3.12/site-packages/airflow/example_dags/tutorial_objectstorage.py
[2025-10-09T19:06:32.275+0000] {logging_mixin.py:190} INFO - [2025-10-09T19:06:32.273+0000] {dag.py:3211} INFO - Sync 1 DAGs
[2025-10-09T19:06:32.426+0000] {logging_mixin.py:190} INFO - [2025-10-09T19:06:32.425+0000] {dag.py:4138} INFO - Setting next_dagrun for tutorial_objectstorage to None, run_after=None
[2025-10-09T19:06:32.694+0000] {processor.py:208} INFO - Processing /home/airflow/.local/lib/python3.12/site-packages/airflow/example_dags/tutorial_objectstorage.py took 0.723 seconds
[2025-10-09T19:07:04.559+0000] {processor.py:186} INFO - Started process (PID=504) to work on /home/airflow/.local/lib/python3.12/site-packages/airflow/example_dags/tutorial_objectstorage.py
[2025-10-09T19:07:04.564+0000] {processor.py:914} INFO - Processing file /home/airflow/.local/lib/python3.12/site-packages/airflow/example_dags/tutorial_objectstorage.py for tasks to queue
[2025-10-09T19:07:04.581+0000] {logging_mixin.py:190} INFO - [2025-10-09T19:07:04.578+0000] {dagbag.py:587} INFO - Filling up the DagBag from /home/airflow/.local/lib/python3.12/site-packages/airflow/example_dags/tutorial_objectstorage.py
[2025-10-09T19:07:04.639+0000] {processor.py:925} INFO - DAG(s) 'tutorial_objectstorage' retrieved from /home/airflow/.local/lib/python3.12/site-packages/airflow/example_dags/tutorial_objectstorage.py
[2025-10-09T19:07:04.756+0000] {logging_mixin.py:190} INFO - [2025-10-09T19:07:04.755+0000] {dag.py:3211} INFO - Sync 1 DAGs
[2025-10-09T19:07:04.838+0000] {logging_mixin.py:190} INFO - [2025-10-09T19:07:04.837+0000] {dag.py:4138} INFO - Setting next_dagrun for tutorial_objectstorage to None, run_after=None
[2025-10-09T19:07:04.941+0000] {processor.py:208} INFO - Processing /home/airflow/.local/lib/python3.12/site-packages/airflow/example_dags/tutorial_objectstorage.py took 0.416 seconds
[2025-10-09T19:14:05.394+0000] {processor.py:186} INFO - Started process (PID=101) to work on /home/airflow/.local/lib/python3.12/site-packages/airflow/example_dags/tutorial_objectstorage.py
[2025-10-09T19:14:05.398+0000] {processor.py:914} INFO - Processing file /home/airflow/.local/lib/python3.12/site-packages/airflow/example_dags/tutorial_objectstorage.py for tasks to queue
[2025-10-09T19:14:05.405+0000] {logging_mixin.py:190} INFO - [2025-10-09T19:14:05.404+0000] {dagbag.py:587} INFO - Filling up the DagBag from /home/airflow/.local/lib/python3.12/site-packages/airflow/example_dags/tutorial_objectstorage.py
[2025-10-09T19:14:05.437+0000] {processor.py:925} INFO - DAG(s) 'tutorial_objectstorage' retrieved from /home/airflow/.local/lib/python3.12/site-packages/airflow/example_dags/tutorial_objectstorage.py
[2025-10-09T19:14:05.504+0000] {logging_mixin.py:190} INFO - [2025-10-09T19:14:05.503+0000] {dag.py:3211} INFO - Sync 1 DAGs
[2025-10-09T19:14:05.552+0000] {logging_mixin.py:190} INFO - [2025-10-09T19:14:05.551+0000] {dag.py:4138} INFO - Setting next_dagrun for tutorial_objectstorage to None, run_after=None
[2025-10-09T19:14:05.619+0000] {processor.py:208} INFO - Processing /home/airflow/.local/lib/python3.12/site-packages/airflow/example_dags/tutorial_objectstorage.py took 0.242 seconds
[2025-10-09T19:14:36.254+0000] {processor.py:186} INFO - Started process (PID=164) to work on /home/airflow/.local/lib/python3.12/site-packages/airflow/example_dags/tutorial_objectstorage.py
[2025-10-09T19:14:36.257+0000] {processor.py:914} INFO - Processing file /home/airflow/.local/lib/python3.12/site-packages/airflow/example_dags/tutorial_objectstorage.py for tasks to queue
[2025-10-09T19:14:36.264+0000] {logging_mixin.py:190} INFO - [2025-10-09T19:14:36.263+0000] {dagbag.py:587} INFO - Filling up the DagBag from /home/airflow/.local/lib/python3.12/site-packages/airflow/example_dags/tutorial_objectstorage.py
[2025-10-09T19:14:36.293+0000] {processor.py:925} INFO - DAG(s) 'tutorial_objectstorage' retrieved from /home/airflow/.local/lib/python3.12/site-packages/airflow/example_dags/tutorial_objectstorage.py
[2025-10-09T19:14:36.350+0000] {logging_mixin.py:190} INFO - [2025-10-09T19:14:36.349+0000] {dag.py:3211} INFO - Sync 1 DAGs
[2025-10-09T19:14:36.402+0000] {logging_mixin.py:190} INFO - [2025-10-09T19:14:36.401+0000] {dag.py:4138} INFO - Setting next_dagrun for tutorial_objectstorage to None, run_after=None
[2025-10-09T19:14:36.461+0000] {processor.py:208} INFO - Processing /home/airflow/.local/lib/python3.12/site-packages/airflow/example_dags/tutorial_objectstorage.py took 0.234 seconds
[2025-10-09T19:15:06.775+0000] {processor.py:186} INFO - Started process (PID=228) to work on /home/airflow/.local/lib/python3.12/site-packages/airflow/example_dags/tutorial_objectstorage.py
[2025-10-09T19:15:06.778+0000] {processor.py:914} INFO - Processing file /home/airflow/.local/lib/python3.12/site-packages/airflow/example_dags/tutorial_objectstorage.py for tasks to queue
[2025-10-09T19:15:06.787+0000] {logging_mixin.py:190} INFO - [2025-10-09T19:15:06.786+0000] {dagbag.py:587} INFO - Filling up the DagBag from /home/airflow/.local/lib/python3.12/site-packages/airflow/example_dags/tutorial_objectstorage.py
[2025-10-09T19:15:06.824+0000] {processor.py:925} INFO - DAG(s) 'tutorial_objectstorage' retrieved from /home/airflow/.local/lib/python3.12/site-packages/airflow/example_dags/tutorial_objectstorage.py
[2025-10-09T19:15:06.881+0000] {logging_mixin.py:190} INFO - [2025-10-09T19:15:06.881+0000] {dag.py:3211} INFO - Sync 1 DAGs
[2025-10-09T19:15:06.912+0000] {logging_mixin.py:190} INFO - [2025-10-09T19:15:06.912+0000] {dag.py:4138} INFO - Setting next_dagrun for tutorial_objectstorage to None, run_after=None
[2025-10-09T19:15:06.951+0000] {processor.py:208} INFO - Processing /home/airflow/.local/lib/python3.12/site-packages/airflow/example_dags/tutorial_objectstorage.py took 0.195 seconds
[2025-10-09T19:15:37.328+0000] {processor.py:186} INFO - Started process (PID=290) to work on /home/airflow/.local/lib/python3.12/site-packages/airflow/example_dags/tutorial_objectstorage.py
[2025-10-09T19:15:37.332+0000] {processor.py:914} INFO - Processing file /home/airflow/.local/lib/python3.12/site-packages/airflow/example_dags/tutorial_objectstorage.py for tasks to queue
[2025-10-09T19:15:37.340+0000] {logging_mixin.py:190} INFO - [2025-10-09T19:15:37.339+0000] {dagbag.py:587} INFO - Filling up the DagBag from /home/airflow/.local/lib/python3.12/site-packages/airflow/example_dags/tutorial_objectstorage.py
[2025-10-09T19:15:37.371+0000] {processor.py:925} INFO - DAG(s) 'tutorial_objectstorage' retrieved from /home/airflow/.local/lib/python3.12/site-packages/airflow/example_dags/tutorial_objectstorage.py
[2025-10-09T19:15:37.520+0000] {logging_mixin.py:190} INFO - [2025-10-09T19:15:37.519+0000] {dag.py:3211} INFO - Sync 1 DAGs
[2025-10-09T19:15:37.632+0000] {logging_mixin.py:190} INFO - [2025-10-09T19:15:37.631+0000] {dag.py:4138} INFO - Setting next_dagrun for tutorial_objectstorage to None, run_after=None
[2025-10-09T19:15:37.720+0000] {processor.py:208} INFO - Processing /home/airflow/.local/lib/python3.12/site-packages/airflow/example_dags/tutorial_objectstorage.py took 0.407 seconds
[2025-10-09T19:16:09.956+0000] {processor.py:186} INFO - Started process (PID=353) to work on /home/airflow/.local/lib/python3.12/site-packages/airflow/example_dags/tutorial_objectstorage.py
[2025-10-09T19:16:10.012+0000] {processor.py:914} INFO - Processing file /home/airflow/.local/lib/python3.12/site-packages/airflow/example_dags/tutorial_objectstorage.py for tasks to queue
[2025-10-09T19:16:10.085+0000] {logging_mixin.py:190} INFO - [2025-10-09T19:16:10.069+0000] {dagbag.py:587} INFO - Filling up the DagBag from /home/airflow/.local/lib/python3.12/site-packages/airflow/example_dags/tutorial_objectstorage.py
[2025-10-09T19:16:10.356+0000] {processor.py:925} INFO - DAG(s) 'tutorial_objectstorage' retrieved from /home/airflow/.local/lib/python3.12/site-packages/airflow/example_dags/tutorial_objectstorage.py
[2025-10-09T19:16:11.792+0000] {logging_mixin.py:190} INFO - [2025-10-09T19:16:11.788+0000] {dag.py:3211} INFO - Sync 1 DAGs
[2025-10-09T19:16:12.578+0000] {logging_mixin.py:190} INFO - [2025-10-09T19:16:12.568+0000] {dag.py:4138} INFO - Setting next_dagrun for tutorial_objectstorage to None, run_after=None
[2025-10-09T19:16:13.487+0000] {processor.py:208} INFO - Processing /home/airflow/.local/lib/python3.12/site-packages/airflow/example_dags/tutorial_objectstorage.py took 3.711 seconds
[2025-10-09T19:19:21.200+0000] {processor.py:186} INFO - Started process (PID=451) to work on /home/airflow/.local/lib/python3.12/site-packages/airflow/example_dags/tutorial_objectstorage.py
[2025-10-09T19:19:21.249+0000] {processor.py:914} INFO - Processing file /home/airflow/.local/lib/python3.12/site-packages/airflow/example_dags/tutorial_objectstorage.py for tasks to queue
[2025-10-09T19:19:22.169+0000] {logging_mixin.py:190} INFO - [2025-10-09T19:19:22.045+0000] {dagbag.py:587} INFO - Filling up the DagBag from /home/airflow/.local/lib/python3.12/site-packages/airflow/example_dags/tutorial_objectstorage.py
[2025-10-09T19:19:23.290+0000] {processor.py:925} INFO - DAG(s) 'tutorial_objectstorage' retrieved from /home/airflow/.local/lib/python3.12/site-packages/airflow/example_dags/tutorial_objectstorage.py
[2025-10-09T19:19:24.307+0000] {logging_mixin.py:190} INFO - [2025-10-09T19:19:24.294+0000] {dag.py:3211} INFO - Sync 1 DAGs
[2025-10-09T19:19:25.211+0000] {logging_mixin.py:190} INFO - [2025-10-09T19:19:25.209+0000] {dag.py:4138} INFO - Setting next_dagrun for tutorial_objectstorage to None, run_after=None
[2025-10-09T19:19:26.309+0000] {processor.py:208} INFO - Processing /home/airflow/.local/lib/python3.12/site-packages/airflow/example_dags/tutorial_objectstorage.py took 6.976 seconds
