[2025-10-09T19:02:25.019+0000] {processor.py:186} INFO - Started process (PID=137) to work on /home/airflow/.local/lib/python3.12/site-packages/airflow/example_dags/tutorial_taskflow_api.py
[2025-10-09T19:02:25.251+0000] {processor.py:914} INFO - Processing file /home/airflow/.local/lib/python3.12/site-packages/airflow/example_dags/tutorial_taskflow_api.py for tasks to queue
[2025-10-09T19:02:25.695+0000] {logging_mixin.py:190} INFO - [2025-10-09T19:02:25.678+0000] {dagbag.py:587} INFO - Filling up the DagBag from /home/airflow/.local/lib/python3.12/site-packages/airflow/example_dags/tutorial_taskflow_api.py
[2025-10-09T19:02:26.770+0000] {processor.py:925} INFO - DAG(s) 'tutorial_taskflow_api' retrieved from /home/airflow/.local/lib/python3.12/site-packages/airflow/example_dags/tutorial_taskflow_api.py
[2025-10-09T19:02:29.513+0000] {logging_mixin.py:190} INFO - [2025-10-09T19:02:29.490+0000] {override.py:1858} INFO - Created Permission View: can edit on DAG:tutorial_taskflow_api
[2025-10-09T19:02:29.780+0000] {logging_mixin.py:190} INFO - [2025-10-09T19:02:29.779+0000] {override.py:1858} INFO - Created Permission View: can delete on DAG:tutorial_taskflow_api
[2025-10-09T19:02:29.945+0000] {logging_mixin.py:190} INFO - [2025-10-09T19:02:29.943+0000] {override.py:1858} INFO - Created Permission View: can read on DAG:tutorial_taskflow_api
[2025-10-09T19:02:29.964+0000] {logging_mixin.py:190} INFO - [2025-10-09T19:02:29.963+0000] {dag.py:3211} INFO - Sync 1 DAGs
[2025-10-09T19:02:30.636+0000] {logging_mixin.py:190} INFO - [2025-10-09T19:02:30.635+0000] {dag.py:3234} INFO - Creating ORM DAG for tutorial_taskflow_api
[2025-10-09T19:02:30.693+0000] {logging_mixin.py:190} INFO - [2025-10-09T19:02:30.688+0000] {dag.py:4138} INFO - Setting next_dagrun for tutorial_taskflow_api to None, run_after=None
[2025-10-09T19:02:31.120+0000] {processor.py:208} INFO - Processing /home/airflow/.local/lib/python3.12/site-packages/airflow/example_dags/tutorial_taskflow_api.py took 8.203 seconds
[2025-10-09T19:04:04.808+0000] {processor.py:186} INFO - Started process (PID=213) to work on /home/airflow/.local/lib/python3.12/site-packages/airflow/example_dags/tutorial_taskflow_api.py
[2025-10-09T19:04:04.817+0000] {processor.py:914} INFO - Processing file /home/airflow/.local/lib/python3.12/site-packages/airflow/example_dags/tutorial_taskflow_api.py for tasks to queue
[2025-10-09T19:04:04.837+0000] {logging_mixin.py:190} INFO - [2025-10-09T19:04:04.835+0000] {dagbag.py:587} INFO - Filling up the DagBag from /home/airflow/.local/lib/python3.12/site-packages/airflow/example_dags/tutorial_taskflow_api.py
[2025-10-09T19:04:04.937+0000] {processor.py:925} INFO - DAG(s) 'tutorial_taskflow_api' retrieved from /home/airflow/.local/lib/python3.12/site-packages/airflow/example_dags/tutorial_taskflow_api.py
[2025-10-09T19:04:05.156+0000] {logging_mixin.py:190} INFO - [2025-10-09T19:04:05.155+0000] {dag.py:3211} INFO - Sync 1 DAGs
[2025-10-09T19:04:05.341+0000] {logging_mixin.py:190} INFO - [2025-10-09T19:04:05.339+0000] {dag.py:4138} INFO - Setting next_dagrun for tutorial_taskflow_api to None, run_after=None
[2025-10-09T19:04:05.494+0000] {processor.py:208} INFO - Processing /home/airflow/.local/lib/python3.12/site-packages/airflow/example_dags/tutorial_taskflow_api.py took 0.778 seconds
[2025-10-09T19:04:41.988+0000] {processor.py:186} INFO - Started process (PID=277) to work on /home/airflow/.local/lib/python3.12/site-packages/airflow/example_dags/tutorial_taskflow_api.py
[2025-10-09T19:04:41.995+0000] {processor.py:914} INFO - Processing file /home/airflow/.local/lib/python3.12/site-packages/airflow/example_dags/tutorial_taskflow_api.py for tasks to queue
[2025-10-09T19:04:42.027+0000] {logging_mixin.py:190} INFO - [2025-10-09T19:04:42.025+0000] {dagbag.py:587} INFO - Filling up the DagBag from /home/airflow/.local/lib/python3.12/site-packages/airflow/example_dags/tutorial_taskflow_api.py
[2025-10-09T19:04:42.120+0000] {processor.py:925} INFO - DAG(s) 'tutorial_taskflow_api' retrieved from /home/airflow/.local/lib/python3.12/site-packages/airflow/example_dags/tutorial_taskflow_api.py
[2025-10-09T19:04:42.364+0000] {logging_mixin.py:190} INFO - [2025-10-09T19:04:42.362+0000] {dag.py:3211} INFO - Sync 1 DAGs
[2025-10-09T19:04:42.569+0000] {logging_mixin.py:190} INFO - [2025-10-09T19:04:42.567+0000] {dag.py:4138} INFO - Setting next_dagrun for tutorial_taskflow_api to None, run_after=None
[2025-10-09T19:04:42.741+0000] {processor.py:208} INFO - Processing /home/airflow/.local/lib/python3.12/site-packages/airflow/example_dags/tutorial_taskflow_api.py took 0.863 seconds
[2025-10-09T19:05:35.285+0000] {processor.py:186} INFO - Started process (PID=346) to work on /home/airflow/.local/lib/python3.12/site-packages/airflow/example_dags/tutorial_taskflow_api.py
[2025-10-09T19:05:35.294+0000] {processor.py:914} INFO - Processing file /home/airflow/.local/lib/python3.12/site-packages/airflow/example_dags/tutorial_taskflow_api.py for tasks to queue
[2025-10-09T19:05:35.323+0000] {logging_mixin.py:190} INFO - [2025-10-09T19:05:35.317+0000] {dagbag.py:587} INFO - Filling up the DagBag from /home/airflow/.local/lib/python3.12/site-packages/airflow/example_dags/tutorial_taskflow_api.py
[2025-10-09T19:05:35.630+0000] {processor.py:925} INFO - DAG(s) 'tutorial_taskflow_api' retrieved from /home/airflow/.local/lib/python3.12/site-packages/airflow/example_dags/tutorial_taskflow_api.py
[2025-10-09T19:05:36.756+0000] {logging_mixin.py:190} INFO - [2025-10-09T19:05:36.754+0000] {dag.py:3211} INFO - Sync 1 DAGs
[2025-10-09T19:05:37.005+0000] {logging_mixin.py:190} INFO - [2025-10-09T19:05:37.004+0000] {dag.py:4138} INFO - Setting next_dagrun for tutorial_taskflow_api to None, run_after=None
[2025-10-09T19:05:37.310+0000] {processor.py:208} INFO - Processing /home/airflow/.local/lib/python3.12/site-packages/airflow/example_dags/tutorial_taskflow_api.py took 2.269 seconds
[2025-10-09T19:06:08.288+0000] {processor.py:186} INFO - Started process (PID=395) to work on /home/airflow/.local/lib/python3.12/site-packages/airflow/example_dags/tutorial_taskflow_api.py
[2025-10-09T19:06:08.294+0000] {processor.py:914} INFO - Processing file /home/airflow/.local/lib/python3.12/site-packages/airflow/example_dags/tutorial_taskflow_api.py for tasks to queue
[2025-10-09T19:06:08.310+0000] {logging_mixin.py:190} INFO - [2025-10-09T19:06:08.308+0000] {dagbag.py:587} INFO - Filling up the DagBag from /home/airflow/.local/lib/python3.12/site-packages/airflow/example_dags/tutorial_taskflow_api.py
[2025-10-09T19:06:08.373+0000] {processor.py:925} INFO - DAG(s) 'tutorial_taskflow_api' retrieved from /home/airflow/.local/lib/python3.12/site-packages/airflow/example_dags/tutorial_taskflow_api.py
[2025-10-09T19:06:08.594+0000] {logging_mixin.py:190} INFO - [2025-10-09T19:06:08.593+0000] {dag.py:3211} INFO - Sync 1 DAGs
[2025-10-09T19:06:08.736+0000] {logging_mixin.py:190} INFO - [2025-10-09T19:06:08.734+0000] {dag.py:4138} INFO - Setting next_dagrun for tutorial_taskflow_api to None, run_after=None
[2025-10-09T19:06:08.896+0000] {processor.py:208} INFO - Processing /home/airflow/.local/lib/python3.12/site-packages/airflow/example_dags/tutorial_taskflow_api.py took 0.650 seconds
[2025-10-09T19:06:41.341+0000] {processor.py:186} INFO - Started process (PID=453) to work on /home/airflow/.local/lib/python3.12/site-packages/airflow/example_dags/tutorial_taskflow_api.py
[2025-10-09T19:06:41.349+0000] {processor.py:914} INFO - Processing file /home/airflow/.local/lib/python3.12/site-packages/airflow/example_dags/tutorial_taskflow_api.py for tasks to queue
[2025-10-09T19:06:41.370+0000] {logging_mixin.py:190} INFO - [2025-10-09T19:06:41.366+0000] {dagbag.py:587} INFO - Filling up the DagBag from /home/airflow/.local/lib/python3.12/site-packages/airflow/example_dags/tutorial_taskflow_api.py
[2025-10-09T19:06:41.442+0000] {processor.py:925} INFO - DAG(s) 'tutorial_taskflow_api' retrieved from /home/airflow/.local/lib/python3.12/site-packages/airflow/example_dags/tutorial_taskflow_api.py
[2025-10-09T19:06:41.568+0000] {logging_mixin.py:190} INFO - [2025-10-09T19:06:41.567+0000] {dag.py:3211} INFO - Sync 1 DAGs
[2025-10-09T19:06:41.673+0000] {logging_mixin.py:190} INFO - [2025-10-09T19:06:41.671+0000] {dag.py:4138} INFO - Setting next_dagrun for tutorial_taskflow_api to None, run_after=None
[2025-10-09T19:06:41.848+0000] {processor.py:208} INFO - Processing /home/airflow/.local/lib/python3.12/site-packages/airflow/example_dags/tutorial_taskflow_api.py took 0.550 seconds
[2025-10-09T19:07:16.866+0000] {processor.py:186} INFO - Started process (PID=522) to work on /home/airflow/.local/lib/python3.12/site-packages/airflow/example_dags/tutorial_taskflow_api.py
[2025-10-09T19:07:16.911+0000] {processor.py:914} INFO - Processing file /home/airflow/.local/lib/python3.12/site-packages/airflow/example_dags/tutorial_taskflow_api.py for tasks to queue
[2025-10-09T19:07:16.948+0000] {logging_mixin.py:190} INFO - [2025-10-09T19:07:16.946+0000] {dagbag.py:587} INFO - Filling up the DagBag from /home/airflow/.local/lib/python3.12/site-packages/airflow/example_dags/tutorial_taskflow_api.py
[2025-10-09T19:07:17.049+0000] {processor.py:925} INFO - DAG(s) 'tutorial_taskflow_api' retrieved from /home/airflow/.local/lib/python3.12/site-packages/airflow/example_dags/tutorial_taskflow_api.py
[2025-10-09T19:07:17.286+0000] {logging_mixin.py:190} INFO - [2025-10-09T19:07:17.285+0000] {dag.py:3211} INFO - Sync 1 DAGs
[2025-10-09T19:07:17.552+0000] {logging_mixin.py:190} INFO - [2025-10-09T19:07:17.551+0000] {dag.py:4138} INFO - Setting next_dagrun for tutorial_taskflow_api to None, run_after=None
[2025-10-09T19:07:17.845+0000] {processor.py:208} INFO - Processing /home/airflow/.local/lib/python3.12/site-packages/airflow/example_dags/tutorial_taskflow_api.py took 1.105 seconds
[2025-10-09T19:13:56.474+0000] {processor.py:186} INFO - Started process (PID=81) to work on /home/airflow/.local/lib/python3.12/site-packages/airflow/example_dags/tutorial_taskflow_api.py
[2025-10-09T19:13:56.476+0000] {processor.py:914} INFO - Processing file /home/airflow/.local/lib/python3.12/site-packages/airflow/example_dags/tutorial_taskflow_api.py for tasks to queue
[2025-10-09T19:13:56.483+0000] {logging_mixin.py:190} INFO - [2025-10-09T19:13:56.482+0000] {dagbag.py:587} INFO - Filling up the DagBag from /home/airflow/.local/lib/python3.12/site-packages/airflow/example_dags/tutorial_taskflow_api.py
[2025-10-09T19:13:56.511+0000] {processor.py:925} INFO - DAG(s) 'tutorial_taskflow_api' retrieved from /home/airflow/.local/lib/python3.12/site-packages/airflow/example_dags/tutorial_taskflow_api.py
[2025-10-09T19:13:56.596+0000] {logging_mixin.py:190} INFO - [2025-10-09T19:13:56.595+0000] {dag.py:3211} INFO - Sync 1 DAGs
[2025-10-09T19:13:56.676+0000] {logging_mixin.py:190} INFO - [2025-10-09T19:13:56.675+0000] {dag.py:4138} INFO - Setting next_dagrun for tutorial_taskflow_api to None, run_after=None
[2025-10-09T19:13:56.906+0000] {processor.py:208} INFO - Processing /home/airflow/.local/lib/python3.12/site-packages/airflow/example_dags/tutorial_taskflow_api.py took 0.445 seconds
[2025-10-09T19:14:27.103+0000] {processor.py:186} INFO - Started process (PID=144) to work on /home/airflow/.local/lib/python3.12/site-packages/airflow/example_dags/tutorial_taskflow_api.py
[2025-10-09T19:14:27.107+0000] {processor.py:914} INFO - Processing file /home/airflow/.local/lib/python3.12/site-packages/airflow/example_dags/tutorial_taskflow_api.py for tasks to queue
[2025-10-09T19:14:27.113+0000] {logging_mixin.py:190} INFO - [2025-10-09T19:14:27.112+0000] {dagbag.py:587} INFO - Filling up the DagBag from /home/airflow/.local/lib/python3.12/site-packages/airflow/example_dags/tutorial_taskflow_api.py
[2025-10-09T19:14:27.138+0000] {processor.py:925} INFO - DAG(s) 'tutorial_taskflow_api' retrieved from /home/airflow/.local/lib/python3.12/site-packages/airflow/example_dags/tutorial_taskflow_api.py
[2025-10-09T19:14:27.182+0000] {logging_mixin.py:190} INFO - [2025-10-09T19:14:27.182+0000] {dag.py:3211} INFO - Sync 1 DAGs
[2025-10-09T19:14:27.212+0000] {logging_mixin.py:190} INFO - [2025-10-09T19:14:27.212+0000] {dag.py:4138} INFO - Setting next_dagrun for tutorial_taskflow_api to None, run_after=None
[2025-10-09T19:14:27.251+0000] {processor.py:208} INFO - Processing /home/airflow/.local/lib/python3.12/site-packages/airflow/example_dags/tutorial_taskflow_api.py took 0.162 seconds
[2025-10-09T19:14:57.870+0000] {processor.py:186} INFO - Started process (PID=208) to work on /home/airflow/.local/lib/python3.12/site-packages/airflow/example_dags/tutorial_taskflow_api.py
[2025-10-09T19:14:57.873+0000] {processor.py:914} INFO - Processing file /home/airflow/.local/lib/python3.12/site-packages/airflow/example_dags/tutorial_taskflow_api.py for tasks to queue
[2025-10-09T19:14:57.880+0000] {logging_mixin.py:190} INFO - [2025-10-09T19:14:57.879+0000] {dagbag.py:587} INFO - Filling up the DagBag from /home/airflow/.local/lib/python3.12/site-packages/airflow/example_dags/tutorial_taskflow_api.py
[2025-10-09T19:14:57.908+0000] {processor.py:925} INFO - DAG(s) 'tutorial_taskflow_api' retrieved from /home/airflow/.local/lib/python3.12/site-packages/airflow/example_dags/tutorial_taskflow_api.py
[2025-10-09T19:14:57.980+0000] {logging_mixin.py:190} INFO - [2025-10-09T19:14:57.979+0000] {dag.py:3211} INFO - Sync 1 DAGs
[2025-10-09T19:14:58.035+0000] {logging_mixin.py:190} INFO - [2025-10-09T19:14:58.035+0000] {dag.py:4138} INFO - Setting next_dagrun for tutorial_taskflow_api to None, run_after=None
[2025-10-09T19:14:58.093+0000] {processor.py:208} INFO - Processing /home/airflow/.local/lib/python3.12/site-packages/airflow/example_dags/tutorial_taskflow_api.py took 0.242 seconds
[2025-10-09T19:15:31.283+0000] {processor.py:186} INFO - Started process (PID=271) to work on /home/airflow/.local/lib/python3.12/site-packages/airflow/example_dags/tutorial_taskflow_api.py
[2025-10-09T19:15:31.285+0000] {processor.py:914} INFO - Processing file /home/airflow/.local/lib/python3.12/site-packages/airflow/example_dags/tutorial_taskflow_api.py for tasks to queue
[2025-10-09T19:15:31.294+0000] {logging_mixin.py:190} INFO - [2025-10-09T19:15:31.293+0000] {dagbag.py:587} INFO - Filling up the DagBag from /home/airflow/.local/lib/python3.12/site-packages/airflow/example_dags/tutorial_taskflow_api.py
[2025-10-09T19:15:31.323+0000] {processor.py:925} INFO - DAG(s) 'tutorial_taskflow_api' retrieved from /home/airflow/.local/lib/python3.12/site-packages/airflow/example_dags/tutorial_taskflow_api.py
[2025-10-09T19:15:31.442+0000] {logging_mixin.py:190} INFO - [2025-10-09T19:15:31.442+0000] {dag.py:3211} INFO - Sync 1 DAGs
[2025-10-09T19:15:31.563+0000] {logging_mixin.py:190} INFO - [2025-10-09T19:15:31.562+0000] {dag.py:4138} INFO - Setting next_dagrun for tutorial_taskflow_api to None, run_after=None
[2025-10-09T19:15:31.635+0000] {processor.py:208} INFO - Processing /home/airflow/.local/lib/python3.12/site-packages/airflow/example_dags/tutorial_taskflow_api.py took 0.376 seconds
[2025-10-09T19:16:02.474+0000] {processor.py:186} INFO - Started process (PID=335) to work on /home/airflow/.local/lib/python3.12/site-packages/airflow/example_dags/tutorial_taskflow_api.py
[2025-10-09T19:16:02.477+0000] {processor.py:914} INFO - Processing file /home/airflow/.local/lib/python3.12/site-packages/airflow/example_dags/tutorial_taskflow_api.py for tasks to queue
[2025-10-09T19:16:02.483+0000] {logging_mixin.py:190} INFO - [2025-10-09T19:16:02.482+0000] {dagbag.py:587} INFO - Filling up the DagBag from /home/airflow/.local/lib/python3.12/site-packages/airflow/example_dags/tutorial_taskflow_api.py
[2025-10-09T19:16:02.507+0000] {processor.py:925} INFO - DAG(s) 'tutorial_taskflow_api' retrieved from /home/airflow/.local/lib/python3.12/site-packages/airflow/example_dags/tutorial_taskflow_api.py
[2025-10-09T19:16:02.572+0000] {logging_mixin.py:190} INFO - [2025-10-09T19:16:02.571+0000] {dag.py:3211} INFO - Sync 1 DAGs
[2025-10-09T19:16:02.632+0000] {logging_mixin.py:190} INFO - [2025-10-09T19:16:02.631+0000] {dag.py:4138} INFO - Setting next_dagrun for tutorial_taskflow_api to None, run_after=None
[2025-10-09T19:16:02.696+0000] {processor.py:208} INFO - Processing /home/airflow/.local/lib/python3.12/site-packages/airflow/example_dags/tutorial_taskflow_api.py took 0.238 seconds
[2025-10-09T19:17:37.124+0000] {processor.py:186} INFO - Started process (PID=413) to work on /home/airflow/.local/lib/python3.12/site-packages/airflow/example_dags/tutorial_taskflow_api.py
[2025-10-09T19:17:37.195+0000] {processor.py:914} INFO - Processing file /home/airflow/.local/lib/python3.12/site-packages/airflow/example_dags/tutorial_taskflow_api.py for tasks to queue
[2025-10-09T19:17:37.276+0000] {logging_mixin.py:190} INFO - [2025-10-09T19:17:37.272+0000] {dagbag.py:587} INFO - Filling up the DagBag from /home/airflow/.local/lib/python3.12/site-packages/airflow/example_dags/tutorial_taskflow_api.py
[2025-10-09T19:17:37.557+0000] {processor.py:925} INFO - DAG(s) 'tutorial_taskflow_api' retrieved from /home/airflow/.local/lib/python3.12/site-packages/airflow/example_dags/tutorial_taskflow_api.py
[2025-10-09T19:17:38.375+0000] {logging_mixin.py:190} INFO - [2025-10-09T19:17:38.362+0000] {dag.py:3211} INFO - Sync 1 DAGs
[2025-10-09T19:17:39.089+0000] {logging_mixin.py:190} INFO - [2025-10-09T19:17:39.087+0000] {dag.py:4138} INFO - Setting next_dagrun for tutorial_taskflow_api to None, run_after=None
[2025-10-09T19:17:39.702+0000] {processor.py:208} INFO - Processing /home/airflow/.local/lib/python3.12/site-packages/airflow/example_dags/tutorial_taskflow_api.py took 3.106 seconds
[2025-10-09T19:20:36.266+0000] {processor.py:186} INFO - Started process (PID=484) to work on /home/airflow/.local/lib/python3.12/site-packages/airflow/example_dags/tutorial_taskflow_api.py
[2025-10-09T19:20:36.482+0000] {processor.py:914} INFO - Processing file /home/airflow/.local/lib/python3.12/site-packages/airflow/example_dags/tutorial_taskflow_api.py for tasks to queue
[2025-10-09T19:20:36.952+0000] {logging_mixin.py:190} INFO - [2025-10-09T19:20:36.936+0000] {dagbag.py:587} INFO - Filling up the DagBag from /home/airflow/.local/lib/python3.12/site-packages/airflow/example_dags/tutorial_taskflow_api.py
[2025-10-09T19:20:37.358+0000] {processor.py:925} INFO - DAG(s) 'tutorial_taskflow_api' retrieved from /home/airflow/.local/lib/python3.12/site-packages/airflow/example_dags/tutorial_taskflow_api.py
[2025-10-09T19:20:38.165+0000] {logging_mixin.py:190} INFO - [2025-10-09T19:20:38.163+0000] {dag.py:3211} INFO - Sync 1 DAGs
[2025-10-09T19:20:38.756+0000] {logging_mixin.py:190} INFO - [2025-10-09T19:20:38.743+0000] {dag.py:4138} INFO - Setting next_dagrun for tutorial_taskflow_api to None, run_after=None
[2025-10-09T19:20:39.567+0000] {processor.py:208} INFO - Processing /home/airflow/.local/lib/python3.12/site-packages/airflow/example_dags/tutorial_taskflow_api.py took 3.689 seconds
[2025-10-09T19:22:47.163+0000] {processor.py:186} INFO - Started process (PID=552) to work on /home/airflow/.local/lib/python3.12/site-packages/airflow/example_dags/tutorial_taskflow_api.py
[2025-10-09T19:22:47.368+0000] {processor.py:914} INFO - Processing file /home/airflow/.local/lib/python3.12/site-packages/airflow/example_dags/tutorial_taskflow_api.py for tasks to queue
[2025-10-09T19:22:47.603+0000] {logging_mixin.py:190} INFO - [2025-10-09T19:22:47.600+0000] {dagbag.py:587} INFO - Filling up the DagBag from /home/airflow/.local/lib/python3.12/site-packages/airflow/example_dags/tutorial_taskflow_api.py
[2025-10-09T19:22:47.895+0000] {processor.py:925} INFO - DAG(s) 'tutorial_taskflow_api' retrieved from /home/airflow/.local/lib/python3.12/site-packages/airflow/example_dags/tutorial_taskflow_api.py
[2025-10-09T19:22:48.990+0000] {logging_mixin.py:190} INFO - [2025-10-09T19:22:48.985+0000] {dag.py:3211} INFO - Sync 1 DAGs
[2025-10-09T19:22:50.317+0000] {logging_mixin.py:190} INFO - [2025-10-09T19:22:50.311+0000] {dag.py:4138} INFO - Setting next_dagrun for tutorial_taskflow_api to None, run_after=None
[2025-10-09T19:22:51.492+0000] {processor.py:208} INFO - Processing /home/airflow/.local/lib/python3.12/site-packages/airflow/example_dags/tutorial_taskflow_api.py took 5.039 seconds
