[2025-10-09T19:03:49.790+0000] {processor.py:186} INFO - Started process (PID=197) to work on /home/airflow/.local/lib/python3.12/site-packages/airflow/example_dags/tutorial_dag.py
[2025-10-09T19:03:49.805+0000] {processor.py:914} INFO - Processing file /home/airflow/.local/lib/python3.12/site-packages/airflow/example_dags/tutorial_dag.py for tasks to queue
[2025-10-09T19:03:49.834+0000] {logging_mixin.py:190} INFO - [2025-10-09T19:03:49.832+0000] {dagbag.py:587} INFO - Filling up the DagBag from /home/airflow/.local/lib/python3.12/site-packages/airflow/example_dags/tutorial_dag.py
[2025-10-09T19:03:49.927+0000] {processor.py:925} INFO - DAG(s) 'tutorial_dag' retrieved from /home/airflow/.local/lib/python3.12/site-packages/airflow/example_dags/tutorial_dag.py
[2025-10-09T19:03:51.617+0000] {logging_mixin.py:190} INFO - [2025-10-09T19:03:51.613+0000] {override.py:1858} INFO - Created Permission View: can edit on DAG:tutorial_dag
[2025-10-09T19:03:51.764+0000] {logging_mixin.py:190} INFO - [2025-10-09T19:03:51.763+0000] {override.py:1858} INFO - Created Permission View: can delete on DAG:tutorial_dag
[2025-10-09T19:03:51.876+0000] {logging_mixin.py:190} INFO - [2025-10-09T19:03:51.875+0000] {override.py:1858} INFO - Created Permission View: can read on DAG:tutorial_dag
[2025-10-09T19:03:51.885+0000] {logging_mixin.py:190} INFO - [2025-10-09T19:03:51.884+0000] {dag.py:3211} INFO - Sync 1 DAGs
[2025-10-09T19:03:52.108+0000] {logging_mixin.py:190} INFO - [2025-10-09T19:03:52.107+0000] {dag.py:3234} INFO - Creating ORM DAG for tutorial_dag
[2025-10-09T19:03:52.124+0000] {logging_mixin.py:190} INFO - [2025-10-09T19:03:52.123+0000] {dag.py:4138} INFO - Setting next_dagrun for tutorial_dag to None, run_after=None
[2025-10-09T19:03:52.344+0000] {processor.py:208} INFO - Processing /home/airflow/.local/lib/python3.12/site-packages/airflow/example_dags/tutorial_dag.py took 2.631 seconds
[2025-10-09T19:04:33.873+0000] {processor.py:186} INFO - Started process (PID=261) to work on /home/airflow/.local/lib/python3.12/site-packages/airflow/example_dags/tutorial_dag.py
[2025-10-09T19:04:33.879+0000] {processor.py:914} INFO - Processing file /home/airflow/.local/lib/python3.12/site-packages/airflow/example_dags/tutorial_dag.py for tasks to queue
[2025-10-09T19:04:33.894+0000] {logging_mixin.py:190} INFO - [2025-10-09T19:04:33.892+0000] {dagbag.py:587} INFO - Filling up the DagBag from /home/airflow/.local/lib/python3.12/site-packages/airflow/example_dags/tutorial_dag.py
[2025-10-09T19:04:33.937+0000] {processor.py:925} INFO - DAG(s) 'tutorial_dag' retrieved from /home/airflow/.local/lib/python3.12/site-packages/airflow/example_dags/tutorial_dag.py
[2025-10-09T19:04:34.074+0000] {logging_mixin.py:190} INFO - [2025-10-09T19:04:34.072+0000] {dag.py:3211} INFO - Sync 1 DAGs
[2025-10-09T19:04:34.180+0000] {logging_mixin.py:190} INFO - [2025-10-09T19:04:34.179+0000] {dag.py:4138} INFO - Setting next_dagrun for tutorial_dag to None, run_after=None
[2025-10-09T19:04:34.274+0000] {processor.py:208} INFO - Processing /home/airflow/.local/lib/python3.12/site-packages/airflow/example_dags/tutorial_dag.py took 0.439 seconds
[2025-10-09T19:05:27.618+0000] {processor.py:186} INFO - Started process (PID=339) to work on /home/airflow/.local/lib/python3.12/site-packages/airflow/example_dags/tutorial_dag.py
[2025-10-09T19:05:27.636+0000] {processor.py:914} INFO - Processing file /home/airflow/.local/lib/python3.12/site-packages/airflow/example_dags/tutorial_dag.py for tasks to queue
[2025-10-09T19:05:27.684+0000] {logging_mixin.py:190} INFO - [2025-10-09T19:05:27.671+0000] {dagbag.py:587} INFO - Filling up the DagBag from /home/airflow/.local/lib/python3.12/site-packages/airflow/example_dags/tutorial_dag.py
[2025-10-09T19:05:27.849+0000] {processor.py:925} INFO - DAG(s) 'tutorial_dag' retrieved from /home/airflow/.local/lib/python3.12/site-packages/airflow/example_dags/tutorial_dag.py
[2025-10-09T19:05:28.159+0000] {logging_mixin.py:190} INFO - [2025-10-09T19:05:28.156+0000] {dag.py:3211} INFO - Sync 1 DAGs
[2025-10-09T19:05:28.435+0000] {logging_mixin.py:190} INFO - [2025-10-09T19:05:28.432+0000] {dag.py:4138} INFO - Setting next_dagrun for tutorial_dag to None, run_after=None
[2025-10-09T19:05:28.727+0000] {processor.py:208} INFO - Processing /home/airflow/.local/lib/python3.12/site-packages/airflow/example_dags/tutorial_dag.py took 1.198 seconds
[2025-10-09T19:06:13.610+0000] {processor.py:186} INFO - Started process (PID=410) to work on /home/airflow/.local/lib/python3.12/site-packages/airflow/example_dags/tutorial_dag.py
[2025-10-09T19:06:13.626+0000] {processor.py:914} INFO - Processing file /home/airflow/.local/lib/python3.12/site-packages/airflow/example_dags/tutorial_dag.py for tasks to queue
[2025-10-09T19:06:13.667+0000] {logging_mixin.py:190} INFO - [2025-10-09T19:06:13.665+0000] {dagbag.py:587} INFO - Filling up the DagBag from /home/airflow/.local/lib/python3.12/site-packages/airflow/example_dags/tutorial_dag.py
[2025-10-09T19:06:13.770+0000] {processor.py:925} INFO - DAG(s) 'tutorial_dag' retrieved from /home/airflow/.local/lib/python3.12/site-packages/airflow/example_dags/tutorial_dag.py
[2025-10-09T19:06:14.034+0000] {logging_mixin.py:190} INFO - [2025-10-09T19:06:14.033+0000] {dag.py:3211} INFO - Sync 1 DAGs
[2025-10-09T19:06:14.266+0000] {logging_mixin.py:190} INFO - [2025-10-09T19:06:14.265+0000] {dag.py:4138} INFO - Setting next_dagrun for tutorial_dag to None, run_after=None
[2025-10-09T19:06:14.646+0000] {processor.py:208} INFO - Processing /home/airflow/.local/lib/python3.12/site-packages/airflow/example_dags/tutorial_dag.py took 1.166 seconds
[2025-10-09T19:06:50.567+0000] {processor.py:186} INFO - Started process (PID=474) to work on /home/airflow/.local/lib/python3.12/site-packages/airflow/example_dags/tutorial_dag.py
[2025-10-09T19:06:50.574+0000] {processor.py:914} INFO - Processing file /home/airflow/.local/lib/python3.12/site-packages/airflow/example_dags/tutorial_dag.py for tasks to queue
[2025-10-09T19:06:50.590+0000] {logging_mixin.py:190} INFO - [2025-10-09T19:06:50.588+0000] {dagbag.py:587} INFO - Filling up the DagBag from /home/airflow/.local/lib/python3.12/site-packages/airflow/example_dags/tutorial_dag.py
[2025-10-09T19:06:50.645+0000] {processor.py:925} INFO - DAG(s) 'tutorial_dag' retrieved from /home/airflow/.local/lib/python3.12/site-packages/airflow/example_dags/tutorial_dag.py
[2025-10-09T19:06:50.795+0000] {logging_mixin.py:190} INFO - [2025-10-09T19:06:50.793+0000] {dag.py:3211} INFO - Sync 1 DAGs
[2025-10-09T19:06:50.938+0000] {logging_mixin.py:190} INFO - [2025-10-09T19:06:50.934+0000] {dag.py:4138} INFO - Setting next_dagrun for tutorial_dag to None, run_after=None
[2025-10-09T19:06:51.107+0000] {processor.py:208} INFO - Processing /home/airflow/.local/lib/python3.12/site-packages/airflow/example_dags/tutorial_dag.py took 0.584 seconds
[2025-10-09T19:14:13.074+0000] {processor.py:186} INFO - Started process (PID=122) to work on /home/airflow/.local/lib/python3.12/site-packages/airflow/example_dags/tutorial_dag.py
[2025-10-09T19:14:13.077+0000] {processor.py:914} INFO - Processing file /home/airflow/.local/lib/python3.12/site-packages/airflow/example_dags/tutorial_dag.py for tasks to queue
[2025-10-09T19:14:13.084+0000] {logging_mixin.py:190} INFO - [2025-10-09T19:14:13.083+0000] {dagbag.py:587} INFO - Filling up the DagBag from /home/airflow/.local/lib/python3.12/site-packages/airflow/example_dags/tutorial_dag.py
[2025-10-09T19:14:13.108+0000] {processor.py:925} INFO - DAG(s) 'tutorial_dag' retrieved from /home/airflow/.local/lib/python3.12/site-packages/airflow/example_dags/tutorial_dag.py
[2025-10-09T19:14:13.169+0000] {logging_mixin.py:190} INFO - [2025-10-09T19:14:13.169+0000] {dag.py:3211} INFO - Sync 1 DAGs
[2025-10-09T19:14:13.213+0000] {logging_mixin.py:190} INFO - [2025-10-09T19:14:13.213+0000] {dag.py:4138} INFO - Setting next_dagrun for tutorial_dag to None, run_after=None
[2025-10-09T19:14:13.257+0000] {processor.py:208} INFO - Processing /home/airflow/.local/lib/python3.12/site-packages/airflow/example_dags/tutorial_dag.py took 0.200 seconds
[2025-10-09T19:14:43.506+0000] {processor.py:186} INFO - Started process (PID=185) to work on /home/airflow/.local/lib/python3.12/site-packages/airflow/example_dags/tutorial_dag.py
[2025-10-09T19:14:43.509+0000] {processor.py:914} INFO - Processing file /home/airflow/.local/lib/python3.12/site-packages/airflow/example_dags/tutorial_dag.py for tasks to queue
[2025-10-09T19:14:43.516+0000] {logging_mixin.py:190} INFO - [2025-10-09T19:14:43.515+0000] {dagbag.py:587} INFO - Filling up the DagBag from /home/airflow/.local/lib/python3.12/site-packages/airflow/example_dags/tutorial_dag.py
[2025-10-09T19:14:43.542+0000] {processor.py:925} INFO - DAG(s) 'tutorial_dag' retrieved from /home/airflow/.local/lib/python3.12/site-packages/airflow/example_dags/tutorial_dag.py
[2025-10-09T19:14:43.616+0000] {logging_mixin.py:190} INFO - [2025-10-09T19:14:43.615+0000] {dag.py:3211} INFO - Sync 1 DAGs
[2025-10-09T19:14:43.661+0000] {logging_mixin.py:190} INFO - [2025-10-09T19:14:43.660+0000] {dag.py:4138} INFO - Setting next_dagrun for tutorial_dag to None, run_after=None
[2025-10-09T19:14:43.716+0000] {processor.py:208} INFO - Processing /home/airflow/.local/lib/python3.12/site-packages/airflow/example_dags/tutorial_dag.py took 0.225 seconds
[2025-10-09T19:15:14.769+0000] {processor.py:186} INFO - Started process (PID=249) to work on /home/airflow/.local/lib/python3.12/site-packages/airflow/example_dags/tutorial_dag.py
[2025-10-09T19:15:14.778+0000] {processor.py:914} INFO - Processing file /home/airflow/.local/lib/python3.12/site-packages/airflow/example_dags/tutorial_dag.py for tasks to queue
[2025-10-09T19:15:14.787+0000] {logging_mixin.py:190} INFO - [2025-10-09T19:15:14.786+0000] {dagbag.py:587} INFO - Filling up the DagBag from /home/airflow/.local/lib/python3.12/site-packages/airflow/example_dags/tutorial_dag.py
[2025-10-09T19:15:14.819+0000] {processor.py:925} INFO - DAG(s) 'tutorial_dag' retrieved from /home/airflow/.local/lib/python3.12/site-packages/airflow/example_dags/tutorial_dag.py
[2025-10-09T19:15:14.887+0000] {logging_mixin.py:190} INFO - [2025-10-09T19:15:14.886+0000] {dag.py:3211} INFO - Sync 1 DAGs
[2025-10-09T19:15:14.928+0000] {logging_mixin.py:190} INFO - [2025-10-09T19:15:14.927+0000] {dag.py:4138} INFO - Setting next_dagrun for tutorial_dag to None, run_after=None
[2025-10-09T19:15:14.976+0000] {processor.py:208} INFO - Processing /home/airflow/.local/lib/python3.12/site-packages/airflow/example_dags/tutorial_dag.py took 0.229 seconds
[2025-10-09T19:15:45.835+0000] {processor.py:186} INFO - Started process (PID=312) to work on /home/airflow/.local/lib/python3.12/site-packages/airflow/example_dags/tutorial_dag.py
[2025-10-09T19:15:45.838+0000] {processor.py:914} INFO - Processing file /home/airflow/.local/lib/python3.12/site-packages/airflow/example_dags/tutorial_dag.py for tasks to queue
[2025-10-09T19:15:45.845+0000] {logging_mixin.py:190} INFO - [2025-10-09T19:15:45.844+0000] {dagbag.py:587} INFO - Filling up the DagBag from /home/airflow/.local/lib/python3.12/site-packages/airflow/example_dags/tutorial_dag.py
[2025-10-09T19:15:45.866+0000] {processor.py:925} INFO - DAG(s) 'tutorial_dag' retrieved from /home/airflow/.local/lib/python3.12/site-packages/airflow/example_dags/tutorial_dag.py
[2025-10-09T19:15:45.918+0000] {logging_mixin.py:190} INFO - [2025-10-09T19:15:45.918+0000] {dag.py:3211} INFO - Sync 1 DAGs
[2025-10-09T19:15:45.951+0000] {logging_mixin.py:190} INFO - [2025-10-09T19:15:45.950+0000] {dag.py:4138} INFO - Setting next_dagrun for tutorial_dag to None, run_after=None
[2025-10-09T19:15:45.999+0000] {processor.py:208} INFO - Processing /home/airflow/.local/lib/python3.12/site-packages/airflow/example_dags/tutorial_dag.py took 0.185 seconds
[2025-10-09T19:17:02.830+0000] {processor.py:186} INFO - Started process (PID=391) to work on /home/airflow/.local/lib/python3.12/site-packages/airflow/example_dags/tutorial_dag.py
[2025-10-09T19:17:02.916+0000] {processor.py:914} INFO - Processing file /home/airflow/.local/lib/python3.12/site-packages/airflow/example_dags/tutorial_dag.py for tasks to queue
[2025-10-09T19:17:03.013+0000] {logging_mixin.py:190} INFO - [2025-10-09T19:17:02.998+0000] {dagbag.py:587} INFO - Filling up the DagBag from /home/airflow/.local/lib/python3.12/site-packages/airflow/example_dags/tutorial_dag.py
[2025-10-09T19:17:03.216+0000] {processor.py:925} INFO - DAG(s) 'tutorial_dag' retrieved from /home/airflow/.local/lib/python3.12/site-packages/airflow/example_dags/tutorial_dag.py
[2025-10-09T19:17:03.643+0000] {logging_mixin.py:190} INFO - [2025-10-09T19:17:03.641+0000] {dag.py:3211} INFO - Sync 1 DAGs
[2025-10-09T19:17:04.169+0000] {logging_mixin.py:190} INFO - [2025-10-09T19:17:04.167+0000] {dag.py:4138} INFO - Setting next_dagrun for tutorial_dag to None, run_after=None
[2025-10-09T19:17:04.553+0000] {processor.py:208} INFO - Processing /home/airflow/.local/lib/python3.12/site-packages/airflow/example_dags/tutorial_dag.py took 1.945 seconds
[2025-10-09T19:22:13.934+0000] {processor.py:186} INFO - Started process (PID=530) to work on /home/airflow/.local/lib/python3.12/site-packages/airflow/example_dags/tutorial_dag.py
[2025-10-09T19:22:13.949+0000] {processor.py:914} INFO - Processing file /home/airflow/.local/lib/python3.12/site-packages/airflow/example_dags/tutorial_dag.py for tasks to queue
[2025-10-09T19:22:13.987+0000] {logging_mixin.py:190} INFO - [2025-10-09T19:22:13.983+0000] {dagbag.py:587} INFO - Filling up the DagBag from /home/airflow/.local/lib/python3.12/site-packages/airflow/example_dags/tutorial_dag.py
[2025-10-09T19:22:14.143+0000] {processor.py:925} INFO - DAG(s) 'tutorial_dag' retrieved from /home/airflow/.local/lib/python3.12/site-packages/airflow/example_dags/tutorial_dag.py
[2025-10-09T19:22:14.673+0000] {logging_mixin.py:190} INFO - [2025-10-09T19:22:14.672+0000] {dag.py:3211} INFO - Sync 1 DAGs
[2025-10-09T19:22:15.104+0000] {logging_mixin.py:190} INFO - [2025-10-09T19:22:15.103+0000] {dag.py:4138} INFO - Setting next_dagrun for tutorial_dag to None, run_after=None
[2025-10-09T19:22:15.736+0000] {processor.py:208} INFO - Processing /home/airflow/.local/lib/python3.12/site-packages/airflow/example_dags/tutorial_dag.py took 1.904 seconds
[2025-10-09T19:24:09.051+0000] {processor.py:186} INFO - Started process (PID=626) to work on /home/airflow/.local/lib/python3.12/site-packages/airflow/example_dags/tutorial_dag.py
[2025-10-09T19:24:09.082+0000] {processor.py:914} INFO - Processing file /home/airflow/.local/lib/python3.12/site-packages/airflow/example_dags/tutorial_dag.py for tasks to queue
[2025-10-09T19:24:09.104+0000] {logging_mixin.py:190} INFO - [2025-10-09T19:24:09.102+0000] {dagbag.py:587} INFO - Filling up the DagBag from /home/airflow/.local/lib/python3.12/site-packages/airflow/example_dags/tutorial_dag.py
[2025-10-09T19:24:09.216+0000] {processor.py:925} INFO - DAG(s) 'tutorial_dag' retrieved from /home/airflow/.local/lib/python3.12/site-packages/airflow/example_dags/tutorial_dag.py
[2025-10-09T19:24:09.833+0000] {logging_mixin.py:190} INFO - [2025-10-09T19:24:09.832+0000] {dag.py:3211} INFO - Sync 1 DAGs
[2025-10-09T19:24:09.964+0000] {logging_mixin.py:190} INFO - [2025-10-09T19:24:09.963+0000] {dag.py:4138} INFO - Setting next_dagrun for tutorial_dag to None, run_after=None
[2025-10-09T19:24:10.323+0000] {processor.py:208} INFO - Processing /home/airflow/.local/lib/python3.12/site-packages/airflow/example_dags/tutorial_dag.py took 1.359 seconds
[2025-10-09T19:24:40.490+0000] {processor.py:186} INFO - Started process (PID=687) to work on /home/airflow/.local/lib/python3.12/site-packages/airflow/example_dags/tutorial_dag.py
[2025-10-09T19:24:40.493+0000] {processor.py:914} INFO - Processing file /home/airflow/.local/lib/python3.12/site-packages/airflow/example_dags/tutorial_dag.py for tasks to queue
[2025-10-09T19:24:40.500+0000] {logging_mixin.py:190} INFO - [2025-10-09T19:24:40.498+0000] {dagbag.py:587} INFO - Filling up the DagBag from /home/airflow/.local/lib/python3.12/site-packages/airflow/example_dags/tutorial_dag.py
[2025-10-09T19:24:40.518+0000] {processor.py:925} INFO - DAG(s) 'tutorial_dag' retrieved from /home/airflow/.local/lib/python3.12/site-packages/airflow/example_dags/tutorial_dag.py
[2025-10-09T19:24:40.572+0000] {logging_mixin.py:190} INFO - [2025-10-09T19:24:40.571+0000] {dag.py:3211} INFO - Sync 1 DAGs
[2025-10-09T19:24:40.608+0000] {logging_mixin.py:190} INFO - [2025-10-09T19:24:40.608+0000] {dag.py:4138} INFO - Setting next_dagrun for tutorial_dag to None, run_after=None
[2025-10-09T19:24:40.658+0000] {processor.py:208} INFO - Processing /home/airflow/.local/lib/python3.12/site-packages/airflow/example_dags/tutorial_dag.py took 0.182 seconds
[2025-10-09T19:25:11.110+0000] {processor.py:186} INFO - Started process (PID=750) to work on /home/airflow/.local/lib/python3.12/site-packages/airflow/example_dags/tutorial_dag.py
[2025-10-09T19:25:11.115+0000] {processor.py:914} INFO - Processing file /home/airflow/.local/lib/python3.12/site-packages/airflow/example_dags/tutorial_dag.py for tasks to queue
[2025-10-09T19:25:11.133+0000] {logging_mixin.py:190} INFO - [2025-10-09T19:25:11.130+0000] {dagbag.py:587} INFO - Filling up the DagBag from /home/airflow/.local/lib/python3.12/site-packages/airflow/example_dags/tutorial_dag.py
[2025-10-09T19:25:11.174+0000] {processor.py:925} INFO - DAG(s) 'tutorial_dag' retrieved from /home/airflow/.local/lib/python3.12/site-packages/airflow/example_dags/tutorial_dag.py
[2025-10-09T19:25:11.287+0000] {logging_mixin.py:190} INFO - [2025-10-09T19:25:11.286+0000] {dag.py:3211} INFO - Sync 1 DAGs
[2025-10-09T19:25:11.362+0000] {logging_mixin.py:190} INFO - [2025-10-09T19:25:11.361+0000] {dag.py:4138} INFO - Setting next_dagrun for tutorial_dag to None, run_after=None
[2025-10-09T19:25:11.474+0000] {processor.py:208} INFO - Processing /home/airflow/.local/lib/python3.12/site-packages/airflow/example_dags/tutorial_dag.py took 0.400 seconds
[2025-10-09T19:25:43.505+0000] {processor.py:186} INFO - Started process (PID=814) to work on /home/airflow/.local/lib/python3.12/site-packages/airflow/example_dags/tutorial_dag.py
[2025-10-09T19:25:43.523+0000] {processor.py:914} INFO - Processing file /home/airflow/.local/lib/python3.12/site-packages/airflow/example_dags/tutorial_dag.py for tasks to queue
[2025-10-09T19:25:43.539+0000] {logging_mixin.py:190} INFO - [2025-10-09T19:25:43.538+0000] {dagbag.py:587} INFO - Filling up the DagBag from /home/airflow/.local/lib/python3.12/site-packages/airflow/example_dags/tutorial_dag.py
[2025-10-09T19:25:43.585+0000] {processor.py:925} INFO - DAG(s) 'tutorial_dag' retrieved from /home/airflow/.local/lib/python3.12/site-packages/airflow/example_dags/tutorial_dag.py
[2025-10-09T19:25:43.714+0000] {logging_mixin.py:190} INFO - [2025-10-09T19:25:43.713+0000] {dag.py:3211} INFO - Sync 1 DAGs
[2025-10-09T19:25:43.789+0000] {logging_mixin.py:190} INFO - [2025-10-09T19:25:43.788+0000] {dag.py:4138} INFO - Setting next_dagrun for tutorial_dag to None, run_after=None
[2025-10-09T19:25:43.918+0000] {processor.py:208} INFO - Processing /home/airflow/.local/lib/python3.12/site-packages/airflow/example_dags/tutorial_dag.py took 0.494 seconds
[2025-10-09T19:26:14.673+0000] {processor.py:186} INFO - Started process (PID=883) to work on /home/airflow/.local/lib/python3.12/site-packages/airflow/example_dags/tutorial_dag.py
[2025-10-09T19:26:14.682+0000] {processor.py:914} INFO - Processing file /home/airflow/.local/lib/python3.12/site-packages/airflow/example_dags/tutorial_dag.py for tasks to queue
[2025-10-09T19:26:14.704+0000] {logging_mixin.py:190} INFO - [2025-10-09T19:26:14.698+0000] {dagbag.py:587} INFO - Filling up the DagBag from /home/airflow/.local/lib/python3.12/site-packages/airflow/example_dags/tutorial_dag.py
[2025-10-09T19:26:14.762+0000] {processor.py:925} INFO - DAG(s) 'tutorial_dag' retrieved from /home/airflow/.local/lib/python3.12/site-packages/airflow/example_dags/tutorial_dag.py
[2025-10-09T19:26:14.920+0000] {logging_mixin.py:190} INFO - [2025-10-09T19:26:14.918+0000] {dag.py:3211} INFO - Sync 1 DAGs
[2025-10-09T19:26:15.009+0000] {logging_mixin.py:190} INFO - [2025-10-09T19:26:15.008+0000] {dag.py:4138} INFO - Setting next_dagrun for tutorial_dag to None, run_after=None
[2025-10-09T19:26:15.158+0000] {processor.py:208} INFO - Processing /home/airflow/.local/lib/python3.12/site-packages/airflow/example_dags/tutorial_dag.py took 0.529 seconds
[2025-10-09T19:26:46.029+0000] {processor.py:186} INFO - Started process (PID=946) to work on /home/airflow/.local/lib/python3.12/site-packages/airflow/example_dags/tutorial_dag.py
[2025-10-09T19:26:46.032+0000] {processor.py:914} INFO - Processing file /home/airflow/.local/lib/python3.12/site-packages/airflow/example_dags/tutorial_dag.py for tasks to queue
[2025-10-09T19:26:46.040+0000] {logging_mixin.py:190} INFO - [2025-10-09T19:26:46.039+0000] {dagbag.py:587} INFO - Filling up the DagBag from /home/airflow/.local/lib/python3.12/site-packages/airflow/example_dags/tutorial_dag.py
[2025-10-09T19:26:46.065+0000] {processor.py:925} INFO - DAG(s) 'tutorial_dag' retrieved from /home/airflow/.local/lib/python3.12/site-packages/airflow/example_dags/tutorial_dag.py
[2025-10-09T19:26:46.129+0000] {logging_mixin.py:190} INFO - [2025-10-09T19:26:46.128+0000] {dag.py:3211} INFO - Sync 1 DAGs
[2025-10-09T19:26:46.164+0000] {logging_mixin.py:190} INFO - [2025-10-09T19:26:46.164+0000] {dag.py:4138} INFO - Setting next_dagrun for tutorial_dag to None, run_after=None
[2025-10-09T19:26:46.211+0000] {processor.py:208} INFO - Processing /home/airflow/.local/lib/python3.12/site-packages/airflow/example_dags/tutorial_dag.py took 0.202 seconds
[2025-10-09T19:27:16.838+0000] {processor.py:186} INFO - Started process (PID=1009) to work on /home/airflow/.local/lib/python3.12/site-packages/airflow/example_dags/tutorial_dag.py
[2025-10-09T19:27:16.841+0000] {processor.py:914} INFO - Processing file /home/airflow/.local/lib/python3.12/site-packages/airflow/example_dags/tutorial_dag.py for tasks to queue
[2025-10-09T19:27:16.846+0000] {logging_mixin.py:190} INFO - [2025-10-09T19:27:16.845+0000] {dagbag.py:587} INFO - Filling up the DagBag from /home/airflow/.local/lib/python3.12/site-packages/airflow/example_dags/tutorial_dag.py
[2025-10-09T19:27:16.874+0000] {processor.py:925} INFO - DAG(s) 'tutorial_dag' retrieved from /home/airflow/.local/lib/python3.12/site-packages/airflow/example_dags/tutorial_dag.py
[2025-10-09T19:27:16.982+0000] {logging_mixin.py:190} INFO - [2025-10-09T19:27:16.980+0000] {dag.py:3211} INFO - Sync 1 DAGs
[2025-10-09T19:27:17.025+0000] {logging_mixin.py:190} INFO - [2025-10-09T19:27:17.025+0000] {dag.py:4138} INFO - Setting next_dagrun for tutorial_dag to None, run_after=None
[2025-10-09T19:27:17.075+0000] {processor.py:208} INFO - Processing /home/airflow/.local/lib/python3.12/site-packages/airflow/example_dags/tutorial_dag.py took 0.251 seconds
[2025-10-09T19:27:58.726+0000] {processor.py:186} INFO - Started process (PID=1072) to work on /home/airflow/.local/lib/python3.12/site-packages/airflow/example_dags/tutorial_dag.py
[2025-10-09T19:27:58.735+0000] {processor.py:914} INFO - Processing file /home/airflow/.local/lib/python3.12/site-packages/airflow/example_dags/tutorial_dag.py for tasks to queue
[2025-10-09T19:27:58.765+0000] {logging_mixin.py:190} INFO - [2025-10-09T19:27:58.762+0000] {dagbag.py:587} INFO - Filling up the DagBag from /home/airflow/.local/lib/python3.12/site-packages/airflow/example_dags/tutorial_dag.py
[2025-10-09T19:27:58.863+0000] {processor.py:925} INFO - DAG(s) 'tutorial_dag' retrieved from /home/airflow/.local/lib/python3.12/site-packages/airflow/example_dags/tutorial_dag.py
[2025-10-09T19:27:59.136+0000] {logging_mixin.py:190} INFO - [2025-10-09T19:27:59.135+0000] {dag.py:3211} INFO - Sync 1 DAGs
[2025-10-09T19:27:59.402+0000] {logging_mixin.py:190} INFO - [2025-10-09T19:27:59.399+0000] {dag.py:4138} INFO - Setting next_dagrun for tutorial_dag to None, run_after=None
[2025-10-09T19:27:59.633+0000] {processor.py:208} INFO - Processing /home/airflow/.local/lib/python3.12/site-packages/airflow/example_dags/tutorial_dag.py took 1.029 seconds
[2025-10-09T19:29:22.927+0000] {processor.py:186} INFO - Started process (PID=1167) to work on /home/airflow/.local/lib/python3.12/site-packages/airflow/example_dags/tutorial_dag.py
[2025-10-09T19:29:22.941+0000] {processor.py:914} INFO - Processing file /home/airflow/.local/lib/python3.12/site-packages/airflow/example_dags/tutorial_dag.py for tasks to queue
[2025-10-09T19:29:23.022+0000] {logging_mixin.py:190} INFO - [2025-10-09T19:29:23.010+0000] {dagbag.py:587} INFO - Filling up the DagBag from /home/airflow/.local/lib/python3.12/site-packages/airflow/example_dags/tutorial_dag.py
[2025-10-09T19:29:23.283+0000] {processor.py:925} INFO - DAG(s) 'tutorial_dag' retrieved from /home/airflow/.local/lib/python3.12/site-packages/airflow/example_dags/tutorial_dag.py
[2025-10-09T19:29:23.777+0000] {logging_mixin.py:190} INFO - [2025-10-09T19:29:23.775+0000] {dag.py:3211} INFO - Sync 1 DAGs
[2025-10-09T19:29:23.923+0000] {logging_mixin.py:190} INFO - [2025-10-09T19:29:23.922+0000] {dag.py:4138} INFO - Setting next_dagrun for tutorial_dag to None, run_after=None
[2025-10-09T19:29:24.070+0000] {processor.py:208} INFO - Processing /home/airflow/.local/lib/python3.12/site-packages/airflow/example_dags/tutorial_dag.py took 1.249 seconds
